2024-10-28 19:20:34 [INF] [Microsoft.AspNetCore.Hosting.Diagnostics] [22100] [54] - Request starting HTTP/1.1 GET http://127.0.0.1:5002/api/abp/application-configuration?_t=1730114434503 - null 0
2024-10-28 19:20:36 [INF] [Microsoft.AspNetCore.Authentication.JwtBearer.JwtBearerHandler] [22100] [54] - Failed to validate the token.
Microsoft.IdentityModel.Tokens.SecurityTokenExpiredException: IDX10223: Lifetime validation failed. The token is expired. ValidTo (UTC): '2024/10/25 下午8:24:43', Current time (UTC): '2024/10/28 上午11:20:36'.
   at Microsoft.IdentityModel.Tokens.ValidatorUtilities.ValidateLifetime(Nullable`1 notBefore, Nullable`1 expires, SecurityToken securityToken, TokenValidationParameters validationParameters)
   at Microsoft.IdentityModel.Tokens.Validators.ValidateLifetime(Nullable`1 notBefore, Nullable`1 expires, SecurityToken securityToken, TokenValidationParameters validationParameters)
   at Microsoft.IdentityModel.JsonWebTokens.JsonWebTokenHandler.ValidateTokenPayloadAsync(JsonWebToken jsonWebToken, TokenValidationParameters validationParameters, BaseConfiguration configuration)
   at Microsoft.IdentityModel.JsonWebTokens.JsonWebTokenHandler.ValidateJWSAsync(JsonWebToken jsonWebToken, TokenValidationParameters validationParameters, BaseConfiguration configuration)
2024-10-28 19:20:36 [INF] [Microsoft.AspNetCore.Authentication.JwtBearer.JwtBearerHandler] [22100] [54] - Bearer was not authenticated. Failure message: IDX10223: Lifetime validation failed. The token is expired. ValidTo (UTC): '2024/10/25 下午8:24:43', Current time (UTC): '2024/10/28 上午11:20:36'.
2024-10-28 19:20:36 [INF] [Microsoft.AspNetCore.Authentication.JwtBearer.JwtBearerHandler] [22100] [54] - Bearer was not authenticated. Failure message: IDX10223: Lifetime validation failed. The token is expired. ValidTo (UTC): '2024/10/25 下午8:24:43', Current time (UTC): '2024/10/28 上午11:20:36'.
2024-10-28 19:20:36 [INF] [Microsoft.AspNetCore.Routing.EndpointMiddleware] [22100] [54] - Executing endpoint 'Volo.Abp.AspNetCore.Mvc.ApplicationConfigurations.AbpApplicationConfigurationController.GetAsync (Volo.Abp.AspNetCore.Mvc)'
2024-10-28 19:20:36 [INF] [Microsoft.AspNetCore.Mvc.Infrastructure.ControllerActionInvoker] [22100] [54] - Route matched with {area = "abp", action = "Get", controller = "AbpApplicationConfiguration"}. Executing controller action with signature System.Threading.Tasks.Task`1[Volo.Abp.AspNetCore.Mvc.ApplicationConfigurations.ApplicationConfigurationDto] GetAsync(Volo.Abp.AspNetCore.Mvc.ApplicationConfigurations.ApplicationConfigurationRequestOptions) on controller Volo.Abp.AspNetCore.Mvc.ApplicationConfigurations.AbpApplicationConfigurationController (Volo.Abp.AspNetCore.Mvc).
2024-10-28 19:20:36 [INF] [Microsoft.AspNetCore.Mvc.Infrastructure.ControllerActionInvoker] [22100] [54] - Executing action method Volo.Abp.AspNetCore.Mvc.ApplicationConfigurations.AbpApplicationConfigurationController.GetAsync (Volo.Abp.AspNetCore.Mvc) - Validation state: "Valid"
2024-10-28 19:20:36 [WRN] [Microsoft.AspNetCore.Http.ResponseCookies] [22100] [54] - The cookie 'XSRF-TOKEN' has set 'SameSite=None' and must also set 'Secure'.
2024-10-28 19:20:37 [DBG] [Volo.Abp.AspNetCore.Mvc.ApplicationConfigurations.AbpApplicationConfigurationAppService] [22100] [54] - Executing AbpApplicationConfigurationAppService.GetAsync()...
2024-10-28 19:20:37 [INF] [Microsoft.EntityFrameworkCore.Database.Command] [22100] [70] - Executed DbCommand (4ms) [Parameters=[], CommandType='"Text"', CommandTimeout='30']
SELECT `a`.`Id`, `a`.`CreationTime`, `a`.`CreatorId`, `a`.`CultureName`, `a`.`DisplayName`, `a`.`Enable`, `a`.`LastModificationTime`, `a`.`LastModifierId`, `a`.`TwoLetterISOLanguageName`, `a`.`UiCultureName`
FROM `AbpLocalizationLanguages` AS `a`
WHERE `a`.`Enable`
2024-10-28 19:20:37 [INF] [Microsoft.EntityFrameworkCore.Database.Command] [22100] [54] - Executed DbCommand (1ms) [Parameters=[], CommandType='"Text"', CommandTimeout='30']
SELECT `a`.`Id`, `a`.`CreationTime`, `a`.`CreatorId`, `a`.`DefaultCultureName`, `a`.`Description`, `a`.`DisplayName`, `a`.`Enable`, `a`.`LastModificationTime`, `a`.`LastModifierId`, `a`.`Name`
FROM `AbpLocalizationResources` AS `a`
2024-10-28 19:20:37 [INF] [Microsoft.EntityFrameworkCore.Database.Command] [22100] [83] - Executed DbCommand (1ms) [Parameters=[], CommandType='"Text"', CommandTimeout='30']
SELECT `a`.`Id`, `a`.`CreationTime`, `a`.`CreatorId`, `a`.`CultureName`, `a`.`DisplayName`, `a`.`Enable`, `a`.`LastModificationTime`, `a`.`LastModifierId`, `a`.`TwoLetterISOLanguageName`, `a`.`UiCultureName`
FROM `AbpLocalizationLanguages` AS `a`
WHERE `a`.`Enable`
2024-10-28 19:20:38 [INF] [Microsoft.EntityFrameworkCore.Database.Command] [22100] [54] - Executed DbCommand (1ms) [Parameters=[], CommandType='"Text"', CommandTimeout='30']
SELECT `a`.`Id`, `a`.`CultureName`, `a`.`Key`, `a`.`ResourceName`, `a`.`Value`
FROM `AbpLocalizationTexts` AS `a`
2024-10-28 19:20:38 [DBG] [Volo.Abp.AspNetCore.Mvc.ApplicationConfigurations.AbpApplicationConfigurationAppService] [22100] [54] - Executed AbpApplicationConfigurationAppService.GetAsync().
2024-10-28 19:20:38 [INF] [Microsoft.AspNetCore.Mvc.Infrastructure.ControllerActionInvoker] [22100] [54] - Executed action method Volo.Abp.AspNetCore.Mvc.ApplicationConfigurations.AbpApplicationConfigurationController.GetAsync (Volo.Abp.AspNetCore.Mvc), returned result Microsoft.AspNetCore.Mvc.ObjectResult in 1396.2395ms.
2024-10-28 19:20:38 [DBG] [Volo.Abp.EntityFrameworkCore.AbpDbContext] [22100] [54] - Added 0 entity changes to the current audit log
2024-10-28 19:20:38 [INF] [Microsoft.AspNetCore.Mvc.Infrastructure.ObjectResultExecutor] [22100] [54] - Executing ObjectResult, writing value of type 'Volo.Abp.AspNetCore.Mvc.ApplicationConfigurations.ApplicationConfigurationDto'.
2024-10-28 19:20:38 [INF] [Microsoft.AspNetCore.Mvc.Infrastructure.ControllerActionInvoker] [22100] [70] - Executed action Volo.Abp.AspNetCore.Mvc.ApplicationConfigurations.AbpApplicationConfigurationController.GetAsync (Volo.Abp.AspNetCore.Mvc) in 1839.0376ms
2024-10-28 19:20:38 [INF] [Microsoft.AspNetCore.Routing.EndpointMiddleware] [22100] [70] - Executed endpoint 'Volo.Abp.AspNetCore.Mvc.ApplicationConfigurations.AbpApplicationConfigurationController.GetAsync (Volo.Abp.AspNetCore.Mvc)'
2024-10-28 19:20:38 [INF] [Microsoft.AspNetCore.Hosting.Diagnostics] [22100] [70] - Request finished HTTP/1.1 GET http://127.0.0.1:5002/api/abp/application-configuration?_t=1730114434503 - 200 52258 application/json; charset=utf-8 4079.9342ms
2024-10-28 19:20:41 [INF] [Microsoft.AspNetCore.Hosting.Diagnostics] [22100] [25] - Request starting HTTP/1.1 GET http://127.0.0.1:5002/api/abp/application-configuration?_t=1730114440043 - null 0
2024-10-28 19:20:41 [INF] [Microsoft.AspNetCore.Routing.EndpointMiddleware] [22100] [25] - Executing endpoint 'Volo.Abp.AspNetCore.Mvc.ApplicationConfigurations.AbpApplicationConfigurationController.GetAsync (Volo.Abp.AspNetCore.Mvc)'
2024-10-28 19:20:41 [INF] [Microsoft.AspNetCore.Mvc.Infrastructure.ControllerActionInvoker] [22100] [25] - Route matched with {area = "abp", action = "Get", controller = "AbpApplicationConfiguration"}. Executing controller action with signature System.Threading.Tasks.Task`1[Volo.Abp.AspNetCore.Mvc.ApplicationConfigurations.ApplicationConfigurationDto] GetAsync(Volo.Abp.AspNetCore.Mvc.ApplicationConfigurations.ApplicationConfigurationRequestOptions) on controller Volo.Abp.AspNetCore.Mvc.ApplicationConfigurations.AbpApplicationConfigurationController (Volo.Abp.AspNetCore.Mvc).
2024-10-28 19:20:41 [INF] [Microsoft.AspNetCore.Mvc.Infrastructure.ControllerActionInvoker] [22100] [25] - Executing action method Volo.Abp.AspNetCore.Mvc.ApplicationConfigurations.AbpApplicationConfigurationController.GetAsync (Volo.Abp.AspNetCore.Mvc) - Validation state: "Valid"
2024-10-28 19:20:41 [WRN] [Microsoft.AspNetCore.Http.ResponseCookies] [22100] [25] - The cookie 'XSRF-TOKEN' has set 'SameSite=None' and must also set 'Secure'.
2024-10-28 19:20:41 [DBG] [Volo.Abp.AspNetCore.Mvc.ApplicationConfigurations.AbpApplicationConfigurationAppService] [22100] [25] - Executing AbpApplicationConfigurationAppService.GetAsync()...
2024-10-28 19:20:41 [INF] [Microsoft.EntityFrameworkCore.Database.Command] [22100] [83] - Executed DbCommand (3ms) [Parameters=[], CommandType='"Text"', CommandTimeout='30']
SELECT `a`.`Id`, `a`.`CreationTime`, `a`.`CreatorId`, `a`.`CultureName`, `a`.`DisplayName`, `a`.`Enable`, `a`.`LastModificationTime`, `a`.`LastModifierId`, `a`.`TwoLetterISOLanguageName`, `a`.`UiCultureName`
FROM `AbpLocalizationLanguages` AS `a`
WHERE `a`.`Enable`
2024-10-28 19:20:41 [DBG] [Volo.Abp.AspNetCore.Mvc.ApplicationConfigurations.AbpApplicationConfigurationAppService] [22100] [83] - Executed AbpApplicationConfigurationAppService.GetAsync().
2024-10-28 19:20:41 [INF] [Microsoft.AspNetCore.Mvc.Infrastructure.ControllerActionInvoker] [22100] [83] - Executed action method Volo.Abp.AspNetCore.Mvc.ApplicationConfigurations.AbpApplicationConfigurationController.GetAsync (Volo.Abp.AspNetCore.Mvc), returned result Microsoft.AspNetCore.Mvc.ObjectResult in 164.3645ms.
2024-10-28 19:20:41 [DBG] [Volo.Abp.EntityFrameworkCore.AbpDbContext] [22100] [83] - Added 0 entity changes to the current audit log
2024-10-28 19:20:41 [INF] [Microsoft.AspNetCore.Mvc.Infrastructure.ObjectResultExecutor] [22100] [83] - Executing ObjectResult, writing value of type 'Volo.Abp.AspNetCore.Mvc.ApplicationConfigurations.ApplicationConfigurationDto'.
2024-10-28 19:20:42 [INF] [Microsoft.AspNetCore.Mvc.Infrastructure.ControllerActionInvoker] [22100] [83] - Executed action Volo.Abp.AspNetCore.Mvc.ApplicationConfigurations.AbpApplicationConfigurationController.GetAsync (Volo.Abp.AspNetCore.Mvc) in 248.0621ms
2024-10-28 19:20:42 [INF] [Microsoft.AspNetCore.Routing.EndpointMiddleware] [22100] [83] - Executed endpoint 'Volo.Abp.AspNetCore.Mvc.ApplicationConfigurations.AbpApplicationConfigurationController.GetAsync (Volo.Abp.AspNetCore.Mvc)'
2024-10-28 19:20:42 [INF] [Microsoft.AspNetCore.Hosting.Diagnostics] [22100] [83] - Request finished HTTP/1.1 GET http://127.0.0.1:5002/api/abp/application-configuration?_t=1730114440043 - 200 52258 application/json; charset=utf-8 407.0027ms
2024-10-28 19:20:45 [INF] [Microsoft.AspNetCore.Hosting.Diagnostics] [22100] [70] - Request starting HTTP/1.1 GET http://127.0.0.1:5002/api/abp/api-definition?_t=1730114444893 - null 0
2024-10-28 19:20:45 [INF] [Microsoft.AspNetCore.Routing.EndpointMiddleware] [22100] [70] - Executing endpoint 'Volo.Abp.AspNetCore.Mvc.ApiExploring.AbpApiDefinitionController.Get (Volo.Abp.AspNetCore.Mvc)'
2024-10-28 19:20:45 [INF] [Microsoft.AspNetCore.Mvc.Infrastructure.ControllerActionInvoker] [22100] [70] - Route matched with {area = "abp", action = "Get", controller = "AbpApiDefinition"}. Executing controller action with signature Volo.Abp.Http.Modeling.ApplicationApiDescriptionModel Get(Volo.Abp.Http.Modeling.ApplicationApiDescriptionModelRequestDto) on controller Volo.Abp.AspNetCore.Mvc.ApiExploring.AbpApiDefinitionController (Volo.Abp.AspNetCore.Mvc).
2024-10-28 19:20:45 [INF] [Microsoft.AspNetCore.Mvc.Infrastructure.ControllerActionInvoker] [22100] [70] - Executing action method Volo.Abp.AspNetCore.Mvc.ApiExploring.AbpApiDefinitionController.Get (Volo.Abp.AspNetCore.Mvc) - Validation state: "Valid"
2024-10-28 19:20:45 [DBG] [Volo.Abp.AspNetCore.Mvc.AspNetCoreApiDescriptionModelProvider] [22100] [70] - ActionApiDescriptionModel.Create: Language.GetListAsyncByInput
2024-10-28 19:20:45 [DBG] [Volo.Abp.AspNetCore.Mvc.AspNetCoreApiDescriptionModelProvider] [22100] [70] - ActionApiDescriptionModel.Create: Resource.GetListAsyncByInput
2024-10-28 19:20:45 [DBG] [Volo.Abp.AspNetCore.Mvc.AspNetCoreApiDescriptionModelProvider] [22100] [70] - ActionApiDescriptionModel.Create: Text.GetByCultureKeyAsyncByInput
2024-10-28 19:20:45 [DBG] [Volo.Abp.AspNetCore.Mvc.AspNetCoreApiDescriptionModelProvider] [22100] [70] - ActionApiDescriptionModel.Create: Text.GetListAsyncByInput
2024-10-28 19:20:45 [DBG] [Volo.Abp.AspNetCore.Mvc.AspNetCoreApiDescriptionModelProvider] [22100] [70] - ActionApiDescriptionModel.Create: Onboarding.GetListAsyncByInput
2024-10-28 19:20:45 [DBG] [Volo.Abp.AspNetCore.Mvc.AspNetCoreApiDescriptionModelProvider] [22100] [70] - ActionApiDescriptionModel.Create: Onboarding.CreateAsyncByWebhookEvent
2024-10-28 19:20:45 [DBG] [Volo.Abp.AspNetCore.Mvc.AspNetCoreApiDescriptionModelProvider] [22100] [70] - ActionApiDescriptionModel.Create: Onboarding.CompleteTaskAsyncByTaskIdAndCancellationToken
2024-10-28 19:20:45 [DBG] [Volo.Abp.AspNetCore.Mvc.AspNetCoreApiDescriptionModelProvider] [22100] [70] - ActionApiDescriptionModel.Create: AbpApplicationConfiguration.GetAsyncByOptions
2024-10-28 19:20:45 [DBG] [Volo.Abp.AspNetCore.Mvc.AspNetCoreApiDescriptionModelProvider] [22100] [70] - ActionApiDescriptionModel.Create: AbpApplicationLocalization.GetAsyncByInput
2024-10-28 19:20:45 [DBG] [Volo.Abp.AspNetCore.Mvc.AspNetCoreApiDescriptionModelProvider] [22100] [70] - ActionApiDescriptionModel.Create: AbpApiDefinition.GetByModel
2024-10-28 19:20:45 [INF] [Microsoft.AspNetCore.Mvc.Infrastructure.ControllerActionInvoker] [22100] [70] - Executed action method Volo.Abp.AspNetCore.Mvc.ApiExploring.AbpApiDefinitionController.Get (Volo.Abp.AspNetCore.Mvc), returned result Microsoft.AspNetCore.Mvc.ObjectResult in 191.7833ms.
2024-10-28 19:20:45 [INF] [Microsoft.AspNetCore.Mvc.Infrastructure.ObjectResultExecutor] [22100] [70] - Executing ObjectResult, writing value of type 'Volo.Abp.Http.Modeling.ApplicationApiDescriptionModel'.
2024-10-28 19:20:45 [INF] [Microsoft.AspNetCore.Mvc.Infrastructure.ControllerActionInvoker] [22100] [70] - Executed action Volo.Abp.AspNetCore.Mvc.ApiExploring.AbpApiDefinitionController.Get (Volo.Abp.AspNetCore.Mvc) in 389.6931ms
2024-10-28 19:20:45 [INF] [Microsoft.AspNetCore.Routing.EndpointMiddleware] [22100] [70] - Executed endpoint 'Volo.Abp.AspNetCore.Mvc.ApiExploring.AbpApiDefinitionController.Get (Volo.Abp.AspNetCore.Mvc)'
2024-10-28 19:20:45 [INF] [Microsoft.AspNetCore.Hosting.Diagnostics] [22100] [70] - Request finished HTTP/1.1 GET http://127.0.0.1:5002/api/abp/api-definition?_t=1730114444893 - 200 20847 application/json; charset=utf-8 480.9066ms
2024-10-28 19:58:38 [INF] [Microsoft.AspNetCore.Hosting.Diagnostics] [22100] [42] - Request starting HTTP/1.1 GET http://127.0.0.1:5002/api/abp/application-configuration?_t=1730116718655 - null 0
2024-10-28 19:58:38 [INF] [Microsoft.AspNetCore.Routing.EndpointMiddleware] [22100] [42] - Executing endpoint 'Volo.Abp.AspNetCore.Mvc.ApplicationConfigurations.AbpApplicationConfigurationController.GetAsync (Volo.Abp.AspNetCore.Mvc)'
2024-10-28 19:58:38 [INF] [Microsoft.AspNetCore.Mvc.Infrastructure.ControllerActionInvoker] [22100] [42] - Route matched with {area = "abp", action = "Get", controller = "AbpApplicationConfiguration"}. Executing controller action with signature System.Threading.Tasks.Task`1[Volo.Abp.AspNetCore.Mvc.ApplicationConfigurations.ApplicationConfigurationDto] GetAsync(Volo.Abp.AspNetCore.Mvc.ApplicationConfigurations.ApplicationConfigurationRequestOptions) on controller Volo.Abp.AspNetCore.Mvc.ApplicationConfigurations.AbpApplicationConfigurationController (Volo.Abp.AspNetCore.Mvc).
2024-10-28 19:58:38 [INF] [Microsoft.AspNetCore.Mvc.Infrastructure.ControllerActionInvoker] [22100] [42] - Executing action method Volo.Abp.AspNetCore.Mvc.ApplicationConfigurations.AbpApplicationConfigurationController.GetAsync (Volo.Abp.AspNetCore.Mvc) - Validation state: "Valid"
2024-10-28 19:58:38 [WRN] [Microsoft.AspNetCore.Http.ResponseCookies] [22100] [42] - The cookie 'XSRF-TOKEN' has set 'SameSite=None' and must also set 'Secure'.
2024-10-28 19:58:38 [DBG] [Volo.Abp.AspNetCore.Mvc.ApplicationConfigurations.AbpApplicationConfigurationAppService] [22100] [42] - Executing AbpApplicationConfigurationAppService.GetAsync()...
2024-10-28 19:58:38 [INF] [Microsoft.EntityFrameworkCore.Database.Command] [22100] [37] - Executed DbCommand (1ms) [Parameters=[], CommandType='"Text"', CommandTimeout='30']
SELECT `a`.`Id`, `a`.`CreationTime`, `a`.`CreatorId`, `a`.`CultureName`, `a`.`DisplayName`, `a`.`Enable`, `a`.`LastModificationTime`, `a`.`LastModifierId`, `a`.`TwoLetterISOLanguageName`, `a`.`UiCultureName`
FROM `AbpLocalizationLanguages` AS `a`
WHERE `a`.`Enable`
2024-10-28 19:58:38 [INF] [Microsoft.EntityFrameworkCore.Database.Command] [22100] [35] - Executed DbCommand (1ms) [Parameters=[], CommandType='"Text"', CommandTimeout='30']
SELECT `a`.`Id`, `a`.`CreationTime`, `a`.`CreatorId`, `a`.`DefaultCultureName`, `a`.`Description`, `a`.`DisplayName`, `a`.`Enable`, `a`.`LastModificationTime`, `a`.`LastModifierId`, `a`.`Name`
FROM `AbpLocalizationResources` AS `a`
2024-10-28 19:58:38 [INF] [Microsoft.EntityFrameworkCore.Database.Command] [22100] [37] - Executed DbCommand (1ms) [Parameters=[], CommandType='"Text"', CommandTimeout='30']
SELECT `a`.`Id`, `a`.`CreationTime`, `a`.`CreatorId`, `a`.`CultureName`, `a`.`DisplayName`, `a`.`Enable`, `a`.`LastModificationTime`, `a`.`LastModifierId`, `a`.`TwoLetterISOLanguageName`, `a`.`UiCultureName`
FROM `AbpLocalizationLanguages` AS `a`
WHERE `a`.`Enable`
2024-10-28 19:58:38 [INF] [Microsoft.EntityFrameworkCore.Database.Command] [22100] [34] - Executed DbCommand (1ms) [Parameters=[], CommandType='"Text"', CommandTimeout='30']
SELECT `a`.`Id`, `a`.`CultureName`, `a`.`Key`, `a`.`ResourceName`, `a`.`Value`
FROM `AbpLocalizationTexts` AS `a`
2024-10-28 19:58:38 [DBG] [Volo.Abp.AspNetCore.Mvc.ApplicationConfigurations.AbpApplicationConfigurationAppService] [22100] [34] - Executed AbpApplicationConfigurationAppService.GetAsync().
2024-10-28 19:58:38 [INF] [Microsoft.AspNetCore.Mvc.Infrastructure.ControllerActionInvoker] [22100] [34] - Executed action method Volo.Abp.AspNetCore.Mvc.ApplicationConfigurations.AbpApplicationConfigurationController.GetAsync (Volo.Abp.AspNetCore.Mvc), returned result Microsoft.AspNetCore.Mvc.ObjectResult in 153.0621ms.
2024-10-28 19:58:39 [DBG] [Volo.Abp.EntityFrameworkCore.AbpDbContext] [22100] [34] - Added 0 entity changes to the current audit log
2024-10-28 19:58:39 [INF] [Microsoft.AspNetCore.Mvc.Infrastructure.ObjectResultExecutor] [22100] [34] - Executing ObjectResult, writing value of type 'Volo.Abp.AspNetCore.Mvc.ApplicationConfigurations.ApplicationConfigurationDto'.
2024-10-28 19:58:39 [INF] [Microsoft.AspNetCore.Mvc.Infrastructure.ControllerActionInvoker] [22100] [35] - Executed action Volo.Abp.AspNetCore.Mvc.ApplicationConfigurations.AbpApplicationConfigurationController.GetAsync (Volo.Abp.AspNetCore.Mvc) in 247.4255ms
2024-10-28 19:58:39 [INF] [Microsoft.AspNetCore.Routing.EndpointMiddleware] [22100] [35] - Executed endpoint 'Volo.Abp.AspNetCore.Mvc.ApplicationConfigurations.AbpApplicationConfigurationController.GetAsync (Volo.Abp.AspNetCore.Mvc)'
2024-10-28 19:58:39 [INF] [Microsoft.AspNetCore.Hosting.Diagnostics] [22100] [35] - Request finished HTTP/1.1 GET http://127.0.0.1:5002/api/abp/application-configuration?_t=1730116718655 - 200 52258 application/json; charset=utf-8 281.2654ms
2024-10-28 19:58:42 [INF] [Microsoft.AspNetCore.Hosting.Diagnostics] [22100] [33] - Request starting HTTP/1.1 GET http://127.0.0.1:5002/api/abp/api-definition?_t=1730116722697 - null 0
2024-10-28 19:58:42 [INF] [Microsoft.AspNetCore.Routing.EndpointMiddleware] [22100] [33] - Executing endpoint 'Volo.Abp.AspNetCore.Mvc.ApiExploring.AbpApiDefinitionController.Get (Volo.Abp.AspNetCore.Mvc)'
2024-10-28 19:58:42 [INF] [Microsoft.AspNetCore.Mvc.Infrastructure.ControllerActionInvoker] [22100] [33] - Route matched with {area = "abp", action = "Get", controller = "AbpApiDefinition"}. Executing controller action with signature Volo.Abp.Http.Modeling.ApplicationApiDescriptionModel Get(Volo.Abp.Http.Modeling.ApplicationApiDescriptionModelRequestDto) on controller Volo.Abp.AspNetCore.Mvc.ApiExploring.AbpApiDefinitionController (Volo.Abp.AspNetCore.Mvc).
2024-10-28 19:58:42 [INF] [Microsoft.AspNetCore.Mvc.Infrastructure.ControllerActionInvoker] [22100] [33] - Executing action method Volo.Abp.AspNetCore.Mvc.ApiExploring.AbpApiDefinitionController.Get (Volo.Abp.AspNetCore.Mvc) - Validation state: "Valid"
2024-10-28 19:58:42 [DBG] [Volo.Abp.AspNetCore.Mvc.AspNetCoreApiDescriptionModelProvider] [22100] [33] - ActionApiDescriptionModel.Create: Language.GetListAsyncByInput
2024-10-28 19:58:42 [DBG] [Volo.Abp.AspNetCore.Mvc.AspNetCoreApiDescriptionModelProvider] [22100] [33] - ActionApiDescriptionModel.Create: Resource.GetListAsyncByInput
2024-10-28 19:58:42 [DBG] [Volo.Abp.AspNetCore.Mvc.AspNetCoreApiDescriptionModelProvider] [22100] [33] - ActionApiDescriptionModel.Create: Text.GetByCultureKeyAsyncByInput
2024-10-28 19:58:42 [DBG] [Volo.Abp.AspNetCore.Mvc.AspNetCoreApiDescriptionModelProvider] [22100] [33] - ActionApiDescriptionModel.Create: Text.GetListAsyncByInput
2024-10-28 19:58:42 [DBG] [Volo.Abp.AspNetCore.Mvc.AspNetCoreApiDescriptionModelProvider] [22100] [33] - ActionApiDescriptionModel.Create: Onboarding.GetListAsyncByInput
2024-10-28 19:58:42 [DBG] [Volo.Abp.AspNetCore.Mvc.AspNetCoreApiDescriptionModelProvider] [22100] [33] - ActionApiDescriptionModel.Create: Onboarding.CreateAsyncByWebhookEvent
2024-10-28 19:58:42 [DBG] [Volo.Abp.AspNetCore.Mvc.AspNetCoreApiDescriptionModelProvider] [22100] [33] - ActionApiDescriptionModel.Create: Onboarding.CompleteTaskAsyncByTaskIdAndCancellationToken
2024-10-28 19:58:42 [DBG] [Volo.Abp.AspNetCore.Mvc.AspNetCoreApiDescriptionModelProvider] [22100] [33] - ActionApiDescriptionModel.Create: AbpApplicationConfiguration.GetAsyncByOptions
2024-10-28 19:58:42 [DBG] [Volo.Abp.AspNetCore.Mvc.AspNetCoreApiDescriptionModelProvider] [22100] [33] - ActionApiDescriptionModel.Create: AbpApplicationLocalization.GetAsyncByInput
2024-10-28 19:58:42 [DBG] [Volo.Abp.AspNetCore.Mvc.AspNetCoreApiDescriptionModelProvider] [22100] [33] - ActionApiDescriptionModel.Create: AbpApiDefinition.GetByModel
2024-10-28 19:58:42 [INF] [Microsoft.AspNetCore.Mvc.Infrastructure.ControllerActionInvoker] [22100] [33] - Executed action method Volo.Abp.AspNetCore.Mvc.ApiExploring.AbpApiDefinitionController.Get (Volo.Abp.AspNetCore.Mvc), returned result Microsoft.AspNetCore.Mvc.ObjectResult in 32.9795ms.
2024-10-28 19:58:42 [INF] [Microsoft.AspNetCore.Mvc.Infrastructure.ObjectResultExecutor] [22100] [33] - Executing ObjectResult, writing value of type 'Volo.Abp.Http.Modeling.ApplicationApiDescriptionModel'.
2024-10-28 19:58:42 [INF] [Microsoft.AspNetCore.Mvc.Infrastructure.ControllerActionInvoker] [22100] [33] - Executed action Volo.Abp.AspNetCore.Mvc.ApiExploring.AbpApiDefinitionController.Get (Volo.Abp.AspNetCore.Mvc) in 47.0456ms
2024-10-28 19:58:42 [INF] [Microsoft.AspNetCore.Routing.EndpointMiddleware] [22100] [33] - Executed endpoint 'Volo.Abp.AspNetCore.Mvc.ApiExploring.AbpApiDefinitionController.Get (Volo.Abp.AspNetCore.Mvc)'
2024-10-28 19:58:42 [INF] [Microsoft.AspNetCore.Hosting.Diagnostics] [22100] [33] - Request finished HTTP/1.1 GET http://127.0.0.1:5002/api/abp/api-definition?_t=1730116722697 - 200 20847 application/json; charset=utf-8 69.9105ms
2024-10-28 20:58:39 [INF] [Microsoft.AspNetCore.Hosting.Diagnostics] [22100] [80] - Request starting HTTP/1.1 GET http://127.0.0.1:5002/api/abp/application-configuration?_t=1730120319788 - null 0
2024-10-28 20:58:39 [INF] [Microsoft.AspNetCore.Routing.EndpointMiddleware] [22100] [80] - Executing endpoint 'Volo.Abp.AspNetCore.Mvc.ApplicationConfigurations.AbpApplicationConfigurationController.GetAsync (Volo.Abp.AspNetCore.Mvc)'
2024-10-28 20:58:39 [INF] [Microsoft.AspNetCore.Mvc.Infrastructure.ControllerActionInvoker] [22100] [80] - Route matched with {area = "abp", action = "Get", controller = "AbpApplicationConfiguration"}. Executing controller action with signature System.Threading.Tasks.Task`1[Volo.Abp.AspNetCore.Mvc.ApplicationConfigurations.ApplicationConfigurationDto] GetAsync(Volo.Abp.AspNetCore.Mvc.ApplicationConfigurations.ApplicationConfigurationRequestOptions) on controller Volo.Abp.AspNetCore.Mvc.ApplicationConfigurations.AbpApplicationConfigurationController (Volo.Abp.AspNetCore.Mvc).
2024-10-28 20:58:39 [INF] [Microsoft.AspNetCore.Mvc.Infrastructure.ControllerActionInvoker] [22100] [80] - Executing action method Volo.Abp.AspNetCore.Mvc.ApplicationConfigurations.AbpApplicationConfigurationController.GetAsync (Volo.Abp.AspNetCore.Mvc) - Validation state: "Valid"
2024-10-28 20:58:39 [WRN] [Microsoft.AspNetCore.Http.ResponseCookies] [22100] [80] - The cookie 'XSRF-TOKEN' has set 'SameSite=None' and must also set 'Secure'.
2024-10-28 20:58:39 [DBG] [Volo.Abp.AspNetCore.Mvc.ApplicationConfigurations.AbpApplicationConfigurationAppService] [22100] [80] - Executing AbpApplicationConfigurationAppService.GetAsync()...
2024-10-28 20:58:39 [INF] [Microsoft.EntityFrameworkCore.Database.Command] [22100] [79] - Executed DbCommand (1ms) [Parameters=[], CommandType='"Text"', CommandTimeout='30']
SELECT `a`.`Id`, `a`.`CreationTime`, `a`.`CreatorId`, `a`.`CultureName`, `a`.`DisplayName`, `a`.`Enable`, `a`.`LastModificationTime`, `a`.`LastModifierId`, `a`.`TwoLetterISOLanguageName`, `a`.`UiCultureName`
FROM `AbpLocalizationLanguages` AS `a`
WHERE `a`.`Enable`
2024-10-28 20:58:39 [INF] [Microsoft.EntityFrameworkCore.Database.Command] [22100] [85] - Executed DbCommand (1ms) [Parameters=[], CommandType='"Text"', CommandTimeout='30']
SELECT `a`.`Id`, `a`.`CreationTime`, `a`.`CreatorId`, `a`.`DefaultCultureName`, `a`.`Description`, `a`.`DisplayName`, `a`.`Enable`, `a`.`LastModificationTime`, `a`.`LastModifierId`, `a`.`Name`
FROM `AbpLocalizationResources` AS `a`
2024-10-28 20:58:39 [INF] [Microsoft.EntityFrameworkCore.Database.Command] [22100] [80] - Executed DbCommand (0ms) [Parameters=[], CommandType='"Text"', CommandTimeout='30']
SELECT `a`.`Id`, `a`.`CreationTime`, `a`.`CreatorId`, `a`.`CultureName`, `a`.`DisplayName`, `a`.`Enable`, `a`.`LastModificationTime`, `a`.`LastModifierId`, `a`.`TwoLetterISOLanguageName`, `a`.`UiCultureName`
FROM `AbpLocalizationLanguages` AS `a`
WHERE `a`.`Enable`
2024-10-28 20:58:39 [INF] [Microsoft.EntityFrameworkCore.Database.Command] [22100] [79] - Executed DbCommand (1ms) [Parameters=[], CommandType='"Text"', CommandTimeout='30']
SELECT `a`.`Id`, `a`.`CultureName`, `a`.`Key`, `a`.`ResourceName`, `a`.`Value`
FROM `AbpLocalizationTexts` AS `a`
2024-10-28 20:58:40 [DBG] [Volo.Abp.AspNetCore.Mvc.ApplicationConfigurations.AbpApplicationConfigurationAppService] [22100] [79] - Executed AbpApplicationConfigurationAppService.GetAsync().
2024-10-28 20:58:40 [INF] [Microsoft.AspNetCore.Mvc.Infrastructure.ControllerActionInvoker] [22100] [79] - Executed action method Volo.Abp.AspNetCore.Mvc.ApplicationConfigurations.AbpApplicationConfigurationController.GetAsync (Volo.Abp.AspNetCore.Mvc), returned result Microsoft.AspNetCore.Mvc.ObjectResult in 111.2365ms.
2024-10-28 20:58:40 [DBG] [Volo.Abp.EntityFrameworkCore.AbpDbContext] [22100] [79] - Added 0 entity changes to the current audit log
2024-10-28 20:58:40 [INF] [Microsoft.AspNetCore.Mvc.Infrastructure.ObjectResultExecutor] [22100] [79] - Executing ObjectResult, writing value of type 'Volo.Abp.AspNetCore.Mvc.ApplicationConfigurations.ApplicationConfigurationDto'.
2024-10-28 20:58:40 [INF] [Microsoft.AspNetCore.Mvc.Infrastructure.ControllerActionInvoker] [22100] [79] - Executed action Volo.Abp.AspNetCore.Mvc.ApplicationConfigurations.AbpApplicationConfigurationController.GetAsync (Volo.Abp.AspNetCore.Mvc) in 181.6065ms
2024-10-28 20:58:40 [INF] [Microsoft.AspNetCore.Routing.EndpointMiddleware] [22100] [79] - Executed endpoint 'Volo.Abp.AspNetCore.Mvc.ApplicationConfigurations.AbpApplicationConfigurationController.GetAsync (Volo.Abp.AspNetCore.Mvc)'
2024-10-28 20:58:40 [INF] [Microsoft.AspNetCore.Hosting.Diagnostics] [22100] [79] - Request finished HTTP/1.1 GET http://127.0.0.1:5002/api/abp/application-configuration?_t=1730120319788 - 200 52258 application/json; charset=utf-8 216.0027ms
2024-10-28 20:58:44 [INF] [Microsoft.AspNetCore.Hosting.Diagnostics] [22100] [79] - Request starting HTTP/1.1 GET http://127.0.0.1:5002/api/abp/api-definition?_t=1730120324235 - null 0
2024-10-28 20:58:44 [INF] [Microsoft.AspNetCore.Routing.EndpointMiddleware] [22100] [79] - Executing endpoint 'Volo.Abp.AspNetCore.Mvc.ApiExploring.AbpApiDefinitionController.Get (Volo.Abp.AspNetCore.Mvc)'
2024-10-28 20:58:44 [INF] [Microsoft.AspNetCore.Mvc.Infrastructure.ControllerActionInvoker] [22100] [79] - Route matched with {area = "abp", action = "Get", controller = "AbpApiDefinition"}. Executing controller action with signature Volo.Abp.Http.Modeling.ApplicationApiDescriptionModel Get(Volo.Abp.Http.Modeling.ApplicationApiDescriptionModelRequestDto) on controller Volo.Abp.AspNetCore.Mvc.ApiExploring.AbpApiDefinitionController (Volo.Abp.AspNetCore.Mvc).
2024-10-28 20:58:44 [INF] [Microsoft.AspNetCore.Mvc.Infrastructure.ControllerActionInvoker] [22100] [79] - Executing action method Volo.Abp.AspNetCore.Mvc.ApiExploring.AbpApiDefinitionController.Get (Volo.Abp.AspNetCore.Mvc) - Validation state: "Valid"
2024-10-28 20:58:44 [DBG] [Volo.Abp.AspNetCore.Mvc.AspNetCoreApiDescriptionModelProvider] [22100] [79] - ActionApiDescriptionModel.Create: Language.GetListAsyncByInput
2024-10-28 20:58:44 [DBG] [Volo.Abp.AspNetCore.Mvc.AspNetCoreApiDescriptionModelProvider] [22100] [79] - ActionApiDescriptionModel.Create: Resource.GetListAsyncByInput
2024-10-28 20:58:44 [DBG] [Volo.Abp.AspNetCore.Mvc.AspNetCoreApiDescriptionModelProvider] [22100] [79] - ActionApiDescriptionModel.Create: Text.GetByCultureKeyAsyncByInput
2024-10-28 20:58:44 [DBG] [Volo.Abp.AspNetCore.Mvc.AspNetCoreApiDescriptionModelProvider] [22100] [79] - ActionApiDescriptionModel.Create: Text.GetListAsyncByInput
2024-10-28 20:58:44 [DBG] [Volo.Abp.AspNetCore.Mvc.AspNetCoreApiDescriptionModelProvider] [22100] [79] - ActionApiDescriptionModel.Create: Onboarding.GetListAsyncByInput
2024-10-28 20:58:44 [DBG] [Volo.Abp.AspNetCore.Mvc.AspNetCoreApiDescriptionModelProvider] [22100] [79] - ActionApiDescriptionModel.Create: Onboarding.CreateAsyncByWebhookEvent
2024-10-28 20:58:44 [DBG] [Volo.Abp.AspNetCore.Mvc.AspNetCoreApiDescriptionModelProvider] [22100] [79] - ActionApiDescriptionModel.Create: Onboarding.CompleteTaskAsyncByTaskIdAndCancellationToken
2024-10-28 20:58:44 [DBG] [Volo.Abp.AspNetCore.Mvc.AspNetCoreApiDescriptionModelProvider] [22100] [79] - ActionApiDescriptionModel.Create: AbpApplicationConfiguration.GetAsyncByOptions
2024-10-28 20:58:44 [DBG] [Volo.Abp.AspNetCore.Mvc.AspNetCoreApiDescriptionModelProvider] [22100] [79] - ActionApiDescriptionModel.Create: AbpApplicationLocalization.GetAsyncByInput
2024-10-28 20:58:44 [DBG] [Volo.Abp.AspNetCore.Mvc.AspNetCoreApiDescriptionModelProvider] [22100] [79] - ActionApiDescriptionModel.Create: AbpApiDefinition.GetByModel
2024-10-28 20:58:44 [INF] [Microsoft.AspNetCore.Mvc.Infrastructure.ControllerActionInvoker] [22100] [79] - Executed action method Volo.Abp.AspNetCore.Mvc.ApiExploring.AbpApiDefinitionController.Get (Volo.Abp.AspNetCore.Mvc), returned result Microsoft.AspNetCore.Mvc.ObjectResult in 32.1486ms.
2024-10-28 20:58:44 [INF] [Microsoft.AspNetCore.Mvc.Infrastructure.ObjectResultExecutor] [22100] [79] - Executing ObjectResult, writing value of type 'Volo.Abp.Http.Modeling.ApplicationApiDescriptionModel'.
2024-10-28 20:58:44 [INF] [Microsoft.AspNetCore.Mvc.Infrastructure.ControllerActionInvoker] [22100] [79] - Executed action Volo.Abp.AspNetCore.Mvc.ApiExploring.AbpApiDefinitionController.Get (Volo.Abp.AspNetCore.Mvc) in 46.0109ms
2024-10-28 20:58:44 [INF] [Microsoft.AspNetCore.Routing.EndpointMiddleware] [22100] [79] - Executed endpoint 'Volo.Abp.AspNetCore.Mvc.ApiExploring.AbpApiDefinitionController.Get (Volo.Abp.AspNetCore.Mvc)'
2024-10-28 20:58:44 [INF] [Microsoft.AspNetCore.Hosting.Diagnostics] [22100] [79] - Request finished HTTP/1.1 GET http://127.0.0.1:5002/api/abp/api-definition?_t=1730120324235 - 200 20847 application/json; charset=utf-8 69.9054ms
2024-10-28 21:00:11 [INF] [Microsoft.AspNetCore.Hosting.Diagnostics] [22100] [79] - Request starting HTTP/1.1 GET http://127.0.0.1:5002/api/abp/application-configuration?_t=1730120411709 - null 0
2024-10-28 21:00:11 [INF] [Microsoft.AspNetCore.Routing.EndpointMiddleware] [22100] [79] - Executing endpoint 'Volo.Abp.AspNetCore.Mvc.ApplicationConfigurations.AbpApplicationConfigurationController.GetAsync (Volo.Abp.AspNetCore.Mvc)'
2024-10-28 21:00:11 [INF] [Microsoft.AspNetCore.Mvc.Infrastructure.ControllerActionInvoker] [22100] [79] - Route matched with {area = "abp", action = "Get", controller = "AbpApplicationConfiguration"}. Executing controller action with signature System.Threading.Tasks.Task`1[Volo.Abp.AspNetCore.Mvc.ApplicationConfigurations.ApplicationConfigurationDto] GetAsync(Volo.Abp.AspNetCore.Mvc.ApplicationConfigurations.ApplicationConfigurationRequestOptions) on controller Volo.Abp.AspNetCore.Mvc.ApplicationConfigurations.AbpApplicationConfigurationController (Volo.Abp.AspNetCore.Mvc).
2024-10-28 21:00:11 [INF] [Microsoft.AspNetCore.Mvc.Infrastructure.ControllerActionInvoker] [22100] [79] - Executing action method Volo.Abp.AspNetCore.Mvc.ApplicationConfigurations.AbpApplicationConfigurationController.GetAsync (Volo.Abp.AspNetCore.Mvc) - Validation state: "Valid"
2024-10-28 21:00:11 [WRN] [Microsoft.AspNetCore.Http.ResponseCookies] [22100] [79] - The cookie 'XSRF-TOKEN' has set 'SameSite=None' and must also set 'Secure'.
2024-10-28 21:00:11 [DBG] [Volo.Abp.AspNetCore.Mvc.ApplicationConfigurations.AbpApplicationConfigurationAppService] [22100] [79] - Executing AbpApplicationConfigurationAppService.GetAsync()...
2024-10-28 21:00:11 [INF] [Microsoft.EntityFrameworkCore.Database.Command] [22100] [98] - Executed DbCommand (0ms) [Parameters=[], CommandType='"Text"', CommandTimeout='30']
SELECT `a`.`Id`, `a`.`CreationTime`, `a`.`CreatorId`, `a`.`CultureName`, `a`.`DisplayName`, `a`.`Enable`, `a`.`LastModificationTime`, `a`.`LastModifierId`, `a`.`TwoLetterISOLanguageName`, `a`.`UiCultureName`
FROM `AbpLocalizationLanguages` AS `a`
WHERE `a`.`Enable`
2024-10-28 21:00:11 [DBG] [Volo.Abp.AspNetCore.Mvc.ApplicationConfigurations.AbpApplicationConfigurationAppService] [22100] [79] - Executed AbpApplicationConfigurationAppService.GetAsync().
2024-10-28 21:00:11 [INF] [Microsoft.AspNetCore.Mvc.Infrastructure.ControllerActionInvoker] [22100] [79] - Executed action method Volo.Abp.AspNetCore.Mvc.ApplicationConfigurations.AbpApplicationConfigurationController.GetAsync (Volo.Abp.AspNetCore.Mvc), returned result Microsoft.AspNetCore.Mvc.ObjectResult in 50.0679ms.
2024-10-28 21:00:11 [DBG] [Volo.Abp.EntityFrameworkCore.AbpDbContext] [22100] [79] - Added 0 entity changes to the current audit log
2024-10-28 21:00:11 [INF] [Microsoft.AspNetCore.Mvc.Infrastructure.ObjectResultExecutor] [22100] [79] - Executing ObjectResult, writing value of type 'Volo.Abp.AspNetCore.Mvc.ApplicationConfigurations.ApplicationConfigurationDto'.
2024-10-28 21:00:11 [INF] [Microsoft.AspNetCore.Mvc.Infrastructure.ControllerActionInvoker] [22100] [98] - Executed action Volo.Abp.AspNetCore.Mvc.ApplicationConfigurations.AbpApplicationConfigurationController.GetAsync (Volo.Abp.AspNetCore.Mvc) in 69.4217ms
2024-10-28 21:00:11 [INF] [Microsoft.AspNetCore.Routing.EndpointMiddleware] [22100] [98] - Executed endpoint 'Volo.Abp.AspNetCore.Mvc.ApplicationConfigurations.AbpApplicationConfigurationController.GetAsync (Volo.Abp.AspNetCore.Mvc)'
2024-10-28 21:00:11 [INF] [Microsoft.AspNetCore.Hosting.Diagnostics] [22100] [98] - Request finished HTTP/1.1 GET http://127.0.0.1:5002/api/abp/application-configuration?_t=1730120411709 - 200 52258 application/json; charset=utf-8 89.6923ms
2024-10-28 21:00:14 [INF] [Microsoft.AspNetCore.Hosting.Diagnostics] [22100] [58] - Request starting HTTP/1.1 GET http://127.0.0.1:5002/api/abp/api-definition?_t=1730120413949 - null 0
2024-10-28 21:00:14 [INF] [Microsoft.AspNetCore.Routing.EndpointMiddleware] [22100] [58] - Executing endpoint 'Volo.Abp.AspNetCore.Mvc.ApiExploring.AbpApiDefinitionController.Get (Volo.Abp.AspNetCore.Mvc)'
2024-10-28 21:00:14 [INF] [Microsoft.AspNetCore.Mvc.Infrastructure.ControllerActionInvoker] [22100] [58] - Route matched with {area = "abp", action = "Get", controller = "AbpApiDefinition"}. Executing controller action with signature Volo.Abp.Http.Modeling.ApplicationApiDescriptionModel Get(Volo.Abp.Http.Modeling.ApplicationApiDescriptionModelRequestDto) on controller Volo.Abp.AspNetCore.Mvc.ApiExploring.AbpApiDefinitionController (Volo.Abp.AspNetCore.Mvc).
2024-10-28 21:00:14 [INF] [Microsoft.AspNetCore.Mvc.Infrastructure.ControllerActionInvoker] [22100] [58] - Executing action method Volo.Abp.AspNetCore.Mvc.ApiExploring.AbpApiDefinitionController.Get (Volo.Abp.AspNetCore.Mvc) - Validation state: "Valid"
2024-10-28 21:00:14 [DBG] [Volo.Abp.AspNetCore.Mvc.AspNetCoreApiDescriptionModelProvider] [22100] [58] - ActionApiDescriptionModel.Create: Language.GetListAsyncByInput
2024-10-28 21:00:14 [DBG] [Volo.Abp.AspNetCore.Mvc.AspNetCoreApiDescriptionModelProvider] [22100] [58] - ActionApiDescriptionModel.Create: Resource.GetListAsyncByInput
2024-10-28 21:00:14 [DBG] [Volo.Abp.AspNetCore.Mvc.AspNetCoreApiDescriptionModelProvider] [22100] [58] - ActionApiDescriptionModel.Create: Text.GetByCultureKeyAsyncByInput
2024-10-28 21:00:14 [DBG] [Volo.Abp.AspNetCore.Mvc.AspNetCoreApiDescriptionModelProvider] [22100] [58] - ActionApiDescriptionModel.Create: Text.GetListAsyncByInput
2024-10-28 21:00:14 [DBG] [Volo.Abp.AspNetCore.Mvc.AspNetCoreApiDescriptionModelProvider] [22100] [58] - ActionApiDescriptionModel.Create: Onboarding.GetListAsyncByInput
2024-10-28 21:00:14 [DBG] [Volo.Abp.AspNetCore.Mvc.AspNetCoreApiDescriptionModelProvider] [22100] [58] - ActionApiDescriptionModel.Create: Onboarding.CreateAsyncByWebhookEvent
2024-10-28 21:00:14 [DBG] [Volo.Abp.AspNetCore.Mvc.AspNetCoreApiDescriptionModelProvider] [22100] [58] - ActionApiDescriptionModel.Create: Onboarding.CompleteTaskAsyncByTaskIdAndCancellationToken
2024-10-28 21:00:14 [DBG] [Volo.Abp.AspNetCore.Mvc.AspNetCoreApiDescriptionModelProvider] [22100] [58] - ActionApiDescriptionModel.Create: AbpApplicationConfiguration.GetAsyncByOptions
2024-10-28 21:00:14 [DBG] [Volo.Abp.AspNetCore.Mvc.AspNetCoreApiDescriptionModelProvider] [22100] [58] - ActionApiDescriptionModel.Create: AbpApplicationLocalization.GetAsyncByInput
2024-10-28 21:00:14 [DBG] [Volo.Abp.AspNetCore.Mvc.AspNetCoreApiDescriptionModelProvider] [22100] [58] - ActionApiDescriptionModel.Create: AbpApiDefinition.GetByModel
2024-10-28 21:00:14 [INF] [Microsoft.AspNetCore.Mvc.Infrastructure.ControllerActionInvoker] [22100] [58] - Executed action method Volo.Abp.AspNetCore.Mvc.ApiExploring.AbpApiDefinitionController.Get (Volo.Abp.AspNetCore.Mvc), returned result Microsoft.AspNetCore.Mvc.ObjectResult in 29.5878ms.
2024-10-28 21:00:14 [INF] [Microsoft.AspNetCore.Mvc.Infrastructure.ObjectResultExecutor] [22100] [58] - Executing ObjectResult, writing value of type 'Volo.Abp.Http.Modeling.ApplicationApiDescriptionModel'.
2024-10-28 21:00:14 [INF] [Microsoft.AspNetCore.Mvc.Infrastructure.ControllerActionInvoker] [22100] [58] - Executed action Volo.Abp.AspNetCore.Mvc.ApiExploring.AbpApiDefinitionController.Get (Volo.Abp.AspNetCore.Mvc) in 44.1711ms
2024-10-28 21:00:14 [INF] [Microsoft.AspNetCore.Routing.EndpointMiddleware] [22100] [58] - Executed endpoint 'Volo.Abp.AspNetCore.Mvc.ApiExploring.AbpApiDefinitionController.Get (Volo.Abp.AspNetCore.Mvc)'
2024-10-28 21:00:14 [INF] [Microsoft.AspNetCore.Hosting.Diagnostics] [22100] [58] - Request finished HTTP/1.1 GET http://127.0.0.1:5002/api/abp/api-definition?_t=1730120413949 - 200 20847 application/json; charset=utf-8 73.5051ms
2024-10-28 21:13:32 [WRN] [DotNetCore.CAP.Internal.ConsumerRegister] [22100] [74] - RabbitMQ consumer cancelled. --> amq.ctag-ouvWsCdy4HT2tudwbBDFMQ
2024-10-28 21:13:35 [WRN] [DotNetCore.CAP.Internal.ConsumerRegister] [22100] [74] - RabbitMQ consumer shutdown. --> Unexpected Exception: Unable to read data from the transport connection: 远程主机强迫关闭了一个现有的连接。.
2024-10-28 21:13:35 [WRN] [DotNetCore.CAP.Internal.ConsumerRegister] [22100] [78] - RabbitMQ consumer cancelled. --> amq.ctag-0ht80R8qbGoFolGifSIxsw
2024-10-28 21:13:35 [WRN] [DotNetCore.CAP.Internal.ConsumerRegister] [22100] [78] - RabbitMQ consumer shutdown. --> Unexpected Exception: Unable to read data from the transport connection: 远程主机强迫关闭了一个现有的连接。.
2024-10-28 21:13:38 [INF] [DotNetCore.CAP.Internal.ConsumerRegister] [22100] [75] - RabbitMQ consumer registered. --> amq.ctag-ouvWsCdy4HT2tudwbBDFMQ
2024-10-28 21:13:38 [INF] [DotNetCore.CAP.Internal.ConsumerRegister] [22100] [78] - RabbitMQ consumer registered. --> amq.ctag-0ht80R8qbGoFolGifSIxsw
2024-10-28 21:13:49 [INF] [Microsoft.AspNetCore.Hosting.Diagnostics] [22100] [78] - Request starting HTTP/1.1 GET http://127.0.0.1:5002/api/abp/application-configuration?_t=1730121229235 - null 0
2024-10-28 21:13:49 [INF] [Microsoft.AspNetCore.Routing.EndpointMiddleware] [22100] [78] - Executing endpoint 'Volo.Abp.AspNetCore.Mvc.ApplicationConfigurations.AbpApplicationConfigurationController.GetAsync (Volo.Abp.AspNetCore.Mvc)'
2024-10-28 21:13:49 [INF] [Microsoft.AspNetCore.Mvc.Infrastructure.ControllerActionInvoker] [22100] [78] - Route matched with {area = "abp", action = "Get", controller = "AbpApplicationConfiguration"}. Executing controller action with signature System.Threading.Tasks.Task`1[Volo.Abp.AspNetCore.Mvc.ApplicationConfigurations.ApplicationConfigurationDto] GetAsync(Volo.Abp.AspNetCore.Mvc.ApplicationConfigurations.ApplicationConfigurationRequestOptions) on controller Volo.Abp.AspNetCore.Mvc.ApplicationConfigurations.AbpApplicationConfigurationController (Volo.Abp.AspNetCore.Mvc).
2024-10-28 21:13:49 [INF] [Microsoft.AspNetCore.Mvc.Infrastructure.ControllerActionInvoker] [22100] [78] - Executing action method Volo.Abp.AspNetCore.Mvc.ApplicationConfigurations.AbpApplicationConfigurationController.GetAsync (Volo.Abp.AspNetCore.Mvc) - Validation state: "Valid"
2024-10-28 21:13:49 [WRN] [Microsoft.AspNetCore.Http.ResponseCookies] [22100] [78] - The cookie 'XSRF-TOKEN' has set 'SameSite=None' and must also set 'Secure'.
2024-10-28 21:13:49 [DBG] [Volo.Abp.AspNetCore.Mvc.ApplicationConfigurations.AbpApplicationConfigurationAppService] [22100] [78] - Executing AbpApplicationConfigurationAppService.GetAsync()...
2024-10-28 21:13:49 [INF] [Microsoft.EntityFrameworkCore.Database.Command] [22100] [78] - Executed DbCommand (1ms) [Parameters=[], CommandType='"Text"', CommandTimeout='30']
SELECT `a`.`Id`, `a`.`CreationTime`, `a`.`CreatorId`, `a`.`CultureName`, `a`.`DisplayName`, `a`.`Enable`, `a`.`LastModificationTime`, `a`.`LastModifierId`, `a`.`TwoLetterISOLanguageName`, `a`.`UiCultureName`
FROM `AbpLocalizationLanguages` AS `a`
WHERE `a`.`Enable`
2024-10-28 21:13:49 [DBG] [Volo.Abp.AspNetCore.Mvc.ApplicationConfigurations.AbpApplicationConfigurationAppService] [22100] [78] - Executed AbpApplicationConfigurationAppService.GetAsync().
2024-10-28 21:13:49 [INF] [Microsoft.AspNetCore.Mvc.Infrastructure.ControllerActionInvoker] [22100] [78] - Executed action method Volo.Abp.AspNetCore.Mvc.ApplicationConfigurations.AbpApplicationConfigurationController.GetAsync (Volo.Abp.AspNetCore.Mvc), returned result Microsoft.AspNetCore.Mvc.ObjectResult in 116.1002ms.
2024-10-28 21:13:49 [DBG] [Volo.Abp.EntityFrameworkCore.AbpDbContext] [22100] [78] - Added 0 entity changes to the current audit log
2024-10-28 21:13:49 [INF] [Microsoft.AspNetCore.Mvc.Infrastructure.ObjectResultExecutor] [22100] [78] - Executing ObjectResult, writing value of type 'Volo.Abp.AspNetCore.Mvc.ApplicationConfigurations.ApplicationConfigurationDto'.
2024-10-28 21:13:49 [INF] [Microsoft.AspNetCore.Mvc.Infrastructure.ControllerActionInvoker] [22100] [78] - Executed action Volo.Abp.AspNetCore.Mvc.ApplicationConfigurations.AbpApplicationConfigurationController.GetAsync (Volo.Abp.AspNetCore.Mvc) in 157.3167ms
2024-10-28 21:13:49 [INF] [Microsoft.AspNetCore.Routing.EndpointMiddleware] [22100] [78] - Executed endpoint 'Volo.Abp.AspNetCore.Mvc.ApplicationConfigurations.AbpApplicationConfigurationController.GetAsync (Volo.Abp.AspNetCore.Mvc)'
2024-10-28 21:13:49 [INF] [Microsoft.AspNetCore.Hosting.Diagnostics] [22100] [78] - Request finished HTTP/1.1 GET http://127.0.0.1:5002/api/abp/application-configuration?_t=1730121229235 - 200 52258 application/json; charset=utf-8 210.5944ms
2024-10-28 21:13:51 [INF] [Microsoft.AspNetCore.Hosting.Diagnostics] [22100] [73] - Request starting HTTP/1.1 GET http://127.0.0.1:5002/api/abp/api-definition?_t=1730121231712 - null 0
2024-10-28 21:13:51 [INF] [Microsoft.AspNetCore.Routing.EndpointMiddleware] [22100] [73] - Executing endpoint 'Volo.Abp.AspNetCore.Mvc.ApiExploring.AbpApiDefinitionController.Get (Volo.Abp.AspNetCore.Mvc)'
2024-10-28 21:13:51 [INF] [Microsoft.AspNetCore.Mvc.Infrastructure.ControllerActionInvoker] [22100] [73] - Route matched with {area = "abp", action = "Get", controller = "AbpApiDefinition"}. Executing controller action with signature Volo.Abp.Http.Modeling.ApplicationApiDescriptionModel Get(Volo.Abp.Http.Modeling.ApplicationApiDescriptionModelRequestDto) on controller Volo.Abp.AspNetCore.Mvc.ApiExploring.AbpApiDefinitionController (Volo.Abp.AspNetCore.Mvc).
2024-10-28 21:13:51 [INF] [Microsoft.AspNetCore.Mvc.Infrastructure.ControllerActionInvoker] [22100] [73] - Executing action method Volo.Abp.AspNetCore.Mvc.ApiExploring.AbpApiDefinitionController.Get (Volo.Abp.AspNetCore.Mvc) - Validation state: "Valid"
2024-10-28 21:13:51 [DBG] [Volo.Abp.AspNetCore.Mvc.AspNetCoreApiDescriptionModelProvider] [22100] [73] - ActionApiDescriptionModel.Create: Language.GetListAsyncByInput
2024-10-28 21:13:51 [DBG] [Volo.Abp.AspNetCore.Mvc.AspNetCoreApiDescriptionModelProvider] [22100] [73] - ActionApiDescriptionModel.Create: Resource.GetListAsyncByInput
2024-10-28 21:13:51 [DBG] [Volo.Abp.AspNetCore.Mvc.AspNetCoreApiDescriptionModelProvider] [22100] [73] - ActionApiDescriptionModel.Create: Text.GetByCultureKeyAsyncByInput
2024-10-28 21:13:51 [DBG] [Volo.Abp.AspNetCore.Mvc.AspNetCoreApiDescriptionModelProvider] [22100] [73] - ActionApiDescriptionModel.Create: Text.GetListAsyncByInput
2024-10-28 21:13:51 [DBG] [Volo.Abp.AspNetCore.Mvc.AspNetCoreApiDescriptionModelProvider] [22100] [73] - ActionApiDescriptionModel.Create: Onboarding.GetListAsyncByInput
2024-10-28 21:13:51 [DBG] [Volo.Abp.AspNetCore.Mvc.AspNetCoreApiDescriptionModelProvider] [22100] [73] - ActionApiDescriptionModel.Create: Onboarding.CreateAsyncByWebhookEvent
2024-10-28 21:13:51 [DBG] [Volo.Abp.AspNetCore.Mvc.AspNetCoreApiDescriptionModelProvider] [22100] [73] - ActionApiDescriptionModel.Create: Onboarding.CompleteTaskAsyncByTaskIdAndCancellationToken
2024-10-28 21:13:51 [DBG] [Volo.Abp.AspNetCore.Mvc.AspNetCoreApiDescriptionModelProvider] [22100] [73] - ActionApiDescriptionModel.Create: AbpApplicationConfiguration.GetAsyncByOptions
2024-10-28 21:13:51 [DBG] [Volo.Abp.AspNetCore.Mvc.AspNetCoreApiDescriptionModelProvider] [22100] [73] - ActionApiDescriptionModel.Create: AbpApplicationLocalization.GetAsyncByInput
2024-10-28 21:13:51 [DBG] [Volo.Abp.AspNetCore.Mvc.AspNetCoreApiDescriptionModelProvider] [22100] [73] - ActionApiDescriptionModel.Create: AbpApiDefinition.GetByModel
2024-10-28 21:13:51 [INF] [Microsoft.AspNetCore.Mvc.Infrastructure.ControllerActionInvoker] [22100] [73] - Executed action method Volo.Abp.AspNetCore.Mvc.ApiExploring.AbpApiDefinitionController.Get (Volo.Abp.AspNetCore.Mvc), returned result Microsoft.AspNetCore.Mvc.ObjectResult in 26.8206ms.
2024-10-28 21:13:51 [INF] [Microsoft.AspNetCore.Mvc.Infrastructure.ObjectResultExecutor] [22100] [73] - Executing ObjectResult, writing value of type 'Volo.Abp.Http.Modeling.ApplicationApiDescriptionModel'.
2024-10-28 21:13:51 [INF] [Microsoft.AspNetCore.Mvc.Infrastructure.ControllerActionInvoker] [22100] [73] - Executed action Volo.Abp.AspNetCore.Mvc.ApiExploring.AbpApiDefinitionController.Get (Volo.Abp.AspNetCore.Mvc) in 43.5599ms
2024-10-28 21:13:51 [INF] [Microsoft.AspNetCore.Routing.EndpointMiddleware] [22100] [73] - Executed endpoint 'Volo.Abp.AspNetCore.Mvc.ApiExploring.AbpApiDefinitionController.Get (Volo.Abp.AspNetCore.Mvc)'
2024-10-28 21:13:51 [INF] [Microsoft.AspNetCore.Hosting.Diagnostics] [22100] [73] - Request finished HTTP/1.1 GET http://127.0.0.1:5002/api/abp/api-definition?_t=1730121231712 - 200 20847 application/json; charset=utf-8 64.719ms
2024-10-28 23:13:33 [WRN] [DotNetCore.CAP.Internal.ConsumerRegister] [22100] [49] - RabbitMQ consumer cancelled. --> amq.ctag-ouvWsCdy4HT2tudwbBDFMQ
2024-10-28 23:13:34 [WRN] [DotNetCore.CAP.Internal.ConsumerRegister] [22100] [49] - RabbitMQ consumer shutdown. --> Unexpected Exception: Unable to read data from the transport connection: 远程主机强迫关闭了一个现有的连接。.
2024-10-28 23:13:36 [WRN] [DotNetCore.CAP.Internal.ConsumerRegister] [22100] [49] - RabbitMQ consumer cancelled. --> amq.ctag-0ht80R8qbGoFolGifSIxsw
2024-10-28 23:13:36 [WRN] [DotNetCore.CAP.Internal.ConsumerRegister] [22100] [49] - RabbitMQ consumer shutdown. --> Unexpected Exception: Unable to read data from the transport connection: 远程主机强迫关闭了一个现有的连接。.
2024-10-28 23:13:38 [INF] [DotNetCore.CAP.Internal.ConsumerRegister] [22100] [48] - RabbitMQ consumer registered. --> amq.ctag-ouvWsCdy4HT2tudwbBDFMQ
2024-10-28 23:13:38 [INF] [DotNetCore.CAP.Internal.ConsumerRegister] [22100] [56] - RabbitMQ consumer registered. --> amq.ctag-0ht80R8qbGoFolGifSIxsw
2024-10-28 23:13:39 [INF] [Microsoft.AspNetCore.Hosting.Diagnostics] [22100] [50] - Request starting HTTP/1.1 GET http://127.0.0.1:5002/api/abp/application-configuration?_t=1730128419317 - null 0
2024-10-28 23:13:39 [INF] [Microsoft.AspNetCore.Routing.EndpointMiddleware] [22100] [50] - Executing endpoint 'Volo.Abp.AspNetCore.Mvc.ApplicationConfigurations.AbpApplicationConfigurationController.GetAsync (Volo.Abp.AspNetCore.Mvc)'
2024-10-28 23:13:40 [INF] [Microsoft.AspNetCore.Mvc.Infrastructure.ControllerActionInvoker] [22100] [50] - Route matched with {area = "abp", action = "Get", controller = "AbpApplicationConfiguration"}. Executing controller action with signature System.Threading.Tasks.Task`1[Volo.Abp.AspNetCore.Mvc.ApplicationConfigurations.ApplicationConfigurationDto] GetAsync(Volo.Abp.AspNetCore.Mvc.ApplicationConfigurations.ApplicationConfigurationRequestOptions) on controller Volo.Abp.AspNetCore.Mvc.ApplicationConfigurations.AbpApplicationConfigurationController (Volo.Abp.AspNetCore.Mvc).
2024-10-28 23:13:40 [INF] [Microsoft.AspNetCore.Mvc.Infrastructure.ControllerActionInvoker] [22100] [50] - Executing action method Volo.Abp.AspNetCore.Mvc.ApplicationConfigurations.AbpApplicationConfigurationController.GetAsync (Volo.Abp.AspNetCore.Mvc) - Validation state: "Valid"
2024-10-28 23:13:40 [WRN] [Microsoft.AspNetCore.Http.ResponseCookies] [22100] [50] - The cookie 'XSRF-TOKEN' has set 'SameSite=None' and must also set 'Secure'.
2024-10-28 23:13:40 [DBG] [Volo.Abp.AspNetCore.Mvc.ApplicationConfigurations.AbpApplicationConfigurationAppService] [22100] [50] - Executing AbpApplicationConfigurationAppService.GetAsync()...
2024-10-28 23:13:40 [INF] [Microsoft.EntityFrameworkCore.Database.Command] [22100] [48] - Executed DbCommand (2ms) [Parameters=[], CommandType='"Text"', CommandTimeout='30']
SELECT `a`.`Id`, `a`.`CreationTime`, `a`.`CreatorId`, `a`.`CultureName`, `a`.`DisplayName`, `a`.`Enable`, `a`.`LastModificationTime`, `a`.`LastModifierId`, `a`.`TwoLetterISOLanguageName`, `a`.`UiCultureName`
FROM `AbpLocalizationLanguages` AS `a`
WHERE `a`.`Enable`
2024-10-28 23:13:40 [INF] [Microsoft.EntityFrameworkCore.Database.Command] [22100] [48] - Executed DbCommand (2ms) [Parameters=[], CommandType='"Text"', CommandTimeout='30']
SELECT `a`.`Id`, `a`.`CreationTime`, `a`.`CreatorId`, `a`.`DefaultCultureName`, `a`.`Description`, `a`.`DisplayName`, `a`.`Enable`, `a`.`LastModificationTime`, `a`.`LastModifierId`, `a`.`Name`
FROM `AbpLocalizationResources` AS `a`
2024-10-28 23:13:40 [INF] [Microsoft.EntityFrameworkCore.Database.Command] [22100] [56] - Executed DbCommand (1ms) [Parameters=[], CommandType='"Text"', CommandTimeout='30']
SELECT `a`.`Id`, `a`.`CreationTime`, `a`.`CreatorId`, `a`.`CultureName`, `a`.`DisplayName`, `a`.`Enable`, `a`.`LastModificationTime`, `a`.`LastModifierId`, `a`.`TwoLetterISOLanguageName`, `a`.`UiCultureName`
FROM `AbpLocalizationLanguages` AS `a`
WHERE `a`.`Enable`
2024-10-28 23:13:40 [INF] [Microsoft.EntityFrameworkCore.Database.Command] [22100] [49] - Executed DbCommand (3ms) [Parameters=[], CommandType='"Text"', CommandTimeout='30']
SELECT `a`.`Id`, `a`.`CultureName`, `a`.`Key`, `a`.`ResourceName`, `a`.`Value`
FROM `AbpLocalizationTexts` AS `a`
2024-10-28 23:13:40 [DBG] [Volo.Abp.AspNetCore.Mvc.ApplicationConfigurations.AbpApplicationConfigurationAppService] [22100] [49] - Executed AbpApplicationConfigurationAppService.GetAsync().
2024-10-28 23:13:40 [INF] [Microsoft.AspNetCore.Mvc.Infrastructure.ControllerActionInvoker] [22100] [49] - Executed action method Volo.Abp.AspNetCore.Mvc.ApplicationConfigurations.AbpApplicationConfigurationController.GetAsync (Volo.Abp.AspNetCore.Mvc), returned result Microsoft.AspNetCore.Mvc.ObjectResult in 344.6732ms.
2024-10-28 23:13:40 [DBG] [Volo.Abp.EntityFrameworkCore.AbpDbContext] [22100] [49] - Added 0 entity changes to the current audit log
2024-10-28 23:13:40 [INF] [Microsoft.AspNetCore.Mvc.Infrastructure.ObjectResultExecutor] [22100] [49] - Executing ObjectResult, writing value of type 'Volo.Abp.AspNetCore.Mvc.ApplicationConfigurations.ApplicationConfigurationDto'.
2024-10-28 23:13:40 [INF] [Microsoft.AspNetCore.Mvc.Infrastructure.ControllerActionInvoker] [22100] [56] - Executed action Volo.Abp.AspNetCore.Mvc.ApplicationConfigurations.AbpApplicationConfigurationController.GetAsync (Volo.Abp.AspNetCore.Mvc) in 690.6676ms
2024-10-28 23:13:40 [INF] [Microsoft.AspNetCore.Routing.EndpointMiddleware] [22100] [56] - Executed endpoint 'Volo.Abp.AspNetCore.Mvc.ApplicationConfigurations.AbpApplicationConfigurationController.GetAsync (Volo.Abp.AspNetCore.Mvc)'
2024-10-28 23:13:40 [INF] [Microsoft.AspNetCore.Hosting.Diagnostics] [22100] [56] - Request finished HTTP/1.1 GET http://127.0.0.1:5002/api/abp/application-configuration?_t=1730128419317 - 200 52258 application/json; charset=utf-8 1049.9289ms
2024-10-28 23:13:47 [INF] [Microsoft.AspNetCore.Hosting.Diagnostics] [22100] [56] - Request starting HTTP/1.1 GET http://127.0.0.1:5002/api/abp/api-definition?_t=1730128427593 - null 0
2024-10-28 23:13:47 [INF] [Microsoft.AspNetCore.Routing.EndpointMiddleware] [22100] [56] - Executing endpoint 'Volo.Abp.AspNetCore.Mvc.ApiExploring.AbpApiDefinitionController.Get (Volo.Abp.AspNetCore.Mvc)'
2024-10-28 23:13:47 [INF] [Microsoft.AspNetCore.Mvc.Infrastructure.ControllerActionInvoker] [22100] [56] - Route matched with {area = "abp", action = "Get", controller = "AbpApiDefinition"}. Executing controller action with signature Volo.Abp.Http.Modeling.ApplicationApiDescriptionModel Get(Volo.Abp.Http.Modeling.ApplicationApiDescriptionModelRequestDto) on controller Volo.Abp.AspNetCore.Mvc.ApiExploring.AbpApiDefinitionController (Volo.Abp.AspNetCore.Mvc).
2024-10-28 23:13:47 [INF] [Microsoft.AspNetCore.Mvc.Infrastructure.ControllerActionInvoker] [22100] [56] - Executing action method Volo.Abp.AspNetCore.Mvc.ApiExploring.AbpApiDefinitionController.Get (Volo.Abp.AspNetCore.Mvc) - Validation state: "Valid"
2024-10-28 23:13:47 [DBG] [Volo.Abp.AspNetCore.Mvc.AspNetCoreApiDescriptionModelProvider] [22100] [56] - ActionApiDescriptionModel.Create: Language.GetListAsyncByInput
2024-10-28 23:13:47 [DBG] [Volo.Abp.AspNetCore.Mvc.AspNetCoreApiDescriptionModelProvider] [22100] [56] - ActionApiDescriptionModel.Create: Resource.GetListAsyncByInput
2024-10-28 23:13:47 [DBG] [Volo.Abp.AspNetCore.Mvc.AspNetCoreApiDescriptionModelProvider] [22100] [56] - ActionApiDescriptionModel.Create: Text.GetByCultureKeyAsyncByInput
2024-10-28 23:13:47 [DBG] [Volo.Abp.AspNetCore.Mvc.AspNetCoreApiDescriptionModelProvider] [22100] [56] - ActionApiDescriptionModel.Create: Text.GetListAsyncByInput
2024-10-28 23:13:47 [DBG] [Volo.Abp.AspNetCore.Mvc.AspNetCoreApiDescriptionModelProvider] [22100] [56] - ActionApiDescriptionModel.Create: Onboarding.GetListAsyncByInput
2024-10-28 23:13:47 [DBG] [Volo.Abp.AspNetCore.Mvc.AspNetCoreApiDescriptionModelProvider] [22100] [56] - ActionApiDescriptionModel.Create: Onboarding.CreateAsyncByWebhookEvent
2024-10-28 23:13:47 [DBG] [Volo.Abp.AspNetCore.Mvc.AspNetCoreApiDescriptionModelProvider] [22100] [56] - ActionApiDescriptionModel.Create: Onboarding.CompleteTaskAsyncByTaskIdAndCancellationToken
2024-10-28 23:13:47 [DBG] [Volo.Abp.AspNetCore.Mvc.AspNetCoreApiDescriptionModelProvider] [22100] [56] - ActionApiDescriptionModel.Create: AbpApplicationConfiguration.GetAsyncByOptions
2024-10-28 23:13:47 [DBG] [Volo.Abp.AspNetCore.Mvc.AspNetCoreApiDescriptionModelProvider] [22100] [56] - ActionApiDescriptionModel.Create: AbpApplicationLocalization.GetAsyncByInput
2024-10-28 23:13:47 [DBG] [Volo.Abp.AspNetCore.Mvc.AspNetCoreApiDescriptionModelProvider] [22100] [56] - ActionApiDescriptionModel.Create: AbpApiDefinition.GetByModel
2024-10-28 23:13:47 [INF] [Microsoft.AspNetCore.Mvc.Infrastructure.ControllerActionInvoker] [22100] [56] - Executed action method Volo.Abp.AspNetCore.Mvc.ApiExploring.AbpApiDefinitionController.Get (Volo.Abp.AspNetCore.Mvc), returned result Microsoft.AspNetCore.Mvc.ObjectResult in 27.2543ms.
2024-10-28 23:13:47 [INF] [Microsoft.AspNetCore.Mvc.Infrastructure.ObjectResultExecutor] [22100] [56] - Executing ObjectResult, writing value of type 'Volo.Abp.Http.Modeling.ApplicationApiDescriptionModel'.
2024-10-28 23:13:47 [INF] [Microsoft.AspNetCore.Mvc.Infrastructure.ControllerActionInvoker] [22100] [56] - Executed action Volo.Abp.AspNetCore.Mvc.ApiExploring.AbpApiDefinitionController.Get (Volo.Abp.AspNetCore.Mvc) in 39.7505ms
2024-10-28 23:13:47 [INF] [Microsoft.AspNetCore.Routing.EndpointMiddleware] [22100] [56] - Executed endpoint 'Volo.Abp.AspNetCore.Mvc.ApiExploring.AbpApiDefinitionController.Get (Volo.Abp.AspNetCore.Mvc)'
2024-10-28 23:13:47 [INF] [Microsoft.AspNetCore.Hosting.Diagnostics] [22100] [56] - Request finished HTTP/1.1 GET http://127.0.0.1:5002/api/abp/api-definition?_t=1730128427593 - 200 20847 application/json; charset=utf-8 59.6371ms
