2024-10-23 10:14:35 [FTL] [] [53768] [1] - Host terminated unexpectedly!
Volo.Abp.AbpInitializationException: An error occurred during the initialize Volo.Abp.Modularity.OnApplicationInitializationModuleLifecycleContributor phase of the module ZQH.MicroService.Workflows.ElsaHttpApi.Host.WorkflowsManagementElsaHttpApiHostModule, ZQH.MicroService.Workflows.ElsaHttpApi.Host, Version=1.0.0.0, Culture=neutral, PublicKeyToken=null: An exception was thrown while activating Microsoft.AspNetCore.Mvc.Infrastructure.ControllerActionEndpointDataSourceFactory -> Microsoft.AspNetCore.Mvc.Infrastructure.DefaultActionDescriptorCollectionProvider -> λ:Microsoft.AspNetCore.Mvc.Abstractions.IActionDescriptorProvider[] -> Microsoft.AspNetCore.Mvc.ApplicationModels.ControllerActionDescriptorProvider -> Microsoft.AspNetCore.Mvc.ApplicationModels.ApplicationModelFactory -> λ:Microsoft.AspNetCore.Mvc.ApplicationModels.IApplicationModelProvider[] -> Microsoft.AspNetCore.Mvc.ApplicationModels.DefaultApplicationModelProvider -> Microsoft.Extensions.Options.UnnamedOptionsManager`1[[Microsoft.AspNetCore.Mvc.MvcOptions, Microsoft.AspNetCore.Mvc.Core, Version=8.0.0.0, Culture=neutral, PublicKeyToken=adb9793829ddae60]] -> Microsoft.Extensions.Options.OptionsFactory`1[[Microsoft.AspNetCore.Mvc.MvcOptions, Microsoft.AspNetCore.Mvc.Core, Version=8.0.0.0, Culture=neutral, PublicKeyToken=adb9793829ddae60]] -> λ:Microsoft.Extensions.Options.IConfigureOptions`1[[Microsoft.AspNetCore.Mvc.MvcOptions, Microsoft.AspNetCore.Mvc.Core, Version=8.0.0.0, Culture=neutral, PublicKeyToken=adb9793829ddae60]][] -> Microsoft.Extensions.DependencyInjection.MvcDataAnnotationsMvcOptionsSetup -> Volo.Abp.Localization.AbpStringLocalizerFactory.. See the inner exception for details.
 ---> Autofac.Core.DependencyResolutionException: An exception was thrown while activating Microsoft.AspNetCore.Mvc.Infrastructure.ControllerActionEndpointDataSourceFactory -> Microsoft.AspNetCore.Mvc.Infrastructure.DefaultActionDescriptorCollectionProvider -> λ:Microsoft.AspNetCore.Mvc.Abstractions.IActionDescriptorProvider[] -> Microsoft.AspNetCore.Mvc.ApplicationModels.ControllerActionDescriptorProvider -> Microsoft.AspNetCore.Mvc.ApplicationModels.ApplicationModelFactory -> λ:Microsoft.AspNetCore.Mvc.ApplicationModels.IApplicationModelProvider[] -> Microsoft.AspNetCore.Mvc.ApplicationModels.DefaultApplicationModelProvider -> Microsoft.Extensions.Options.UnnamedOptionsManager`1[[Microsoft.AspNetCore.Mvc.MvcOptions, Microsoft.AspNetCore.Mvc.Core, Version=8.0.0.0, Culture=neutral, PublicKeyToken=adb9793829ddae60]] -> Microsoft.Extensions.Options.OptionsFactory`1[[Microsoft.AspNetCore.Mvc.MvcOptions, Microsoft.AspNetCore.Mvc.Core, Version=8.0.0.0, Culture=neutral, PublicKeyToken=adb9793829ddae60]] -> λ:Microsoft.Extensions.Options.IConfigureOptions`1[[Microsoft.AspNetCore.Mvc.MvcOptions, Microsoft.AspNetCore.Mvc.Core, Version=8.0.0.0, Culture=neutral, PublicKeyToken=adb9793829ddae60]][] -> Microsoft.Extensions.DependencyInjection.MvcDataAnnotationsMvcOptionsSetup -> Volo.Abp.Localization.AbpStringLocalizerFactory.
 ---> Autofac.Core.DependencyResolutionException: An exception was thrown while invoking the constructor 'Void .ctor(Microsoft.Extensions.Localization.ResourceManagerStringLocalizerFactory, Microsoft.Extensions.Options.IOptions`1[Volo.Abp.Localization.AbpLocalizationOptions], System.IServiceProvider, Volo.Abp.Localization.External.IExternalLocalizationStore)' on type 'AbpStringLocalizerFactory'.
 ---> Volo.Abp.AbpException: Can not find a resource with given type: ZQH.Abp.Onboarding.Localization.OnboardingResource, ZQH.Abp.Onboarding.HttpApi, Version=8.2.1.0, Culture=neutral, PublicKeyToken=null
   at Volo.Abp.Localization.LocalizationResourceDictionary.Get[TResource]()
   at ZQH.Abp.Onboarding.AbpOnboardingHttpApiModule.<>c.<ConfigureServices>b__1_1(AbpLocalizationOptions options) in E:\abp-vue\aspnet-core\modules\Onboarding\ZQH.Abp.Onboarding.HttpApi\ZQH\Abp\Onboarding\AbpOnboardingHttpApiModule.cs:line 60
   at Microsoft.Extensions.Options.OptionsFactory`1.Create(String name)
   at Microsoft.Extensions.Options.UnnamedOptionsManager`1.get_Value()
   at Volo.Abp.Localization.AbpStringLocalizerFactory..ctor(ResourceManagerStringLocalizerFactory innerFactory, IOptions`1 abpLocalizationOptions, IServiceProvider serviceProvider, IExternalLocalizationStore externalLocalizationStore)
   at lambda_method606(Closure, Object[])
   at Autofac.Core.Activators.Reflection.BoundConstructor.Instantiate()
   --- End of inner exception stack trace ---
   at Autofac.Core.Activators.Reflection.BoundConstructor.Instantiate()
   at Autofac.Core.Activators.Reflection.ReflectionActivator.<>c__DisplayClass14_0.<UseSingleConstructorActivation>b__0(ResolveRequestContext context, Action`1 next)
   at Autofac.Core.Resolving.Middleware.DelegateMiddleware.Execute(ResolveRequestContext context, Action`1 next)
   at Autofac.Core.Resolving.Pipeline.ResolvePipelineBuilder.<>c__DisplayClass14_0.<BuildPipeline>b__1(ResolveRequestContext context)
   at Autofac.Core.Resolving.Middleware.DisposalTrackingMiddleware.Execute(ResolveRequestContext context, Action`1 next)
   at Autofac.Core.Resolving.Pipeline.ResolvePipelineBuilder.<>c__DisplayClass14_0.<BuildPipeline>b__1(ResolveRequestContext context)
   at Autofac.Builder.RegistrationBuilder`3.<>c__DisplayClass41_0.<PropertiesAutowired>b__0(ResolveRequestContext context, Action`1 next)
   at Autofac.Core.Resolving.Middleware.DelegateMiddleware.Execute(ResolveRequestContext context, Action`1 next)
   at Autofac.Core.Resolving.Pipeline.ResolvePipelineBuilder.<>c__DisplayClass14_0.<BuildPipeline>b__1(ResolveRequestContext context)
   at Autofac.Builder.RegistrationBuilder`3.<>c__DisplayClass39_0.<OnActivated>b__0(ResolveRequestContext context, Action`1 next)
   at Autofac.Core.Resolving.Middleware.CoreEventMiddleware.Execute(ResolveRequestContext context, Action`1 next)
   at Autofac.Core.Resolving.Pipeline.ResolvePipelineBuilder.<>c__DisplayClass14_0.<BuildPipeline>b__1(ResolveRequestContext context)
   at Autofac.Core.Resolving.Middleware.ActivatorErrorHandlingMiddleware.Execute(ResolveRequestContext context, Action`1 next)
   --- End of inner exception stack trace ---
   at Autofac.Core.Resolving.Middleware.ActivatorErrorHandlingMiddleware.Execute(ResolveRequestContext context, Action`1 next)
   at Autofac.Core.Resolving.Pipeline.ResolvePipelineBuilder.<>c__DisplayClass14_0.<BuildPipeline>b__1(ResolveRequestContext context)
   at Autofac.Core.Pipeline.ResolvePipeline.Invoke(ResolveRequestContext context)
   at Autofac.Core.Resolving.Middleware.RegistrationPipelineInvokeMiddleware.Execute(ResolveRequestContext context, Action`1 next)
   at Autofac.Core.Resolving.Pipeline.ResolvePipelineBuilder.<>c__DisplayClass14_0.<BuildPipeline>b__1(ResolveRequestContext context)
   at Autofac.Core.Resolving.Middleware.SharingMiddleware.<>c__DisplayClass5_0.<Execute>b__0()
   at Autofac.Core.Lifetime.LifetimeScope.CreateSharedInstance(Guid id, Func`1 creator)
   at Autofac.Core.Lifetime.LifetimeScope.CreateSharedInstance(Guid primaryId, Nullable`1 qualifyingId, Func`1 creator)
   at Autofac.Core.Resolving.Middleware.SharingMiddleware.Execute(ResolveRequestContext context, Action`1 next)
   at Autofac.Core.Resolving.Pipeline.ResolvePipelineBuilder.<>c__DisplayClass14_0.<BuildPipeline>b__1(ResolveRequestContext context)
   at Autofac.Core.Resolving.Pipeline.ResolvePipelineBuilder.<>c__DisplayClass14_0.<BuildPipeline>b__1(ResolveRequestContext context)
   at Autofac.Core.Resolving.Middleware.CircularDependencyDetectorMiddleware.Execute(ResolveRequestContext context, Action`1 next)
   at Autofac.Core.Resolving.Pipeline.ResolvePipelineBuilder.<>c__DisplayClass14_0.<BuildPipeline>b__1(ResolveRequestContext context)
   at Autofac.Extensions.DependencyInjection.KeyedServiceMiddleware.Execute(ResolveRequestContext context, Action`1 next)
   at Autofac.Core.Resolving.Pipeline.ResolvePipelineBuilder.<>c__DisplayClass14_0.<BuildPipeline>b__1(ResolveRequestContext context)
   at Autofac.Core.Pipeline.ResolvePipeline.Invoke(ResolveRequestContext context)
   at Autofac.Core.Resolving.ResolveOperation.GetOrCreateInstance(ISharingLifetimeScope currentOperationScope, ResolveRequest& request)
   at Autofac.Core.Resolving.ResolveOperation.ExecuteOperation(ResolveRequest& request)
   at Autofac.Core.Resolving.ResolveOperation.Execute(ResolveRequest& request)
   at Autofac.Core.Lifetime.LifetimeScope.ResolveComponent(ResolveRequest& request)
   at Autofac.Core.Container.ResolveComponent(ResolveRequest& request)
   at Autofac.Core.Container.Autofac.IComponentContext.ResolveComponent(ResolveRequest& request)
   at Autofac.ResolutionExtensions.TryResolveService(IComponentContext context, Service service, IEnumerable`1 parameters, Object& instance)
   at Autofac.ResolutionExtensions.ResolveService(IComponentContext context, Service service, IEnumerable`1 parameters)
   at Autofac.ResolutionExtensions.Resolve(IComponentContext context, Type serviceType, IEnumerable`1 parameters)
   at Autofac.ResolutionExtensions.Resolve(IComponentContext context, Type serviceType)
   at Autofac.Extensions.DependencyInjection.AutofacServiceProvider.GetRequiredService(Type serviceType)
   at Microsoft.Extensions.DependencyInjection.ServiceProviderServiceExtensions.GetRequiredService(IServiceProvider provider, Type serviceType)
   at Microsoft.Extensions.DependencyInjection.ServiceProviderServiceExtensions.GetRequiredService[T](IServiceProvider provider)
   at Microsoft.AspNetCore.Builder.ControllerEndpointRouteBuilderExtensions.GetOrCreateDataSource(IEndpointRouteBuilder endpoints)
   at Microsoft.AspNetCore.Builder.ControllerEndpointRouteBuilderExtensions.MapControllerRoute(IEndpointRouteBuilder endpoints, String name, String pattern, Object defaults, Object constraints, Object dataTokens)
   at Volo.Abp.AspNetCore.Mvc.AbpAspNetCoreMvcModule.<>c.<ConfigureServices>b__1_13(EndpointRouteBuilderContext endpointContext)
   at Microsoft.AspNetCore.Builder.AbpAspNetCoreApplicationBuilderExtensions.<>c__DisplayClass0_0.<UseConfiguredEndpoints>b__0(IEndpointRouteBuilder endpoints)
   at Microsoft.AspNetCore.Builder.EndpointRoutingApplicationBuilderExtensions.UseEndpoints(IApplicationBuilder builder, Action`1 configure)
   at Microsoft.AspNetCore.Builder.AbpAspNetCoreApplicationBuilderExtensions.UseConfiguredEndpoints(IApplicationBuilder app, Action`1 additionalConfigurationAction)
   at ZQH.MicroService.Workflows.ElsaHttpApi.Host.WorkflowsManagementElsaHttpApiHostModule.OnApplicationInitialization(ApplicationInitializationContext context) in E:\abp-vue\aspnet-core\services\ZQH.MicroService.WorkflowsManagement.ElsaHttpApi.Host\WorkflowsManagementElsaHttpApiHostModule.cs:line 209
   at Volo.Abp.Modularity.AbpModule.OnApplicationInitializationAsync(ApplicationInitializationContext context)
   at Volo.Abp.Modularity.OnApplicationInitializationModuleLifecycleContributor.InitializeAsync(ApplicationInitializationContext context, IAbpModule module)
   at Volo.Abp.Modularity.ModuleManager.InitializeModulesAsync(ApplicationInitializationContext context)
   --- End of inner exception stack trace ---
   at Volo.Abp.Modularity.ModuleManager.InitializeModulesAsync(ApplicationInitializationContext context)
   at Volo.Abp.AbpApplicationBase.InitializeModulesAsync()
   at Volo.Abp.AbpApplicationWithExternalServiceProvider.InitializeAsync(IServiceProvider serviceProvider)
   at Microsoft.AspNetCore.Builder.AbpApplicationBuilderExtensions.InitializeApplicationAsync(IApplicationBuilder app)
   at ZQH.MicroService.Workflows.ElsaHttpApi.Host.ElsaHttpApi.Host.Program.Main(String[] args) in E:\abp-vue\aspnet-core\services\ZQH.MicroService.WorkflowsManagement.ElsaHttpApi.Host\Program.cs:line 71
2024-10-23 10:15:03 [FTL] [] [51588] [1] - Host terminated unexpectedly!
Volo.Abp.AbpInitializationException: An error occurred during the initialize Volo.Abp.Modularity.OnApplicationInitializationModuleLifecycleContributor phase of the module ZQH.MicroService.Workflows.ElsaHttpApi.Host.WorkflowsManagementElsaHttpApiHostModule, ZQH.MicroService.Workflows.ElsaHttpApi.Host, Version=1.0.0.0, Culture=neutral, PublicKeyToken=null: An exception was thrown while activating Microsoft.AspNetCore.Mvc.Infrastructure.ControllerActionEndpointDataSourceFactory -> Microsoft.AspNetCore.Mvc.Infrastructure.DefaultActionDescriptorCollectionProvider -> λ:Microsoft.AspNetCore.Mvc.Abstractions.IActionDescriptorProvider[] -> Microsoft.AspNetCore.Mvc.ApplicationModels.ControllerActionDescriptorProvider -> Microsoft.AspNetCore.Mvc.ApplicationModels.ApplicationModelFactory -> λ:Microsoft.AspNetCore.Mvc.ApplicationModels.IApplicationModelProvider[] -> Microsoft.AspNetCore.Mvc.ApplicationModels.DefaultApplicationModelProvider -> Microsoft.Extensions.Options.UnnamedOptionsManager`1[[Microsoft.AspNetCore.Mvc.MvcOptions, Microsoft.AspNetCore.Mvc.Core, Version=8.0.0.0, Culture=neutral, PublicKeyToken=adb9793829ddae60]] -> Microsoft.Extensions.Options.OptionsFactory`1[[Microsoft.AspNetCore.Mvc.MvcOptions, Microsoft.AspNetCore.Mvc.Core, Version=8.0.0.0, Culture=neutral, PublicKeyToken=adb9793829ddae60]] -> λ:Microsoft.Extensions.Options.IConfigureOptions`1[[Microsoft.AspNetCore.Mvc.MvcOptions, Microsoft.AspNetCore.Mvc.Core, Version=8.0.0.0, Culture=neutral, PublicKeyToken=adb9793829ddae60]][] -> Microsoft.Extensions.DependencyInjection.MvcDataAnnotationsMvcOptionsSetup -> Volo.Abp.Localization.AbpStringLocalizerFactory.. See the inner exception for details.
 ---> Autofac.Core.DependencyResolutionException: An exception was thrown while activating Microsoft.AspNetCore.Mvc.Infrastructure.ControllerActionEndpointDataSourceFactory -> Microsoft.AspNetCore.Mvc.Infrastructure.DefaultActionDescriptorCollectionProvider -> λ:Microsoft.AspNetCore.Mvc.Abstractions.IActionDescriptorProvider[] -> Microsoft.AspNetCore.Mvc.ApplicationModels.ControllerActionDescriptorProvider -> Microsoft.AspNetCore.Mvc.ApplicationModels.ApplicationModelFactory -> λ:Microsoft.AspNetCore.Mvc.ApplicationModels.IApplicationModelProvider[] -> Microsoft.AspNetCore.Mvc.ApplicationModels.DefaultApplicationModelProvider -> Microsoft.Extensions.Options.UnnamedOptionsManager`1[[Microsoft.AspNetCore.Mvc.MvcOptions, Microsoft.AspNetCore.Mvc.Core, Version=8.0.0.0, Culture=neutral, PublicKeyToken=adb9793829ddae60]] -> Microsoft.Extensions.Options.OptionsFactory`1[[Microsoft.AspNetCore.Mvc.MvcOptions, Microsoft.AspNetCore.Mvc.Core, Version=8.0.0.0, Culture=neutral, PublicKeyToken=adb9793829ddae60]] -> λ:Microsoft.Extensions.Options.IConfigureOptions`1[[Microsoft.AspNetCore.Mvc.MvcOptions, Microsoft.AspNetCore.Mvc.Core, Version=8.0.0.0, Culture=neutral, PublicKeyToken=adb9793829ddae60]][] -> Microsoft.Extensions.DependencyInjection.MvcDataAnnotationsMvcOptionsSetup -> Volo.Abp.Localization.AbpStringLocalizerFactory.
 ---> Autofac.Core.DependencyResolutionException: An exception was thrown while invoking the constructor 'Void .ctor(Microsoft.Extensions.Localization.ResourceManagerStringLocalizerFactory, Microsoft.Extensions.Options.IOptions`1[Volo.Abp.Localization.AbpLocalizationOptions], System.IServiceProvider, Volo.Abp.Localization.External.IExternalLocalizationStore)' on type 'AbpStringLocalizerFactory'.
 ---> Volo.Abp.AbpException: Can not find a resource with given type: ZQH.Abp.Onboarding.Localization.OnboardingResource, ZQH.Abp.Onboarding.HttpApi, Version=8.2.1.0, Culture=neutral, PublicKeyToken=null
   at Volo.Abp.Localization.LocalizationResourceDictionary.Get[TResource]()
   at ZQH.Abp.Onboarding.AbpOnboardingHttpApiModule.<>c.<ConfigureServices>b__1_1(AbpLocalizationOptions options) in E:\abp-vue\aspnet-core\modules\Onboarding\ZQH.Abp.Onboarding.HttpApi\ZQH\Abp\Onboarding\AbpOnboardingHttpApiModule.cs:line 60
   at Microsoft.Extensions.Options.OptionsFactory`1.Create(String name)
   at Microsoft.Extensions.Options.UnnamedOptionsManager`1.get_Value()
   at Volo.Abp.Localization.AbpStringLocalizerFactory..ctor(ResourceManagerStringLocalizerFactory innerFactory, IOptions`1 abpLocalizationOptions, IServiceProvider serviceProvider, IExternalLocalizationStore externalLocalizationStore)
   at lambda_method606(Closure, Object[])
   at Autofac.Core.Activators.Reflection.BoundConstructor.Instantiate()
   --- End of inner exception stack trace ---
   at Autofac.Core.Activators.Reflection.BoundConstructor.Instantiate()
   at Autofac.Core.Activators.Reflection.ReflectionActivator.<>c__DisplayClass14_0.<UseSingleConstructorActivation>b__0(ResolveRequestContext context, Action`1 next)
   at Autofac.Core.Resolving.Middleware.DelegateMiddleware.Execute(ResolveRequestContext context, Action`1 next)
   at Autofac.Core.Resolving.Pipeline.ResolvePipelineBuilder.<>c__DisplayClass14_0.<BuildPipeline>b__1(ResolveRequestContext context)
   at Autofac.Core.Resolving.Middleware.DisposalTrackingMiddleware.Execute(ResolveRequestContext context, Action`1 next)
   at Autofac.Core.Resolving.Pipeline.ResolvePipelineBuilder.<>c__DisplayClass14_0.<BuildPipeline>b__1(ResolveRequestContext context)
   at Autofac.Builder.RegistrationBuilder`3.<>c__DisplayClass41_0.<PropertiesAutowired>b__0(ResolveRequestContext context, Action`1 next)
   at Autofac.Core.Resolving.Middleware.DelegateMiddleware.Execute(ResolveRequestContext context, Action`1 next)
   at Autofac.Core.Resolving.Pipeline.ResolvePipelineBuilder.<>c__DisplayClass14_0.<BuildPipeline>b__1(ResolveRequestContext context)
   at Autofac.Builder.RegistrationBuilder`3.<>c__DisplayClass39_0.<OnActivated>b__0(ResolveRequestContext context, Action`1 next)
   at Autofac.Core.Resolving.Middleware.CoreEventMiddleware.Execute(ResolveRequestContext context, Action`1 next)
   at Autofac.Core.Resolving.Pipeline.ResolvePipelineBuilder.<>c__DisplayClass14_0.<BuildPipeline>b__1(ResolveRequestContext context)
   at Autofac.Core.Resolving.Middleware.ActivatorErrorHandlingMiddleware.Execute(ResolveRequestContext context, Action`1 next)
   --- End of inner exception stack trace ---
   at Autofac.Core.Resolving.Middleware.ActivatorErrorHandlingMiddleware.Execute(ResolveRequestContext context, Action`1 next)
   at Autofac.Core.Resolving.Pipeline.ResolvePipelineBuilder.<>c__DisplayClass14_0.<BuildPipeline>b__1(ResolveRequestContext context)
   at Autofac.Core.Pipeline.ResolvePipeline.Invoke(ResolveRequestContext context)
   at Autofac.Core.Resolving.Middleware.RegistrationPipelineInvokeMiddleware.Execute(ResolveRequestContext context, Action`1 next)
   at Autofac.Core.Resolving.Pipeline.ResolvePipelineBuilder.<>c__DisplayClass14_0.<BuildPipeline>b__1(ResolveRequestContext context)
   at Autofac.Core.Resolving.Middleware.SharingMiddleware.<>c__DisplayClass5_0.<Execute>b__0()
   at Autofac.Core.Lifetime.LifetimeScope.CreateSharedInstance(Guid id, Func`1 creator)
   at Autofac.Core.Lifetime.LifetimeScope.CreateSharedInstance(Guid primaryId, Nullable`1 qualifyingId, Func`1 creator)
   at Autofac.Core.Resolving.Middleware.SharingMiddleware.Execute(ResolveRequestContext context, Action`1 next)
   at Autofac.Core.Resolving.Pipeline.ResolvePipelineBuilder.<>c__DisplayClass14_0.<BuildPipeline>b__1(ResolveRequestContext context)
   at Autofac.Core.Resolving.Pipeline.ResolvePipelineBuilder.<>c__DisplayClass14_0.<BuildPipeline>b__1(ResolveRequestContext context)
   at Autofac.Core.Resolving.Middleware.CircularDependencyDetectorMiddleware.Execute(ResolveRequestContext context, Action`1 next)
   at Autofac.Core.Resolving.Pipeline.ResolvePipelineBuilder.<>c__DisplayClass14_0.<BuildPipeline>b__1(ResolveRequestContext context)
   at Autofac.Extensions.DependencyInjection.KeyedServiceMiddleware.Execute(ResolveRequestContext context, Action`1 next)
   at Autofac.Core.Resolving.Pipeline.ResolvePipelineBuilder.<>c__DisplayClass14_0.<BuildPipeline>b__1(ResolveRequestContext context)
   at Autofac.Core.Pipeline.ResolvePipeline.Invoke(ResolveRequestContext context)
   at Autofac.Core.Resolving.ResolveOperation.GetOrCreateInstance(ISharingLifetimeScope currentOperationScope, ResolveRequest& request)
   at Autofac.Core.Resolving.ResolveOperation.ExecuteOperation(ResolveRequest& request)
   at Autofac.Core.Resolving.ResolveOperation.Execute(ResolveRequest& request)
   at Autofac.Core.Lifetime.LifetimeScope.ResolveComponent(ResolveRequest& request)
   at Autofac.Core.Container.ResolveComponent(ResolveRequest& request)
   at Autofac.Core.Container.Autofac.IComponentContext.ResolveComponent(ResolveRequest& request)
   at Autofac.ResolutionExtensions.TryResolveService(IComponentContext context, Service service, IEnumerable`1 parameters, Object& instance)
   at Autofac.ResolutionExtensions.ResolveService(IComponentContext context, Service service, IEnumerable`1 parameters)
   at Autofac.ResolutionExtensions.Resolve(IComponentContext context, Type serviceType, IEnumerable`1 parameters)
   at Autofac.ResolutionExtensions.Resolve(IComponentContext context, Type serviceType)
   at Autofac.Extensions.DependencyInjection.AutofacServiceProvider.GetRequiredService(Type serviceType)
   at Microsoft.Extensions.DependencyInjection.ServiceProviderServiceExtensions.GetRequiredService(IServiceProvider provider, Type serviceType)
   at Microsoft.Extensions.DependencyInjection.ServiceProviderServiceExtensions.GetRequiredService[T](IServiceProvider provider)
   at Microsoft.AspNetCore.Builder.ControllerEndpointRouteBuilderExtensions.GetOrCreateDataSource(IEndpointRouteBuilder endpoints)
   at Microsoft.AspNetCore.Builder.ControllerEndpointRouteBuilderExtensions.MapControllerRoute(IEndpointRouteBuilder endpoints, String name, String pattern, Object defaults, Object constraints, Object dataTokens)
   at Volo.Abp.AspNetCore.Mvc.AbpAspNetCoreMvcModule.<>c.<ConfigureServices>b__1_13(EndpointRouteBuilderContext endpointContext)
   at Microsoft.AspNetCore.Builder.AbpAspNetCoreApplicationBuilderExtensions.<>c__DisplayClass0_0.<UseConfiguredEndpoints>b__0(IEndpointRouteBuilder endpoints)
   at Microsoft.AspNetCore.Builder.EndpointRoutingApplicationBuilderExtensions.UseEndpoints(IApplicationBuilder builder, Action`1 configure)
   at Microsoft.AspNetCore.Builder.AbpAspNetCoreApplicationBuilderExtensions.UseConfiguredEndpoints(IApplicationBuilder app, Action`1 additionalConfigurationAction)
   at ZQH.MicroService.Workflows.ElsaHttpApi.Host.WorkflowsManagementElsaHttpApiHostModule.OnApplicationInitialization(ApplicationInitializationContext context) in E:\abp-vue\aspnet-core\services\ZQH.MicroService.WorkflowsManagement.ElsaHttpApi.Host\WorkflowsManagementElsaHttpApiHostModule.cs:line 209
   at Volo.Abp.Modularity.AbpModule.OnApplicationInitializationAsync(ApplicationInitializationContext context)
   at Volo.Abp.Modularity.OnApplicationInitializationModuleLifecycleContributor.InitializeAsync(ApplicationInitializationContext context, IAbpModule module)
   at Volo.Abp.Modularity.ModuleManager.InitializeModulesAsync(ApplicationInitializationContext context)
   --- End of inner exception stack trace ---
   at Volo.Abp.Modularity.ModuleManager.InitializeModulesAsync(ApplicationInitializationContext context)
   at Volo.Abp.AbpApplicationBase.InitializeModulesAsync()
   at Volo.Abp.AbpApplicationWithExternalServiceProvider.InitializeAsync(IServiceProvider serviceProvider)
   at Microsoft.AspNetCore.Builder.AbpApplicationBuilderExtensions.InitializeApplicationAsync(IApplicationBuilder app)
   at ZQH.MicroService.Workflows.ElsaHttpApi.Host.ElsaHttpApi.Host.Program.Main(String[] args) in E:\abp-vue\aspnet-core\services\ZQH.MicroService.WorkflowsManagement.ElsaHttpApi.Host\Program.cs:line 71
2024-10-23 10:15:40 [FTL] [] [60668] [1] - Host terminated unexpectedly!
Volo.Abp.AbpInitializationException: An error occurred during the initialize Volo.Abp.Modularity.OnApplicationInitializationModuleLifecycleContributor phase of the module ZQH.MicroService.Workflows.ElsaHttpApi.Host.WorkflowsManagementElsaHttpApiHostModule, ZQH.MicroService.Workflows.ElsaHttpApi.Host, Version=1.0.0.0, Culture=neutral, PublicKeyToken=null: An exception was thrown while activating Microsoft.AspNetCore.Mvc.Infrastructure.ControllerActionEndpointDataSourceFactory -> Microsoft.AspNetCore.Mvc.Infrastructure.DefaultActionDescriptorCollectionProvider -> λ:Microsoft.AspNetCore.Mvc.Abstractions.IActionDescriptorProvider[] -> Microsoft.AspNetCore.Mvc.ApplicationModels.ControllerActionDescriptorProvider -> Microsoft.AspNetCore.Mvc.ApplicationModels.ApplicationModelFactory -> λ:Microsoft.AspNetCore.Mvc.ApplicationModels.IApplicationModelProvider[] -> Microsoft.AspNetCore.Mvc.ApplicationModels.DefaultApplicationModelProvider -> Microsoft.Extensions.Options.UnnamedOptionsManager`1[[Microsoft.AspNetCore.Mvc.MvcOptions, Microsoft.AspNetCore.Mvc.Core, Version=8.0.0.0, Culture=neutral, PublicKeyToken=adb9793829ddae60]] -> Microsoft.Extensions.Options.OptionsFactory`1[[Microsoft.AspNetCore.Mvc.MvcOptions, Microsoft.AspNetCore.Mvc.Core, Version=8.0.0.0, Culture=neutral, PublicKeyToken=adb9793829ddae60]] -> λ:Microsoft.Extensions.Options.IConfigureOptions`1[[Microsoft.AspNetCore.Mvc.MvcOptions, Microsoft.AspNetCore.Mvc.Core, Version=8.0.0.0, Culture=neutral, PublicKeyToken=adb9793829ddae60]][] -> Microsoft.Extensions.DependencyInjection.MvcDataAnnotationsMvcOptionsSetup -> Volo.Abp.Localization.AbpStringLocalizerFactory.. See the inner exception for details.
 ---> Autofac.Core.DependencyResolutionException: An exception was thrown while activating Microsoft.AspNetCore.Mvc.Infrastructure.ControllerActionEndpointDataSourceFactory -> Microsoft.AspNetCore.Mvc.Infrastructure.DefaultActionDescriptorCollectionProvider -> λ:Microsoft.AspNetCore.Mvc.Abstractions.IActionDescriptorProvider[] -> Microsoft.AspNetCore.Mvc.ApplicationModels.ControllerActionDescriptorProvider -> Microsoft.AspNetCore.Mvc.ApplicationModels.ApplicationModelFactory -> λ:Microsoft.AspNetCore.Mvc.ApplicationModels.IApplicationModelProvider[] -> Microsoft.AspNetCore.Mvc.ApplicationModels.DefaultApplicationModelProvider -> Microsoft.Extensions.Options.UnnamedOptionsManager`1[[Microsoft.AspNetCore.Mvc.MvcOptions, Microsoft.AspNetCore.Mvc.Core, Version=8.0.0.0, Culture=neutral, PublicKeyToken=adb9793829ddae60]] -> Microsoft.Extensions.Options.OptionsFactory`1[[Microsoft.AspNetCore.Mvc.MvcOptions, Microsoft.AspNetCore.Mvc.Core, Version=8.0.0.0, Culture=neutral, PublicKeyToken=adb9793829ddae60]] -> λ:Microsoft.Extensions.Options.IConfigureOptions`1[[Microsoft.AspNetCore.Mvc.MvcOptions, Microsoft.AspNetCore.Mvc.Core, Version=8.0.0.0, Culture=neutral, PublicKeyToken=adb9793829ddae60]][] -> Microsoft.Extensions.DependencyInjection.MvcDataAnnotationsMvcOptionsSetup -> Volo.Abp.Localization.AbpStringLocalizerFactory.
 ---> Autofac.Core.DependencyResolutionException: An exception was thrown while invoking the constructor 'Void .ctor(Microsoft.Extensions.Localization.ResourceManagerStringLocalizerFactory, Microsoft.Extensions.Options.IOptions`1[Volo.Abp.Localization.AbpLocalizationOptions], System.IServiceProvider, Volo.Abp.Localization.External.IExternalLocalizationStore)' on type 'AbpStringLocalizerFactory'.
 ---> Volo.Abp.AbpException: Can not find a resource with given type: ZQH.Abp.Onboarding.Localization.OnboardingResource, ZQH.Abp.Onboarding.HttpApi, Version=8.2.1.0, Culture=neutral, PublicKeyToken=null
   at Volo.Abp.Localization.LocalizationResourceDictionary.Get[TResource]()
   at ZQH.Abp.Onboarding.AbpOnboardingHttpApiModule.<>c.<ConfigureServices>b__1_1(AbpLocalizationOptions options) in E:\abp-vue\aspnet-core\modules\Onboarding\ZQH.Abp.Onboarding.HttpApi\ZQH\Abp\Onboarding\AbpOnboardingHttpApiModule.cs:line 60
   at Microsoft.Extensions.Options.OptionsFactory`1.Create(String name)
   at Microsoft.Extensions.Options.UnnamedOptionsManager`1.get_Value()
   at Volo.Abp.Localization.AbpStringLocalizerFactory..ctor(ResourceManagerStringLocalizerFactory innerFactory, IOptions`1 abpLocalizationOptions, IServiceProvider serviceProvider, IExternalLocalizationStore externalLocalizationStore)
   at lambda_method606(Closure, Object[])
   at Autofac.Core.Activators.Reflection.BoundConstructor.Instantiate()
   --- End of inner exception stack trace ---
   at Autofac.Core.Activators.Reflection.BoundConstructor.Instantiate()
   at Autofac.Core.Activators.Reflection.ReflectionActivator.<>c__DisplayClass14_0.<UseSingleConstructorActivation>b__0(ResolveRequestContext context, Action`1 next)
   at Autofac.Core.Resolving.Middleware.DelegateMiddleware.Execute(ResolveRequestContext context, Action`1 next)
   at Autofac.Core.Resolving.Pipeline.ResolvePipelineBuilder.<>c__DisplayClass14_0.<BuildPipeline>b__1(ResolveRequestContext context)
   at Autofac.Core.Resolving.Middleware.DisposalTrackingMiddleware.Execute(ResolveRequestContext context, Action`1 next)
   at Autofac.Core.Resolving.Pipeline.ResolvePipelineBuilder.<>c__DisplayClass14_0.<BuildPipeline>b__1(ResolveRequestContext context)
   at Autofac.Builder.RegistrationBuilder`3.<>c__DisplayClass41_0.<PropertiesAutowired>b__0(ResolveRequestContext context, Action`1 next)
   at Autofac.Core.Resolving.Middleware.DelegateMiddleware.Execute(ResolveRequestContext context, Action`1 next)
   at Autofac.Core.Resolving.Pipeline.ResolvePipelineBuilder.<>c__DisplayClass14_0.<BuildPipeline>b__1(ResolveRequestContext context)
   at Autofac.Builder.RegistrationBuilder`3.<>c__DisplayClass39_0.<OnActivated>b__0(ResolveRequestContext context, Action`1 next)
   at Autofac.Core.Resolving.Middleware.CoreEventMiddleware.Execute(ResolveRequestContext context, Action`1 next)
   at Autofac.Core.Resolving.Pipeline.ResolvePipelineBuilder.<>c__DisplayClass14_0.<BuildPipeline>b__1(ResolveRequestContext context)
   at Autofac.Core.Resolving.Middleware.ActivatorErrorHandlingMiddleware.Execute(ResolveRequestContext context, Action`1 next)
   --- End of inner exception stack trace ---
   at Autofac.Core.Resolving.Middleware.ActivatorErrorHandlingMiddleware.Execute(ResolveRequestContext context, Action`1 next)
   at Autofac.Core.Resolving.Pipeline.ResolvePipelineBuilder.<>c__DisplayClass14_0.<BuildPipeline>b__1(ResolveRequestContext context)
   at Autofac.Core.Pipeline.ResolvePipeline.Invoke(ResolveRequestContext context)
   at Autofac.Core.Resolving.Middleware.RegistrationPipelineInvokeMiddleware.Execute(ResolveRequestContext context, Action`1 next)
   at Autofac.Core.Resolving.Pipeline.ResolvePipelineBuilder.<>c__DisplayClass14_0.<BuildPipeline>b__1(ResolveRequestContext context)
   at Autofac.Core.Resolving.Middleware.SharingMiddleware.<>c__DisplayClass5_0.<Execute>b__0()
   at Autofac.Core.Lifetime.LifetimeScope.CreateSharedInstance(Guid id, Func`1 creator)
   at Autofac.Core.Lifetime.LifetimeScope.CreateSharedInstance(Guid primaryId, Nullable`1 qualifyingId, Func`1 creator)
   at Autofac.Core.Resolving.Middleware.SharingMiddleware.Execute(ResolveRequestContext context, Action`1 next)
   at Autofac.Core.Resolving.Pipeline.ResolvePipelineBuilder.<>c__DisplayClass14_0.<BuildPipeline>b__1(ResolveRequestContext context)
   at Autofac.Core.Resolving.Pipeline.ResolvePipelineBuilder.<>c__DisplayClass14_0.<BuildPipeline>b__1(ResolveRequestContext context)
   at Autofac.Core.Resolving.Middleware.CircularDependencyDetectorMiddleware.Execute(ResolveRequestContext context, Action`1 next)
   at Autofac.Core.Resolving.Pipeline.ResolvePipelineBuilder.<>c__DisplayClass14_0.<BuildPipeline>b__1(ResolveRequestContext context)
   at Autofac.Extensions.DependencyInjection.KeyedServiceMiddleware.Execute(ResolveRequestContext context, Action`1 next)
   at Autofac.Core.Resolving.Pipeline.ResolvePipelineBuilder.<>c__DisplayClass14_0.<BuildPipeline>b__1(ResolveRequestContext context)
   at Autofac.Core.Pipeline.ResolvePipeline.Invoke(ResolveRequestContext context)
   at Autofac.Core.Resolving.ResolveOperation.GetOrCreateInstance(ISharingLifetimeScope currentOperationScope, ResolveRequest& request)
   at Autofac.Core.Resolving.ResolveOperation.ExecuteOperation(ResolveRequest& request)
   at Autofac.Core.Resolving.ResolveOperation.Execute(ResolveRequest& request)
   at Autofac.Core.Lifetime.LifetimeScope.ResolveComponent(ResolveRequest& request)
   at Autofac.Core.Container.ResolveComponent(ResolveRequest& request)
   at Autofac.Core.Container.Autofac.IComponentContext.ResolveComponent(ResolveRequest& request)
   at Autofac.ResolutionExtensions.TryResolveService(IComponentContext context, Service service, IEnumerable`1 parameters, Object& instance)
   at Autofac.ResolutionExtensions.ResolveService(IComponentContext context, Service service, IEnumerable`1 parameters)
   at Autofac.ResolutionExtensions.Resolve(IComponentContext context, Type serviceType, IEnumerable`1 parameters)
   at Autofac.ResolutionExtensions.Resolve(IComponentContext context, Type serviceType)
   at Autofac.Extensions.DependencyInjection.AutofacServiceProvider.GetRequiredService(Type serviceType)
   at Microsoft.Extensions.DependencyInjection.ServiceProviderServiceExtensions.GetRequiredService(IServiceProvider provider, Type serviceType)
   at Microsoft.Extensions.DependencyInjection.ServiceProviderServiceExtensions.GetRequiredService[T](IServiceProvider provider)
   at Microsoft.AspNetCore.Builder.ControllerEndpointRouteBuilderExtensions.GetOrCreateDataSource(IEndpointRouteBuilder endpoints)
   at Microsoft.AspNetCore.Builder.ControllerEndpointRouteBuilderExtensions.MapControllerRoute(IEndpointRouteBuilder endpoints, String name, String pattern, Object defaults, Object constraints, Object dataTokens)
   at Volo.Abp.AspNetCore.Mvc.AbpAspNetCoreMvcModule.<>c.<ConfigureServices>b__1_13(EndpointRouteBuilderContext endpointContext)
   at Microsoft.AspNetCore.Builder.AbpAspNetCoreApplicationBuilderExtensions.<>c__DisplayClass0_0.<UseConfiguredEndpoints>b__0(IEndpointRouteBuilder endpoints)
   at Microsoft.AspNetCore.Builder.EndpointRoutingApplicationBuilderExtensions.UseEndpoints(IApplicationBuilder builder, Action`1 configure)
   at Microsoft.AspNetCore.Builder.AbpAspNetCoreApplicationBuilderExtensions.UseConfiguredEndpoints(IApplicationBuilder app, Action`1 additionalConfigurationAction)
   at ZQH.MicroService.Workflows.ElsaHttpApi.Host.WorkflowsManagementElsaHttpApiHostModule.OnApplicationInitialization(ApplicationInitializationContext context) in E:\abp-vue\aspnet-core\services\ZQH.MicroService.WorkflowsManagement.ElsaHttpApi.Host\WorkflowsManagementElsaHttpApiHostModule.cs:line 209
   at Volo.Abp.Modularity.AbpModule.OnApplicationInitializationAsync(ApplicationInitializationContext context)
   at Volo.Abp.Modularity.OnApplicationInitializationModuleLifecycleContributor.InitializeAsync(ApplicationInitializationContext context, IAbpModule module)
   at Volo.Abp.Modularity.ModuleManager.InitializeModulesAsync(ApplicationInitializationContext context)
   --- End of inner exception stack trace ---
   at Volo.Abp.Modularity.ModuleManager.InitializeModulesAsync(ApplicationInitializationContext context)
   at Volo.Abp.AbpApplicationBase.InitializeModulesAsync()
   at Volo.Abp.AbpApplicationWithExternalServiceProvider.InitializeAsync(IServiceProvider serviceProvider)
   at Microsoft.AspNetCore.Builder.AbpApplicationBuilderExtensions.InitializeApplicationAsync(IApplicationBuilder app)
   at ZQH.MicroService.Workflows.ElsaHttpApi.Host.ElsaHttpApi.Host.Program.Main(String[] args) in E:\abp-vue\aspnet-core\services\ZQH.MicroService.WorkflowsManagement.ElsaHttpApi.Host\Program.cs:line 71
2024-10-23 10:17:39 [FTL] [] [70336] [1] - Host terminated unexpectedly!
Volo.Abp.AbpInitializationException: An error occurred during the initialize Volo.Abp.Modularity.OnApplicationInitializationModuleLifecycleContributor phase of the module ZQH.MicroService.Workflows.ElsaHttpApi.Host.WorkflowsManagementElsaHttpApiHostModule, ZQH.MicroService.Workflows.ElsaHttpApi.Host, Version=1.0.0.0, Culture=neutral, PublicKeyToken=null: An exception was thrown while activating Microsoft.AspNetCore.Mvc.Infrastructure.ControllerActionEndpointDataSourceFactory -> Microsoft.AspNetCore.Mvc.Infrastructure.DefaultActionDescriptorCollectionProvider -> λ:Microsoft.AspNetCore.Mvc.Abstractions.IActionDescriptorProvider[] -> Microsoft.AspNetCore.Mvc.ApplicationModels.ControllerActionDescriptorProvider -> Microsoft.AspNetCore.Mvc.ApplicationModels.ApplicationModelFactory -> λ:Microsoft.AspNetCore.Mvc.ApplicationModels.IApplicationModelProvider[] -> Microsoft.AspNetCore.Mvc.ApplicationModels.DefaultApplicationModelProvider -> Microsoft.Extensions.Options.UnnamedOptionsManager`1[[Microsoft.AspNetCore.Mvc.MvcOptions, Microsoft.AspNetCore.Mvc.Core, Version=8.0.0.0, Culture=neutral, PublicKeyToken=adb9793829ddae60]] -> Microsoft.Extensions.Options.OptionsFactory`1[[Microsoft.AspNetCore.Mvc.MvcOptions, Microsoft.AspNetCore.Mvc.Core, Version=8.0.0.0, Culture=neutral, PublicKeyToken=adb9793829ddae60]] -> λ:Microsoft.Extensions.Options.IConfigureOptions`1[[Microsoft.AspNetCore.Mvc.MvcOptions, Microsoft.AspNetCore.Mvc.Core, Version=8.0.0.0, Culture=neutral, PublicKeyToken=adb9793829ddae60]][] -> Microsoft.Extensions.DependencyInjection.MvcDataAnnotationsMvcOptionsSetup -> Volo.Abp.Localization.AbpStringLocalizerFactory.. See the inner exception for details.
 ---> Autofac.Core.DependencyResolutionException: An exception was thrown while activating Microsoft.AspNetCore.Mvc.Infrastructure.ControllerActionEndpointDataSourceFactory -> Microsoft.AspNetCore.Mvc.Infrastructure.DefaultActionDescriptorCollectionProvider -> λ:Microsoft.AspNetCore.Mvc.Abstractions.IActionDescriptorProvider[] -> Microsoft.AspNetCore.Mvc.ApplicationModels.ControllerActionDescriptorProvider -> Microsoft.AspNetCore.Mvc.ApplicationModels.ApplicationModelFactory -> λ:Microsoft.AspNetCore.Mvc.ApplicationModels.IApplicationModelProvider[] -> Microsoft.AspNetCore.Mvc.ApplicationModels.DefaultApplicationModelProvider -> Microsoft.Extensions.Options.UnnamedOptionsManager`1[[Microsoft.AspNetCore.Mvc.MvcOptions, Microsoft.AspNetCore.Mvc.Core, Version=8.0.0.0, Culture=neutral, PublicKeyToken=adb9793829ddae60]] -> Microsoft.Extensions.Options.OptionsFactory`1[[Microsoft.AspNetCore.Mvc.MvcOptions, Microsoft.AspNetCore.Mvc.Core, Version=8.0.0.0, Culture=neutral, PublicKeyToken=adb9793829ddae60]] -> λ:Microsoft.Extensions.Options.IConfigureOptions`1[[Microsoft.AspNetCore.Mvc.MvcOptions, Microsoft.AspNetCore.Mvc.Core, Version=8.0.0.0, Culture=neutral, PublicKeyToken=adb9793829ddae60]][] -> Microsoft.Extensions.DependencyInjection.MvcDataAnnotationsMvcOptionsSetup -> Volo.Abp.Localization.AbpStringLocalizerFactory.
 ---> Autofac.Core.DependencyResolutionException: An exception was thrown while invoking the constructor 'Void .ctor(Microsoft.Extensions.Localization.ResourceManagerStringLocalizerFactory, Microsoft.Extensions.Options.IOptions`1[Volo.Abp.Localization.AbpLocalizationOptions], System.IServiceProvider, Volo.Abp.Localization.External.IExternalLocalizationStore)' on type 'AbpStringLocalizerFactory'.
 ---> Volo.Abp.AbpException: Can not find a resource with given type: ZQH.Abp.Onboarding.Localization.OnboardingResource, ZQH.Abp.Onboarding.HttpApi, Version=8.2.1.0, Culture=neutral, PublicKeyToken=null
   at Volo.Abp.Localization.LocalizationResourceDictionary.Get[TResource]()
   at ZQH.Abp.Onboarding.AbpOnboardingHttpApiModule.<>c.<ConfigureServices>b__1_1(AbpLocalizationOptions options) in E:\abp-vue\aspnet-core\modules\Onboarding\ZQH.Abp.Onboarding.HttpApi\ZQH\Abp\Onboarding\AbpOnboardingHttpApiModule.cs:line 60
   at Microsoft.Extensions.Options.OptionsFactory`1.Create(String name)
   at Microsoft.Extensions.Options.UnnamedOptionsManager`1.get_Value()
   at Volo.Abp.Localization.AbpStringLocalizerFactory..ctor(ResourceManagerStringLocalizerFactory innerFactory, IOptions`1 abpLocalizationOptions, IServiceProvider serviceProvider, IExternalLocalizationStore externalLocalizationStore)
   at lambda_method606(Closure, Object[])
   at Autofac.Core.Activators.Reflection.BoundConstructor.Instantiate()
   --- End of inner exception stack trace ---
   at Autofac.Core.Activators.Reflection.BoundConstructor.Instantiate()
   at Autofac.Core.Activators.Reflection.ReflectionActivator.<>c__DisplayClass14_0.<UseSingleConstructorActivation>b__0(ResolveRequestContext context, Action`1 next)
   at Autofac.Core.Resolving.Middleware.DelegateMiddleware.Execute(ResolveRequestContext context, Action`1 next)
   at Autofac.Core.Resolving.Pipeline.ResolvePipelineBuilder.<>c__DisplayClass14_0.<BuildPipeline>b__1(ResolveRequestContext context)
   at Autofac.Core.Resolving.Middleware.DisposalTrackingMiddleware.Execute(ResolveRequestContext context, Action`1 next)
   at Autofac.Core.Resolving.Pipeline.ResolvePipelineBuilder.<>c__DisplayClass14_0.<BuildPipeline>b__1(ResolveRequestContext context)
   at Autofac.Builder.RegistrationBuilder`3.<>c__DisplayClass41_0.<PropertiesAutowired>b__0(ResolveRequestContext context, Action`1 next)
   at Autofac.Core.Resolving.Middleware.DelegateMiddleware.Execute(ResolveRequestContext context, Action`1 next)
   at Autofac.Core.Resolving.Pipeline.ResolvePipelineBuilder.<>c__DisplayClass14_0.<BuildPipeline>b__1(ResolveRequestContext context)
   at Autofac.Builder.RegistrationBuilder`3.<>c__DisplayClass39_0.<OnActivated>b__0(ResolveRequestContext context, Action`1 next)
   at Autofac.Core.Resolving.Middleware.CoreEventMiddleware.Execute(ResolveRequestContext context, Action`1 next)
   at Autofac.Core.Resolving.Pipeline.ResolvePipelineBuilder.<>c__DisplayClass14_0.<BuildPipeline>b__1(ResolveRequestContext context)
   at Autofac.Core.Resolving.Middleware.ActivatorErrorHandlingMiddleware.Execute(ResolveRequestContext context, Action`1 next)
   --- End of inner exception stack trace ---
   at Autofac.Core.Resolving.Middleware.ActivatorErrorHandlingMiddleware.Execute(ResolveRequestContext context, Action`1 next)
   at Autofac.Core.Resolving.Pipeline.ResolvePipelineBuilder.<>c__DisplayClass14_0.<BuildPipeline>b__1(ResolveRequestContext context)
   at Autofac.Core.Pipeline.ResolvePipeline.Invoke(ResolveRequestContext context)
   at Autofac.Core.Resolving.Middleware.RegistrationPipelineInvokeMiddleware.Execute(ResolveRequestContext context, Action`1 next)
   at Autofac.Core.Resolving.Pipeline.ResolvePipelineBuilder.<>c__DisplayClass14_0.<BuildPipeline>b__1(ResolveRequestContext context)
   at Autofac.Core.Resolving.Middleware.SharingMiddleware.<>c__DisplayClass5_0.<Execute>b__0()
   at Autofac.Core.Lifetime.LifetimeScope.CreateSharedInstance(Guid id, Func`1 creator)
   at Autofac.Core.Lifetime.LifetimeScope.CreateSharedInstance(Guid primaryId, Nullable`1 qualifyingId, Func`1 creator)
   at Autofac.Core.Resolving.Middleware.SharingMiddleware.Execute(ResolveRequestContext context, Action`1 next)
   at Autofac.Core.Resolving.Pipeline.ResolvePipelineBuilder.<>c__DisplayClass14_0.<BuildPipeline>b__1(ResolveRequestContext context)
   at Autofac.Core.Resolving.Pipeline.ResolvePipelineBuilder.<>c__DisplayClass14_0.<BuildPipeline>b__1(ResolveRequestContext context)
   at Autofac.Core.Resolving.Middleware.CircularDependencyDetectorMiddleware.Execute(ResolveRequestContext context, Action`1 next)
   at Autofac.Core.Resolving.Pipeline.ResolvePipelineBuilder.<>c__DisplayClass14_0.<BuildPipeline>b__1(ResolveRequestContext context)
   at Autofac.Extensions.DependencyInjection.KeyedServiceMiddleware.Execute(ResolveRequestContext context, Action`1 next)
   at Autofac.Core.Resolving.Pipeline.ResolvePipelineBuilder.<>c__DisplayClass14_0.<BuildPipeline>b__1(ResolveRequestContext context)
   at Autofac.Core.Pipeline.ResolvePipeline.Invoke(ResolveRequestContext context)
   at Autofac.Core.Resolving.ResolveOperation.GetOrCreateInstance(ISharingLifetimeScope currentOperationScope, ResolveRequest& request)
   at Autofac.Core.Resolving.ResolveOperation.ExecuteOperation(ResolveRequest& request)
   at Autofac.Core.Resolving.ResolveOperation.Execute(ResolveRequest& request)
   at Autofac.Core.Lifetime.LifetimeScope.ResolveComponent(ResolveRequest& request)
   at Autofac.Core.Container.ResolveComponent(ResolveRequest& request)
   at Autofac.Core.Container.Autofac.IComponentContext.ResolveComponent(ResolveRequest& request)
   at Autofac.ResolutionExtensions.TryResolveService(IComponentContext context, Service service, IEnumerable`1 parameters, Object& instance)
   at Autofac.ResolutionExtensions.ResolveService(IComponentContext context, Service service, IEnumerable`1 parameters)
   at Autofac.ResolutionExtensions.Resolve(IComponentContext context, Type serviceType, IEnumerable`1 parameters)
   at Autofac.ResolutionExtensions.Resolve(IComponentContext context, Type serviceType)
   at Autofac.Extensions.DependencyInjection.AutofacServiceProvider.GetRequiredService(Type serviceType)
   at Microsoft.Extensions.DependencyInjection.ServiceProviderServiceExtensions.GetRequiredService(IServiceProvider provider, Type serviceType)
   at Microsoft.Extensions.DependencyInjection.ServiceProviderServiceExtensions.GetRequiredService[T](IServiceProvider provider)
   at Microsoft.AspNetCore.Builder.ControllerEndpointRouteBuilderExtensions.GetOrCreateDataSource(IEndpointRouteBuilder endpoints)
   at Microsoft.AspNetCore.Builder.ControllerEndpointRouteBuilderExtensions.MapControllerRoute(IEndpointRouteBuilder endpoints, String name, String pattern, Object defaults, Object constraints, Object dataTokens)
   at Volo.Abp.AspNetCore.Mvc.AbpAspNetCoreMvcModule.<>c.<ConfigureServices>b__1_13(EndpointRouteBuilderContext endpointContext)
   at Microsoft.AspNetCore.Builder.AbpAspNetCoreApplicationBuilderExtensions.<>c__DisplayClass0_0.<UseConfiguredEndpoints>b__0(IEndpointRouteBuilder endpoints)
   at Microsoft.AspNetCore.Builder.EndpointRoutingApplicationBuilderExtensions.UseEndpoints(IApplicationBuilder builder, Action`1 configure)
   at Microsoft.AspNetCore.Builder.AbpAspNetCoreApplicationBuilderExtensions.UseConfiguredEndpoints(IApplicationBuilder app, Action`1 additionalConfigurationAction)
   at ZQH.MicroService.Workflows.ElsaHttpApi.Host.WorkflowsManagementElsaHttpApiHostModule.OnApplicationInitialization(ApplicationInitializationContext context) in E:\abp-vue\aspnet-core\services\ZQH.MicroService.WorkflowsManagement.ElsaHttpApi.Host\WorkflowsManagementElsaHttpApiHostModule.cs:line 209
   at Volo.Abp.Modularity.AbpModule.OnApplicationInitializationAsync(ApplicationInitializationContext context)
   at Volo.Abp.Modularity.OnApplicationInitializationModuleLifecycleContributor.InitializeAsync(ApplicationInitializationContext context, IAbpModule module)
   at Volo.Abp.Modularity.ModuleManager.InitializeModulesAsync(ApplicationInitializationContext context)
   --- End of inner exception stack trace ---
   at Volo.Abp.Modularity.ModuleManager.InitializeModulesAsync(ApplicationInitializationContext context)
   at Volo.Abp.AbpApplicationBase.InitializeModulesAsync()
   at Volo.Abp.AbpApplicationWithExternalServiceProvider.InitializeAsync(IServiceProvider serviceProvider)
   at Microsoft.AspNetCore.Builder.AbpApplicationBuilderExtensions.InitializeApplicationAsync(IApplicationBuilder app)
   at ZQH.MicroService.Workflows.ElsaHttpApi.Host.ElsaHttpApi.Host.Program.Main(String[] args) in E:\abp-vue\aspnet-core\services\ZQH.MicroService.WorkflowsManagement.ElsaHttpApi.Host\Program.cs:line 71
2024-10-23 10:22:07 [FTL] [] [37936] [1] - Host terminated unexpectedly!
Volo.Abp.AbpInitializationException: An error occurred during the initialize Volo.Abp.Modularity.OnApplicationInitializationModuleLifecycleContributor phase of the module ZQH.MicroService.Workflows.ElsaHttpApi.Host.WorkflowsManagementElsaHttpApiHostModule, ZQH.MicroService.Workflows.ElsaHttpApi.Host, Version=1.0.0.0, Culture=neutral, PublicKeyToken=null: An exception was thrown while activating Microsoft.AspNetCore.Mvc.Infrastructure.ControllerActionEndpointDataSourceFactory -> Microsoft.AspNetCore.Mvc.Infrastructure.DefaultActionDescriptorCollectionProvider -> λ:Microsoft.AspNetCore.Mvc.Abstractions.IActionDescriptorProvider[] -> Microsoft.AspNetCore.Mvc.ApplicationModels.ControllerActionDescriptorProvider -> Microsoft.AspNetCore.Mvc.ApplicationModels.ApplicationModelFactory -> λ:Microsoft.AspNetCore.Mvc.ApplicationModels.IApplicationModelProvider[] -> Microsoft.AspNetCore.Mvc.ApplicationModels.DefaultApplicationModelProvider -> Microsoft.Extensions.Options.UnnamedOptionsManager`1[[Microsoft.AspNetCore.Mvc.MvcOptions, Microsoft.AspNetCore.Mvc.Core, Version=8.0.0.0, Culture=neutral, PublicKeyToken=adb9793829ddae60]] -> Microsoft.Extensions.Options.OptionsFactory`1[[Microsoft.AspNetCore.Mvc.MvcOptions, Microsoft.AspNetCore.Mvc.Core, Version=8.0.0.0, Culture=neutral, PublicKeyToken=adb9793829ddae60]] -> λ:Microsoft.Extensions.Options.IConfigureOptions`1[[Microsoft.AspNetCore.Mvc.MvcOptions, Microsoft.AspNetCore.Mvc.Core, Version=8.0.0.0, Culture=neutral, PublicKeyToken=adb9793829ddae60]][] -> Microsoft.Extensions.DependencyInjection.MvcDataAnnotationsMvcOptionsSetup -> Volo.Abp.Localization.AbpStringLocalizerFactory.. See the inner exception for details.
 ---> Autofac.Core.DependencyResolutionException: An exception was thrown while activating Microsoft.AspNetCore.Mvc.Infrastructure.ControllerActionEndpointDataSourceFactory -> Microsoft.AspNetCore.Mvc.Infrastructure.DefaultActionDescriptorCollectionProvider -> λ:Microsoft.AspNetCore.Mvc.Abstractions.IActionDescriptorProvider[] -> Microsoft.AspNetCore.Mvc.ApplicationModels.ControllerActionDescriptorProvider -> Microsoft.AspNetCore.Mvc.ApplicationModels.ApplicationModelFactory -> λ:Microsoft.AspNetCore.Mvc.ApplicationModels.IApplicationModelProvider[] -> Microsoft.AspNetCore.Mvc.ApplicationModels.DefaultApplicationModelProvider -> Microsoft.Extensions.Options.UnnamedOptionsManager`1[[Microsoft.AspNetCore.Mvc.MvcOptions, Microsoft.AspNetCore.Mvc.Core, Version=8.0.0.0, Culture=neutral, PublicKeyToken=adb9793829ddae60]] -> Microsoft.Extensions.Options.OptionsFactory`1[[Microsoft.AspNetCore.Mvc.MvcOptions, Microsoft.AspNetCore.Mvc.Core, Version=8.0.0.0, Culture=neutral, PublicKeyToken=adb9793829ddae60]] -> λ:Microsoft.Extensions.Options.IConfigureOptions`1[[Microsoft.AspNetCore.Mvc.MvcOptions, Microsoft.AspNetCore.Mvc.Core, Version=8.0.0.0, Culture=neutral, PublicKeyToken=adb9793829ddae60]][] -> Microsoft.Extensions.DependencyInjection.MvcDataAnnotationsMvcOptionsSetup -> Volo.Abp.Localization.AbpStringLocalizerFactory.
 ---> Autofac.Core.DependencyResolutionException: An exception was thrown while invoking the constructor 'Void .ctor(Microsoft.Extensions.Localization.ResourceManagerStringLocalizerFactory, Microsoft.Extensions.Options.IOptions`1[Volo.Abp.Localization.AbpLocalizationOptions], System.IServiceProvider, Volo.Abp.Localization.External.IExternalLocalizationStore)' on type 'AbpStringLocalizerFactory'.
 ---> Volo.Abp.AbpException: Can not find a resource with given type: ZQH.Abp.Onboarding.Localization.OnboardingResource, ZQH.Abp.Onboarding.HttpApi, Version=8.2.1.0, Culture=neutral, PublicKeyToken=null
   at Volo.Abp.Localization.LocalizationResourceDictionary.Get[TResource]()
   at ZQH.Abp.Onboarding.AbpOnboardingHttpApiModule.<>c.<ConfigureServices>b__1_1(AbpLocalizationOptions options) in E:\abp-vue\aspnet-core\modules\Onboarding\ZQH.Abp.Onboarding.HttpApi\ZQH\Abp\Onboarding\AbpOnboardingHttpApiModule.cs:line 60
   at Microsoft.Extensions.Options.OptionsFactory`1.Create(String name)
   at Microsoft.Extensions.Options.UnnamedOptionsManager`1.get_Value()
   at Volo.Abp.Localization.AbpStringLocalizerFactory..ctor(ResourceManagerStringLocalizerFactory innerFactory, IOptions`1 abpLocalizationOptions, IServiceProvider serviceProvider, IExternalLocalizationStore externalLocalizationStore)
   at lambda_method606(Closure, Object[])
   at Autofac.Core.Activators.Reflection.BoundConstructor.Instantiate()
   --- End of inner exception stack trace ---
   at Autofac.Core.Activators.Reflection.BoundConstructor.Instantiate()
   at Autofac.Core.Activators.Reflection.ReflectionActivator.<>c__DisplayClass14_0.<UseSingleConstructorActivation>b__0(ResolveRequestContext context, Action`1 next)
   at Autofac.Core.Resolving.Middleware.DelegateMiddleware.Execute(ResolveRequestContext context, Action`1 next)
   at Autofac.Core.Resolving.Pipeline.ResolvePipelineBuilder.<>c__DisplayClass14_0.<BuildPipeline>b__1(ResolveRequestContext context)
   at Autofac.Core.Resolving.Middleware.DisposalTrackingMiddleware.Execute(ResolveRequestContext context, Action`1 next)
   at Autofac.Core.Resolving.Pipeline.ResolvePipelineBuilder.<>c__DisplayClass14_0.<BuildPipeline>b__1(ResolveRequestContext context)
   at Autofac.Builder.RegistrationBuilder`3.<>c__DisplayClass41_0.<PropertiesAutowired>b__0(ResolveRequestContext context, Action`1 next)
   at Autofac.Core.Resolving.Middleware.DelegateMiddleware.Execute(ResolveRequestContext context, Action`1 next)
   at Autofac.Core.Resolving.Pipeline.ResolvePipelineBuilder.<>c__DisplayClass14_0.<BuildPipeline>b__1(ResolveRequestContext context)
   at Autofac.Builder.RegistrationBuilder`3.<>c__DisplayClass39_0.<OnActivated>b__0(ResolveRequestContext context, Action`1 next)
   at Autofac.Core.Resolving.Middleware.CoreEventMiddleware.Execute(ResolveRequestContext context, Action`1 next)
   at Autofac.Core.Resolving.Pipeline.ResolvePipelineBuilder.<>c__DisplayClass14_0.<BuildPipeline>b__1(ResolveRequestContext context)
   at Autofac.Core.Resolving.Middleware.ActivatorErrorHandlingMiddleware.Execute(ResolveRequestContext context, Action`1 next)
   --- End of inner exception stack trace ---
   at Autofac.Core.Resolving.Middleware.ActivatorErrorHandlingMiddleware.Execute(ResolveRequestContext context, Action`1 next)
   at Autofac.Core.Resolving.Pipeline.ResolvePipelineBuilder.<>c__DisplayClass14_0.<BuildPipeline>b__1(ResolveRequestContext context)
   at Autofac.Core.Pipeline.ResolvePipeline.Invoke(ResolveRequestContext context)
   at Autofac.Core.Resolving.Middleware.RegistrationPipelineInvokeMiddleware.Execute(ResolveRequestContext context, Action`1 next)
   at Autofac.Core.Resolving.Pipeline.ResolvePipelineBuilder.<>c__DisplayClass14_0.<BuildPipeline>b__1(ResolveRequestContext context)
   at Autofac.Core.Resolving.Middleware.SharingMiddleware.<>c__DisplayClass5_0.<Execute>b__0()
   at Autofac.Core.Lifetime.LifetimeScope.CreateSharedInstance(Guid id, Func`1 creator)
   at Autofac.Core.Lifetime.LifetimeScope.CreateSharedInstance(Guid primaryId, Nullable`1 qualifyingId, Func`1 creator)
   at Autofac.Core.Resolving.Middleware.SharingMiddleware.Execute(ResolveRequestContext context, Action`1 next)
   at Autofac.Core.Resolving.Pipeline.ResolvePipelineBuilder.<>c__DisplayClass14_0.<BuildPipeline>b__1(ResolveRequestContext context)
   at Autofac.Core.Resolving.Pipeline.ResolvePipelineBuilder.<>c__DisplayClass14_0.<BuildPipeline>b__1(ResolveRequestContext context)
   at Autofac.Core.Resolving.Middleware.CircularDependencyDetectorMiddleware.Execute(ResolveRequestContext context, Action`1 next)
   at Autofac.Core.Resolving.Pipeline.ResolvePipelineBuilder.<>c__DisplayClass14_0.<BuildPipeline>b__1(ResolveRequestContext context)
   at Autofac.Extensions.DependencyInjection.KeyedServiceMiddleware.Execute(ResolveRequestContext context, Action`1 next)
   at Autofac.Core.Resolving.Pipeline.ResolvePipelineBuilder.<>c__DisplayClass14_0.<BuildPipeline>b__1(ResolveRequestContext context)
   at Autofac.Core.Pipeline.ResolvePipeline.Invoke(ResolveRequestContext context)
   at Autofac.Core.Resolving.ResolveOperation.GetOrCreateInstance(ISharingLifetimeScope currentOperationScope, ResolveRequest& request)
   at Autofac.Core.Resolving.ResolveOperation.ExecuteOperation(ResolveRequest& request)
   at Autofac.Core.Resolving.ResolveOperation.Execute(ResolveRequest& request)
   at Autofac.Core.Lifetime.LifetimeScope.ResolveComponent(ResolveRequest& request)
   at Autofac.Core.Container.ResolveComponent(ResolveRequest& request)
   at Autofac.Core.Container.Autofac.IComponentContext.ResolveComponent(ResolveRequest& request)
   at Autofac.ResolutionExtensions.TryResolveService(IComponentContext context, Service service, IEnumerable`1 parameters, Object& instance)
   at Autofac.ResolutionExtensions.ResolveService(IComponentContext context, Service service, IEnumerable`1 parameters)
   at Autofac.ResolutionExtensions.Resolve(IComponentContext context, Type serviceType, IEnumerable`1 parameters)
   at Autofac.ResolutionExtensions.Resolve(IComponentContext context, Type serviceType)
   at Autofac.Extensions.DependencyInjection.AutofacServiceProvider.GetRequiredService(Type serviceType)
   at Microsoft.Extensions.DependencyInjection.ServiceProviderServiceExtensions.GetRequiredService(IServiceProvider provider, Type serviceType)
   at Microsoft.Extensions.DependencyInjection.ServiceProviderServiceExtensions.GetRequiredService[T](IServiceProvider provider)
   at Microsoft.AspNetCore.Builder.ControllerEndpointRouteBuilderExtensions.GetOrCreateDataSource(IEndpointRouteBuilder endpoints)
   at Microsoft.AspNetCore.Builder.ControllerEndpointRouteBuilderExtensions.MapControllerRoute(IEndpointRouteBuilder endpoints, String name, String pattern, Object defaults, Object constraints, Object dataTokens)
   at Volo.Abp.AspNetCore.Mvc.AbpAspNetCoreMvcModule.<>c.<ConfigureServices>b__1_13(EndpointRouteBuilderContext endpointContext)
   at Microsoft.AspNetCore.Builder.AbpAspNetCoreApplicationBuilderExtensions.<>c__DisplayClass0_0.<UseConfiguredEndpoints>b__0(IEndpointRouteBuilder endpoints)
   at Microsoft.AspNetCore.Builder.EndpointRoutingApplicationBuilderExtensions.UseEndpoints(IApplicationBuilder builder, Action`1 configure)
   at Microsoft.AspNetCore.Builder.AbpAspNetCoreApplicationBuilderExtensions.UseConfiguredEndpoints(IApplicationBuilder app, Action`1 additionalConfigurationAction)
   at ZQH.MicroService.Workflows.ElsaHttpApi.Host.WorkflowsManagementElsaHttpApiHostModule.OnApplicationInitialization(ApplicationInitializationContext context) in E:\abp-vue\aspnet-core\services\ZQH.MicroService.WorkflowsManagement.ElsaHttpApi.Host\WorkflowsManagementElsaHttpApiHostModule.cs:line 209
   at Volo.Abp.Modularity.AbpModule.OnApplicationInitializationAsync(ApplicationInitializationContext context)
   at Volo.Abp.Modularity.OnApplicationInitializationModuleLifecycleContributor.InitializeAsync(ApplicationInitializationContext context, IAbpModule module)
   at Volo.Abp.Modularity.ModuleManager.InitializeModulesAsync(ApplicationInitializationContext context)
   --- End of inner exception stack trace ---
   at Volo.Abp.Modularity.ModuleManager.InitializeModulesAsync(ApplicationInitializationContext context)
   at Volo.Abp.AbpApplicationBase.InitializeModulesAsync()
   at Volo.Abp.AbpApplicationWithExternalServiceProvider.InitializeAsync(IServiceProvider serviceProvider)
   at Microsoft.AspNetCore.Builder.AbpApplicationBuilderExtensions.InitializeApplicationAsync(IApplicationBuilder app)
   at ZQH.MicroService.Workflows.ElsaHttpApi.Host.ElsaHttpApi.Host.Program.Main(String[] args) in E:\abp-vue\aspnet-core\services\ZQH.MicroService.WorkflowsManagement.ElsaHttpApi.Host\Program.cs:line 71
