2024-11-11 00:26:15 [WRN] [DotNetCore.CAP.Internal.ConsumerRegister] [15112] [143] - RabbitMQ consumer cancelled. --> amq.ctag-fG7lizZdAI7Vs-SAdkgjig
2024-11-11 00:26:15 [WRN] [DotNetCore.CAP.Internal.ConsumerRegister] [15112] [143] - RabbitMQ consumer shutdown. --> Unexpected Exception: Unable to read data from the transport connection: 远程主机强迫关闭了一个现有的连接。.
2024-11-11 00:26:17 [WRN] [DotNetCore.CAP.Internal.ConsumerRegister] [15112] [143] - RabbitMQ consumer cancelled. --> amq.ctag-dvqqB5D67sCYzCQqAY3w-Q
2024-11-11 00:26:17 [WRN] [DotNetCore.CAP.Internal.ConsumerRegister] [15112] [143] - RabbitMQ consumer shutdown. --> Unexpected Exception: Unable to read data from the transport connection: 远程主机强迫关闭了一个现有的连接。.
2024-11-11 00:26:20 [INF] [DotNetCore.CAP.Internal.ConsumerRegister] [15112] [127] - RabbitMQ consumer registered. --> amq.ctag-fG7lizZdAI7Vs-SAdkgjig
2024-11-11 00:26:20 [INF] [DotNetCore.CAP.Internal.ConsumerRegister] [15112] [92] - RabbitMQ consumer registered. --> amq.ctag-dvqqB5D67sCYzCQqAY3w-Q
2024-11-11 02:18:00 [WRN] [DotNetCore.CAP.Internal.ConsumerRegister] [15112] [86] - RabbitMQ consumer cancelled. --> amq.ctag-fG7lizZdAI7Vs-SAdkgjig
2024-11-11 02:18:00 [WRN] [DotNetCore.CAP.Internal.ConsumerRegister] [15112] [86] - RabbitMQ consumer shutdown. --> Unexpected Exception: Unable to read data from the transport connection: 远程主机强迫关闭了一个现有的连接。.
2024-11-11 02:18:01 [WRN] [DotNetCore.CAP.Internal.ConsumerRegister] [15112] [86] - RabbitMQ consumer cancelled. --> amq.ctag-dvqqB5D67sCYzCQqAY3w-Q
2024-11-11 02:18:01 [WRN] [DotNetCore.CAP.Internal.ConsumerRegister] [15112] [86] - RabbitMQ consumer shutdown. --> Unexpected Exception: Unable to read data from the transport connection: 远程主机强迫关闭了一个现有的连接。.
2024-11-11 02:18:05 [INF] [DotNetCore.CAP.Internal.ConsumerRegister] [15112] [86] - RabbitMQ consumer registered. --> amq.ctag-fG7lizZdAI7Vs-SAdkgjig
2024-11-11 02:18:05 [INF] [DotNetCore.CAP.Internal.ConsumerRegister] [15112] [121] - RabbitMQ consumer registered. --> amq.ctag-dvqqB5D67sCYzCQqAY3w-Q
2024-11-11 05:39:17 [WRN] [DotNetCore.CAP.Internal.ConsumerRegister] [15112] [155] - RabbitMQ consumer cancelled. --> amq.ctag-fG7lizZdAI7Vs-SAdkgjig
2024-11-11 05:39:24 [WRN] [DotNetCore.CAP.Internal.ConsumerRegister] [15112] [155] - RabbitMQ consumer shutdown. --> Unexpected Exception: Unable to read data from the transport connection: 远程主机强迫关闭了一个现有的连接。.
2024-11-11 05:39:24 [WRN] [DotNetCore.CAP.Internal.ConsumerRegister] [15112] [155] - RabbitMQ consumer cancelled. --> amq.ctag-dvqqB5D67sCYzCQqAY3w-Q
2024-11-11 05:39:24 [WRN] [DotNetCore.CAP.Internal.ConsumerRegister] [15112] [155] - RabbitMQ consumer shutdown. --> Unexpected Exception: Unable to read data from the transport connection: 远程主机强迫关闭了一个现有的连接。.
2024-11-11 05:39:24 [INF] [DotNetCore.CAP.Internal.ConsumerRegister] [15112] [86] - RabbitMQ consumer registered. --> amq.ctag-fG7lizZdAI7Vs-SAdkgjig
2024-11-11 05:39:24 [INF] [DotNetCore.CAP.Internal.ConsumerRegister] [15112] [155] - RabbitMQ consumer registered. --> amq.ctag-dvqqB5D67sCYzCQqAY3w-Q
2024-11-11 16:39:43 [WRN] [DotNetCore.CAP.Internal.ConsumerRegister] [15112] [191] - RabbitMQ consumer cancelled. --> amq.ctag-fG7lizZdAI7Vs-SAdkgjig
2024-11-11 16:39:44 [WRN] [DotNetCore.CAP.Internal.ConsumerRegister] [15112] [191] - RabbitMQ consumer shutdown. --> Unexpected Exception: Unable to read data from the transport connection: 远程主机强迫关闭了一个现有的连接。.
2024-11-11 16:39:44 [WRN] [DotNetCore.CAP.Internal.ConsumerRegister] [15112] [191] - RabbitMQ consumer cancelled. --> amq.ctag-dvqqB5D67sCYzCQqAY3w-Q
2024-11-11 16:39:44 [WRN] [DotNetCore.CAP.Internal.ConsumerRegister] [15112] [191] - RabbitMQ consumer shutdown. --> Unexpected Exception: Unable to read data from the transport connection: 远程主机强迫关闭了一个现有的连接。.
2024-11-11 16:39:48 [INF] [DotNetCore.CAP.Internal.ConsumerRegister] [15112] [191] - RabbitMQ consumer registered. --> amq.ctag-fG7lizZdAI7Vs-SAdkgjig
2024-11-11 16:39:48 [INF] [DotNetCore.CAP.Internal.ConsumerRegister] [15112] [119] - RabbitMQ consumer registered. --> amq.ctag-dvqqB5D67sCYzCQqAY3w-Q
2024-11-11 18:06:44 [WRN] [DotNetCore.CAP.Internal.ConsumerRegister] [15112] [168] - RabbitMQ consumer cancelled. --> amq.ctag-fG7lizZdAI7Vs-SAdkgjig
2024-11-11 18:06:47 [WRN] [DotNetCore.CAP.Internal.ConsumerRegister] [15112] [168] - RabbitMQ consumer shutdown. --> Unexpected Exception: Unable to read data from the transport connection: 远程主机强迫关闭了一个现有的连接。.
2024-11-11 18:06:48 [WRN] [DotNetCore.CAP.Internal.ConsumerRegister] [15112] [168] - RabbitMQ consumer cancelled. --> amq.ctag-dvqqB5D67sCYzCQqAY3w-Q
2024-11-11 18:07:02 [WRN] [DotNetCore.CAP.Internal.ConsumerRegister] [15112] [168] - RabbitMQ consumer shutdown. --> Unexpected Exception: Unable to read data from the transport connection: 远程主机强迫关闭了一个现有的连接。.
2024-11-11 18:07:02 [WRN] [DotNetCore.CAP.Processor.TransportCheckProcessor] [15112] [95] - Transport connection is unhealthy, reconnection...
2024-11-11 18:19:15 [INF] [DotNetCore.CAP.Internal.ConsumerRegister] [15112] [33] - RabbitMQ consumer registered. --> amq.ctag-jyoykYn76fR61Xo_dQFW2Q
2024-11-11 18:19:15 [INF] [DotNetCore.CAP.Internal.ConsumerRegister] [15112] [95] - RabbitMQ consumer registered. --> amq.ctag-V2l-Ma47Yelorjz4JK5zVQ
