2024-11-16 15:28:41 [WRN] [DotNetCore.CAP.Internal.ConsumerRegister] [15112] [170] - RabbitMQ consumer cancelled. --> amq.ctag-_A1DkKt9NAKNOily-i2t7g
2024-11-16 15:28:51 [WRN] [DotNetCore.CAP.Internal.ConsumerRegister] [15112] [170] - RabbitMQ consumer shutdown. --> Unexpected Exception: Unable to read data from the transport connection: 远程主机强迫关闭了一个现有的连接。.
2024-11-16 15:28:57 [WRN] [DotNetCore.CAP.Internal.ConsumerRegister] [15112] [186] - RabbitMQ consumer cancelled. --> amq.ctag-KR0b8uUBhmCN1-0fwKpGQw
2024-11-16 15:28:58 [WRN] [DotNetCore.CAP.Processor.TransportCheckProcessor] [15112] [122] - Transport connection is unhealthy, reconnection...
2024-11-16 15:28:59 [INF] [DotNetCore.CAP.Internal.ConsumerRegister] [15112] [55] - RabbitMQ consumer registered. --> amq.ctag-KR0b8uUBhmCN1-0fwKpGQw
2024-11-16 15:28:59 [INF] [DotNetCore.CAP.Internal.ConsumerRegister] [15112] [79] - RabbitMQ consumer registered. --> amq.ctag-_A1DkKt9NAKNOily-i2t7g
2024-11-16 16:06:12 [WRN] [DotNetCore.CAP.Internal.ConsumerRegister] [15112] [186] - RabbitMQ consumer shutdown. --> Unexpected Exception: Unable to read data from the transport connection: 远程主机强迫关闭了一个现有的连接。.
2024-11-16 16:06:12 [WRN] [DotNetCore.CAP.Internal.ConsumerRegister] [15112] [55] - RabbitMQ consumer cancelled. --> amq.ctag-KR0b8uUBhmCN1-0fwKpGQw
2024-11-16 16:06:12 [WRN] [DotNetCore.CAP.Internal.ConsumerRegister] [15112] [55] - RabbitMQ consumer shutdown. --> Goodbye
2024-11-16 16:06:12 [WRN] [DotNetCore.CAP.Internal.ConsumerRegister] [15112] [55] - RabbitMQ consumer cancelled. --> amq.ctag-_A1DkKt9NAKNOily-i2t7g
2024-11-16 16:06:12 [WRN] [DotNetCore.CAP.Internal.ConsumerRegister] [15112] [55] - RabbitMQ consumer shutdown. --> Goodbye
2024-11-16 16:06:12 [INF] [DotNetCore.CAP.Internal.ConsumerRegister] [15112] [122] - RabbitMQ consumer registered. --> amq.ctag-eIQLuCewDIB0yfxKNo1Obw
2024-11-16 16:06:12 [INF] [DotNetCore.CAP.Internal.ConsumerRegister] [15112] [122] - RabbitMQ consumer registered. --> amq.ctag-Q00OYth-jtj80qO2QmHxvw
2024-11-16 18:19:49 [WRN] [DotNetCore.CAP.Internal.ConsumerRegister] [15112] [79] - RabbitMQ consumer cancelled. --> amq.ctag-eIQLuCewDIB0yfxKNo1Obw
2024-11-16 18:19:52 [WRN] [DotNetCore.CAP.Internal.ConsumerRegister] [15112] [79] - RabbitMQ consumer shutdown. --> Unexpected Exception: Unable to read data from the transport connection: 远程主机强迫关闭了一个现有的连接。.
2024-11-16 18:19:52 [WRN] [DotNetCore.CAP.Internal.ConsumerRegister] [15112] [27] - RabbitMQ consumer cancelled. --> amq.ctag-Q00OYth-jtj80qO2QmHxvw
2024-11-16 18:19:57 [INF] [DotNetCore.CAP.Internal.ConsumerRegister] [15112] [155] - RabbitMQ consumer registered. --> amq.ctag-eIQLuCewDIB0yfxKNo1Obw
2024-11-16 18:19:57 [INF] [DotNetCore.CAP.Internal.ConsumerRegister] [15112] [161] - RabbitMQ consumer registered. --> amq.ctag-Q00OYth-jtj80qO2QmHxvw
2024-11-16 18:19:57 [WRN] [DotNetCore.CAP.Internal.ConsumerRegister] [15112] [27] - RabbitMQ consumer shutdown. --> Unexpected Exception: Unable to read data from the transport connection: 远程主机强迫关闭了一个现有的连接。.
2024-11-16 18:20:12 [WRN] [DotNetCore.CAP.Processor.TransportCheckProcessor] [15112] [79] - Transport connection is unhealthy, reconnection...
2024-11-16 18:20:12 [WRN] [DotNetCore.CAP.Internal.ConsumerRegister] [15112] [27] - RabbitMQ consumer cancelled. --> amq.ctag-eIQLuCewDIB0yfxKNo1Obw
2024-11-16 18:20:12 [WRN] [DotNetCore.CAP.Internal.ConsumerRegister] [15112] [161] - RabbitMQ consumer cancelled. --> amq.ctag-Q00OYth-jtj80qO2QmHxvw
2024-11-16 18:20:12 [WRN] [DotNetCore.CAP.Internal.ConsumerRegister] [15112] [161] - RabbitMQ consumer shutdown. --> Goodbye
2024-11-16 18:20:12 [WRN] [DotNetCore.CAP.Internal.ConsumerRegister] [15112] [27] - RabbitMQ consumer shutdown. --> Goodbye
2024-11-16 18:20:12 [INF] [DotNetCore.CAP.Internal.ConsumerRegister] [15112] [27] - RabbitMQ consumer registered. --> amq.ctag-0S_g5UTbdfMUeekB8K3IXg
2024-11-16 18:20:12 [INF] [DotNetCore.CAP.Internal.ConsumerRegister] [15112] [79] - RabbitMQ consumer registered. --> amq.ctag-zV0WH4hdZ5d0MlAgXeh5bg
