2024-10-25 20:42:27 [WRN] [DotNetCore.CAP.Internal.ConsumerRegister] [15112] [25] - RabbitMQ consumer shutdown. --> Unexpected Exception: Unable to read data from the transport connection: 远程主机强迫关闭了一个现有的连接。.
2024-10-26 01:20:33 [WRN] [DotNetCore.CAP.Processor.MessageDelayedProcessor] [15112] [110] - Get delayed messages from storage failed. Retrying...
MySqlConnector.MySqlException (0x80004005): Unable to connect to any of the specified MySQL hosts.
   at MySqlConnector.MySqlConnection.OpenAsync(Nullable`1 ioBehavior, CancellationToken cancellationToken) in /_/src/MySqlConnector/MySqlConnection.cs:line 439
   at DotNetCore.CAP.MySql.MySqlDataStorage.ScheduleMessagesOfDelayedAsync(Func`3 scheduleTask, CancellationToken token)
   at DotNetCore.CAP.MySql.MySqlDataStorage.ScheduleMessagesOfDelayedAsync(Func`3 scheduleTask, CancellationToken token)
   at DotNetCore.CAP.Processor.MessageDelayedProcessor.ProcessDelayedAsync(IDataStorage connection, ProcessingContext context)
2024-10-26 01:20:34 [WRN] [DotNetCore.CAP.Internal.ConsumerRegister] [15112] [25] - RabbitMQ consumer cancelled. --> amq.ctag-szMxfq8dlZ1u4DaF4o7ccg
2024-10-26 01:20:38 [WRN] [DotNetCore.CAP.Internal.ConsumerRegister] [15112] [25] - RabbitMQ consumer shutdown. --> Unexpected Exception: Unable to read data from the transport connection: 远程主机强迫关闭了一个现有的连接。.
2024-10-26 01:20:38 [WRN] [DotNetCore.CAP.Processor.TransportCheckProcessor] [15112] [80] - Transport connection is unhealthy, reconnection...
2024-10-26 01:20:38 [WRN] [DotNetCore.CAP.Internal.ConsumerRegister] [15112] [25] - RabbitMQ consumer cancelled. --> amq.ctag-jF0AWf-_LkC3IJJk55fb0w
2024-10-26 01:20:38 [WRN] [DotNetCore.CAP.Internal.ConsumerRegister] [15112] [25] - RabbitMQ consumer shutdown. --> Goodbye
2024-10-26 01:20:38 [WRN] [DotNetCore.CAP.Internal.ConsumerRegister] [15112] [25] - RabbitMQ consumer cancelled. --> amq.ctag-szMxfq8dlZ1u4DaF4o7ccg
2024-10-26 01:20:38 [WRN] [DotNetCore.CAP.Internal.ConsumerRegister] [15112] [25] - RabbitMQ consumer shutdown. --> Goodbye
2024-10-26 02:04:40 [WRN] [Microsoft.AspNetCore.Http.ResponseCookies] [15112] [139] - The cookie 'XSRF-TOKEN' has set 'SameSite=None' and must also set 'Secure'.
2024-10-26 03:22:32 [WRN] [Microsoft.AspNetCore.Http.ResponseCookies] [15112] [96] - The cookie 'XSRF-TOKEN' has set 'SameSite=None' and must also set 'Secure'.
2024-10-26 03:22:51 [WRN] [Microsoft.AspNetCore.Http.ResponseCookies] [15112] [96] - The cookie 'XSRF-TOKEN' has set 'SameSite=None' and must also set 'Secure'.
2024-10-26 03:24:32 [WRN] [Microsoft.AspNetCore.Http.ResponseCookies] [15112] [32] - The cookie 'XSRF-TOKEN' has set 'SameSite=None' and must also set 'Secure'.
2024-10-26 03:24:44 [WRN] [Microsoft.AspNetCore.Http.ResponseCookies] [15112] [96] - The cookie 'XSRF-TOKEN' has set 'SameSite=None' and must also set 'Secure'.
2024-10-26 06:06:04 [WRN] [DotNetCore.CAP.Internal.ConsumerRegister] [15112] [82] - RabbitMQ consumer cancelled. --> amq.ctag-015gXTEZDHiRTNHhD0hzcQ
2024-10-26 09:47:50 [WRN] [DotNetCore.CAP.Internal.ConsumerRegister] [15112] [82] - RabbitMQ consumer shutdown. --> Unexpected Exception: Unable to read data from the transport connection: 远程主机强迫关闭了一个现有的连接。.
2024-10-26 09:47:50 [WRN] [DotNetCore.CAP.Internal.ConsumerRegister] [15112] [82] - RabbitMQ consumer cancelled. --> amq.ctag-Vm9BrnrPjxZWvIpWDNrwtg
2024-10-26 09:47:50 [WRN] [DotNetCore.CAP.Internal.ConsumerRegister] [15112] [82] - RabbitMQ consumer shutdown. --> Unexpected Exception: Unable to read data from the transport connection: 远程主机强迫关闭了一个现有的连接。.
