2024-11-09 00:17:16 [WRN] [DotNetCore.CAP.Internal.ConsumerRegister] [15112] [122] - RabbitMQ consumer cancelled. --> amq.ctag-uVp3htezAOTMCq73eZDXUA
2024-11-09 00:17:16 [WRN] [DotNetCore.CAP.Internal.ConsumerRegister] [15112] [122] - RabbitMQ consumer shutdown. --> Unexpected Exception: Unable to read data from the transport connection: 远程主机强迫关闭了一个现有的连接。.
2024-11-09 00:17:17 [WRN] [DotNetCore.CAP.Internal.ConsumerRegister] [15112] [122] - RabbitMQ consumer cancelled. --> amq.ctag-dYeUNsWJaKNLkMxSFkqUdQ
2024-11-09 00:17:17 [WRN] [DotNetCore.CAP.Internal.ConsumerRegister] [15112] [122] - RabbitMQ consumer shutdown. --> Unexpected Exception: Unable to read data from the transport connection: 远程主机强迫关闭了一个现有的连接。.
2024-11-09 00:17:18 [WRN] [DotNetCore.CAP.Processor.TransportCheckProcessor] [15112] [68] - Transport connection is unhealthy, reconnection...
2024-11-09 05:20:42 [WRN] [DotNetCore.CAP.Internal.ConsumerRegister] [15112] [27] - RabbitMQ consumer cancelled. --> amq.ctag-UAdOK2_3eyCRLopoS_yGcA
2024-11-09 05:20:44 [WRN] [DotNetCore.CAP.Internal.ConsumerRegister] [15112] [27] - RabbitMQ consumer shutdown. --> Unexpected Exception: Unable to read data from the transport connection: 远程主机强迫关闭了一个现有的连接。.
2024-11-09 05:20:44 [WRN] [DotNetCore.CAP.Internal.ConsumerRegister] [15112] [27] - RabbitMQ consumer cancelled. --> amq.ctag-HhVrQ2ZwbvXG24Go-CvvlQ
2024-11-09 05:20:45 [WRN] [DotNetCore.CAP.Internal.ConsumerRegister] [15112] [27] - RabbitMQ consumer shutdown. --> Unexpected Exception: Unable to read data from the transport connection: 远程主机强迫关闭了一个现有的连接。.
2024-11-09 15:36:19 [WRN] [DotNetCore.CAP.Internal.ConsumerRegister] [15112] [126] - RabbitMQ consumer cancelled. --> amq.ctag-UAdOK2_3eyCRLopoS_yGcA
2024-11-09 15:36:20 [WRN] [DotNetCore.CAP.Internal.ConsumerRegister] [15112] [126] - RabbitMQ consumer shutdown. --> Unexpected Exception: Unable to read data from the transport connection: 远程主机强迫关闭了一个现有的连接。.
2024-11-09 15:36:20 [WRN] [DotNetCore.CAP.Processor.TransportCheckProcessor] [15112] [170] - Transport connection is unhealthy, reconnection...
2024-11-09 15:36:20 [WRN] [DotNetCore.CAP.Internal.ConsumerRegister] [15112] [126] - RabbitMQ consumer cancelled. --> amq.ctag-HhVrQ2ZwbvXG24Go-CvvlQ
2024-11-09 15:36:20 [WRN] [DotNetCore.CAP.Internal.ConsumerRegister] [15112] [126] - RabbitMQ consumer shutdown. --> Unexpected Exception: Unable to read data from the transport connection: 远程主机强迫关闭了一个现有的连接。.
2024-11-09 19:08:52 [WRN] [DotNetCore.CAP.Internal.ConsumerRegister] [15112] [163] - RabbitMQ consumer cancelled. --> amq.ctag-KTbQ8S3fm8uXEsdjiHPTWA
2024-11-09 19:09:03 [WRN] [DotNetCore.CAP.Internal.ConsumerRegister] [15112] [163] - RabbitMQ consumer shutdown. --> Unexpected Exception: Unable to read data from the transport connection: 远程主机强迫关闭了一个现有的连接。.
2024-11-09 19:09:03 [WRN] [DotNetCore.CAP.Processor.TransportCheckProcessor] [15112] [40] - Transport connection is unhealthy, reconnection...
2024-11-09 23:10:17 [WRN] [DotNetCore.CAP.Internal.ConsumerRegister] [15112] [55] - RabbitMQ consumer cancelled. --> amq.ctag-XFiQKBwkLqVs4FH6O-gxuA
2024-11-09 23:10:18 [WRN] [DotNetCore.CAP.Processor.MessageDelayedProcessor] [15112] [86] - Get delayed messages from storage failed. Retrying...
MySqlConnector.MySqlException (0x80004005): Unable to connect to any of the specified MySQL hosts.
   at MySqlConnector.MySqlConnection.OpenAsync(Nullable`1 ioBehavior, CancellationToken cancellationToken) in /_/src/MySqlConnector/MySqlConnection.cs:line 439
   at DotNetCore.CAP.MySql.MySqlDataStorage.ScheduleMessagesOfDelayedAsync(Func`3 scheduleTask, CancellationToken token)
   at DotNetCore.CAP.MySql.MySqlDataStorage.ScheduleMessagesOfDelayedAsync(Func`3 scheduleTask, CancellationToken token)
   at DotNetCore.CAP.Processor.MessageDelayedProcessor.ProcessDelayedAsync(IDataStorage connection, ProcessingContext context)
2024-11-09 23:10:20 [WRN] [DotNetCore.CAP.Internal.ConsumerRegister] [15112] [55] - RabbitMQ consumer shutdown. --> Unexpected Exception: Unable to read data from the transport connection: 远程主机强迫关闭了一个现有的连接。.
