2024-09-01 09:05:21 [ERR] [DotNetCore.CAP.Internal.ConsumerRegister] [60476] [6] - Broker Unreachable
DotNetCore.CAP.BrokerConnectionException: Broker Unreachable
 ---> RabbitMQ.Client.Exceptions.BrokerUnreachableException: None of the specified endpoints were reachable
 ---> RabbitMQ.Client.Exceptions.AuthenticationFailureException: ACCESS_REFUSED - Login was refused using authentication mechanism PLAIN. For details see the broker logfile.
   at RabbitMQ.Client.Framing.Impl.Connection.StartAndTune()
   at RabbitMQ.Client.Framing.Impl.Connection.Open(Boolean insist)
   at RabbitMQ.Client.Framing.Impl.Connection..ctor(IConnectionFactory factory, Boolean insist, IFrameHandler frameHandler, String clientProvidedName)
   at RabbitMQ.Client.Framing.Impl.Connection..ctor(IConnectionFactory factory, Boolean insist, IFrameHandler frameHandler, ArrayPool`1 memoryPool, String clientProvidedName)
   at RabbitMQ.Client.Framing.Impl.AutorecoveringConnection.Init(IFrameHandler fh)
   at RabbitMQ.Client.Framing.Impl.AutorecoveringConnection.Init(IEndpointResolver endpoints)
   at RabbitMQ.Client.ConnectionFactory.CreateConnection(IEndpointResolver endpointResolver, String clientProvidedName)
   --- End of inner exception stack trace ---
   at RabbitMQ.Client.ConnectionFactory.CreateConnection(IEndpointResolver endpointResolver, String clientProvidedName)
   at RabbitMQ.Client.ConnectionFactory.CreateConnection(String clientProvidedName)
   at RabbitMQ.Client.ConnectionFactory.CreateConnection()
   at DotNetCore.CAP.RabbitMQ.ConnectionChannelPool.<>c__DisplayClass20_0.<CreateConnection>b__1()
   at DotNetCore.CAP.RabbitMQ.ConnectionChannelPool.GetConnection()
   at DotNetCore.CAP.RabbitMQ.RabbitMQConsumerClient.Connect()
   at DotNetCore.CAP.RabbitMQ.RabbitMQConsumerClientFactory.Create(String groupId, Byte concurrent)
   --- End of inner exception stack trace ---
   at DotNetCore.CAP.RabbitMQ.RabbitMQConsumerClientFactory.Create(String groupId, Byte concurrent)
   at DotNetCore.CAP.Internal.ConsumerRegister.Execute()
2024-09-01 09:05:22 [ERR] [DotNetCore.CAP.Internal.ConsumerRegister] [60476] [6] - Broker Unreachable
DotNetCore.CAP.BrokerConnectionException: Broker Unreachable
 ---> RabbitMQ.Client.Exceptions.BrokerUnreachableException: None of the specified endpoints were reachable
 ---> RabbitMQ.Client.Exceptions.AuthenticationFailureException: ACCESS_REFUSED - Login was refused using authentication mechanism PLAIN. For details see the broker logfile.
   at RabbitMQ.Client.Framing.Impl.Connection.StartAndTune()
   at RabbitMQ.Client.Framing.Impl.Connection.Open(Boolean insist)
   at RabbitMQ.Client.Framing.Impl.Connection..ctor(IConnectionFactory factory, Boolean insist, IFrameHandler frameHandler, String clientProvidedName)
   at RabbitMQ.Client.Framing.Impl.Connection..ctor(IConnectionFactory factory, Boolean insist, IFrameHandler frameHandler, ArrayPool`1 memoryPool, String clientProvidedName)
   at RabbitMQ.Client.Framing.Impl.AutorecoveringConnection.Init(IFrameHandler fh)
   at RabbitMQ.Client.Framing.Impl.AutorecoveringConnection.Init(IEndpointResolver endpoints)
   at RabbitMQ.Client.ConnectionFactory.CreateConnection(IEndpointResolver endpointResolver, String clientProvidedName)
   --- End of inner exception stack trace ---
   at RabbitMQ.Client.ConnectionFactory.CreateConnection(IEndpointResolver endpointResolver, String clientProvidedName)
   at RabbitMQ.Client.ConnectionFactory.CreateConnection(String clientProvidedName)
   at RabbitMQ.Client.ConnectionFactory.CreateConnection()
   at DotNetCore.CAP.RabbitMQ.ConnectionChannelPool.<>c__DisplayClass20_0.<CreateConnection>b__1()
   at DotNetCore.CAP.RabbitMQ.ConnectionChannelPool.GetConnection()
   at DotNetCore.CAP.RabbitMQ.RabbitMQConsumerClient.Connect()
   at DotNetCore.CAP.RabbitMQ.RabbitMQConsumerClientFactory.Create(String groupId, Byte concurrent)
   --- End of inner exception stack trace ---
   at DotNetCore.CAP.RabbitMQ.RabbitMQConsumerClientFactory.Create(String groupId, Byte concurrent)
   at DotNetCore.CAP.Internal.ConsumerRegister.Execute()
2024-09-01 09:05:22 [ERR] [Microsoft.EntityFrameworkCore.Database.Command] [60476] [6] - Failed executing DbCommand (12ms) [Parameters=[@__cultureName_0='?' (Size = 20)], CommandType='"Text"', CommandTimeout='30']
SELECT `a`.`Id`, `a`.`CreationTime`, `a`.`CreatorId`, `a`.`CultureName`, `a`.`DisplayName`, `a`.`Enable`, `a`.`LastModificationTime`, `a`.`LastModifierId`, `a`.`TwoLetterISOLanguageName`, `a`.`UiCultureName`
FROM `AbpLocalizationLanguages` AS `a`
WHERE `a`.`CultureName` = @__cultureName_0
LIMIT 1
2024-09-01 09:05:22 [ERR] [Microsoft.EntityFrameworkCore.Query] [60476] [6] - An exception occurred while iterating over the results of a query for context type 'LINGYUN.Abp.LocalizationManagement.EntityFrameworkCore.LocalizationDbContext'.
MySqlConnector.MySqlException (0x80004005): Unknown column 'a.TwoLetterISOLanguageName' in 'field list'
   at MySqlConnector.Core.ServerSession.ReceiveReplyAsync(IOBehavior ioBehavior, CancellationToken cancellationToken) in /_/src/MySqlConnector/Core/ServerSession.cs:line 894
   at MySqlConnector.Core.ResultSet.ReadResultSetHeaderAsync(IOBehavior ioBehavior) in /_/src/MySqlConnector/Core/ResultSet.cs:line 37
   at MySqlConnector.MySqlDataReader.ActivateResultSet(CancellationToken cancellationToken) in /_/src/MySqlConnector/MySqlDataReader.cs:line 130
   at MySqlConnector.MySqlDataReader.InitAsync(CommandListPosition commandListPosition, ICommandPayloadCreator payloadCreator, IDictionary`2 cachedProcedures, IMySqlCommand command, CommandBehavior behavior, Activity activity, IOBehavior ioBehavior, CancellationToken cancellationToken) in /_/src/MySqlConnector/MySqlDataReader.cs:line 483
   at MySqlConnector.Core.CommandExecutor.ExecuteReaderAsync(CommandListPosition commandListPosition, ICommandPayloadCreator payloadCreator, CommandBehavior behavior, Activity activity, IOBehavior ioBehavior, CancellationToken cancellationToken) in /_/src/MySqlConnector/Core/CommandExecutor.cs:line 56
   at MySqlConnector.MySqlCommand.ExecuteReaderAsync(CommandBehavior behavior, IOBehavior ioBehavior, CancellationToken cancellationToken) in /_/src/MySqlConnector/MySqlCommand.cs:line 357
   at MySqlConnector.MySqlCommand.ExecuteDbDataReaderAsync(CommandBehavior behavior, CancellationToken cancellationToken) in /_/src/MySqlConnector/MySqlCommand.cs:line 350
   at Microsoft.EntityFrameworkCore.Storage.RelationalCommand.ExecuteReaderAsync(RelationalCommandParameterObject parameterObject, CancellationToken cancellationToken)
   at Microsoft.EntityFrameworkCore.Storage.RelationalCommand.ExecuteReaderAsync(RelationalCommandParameterObject parameterObject, CancellationToken cancellationToken)
   at Microsoft.EntityFrameworkCore.Query.Internal.SplitQueryingEnumerable`1.AsyncEnumerator.InitializeReaderAsync(AsyncEnumerator enumerator, CancellationToken cancellationToken)
   at Pomelo.EntityFrameworkCore.MySql.Storage.Internal.MySqlExecutionStrategy.ExecuteAsync[TState,TResult](TState state, Func`4 operation, Func`4 verifySucceeded, CancellationToken cancellationToken)
   at Microsoft.EntityFrameworkCore.Query.Internal.SplitQueryingEnumerable`1.AsyncEnumerator.MoveNextAsync()
MySqlConnector.MySqlException (0x80004005): Unknown column 'a.TwoLetterISOLanguageName' in 'field list'
   at MySqlConnector.Core.ServerSession.ReceiveReplyAsync(IOBehavior ioBehavior, CancellationToken cancellationToken) in /_/src/MySqlConnector/Core/ServerSession.cs:line 894
   at MySqlConnector.Core.ResultSet.ReadResultSetHeaderAsync(IOBehavior ioBehavior) in /_/src/MySqlConnector/Core/ResultSet.cs:line 37
   at MySqlConnector.MySqlDataReader.ActivateResultSet(CancellationToken cancellationToken) in /_/src/MySqlConnector/MySqlDataReader.cs:line 130
   at MySqlConnector.MySqlDataReader.InitAsync(CommandListPosition commandListPosition, ICommandPayloadCreator payloadCreator, IDictionary`2 cachedProcedures, IMySqlCommand command, CommandBehavior behavior, Activity activity, IOBehavior ioBehavior, CancellationToken cancellationToken) in /_/src/MySqlConnector/MySqlDataReader.cs:line 483
   at MySqlConnector.Core.CommandExecutor.ExecuteReaderAsync(CommandListPosition commandListPosition, ICommandPayloadCreator payloadCreator, CommandBehavior behavior, Activity activity, IOBehavior ioBehavior, CancellationToken cancellationToken) in /_/src/MySqlConnector/Core/CommandExecutor.cs:line 56
   at MySqlConnector.MySqlCommand.ExecuteReaderAsync(CommandBehavior behavior, IOBehavior ioBehavior, CancellationToken cancellationToken) in /_/src/MySqlConnector/MySqlCommand.cs:line 357
   at MySqlConnector.MySqlCommand.ExecuteDbDataReaderAsync(CommandBehavior behavior, CancellationToken cancellationToken) in /_/src/MySqlConnector/MySqlCommand.cs:line 350
   at Microsoft.EntityFrameworkCore.Storage.RelationalCommand.ExecuteReaderAsync(RelationalCommandParameterObject parameterObject, CancellationToken cancellationToken)
   at Microsoft.EntityFrameworkCore.Storage.RelationalCommand.ExecuteReaderAsync(RelationalCommandParameterObject parameterObject, CancellationToken cancellationToken)
   at Microsoft.EntityFrameworkCore.Query.Internal.SplitQueryingEnumerable`1.AsyncEnumerator.InitializeReaderAsync(AsyncEnumerator enumerator, CancellationToken cancellationToken)
   at Pomelo.EntityFrameworkCore.MySql.Storage.Internal.MySqlExecutionStrategy.ExecuteAsync[TState,TResult](TState state, Func`4 operation, Func`4 verifySucceeded, CancellationToken cancellationToken)
   at Microsoft.EntityFrameworkCore.Query.Internal.SplitQueryingEnumerable`1.AsyncEnumerator.MoveNextAsync()
2024-09-01 09:05:22 [ERR] [Microsoft.Extensions.Hosting.Internal.Host] [60476] [33] - BackgroundService failed
MySqlConnector.MySqlException (0x80004005): Unknown column 'a.TwoLetterISOLanguageName' in 'field list'
   at MySqlConnector.Core.ServerSession.ReceiveReplyAsync(IOBehavior ioBehavior, CancellationToken cancellationToken) in /_/src/MySqlConnector/Core/ServerSession.cs:line 894
   at MySqlConnector.Core.ResultSet.ReadResultSetHeaderAsync(IOBehavior ioBehavior) in /_/src/MySqlConnector/Core/ResultSet.cs:line 37
   at MySqlConnector.MySqlDataReader.ActivateResultSet(CancellationToken cancellationToken) in /_/src/MySqlConnector/MySqlDataReader.cs:line 130
   at MySqlConnector.MySqlDataReader.InitAsync(CommandListPosition commandListPosition, ICommandPayloadCreator payloadCreator, IDictionary`2 cachedProcedures, IMySqlCommand command, CommandBehavior behavior, Activity activity, IOBehavior ioBehavior, CancellationToken cancellationToken) in /_/src/MySqlConnector/MySqlDataReader.cs:line 483
   at MySqlConnector.Core.CommandExecutor.ExecuteReaderAsync(CommandListPosition commandListPosition, ICommandPayloadCreator payloadCreator, CommandBehavior behavior, Activity activity, IOBehavior ioBehavior, CancellationToken cancellationToken) in /_/src/MySqlConnector/Core/CommandExecutor.cs:line 56
   at MySqlConnector.MySqlCommand.ExecuteReaderAsync(CommandBehavior behavior, IOBehavior ioBehavior, CancellationToken cancellationToken) in /_/src/MySqlConnector/MySqlCommand.cs:line 357
   at MySqlConnector.MySqlCommand.ExecuteDbDataReaderAsync(CommandBehavior behavior, CancellationToken cancellationToken) in /_/src/MySqlConnector/MySqlCommand.cs:line 350
   at Microsoft.EntityFrameworkCore.Storage.RelationalCommand.ExecuteReaderAsync(RelationalCommandParameterObject parameterObject, CancellationToken cancellationToken)
   at Microsoft.EntityFrameworkCore.Storage.RelationalCommand.ExecuteReaderAsync(RelationalCommandParameterObject parameterObject, CancellationToken cancellationToken)
   at Microsoft.EntityFrameworkCore.Query.Internal.SplitQueryingEnumerable`1.AsyncEnumerator.InitializeReaderAsync(AsyncEnumerator enumerator, CancellationToken cancellationToken)
   at Pomelo.EntityFrameworkCore.MySql.Storage.Internal.MySqlExecutionStrategy.ExecuteAsync[TState,TResult](TState state, Func`4 operation, Func`4 verifySucceeded, CancellationToken cancellationToken)
   at Microsoft.EntityFrameworkCore.Query.Internal.SplitQueryingEnumerable`1.AsyncEnumerator.MoveNextAsync()
   at Microsoft.EntityFrameworkCore.Query.ShapedQueryCompilingExpressionVisitor.SingleOrDefaultAsync[TSource](IAsyncEnumerable`1 asyncEnumerable, CancellationToken cancellationToken)
   at Microsoft.EntityFrameworkCore.Query.ShapedQueryCompilingExpressionVisitor.SingleOrDefaultAsync[TSource](IAsyncEnumerable`1 asyncEnumerable, CancellationToken cancellationToken)
   at LINGYUN.Abp.LocalizationManagement.EntityFrameworkCore.EfCoreLanguageRepository.FindByCultureNameAsync(String cultureName, CancellationToken cancellationToken) in E:\abp-next-admin\aspnet-core\modules\localization-management\LINGYUN.Abp.LocalizationManagement.EntityFrameworkCore\LINGYUN\Abp\LocalizationManagement\EntityFrameworkCore\EfCoreLanguageRepository.cs:line 24
   at Castle.DynamicProxy.AsyncInterceptorBase.ProceedAsynchronous[TResult](IInvocation invocation, IInvocationProceedInfo proceedInfo)
   at Volo.Abp.Castle.DynamicProxy.CastleAbpMethodInvocationAdapterWithReturnValue`1.ProceedAsync()
   at Volo.Abp.Uow.UnitOfWorkInterceptor.InterceptAsync(IAbpMethodInvocation invocation)
   at Volo.Abp.Castle.DynamicProxy.CastleAsyncAbpInterceptorAdapter`1.InterceptAsync[TResult](IInvocation invocation, IInvocationProceedInfo proceedInfo, Func`3 proceed)
   at LINGYUN.Abp.LocalizationManagement.LocalizationManagementPersistenceWriter.WriteLanguageAsync(LanguageInfo language, CancellationToken cancellationToken) in E:\abp-next-admin\aspnet-core\modules\localization-management\LINGYUN.Abp.LocalizationManagement.Domain\LINGYUN\Abp\LocalizationManagement\LocalizationManagementPersistenceWriter.cs:line 86
   at LINGYUN.Abp.LocalizationManagement.LocalizationManagementPersistenceWriter.WriteLanguageAsync(LanguageInfo language, CancellationToken cancellationToken) in E:\abp-next-admin\aspnet-core\modules\localization-management\LINGYUN.Abp.LocalizationManagement.Domain\LINGYUN\Abp\LocalizationManagement\LocalizationManagementPersistenceWriter.cs:line 99
   at LINGYUN.Abp.Localization.Persistence.DefaultStaticLocalizationSaver.SaveAsync() in E:\abp-next-admin\aspnet-core\framework\localization\LINGYUN.Abp.Localization.Persistence\LINGYUN\Abp\Localization\Persistence\DefaultStaticLocalizationSaver.cs:line 55
   at Castle.DynamicProxy.AsyncInterceptorBase.ProceedAsynchronous(IInvocation invocation, IInvocationProceedInfo proceedInfo)
   at Volo.Abp.Castle.DynamicProxy.CastleAbpMethodInvocationAdapter.ProceedAsync()
   at Volo.Abp.Uow.UnitOfWorkInterceptor.InterceptAsync(IAbpMethodInvocation invocation)
   at Volo.Abp.Castle.DynamicProxy.CastleAsyncAbpInterceptorAdapter`1.InterceptAsync(IInvocation invocation, IInvocationProceedInfo proceedInfo, Func`3 proceed)
   at LINGYUN.Abp.Localization.Persistence.StaticLocalizationSaverHostService.ExecuteAsync(CancellationToken stoppingToken) in E:\abp-next-admin\aspnet-core\framework\localization\LINGYUN.Abp.Localization.Persistence\LINGYUN\Abp\Localization\Persistence\StaticLocalizationSaverHostService.cs:line 28
   at Microsoft.Extensions.Hosting.Internal.Host.TryExecuteBackgroundServiceAsync(BackgroundService backgroundService)
2024-09-01 09:05:22 [FTL] [Microsoft.Extensions.Hosting.Internal.Host] [60476] [33] - The HostOptions.BackgroundServiceExceptionBehavior is configured to StopHost. A BackgroundService has thrown an unhandled exception, and the IHost instance is stopping. To avoid this behavior, configure this to Ignore; however the BackgroundService will not be restarted.
MySqlConnector.MySqlException (0x80004005): Unknown column 'a.TwoLetterISOLanguageName' in 'field list'
   at MySqlConnector.Core.ServerSession.ReceiveReplyAsync(IOBehavior ioBehavior, CancellationToken cancellationToken) in /_/src/MySqlConnector/Core/ServerSession.cs:line 894
   at MySqlConnector.Core.ResultSet.ReadResultSetHeaderAsync(IOBehavior ioBehavior) in /_/src/MySqlConnector/Core/ResultSet.cs:line 37
   at MySqlConnector.MySqlDataReader.ActivateResultSet(CancellationToken cancellationToken) in /_/src/MySqlConnector/MySqlDataReader.cs:line 130
   at MySqlConnector.MySqlDataReader.InitAsync(CommandListPosition commandListPosition, ICommandPayloadCreator payloadCreator, IDictionary`2 cachedProcedures, IMySqlCommand command, CommandBehavior behavior, Activity activity, IOBehavior ioBehavior, CancellationToken cancellationToken) in /_/src/MySqlConnector/MySqlDataReader.cs:line 483
   at MySqlConnector.Core.CommandExecutor.ExecuteReaderAsync(CommandListPosition commandListPosition, ICommandPayloadCreator payloadCreator, CommandBehavior behavior, Activity activity, IOBehavior ioBehavior, CancellationToken cancellationToken) in /_/src/MySqlConnector/Core/CommandExecutor.cs:line 56
   at MySqlConnector.MySqlCommand.ExecuteReaderAsync(CommandBehavior behavior, IOBehavior ioBehavior, CancellationToken cancellationToken) in /_/src/MySqlConnector/MySqlCommand.cs:line 357
   at MySqlConnector.MySqlCommand.ExecuteDbDataReaderAsync(CommandBehavior behavior, CancellationToken cancellationToken) in /_/src/MySqlConnector/MySqlCommand.cs:line 350
   at Microsoft.EntityFrameworkCore.Storage.RelationalCommand.ExecuteReaderAsync(RelationalCommandParameterObject parameterObject, CancellationToken cancellationToken)
   at Microsoft.EntityFrameworkCore.Storage.RelationalCommand.ExecuteReaderAsync(RelationalCommandParameterObject parameterObject, CancellationToken cancellationToken)
   at Microsoft.EntityFrameworkCore.Query.Internal.SplitQueryingEnumerable`1.AsyncEnumerator.InitializeReaderAsync(AsyncEnumerator enumerator, CancellationToken cancellationToken)
   at Pomelo.EntityFrameworkCore.MySql.Storage.Internal.MySqlExecutionStrategy.ExecuteAsync[TState,TResult](TState state, Func`4 operation, Func`4 verifySucceeded, CancellationToken cancellationToken)
   at Microsoft.EntityFrameworkCore.Query.Internal.SplitQueryingEnumerable`1.AsyncEnumerator.MoveNextAsync()
   at Microsoft.EntityFrameworkCore.Query.ShapedQueryCompilingExpressionVisitor.SingleOrDefaultAsync[TSource](IAsyncEnumerable`1 asyncEnumerable, CancellationToken cancellationToken)
   at Microsoft.EntityFrameworkCore.Query.ShapedQueryCompilingExpressionVisitor.SingleOrDefaultAsync[TSource](IAsyncEnumerable`1 asyncEnumerable, CancellationToken cancellationToken)
   at LINGYUN.Abp.LocalizationManagement.EntityFrameworkCore.EfCoreLanguageRepository.FindByCultureNameAsync(String cultureName, CancellationToken cancellationToken) in E:\abp-next-admin\aspnet-core\modules\localization-management\LINGYUN.Abp.LocalizationManagement.EntityFrameworkCore\LINGYUN\Abp\LocalizationManagement\EntityFrameworkCore\EfCoreLanguageRepository.cs:line 24
   at Castle.DynamicProxy.AsyncInterceptorBase.ProceedAsynchronous[TResult](IInvocation invocation, IInvocationProceedInfo proceedInfo)
   at Volo.Abp.Castle.DynamicProxy.CastleAbpMethodInvocationAdapterWithReturnValue`1.ProceedAsync()
   at Volo.Abp.Uow.UnitOfWorkInterceptor.InterceptAsync(IAbpMethodInvocation invocation)
   at Volo.Abp.Castle.DynamicProxy.CastleAsyncAbpInterceptorAdapter`1.InterceptAsync[TResult](IInvocation invocation, IInvocationProceedInfo proceedInfo, Func`3 proceed)
   at LINGYUN.Abp.LocalizationManagement.LocalizationManagementPersistenceWriter.WriteLanguageAsync(LanguageInfo language, CancellationToken cancellationToken) in E:\abp-next-admin\aspnet-core\modules\localization-management\LINGYUN.Abp.LocalizationManagement.Domain\LINGYUN\Abp\LocalizationManagement\LocalizationManagementPersistenceWriter.cs:line 86
   at LINGYUN.Abp.LocalizationManagement.LocalizationManagementPersistenceWriter.WriteLanguageAsync(LanguageInfo language, CancellationToken cancellationToken) in E:\abp-next-admin\aspnet-core\modules\localization-management\LINGYUN.Abp.LocalizationManagement.Domain\LINGYUN\Abp\LocalizationManagement\LocalizationManagementPersistenceWriter.cs:line 99
   at LINGYUN.Abp.Localization.Persistence.DefaultStaticLocalizationSaver.SaveAsync() in E:\abp-next-admin\aspnet-core\framework\localization\LINGYUN.Abp.Localization.Persistence\LINGYUN\Abp\Localization\Persistence\DefaultStaticLocalizationSaver.cs:line 55
   at Castle.DynamicProxy.AsyncInterceptorBase.ProceedAsynchronous(IInvocation invocation, IInvocationProceedInfo proceedInfo)
   at Volo.Abp.Castle.DynamicProxy.CastleAbpMethodInvocationAdapter.ProceedAsync()
   at Volo.Abp.Uow.UnitOfWorkInterceptor.InterceptAsync(IAbpMethodInvocation invocation)
   at Volo.Abp.Castle.DynamicProxy.CastleAsyncAbpInterceptorAdapter`1.InterceptAsync(IInvocation invocation, IInvocationProceedInfo proceedInfo, Func`3 proceed)
   at LINGYUN.Abp.Localization.Persistence.StaticLocalizationSaverHostService.ExecuteAsync(CancellationToken stoppingToken) in E:\abp-next-admin\aspnet-core\framework\localization\LINGYUN.Abp.Localization.Persistence\LINGYUN\Abp\Localization\Persistence\StaticLocalizationSaverHostService.cs:line 28
   at Microsoft.Extensions.Hosting.Internal.Host.TryExecuteBackgroundServiceAsync(BackgroundService backgroundService)
2024-09-01 09:05:22 [ERR] [Microsoft.EntityFrameworkCore.Database.Transaction] [60476] [31] - An error occurred using a transaction.
2024-09-01 09:05:22 [ERR] [Volo.Abp.FeatureManagement.AbpFeatureManagementDomainModule] [60476] [31] - The operation was canceled.
System.OperationCanceledException: The operation was canceled.
   at System.Threading.CancellationToken.ThrowOperationCanceledException()
   at System.Threading.CancellationToken.ThrowIfCancellationRequested()
   at Microsoft.Extensions.Caching.StackExchangeRedis.RedisCache.SetAsync(String key, Byte[] value, DistributedCacheEntryOptions options, CancellationToken token)
   at Volo.Abp.FeatureManagement.StaticFeatureSaver.SaveAsync()
   at Volo.Abp.FeatureManagement.StaticFeatureSaver.SaveAsync()
   at Volo.Abp.FeatureManagement.StaticFeatureSaver.SaveAsync()
   at Volo.Abp.FeatureManagement.StaticFeatureSaver.SaveAsync()
   at Volo.Abp.FeatureManagement.AbpFeatureManagementDomainModule.<>c__DisplayClass8_0.<<SaveStaticFeaturesToDatabaseAsync>b__1>d.MoveNext()
2024-09-01 09:05:23 [ERR] [Microsoft.EntityFrameworkCore.Database.Transaction] [60476] [29] - An error occurred using a transaction.
2024-09-01 09:05:23 [ERR] [Volo.Abp.SettingManagement.AbpSettingManagementDomainModule] [60476] [29] - The operation was canceled.
System.OperationCanceledException: The operation was canceled.
   at System.Threading.CancellationToken.ThrowOperationCanceledException()
   at System.Threading.CancellationToken.ThrowIfCancellationRequested()
   at Microsoft.Extensions.Caching.StackExchangeRedis.RedisCache.SetAsync(String key, Byte[] value, DistributedCacheEntryOptions options, CancellationToken token)
   at Volo.Abp.SettingManagement.StaticSettingSaver.SaveAsync()
   at Volo.Abp.SettingManagement.StaticSettingSaver.SaveAsync()
   at Volo.Abp.SettingManagement.StaticSettingSaver.SaveAsync()
   at Volo.Abp.SettingManagement.StaticSettingSaver.SaveAsync()
   at Castle.DynamicProxy.AsyncInterceptorBase.ProceedAsynchronous(IInvocation invocation, IInvocationProceedInfo proceedInfo)
   at Volo.Abp.Castle.DynamicProxy.CastleAbpMethodInvocationAdapter.ProceedAsync()
   at Volo.Abp.Uow.UnitOfWorkInterceptor.InterceptAsync(IAbpMethodInvocation invocation)
   at Volo.Abp.Castle.DynamicProxy.CastleAsyncAbpInterceptorAdapter`1.InterceptAsync(IInvocation invocation, IInvocationProceedInfo proceedInfo, Func`3 proceed)
   at Volo.Abp.SettingManagement.AbpSettingManagementDomainModule.<>c__DisplayClass8_0.<<SaveStaticSettingsToDatabaseAsync>b__1>d.MoveNext()
2024-09-01 09:05:23 [ERR] [Microsoft.EntityFrameworkCore.Database.Transaction] [60476] [28] - An error occurred using a transaction.
2024-09-01 09:05:23 [ERR] [Volo.Abp.PermissionManagement.AbpPermissionManagementDomainModule] [60476] [7] - The operation was canceled.
System.OperationCanceledException: The operation was canceled.
   at System.Threading.CancellationToken.ThrowOperationCanceledException()
   at System.Threading.CancellationToken.ThrowIfCancellationRequested()
   at Microsoft.Extensions.Caching.StackExchangeRedis.RedisCache.SetAsync(String key, Byte[] value, DistributedCacheEntryOptions options, CancellationToken token)
   at Volo.Abp.PermissionManagement.StaticPermissionSaver.SaveAsync()
   at Volo.Abp.PermissionManagement.StaticPermissionSaver.SaveAsync()
   at Volo.Abp.PermissionManagement.StaticPermissionSaver.SaveAsync()
   at Volo.Abp.PermissionManagement.StaticPermissionSaver.SaveAsync()
   at Volo.Abp.PermissionManagement.AbpPermissionManagementDomainModule.<>c__DisplayClass8_0.<<SaveStaticPermissionsToDatabaseAsync>b__1>d.MoveNext()
