2024-10-07 16:32:54 [ERR] [Microsoft.AspNetCore.SignalR.HubConnectionHandler] [21904] [82] - Error when dispatching 'OnDisconnectedAsync' on hub.
System.Threading.Tasks.TaskCanceledException: A task was canceled.
   at Volo.Abp.Threading.SemaphoreSlimExtensions.LockAsync(SemaphoreSlim semaphoreSlim, CancellationToken cancellationToken)
   at Volo.Abp.Caching.DistributedCache`2.GetOrAddAsync(TCacheKey key, Func`1 factory, Func`1 optionsFactory, Nullable`1 hideErrors, Boolean considerUow, CancellationToken token)
   at Volo.Abp.Identity.IdentityDynamicClaimsPrincipalContributorCache.GetAsync(Guid userId, Nullable`1 tenantId)
   at Volo.Abp.Identity.IdentityDynamicClaimsPrincipalContributor.ContributeAsync(AbpClaimsPrincipalContributorContext context)
   at Volo.Abp.Security.Claims.AbpClaimsPrincipalFactory.InternalCreateAsync(AbpClaimsPrincipalFactoryOptions options, ClaimsPrincipal existsClaimsPrincipal, Boolean isDynamic)
   at Volo.Abp.Security.Claims.AbpClaimsPrincipalFactory.CreateDynamicAsync(ClaimsPrincipal existsClaimsPrincipal)
   at Volo.Abp.AspNetCore.SignalR.Authentication.AbpAuthenticationHubFilter.HandleDynamicClaimsPrincipalAsync(ClaimsPrincipal claimsPrincipal, IServiceProvider serviceProvider, HubCallerContext hubCallerContext, Boolean skipCheckDynamicClaimsInterval)
   at Volo.Abp.AspNetCore.SignalR.Authentication.AbpAuthenticationHubFilter.OnDisconnectedAsync(HubLifetimeContext context, Exception exception, Func`3 next)
   at Microsoft.AspNetCore.SignalR.Internal.HubFilterFactory.OnDisconnectedAsync(HubLifetimeContext context, Exception exception, Func`3 next)
   at Microsoft.AspNetCore.SignalR.Internal.HubFilterFactory.OnDisconnectedAsync(HubLifetimeContext context, Exception exception, Func`3 next)
   at Microsoft.AspNetCore.SignalR.Internal.HubFilterFactory.OnDisconnectedAsync(HubLifetimeContext context, Exception exception, Func`3 next)
   at Microsoft.AspNetCore.SignalR.Internal.HubFilterFactory.OnDisconnectedAsync(HubLifetimeContext context, Exception exception, Func`3 next)
   at Microsoft.AspNetCore.SignalR.Internal.DefaultHubDispatcher`1.OnDisconnectedAsync(HubConnectionContext connection, Exception exception)
   at Microsoft.AspNetCore.SignalR.Internal.DefaultHubDispatcher`1.OnDisconnectedAsync(HubConnectionContext connection, Exception exception)
   at Microsoft.AspNetCore.SignalR.HubConnectionHandler`1.HubOnDisconnectedAsync(HubConnectionContext connection, Exception exception)
2024-10-07 16:32:54 [ERR] [Microsoft.AspNetCore.SignalR.HubConnectionHandler] [21904] [119] - Error when dispatching 'OnDisconnectedAsync' on hub.
System.Threading.Tasks.TaskCanceledException: A task was canceled.
   at Volo.Abp.Threading.SemaphoreSlimExtensions.LockAsync(SemaphoreSlim semaphoreSlim, CancellationToken cancellationToken)
   at Volo.Abp.Caching.DistributedCache`2.GetOrAddAsync(TCacheKey key, Func`1 factory, Func`1 optionsFactory, Nullable`1 hideErrors, Boolean considerUow, CancellationToken token)
   at Volo.Abp.Identity.IdentityDynamicClaimsPrincipalContributorCache.GetAsync(Guid userId, Nullable`1 tenantId)
   at Volo.Abp.Identity.IdentityDynamicClaimsPrincipalContributor.ContributeAsync(AbpClaimsPrincipalContributorContext context)
   at Volo.Abp.Security.Claims.AbpClaimsPrincipalFactory.InternalCreateAsync(AbpClaimsPrincipalFactoryOptions options, ClaimsPrincipal existsClaimsPrincipal, Boolean isDynamic)
   at Volo.Abp.Security.Claims.AbpClaimsPrincipalFactory.CreateDynamicAsync(ClaimsPrincipal existsClaimsPrincipal)
   at Volo.Abp.AspNetCore.SignalR.Authentication.AbpAuthenticationHubFilter.HandleDynamicClaimsPrincipalAsync(ClaimsPrincipal claimsPrincipal, IServiceProvider serviceProvider, HubCallerContext hubCallerContext, Boolean skipCheckDynamicClaimsInterval)
   at Volo.Abp.AspNetCore.SignalR.Authentication.AbpAuthenticationHubFilter.OnDisconnectedAsync(HubLifetimeContext context, Exception exception, Func`3 next)
   at Microsoft.AspNetCore.SignalR.Internal.HubFilterFactory.OnDisconnectedAsync(HubLifetimeContext context, Exception exception, Func`3 next)
   at Microsoft.AspNetCore.SignalR.Internal.HubFilterFactory.OnDisconnectedAsync(HubLifetimeContext context, Exception exception, Func`3 next)
   at Microsoft.AspNetCore.SignalR.Internal.HubFilterFactory.OnDisconnectedAsync(HubLifetimeContext context, Exception exception, Func`3 next)
   at Microsoft.AspNetCore.SignalR.Internal.HubFilterFactory.OnDisconnectedAsync(HubLifetimeContext context, Exception exception, Func`3 next)
   at Microsoft.AspNetCore.SignalR.Internal.DefaultHubDispatcher`1.OnDisconnectedAsync(HubConnectionContext connection, Exception exception)
   at Microsoft.AspNetCore.SignalR.Internal.DefaultHubDispatcher`1.OnDisconnectedAsync(HubConnectionContext connection, Exception exception)
   at Microsoft.AspNetCore.SignalR.HubConnectionHandler`1.HubOnDisconnectedAsync(HubConnectionContext connection, Exception exception)
2024-10-07 16:32:54 [ERR] [Microsoft.AspNetCore.Http.Connections.Internal.HttpConnectionManager] [21904] [31] - Failed disposing connection eSmU6hPXu3O53f81eq0THw.
System.Threading.Tasks.TaskCanceledException: A task was canceled.
   at Volo.Abp.Threading.SemaphoreSlimExtensions.LockAsync(SemaphoreSlim semaphoreSlim, CancellationToken cancellationToken)
   at Volo.Abp.Caching.DistributedCache`2.GetOrAddAsync(TCacheKey key, Func`1 factory, Func`1 optionsFactory, Nullable`1 hideErrors, Boolean considerUow, CancellationToken token)
   at Volo.Abp.Identity.IdentityDynamicClaimsPrincipalContributorCache.GetAsync(Guid userId, Nullable`1 tenantId)
   at Volo.Abp.Identity.IdentityDynamicClaimsPrincipalContributor.ContributeAsync(AbpClaimsPrincipalContributorContext context)
   at Volo.Abp.Security.Claims.AbpClaimsPrincipalFactory.InternalCreateAsync(AbpClaimsPrincipalFactoryOptions options, ClaimsPrincipal existsClaimsPrincipal, Boolean isDynamic)
   at Volo.Abp.Security.Claims.AbpClaimsPrincipalFactory.CreateDynamicAsync(ClaimsPrincipal existsClaimsPrincipal)
   at Volo.Abp.AspNetCore.SignalR.Authentication.AbpAuthenticationHubFilter.HandleDynamicClaimsPrincipalAsync(ClaimsPrincipal claimsPrincipal, IServiceProvider serviceProvider, HubCallerContext hubCallerContext, Boolean skipCheckDynamicClaimsInterval)
   at Volo.Abp.AspNetCore.SignalR.Authentication.AbpAuthenticationHubFilter.OnDisconnectedAsync(HubLifetimeContext context, Exception exception, Func`3 next)
   at Microsoft.AspNetCore.SignalR.Internal.HubFilterFactory.OnDisconnectedAsync(HubLifetimeContext context, Exception exception, Func`3 next)
   at Microsoft.AspNetCore.SignalR.Internal.HubFilterFactory.OnDisconnectedAsync(HubLifetimeContext context, Exception exception, Func`3 next)
   at Microsoft.AspNetCore.SignalR.Internal.HubFilterFactory.OnDisconnectedAsync(HubLifetimeContext context, Exception exception, Func`3 next)
   at Microsoft.AspNetCore.SignalR.Internal.HubFilterFactory.OnDisconnectedAsync(HubLifetimeContext context, Exception exception, Func`3 next)
   at Microsoft.AspNetCore.SignalR.Internal.DefaultHubDispatcher`1.OnDisconnectedAsync(HubConnectionContext connection, Exception exception)
   at Microsoft.AspNetCore.SignalR.Internal.DefaultHubDispatcher`1.OnDisconnectedAsync(HubConnectionContext connection, Exception exception)
   at Microsoft.AspNetCore.SignalR.HubConnectionHandler`1.HubOnDisconnectedAsync(HubConnectionContext connection, Exception exception)
   at Microsoft.AspNetCore.SignalR.HubConnectionHandler`1.RunHubAsync(HubConnectionContext connection)
   at Microsoft.AspNetCore.SignalR.HubConnectionHandler`1.OnConnectedAsync(ConnectionContext connection)
   at Microsoft.AspNetCore.SignalR.HubConnectionHandler`1.OnConnectedAsync(ConnectionContext connection)
   at Microsoft.AspNetCore.Http.Connections.Internal.HttpConnectionContext.ExecuteApplication(ConnectionDelegate connectionDelegate)
   at Microsoft.AspNetCore.Http.Connections.Internal.HttpConnectionContext.WaitOnTasks(Task applicationTask, Task transportTask, Boolean closeGracefully)
   at Microsoft.AspNetCore.Http.Connections.Internal.HttpConnectionContext.DisposeAsync(Boolean closeGracefully)
   at Microsoft.AspNetCore.Http.Connections.Internal.HttpConnectionManager.DisposeAndRemoveAsync(HttpConnectionContext connection, Boolean closeGracefully, HttpConnectionStopStatus status)
2024-10-07 16:32:54 [ERR] [Microsoft.AspNetCore.Http.Connections.Internal.HttpConnectionManager] [21904] [82] - Failed disposing connection UDYC5og7EM7eRqDUy75TWA.
System.Threading.Tasks.TaskCanceledException: A task was canceled.
   at Volo.Abp.Threading.SemaphoreSlimExtensions.LockAsync(SemaphoreSlim semaphoreSlim, CancellationToken cancellationToken)
   at Volo.Abp.Caching.DistributedCache`2.GetOrAddAsync(TCacheKey key, Func`1 factory, Func`1 optionsFactory, Nullable`1 hideErrors, Boolean considerUow, CancellationToken token)
   at Volo.Abp.Identity.IdentityDynamicClaimsPrincipalContributorCache.GetAsync(Guid userId, Nullable`1 tenantId)
   at Volo.Abp.Identity.IdentityDynamicClaimsPrincipalContributor.ContributeAsync(AbpClaimsPrincipalContributorContext context)
   at Volo.Abp.Security.Claims.AbpClaimsPrincipalFactory.InternalCreateAsync(AbpClaimsPrincipalFactoryOptions options, ClaimsPrincipal existsClaimsPrincipal, Boolean isDynamic)
   at Volo.Abp.Security.Claims.AbpClaimsPrincipalFactory.CreateDynamicAsync(ClaimsPrincipal existsClaimsPrincipal)
   at Volo.Abp.AspNetCore.SignalR.Authentication.AbpAuthenticationHubFilter.HandleDynamicClaimsPrincipalAsync(ClaimsPrincipal claimsPrincipal, IServiceProvider serviceProvider, HubCallerContext hubCallerContext, Boolean skipCheckDynamicClaimsInterval)
   at Volo.Abp.AspNetCore.SignalR.Authentication.AbpAuthenticationHubFilter.OnDisconnectedAsync(HubLifetimeContext context, Exception exception, Func`3 next)
   at Microsoft.AspNetCore.SignalR.Internal.HubFilterFactory.OnDisconnectedAsync(HubLifetimeContext context, Exception exception, Func`3 next)
   at Microsoft.AspNetCore.SignalR.Internal.HubFilterFactory.OnDisconnectedAsync(HubLifetimeContext context, Exception exception, Func`3 next)
   at Microsoft.AspNetCore.SignalR.Internal.HubFilterFactory.OnDisconnectedAsync(HubLifetimeContext context, Exception exception, Func`3 next)
   at Microsoft.AspNetCore.SignalR.Internal.HubFilterFactory.OnDisconnectedAsync(HubLifetimeContext context, Exception exception, Func`3 next)
   at Microsoft.AspNetCore.SignalR.Internal.DefaultHubDispatcher`1.OnDisconnectedAsync(HubConnectionContext connection, Exception exception)
   at Microsoft.AspNetCore.SignalR.Internal.DefaultHubDispatcher`1.OnDisconnectedAsync(HubConnectionContext connection, Exception exception)
   at Microsoft.AspNetCore.SignalR.HubConnectionHandler`1.HubOnDisconnectedAsync(HubConnectionContext connection, Exception exception)
   at Microsoft.AspNetCore.SignalR.HubConnectionHandler`1.RunHubAsync(HubConnectionContext connection)
   at Microsoft.AspNetCore.SignalR.HubConnectionHandler`1.OnConnectedAsync(ConnectionContext connection)
   at Microsoft.AspNetCore.SignalR.HubConnectionHandler`1.OnConnectedAsync(ConnectionContext connection)
   at Microsoft.AspNetCore.Http.Connections.Internal.HttpConnectionContext.ExecuteApplication(ConnectionDelegate connectionDelegate)
   at Microsoft.AspNetCore.Http.Connections.Internal.HttpConnectionContext.WaitOnTasks(Task applicationTask, Task transportTask, Boolean closeGracefully)
   at Microsoft.AspNetCore.Http.Connections.Internal.HttpConnectionContext.DisposeAsync(Boolean closeGracefully)
   at Microsoft.AspNetCore.Http.Connections.Internal.HttpConnectionManager.DisposeAndRemoveAsync(HttpConnectionContext connection, Boolean closeGracefully, HttpConnectionStopStatus status)
2024-10-07 16:43:56 [ERR] [Microsoft.AspNetCore.SignalR.HubConnectionHandler] [21904] [60] - Error when dispatching 'OnDisconnectedAsync' on hub.
System.Threading.Tasks.TaskCanceledException: A task was canceled.
   at Volo.Abp.Threading.SemaphoreSlimExtensions.LockAsync(SemaphoreSlim semaphoreSlim, CancellationToken cancellationToken)
   at Volo.Abp.Caching.DistributedCache`2.GetOrAddAsync(TCacheKey key, Func`1 factory, Func`1 optionsFactory, Nullable`1 hideErrors, Boolean considerUow, CancellationToken token)
   at Volo.Abp.Identity.IdentityDynamicClaimsPrincipalContributorCache.GetAsync(Guid userId, Nullable`1 tenantId)
   at Volo.Abp.Identity.IdentityDynamicClaimsPrincipalContributor.ContributeAsync(AbpClaimsPrincipalContributorContext context)
   at Volo.Abp.Security.Claims.AbpClaimsPrincipalFactory.InternalCreateAsync(AbpClaimsPrincipalFactoryOptions options, ClaimsPrincipal existsClaimsPrincipal, Boolean isDynamic)
   at Volo.Abp.Security.Claims.AbpClaimsPrincipalFactory.CreateDynamicAsync(ClaimsPrincipal existsClaimsPrincipal)
   at Volo.Abp.AspNetCore.SignalR.Authentication.AbpAuthenticationHubFilter.HandleDynamicClaimsPrincipalAsync(ClaimsPrincipal claimsPrincipal, IServiceProvider serviceProvider, HubCallerContext hubCallerContext, Boolean skipCheckDynamicClaimsInterval)
   at Volo.Abp.AspNetCore.SignalR.Authentication.AbpAuthenticationHubFilter.OnDisconnectedAsync(HubLifetimeContext context, Exception exception, Func`3 next)
   at Microsoft.AspNetCore.SignalR.Internal.HubFilterFactory.OnDisconnectedAsync(HubLifetimeContext context, Exception exception, Func`3 next)
   at Microsoft.AspNetCore.SignalR.Internal.HubFilterFactory.OnDisconnectedAsync(HubLifetimeContext context, Exception exception, Func`3 next)
   at Microsoft.AspNetCore.SignalR.Internal.HubFilterFactory.OnDisconnectedAsync(HubLifetimeContext context, Exception exception, Func`3 next)
   at Microsoft.AspNetCore.SignalR.Internal.HubFilterFactory.OnDisconnectedAsync(HubLifetimeContext context, Exception exception, Func`3 next)
   at Microsoft.AspNetCore.SignalR.Internal.DefaultHubDispatcher`1.OnDisconnectedAsync(HubConnectionContext connection, Exception exception)
   at Microsoft.AspNetCore.SignalR.Internal.DefaultHubDispatcher`1.OnDisconnectedAsync(HubConnectionContext connection, Exception exception)
   at Microsoft.AspNetCore.SignalR.HubConnectionHandler`1.HubOnDisconnectedAsync(HubConnectionContext connection, Exception exception)
2024-10-07 16:43:56 [ERR] [Microsoft.AspNetCore.SignalR.HubConnectionHandler] [21904] [105] - Error when dispatching 'OnDisconnectedAsync' on hub.
System.Threading.Tasks.TaskCanceledException: A task was canceled.
   at Volo.Abp.Threading.SemaphoreSlimExtensions.LockAsync(SemaphoreSlim semaphoreSlim, CancellationToken cancellationToken)
   at Volo.Abp.Caching.DistributedCache`2.GetOrAddAsync(TCacheKey key, Func`1 factory, Func`1 optionsFactory, Nullable`1 hideErrors, Boolean considerUow, CancellationToken token)
   at Volo.Abp.Identity.IdentityDynamicClaimsPrincipalContributorCache.GetAsync(Guid userId, Nullable`1 tenantId)
   at Volo.Abp.Identity.IdentityDynamicClaimsPrincipalContributor.ContributeAsync(AbpClaimsPrincipalContributorContext context)
   at Volo.Abp.Security.Claims.AbpClaimsPrincipalFactory.InternalCreateAsync(AbpClaimsPrincipalFactoryOptions options, ClaimsPrincipal existsClaimsPrincipal, Boolean isDynamic)
   at Volo.Abp.Security.Claims.AbpClaimsPrincipalFactory.CreateDynamicAsync(ClaimsPrincipal existsClaimsPrincipal)
   at Volo.Abp.AspNetCore.SignalR.Authentication.AbpAuthenticationHubFilter.HandleDynamicClaimsPrincipalAsync(ClaimsPrincipal claimsPrincipal, IServiceProvider serviceProvider, HubCallerContext hubCallerContext, Boolean skipCheckDynamicClaimsInterval)
   at Volo.Abp.AspNetCore.SignalR.Authentication.AbpAuthenticationHubFilter.OnDisconnectedAsync(HubLifetimeContext context, Exception exception, Func`3 next)
   at Microsoft.AspNetCore.SignalR.Internal.HubFilterFactory.OnDisconnectedAsync(HubLifetimeContext context, Exception exception, Func`3 next)
   at Microsoft.AspNetCore.SignalR.Internal.HubFilterFactory.OnDisconnectedAsync(HubLifetimeContext context, Exception exception, Func`3 next)
   at Microsoft.AspNetCore.SignalR.Internal.HubFilterFactory.OnDisconnectedAsync(HubLifetimeContext context, Exception exception, Func`3 next)
   at Microsoft.AspNetCore.SignalR.Internal.HubFilterFactory.OnDisconnectedAsync(HubLifetimeContext context, Exception exception, Func`3 next)
   at Microsoft.AspNetCore.SignalR.Internal.DefaultHubDispatcher`1.OnDisconnectedAsync(HubConnectionContext connection, Exception exception)
   at Microsoft.AspNetCore.SignalR.Internal.DefaultHubDispatcher`1.OnDisconnectedAsync(HubConnectionContext connection, Exception exception)
   at Microsoft.AspNetCore.SignalR.HubConnectionHandler`1.HubOnDisconnectedAsync(HubConnectionContext connection, Exception exception)
2024-10-07 16:43:56 [ERR] [Microsoft.AspNetCore.Http.Connections.Internal.HttpConnectionManager] [21904] [107] - Failed disposing connection ZxQQGaTISMoSqP42ltQjNA.
System.Threading.Tasks.TaskCanceledException: A task was canceled.
   at Volo.Abp.Threading.SemaphoreSlimExtensions.LockAsync(SemaphoreSlim semaphoreSlim, CancellationToken cancellationToken)
   at Volo.Abp.Caching.DistributedCache`2.GetOrAddAsync(TCacheKey key, Func`1 factory, Func`1 optionsFactory, Nullable`1 hideErrors, Boolean considerUow, CancellationToken token)
   at Volo.Abp.Identity.IdentityDynamicClaimsPrincipalContributorCache.GetAsync(Guid userId, Nullable`1 tenantId)
   at Volo.Abp.Identity.IdentityDynamicClaimsPrincipalContributor.ContributeAsync(AbpClaimsPrincipalContributorContext context)
   at Volo.Abp.Security.Claims.AbpClaimsPrincipalFactory.InternalCreateAsync(AbpClaimsPrincipalFactoryOptions options, ClaimsPrincipal existsClaimsPrincipal, Boolean isDynamic)
   at Volo.Abp.Security.Claims.AbpClaimsPrincipalFactory.CreateDynamicAsync(ClaimsPrincipal existsClaimsPrincipal)
   at Volo.Abp.AspNetCore.SignalR.Authentication.AbpAuthenticationHubFilter.HandleDynamicClaimsPrincipalAsync(ClaimsPrincipal claimsPrincipal, IServiceProvider serviceProvider, HubCallerContext hubCallerContext, Boolean skipCheckDynamicClaimsInterval)
   at Volo.Abp.AspNetCore.SignalR.Authentication.AbpAuthenticationHubFilter.OnDisconnectedAsync(HubLifetimeContext context, Exception exception, Func`3 next)
   at Microsoft.AspNetCore.SignalR.Internal.HubFilterFactory.OnDisconnectedAsync(HubLifetimeContext context, Exception exception, Func`3 next)
   at Microsoft.AspNetCore.SignalR.Internal.HubFilterFactory.OnDisconnectedAsync(HubLifetimeContext context, Exception exception, Func`3 next)
   at Microsoft.AspNetCore.SignalR.Internal.HubFilterFactory.OnDisconnectedAsync(HubLifetimeContext context, Exception exception, Func`3 next)
   at Microsoft.AspNetCore.SignalR.Internal.HubFilterFactory.OnDisconnectedAsync(HubLifetimeContext context, Exception exception, Func`3 next)
   at Microsoft.AspNetCore.SignalR.Internal.DefaultHubDispatcher`1.OnDisconnectedAsync(HubConnectionContext connection, Exception exception)
   at Microsoft.AspNetCore.SignalR.Internal.DefaultHubDispatcher`1.OnDisconnectedAsync(HubConnectionContext connection, Exception exception)
   at Microsoft.AspNetCore.SignalR.HubConnectionHandler`1.HubOnDisconnectedAsync(HubConnectionContext connection, Exception exception)
   at Microsoft.AspNetCore.SignalR.HubConnectionHandler`1.RunHubAsync(HubConnectionContext connection)
   at Microsoft.AspNetCore.SignalR.HubConnectionHandler`1.OnConnectedAsync(ConnectionContext connection)
   at Microsoft.AspNetCore.SignalR.HubConnectionHandler`1.OnConnectedAsync(ConnectionContext connection)
   at Microsoft.AspNetCore.Http.Connections.Internal.HttpConnectionContext.ExecuteApplication(ConnectionDelegate connectionDelegate)
   at Microsoft.AspNetCore.Http.Connections.Internal.HttpConnectionContext.WaitOnTasks(Task applicationTask, Task transportTask, Boolean closeGracefully)
   at Microsoft.AspNetCore.Http.Connections.Internal.HttpConnectionContext.DisposeAsync(Boolean closeGracefully)
   at Microsoft.AspNetCore.Http.Connections.Internal.HttpConnectionManager.DisposeAndRemoveAsync(HttpConnectionContext connection, Boolean closeGracefully, HttpConnectionStopStatus status)
2024-10-07 16:43:56 [ERR] [Microsoft.AspNetCore.Http.Connections.Internal.HttpConnectionManager] [21904] [105] - Failed disposing connection 8FB4pIbzmCR3gv-Hvmuwtw.
System.Threading.Tasks.TaskCanceledException: A task was canceled.
   at Volo.Abp.Threading.SemaphoreSlimExtensions.LockAsync(SemaphoreSlim semaphoreSlim, CancellationToken cancellationToken)
   at Volo.Abp.Caching.DistributedCache`2.GetOrAddAsync(TCacheKey key, Func`1 factory, Func`1 optionsFactory, Nullable`1 hideErrors, Boolean considerUow, CancellationToken token)
   at Volo.Abp.Identity.IdentityDynamicClaimsPrincipalContributorCache.GetAsync(Guid userId, Nullable`1 tenantId)
   at Volo.Abp.Identity.IdentityDynamicClaimsPrincipalContributor.ContributeAsync(AbpClaimsPrincipalContributorContext context)
   at Volo.Abp.Security.Claims.AbpClaimsPrincipalFactory.InternalCreateAsync(AbpClaimsPrincipalFactoryOptions options, ClaimsPrincipal existsClaimsPrincipal, Boolean isDynamic)
   at Volo.Abp.Security.Claims.AbpClaimsPrincipalFactory.CreateDynamicAsync(ClaimsPrincipal existsClaimsPrincipal)
   at Volo.Abp.AspNetCore.SignalR.Authentication.AbpAuthenticationHubFilter.HandleDynamicClaimsPrincipalAsync(ClaimsPrincipal claimsPrincipal, IServiceProvider serviceProvider, HubCallerContext hubCallerContext, Boolean skipCheckDynamicClaimsInterval)
   at Volo.Abp.AspNetCore.SignalR.Authentication.AbpAuthenticationHubFilter.OnDisconnectedAsync(HubLifetimeContext context, Exception exception, Func`3 next)
   at Microsoft.AspNetCore.SignalR.Internal.HubFilterFactory.OnDisconnectedAsync(HubLifetimeContext context, Exception exception, Func`3 next)
   at Microsoft.AspNetCore.SignalR.Internal.HubFilterFactory.OnDisconnectedAsync(HubLifetimeContext context, Exception exception, Func`3 next)
   at Microsoft.AspNetCore.SignalR.Internal.HubFilterFactory.OnDisconnectedAsync(HubLifetimeContext context, Exception exception, Func`3 next)
   at Microsoft.AspNetCore.SignalR.Internal.HubFilterFactory.OnDisconnectedAsync(HubLifetimeContext context, Exception exception, Func`3 next)
   at Microsoft.AspNetCore.SignalR.Internal.DefaultHubDispatcher`1.OnDisconnectedAsync(HubConnectionContext connection, Exception exception)
   at Microsoft.AspNetCore.SignalR.Internal.DefaultHubDispatcher`1.OnDisconnectedAsync(HubConnectionContext connection, Exception exception)
   at Microsoft.AspNetCore.SignalR.HubConnectionHandler`1.HubOnDisconnectedAsync(HubConnectionContext connection, Exception exception)
   at Microsoft.AspNetCore.SignalR.HubConnectionHandler`1.RunHubAsync(HubConnectionContext connection)
   at Microsoft.AspNetCore.SignalR.HubConnectionHandler`1.OnConnectedAsync(ConnectionContext connection)
   at Microsoft.AspNetCore.SignalR.HubConnectionHandler`1.OnConnectedAsync(ConnectionContext connection)
   at Microsoft.AspNetCore.Http.Connections.Internal.HttpConnectionContext.ExecuteApplication(ConnectionDelegate connectionDelegate)
   at Microsoft.AspNetCore.Http.Connections.Internal.HttpConnectionContext.WaitOnTasks(Task applicationTask, Task transportTask, Boolean closeGracefully)
   at Microsoft.AspNetCore.Http.Connections.Internal.HttpConnectionContext.DisposeAsync(Boolean closeGracefully)
   at Microsoft.AspNetCore.Http.Connections.Internal.HttpConnectionManager.DisposeAndRemoveAsync(HttpConnectionContext connection, Boolean closeGracefully, HttpConnectionStopStatus status)
2024-10-07 16:45:24 [ERR] [Microsoft.AspNetCore.SignalR.HubConnectionHandler] [21904] [40] - Error when dispatching 'OnDisconnectedAsync' on hub.
System.Threading.Tasks.TaskCanceledException: A task was canceled.
   at Volo.Abp.Threading.SemaphoreSlimExtensions.LockAsync(SemaphoreSlim semaphoreSlim, CancellationToken cancellationToken)
   at Volo.Abp.Caching.DistributedCache`2.GetOrAddAsync(TCacheKey key, Func`1 factory, Func`1 optionsFactory, Nullable`1 hideErrors, Boolean considerUow, CancellationToken token)
   at Volo.Abp.Identity.IdentityDynamicClaimsPrincipalContributorCache.GetAsync(Guid userId, Nullable`1 tenantId)
   at Volo.Abp.Identity.IdentityDynamicClaimsPrincipalContributor.ContributeAsync(AbpClaimsPrincipalContributorContext context)
   at Volo.Abp.Security.Claims.AbpClaimsPrincipalFactory.InternalCreateAsync(AbpClaimsPrincipalFactoryOptions options, ClaimsPrincipal existsClaimsPrincipal, Boolean isDynamic)
   at Volo.Abp.Security.Claims.AbpClaimsPrincipalFactory.CreateDynamicAsync(ClaimsPrincipal existsClaimsPrincipal)
   at Volo.Abp.AspNetCore.SignalR.Authentication.AbpAuthenticationHubFilter.HandleDynamicClaimsPrincipalAsync(ClaimsPrincipal claimsPrincipal, IServiceProvider serviceProvider, HubCallerContext hubCallerContext, Boolean skipCheckDynamicClaimsInterval)
   at Volo.Abp.AspNetCore.SignalR.Authentication.AbpAuthenticationHubFilter.OnDisconnectedAsync(HubLifetimeContext context, Exception exception, Func`3 next)
   at Microsoft.AspNetCore.SignalR.Internal.HubFilterFactory.OnDisconnectedAsync(HubLifetimeContext context, Exception exception, Func`3 next)
   at Microsoft.AspNetCore.SignalR.Internal.HubFilterFactory.OnDisconnectedAsync(HubLifetimeContext context, Exception exception, Func`3 next)
   at Microsoft.AspNetCore.SignalR.Internal.HubFilterFactory.OnDisconnectedAsync(HubLifetimeContext context, Exception exception, Func`3 next)
   at Microsoft.AspNetCore.SignalR.Internal.HubFilterFactory.OnDisconnectedAsync(HubLifetimeContext context, Exception exception, Func`3 next)
   at Microsoft.AspNetCore.SignalR.Internal.DefaultHubDispatcher`1.OnDisconnectedAsync(HubConnectionContext connection, Exception exception)
   at Microsoft.AspNetCore.SignalR.Internal.DefaultHubDispatcher`1.OnDisconnectedAsync(HubConnectionContext connection, Exception exception)
   at Microsoft.AspNetCore.SignalR.HubConnectionHandler`1.HubOnDisconnectedAsync(HubConnectionContext connection, Exception exception)
2024-10-07 16:45:24 [ERR] [Microsoft.AspNetCore.SignalR.HubConnectionHandler] [21904] [91] - Error when dispatching 'OnDisconnectedAsync' on hub.
System.Threading.Tasks.TaskCanceledException: A task was canceled.
   at Volo.Abp.Threading.SemaphoreSlimExtensions.LockAsync(SemaphoreSlim semaphoreSlim, CancellationToken cancellationToken)
   at Volo.Abp.Caching.DistributedCache`2.GetOrAddAsync(TCacheKey key, Func`1 factory, Func`1 optionsFactory, Nullable`1 hideErrors, Boolean considerUow, CancellationToken token)
   at Volo.Abp.Identity.IdentityDynamicClaimsPrincipalContributorCache.GetAsync(Guid userId, Nullable`1 tenantId)
   at Volo.Abp.Identity.IdentityDynamicClaimsPrincipalContributor.ContributeAsync(AbpClaimsPrincipalContributorContext context)
   at Volo.Abp.Security.Claims.AbpClaimsPrincipalFactory.InternalCreateAsync(AbpClaimsPrincipalFactoryOptions options, ClaimsPrincipal existsClaimsPrincipal, Boolean isDynamic)
   at Volo.Abp.Security.Claims.AbpClaimsPrincipalFactory.CreateDynamicAsync(ClaimsPrincipal existsClaimsPrincipal)
   at Volo.Abp.AspNetCore.SignalR.Authentication.AbpAuthenticationHubFilter.HandleDynamicClaimsPrincipalAsync(ClaimsPrincipal claimsPrincipal, IServiceProvider serviceProvider, HubCallerContext hubCallerContext, Boolean skipCheckDynamicClaimsInterval)
   at Volo.Abp.AspNetCore.SignalR.Authentication.AbpAuthenticationHubFilter.OnDisconnectedAsync(HubLifetimeContext context, Exception exception, Func`3 next)
   at Microsoft.AspNetCore.SignalR.Internal.HubFilterFactory.OnDisconnectedAsync(HubLifetimeContext context, Exception exception, Func`3 next)
   at Microsoft.AspNetCore.SignalR.Internal.HubFilterFactory.OnDisconnectedAsync(HubLifetimeContext context, Exception exception, Func`3 next)
   at Microsoft.AspNetCore.SignalR.Internal.HubFilterFactory.OnDisconnectedAsync(HubLifetimeContext context, Exception exception, Func`3 next)
   at Microsoft.AspNetCore.SignalR.Internal.HubFilterFactory.OnDisconnectedAsync(HubLifetimeContext context, Exception exception, Func`3 next)
   at Microsoft.AspNetCore.SignalR.Internal.DefaultHubDispatcher`1.OnDisconnectedAsync(HubConnectionContext connection, Exception exception)
   at Microsoft.AspNetCore.SignalR.Internal.DefaultHubDispatcher`1.OnDisconnectedAsync(HubConnectionContext connection, Exception exception)
   at Microsoft.AspNetCore.SignalR.HubConnectionHandler`1.HubOnDisconnectedAsync(HubConnectionContext connection, Exception exception)
2024-10-07 16:45:24 [ERR] [Microsoft.AspNetCore.Http.Connections.Internal.HttpConnectionManager] [21904] [78] - Failed disposing connection rxszCZYVTfe_KbbF1BnH9A.
System.Threading.Tasks.TaskCanceledException: A task was canceled.
   at Volo.Abp.Threading.SemaphoreSlimExtensions.LockAsync(SemaphoreSlim semaphoreSlim, CancellationToken cancellationToken)
   at Volo.Abp.Caching.DistributedCache`2.GetOrAddAsync(TCacheKey key, Func`1 factory, Func`1 optionsFactory, Nullable`1 hideErrors, Boolean considerUow, CancellationToken token)
   at Volo.Abp.Identity.IdentityDynamicClaimsPrincipalContributorCache.GetAsync(Guid userId, Nullable`1 tenantId)
   at Volo.Abp.Identity.IdentityDynamicClaimsPrincipalContributor.ContributeAsync(AbpClaimsPrincipalContributorContext context)
   at Volo.Abp.Security.Claims.AbpClaimsPrincipalFactory.InternalCreateAsync(AbpClaimsPrincipalFactoryOptions options, ClaimsPrincipal existsClaimsPrincipal, Boolean isDynamic)
   at Volo.Abp.Security.Claims.AbpClaimsPrincipalFactory.CreateDynamicAsync(ClaimsPrincipal existsClaimsPrincipal)
   at Volo.Abp.AspNetCore.SignalR.Authentication.AbpAuthenticationHubFilter.HandleDynamicClaimsPrincipalAsync(ClaimsPrincipal claimsPrincipal, IServiceProvider serviceProvider, HubCallerContext hubCallerContext, Boolean skipCheckDynamicClaimsInterval)
   at Volo.Abp.AspNetCore.SignalR.Authentication.AbpAuthenticationHubFilter.OnDisconnectedAsync(HubLifetimeContext context, Exception exception, Func`3 next)
   at Microsoft.AspNetCore.SignalR.Internal.HubFilterFactory.OnDisconnectedAsync(HubLifetimeContext context, Exception exception, Func`3 next)
   at Microsoft.AspNetCore.SignalR.Internal.HubFilterFactory.OnDisconnectedAsync(HubLifetimeContext context, Exception exception, Func`3 next)
   at Microsoft.AspNetCore.SignalR.Internal.HubFilterFactory.OnDisconnectedAsync(HubLifetimeContext context, Exception exception, Func`3 next)
   at Microsoft.AspNetCore.SignalR.Internal.HubFilterFactory.OnDisconnectedAsync(HubLifetimeContext context, Exception exception, Func`3 next)
   at Microsoft.AspNetCore.SignalR.Internal.DefaultHubDispatcher`1.OnDisconnectedAsync(HubConnectionContext connection, Exception exception)
   at Microsoft.AspNetCore.SignalR.Internal.DefaultHubDispatcher`1.OnDisconnectedAsync(HubConnectionContext connection, Exception exception)
   at Microsoft.AspNetCore.SignalR.HubConnectionHandler`1.HubOnDisconnectedAsync(HubConnectionContext connection, Exception exception)
   at Microsoft.AspNetCore.SignalR.HubConnectionHandler`1.RunHubAsync(HubConnectionContext connection)
   at Microsoft.AspNetCore.SignalR.HubConnectionHandler`1.OnConnectedAsync(ConnectionContext connection)
   at Microsoft.AspNetCore.SignalR.HubConnectionHandler`1.OnConnectedAsync(ConnectionContext connection)
   at Microsoft.AspNetCore.Http.Connections.Internal.HttpConnectionContext.ExecuteApplication(ConnectionDelegate connectionDelegate)
   at Microsoft.AspNetCore.Http.Connections.Internal.HttpConnectionContext.WaitOnTasks(Task applicationTask, Task transportTask, Boolean closeGracefully)
   at Microsoft.AspNetCore.Http.Connections.Internal.HttpConnectionContext.DisposeAsync(Boolean closeGracefully)
   at Microsoft.AspNetCore.Http.Connections.Internal.HttpConnectionManager.DisposeAndRemoveAsync(HttpConnectionContext connection, Boolean closeGracefully, HttpConnectionStopStatus status)
2024-10-07 16:45:24 [ERR] [Microsoft.AspNetCore.Http.Connections.Internal.HttpConnectionManager] [21904] [150] - Failed disposing connection MCpKNZXR1V3J5Tq292qhRQ.
System.Threading.Tasks.TaskCanceledException: A task was canceled.
   at Volo.Abp.Threading.SemaphoreSlimExtensions.LockAsync(SemaphoreSlim semaphoreSlim, CancellationToken cancellationToken)
   at Volo.Abp.Caching.DistributedCache`2.GetOrAddAsync(TCacheKey key, Func`1 factory, Func`1 optionsFactory, Nullable`1 hideErrors, Boolean considerUow, CancellationToken token)
   at Volo.Abp.Identity.IdentityDynamicClaimsPrincipalContributorCache.GetAsync(Guid userId, Nullable`1 tenantId)
   at Volo.Abp.Identity.IdentityDynamicClaimsPrincipalContributor.ContributeAsync(AbpClaimsPrincipalContributorContext context)
   at Volo.Abp.Security.Claims.AbpClaimsPrincipalFactory.InternalCreateAsync(AbpClaimsPrincipalFactoryOptions options, ClaimsPrincipal existsClaimsPrincipal, Boolean isDynamic)
   at Volo.Abp.Security.Claims.AbpClaimsPrincipalFactory.CreateDynamicAsync(ClaimsPrincipal existsClaimsPrincipal)
   at Volo.Abp.AspNetCore.SignalR.Authentication.AbpAuthenticationHubFilter.HandleDynamicClaimsPrincipalAsync(ClaimsPrincipal claimsPrincipal, IServiceProvider serviceProvider, HubCallerContext hubCallerContext, Boolean skipCheckDynamicClaimsInterval)
   at Volo.Abp.AspNetCore.SignalR.Authentication.AbpAuthenticationHubFilter.OnDisconnectedAsync(HubLifetimeContext context, Exception exception, Func`3 next)
   at Microsoft.AspNetCore.SignalR.Internal.HubFilterFactory.OnDisconnectedAsync(HubLifetimeContext context, Exception exception, Func`3 next)
   at Microsoft.AspNetCore.SignalR.Internal.HubFilterFactory.OnDisconnectedAsync(HubLifetimeContext context, Exception exception, Func`3 next)
   at Microsoft.AspNetCore.SignalR.Internal.HubFilterFactory.OnDisconnectedAsync(HubLifetimeContext context, Exception exception, Func`3 next)
   at Microsoft.AspNetCore.SignalR.Internal.HubFilterFactory.OnDisconnectedAsync(HubLifetimeContext context, Exception exception, Func`3 next)
   at Microsoft.AspNetCore.SignalR.Internal.DefaultHubDispatcher`1.OnDisconnectedAsync(HubConnectionContext connection, Exception exception)
   at Microsoft.AspNetCore.SignalR.Internal.DefaultHubDispatcher`1.OnDisconnectedAsync(HubConnectionContext connection, Exception exception)
   at Microsoft.AspNetCore.SignalR.HubConnectionHandler`1.HubOnDisconnectedAsync(HubConnectionContext connection, Exception exception)
   at Microsoft.AspNetCore.SignalR.HubConnectionHandler`1.RunHubAsync(HubConnectionContext connection)
   at Microsoft.AspNetCore.SignalR.HubConnectionHandler`1.OnConnectedAsync(ConnectionContext connection)
   at Microsoft.AspNetCore.SignalR.HubConnectionHandler`1.OnConnectedAsync(ConnectionContext connection)
   at Microsoft.AspNetCore.Http.Connections.Internal.HttpConnectionContext.ExecuteApplication(ConnectionDelegate connectionDelegate)
   at Microsoft.AspNetCore.Http.Connections.Internal.HttpConnectionContext.WaitOnTasks(Task applicationTask, Task transportTask, Boolean closeGracefully)
   at Microsoft.AspNetCore.Http.Connections.Internal.HttpConnectionContext.DisposeAsync(Boolean closeGracefully)
   at Microsoft.AspNetCore.Http.Connections.Internal.HttpConnectionManager.DisposeAndRemoveAsync(HttpConnectionContext connection, Boolean closeGracefully, HttpConnectionStopStatus status)
