2024-09-07 19:26:44 [ERR] [ZQH.Abp.TextTemplating.TextTemplateDefinitionInitializer] [29804] [34] - Could not find a file/folder at the location: /ZQH.Abp/Notifications/Templates/ExceptionNotifier
Volo.Abp.AbpException: Could not find a file/folder at the location: /ZQH.Abp/Notifications/Templates/ExceptionNotifier
   at Volo.Abp.TextTemplating.VirtualFiles.LocalizedTemplateContentReaderFactory.CreateInternalAsync(TemplateDefinition templateDefinition)
   at Volo.Abp.TextTemplating.VirtualFiles.LocalizedTemplateContentReaderFactory.CreateAsync(TemplateDefinition templateDefinition)
   at Volo.Abp.TextTemplating.VirtualFiles.VirtualFileTemplateContentContributor.GetOrNullAsync(TemplateContentContributorContext context)
   at Volo.Abp.TextTemplating.TemplateContentProvider.GetContentOrNullAsync(ITemplateContentContributor[] contributors, TemplateContentContributorContext context)
   at Volo.Abp.TextTemplating.TemplateContentProvider.GetContentOrNullAsync(TemplateDefinition templateDefinition, String cultureName, Boolean tryDefaults, Boolean useCurrentCultureIfCultureNameIsNull)
   at ZQH.Abp.TextTemplating.StaticTemplateSaver.SaveTemplateContentAsync() in E:\abp-vue\aspnet-core\modules\text-templating\ZQH.Abp.TextTemplating.Domain\ZQH\Abp\TextTemplating\StaticTemplateSaver.cs:line 113
   at Castle.DynamicProxy.AsyncInterceptorBase.ProceedAsynchronous(IInvocation invocation, IInvocationProceedInfo proceedInfo)
   at Volo.Abp.Castle.DynamicProxy.CastleAbpMethodInvocationAdapter.ProceedAsync()
   at Volo.Abp.Uow.UnitOfWorkInterceptor.InterceptAsync(IAbpMethodInvocation invocation)
   at Volo.Abp.Castle.DynamicProxy.CastleAsyncAbpInterceptorAdapter`1.InterceptAsync(IInvocation invocation, IInvocationProceedInfo proceedInfo, Func`3 proceed)
   at ZQH.Abp.TextTemplating.TextTemplateDefinitionInitializer.<>c__DisplayClass11_0.<<SaveStaticTemplateDefinitionsToDatabaseAsync>b__1>d.MoveNext() in E:\abp-vue\aspnet-core\modules\text-templating\ZQH.Abp.TextTemplating.Domain\ZQH\Abp\TextTemplating\TextTemplateDefinitionInitializer.cs:line 76
2024-09-07 19:27:04 [ERR] [ZQH.Abp.TextTemplating.TextTemplateDefinitionInitializer] [29804] [34] - Could not find a file/folder at the location: /ZQH.Abp/Notifications/Templates/ExceptionNotifier
Volo.Abp.AbpException: Could not find a file/folder at the location: /ZQH.Abp/Notifications/Templates/ExceptionNotifier
   at Volo.Abp.TextTemplating.VirtualFiles.LocalizedTemplateContentReaderFactory.CreateInternalAsync(TemplateDefinition templateDefinition)
   at Volo.Abp.TextTemplating.VirtualFiles.LocalizedTemplateContentReaderFactory.CreateAsync(TemplateDefinition templateDefinition)
   at Volo.Abp.TextTemplating.VirtualFiles.VirtualFileTemplateContentContributor.GetOrNullAsync(TemplateContentContributorContext context)
   at Volo.Abp.TextTemplating.TemplateContentProvider.GetContentOrNullAsync(ITemplateContentContributor[] contributors, TemplateContentContributorContext context)
   at Volo.Abp.TextTemplating.TemplateContentProvider.GetContentOrNullAsync(TemplateDefinition templateDefinition, String cultureName, Boolean tryDefaults, Boolean useCurrentCultureIfCultureNameIsNull)
   at ZQH.Abp.TextTemplating.StaticTemplateSaver.SaveTemplateContentAsync() in E:\abp-vue\aspnet-core\modules\text-templating\ZQH.Abp.TextTemplating.Domain\ZQH\Abp\TextTemplating\StaticTemplateSaver.cs:line 113
   at Castle.DynamicProxy.AsyncInterceptorBase.ProceedAsynchronous(IInvocation invocation, IInvocationProceedInfo proceedInfo)
   at Volo.Abp.Castle.DynamicProxy.CastleAbpMethodInvocationAdapter.ProceedAsync()
   at Volo.Abp.Uow.UnitOfWorkInterceptor.InterceptAsync(IAbpMethodInvocation invocation)
   at Volo.Abp.Castle.DynamicProxy.CastleAsyncAbpInterceptorAdapter`1.InterceptAsync(IInvocation invocation, IInvocationProceedInfo proceedInfo, Func`3 proceed)
   at ZQH.Abp.TextTemplating.TextTemplateDefinitionInitializer.<>c__DisplayClass11_0.<<SaveStaticTemplateDefinitionsToDatabaseAsync>b__1>d.MoveNext() in E:\abp-vue\aspnet-core\modules\text-templating\ZQH.Abp.TextTemplating.Domain\ZQH\Abp\TextTemplating\TextTemplateDefinitionInitializer.cs:line 76
2024-09-07 19:28:44 [ERR] [ZQH.Abp.TextTemplating.TextTemplateDefinitionInitializer] [29804] [26] - Could not find a file/folder at the location: /ZQH.Abp/Notifications/Templates/ExceptionNotifier
Volo.Abp.AbpException: Could not find a file/folder at the location: /ZQH.Abp/Notifications/Templates/ExceptionNotifier
   at Volo.Abp.TextTemplating.VirtualFiles.LocalizedTemplateContentReaderFactory.CreateInternalAsync(TemplateDefinition templateDefinition)
   at Volo.Abp.TextTemplating.VirtualFiles.LocalizedTemplateContentReaderFactory.CreateAsync(TemplateDefinition templateDefinition)
   at Volo.Abp.TextTemplating.VirtualFiles.VirtualFileTemplateContentContributor.GetOrNullAsync(TemplateContentContributorContext context)
   at Volo.Abp.TextTemplating.TemplateContentProvider.GetContentOrNullAsync(ITemplateContentContributor[] contributors, TemplateContentContributorContext context)
   at Volo.Abp.TextTemplating.TemplateContentProvider.GetContentOrNullAsync(TemplateDefinition templateDefinition, String cultureName, Boolean tryDefaults, Boolean useCurrentCultureIfCultureNameIsNull)
   at ZQH.Abp.TextTemplating.StaticTemplateSaver.SaveTemplateContentAsync() in E:\abp-vue\aspnet-core\modules\text-templating\ZQH.Abp.TextTemplating.Domain\ZQH\Abp\TextTemplating\StaticTemplateSaver.cs:line 113
   at Castle.DynamicProxy.AsyncInterceptorBase.ProceedAsynchronous(IInvocation invocation, IInvocationProceedInfo proceedInfo)
   at Volo.Abp.Castle.DynamicProxy.CastleAbpMethodInvocationAdapter.ProceedAsync()
   at Volo.Abp.Uow.UnitOfWorkInterceptor.InterceptAsync(IAbpMethodInvocation invocation)
   at Volo.Abp.Castle.DynamicProxy.CastleAsyncAbpInterceptorAdapter`1.InterceptAsync(IInvocation invocation, IInvocationProceedInfo proceedInfo, Func`3 proceed)
   at ZQH.Abp.TextTemplating.TextTemplateDefinitionInitializer.<>c__DisplayClass11_0.<<SaveStaticTemplateDefinitionsToDatabaseAsync>b__1>d.MoveNext() in E:\abp-vue\aspnet-core\modules\text-templating\ZQH.Abp.TextTemplating.Domain\ZQH\Abp\TextTemplating\TextTemplateDefinitionInitializer.cs:line 76
2024-09-07 19:30:04 [ERR] [ZQH.Abp.TextTemplating.TextTemplateDefinitionInitializer] [29804] [36] - Could not find a file/folder at the location: /ZQH.Abp/Notifications/Templates/ExceptionNotifier
Volo.Abp.AbpException: Could not find a file/folder at the location: /ZQH.Abp/Notifications/Templates/ExceptionNotifier
   at Volo.Abp.TextTemplating.VirtualFiles.LocalizedTemplateContentReaderFactory.CreateInternalAsync(TemplateDefinition templateDefinition)
   at Volo.Abp.TextTemplating.VirtualFiles.LocalizedTemplateContentReaderFactory.CreateAsync(TemplateDefinition templateDefinition)
   at Volo.Abp.TextTemplating.VirtualFiles.VirtualFileTemplateContentContributor.GetOrNullAsync(TemplateContentContributorContext context)
   at Volo.Abp.TextTemplating.TemplateContentProvider.GetContentOrNullAsync(ITemplateContentContributor[] contributors, TemplateContentContributorContext context)
   at Volo.Abp.TextTemplating.TemplateContentProvider.GetContentOrNullAsync(TemplateDefinition templateDefinition, String cultureName, Boolean tryDefaults, Boolean useCurrentCultureIfCultureNameIsNull)
   at ZQH.Abp.TextTemplating.StaticTemplateSaver.SaveTemplateContentAsync() in E:\abp-vue\aspnet-core\modules\text-templating\ZQH.Abp.TextTemplating.Domain\ZQH\Abp\TextTemplating\StaticTemplateSaver.cs:line 113
   at Castle.DynamicProxy.AsyncInterceptorBase.ProceedAsynchronous(IInvocation invocation, IInvocationProceedInfo proceedInfo)
   at Volo.Abp.Castle.DynamicProxy.CastleAbpMethodInvocationAdapter.ProceedAsync()
   at Volo.Abp.Uow.UnitOfWorkInterceptor.InterceptAsync(IAbpMethodInvocation invocation)
   at Volo.Abp.Castle.DynamicProxy.CastleAsyncAbpInterceptorAdapter`1.InterceptAsync(IInvocation invocation, IInvocationProceedInfo proceedInfo, Func`3 proceed)
   at ZQH.Abp.TextTemplating.TextTemplateDefinitionInitializer.<>c__DisplayClass11_0.<<SaveStaticTemplateDefinitionsToDatabaseAsync>b__1>d.MoveNext() in E:\abp-vue\aspnet-core\modules\text-templating\ZQH.Abp.TextTemplating.Domain\ZQH\Abp\TextTemplating\TextTemplateDefinitionInitializer.cs:line 76
2024-09-07 19:32:44 [ERR] [ZQH.Abp.TextTemplating.TextTemplateDefinitionInitializer] [29804] [41] - Could not find a file/folder at the location: /ZQH.Abp/Notifications/Templates/ExceptionNotifier
Volo.Abp.AbpException: Could not find a file/folder at the location: /ZQH.Abp/Notifications/Templates/ExceptionNotifier
   at Volo.Abp.TextTemplating.VirtualFiles.LocalizedTemplateContentReaderFactory.CreateInternalAsync(TemplateDefinition templateDefinition)
   at Volo.Abp.TextTemplating.VirtualFiles.LocalizedTemplateContentReaderFactory.CreateAsync(TemplateDefinition templateDefinition)
   at Volo.Abp.TextTemplating.VirtualFiles.VirtualFileTemplateContentContributor.GetOrNullAsync(TemplateContentContributorContext context)
   at Volo.Abp.TextTemplating.TemplateContentProvider.GetContentOrNullAsync(ITemplateContentContributor[] contributors, TemplateContentContributorContext context)
   at Volo.Abp.TextTemplating.TemplateContentProvider.GetContentOrNullAsync(TemplateDefinition templateDefinition, String cultureName, Boolean tryDefaults, Boolean useCurrentCultureIfCultureNameIsNull)
   at ZQH.Abp.TextTemplating.StaticTemplateSaver.SaveTemplateContentAsync() in E:\abp-vue\aspnet-core\modules\text-templating\ZQH.Abp.TextTemplating.Domain\ZQH\Abp\TextTemplating\StaticTemplateSaver.cs:line 113
   at Castle.DynamicProxy.AsyncInterceptorBase.ProceedAsynchronous(IInvocation invocation, IInvocationProceedInfo proceedInfo)
   at Volo.Abp.Castle.DynamicProxy.CastleAbpMethodInvocationAdapter.ProceedAsync()
   at Volo.Abp.Uow.UnitOfWorkInterceptor.InterceptAsync(IAbpMethodInvocation invocation)
   at Volo.Abp.Castle.DynamicProxy.CastleAsyncAbpInterceptorAdapter`1.InterceptAsync(IInvocation invocation, IInvocationProceedInfo proceedInfo, Func`3 proceed)
   at ZQH.Abp.TextTemplating.TextTemplateDefinitionInitializer.<>c__DisplayClass11_0.<<SaveStaticTemplateDefinitionsToDatabaseAsync>b__1>d.MoveNext() in E:\abp-vue\aspnet-core\modules\text-templating\ZQH.Abp.TextTemplating.Domain\ZQH\Abp\TextTemplating\TextTemplateDefinitionInitializer.cs:line 76
2024-09-07 19:38:04 [ERR] [ZQH.Abp.TextTemplating.TextTemplateDefinitionInitializer] [29804] [43] - Could not find a file/folder at the location: /ZQH.Abp/Notifications/Templates/ExceptionNotifier
Volo.Abp.AbpException: Could not find a file/folder at the location: /ZQH.Abp/Notifications/Templates/ExceptionNotifier
   at Volo.Abp.TextTemplating.VirtualFiles.LocalizedTemplateContentReaderFactory.CreateInternalAsync(TemplateDefinition templateDefinition)
   at Volo.Abp.TextTemplating.VirtualFiles.LocalizedTemplateContentReaderFactory.CreateAsync(TemplateDefinition templateDefinition)
   at Volo.Abp.TextTemplating.VirtualFiles.VirtualFileTemplateContentContributor.GetOrNullAsync(TemplateContentContributorContext context)
   at Volo.Abp.TextTemplating.TemplateContentProvider.GetContentOrNullAsync(ITemplateContentContributor[] contributors, TemplateContentContributorContext context)
   at Volo.Abp.TextTemplating.TemplateContentProvider.GetContentOrNullAsync(TemplateDefinition templateDefinition, String cultureName, Boolean tryDefaults, Boolean useCurrentCultureIfCultureNameIsNull)
   at ZQH.Abp.TextTemplating.StaticTemplateSaver.SaveTemplateContentAsync() in E:\abp-vue\aspnet-core\modules\text-templating\ZQH.Abp.TextTemplating.Domain\ZQH\Abp\TextTemplating\StaticTemplateSaver.cs:line 113
   at Castle.DynamicProxy.AsyncInterceptorBase.ProceedAsynchronous(IInvocation invocation, IInvocationProceedInfo proceedInfo)
   at Volo.Abp.Castle.DynamicProxy.CastleAbpMethodInvocationAdapter.ProceedAsync()
   at Volo.Abp.Uow.UnitOfWorkInterceptor.InterceptAsync(IAbpMethodInvocation invocation)
   at Volo.Abp.Castle.DynamicProxy.CastleAsyncAbpInterceptorAdapter`1.InterceptAsync(IInvocation invocation, IInvocationProceedInfo proceedInfo, Func`3 proceed)
   at ZQH.Abp.TextTemplating.TextTemplateDefinitionInitializer.<>c__DisplayClass11_0.<<SaveStaticTemplateDefinitionsToDatabaseAsync>b__1>d.MoveNext() in E:\abp-vue\aspnet-core\modules\text-templating\ZQH.Abp.TextTemplating.Domain\ZQH\Abp\TextTemplating\TextTemplateDefinitionInitializer.cs:line 76
2024-09-07 19:48:44 [ERR] [ZQH.Abp.TextTemplating.TextTemplateDefinitionInitializer] [29804] [64] - Could not find a file/folder at the location: /ZQH.Abp/Notifications/Templates/ExceptionNotifier
Volo.Abp.AbpException: Could not find a file/folder at the location: /ZQH.Abp/Notifications/Templates/ExceptionNotifier
   at Volo.Abp.TextTemplating.VirtualFiles.LocalizedTemplateContentReaderFactory.CreateInternalAsync(TemplateDefinition templateDefinition)
   at Volo.Abp.TextTemplating.VirtualFiles.LocalizedTemplateContentReaderFactory.CreateAsync(TemplateDefinition templateDefinition)
   at Volo.Abp.TextTemplating.VirtualFiles.VirtualFileTemplateContentContributor.GetOrNullAsync(TemplateContentContributorContext context)
   at Volo.Abp.TextTemplating.TemplateContentProvider.GetContentOrNullAsync(ITemplateContentContributor[] contributors, TemplateContentContributorContext context)
   at Volo.Abp.TextTemplating.TemplateContentProvider.GetContentOrNullAsync(TemplateDefinition templateDefinition, String cultureName, Boolean tryDefaults, Boolean useCurrentCultureIfCultureNameIsNull)
   at ZQH.Abp.TextTemplating.StaticTemplateSaver.SaveTemplateContentAsync() in E:\abp-vue\aspnet-core\modules\text-templating\ZQH.Abp.TextTemplating.Domain\ZQH\Abp\TextTemplating\StaticTemplateSaver.cs:line 113
   at Castle.DynamicProxy.AsyncInterceptorBase.ProceedAsynchronous(IInvocation invocation, IInvocationProceedInfo proceedInfo)
   at Volo.Abp.Castle.DynamicProxy.CastleAbpMethodInvocationAdapter.ProceedAsync()
   at Volo.Abp.Uow.UnitOfWorkInterceptor.InterceptAsync(IAbpMethodInvocation invocation)
   at Volo.Abp.Castle.DynamicProxy.CastleAsyncAbpInterceptorAdapter`1.InterceptAsync(IInvocation invocation, IInvocationProceedInfo proceedInfo, Func`3 proceed)
   at ZQH.Abp.TextTemplating.TextTemplateDefinitionInitializer.<>c__DisplayClass11_0.<<SaveStaticTemplateDefinitionsToDatabaseAsync>b__1>d.MoveNext() in E:\abp-vue\aspnet-core\modules\text-templating\ZQH.Abp.TextTemplating.Domain\ZQH\Abp\TextTemplating\TextTemplateDefinitionInitializer.cs:line 76
2024-09-07 19:57:33 [ERR] [ZQH.Abp.TextTemplating.TextTemplateDefinitionInitializer] [41236] [24] - Could not find a file/folder at the location: /ZQH.Abp.BackgroundTasks/ExceptionHandling/Templates/JobExceptionNotifier.tpl
Volo.Abp.AbpException: Could not find a file/folder at the location: /ZQH.Abp.BackgroundTasks/ExceptionHandling/Templates/JobExceptionNotifier.tpl
   at Volo.Abp.TextTemplating.VirtualFiles.LocalizedTemplateContentReaderFactory.CreateInternalAsync(TemplateDefinition templateDefinition)
   at Volo.Abp.TextTemplating.VirtualFiles.LocalizedTemplateContentReaderFactory.CreateAsync(TemplateDefinition templateDefinition)
   at Volo.Abp.TextTemplating.VirtualFiles.VirtualFileTemplateContentContributor.GetOrNullAsync(TemplateContentContributorContext context)
   at Volo.Abp.TextTemplating.TemplateContentProvider.GetContentOrNullAsync(ITemplateContentContributor[] contributors, TemplateContentContributorContext context)
   at Volo.Abp.TextTemplating.TemplateContentProvider.GetContentOrNullAsync(TemplateDefinition templateDefinition, String cultureName, Boolean tryDefaults, Boolean useCurrentCultureIfCultureNameIsNull)
   at ZQH.Abp.TextTemplating.StaticTemplateSaver.SaveTemplateContentAsync() in E:\abp-vue\aspnet-core\modules\text-templating\ZQH.Abp.TextTemplating.Domain\ZQH\Abp\TextTemplating\StaticTemplateSaver.cs:line 113
   at Castle.DynamicProxy.AsyncInterceptorBase.ProceedAsynchronous(IInvocation invocation, IInvocationProceedInfo proceedInfo)
   at Volo.Abp.Castle.DynamicProxy.CastleAbpMethodInvocationAdapter.ProceedAsync()
   at Volo.Abp.Uow.UnitOfWorkInterceptor.InterceptAsync(IAbpMethodInvocation invocation)
   at Volo.Abp.Castle.DynamicProxy.CastleAsyncAbpInterceptorAdapter`1.InterceptAsync(IInvocation invocation, IInvocationProceedInfo proceedInfo, Func`3 proceed)
   at ZQH.Abp.TextTemplating.TextTemplateDefinitionInitializer.<>c__DisplayClass11_0.<<SaveStaticTemplateDefinitionsToDatabaseAsync>b__1>d.MoveNext() in E:\abp-vue\aspnet-core\modules\text-templating\ZQH.Abp.TextTemplating.Domain\ZQH\Abp\TextTemplating\TextTemplateDefinitionInitializer.cs:line 76
2024-09-07 19:57:53 [ERR] [ZQH.Abp.TextTemplating.TextTemplateDefinitionInitializer] [41236] [10] - Could not find a file/folder at the location: /ZQH.Abp.BackgroundTasks/ExceptionHandling/Templates/JobExceptionNotifier.tpl
Volo.Abp.AbpException: Could not find a file/folder at the location: /ZQH.Abp.BackgroundTasks/ExceptionHandling/Templates/JobExceptionNotifier.tpl
   at Volo.Abp.TextTemplating.VirtualFiles.LocalizedTemplateContentReaderFactory.CreateInternalAsync(TemplateDefinition templateDefinition)
   at Volo.Abp.TextTemplating.VirtualFiles.LocalizedTemplateContentReaderFactory.CreateAsync(TemplateDefinition templateDefinition)
   at Volo.Abp.TextTemplating.VirtualFiles.VirtualFileTemplateContentContributor.GetOrNullAsync(TemplateContentContributorContext context)
   at Volo.Abp.TextTemplating.TemplateContentProvider.GetContentOrNullAsync(ITemplateContentContributor[] contributors, TemplateContentContributorContext context)
   at Volo.Abp.TextTemplating.TemplateContentProvider.GetContentOrNullAsync(TemplateDefinition templateDefinition, String cultureName, Boolean tryDefaults, Boolean useCurrentCultureIfCultureNameIsNull)
   at ZQH.Abp.TextTemplating.StaticTemplateSaver.SaveTemplateContentAsync() in E:\abp-vue\aspnet-core\modules\text-templating\ZQH.Abp.TextTemplating.Domain\ZQH\Abp\TextTemplating\StaticTemplateSaver.cs:line 113
   at Castle.DynamicProxy.AsyncInterceptorBase.ProceedAsynchronous(IInvocation invocation, IInvocationProceedInfo proceedInfo)
   at Volo.Abp.Castle.DynamicProxy.CastleAbpMethodInvocationAdapter.ProceedAsync()
   at Volo.Abp.Uow.UnitOfWorkInterceptor.InterceptAsync(IAbpMethodInvocation invocation)
   at Volo.Abp.Castle.DynamicProxy.CastleAsyncAbpInterceptorAdapter`1.InterceptAsync(IInvocation invocation, IInvocationProceedInfo proceedInfo, Func`3 proceed)
   at ZQH.Abp.TextTemplating.TextTemplateDefinitionInitializer.<>c__DisplayClass11_0.<<SaveStaticTemplateDefinitionsToDatabaseAsync>b__1>d.MoveNext() in E:\abp-vue\aspnet-core\modules\text-templating\ZQH.Abp.TextTemplating.Domain\ZQH\Abp\TextTemplating\TextTemplateDefinitionInitializer.cs:line 76
2024-09-07 19:58:33 [ERR] [ZQH.Abp.TextTemplating.TextTemplateDefinitionInitializer] [41236] [4] - Could not find a file/folder at the location: /ZQH.Abp.BackgroundTasks/ExceptionHandling/Templates/JobExceptionNotifier.tpl
Volo.Abp.AbpException: Could not find a file/folder at the location: /ZQH.Abp.BackgroundTasks/ExceptionHandling/Templates/JobExceptionNotifier.tpl
   at Volo.Abp.TextTemplating.VirtualFiles.LocalizedTemplateContentReaderFactory.CreateInternalAsync(TemplateDefinition templateDefinition)
   at Volo.Abp.TextTemplating.VirtualFiles.LocalizedTemplateContentReaderFactory.CreateAsync(TemplateDefinition templateDefinition)
   at Volo.Abp.TextTemplating.VirtualFiles.VirtualFileTemplateContentContributor.GetOrNullAsync(TemplateContentContributorContext context)
   at Volo.Abp.TextTemplating.TemplateContentProvider.GetContentOrNullAsync(ITemplateContentContributor[] contributors, TemplateContentContributorContext context)
   at Volo.Abp.TextTemplating.TemplateContentProvider.GetContentOrNullAsync(TemplateDefinition templateDefinition, String cultureName, Boolean tryDefaults, Boolean useCurrentCultureIfCultureNameIsNull)
   at ZQH.Abp.TextTemplating.StaticTemplateSaver.SaveTemplateContentAsync() in E:\abp-vue\aspnet-core\modules\text-templating\ZQH.Abp.TextTemplating.Domain\ZQH\Abp\TextTemplating\StaticTemplateSaver.cs:line 113
   at Castle.DynamicProxy.AsyncInterceptorBase.ProceedAsynchronous(IInvocation invocation, IInvocationProceedInfo proceedInfo)
   at Volo.Abp.Castle.DynamicProxy.CastleAbpMethodInvocationAdapter.ProceedAsync()
   at Volo.Abp.Uow.UnitOfWorkInterceptor.InterceptAsync(IAbpMethodInvocation invocation)
   at Volo.Abp.Castle.DynamicProxy.CastleAsyncAbpInterceptorAdapter`1.InterceptAsync(IInvocation invocation, IInvocationProceedInfo proceedInfo, Func`3 proceed)
   at ZQH.Abp.TextTemplating.TextTemplateDefinitionInitializer.<>c__DisplayClass11_0.<<SaveStaticTemplateDefinitionsToDatabaseAsync>b__1>d.MoveNext() in E:\abp-vue\aspnet-core\modules\text-templating\ZQH.Abp.TextTemplating.Domain\ZQH\Abp\TextTemplating\TextTemplateDefinitionInitializer.cs:line 76
2024-09-07 19:59:55 [ERR] [ZQH.Abp.TextTemplating.TextTemplateDefinitionInitializer] [41236] [26] - Could not find a file/folder at the location: /ZQH.Abp.BackgroundTasks/ExceptionHandling/Templates/JobExceptionNotifier.tpl
Volo.Abp.AbpException: Could not find a file/folder at the location: /ZQH.Abp.BackgroundTasks/ExceptionHandling/Templates/JobExceptionNotifier.tpl
   at Volo.Abp.TextTemplating.VirtualFiles.LocalizedTemplateContentReaderFactory.CreateInternalAsync(TemplateDefinition templateDefinition)
   at Volo.Abp.TextTemplating.VirtualFiles.LocalizedTemplateContentReaderFactory.CreateAsync(TemplateDefinition templateDefinition)
   at Volo.Abp.TextTemplating.VirtualFiles.VirtualFileTemplateContentContributor.GetOrNullAsync(TemplateContentContributorContext context)
   at Volo.Abp.TextTemplating.TemplateContentProvider.GetContentOrNullAsync(ITemplateContentContributor[] contributors, TemplateContentContributorContext context)
   at Volo.Abp.TextTemplating.TemplateContentProvider.GetContentOrNullAsync(TemplateDefinition templateDefinition, String cultureName, Boolean tryDefaults, Boolean useCurrentCultureIfCultureNameIsNull)
   at ZQH.Abp.TextTemplating.StaticTemplateSaver.SaveTemplateContentAsync() in E:\abp-vue\aspnet-core\modules\text-templating\ZQH.Abp.TextTemplating.Domain\ZQH\Abp\TextTemplating\StaticTemplateSaver.cs:line 113
   at Castle.DynamicProxy.AsyncInterceptorBase.ProceedAsynchronous(IInvocation invocation, IInvocationProceedInfo proceedInfo)
   at Volo.Abp.Castle.DynamicProxy.CastleAbpMethodInvocationAdapter.ProceedAsync()
   at Volo.Abp.Uow.UnitOfWorkInterceptor.InterceptAsync(IAbpMethodInvocation invocation)
   at Volo.Abp.Castle.DynamicProxy.CastleAsyncAbpInterceptorAdapter`1.InterceptAsync(IInvocation invocation, IInvocationProceedInfo proceedInfo, Func`3 proceed)
   at ZQH.Abp.TextTemplating.TextTemplateDefinitionInitializer.<>c__DisplayClass11_0.<<SaveStaticTemplateDefinitionsToDatabaseAsync>b__1>d.MoveNext() in E:\abp-vue\aspnet-core\modules\text-templating\ZQH.Abp.TextTemplating.Domain\ZQH\Abp\TextTemplating\TextTemplateDefinitionInitializer.cs:line 76
