2024-11-17 00:21:21 [WRN] [DotNetCore.CAP.Internal.ConsumerRegister] [14928] [61] - RabbitMQ consumer cancelled. --> amq.ctag-ulZj0OhMUwtOKi_5_sFmZQ
2024-11-17 00:21:25 [WRN] [DotNetCore.CAP.Internal.ConsumerRegister] [14928] [61] - RabbitMQ consumer shutdown. --> Unexpected Exception: Unable to read data from the transport connection: 远程主机强迫关闭了一个现有的连接。.
2024-11-17 00:21:26 [WRN] [DotNetCore.CAP.Processor.TransportCheckProcessor] [14928] [149] - Transport connection is unhealthy, reconnection...
2024-11-17 00:21:27 [INF] [DotNetCore.CAP.Internal.ConsumerRegister] [14928] [200] - RabbitMQ consumer registered. --> amq.ctag-_KpPa-x_7FJe59r6_dnOoQ
2024-11-17 00:21:27 [INF] [DotNetCore.CAP.Internal.ConsumerRegister] [14928] [35] - RabbitMQ consumer registered. --> amq.ctag-BhL2w4PmrVIxsUXNDm2vyw
2024-11-17 00:21:27 [WRN] [DotNetCore.CAP.Internal.ConsumerRegister] [14928] [88] - RabbitMQ consumer cancelled. --> amq.ctag-lnucvahXIPlRVkQQI-NxdQ
2024-11-17 00:21:27 [INF] [DotNetCore.CAP.Internal.ConsumerRegister] [14928] [191] - RabbitMQ consumer registered. --> amq.ctag-ukhcwdBiBGTtnb1BlYPkuQ
2024-11-17 00:21:27 [INF] [DotNetCore.CAP.Internal.ConsumerRegister] [14928] [52] - RabbitMQ consumer registered. --> amq.ctag-Z9I6G7Pl3w36Ks6dL-NqDQ
2024-11-17 00:21:27 [WRN] [DotNetCore.CAP.Internal.ConsumerRegister] [14928] [88] - RabbitMQ consumer shutdown. --> Unexpected Exception: Unable to read data from the transport connection: 远程主机强迫关闭了一个现有的连接。.
2024-11-17 00:21:27 [WRN] [DotNetCore.CAP.Internal.ConsumerRegister] [14928] [88] - RabbitMQ consumer cancelled. --> amq.ctag-q7atBTw_ZI6OIy_eCoC7NQ
2024-11-17 00:21:27 [WRN] [DotNetCore.CAP.Internal.ConsumerRegister] [14928] [88] - RabbitMQ consumer shutdown. --> Unexpected Exception: Unable to read data from the transport connection: 远程主机强迫关闭了一个现有的连接。.
2024-11-17 00:21:27 [WRN] [DotNetCore.CAP.Internal.ConsumerRegister] [14928] [88] - RabbitMQ consumer cancelled. --> amq.ctag-No3nCuqDDneemzt3LSHs0g
2024-11-17 00:21:27 [WRN] [DotNetCore.CAP.Internal.ConsumerRegister] [14928] [88] - RabbitMQ consumer shutdown. --> Unexpected Exception: Unable to read data from the transport connection: 远程主机强迫关闭了一个现有的连接。.
2024-11-17 00:21:27 [WRN] [DotNetCore.CAP.Internal.ConsumerRegister] [14928] [88] - RabbitMQ consumer cancelled. --> amq.ctag-_KpPa-x_7FJe59r6_dnOoQ
2024-11-17 00:21:27 [WRN] [DotNetCore.CAP.Internal.ConsumerRegister] [14928] [88] - RabbitMQ consumer shutdown. --> Unexpected Exception: Unable to read data from the transport connection: 远程主机强迫关闭了一个现有的连接。.
2024-11-17 00:21:27 [WRN] [DotNetCore.CAP.Internal.ConsumerRegister] [14928] [88] - RabbitMQ consumer cancelled. --> amq.ctag-BhL2w4PmrVIxsUXNDm2vyw
2024-11-17 00:21:28 [WRN] [DotNetCore.CAP.Internal.ConsumerRegister] [14928] [88] - RabbitMQ consumer shutdown. --> Unexpected Exception: Unable to read data from the transport connection: 远程主机强迫关闭了一个现有的连接。.
2024-11-17 00:21:28 [WRN] [DotNetCore.CAP.Internal.ConsumerRegister] [14928] [88] - RabbitMQ consumer cancelled. --> amq.ctag-ukhcwdBiBGTtnb1BlYPkuQ
2024-11-17 00:21:28 [WRN] [DotNetCore.CAP.Internal.ConsumerRegister] [14928] [88] - RabbitMQ consumer shutdown. --> Unexpected Exception: Unable to read data from the transport connection: 远程主机强迫关闭了一个现有的连接。.
2024-11-17 00:21:28 [WRN] [DotNetCore.CAP.Internal.ConsumerRegister] [14928] [88] - RabbitMQ consumer cancelled. --> amq.ctag-Z9I6G7Pl3w36Ks6dL-NqDQ
2024-11-17 00:21:28 [WRN] [DotNetCore.CAP.Internal.ConsumerRegister] [14928] [88] - RabbitMQ consumer shutdown. --> Unexpected Exception: Unable to read data from the transport connection: 远程主机强迫关闭了一个现有的连接。.
2024-11-17 00:21:58 [WRN] [DotNetCore.CAP.Processor.TransportCheckProcessor] [14928] [52] - Transport connection is unhealthy, reconnection...
2024-11-17 00:21:58 [WRN] [DotNetCore.CAP.Internal.ConsumerRegister] [14928] [191] - RabbitMQ consumer cancelled. --> 
2024-11-17 00:21:58 [WRN] [DotNetCore.CAP.Internal.ConsumerRegister] [14928] [191] - RabbitMQ consumer shutdown. --> Goodbye
2024-11-17 00:21:58 [WRN] [DotNetCore.CAP.Internal.ConsumerRegister] [14928] [191] - RabbitMQ consumer cancelled. --> 
2024-11-17 00:21:59 [WRN] [DotNetCore.CAP.Internal.ConsumerRegister] [14928] [191] - RabbitMQ consumer shutdown. --> Goodbye
2024-11-17 00:21:59 [WRN] [DotNetCore.CAP.Internal.ConsumerRegister] [14928] [167] - RabbitMQ consumer cancelled. --> 
2024-11-17 00:22:00 [WRN] [DotNetCore.CAP.Internal.ConsumerRegister] [14928] [167] - RabbitMQ consumer shutdown. --> Goodbye
2024-11-17 00:22:01 [WRN] [DotNetCore.CAP.Internal.ConsumerRegister] [14928] [167] - RabbitMQ consumer cancelled. --> 
2024-11-17 00:22:01 [WRN] [DotNetCore.CAP.Internal.ConsumerRegister] [14928] [167] - RabbitMQ consumer shutdown. --> Goodbye
2024-11-17 00:22:02 [INF] [DotNetCore.CAP.Internal.ConsumerRegister] [14928] [160] - RabbitMQ consumer registered. --> amq.ctag-T5lyqou7XkAEvfCz8NpWeA
2024-11-17 00:22:02 [INF] [DotNetCore.CAP.Internal.ConsumerRegister] [14928] [88] - RabbitMQ consumer registered. --> amq.ctag-wtRq48dg15HDgdUlO3Vaug
2024-11-17 00:22:03 [INF] [DotNetCore.CAP.Internal.ConsumerRegister] [14928] [167] - RabbitMQ consumer registered. --> amq.ctag-fqTbCKopDJgE_VRWGYSKQQ
2024-11-17 00:22:04 [INF] [DotNetCore.CAP.Internal.ConsumerRegister] [14928] [191] - RabbitMQ consumer registered. --> amq.ctag-bk4crUtJullD0kXZO-_A_Q
2024-11-17 10:17:46 [WRN] [DotNetCore.CAP.Internal.ConsumerRegister] [14928] [195] - RabbitMQ consumer cancelled. --> amq.ctag-T5lyqou7XkAEvfCz8NpWeA
2024-11-17 10:17:51 [WRN] [DotNetCore.CAP.Internal.ConsumerRegister] [14928] [195] - RabbitMQ consumer shutdown. --> Unexpected Exception: Unable to read data from the transport connection: 远程主机强迫关闭了一个现有的连接。.
2024-11-17 10:17:51 [WRN] [DotNetCore.CAP.Internal.ConsumerRegister] [14928] [195] - RabbitMQ consumer cancelled. --> amq.ctag-wtRq48dg15HDgdUlO3Vaug
2024-11-17 10:17:52 [WRN] [DotNetCore.CAP.Processor.TransportCheckProcessor] [14928] [37] - Transport connection is unhealthy, reconnection...
2024-11-17 10:17:52 [WRN] [DotNetCore.CAP.Internal.ConsumerRegister] [14928] [195] - RabbitMQ consumer shutdown. --> Unexpected Exception: Unable to read data from the transport connection: 远程主机强迫关闭了一个现有的连接。.
2024-11-17 10:17:52 [WRN] [DotNetCore.CAP.Internal.ConsumerRegister] [14928] [92] - RabbitMQ consumer cancelled. --> amq.ctag-fqTbCKopDJgE_VRWGYSKQQ
2024-11-17 10:17:52 [WRN] [DotNetCore.CAP.Internal.ConsumerRegister] [14928] [92] - RabbitMQ consumer shutdown. --> Unexpected Exception: Unable to read data from the transport connection: 远程主机强迫关闭了一个现有的连接。.
2024-11-17 10:17:52 [WRN] [DotNetCore.CAP.Internal.ConsumerRegister] [14928] [82] - RabbitMQ consumer cancelled. --> amq.ctag-bk4crUtJullD0kXZO-_A_Q
2024-11-17 10:17:52 [WRN] [DotNetCore.CAP.Internal.ConsumerRegister] [14928] [82] - RabbitMQ consumer shutdown. --> Unexpected Exception: Unable to read data from the transport connection: 远程主机强迫关闭了一个现有的连接。.
2024-11-17 10:17:52 [INF] [DotNetCore.CAP.Internal.ConsumerRegister] [14928] [92] - RabbitMQ consumer registered. --> amq.ctag-T5lyqou7XkAEvfCz8NpWeA
2024-11-17 10:17:52 [INF] [DotNetCore.CAP.Internal.ConsumerRegister] [14928] [195] - RabbitMQ consumer registered. --> amq.ctag-wtRq48dg15HDgdUlO3Vaug
2024-11-17 10:17:52 [INF] [DotNetCore.CAP.Internal.ConsumerRegister] [14928] [81] - RabbitMQ consumer registered. --> amq.ctag-fqTbCKopDJgE_VRWGYSKQQ
2024-11-17 10:17:52 [INF] [DotNetCore.CAP.Internal.ConsumerRegister] [14928] [51] - RabbitMQ consumer registered. --> amq.ctag-bk4crUtJullD0kXZO-_A_Q
2024-11-17 10:17:52 [INF] [DotNetCore.CAP.Internal.ConsumerRegister] [14928] [140] - RabbitMQ consumer registered. --> amq.ctag-mHowFZA465-OtXJGcj8i5g
2024-11-17 10:17:52 [INF] [DotNetCore.CAP.Internal.ConsumerRegister] [14928] [82] - RabbitMQ consumer registered. --> amq.ctag-TJUKa-dQlEO2w6GbcSMeyw
2024-11-17 10:17:52 [INF] [DotNetCore.CAP.Internal.ConsumerRegister] [14928] [65] - RabbitMQ consumer registered. --> amq.ctag-tZ_lL3G4S80DStTp9vqWPg
2024-11-17 10:17:52 [INF] [DotNetCore.CAP.Internal.ConsumerRegister] [14928] [140] - RabbitMQ consumer registered. --> amq.ctag-Y27bnaCqogO0SU-FqSao0A
