2024-11-15 11:48:07 [WRN] [DotNetCore.CAP.Internal.ConsumerRegister] [14928] [107] - RabbitMQ consumer cancelled. --> amq.ctag-ulZj0OhMUwtOKi_5_sFmZQ
2024-11-15 11:48:09 [WRN] [DotNetCore.CAP.Internal.ConsumerRegister] [14928] [107] - RabbitMQ consumer shutdown. --> Unexpected Exception: Unable to read data from the transport connection: 远程主机强迫关闭了一个现有的连接。.
2024-11-15 11:48:09 [WRN] [DotNetCore.CAP.Internal.ConsumerRegister] [14928] [70] - RabbitMQ consumer cancelled. --> amq.ctag-lnucvahXIPlRVkQQI-NxdQ
2024-11-15 11:48:09 [WRN] [DotNetCore.CAP.Internal.ConsumerRegister] [14928] [70] - RabbitMQ consumer shutdown. --> Unexpected Exception: Unable to read data from the transport connection: 远程主机强迫关闭了一个现有的连接。.
2024-11-15 11:48:10 [WRN] [DotNetCore.CAP.Internal.ConsumerRegister] [14928] [70] - RabbitMQ consumer cancelled. --> amq.ctag-q7atBTw_ZI6OIy_eCoC7NQ
2024-11-15 11:48:10 [WRN] [DotNetCore.CAP.Internal.ConsumerRegister] [14928] [70] - RabbitMQ consumer shutdown. --> Unexpected Exception: Unable to read data from the transport connection: 远程主机强迫关闭了一个现有的连接。.
2024-11-15 11:48:10 [WRN] [DotNetCore.CAP.Internal.ConsumerRegister] [14928] [70] - RabbitMQ consumer cancelled. --> amq.ctag-No3nCuqDDneemzt3LSHs0g
2024-11-15 11:48:10 [WRN] [DotNetCore.CAP.Internal.ConsumerRegister] [14928] [70] - RabbitMQ consumer shutdown. --> Unexpected Exception: Unable to read data from the transport connection: 远程主机强迫关闭了一个现有的连接。.
2024-11-15 11:48:12 [INF] [DotNetCore.CAP.Internal.ConsumerRegister] [14928] [107] - RabbitMQ consumer registered. --> amq.ctag-ulZj0OhMUwtOKi_5_sFmZQ
2024-11-15 11:48:12 [INF] [DotNetCore.CAP.Internal.ConsumerRegister] [14928] [177] - RabbitMQ consumer registered. --> amq.ctag-lnucvahXIPlRVkQQI-NxdQ
2024-11-15 11:48:12 [INF] [DotNetCore.CAP.Internal.ConsumerRegister] [14928] [104] - RabbitMQ consumer registered. --> amq.ctag-q7atBTw_ZI6OIy_eCoC7NQ
2024-11-15 11:48:12 [INF] [DotNetCore.CAP.Internal.ConsumerRegister] [14928] [70] - RabbitMQ consumer registered. --> amq.ctag-No3nCuqDDneemzt3LSHs0g
2024-11-15 16:02:40 [WRN] [DotNetCore.CAP.Internal.ConsumerRegister] [14928] [104] - RabbitMQ consumer cancelled. --> amq.ctag-ulZj0OhMUwtOKi_5_sFmZQ
2024-11-15 16:02:42 [WRN] [DotNetCore.CAP.Internal.ConsumerRegister] [14928] [104] - RabbitMQ consumer shutdown. --> Unexpected Exception: Unable to read data from the transport connection: 远程主机强迫关闭了一个现有的连接。.
2024-11-15 16:02:42 [WRN] [DotNetCore.CAP.Internal.ConsumerRegister] [14928] [104] - RabbitMQ consumer cancelled. --> amq.ctag-lnucvahXIPlRVkQQI-NxdQ
2024-11-15 16:02:42 [WRN] [DotNetCore.CAP.Internal.ConsumerRegister] [14928] [104] - RabbitMQ consumer shutdown. --> Unexpected Exception: Unable to read data from the transport connection: 远程主机强迫关闭了一个现有的连接。.
2024-11-15 16:02:43 [WRN] [DotNetCore.CAP.Internal.ConsumerRegister] [14928] [104] - RabbitMQ consumer cancelled. --> amq.ctag-q7atBTw_ZI6OIy_eCoC7NQ
2024-11-15 16:02:43 [WRN] [DotNetCore.CAP.Internal.ConsumerRegister] [14928] [104] - RabbitMQ consumer shutdown. --> Unexpected Exception: Unable to read data from the transport connection: 远程主机强迫关闭了一个现有的连接。.
2024-11-15 16:02:43 [WRN] [DotNetCore.CAP.Internal.ConsumerRegister] [14928] [104] - RabbitMQ consumer cancelled. --> amq.ctag-No3nCuqDDneemzt3LSHs0g
2024-11-15 16:02:43 [WRN] [DotNetCore.CAP.Internal.ConsumerRegister] [14928] [104] - RabbitMQ consumer shutdown. --> Unexpected Exception: Unable to read data from the transport connection: 远程主机强迫关闭了一个现有的连接。.
2024-11-15 16:02:46 [INF] [DotNetCore.CAP.Internal.ConsumerRegister] [14928] [70] - RabbitMQ consumer registered. --> amq.ctag-ulZj0OhMUwtOKi_5_sFmZQ
2024-11-15 16:02:46 [INF] [DotNetCore.CAP.Internal.ConsumerRegister] [14928] [35] - RabbitMQ consumer registered. --> amq.ctag-lnucvahXIPlRVkQQI-NxdQ
2024-11-15 16:02:46 [INF] [DotNetCore.CAP.Internal.ConsumerRegister] [14928] [184] - RabbitMQ consumer registered. --> amq.ctag-q7atBTw_ZI6OIy_eCoC7NQ
2024-11-15 16:02:46 [INF] [DotNetCore.CAP.Internal.ConsumerRegister] [14928] [88] - RabbitMQ consumer registered. --> amq.ctag-No3nCuqDDneemzt3LSHs0g
