2024-11-08 00:57:01 [WRN] [DotNetCore.CAP.Internal.ConsumerRegister] [14928] [81] - RabbitMQ consumer cancelled. --> amq.ctag-scz_iu0MKOSe2GK-vgFvnQ
2024-11-08 02:19:01 [WRN] [DotNetCore.CAP.Internal.ConsumerRegister] [14928] [81] - RabbitMQ consumer shutdown. --> Unexpected Exception: Unable to read data from the transport connection: 远程主机强迫关闭了一个现有的连接。.
2024-11-08 10:20:59 [WRN] [DotNetCore.CAP.Processor.TransportCheckProcessor] [14928] [38] - Transport connection is unhealthy, reconnection...
2024-11-08 10:20:59 [WRN] [DotNetCore.CAP.Internal.ConsumerRegister] [14928] [151] - RabbitMQ consumer cancelled. --> amq.ctag-E4nsOQDo2Cu9g66Gc34F8w
2024-11-08 10:21:00 [INF] [DotNetCore.CAP.Internal.ConsumerRegister] [14928] [155] - RabbitMQ consumer registered. --> amq.ctag-scz_iu0MKOSe2GK-vgFvnQ
2024-11-08 10:21:00 [INF] [DotNetCore.CAP.Internal.ConsumerRegister] [14928] [110] - RabbitMQ consumer registered. --> amq.ctag-E4nsOQDo2Cu9g66Gc34F8w
2024-11-08 10:21:00 [INF] [DotNetCore.CAP.Internal.ConsumerRegister] [14928] [75] - RabbitMQ consumer registered. --> amq.ctag-fYy8WqmYC07Pl70gg1qLjg
2024-11-08 10:21:00 [INF] [DotNetCore.CAP.Internal.ConsumerRegister] [14928] [147] - RabbitMQ consumer registered. --> amq.ctag-dTgNlE-xxPsTL1SeBIgAPA
2024-11-08 10:21:00 [WRN] [DotNetCore.CAP.Internal.ConsumerRegister] [14928] [151] - RabbitMQ consumer shutdown. --> Unexpected Exception: Unable to read data from the transport connection: 远程主机强迫关闭了一个现有的连接。.
2024-11-08 10:21:00 [WRN] [DotNetCore.CAP.Internal.ConsumerRegister] [14928] [147] - RabbitMQ consumer cancelled. --> amq.ctag-fYy8WqmYC07Pl70gg1qLjg
2024-11-08 10:21:00 [WRN] [DotNetCore.CAP.Internal.ConsumerRegister] [14928] [147] - RabbitMQ consumer shutdown. --> Unexpected Exception: Unable to read data from the transport connection: 远程主机强迫关闭了一个现有的连接。.
2024-11-08 11:45:06 [WRN] [DotNetCore.CAP.Internal.ConsumerRegister] [14928] [66] - RabbitMQ consumer cancelled. --> amq.ctag-scz_iu0MKOSe2GK-vgFvnQ
2024-11-08 11:45:09 [WRN] [DotNetCore.CAP.Internal.ConsumerRegister] [14928] [147] - RabbitMQ consumer cancelled. --> amq.ctag-dTgNlE-xxPsTL1SeBIgAPA
2024-11-08 11:45:12 [WRN] [DotNetCore.CAP.Internal.ConsumerRegister] [14928] [66] - RabbitMQ consumer shutdown. --> Unexpected Exception: Unable to read data from the transport connection: 远程主机强迫关闭了一个现有的连接。.
2024-11-08 11:45:13 [INF] [DotNetCore.CAP.Internal.ConsumerRegister] [14928] [81] - RabbitMQ consumer registered. --> amq.ctag-scz_iu0MKOSe2GK-vgFvnQ
2024-11-08 11:45:13 [INF] [DotNetCore.CAP.Internal.ConsumerRegister] [14928] [76] - RabbitMQ consumer registered. --> amq.ctag-E4nsOQDo2Cu9g66Gc34F8w
2024-11-08 11:45:13 [WRN] [DotNetCore.CAP.Internal.ConsumerRegister] [14928] [147] - RabbitMQ consumer shutdown. --> Unexpected Exception: Unable to read data from the transport connection: 远程主机强迫关闭了一个现有的连接。.
2024-11-08 11:45:13 [INF] [DotNetCore.CAP.Internal.ConsumerRegister] [14928] [38] - RabbitMQ consumer registered. --> amq.ctag-fYy8WqmYC07Pl70gg1qLjg
2024-11-08 11:45:13 [INF] [DotNetCore.CAP.Internal.ConsumerRegister] [14928] [66] - RabbitMQ consumer registered. --> amq.ctag-dTgNlE-xxPsTL1SeBIgAPA
2024-11-08 11:45:13 [WRN] [DotNetCore.CAP.Internal.ConsumerRegister] [14928] [110] - RabbitMQ consumer cancelled. --> amq.ctag-E4nsOQDo2Cu9g66Gc34F8w
2024-11-08 11:45:14 [WRN] [DotNetCore.CAP.Internal.ConsumerRegister] [14928] [110] - RabbitMQ consumer shutdown. --> Unexpected Exception: Unable to read data from the transport connection: 远程主机强迫关闭了一个现有的连接。.
2024-11-08 11:45:15 [WRN] [DotNetCore.CAP.Internal.ConsumerRegister] [14928] [110] - RabbitMQ consumer cancelled. --> amq.ctag-fYy8WqmYC07Pl70gg1qLjg
2024-11-08 11:45:16 [WRN] [DotNetCore.CAP.Internal.ConsumerRegister] [14928] [110] - RabbitMQ consumer shutdown. --> Unexpected Exception: Unable to read data from the transport connection: 远程主机强迫关闭了一个现有的连接。.
2024-11-08 11:45:16 [WRN] [DotNetCore.CAP.Internal.ConsumerRegister] [14928] [147] - RabbitMQ consumer cancelled. --> amq.ctag-dTgNlE-xxPsTL1SeBIgAPA
2024-11-08 11:45:17 [WRN] [DotNetCore.CAP.Internal.ConsumerRegister] [14928] [147] - RabbitMQ consumer shutdown. --> Unexpected Exception: Unable to read data from the transport connection: 远程主机强迫关闭了一个现有的连接。.
2024-11-08 11:45:35 [WRN] [DotNetCore.CAP.Processor.TransportCheckProcessor] [14928] [38] - Transport connection is unhealthy, reconnection...
2024-11-08 11:45:35 [WRN] [DotNetCore.CAP.Internal.ConsumerRegister] [14928] [110] - RabbitMQ consumer cancelled. --> amq.ctag-scz_iu0MKOSe2GK-vgFvnQ
2024-11-08 11:45:35 [WRN] [DotNetCore.CAP.Internal.ConsumerRegister] [14928] [110] - RabbitMQ consumer shutdown. --> Goodbye
2024-11-08 11:45:35 [WRN] [DotNetCore.CAP.Internal.ConsumerRegister] [14928] [110] - RabbitMQ consumer cancelled. --> 
2024-11-08 11:45:35 [WRN] [DotNetCore.CAP.Internal.ConsumerRegister] [14928] [110] - RabbitMQ consumer shutdown. --> Goodbye
2024-11-08 11:45:35 [WRN] [DotNetCore.CAP.Internal.ConsumerRegister] [14928] [110] - RabbitMQ consumer cancelled. --> 
2024-11-08 11:45:35 [WRN] [DotNetCore.CAP.Internal.ConsumerRegister] [14928] [110] - RabbitMQ consumer shutdown. --> Goodbye
2024-11-08 11:45:35 [WRN] [DotNetCore.CAP.Internal.ConsumerRegister] [14928] [110] - RabbitMQ consumer cancelled. --> 
2024-11-08 11:45:35 [WRN] [DotNetCore.CAP.Internal.ConsumerRegister] [14928] [110] - RabbitMQ consumer shutdown. --> Goodbye
2024-11-08 11:45:35 [INF] [DotNetCore.CAP.Internal.ConsumerRegister] [14928] [110] - RabbitMQ consumer registered. --> amq.ctag-KN1H_Yii1j5dPMVjL6f8Fg
2024-11-08 11:45:35 [INF] [DotNetCore.CAP.Internal.ConsumerRegister] [14928] [147] - RabbitMQ consumer registered. --> amq.ctag-Rtkipl0WbOBY_NLWiEepdA
2024-11-08 11:45:35 [INF] [DotNetCore.CAP.Internal.ConsumerRegister] [14928] [147] - RabbitMQ consumer registered. --> amq.ctag-9IYZdpgbwfOSlcerDlWr1A
2024-11-08 11:45:35 [INF] [DotNetCore.CAP.Internal.ConsumerRegister] [14928] [38] - RabbitMQ consumer registered. --> amq.ctag-lOUiXcBLBOZuGJBnNUU0ew
2024-11-08 20:15:16 [WRN] [DotNetCore.CAP.Internal.ConsumerRegister] [14928] [97] - RabbitMQ consumer cancelled. --> amq.ctag-KN1H_Yii1j5dPMVjL6f8Fg
2024-11-08 20:15:16 [WRN] [DotNetCore.CAP.Internal.ConsumerRegister] [14928] [97] - RabbitMQ consumer shutdown. --> Unexpected Exception: Unable to read data from the transport connection: 远程主机强迫关闭了一个现有的连接。.
2024-11-08 20:15:16 [WRN] [DotNetCore.CAP.Internal.ConsumerRegister] [14928] [97] - RabbitMQ consumer cancelled. --> amq.ctag-Rtkipl0WbOBY_NLWiEepdA
2024-11-08 20:15:17 [WRN] [DotNetCore.CAP.Internal.ConsumerRegister] [14928] [97] - RabbitMQ consumer shutdown. --> Unexpected Exception: Unable to read data from the transport connection: 远程主机强迫关闭了一个现有的连接。.
2024-11-08 20:15:18 [WRN] [DotNetCore.CAP.Internal.ConsumerRegister] [14928] [97] - RabbitMQ consumer cancelled. --> amq.ctag-9IYZdpgbwfOSlcerDlWr1A
2024-11-08 20:15:18 [WRN] [DotNetCore.CAP.Internal.ConsumerRegister] [14928] [97] - RabbitMQ consumer shutdown. --> Unexpected Exception: Unable to read data from the transport connection: 远程主机强迫关闭了一个现有的连接。.
2024-11-08 20:15:18 [WRN] [DotNetCore.CAP.Internal.ConsumerRegister] [14928] [32] - RabbitMQ consumer cancelled. --> amq.ctag-lOUiXcBLBOZuGJBnNUU0ew
2024-11-08 20:15:18 [WRN] [DotNetCore.CAP.Internal.ConsumerRegister] [14928] [32] - RabbitMQ consumer shutdown. --> Unexpected Exception: Unable to read data from the transport connection: 远程主机强迫关闭了一个现有的连接。.
2024-11-08 20:15:21 [INF] [DotNetCore.CAP.Internal.ConsumerRegister] [14928] [97] - RabbitMQ consumer registered. --> amq.ctag-KN1H_Yii1j5dPMVjL6f8Fg
2024-11-08 20:15:21 [INF] [DotNetCore.CAP.Internal.ConsumerRegister] [14928] [118] - RabbitMQ consumer registered. --> amq.ctag-9IYZdpgbwfOSlcerDlWr1A
2024-11-08 20:15:21 [INF] [DotNetCore.CAP.Internal.ConsumerRegister] [14928] [34] - RabbitMQ consumer registered. --> amq.ctag-Rtkipl0WbOBY_NLWiEepdA
2024-11-08 20:15:21 [INF] [DotNetCore.CAP.Internal.ConsumerRegister] [14928] [65] - RabbitMQ consumer registered. --> amq.ctag-lOUiXcBLBOZuGJBnNUU0ew
2024-11-08 23:52:31 [WRN] [DotNetCore.CAP.Internal.ConsumerRegister] [14928] [81] - RabbitMQ consumer cancelled. --> amq.ctag-KN1H_Yii1j5dPMVjL6f8Fg
2024-11-08 23:52:33 [WRN] [DotNetCore.CAP.Internal.ConsumerRegister] [14928] [81] - RabbitMQ consumer shutdown. --> Unexpected Exception: Unable to read data from the transport connection: 远程主机强迫关闭了一个现有的连接。.
2024-11-08 23:52:35 [WRN] [DotNetCore.CAP.Internal.ConsumerRegister] [14928] [54] - RabbitMQ consumer cancelled. --> amq.ctag-Rtkipl0WbOBY_NLWiEepdA
2024-11-08 23:52:37 [WRN] [DotNetCore.CAP.Internal.ConsumerRegister] [14928] [54] - RabbitMQ consumer shutdown. --> Unexpected Exception: Unable to read data from the transport connection: 远程主机强迫关闭了一个现有的连接。.
2024-11-08 23:52:37 [INF] [DotNetCore.CAP.Internal.ConsumerRegister] [14928] [148] - RabbitMQ consumer registered. --> amq.ctag-KN1H_Yii1j5dPMVjL6f8Fg
2024-11-08 23:52:37 [INF] [DotNetCore.CAP.Internal.ConsumerRegister] [14928] [97] - RabbitMQ consumer registered. --> amq.ctag-Rtkipl0WbOBY_NLWiEepdA
2024-11-08 23:52:37 [INF] [DotNetCore.CAP.Internal.ConsumerRegister] [14928] [35] - RabbitMQ consumer registered. --> amq.ctag-9IYZdpgbwfOSlcerDlWr1A
2024-11-08 23:52:37 [INF] [DotNetCore.CAP.Internal.ConsumerRegister] [14928] [37] - RabbitMQ consumer registered. --> amq.ctag-lOUiXcBLBOZuGJBnNUU0ew
2024-11-08 23:52:37 [WRN] [DotNetCore.CAP.Internal.ConsumerRegister] [14928] [54] - RabbitMQ consumer cancelled. --> amq.ctag-9IYZdpgbwfOSlcerDlWr1A
2024-11-08 23:52:37 [WRN] [DotNetCore.CAP.Internal.ConsumerRegister] [14928] [54] - RabbitMQ consumer shutdown. --> Unexpected Exception: Unable to read data from the transport connection: 远程主机强迫关闭了一个现有的连接。.
2024-11-08 23:52:38 [WRN] [DotNetCore.CAP.Internal.ConsumerRegister] [14928] [54] - RabbitMQ consumer cancelled. --> amq.ctag-lOUiXcBLBOZuGJBnNUU0ew
2024-11-08 23:52:38 [WRN] [DotNetCore.CAP.Internal.ConsumerRegister] [14928] [54] - RabbitMQ consumer shutdown. --> Unexpected Exception: Unable to read data from the transport connection: 远程主机强迫关闭了一个现有的连接。.
