2024-10-23 02:58:31 [WRN] [DotNetCore.CAP.Processor.TransportCheckProcessor] [69700] [70] - Transport connection is unhealthy, reconnection...
2024-10-23 02:58:32 [WRN] [DotNetCore.CAP.Internal.ConsumerRegister] [69700] [79] - RabbitMQ consumer cancelled. --> 
2024-10-23 02:58:33 [WRN] [DotNetCore.CAP.Internal.ConsumerRegister] [69700] [79] - RabbitMQ consumer shutdown. --> Goodbye
2024-10-23 02:58:33 [WRN] [DotNetCore.CAP.Internal.ConsumerRegister] [69700] [79] - RabbitMQ consumer cancelled. --> 
2024-10-23 02:58:33 [WRN] [DotNetCore.CAP.Internal.ConsumerRegister] [69700] [79] - RabbitMQ consumer shutdown. --> Goodbye
2024-10-23 02:58:33 [WRN] [DotNetCore.CAP.Internal.ConsumerRegister] [69700] [79] - RabbitMQ consumer cancelled. --> amq.ctag-46VujNLIiHdz-ixln6Bwug
2024-10-23 02:58:33 [WRN] [DotNetCore.CAP.Internal.ConsumerRegister] [69700] [62] - RabbitMQ consumer cancelled. --> amq.ctag-zgHeES9ctziQUufz-OiMvQ
2024-10-23 02:58:34 [WRN] [DotNetCore.CAP.Internal.ConsumerRegister] [69700] [79] - RabbitMQ consumer shutdown. --> Goodbye
2024-10-23 02:58:34 [WRN] [DotNetCore.CAP.Internal.ConsumerRegister] [69700] [62] - RabbitMQ consumer shutdown. --> Goodbye
2024-10-23 02:58:34 [INF] [DotNetCore.CAP.Internal.ConsumerRegister] [69700] [62] - RabbitMQ consumer registered. --> amq.ctag-Y-pYoEf_-z3c-EQYnuPINw
2024-10-23 02:58:34 [INF] [DotNetCore.CAP.Internal.ConsumerRegister] [69700] [65] - RabbitMQ consumer registered. --> amq.ctag-0AgTyst0b4b88q-UOraYFw
2024-10-23 02:58:34 [INF] [DotNetCore.CAP.Internal.ConsumerRegister] [69700] [80] - RabbitMQ consumer registered. --> amq.ctag-KscR4m8GWatxRhbIGa7-cQ
2024-10-23 02:58:34 [INF] [DotNetCore.CAP.Internal.ConsumerRegister] [69700] [79] - RabbitMQ consumer registered. --> amq.ctag-Ga6WF1vYdTI7ynwrmDIhtA
2024-10-23 21:30:12 [WRN] [DotNetCore.CAP.Internal.ConsumerRegister] [69700] [114] - RabbitMQ consumer cancelled. --> amq.ctag-Y-pYoEf_-z3c-EQYnuPINw
2024-10-23 21:30:12 [WRN] [DotNetCore.CAP.Internal.ConsumerRegister] [69700] [114] - RabbitMQ consumer shutdown. --> Unexpected Exception: Unable to read data from the transport connection: 远程主机强迫关闭了一个现有的连接。.
2024-10-23 21:30:12 [WRN] [DotNetCore.CAP.Internal.ConsumerRegister] [69700] [114] - RabbitMQ consumer cancelled. --> amq.ctag-0AgTyst0b4b88q-UOraYFw
2024-10-23 21:30:12 [WRN] [DotNetCore.CAP.Internal.ConsumerRegister] [69700] [114] - RabbitMQ consumer shutdown. --> Unexpected Exception: Unable to read data from the transport connection: 远程主机强迫关闭了一个现有的连接。.
2024-10-23 21:30:13 [WRN] [DotNetCore.CAP.Internal.ConsumerRegister] [69700] [114] - RabbitMQ consumer cancelled. --> amq.ctag-KscR4m8GWatxRhbIGa7-cQ
2024-10-23 21:30:13 [WRN] [DotNetCore.CAP.Internal.ConsumerRegister] [69700] [114] - RabbitMQ consumer shutdown. --> Unexpected Exception: Unable to read data from the transport connection: 远程主机强迫关闭了一个现有的连接。.
2024-10-23 21:30:13 [WRN] [DotNetCore.CAP.Internal.ConsumerRegister] [69700] [114] - RabbitMQ consumer cancelled. --> amq.ctag-Ga6WF1vYdTI7ynwrmDIhtA
2024-10-23 21:30:13 [WRN] [DotNetCore.CAP.Internal.ConsumerRegister] [69700] [114] - RabbitMQ consumer shutdown. --> Unexpected Exception: Unable to read data from the transport connection: 远程主机强迫关闭了一个现有的连接。.
2024-10-23 21:30:19 [INF] [DotNetCore.CAP.Internal.ConsumerRegister] [69700] [31] - RabbitMQ consumer registered. --> amq.ctag-Y-pYoEf_-z3c-EQYnuPINw
2024-10-23 21:30:19 [INF] [DotNetCore.CAP.Internal.ConsumerRegister] [69700] [32] - RabbitMQ consumer registered. --> amq.ctag-0AgTyst0b4b88q-UOraYFw
2024-10-23 21:30:19 [INF] [DotNetCore.CAP.Internal.ConsumerRegister] [69700] [79] - RabbitMQ consumer registered. --> amq.ctag-KscR4m8GWatxRhbIGa7-cQ
2024-10-23 21:30:19 [INF] [DotNetCore.CAP.Internal.ConsumerRegister] [69700] [6] - RabbitMQ consumer registered. --> amq.ctag-Ga6WF1vYdTI7ynwrmDIhtA
2024-10-23 21:40:15 [WRN] [DotNetCore.CAP.Internal.ConsumerRegister] [69700] [31] - RabbitMQ consumer cancelled. --> amq.ctag-Y-pYoEf_-z3c-EQYnuPINw
2024-10-23 21:40:16 [WRN] [DotNetCore.CAP.Internal.ConsumerRegister] [69700] [31] - RabbitMQ consumer shutdown. --> Unexpected Exception: Unable to read data from the transport connection: 远程主机强迫关闭了一个现有的连接。.
2024-10-23 21:40:18 [WRN] [DotNetCore.CAP.Internal.ConsumerRegister] [69700] [59] - RabbitMQ consumer cancelled. --> amq.ctag-0AgTyst0b4b88q-UOraYFw
2024-10-23 21:40:19 [WRN] [DotNetCore.CAP.Internal.ConsumerRegister] [69700] [59] - RabbitMQ consumer shutdown. --> Unexpected Exception: Unable to read data from the transport connection: 远程主机强迫关闭了一个现有的连接。.
2024-10-23 21:40:19 [WRN] [DotNetCore.CAP.Internal.ConsumerRegister] [69700] [59] - RabbitMQ consumer cancelled. --> amq.ctag-KscR4m8GWatxRhbIGa7-cQ
2024-10-23 21:40:19 [WRN] [DotNetCore.CAP.Internal.ConsumerRegister] [69700] [59] - RabbitMQ consumer shutdown. --> Unexpected Exception: Unable to read data from the transport connection: 远程主机强迫关闭了一个现有的连接。.
2024-10-23 21:40:19 [WRN] [DotNetCore.CAP.Internal.ConsumerRegister] [69700] [59] - RabbitMQ consumer cancelled. --> amq.ctag-Ga6WF1vYdTI7ynwrmDIhtA
2024-10-23 21:40:19 [WRN] [DotNetCore.CAP.Internal.ConsumerRegister] [69700] [59] - RabbitMQ consumer shutdown. --> Unexpected Exception: Unable to read data from the transport connection: 远程主机强迫关闭了一个现有的连接。.
2024-10-23 21:40:20 [INF] [DotNetCore.CAP.Internal.ConsumerRegister] [69700] [32] - RabbitMQ consumer registered. --> amq.ctag-Y-pYoEf_-z3c-EQYnuPINw
2024-10-23 21:40:20 [INF] [DotNetCore.CAP.Internal.ConsumerRegister] [69700] [31] - RabbitMQ consumer registered. --> amq.ctag-0AgTyst0b4b88q-UOraYFw
2024-10-23 21:40:20 [INF] [DotNetCore.CAP.Internal.ConsumerRegister] [69700] [79] - RabbitMQ consumer registered. --> amq.ctag-KscR4m8GWatxRhbIGa7-cQ
2024-10-23 21:40:20 [INF] [DotNetCore.CAP.Internal.ConsumerRegister] [69700] [59] - RabbitMQ consumer registered. --> amq.ctag-Ga6WF1vYdTI7ynwrmDIhtA
2024-10-23 22:28:26 [WRN] [DotNetCore.CAP.Internal.ConsumerRegister] [69700] [31] - RabbitMQ consumer cancelled. --> amq.ctag-Y-pYoEf_-z3c-EQYnuPINw
2024-10-23 22:28:29 [WRN] [DotNetCore.CAP.Internal.ConsumerRegister] [69700] [31] - RabbitMQ consumer shutdown. --> Unexpected Exception: Unable to read data from the transport connection: 远程主机强迫关闭了一个现有的连接。.
2024-10-23 22:28:29 [WRN] [DotNetCore.CAP.Processor.TransportCheckProcessor] [69700] [59] - Transport connection is unhealthy, reconnection...
2024-10-23 22:28:29 [WRN] [DotNetCore.CAP.Internal.ConsumerRegister] [69700] [31] - RabbitMQ consumer cancelled. --> amq.ctag-0AgTyst0b4b88q-UOraYFw
2024-10-23 22:28:31 [INF] [DotNetCore.CAP.Internal.ConsumerRegister] [69700] [32] - RabbitMQ consumer registered. --> amq.ctag-iCa93JNh4mDNNBaxeWvfNw
2024-10-23 22:28:31 [INF] [DotNetCore.CAP.Internal.ConsumerRegister] [69700] [6] - RabbitMQ consumer registered. --> amq.ctag-zwtlzBf-Vp6Ro7PwqeK-hQ
2024-10-23 22:28:31 [WRN] [DotNetCore.CAP.Internal.ConsumerRegister] [69700] [31] - RabbitMQ consumer shutdown. --> Unexpected Exception: Unable to read data from the transport connection: 远程主机强迫关闭了一个现有的连接。.
2024-10-23 22:28:31 [INF] [DotNetCore.CAP.Internal.ConsumerRegister] [69700] [97] - RabbitMQ consumer registered. --> amq.ctag-o0b82jKs_ur7ExWA35tt0A
2024-10-23 22:28:32 [INF] [DotNetCore.CAP.Internal.ConsumerRegister] [69700] [59] - RabbitMQ consumer registered. --> amq.ctag-ZqApme1DBacUSCOXeRaqsg
2024-10-23 22:28:32 [WRN] [DotNetCore.CAP.Internal.ConsumerRegister] [69700] [32] - RabbitMQ consumer cancelled. --> amq.ctag-KscR4m8GWatxRhbIGa7-cQ
2024-10-23 22:28:34 [WRN] [DotNetCore.CAP.Internal.ConsumerRegister] [69700] [32] - RabbitMQ consumer shutdown. --> Unexpected Exception: Unable to read data from the transport connection: 远程主机强迫关闭了一个现有的连接。.
2024-10-23 22:28:34 [WRN] [DotNetCore.CAP.Internal.ConsumerRegister] [69700] [32] - RabbitMQ consumer cancelled. --> amq.ctag-Ga6WF1vYdTI7ynwrmDIhtA
2024-10-23 22:28:34 [WRN] [DotNetCore.CAP.Internal.ConsumerRegister] [69700] [32] - RabbitMQ consumer shutdown. --> Unexpected Exception: Unable to read data from the transport connection: 远程主机强迫关闭了一个现有的连接。.
