2024-11-12 19:41:41 [WRN] [DotNetCore.CAP.Internal.ConsumerRegister] [14928] [30] - RabbitMQ consumer cancelled. --> amq.ctag-_lwGc2ap5z6ZfCImWrNgFg
2024-11-12 19:41:42 [WRN] [DotNetCore.CAP.Internal.ConsumerRegister] [14928] [30] - RabbitMQ consumer shutdown. --> Unexpected Exception: Unable to read data from the transport connection: 远程主机强迫关闭了一个现有的连接。.
2024-11-12 19:41:42 [WRN] [DotNetCore.CAP.Internal.ConsumerRegister] [14928] [30] - RabbitMQ consumer cancelled. --> amq.ctag-2qASRnN9QPWWLDWPFZIAXg
2024-11-12 19:41:42 [WRN] [DotNetCore.CAP.Internal.ConsumerRegister] [14928] [30] - RabbitMQ consumer shutdown. --> Unexpected Exception: Unable to read data from the transport connection: 远程主机强迫关闭了一个现有的连接。.
2024-11-12 19:41:43 [WRN] [DotNetCore.CAP.Internal.ConsumerRegister] [14928] [58] - RabbitMQ consumer cancelled. --> amq.ctag-a1Z80diLG5gYlhW7Bl-MkQ
2024-11-12 19:41:43 [WRN] [DotNetCore.CAP.Internal.ConsumerRegister] [14928] [58] - RabbitMQ consumer shutdown. --> Unexpected Exception: Unable to read data from the transport connection: 远程主机强迫关闭了一个现有的连接。.
2024-11-12 19:41:44 [WRN] [DotNetCore.CAP.Internal.ConsumerRegister] [14928] [236] - RabbitMQ consumer cancelled. --> amq.ctag-YoPbF1TMc9vITyOlLINFZw
2024-11-12 19:41:44 [WRN] [DotNetCore.CAP.Internal.ConsumerRegister] [14928] [236] - RabbitMQ consumer shutdown. --> Unexpected Exception: Unable to read data from the transport connection: 远程主机强迫关闭了一个现有的连接。.
2024-11-12 19:41:46 [INF] [DotNetCore.CAP.Internal.ConsumerRegister] [14928] [58] - RabbitMQ consumer registered. --> amq.ctag-_lwGc2ap5z6ZfCImWrNgFg
2024-11-12 19:41:46 [INF] [DotNetCore.CAP.Internal.ConsumerRegister] [14928] [79] - RabbitMQ consumer registered. --> amq.ctag-2qASRnN9QPWWLDWPFZIAXg
2024-11-12 19:41:46 [INF] [DotNetCore.CAP.Internal.ConsumerRegister] [14928] [30] - RabbitMQ consumer registered. --> amq.ctag-a1Z80diLG5gYlhW7Bl-MkQ
2024-11-12 19:41:46 [INF] [DotNetCore.CAP.Internal.ConsumerRegister] [14928] [58] - RabbitMQ consumer registered. --> amq.ctag-YoPbF1TMc9vITyOlLINFZw
2024-11-12 20:26:15 [WRN] [DotNetCore.CAP.Internal.ConsumerRegister] [14928] [229] - RabbitMQ consumer cancelled. --> amq.ctag-_lwGc2ap5z6ZfCImWrNgFg
2024-11-12 20:26:17 [WRN] [DotNetCore.CAP.Internal.ConsumerRegister] [14928] [229] - RabbitMQ consumer shutdown. --> Unexpected Exception: Unable to read data from the transport connection: 远程主机强迫关闭了一个现有的连接。.
2024-11-12 20:26:17 [WRN] [DotNetCore.CAP.Internal.ConsumerRegister] [14928] [229] - RabbitMQ consumer cancelled. --> amq.ctag-2qASRnN9QPWWLDWPFZIAXg
2024-11-12 20:26:17 [WRN] [DotNetCore.CAP.Internal.ConsumerRegister] [14928] [229] - RabbitMQ consumer shutdown. --> Unexpected Exception: Unable to read data from the transport connection: 远程主机强迫关闭了一个现有的连接。.
2024-11-12 20:26:17 [WRN] [DotNetCore.CAP.Internal.ConsumerRegister] [14928] [229] - RabbitMQ consumer cancelled. --> amq.ctag-a1Z80diLG5gYlhW7Bl-MkQ
2024-11-12 20:26:17 [WRN] [DotNetCore.CAP.Internal.ConsumerRegister] [14928] [229] - RabbitMQ consumer shutdown. --> Unexpected Exception: Unable to read data from the transport connection: 远程主机强迫关闭了一个现有的连接。.
2024-11-12 20:26:17 [WRN] [DotNetCore.CAP.Internal.ConsumerRegister] [14928] [25] - RabbitMQ consumer cancelled. --> amq.ctag-YoPbF1TMc9vITyOlLINFZw
2024-11-12 20:26:17 [WRN] [DotNetCore.CAP.Internal.ConsumerRegister] [14928] [25] - RabbitMQ consumer shutdown. --> Unexpected Exception: Unable to read data from the transport connection: 远程主机强迫关闭了一个现有的连接。.
