2024-11-13 00:20:31 [INF] [DotNetCore.CAP.Internal.ConsumerRegister] [14928] [193] - RabbitMQ consumer registered. --> amq.ctag-_lwGc2ap5z6ZfCImWrNgFg
2024-11-13 00:20:31 [INF] [DotNetCore.CAP.Internal.ConsumerRegister] [14928] [215] - RabbitMQ consumer registered. --> amq.ctag-2qASRnN9QPWWLDWPFZIAXg
2024-11-13 00:20:31 [INF] [DotNetCore.CAP.Internal.ConsumerRegister] [14928] [192] - RabbitMQ consumer registered. --> amq.ctag-a1Z80diLG5gYlhW7Bl-MkQ
2024-11-13 00:20:31 [INF] [DotNetCore.CAP.Internal.ConsumerRegister] [14928] [25] - RabbitMQ consumer registered. --> amq.ctag-YoPbF1TMc9vITyOlLINFZw
2024-11-13 10:48:40 [WRN] [DotNetCore.CAP.Internal.ConsumerRegister] [14928] [203] - RabbitMQ consumer cancelled. --> amq.ctag-_lwGc2ap5z6ZfCImWrNgFg
2024-11-13 10:48:45 [WRN] [DotNetCore.CAP.Internal.ConsumerRegister] [14928] [203] - RabbitMQ consumer shutdown. --> Unexpected Exception: Unable to read data from the transport connection: 远程主机强迫关闭了一个现有的连接。.
2024-11-13 10:48:45 [WRN] [DotNetCore.CAP.Internal.ConsumerRegister] [14928] [163] - RabbitMQ consumer cancelled. --> amq.ctag-2qASRnN9QPWWLDWPFZIAXg
2024-11-13 10:48:46 [WRN] [DotNetCore.CAP.Internal.ConsumerRegister] [14928] [163] - RabbitMQ consumer shutdown. --> Unexpected Exception: Unable to read data from the transport connection: 远程主机强迫关闭了一个现有的连接。.
2024-11-13 10:48:46 [WRN] [DotNetCore.CAP.Internal.ConsumerRegister] [14928] [199] - RabbitMQ consumer cancelled. --> amq.ctag-a1Z80diLG5gYlhW7Bl-MkQ
2024-11-13 10:48:46 [INF] [DotNetCore.CAP.Internal.ConsumerRegister] [14928] [163] - RabbitMQ consumer registered. --> amq.ctag-_lwGc2ap5z6ZfCImWrNgFg
2024-11-13 10:48:46 [INF] [DotNetCore.CAP.Internal.ConsumerRegister] [14928] [205] - RabbitMQ consumer registered. --> amq.ctag-2qASRnN9QPWWLDWPFZIAXg
2024-11-13 10:48:46 [INF] [DotNetCore.CAP.Internal.ConsumerRegister] [14928] [144] - RabbitMQ consumer registered. --> amq.ctag-a1Z80diLG5gYlhW7Bl-MkQ
2024-11-13 10:48:46 [INF] [DotNetCore.CAP.Internal.ConsumerRegister] [14928] [191] - RabbitMQ consumer registered. --> amq.ctag-YoPbF1TMc9vITyOlLINFZw
2024-11-13 10:48:46 [WRN] [DotNetCore.CAP.Internal.ConsumerRegister] [14928] [199] - RabbitMQ consumer shutdown. --> Unexpected Exception: Unable to read data from the transport connection: 远程主机强迫关闭了一个现有的连接。.
2024-11-13 10:48:46 [WRN] [DotNetCore.CAP.Internal.ConsumerRegister] [14928] [199] - RabbitMQ consumer cancelled. --> amq.ctag-YoPbF1TMc9vITyOlLINFZw
2024-11-13 10:48:46 [WRN] [DotNetCore.CAP.Internal.ConsumerRegister] [14928] [199] - RabbitMQ consumer shutdown. --> Unexpected Exception: Unable to read data from the transport connection: 远程主机强迫关闭了一个现有的连接。.
2024-11-13 12:12:43 [WRN] [DotNetCore.CAP.Internal.ConsumerRegister] [14928] [144] - RabbitMQ consumer cancelled. --> amq.ctag-_lwGc2ap5z6ZfCImWrNgFg
2024-11-13 12:12:43 [WRN] [DotNetCore.CAP.Internal.ConsumerRegister] [14928] [144] - RabbitMQ consumer shutdown. --> Unexpected Exception: Unable to read data from the transport connection: 远程主机强迫关闭了一个现有的连接。.
2024-11-13 12:12:43 [WRN] [DotNetCore.CAP.Internal.ConsumerRegister] [14928] [144] - RabbitMQ consumer cancelled. --> amq.ctag-2qASRnN9QPWWLDWPFZIAXg
2024-11-13 12:12:45 [WRN] [DotNetCore.CAP.Internal.ConsumerRegister] [14928] [144] - RabbitMQ consumer shutdown. --> Unexpected Exception: Unable to read data from the transport connection: 远程主机强迫关闭了一个现有的连接。.
2024-11-13 12:12:46 [WRN] [DotNetCore.CAP.Internal.ConsumerRegister] [14928] [144] - RabbitMQ consumer cancelled. --> amq.ctag-a1Z80diLG5gYlhW7Bl-MkQ
2024-11-13 12:12:46 [WRN] [DotNetCore.CAP.Processor.TransportCheckProcessor] [14928] [98] - Transport connection is unhealthy, reconnection...
2024-11-13 12:12:46 [WRN] [DotNetCore.CAP.Internal.ConsumerRegister] [14928] [144] - RabbitMQ consumer shutdown. --> Unexpected Exception: Unable to read data from the transport connection: 远程主机强迫关闭了一个现有的连接。.
2024-11-13 12:12:46 [WRN] [DotNetCore.CAP.Internal.ConsumerRegister] [14928] [144] - RabbitMQ consumer cancelled. --> 
2024-11-13 12:12:46 [WRN] [DotNetCore.CAP.Internal.ConsumerRegister] [14928] [144] - RabbitMQ consumer shutdown. --> Unexpected Exception: Unable to read data from the transport connection: 远程主机强迫关闭了一个现有的连接。.
2024-11-13 12:12:46 [INF] [DotNetCore.CAP.Internal.ConsumerRegister] [14928] [194] - RabbitMQ consumer registered. --> amq.ctag-dKylXzsKcFJ0eaEEuVg3TQ
2024-11-13 12:12:46 [INF] [DotNetCore.CAP.Internal.ConsumerRegister] [14928] [205] - RabbitMQ consumer registered. --> amq.ctag-WjnuEvQp21VcssNbbH2eLg
2024-11-13 12:12:46 [INF] [DotNetCore.CAP.Internal.ConsumerRegister] [14928] [44] - RabbitMQ consumer registered. --> amq.ctag-UjZCMfOOFDZYYMGtnnEYQw
2024-11-13 12:12:47 [INF] [DotNetCore.CAP.Internal.ConsumerRegister] [14928] [98] - RabbitMQ consumer registered. --> amq.ctag--NmzyzVpVtmdJQBgKF-5pA
2024-11-13 12:40:21 [WRN] [DotNetCore.CAP.Internal.ConsumerRegister] [14928] [205] - RabbitMQ consumer cancelled. --> amq.ctag-dKylXzsKcFJ0eaEEuVg3TQ
2024-11-13 14:13:35 [INF] [DotNetCore.CAP.Internal.ConsumerRegister] [14928] [203] - RabbitMQ consumer registered. --> amq.ctag-dKylXzsKcFJ0eaEEuVg3TQ
2024-11-13 14:13:35 [INF] [DotNetCore.CAP.Internal.ConsumerRegister] [14928] [191] - RabbitMQ consumer registered. --> amq.ctag-WjnuEvQp21VcssNbbH2eLg
2024-11-13 14:13:35 [INF] [DotNetCore.CAP.Internal.ConsumerRegister] [14928] [98] - RabbitMQ consumer registered. --> amq.ctag-UjZCMfOOFDZYYMGtnnEYQw
2024-11-13 14:13:35 [INF] [DotNetCore.CAP.Internal.ConsumerRegister] [14928] [194] - RabbitMQ consumer registered. --> amq.ctag--NmzyzVpVtmdJQBgKF-5pA
2024-11-13 14:13:35 [WRN] [DotNetCore.CAP.Internal.ConsumerRegister] [14928] [205] - RabbitMQ consumer shutdown. --> Unexpected Exception: Unable to read data from the transport connection: 远程主机强迫关闭了一个现有的连接。.
2024-11-13 14:13:36 [WRN] [DotNetCore.CAP.Internal.ConsumerRegister] [14928] [205] - RabbitMQ consumer cancelled. --> amq.ctag-WjnuEvQp21VcssNbbH2eLg
2024-11-13 14:13:37 [WRN] [DotNetCore.CAP.Internal.ConsumerRegister] [14928] [205] - RabbitMQ consumer shutdown. --> Unexpected Exception: Unable to read data from the transport connection: 远程主机强迫关闭了一个现有的连接。.
2024-11-13 14:13:37 [WRN] [DotNetCore.CAP.Internal.ConsumerRegister] [14928] [205] - RabbitMQ consumer cancelled. --> amq.ctag-UjZCMfOOFDZYYMGtnnEYQw
2024-11-13 14:13:38 [WRN] [DotNetCore.CAP.Internal.ConsumerRegister] [14928] [205] - RabbitMQ consumer shutdown. --> Unexpected Exception: Unable to read data from the transport connection: 远程主机强迫关闭了一个现有的连接。.
2024-11-13 14:13:38 [WRN] [DotNetCore.CAP.Internal.ConsumerRegister] [14928] [205] - RabbitMQ consumer cancelled. --> amq.ctag--NmzyzVpVtmdJQBgKF-5pA
2024-11-13 14:13:38 [WRN] [DotNetCore.CAP.Internal.ConsumerRegister] [14928] [205] - RabbitMQ consumer shutdown. --> Unexpected Exception: Unable to read data from the transport connection: 远程主机强迫关闭了一个现有的连接。.
2024-11-13 14:13:40 [WRN] [DotNetCore.CAP.Processor.TransportCheckProcessor] [14928] [194] - Transport connection is unhealthy, reconnection...
2024-11-13 14:13:40 [WRN] [DotNetCore.CAP.Internal.ConsumerRegister] [14928] [205] - RabbitMQ consumer cancelled. --> 
2024-11-13 14:13:40 [WRN] [DotNetCore.CAP.Internal.ConsumerRegister] [14928] [205] - RabbitMQ consumer shutdown. --> Goodbye
2024-11-13 14:13:40 [WRN] [DotNetCore.CAP.Internal.ConsumerRegister] [14928] [205] - RabbitMQ consumer cancelled. --> 
2024-11-13 14:13:40 [WRN] [DotNetCore.CAP.Internal.ConsumerRegister] [14928] [205] - RabbitMQ consumer shutdown. --> Goodbye
2024-11-13 14:13:40 [WRN] [DotNetCore.CAP.Internal.ConsumerRegister] [14928] [205] - RabbitMQ consumer cancelled. --> amq.ctag-dKylXzsKcFJ0eaEEuVg3TQ
2024-11-13 14:13:40 [WRN] [DotNetCore.CAP.Internal.ConsumerRegister] [14928] [205] - RabbitMQ consumer shutdown. --> Goodbye
2024-11-13 14:13:40 [WRN] [DotNetCore.CAP.Internal.ConsumerRegister] [14928] [205] - RabbitMQ consumer cancelled. --> 
2024-11-13 14:13:40 [WRN] [DotNetCore.CAP.Internal.ConsumerRegister] [14928] [205] - RabbitMQ consumer shutdown. --> Goodbye
2024-11-13 14:13:40 [INF] [DotNetCore.CAP.Internal.ConsumerRegister] [14928] [191] - RabbitMQ consumer registered. --> amq.ctag-fLJJ6Pj9gXYBF3rvK6XkAQ
2024-11-13 14:13:40 [INF] [DotNetCore.CAP.Internal.ConsumerRegister] [14928] [194] - RabbitMQ consumer registered. --> amq.ctag-LTe1r0_GOb0jC4rmQpyGXA
2024-11-13 14:13:40 [INF] [DotNetCore.CAP.Internal.ConsumerRegister] [14928] [205] - RabbitMQ consumer registered. --> amq.ctag-tMbj9WdgCo64wItaR2fVOw
2024-11-13 14:13:40 [INF] [DotNetCore.CAP.Internal.ConsumerRegister] [14928] [194] - RabbitMQ consumer registered. --> amq.ctag-TFoMXSuTSgN0aURRXrK4pA
