2024-11-11 00:26:15 [WRN] [DotNetCore.CAP.Internal.ConsumerRegister] [14928] [238] - RabbitMQ consumer cancelled. --> amq.ctag-lzU1QtXCjWKGEzsWlmhJSw
2024-11-11 00:26:20 [WRN] [DotNetCore.CAP.Internal.ConsumerRegister] [14928] [238] - RabbitMQ consumer shutdown. --> Unexpected Exception: Unable to read data from the transport connection: 远程主机强迫关闭了一个现有的连接。.
2024-11-11 00:26:22 [WRN] [DotNetCore.CAP.Internal.ConsumerRegister] [14928] [238] - RabbitMQ consumer cancelled. --> amq.ctag-wCZd214Wmw3Ew5tOQNLapQ
2024-11-11 00:26:22 [WRN] [DotNetCore.CAP.Internal.ConsumerRegister] [14928] [238] - RabbitMQ consumer shutdown. --> Unexpected Exception: Unable to read data from the transport connection: 远程主机强迫关闭了一个现有的连接。.
2024-11-11 00:26:23 [WRN] [DotNetCore.CAP.Internal.ConsumerRegister] [14928] [244] - RabbitMQ consumer cancelled. --> amq.ctag-i61YGyHIMzGRMeUpwf58VQ
2024-11-11 00:26:23 [WRN] [DotNetCore.CAP.Internal.ConsumerRegister] [14928] [244] - RabbitMQ consumer shutdown. --> Unexpected Exception: Unable to read data from the transport connection: 远程主机强迫关闭了一个现有的连接。.
2024-11-11 00:26:24 [WRN] [DotNetCore.CAP.Internal.ConsumerRegister] [14928] [244] - RabbitMQ consumer cancelled. --> amq.ctag-tT7Y0ftekp2LPKHm-GXTiA
2024-11-11 00:26:24 [WRN] [DotNetCore.CAP.Internal.ConsumerRegister] [14928] [244] - RabbitMQ consumer shutdown. --> Unexpected Exception: Unable to read data from the transport connection: 远程主机强迫关闭了一个现有的连接。.
2024-11-11 00:26:28 [WRN] [DotNetCore.CAP.Processor.TransportCheckProcessor] [14928] [238] - Transport connection is unhealthy, reconnection...
2024-11-11 00:26:28 [WRN] [DotNetCore.CAP.Internal.ConsumerRegister] [14928] [241] - RabbitMQ consumer cancelled. --> amq.ctag-wCZd214Wmw3Ew5tOQNLapQ
2024-11-11 00:26:28 [WRN] [DotNetCore.CAP.Internal.ConsumerRegister] [14928] [241] - RabbitMQ consumer shutdown. --> Goodbye
2024-11-11 00:26:29 [WRN] [DotNetCore.CAP.Internal.ConsumerRegister] [14928] [200] - RabbitMQ consumer cancelled. --> 
2024-11-11 00:26:29 [WRN] [DotNetCore.CAP.Internal.ConsumerRegister] [14928] [200] - RabbitMQ consumer shutdown. --> Goodbye
2024-11-11 00:26:29 [WRN] [DotNetCore.CAP.Internal.ConsumerRegister] [14928] [241] - RabbitMQ consumer cancelled. --> amq.ctag-lzU1QtXCjWKGEzsWlmhJSw
2024-11-11 00:26:29 [WRN] [DotNetCore.CAP.Internal.ConsumerRegister] [14928] [236] - RabbitMQ consumer cancelled. --> 
2024-11-11 00:26:31 [WRN] [DotNetCore.CAP.Internal.ConsumerRegister] [14928] [241] - RabbitMQ consumer shutdown. --> Goodbye
2024-11-11 00:26:34 [WRN] [DotNetCore.CAP.Internal.ConsumerRegister] [14928] [236] - RabbitMQ consumer shutdown. --> Goodbye
2024-11-11 02:18:00 [WRN] [DotNetCore.CAP.Internal.ConsumerRegister] [14928] [164] - RabbitMQ consumer cancelled. --> amq.ctag-t-49-55OchyrBnKud2Y3AQ
2024-11-11 02:18:03 [WRN] [DotNetCore.CAP.Internal.ConsumerRegister] [14928] [164] - RabbitMQ consumer shutdown. --> Unexpected Exception: Unable to read data from the transport connection: 远程主机强迫关闭了一个现有的连接。.
2024-11-11 02:18:03 [WRN] [DotNetCore.CAP.Internal.ConsumerRegister] [14928] [164] - RabbitMQ consumer cancelled. --> amq.ctag-NRra9fd445rvDqzON0ffRw
2024-11-11 02:18:04 [WRN] [DotNetCore.CAP.Internal.ConsumerRegister] [14928] [164] - RabbitMQ consumer shutdown. --> Unexpected Exception: Unable to read data from the transport connection: 远程主机强迫关闭了一个现有的连接。.
2024-11-11 02:18:04 [WRN] [DotNetCore.CAP.Internal.ConsumerRegister] [14928] [164] - RabbitMQ consumer cancelled. --> amq.ctag-CjiARGgYEI1t7_zFNAzf4w
2024-11-11 02:18:04 [WRN] [DotNetCore.CAP.Internal.ConsumerRegister] [14928] [164] - RabbitMQ consumer shutdown. --> Unexpected Exception: Unable to read data from the transport connection: 远程主机强迫关闭了一个现有的连接。.
2024-11-11 02:18:04 [WRN] [DotNetCore.CAP.Internal.ConsumerRegister] [14928] [164] - RabbitMQ consumer cancelled. --> amq.ctag-FSyb-XlnzAx9vPkXEZdR9w
2024-11-11 02:18:04 [WRN] [DotNetCore.CAP.Internal.ConsumerRegister] [14928] [164] - RabbitMQ consumer shutdown. --> Unexpected Exception: Unable to read data from the transport connection: 远程主机强迫关闭了一个现有的连接。.
2024-11-11 05:39:17 [WRN] [DotNetCore.CAP.Internal.ConsumerRegister] [14928] [201] - RabbitMQ consumer cancelled. --> amq.ctag-t-49-55OchyrBnKud2Y3AQ
2024-11-11 05:39:24 [WRN] [DotNetCore.CAP.Internal.ConsumerRegister] [14928] [201] - RabbitMQ consumer shutdown. --> Unexpected Exception: Unable to read data from the transport connection: 远程主机强迫关闭了一个现有的连接。.
2024-11-11 05:39:25 [WRN] [DotNetCore.CAP.Processor.TransportCheckProcessor] [14928] [112] - Transport connection is unhealthy, reconnection...
2024-11-11 05:39:25 [WRN] [DotNetCore.CAP.Internal.ConsumerRegister] [14928] [87] - RabbitMQ consumer cancelled. --> amq.ctag-NRra9fd445rvDqzON0ffRw
2024-11-11 05:39:25 [WRN] [DotNetCore.CAP.Internal.ConsumerRegister] [14928] [87] - RabbitMQ consumer shutdown. --> Unexpected Exception: Unable to read data from the transport connection: 远程主机强迫关闭了一个现有的连接。.
2024-11-11 05:39:25 [WRN] [DotNetCore.CAP.Internal.ConsumerRegister] [14928] [87] - RabbitMQ consumer cancelled. --> amq.ctag-CjiARGgYEI1t7_zFNAzf4w
2024-11-11 05:39:25 [WRN] [DotNetCore.CAP.Internal.ConsumerRegister] [14928] [87] - RabbitMQ consumer shutdown. --> Unexpected Exception: Unable to read data from the transport connection: 远程主机强迫关闭了一个现有的连接。.
2024-11-11 05:39:25 [WRN] [DotNetCore.CAP.Internal.ConsumerRegister] [14928] [87] - RabbitMQ consumer cancelled. --> amq.ctag-FSyb-XlnzAx9vPkXEZdR9w
2024-11-11 05:39:25 [WRN] [DotNetCore.CAP.Internal.ConsumerRegister] [14928] [87] - RabbitMQ consumer shutdown. --> Unexpected Exception: Unable to read data from the transport connection: 远程主机强迫关闭了一个现有的连接。.
2024-11-11 09:43:59 [WRN] [DotNetCore.CAP.Processor.TransportCheckProcessor] [14928] [201] - Transport connection is unhealthy, reconnection...
2024-11-11 09:44:01 [WRN] [DotNetCore.CAP.Internal.ConsumerRegister] [14928] [31] - RabbitMQ consumer cancelled. --> amq.ctag-NRra9fd445rvDqzON0ffRw
2024-11-11 09:44:01 [WRN] [DotNetCore.CAP.Internal.ConsumerRegister] [14928] [31] - RabbitMQ consumer shutdown. --> Goodbye
2024-11-11 09:44:01 [WRN] [DotNetCore.CAP.Internal.ConsumerRegister] [14928] [31] - RabbitMQ consumer cancelled. --> 
2024-11-11 09:44:01 [WRN] [DotNetCore.CAP.Internal.ConsumerRegister] [14928] [31] - RabbitMQ consumer shutdown. --> Goodbye
2024-11-11 09:44:02 [WRN] [DotNetCore.CAP.Internal.ConsumerRegister] [14928] [31] - RabbitMQ consumer cancelled. --> 
2024-11-11 09:44:02 [WRN] [DotNetCore.CAP.Internal.ConsumerRegister] [14928] [31] - RabbitMQ consumer shutdown. --> Goodbye
2024-11-11 09:44:02 [WRN] [DotNetCore.CAP.Internal.ConsumerRegister] [14928] [87] - RabbitMQ consumer cancelled. --> amq.ctag-t-49-55OchyrBnKud2Y3AQ
2024-11-11 09:44:02 [WRN] [DotNetCore.CAP.Internal.ConsumerRegister] [14928] [87] - RabbitMQ consumer shutdown. --> Goodbye
2024-11-11 16:39:44 [WRN] [DotNetCore.CAP.Internal.ConsumerRegister] [14928] [164] - RabbitMQ consumer cancelled. --> amq.ctag-Vz8FWvPYazwXYkC0gdD-YA
2024-11-11 16:39:45 [WRN] [DotNetCore.CAP.Internal.ConsumerRegister] [14928] [164] - RabbitMQ consumer shutdown. --> Unexpected Exception: Unable to read data from the transport connection: 远程主机强迫关闭了一个现有的连接。.
2024-11-11 16:39:45 [WRN] [DotNetCore.CAP.Internal.ConsumerRegister] [14928] [164] - RabbitMQ consumer cancelled. --> amq.ctag-4C35UHPBmod0GvGxh5WfxQ
2024-11-11 16:39:45 [WRN] [DotNetCore.CAP.Internal.ConsumerRegister] [14928] [164] - RabbitMQ consumer shutdown. --> Unexpected Exception: Unable to read data from the transport connection: 远程主机强迫关闭了一个现有的连接。.
2024-11-11 16:39:45 [WRN] [DotNetCore.CAP.Internal.ConsumerRegister] [14928] [164] - RabbitMQ consumer cancelled. --> amq.ctag-tmMneQjZfmsMU3UtkTyacg
2024-11-11 16:39:45 [WRN] [DotNetCore.CAP.Internal.ConsumerRegister] [14928] [164] - RabbitMQ consumer shutdown. --> Unexpected Exception: Unable to read data from the transport connection: 远程主机强迫关闭了一个现有的连接。.
2024-11-11 16:39:45 [WRN] [DotNetCore.CAP.Internal.ConsumerRegister] [14928] [164] - RabbitMQ consumer cancelled. --> amq.ctag-lB8bwWSD49A8bXMT0ov_Ww
2024-11-11 16:39:45 [WRN] [DotNetCore.CAP.Internal.ConsumerRegister] [14928] [164] - RabbitMQ consumer shutdown. --> Unexpected Exception: Unable to read data from the transport connection: 远程主机强迫关闭了一个现有的连接。.
2024-11-11 18:06:44 [WRN] [DotNetCore.CAP.Internal.ConsumerRegister] [14928] [104] - RabbitMQ consumer cancelled. --> amq.ctag-Vz8FWvPYazwXYkC0gdD-YA
2024-11-11 18:06:49 [WRN] [DotNetCore.CAP.Internal.ConsumerRegister] [14928] [104] - RabbitMQ consumer shutdown. --> Unexpected Exception: Unable to read data from the transport connection: 远程主机强迫关闭了一个现有的连接。.
2024-11-11 18:06:57 [WRN] [DotNetCore.CAP.Internal.ConsumerRegister] [14928] [62] - RabbitMQ consumer cancelled. --> amq.ctag-4C35UHPBmod0GvGxh5WfxQ
2024-11-11 18:07:01 [WRN] [DotNetCore.CAP.Internal.ConsumerRegister] [14928] [62] - RabbitMQ consumer shutdown. --> Unexpected Exception: Unable to read data from the transport connection: 远程主机强迫关闭了一个现有的连接。.
2024-11-11 18:19:12 [WRN] [DotNetCore.CAP.Processor.TransportCheckProcessor] [14928] [147] - Transport connection is unhealthy, reconnection...
2024-11-11 18:19:13 [WRN] [DotNetCore.CAP.Internal.ConsumerRegister] [14928] [104] - RabbitMQ consumer cancelled. --> amq.ctag-tmMneQjZfmsMU3UtkTyacg
2024-11-11 18:19:14 [WRN] [DotNetCore.CAP.Processor.MessageDelayedProcessor] [14928] [227] - Get delayed messages from storage failed. Retrying...
MySqlConnector.MySqlException (0x80004005): The Command Timeout expired before the operation completed.
   at MySqlConnector.Protocol.Serialization.SocketByteHandler.DoReadBytesAsync(Memory`1 buffer) in /_/src/MySqlConnector/Protocol/Serialization/SocketByteHandler.cs:line 106
   at MySqlConnector.Protocol.Serialization.BufferedByteReader.ReadBytesAsync(IByteHandler byteHandler, ArraySegment`1 buffer, Int32 totalBytesToRead, IOBehavior ioBehavior) in /_/src/MySqlConnector/Protocol/Serialization/BufferedByteReader.cs:line 34
   at MySqlConnector.Protocol.Serialization.ProtocolUtility.ReadPayloadAsync(BufferedByteReader bufferedByteReader, IByteHandler byteHandler, Func`1 getNextSequenceNumber, ArraySegmentHolder`1 previousPayloads, ProtocolErrorBehavior protocolErrorBehavior, IOBehavior ioBehavior) in /_/src/MySqlConnector/Protocol/Serialization/ProtocolUtility.cs:line 421
   at MySqlConnector.Core.ServerSession.ReceiveReplyAsync(IOBehavior ioBehavior, CancellationToken cancellationToken) in /_/src/MySqlConnector/Core/ServerSession.cs:line 882
   at MySqlConnector.Core.ResultSet.ReadResultSetHeaderAsync(IOBehavior ioBehavior) in /_/src/MySqlConnector/Core/ResultSet.cs:line 37
   at MySqlConnector.MySqlDataReader.ActivateResultSet(CancellationToken cancellationToken) in /_/src/MySqlConnector/MySqlDataReader.cs:line 130
   at MySqlConnector.MySqlDataReader.InitAsync(CommandListPosition commandListPosition, ICommandPayloadCreator payloadCreator, IDictionary`2 cachedProcedures, IMySqlCommand command, CommandBehavior behavior, Activity activity, IOBehavior ioBehavior, CancellationToken cancellationToken) in /_/src/MySqlConnector/MySqlDataReader.cs:line 483
   at MySqlConnector.Core.CommandExecutor.ExecuteReaderAsync(CommandListPosition commandListPosition, ICommandPayloadCreator payloadCreator, CommandBehavior behavior, Activity activity, IOBehavior ioBehavior, CancellationToken cancellationToken) in /_/src/MySqlConnector/Core/CommandExecutor.cs:line 56
   at MySqlConnector.MySqlCommand.ExecuteNonQueryAsync(IOBehavior ioBehavior, CancellationToken cancellationToken) in /_/src/MySqlConnector/MySqlCommand.cs:line 309
   at MySqlConnector.MySqlTransaction.CommitAsync(IOBehavior ioBehavior, CancellationToken cancellationToken) in /_/src/MySqlConnector/MySqlTransaction.cs:line 36
   at DotNetCore.CAP.MySql.MySqlDataStorage.ScheduleMessagesOfDelayedAsync(Func`3 scheduleTask, CancellationToken token)
   at DotNetCore.CAP.MySql.MySqlDataStorage.ScheduleMessagesOfDelayedAsync(Func`3 scheduleTask, CancellationToken token)
   at DotNetCore.CAP.MySql.MySqlDataStorage.ScheduleMessagesOfDelayedAsync(Func`3 scheduleTask, CancellationToken token)
   at DotNetCore.CAP.Processor.MessageDelayedProcessor.ProcessDelayedAsync(IDataStorage connection, ProcessingContext context)
2024-11-11 18:19:18 [WRN] [DotNetCore.CAP.Internal.ConsumerRegister] [14928] [104] - RabbitMQ consumer shutdown. --> Unexpected Exception: Unable to read data from the transport connection: 远程主机强迫关闭了一个现有的连接。.
2024-11-11 18:19:22 [WRN] [DotNetCore.CAP.Internal.ConsumerRegister] [14928] [220] - RabbitMQ consumer cancelled. --> amq.ctag-lB8bwWSD49A8bXMT0ov_Ww
2024-11-11 18:19:22 [WRN] [DotNetCore.CAP.Internal.ConsumerRegister] [14928] [220] - RabbitMQ consumer shutdown. --> Unexpected Exception: Unable to read data from the transport connection: 远程主机强迫关闭了一个现有的连接。.
2024-11-11 18:19:48 [WRN] [DotNetCore.CAP.Processor.TransportCheckProcessor] [14928] [220] - Transport connection is unhealthy, reconnection...
2024-11-11 18:19:48 [WRN] [DotNetCore.CAP.Internal.ConsumerRegister] [14928] [235] - RabbitMQ consumer cancelled. --> amq.ctag-JgE6J3TPSvoUwZDjLgqoXQ
2024-11-11 18:19:48 [WRN] [DotNetCore.CAP.Internal.ConsumerRegister] [14928] [235] - RabbitMQ consumer shutdown. --> Goodbye
2024-11-11 18:19:48 [WRN] [DotNetCore.CAP.Internal.ConsumerRegister] [14928] [235] - RabbitMQ consumer cancelled. --> amq.ctag-Z5351rwEuNKI_jUEsEuqcQ
2024-11-11 18:19:48 [WRN] [DotNetCore.CAP.Internal.ConsumerRegister] [14928] [235] - RabbitMQ consumer shutdown. --> Goodbye
2024-11-11 18:19:48 [WRN] [DotNetCore.CAP.Internal.ConsumerRegister] [14928] [235] - RabbitMQ consumer cancelled. --> amq.ctag-VlP3233_Dw9mZq2P55LxEw
2024-11-11 18:19:48 [WRN] [DotNetCore.CAP.Internal.ConsumerRegister] [14928] [235] - RabbitMQ consumer shutdown. --> Goodbye
2024-11-11 18:19:48 [WRN] [DotNetCore.CAP.Internal.ConsumerRegister] [14928] [235] - RabbitMQ consumer cancelled. --> amq.ctag-ZTWy1DEflGNZDRBcYejPjg
2024-11-11 18:19:48 [WRN] [DotNetCore.CAP.Internal.ConsumerRegister] [14928] [235] - RabbitMQ consumer shutdown. --> Goodbye
