2024-10-23 03:42:20 [INF] [ZQH.MicroService.PlatformManagement.BackgroundWorkers.OssObjectTempCleanupBackgroundWorker] [12540] [48] - Lock is acquired for OssObjectTempCleanupBackgroundWorker
2024-10-23 03:42:20 [INF] [ZQH.Abp.OssManagement.OssObjectTempCleanupService] [12540] [48] - Start cleanup.
2024-10-23 03:42:20 [INF] [ZQH.Abp.OssManagement.OssObjectTempCleanupService] [12540] [48] - Start cleanup host temp objects.
2024-10-23 03:42:20 [INF] [ZQH.MicroService.PlatformManagement.BackgroundWorkers.OssObjectTempCleanupBackgroundWorker] [12540] [10] - Lock is released for OssObjectTempCleanupBackgroundWorker
2024-10-23 04:43:29 [INF] [ZQH.MicroService.PlatformManagement.BackgroundWorkers.OssObjectTempCleanupBackgroundWorker] [12540] [39] - Lock is acquired for OssObjectTempCleanupBackgroundWorker
2024-10-23 04:43:29 [INF] [ZQH.Abp.OssManagement.OssObjectTempCleanupService] [12540] [39] - Start cleanup.
2024-10-23 04:43:29 [INF] [ZQH.Abp.OssManagement.OssObjectTempCleanupService] [12540] [39] - Start cleanup host temp objects.
2024-10-23 04:43:29 [INF] [ZQH.MicroService.PlatformManagement.BackgroundWorkers.OssObjectTempCleanupBackgroundWorker] [12540] [39] - Lock is released for OssObjectTempCleanupBackgroundWorker
2024-10-23 05:43:29 [INF] [ZQH.MicroService.PlatformManagement.BackgroundWorkers.OssObjectTempCleanupBackgroundWorker] [12540] [98] - Lock is acquired for OssObjectTempCleanupBackgroundWorker
2024-10-23 05:43:29 [INF] [ZQH.Abp.OssManagement.OssObjectTempCleanupService] [12540] [98] - Start cleanup.
2024-10-23 05:43:29 [INF] [ZQH.Abp.OssManagement.OssObjectTempCleanupService] [12540] [98] - Start cleanup host temp objects.
2024-10-23 05:43:29 [INF] [ZQH.MicroService.PlatformManagement.BackgroundWorkers.OssObjectTempCleanupBackgroundWorker] [12540] [97] - Lock is released for OssObjectTempCleanupBackgroundWorker
2024-10-23 06:43:29 [INF] [ZQH.MicroService.PlatformManagement.BackgroundWorkers.OssObjectTempCleanupBackgroundWorker] [12540] [107] - Lock is acquired for OssObjectTempCleanupBackgroundWorker
2024-10-23 06:43:29 [INF] [ZQH.Abp.OssManagement.OssObjectTempCleanupService] [12540] [107] - Start cleanup.
2024-10-23 06:43:29 [INF] [ZQH.Abp.OssManagement.OssObjectTempCleanupService] [12540] [107] - Start cleanup host temp objects.
2024-10-23 06:43:29 [INF] [ZQH.MicroService.PlatformManagement.BackgroundWorkers.OssObjectTempCleanupBackgroundWorker] [12540] [107] - Lock is released for OssObjectTempCleanupBackgroundWorker
2024-10-23 07:43:29 [INF] [ZQH.MicroService.PlatformManagement.BackgroundWorkers.OssObjectTempCleanupBackgroundWorker] [12540] [63] - Lock is acquired for OssObjectTempCleanupBackgroundWorker
2024-10-23 07:43:29 [INF] [ZQH.Abp.OssManagement.OssObjectTempCleanupService] [12540] [63] - Start cleanup.
2024-10-23 07:43:29 [INF] [ZQH.Abp.OssManagement.OssObjectTempCleanupService] [12540] [63] - Start cleanup host temp objects.
2024-10-23 07:43:29 [INF] [ZQH.MicroService.PlatformManagement.BackgroundWorkers.OssObjectTempCleanupBackgroundWorker] [12540] [63] - Lock is released for OssObjectTempCleanupBackgroundWorker
2024-10-23 08:43:29 [INF] [ZQH.MicroService.PlatformManagement.BackgroundWorkers.OssObjectTempCleanupBackgroundWorker] [12540] [130] - Lock is acquired for OssObjectTempCleanupBackgroundWorker
2024-10-23 08:43:29 [INF] [ZQH.Abp.OssManagement.OssObjectTempCleanupService] [12540] [130] - Start cleanup.
2024-10-23 08:43:29 [INF] [ZQH.Abp.OssManagement.OssObjectTempCleanupService] [12540] [130] - Start cleanup host temp objects.
2024-10-23 08:43:29 [INF] [ZQH.MicroService.PlatformManagement.BackgroundWorkers.OssObjectTempCleanupBackgroundWorker] [12540] [129] - Lock is released for OssObjectTempCleanupBackgroundWorker
2024-10-23 09:43:29 [INF] [ZQH.MicroService.PlatformManagement.BackgroundWorkers.OssObjectTempCleanupBackgroundWorker] [12540] [77] - Lock is acquired for OssObjectTempCleanupBackgroundWorker
2024-10-23 09:43:29 [INF] [ZQH.Abp.OssManagement.OssObjectTempCleanupService] [12540] [77] - Start cleanup.
2024-10-23 09:43:29 [INF] [ZQH.Abp.OssManagement.OssObjectTempCleanupService] [12540] [77] - Start cleanup host temp objects.
2024-10-23 09:43:29 [INF] [ZQH.MicroService.PlatformManagement.BackgroundWorkers.OssObjectTempCleanupBackgroundWorker] [12540] [113] - Lock is released for OssObjectTempCleanupBackgroundWorker
2024-10-23 10:43:29 [INF] [ZQH.MicroService.PlatformManagement.BackgroundWorkers.OssObjectTempCleanupBackgroundWorker] [12540] [78] - Lock is acquired for OssObjectTempCleanupBackgroundWorker
2024-10-23 10:43:29 [INF] [ZQH.Abp.OssManagement.OssObjectTempCleanupService] [12540] [78] - Start cleanup.
2024-10-23 10:43:29 [INF] [ZQH.Abp.OssManagement.OssObjectTempCleanupService] [12540] [78] - Start cleanup host temp objects.
2024-10-23 10:43:29 [INF] [ZQH.MicroService.PlatformManagement.BackgroundWorkers.OssObjectTempCleanupBackgroundWorker] [12540] [78] - Lock is released for OssObjectTempCleanupBackgroundWorker
2024-10-23 13:25:38 [INF] [ZQH.MicroService.PlatformManagement.BackgroundWorkers.OssObjectTempCleanupBackgroundWorker] [12540] [87] - Lock is acquired for OssObjectTempCleanupBackgroundWorker
2024-10-23 13:25:38 [INF] [ZQH.Abp.OssManagement.OssObjectTempCleanupService] [12540] [87] - Start cleanup.
2024-10-23 13:25:38 [INF] [ZQH.Abp.OssManagement.OssObjectTempCleanupService] [12540] [87] - Start cleanup host temp objects.
2024-10-23 13:25:38 [INF] [ZQH.MicroService.PlatformManagement.BackgroundWorkers.OssObjectTempCleanupBackgroundWorker] [12540] [78] - Lock is released for OssObjectTempCleanupBackgroundWorker
2024-10-23 14:25:41 [INF] [ZQH.MicroService.PlatformManagement.BackgroundWorkers.OssObjectTempCleanupBackgroundWorker] [12540] [80] - Lock is acquired for OssObjectTempCleanupBackgroundWorker
2024-10-23 14:25:41 [INF] [ZQH.Abp.OssManagement.OssObjectTempCleanupService] [12540] [80] - Start cleanup.
2024-10-23 14:25:41 [INF] [ZQH.Abp.OssManagement.OssObjectTempCleanupService] [12540] [80] - Start cleanup host temp objects.
2024-10-23 14:25:41 [INF] [ZQH.MicroService.PlatformManagement.BackgroundWorkers.OssObjectTempCleanupBackgroundWorker] [12540] [81] - Lock is released for OssObjectTempCleanupBackgroundWorker
2024-10-23 21:30:12 [WRN] [DotNetCore.CAP.Internal.ConsumerRegister] [12540] [48] - RabbitMQ consumer cancelled. --> amq.ctag-xDK6PK9WyJs-CPUZvpChhw
2024-10-23 21:30:12 [WRN] [DotNetCore.CAP.Internal.ConsumerRegister] [12540] [48] - RabbitMQ consumer shutdown. --> Unexpected Exception: Unable to read data from the transport connection: 远程主机强迫关闭了一个现有的连接。.
2024-10-23 21:30:12 [WRN] [DotNetCore.CAP.Internal.ConsumerRegister] [12540] [48] - RabbitMQ consumer cancelled. --> amq.ctag-OdCOx9gXf7S5Pfffnc4lLQ
2024-10-23 21:30:13 [WRN] [DotNetCore.CAP.Internal.ConsumerRegister] [12540] [48] - RabbitMQ consumer shutdown. --> Unexpected Exception: Unable to read data from the transport connection: 远程主机强迫关闭了一个现有的连接。.
2024-10-23 21:30:17 [INF] [DotNetCore.CAP.Internal.ConsumerRegister] [12540] [48] - RabbitMQ consumer registered. --> amq.ctag-xDK6PK9WyJs-CPUZvpChhw
2024-10-23 21:30:18 [INF] [DotNetCore.CAP.Internal.ConsumerRegister] [12540] [110] - RabbitMQ consumer registered. --> amq.ctag-OdCOx9gXf7S5Pfffnc4lLQ
2024-10-23 21:40:15 [WRN] [DotNetCore.CAP.Internal.ConsumerRegister] [12540] [48] - RabbitMQ consumer cancelled. --> amq.ctag-xDK6PK9WyJs-CPUZvpChhw
2024-10-23 21:40:16 [WRN] [DotNetCore.CAP.Internal.ConsumerRegister] [12540] [48] - RabbitMQ consumer shutdown. --> Unexpected Exception: Unable to read data from the transport connection: 远程主机强迫关闭了一个现有的连接。.
2024-10-23 21:40:17 [WRN] [DotNetCore.CAP.Internal.ConsumerRegister] [12540] [48] - RabbitMQ consumer cancelled. --> amq.ctag-OdCOx9gXf7S5Pfffnc4lLQ
2024-10-23 21:40:19 [WRN] [DotNetCore.CAP.Internal.ConsumerRegister] [12540] [48] - RabbitMQ consumer shutdown. --> Unexpected Exception: Unable to read data from the transport connection: 远程主机强迫关闭了一个现有的连接。.
2024-10-23 21:40:20 [INF] [DotNetCore.CAP.Internal.ConsumerRegister] [12540] [10] - RabbitMQ consumer registered. --> amq.ctag-xDK6PK9WyJs-CPUZvpChhw
2024-10-23 21:40:20 [INF] [DotNetCore.CAP.Internal.ConsumerRegister] [12540] [97] - RabbitMQ consumer registered. --> amq.ctag-OdCOx9gXf7S5Pfffnc4lLQ
2024-10-23 22:28:25 [WRN] [DotNetCore.CAP.Internal.ConsumerRegister] [12540] [10] - RabbitMQ consumer cancelled. --> amq.ctag-xDK6PK9WyJs-CPUZvpChhw
2024-10-23 22:28:31 [INF] [DotNetCore.CAP.Internal.ConsumerRegister] [12540] [48] - RabbitMQ consumer registered. --> amq.ctag-xDK6PK9WyJs-CPUZvpChhw
2024-10-23 22:28:31 [INF] [DotNetCore.CAP.Internal.ConsumerRegister] [12540] [35] - RabbitMQ consumer registered. --> amq.ctag-OdCOx9gXf7S5Pfffnc4lLQ
2024-10-23 22:28:31 [WRN] [DotNetCore.CAP.Internal.ConsumerRegister] [12540] [10] - RabbitMQ consumer shutdown. --> Unexpected Exception: Unable to read data from the transport connection: 远程主机强迫关闭了一个现有的连接。.
2024-10-23 22:28:32 [WRN] [DotNetCore.CAP.Internal.ConsumerRegister] [12540] [10] - RabbitMQ consumer cancelled. --> amq.ctag-OdCOx9gXf7S5Pfffnc4lLQ
2024-10-23 22:28:33 [WRN] [DotNetCore.CAP.Internal.ConsumerRegister] [12540] [10] - RabbitMQ consumer shutdown. --> Unexpected Exception: Unable to read data from the transport connection: 远程主机强迫关闭了一个现有的连接。.
