2024-11-18 01:30:01 [INF] [ZQH.MicroService.PlatformManagement.BackgroundWorkers.OssObjectTempCleanupBackgroundWorker] [15700] [80] - Lock is acquired for OssObjectTempCleanupBackgroundWorker
2024-11-18 01:30:01 [INF] [ZQH.Abp.OssManagement.OssObjectTempCleanupService] [15700] [80] - Start cleanup.
2024-11-18 01:30:01 [INF] [ZQH.Abp.OssManagement.OssObjectTempCleanupService] [15700] [80] - Start cleanup host temp objects.
2024-11-18 01:30:01 [INF] [ZQH.MicroService.PlatformManagement.BackgroundWorkers.OssObjectTempCleanupBackgroundWorker] [15700] [111] - Lock is released for OssObjectTempCleanupBackgroundWorker
2024-11-18 02:30:01 [INF] [ZQH.MicroService.PlatformManagement.BackgroundWorkers.OssObjectTempCleanupBackgroundWorker] [15700] [78] - Lock is acquired for OssObjectTempCleanupBackgroundWorker
2024-11-18 02:30:01 [INF] [ZQH.Abp.OssManagement.OssObjectTempCleanupService] [15700] [78] - Start cleanup.
2024-11-18 02:30:01 [INF] [ZQH.Abp.OssManagement.OssObjectTempCleanupService] [15700] [78] - Start cleanup host temp objects.
2024-11-18 02:30:01 [INF] [ZQH.MicroService.PlatformManagement.BackgroundWorkers.OssObjectTempCleanupBackgroundWorker] [15700] [63] - Lock is released for OssObjectTempCleanupBackgroundWorker
2024-11-18 02:45:29 [WRN] [DotNetCore.CAP.Processor.MessageNeedToRetryProcessor] [15700] [37] - Get messages from storage failed. Retrying...
MySqlConnector.MySqlException (0x80004005): Unable to connect to any of the specified MySQL hosts.
   at MySqlConnector.MySqlConnection.OpenAsync(Nullable`1 ioBehavior, CancellationToken cancellationToken) in /_/src/MySqlConnector/MySqlConnection.cs:line 439
   at DotNetCore.CAP.MySql.DbConnectionExtensions.ExecuteReaderAsync[T](DbConnection connection, String sql, Func`2 readerFunc, DbTransaction transaction, Object[] sqlParams)
   at DotNetCore.CAP.MySql.MySqlDataStorage.GetMessagesOfNeedRetryAsync(String tableName, TimeSpan lookbackSeconds)
   at DotNetCore.CAP.MySql.MySqlDataStorage.GetMessagesOfNeedRetryAsync(String tableName, TimeSpan lookbackSeconds)
   at DotNetCore.CAP.Processor.MessageNeedToRetryProcessor.GetSafelyAsync[T](Func`2 getMessagesAsync, TimeSpan lookbackSeconds)
2024-11-18 06:09:09 [WRN] [DotNetCore.CAP.Internal.ConsumerRegister] [15700] [73] - RabbitMQ consumer cancelled. --> amq.ctag-oSHgqwMORZkGm8whkvPuMg
2024-11-18 06:09:09 [WRN] [DotNetCore.CAP.Internal.ConsumerRegister] [15700] [73] - RabbitMQ consumer shutdown. --> Unexpected Exception: Unable to read data from the transport connection: 远程主机强迫关闭了一个现有的连接。.
2024-11-18 06:09:09 [WRN] [DotNetCore.CAP.Internal.ConsumerRegister] [15700] [73] - RabbitMQ consumer cancelled. --> amq.ctag-3nqiqkJv2If_jpGPaMBXnQ
2024-11-18 06:09:09 [WRN] [DotNetCore.CAP.Internal.ConsumerRegister] [15700] [73] - RabbitMQ consumer shutdown. --> Unexpected Exception: Unable to read data from the transport connection: 远程主机强迫关闭了一个现有的连接。.
2024-11-18 06:09:14 [INF] [DotNetCore.CAP.Internal.ConsumerRegister] [15700] [99] - RabbitMQ consumer registered. --> amq.ctag-oSHgqwMORZkGm8whkvPuMg
2024-11-18 06:09:14 [INF] [DotNetCore.CAP.Internal.ConsumerRegister] [15700] [73] - RabbitMQ consumer registered. --> amq.ctag-3nqiqkJv2If_jpGPaMBXnQ
2024-11-18 06:49:26 [INF] [ZQH.MicroService.PlatformManagement.BackgroundWorkers.OssObjectTempCleanupBackgroundWorker] [15700] [155] - Lock is acquired for OssObjectTempCleanupBackgroundWorker
2024-11-18 06:49:26 [INF] [ZQH.Abp.OssManagement.OssObjectTempCleanupService] [15700] [155] - Start cleanup.
2024-11-18 06:49:26 [INF] [ZQH.Abp.OssManagement.OssObjectTempCleanupService] [15700] [155] - Start cleanup host temp objects.
2024-11-18 06:49:26 [INF] [ZQH.MicroService.PlatformManagement.BackgroundWorkers.OssObjectTempCleanupBackgroundWorker] [15700] [112] - Lock is released for OssObjectTempCleanupBackgroundWorker
2024-11-18 07:49:26 [INF] [ZQH.MicroService.PlatformManagement.BackgroundWorkers.OssObjectTempCleanupBackgroundWorker] [15700] [42] - Lock is acquired for OssObjectTempCleanupBackgroundWorker
2024-11-18 07:49:26 [INF] [ZQH.Abp.OssManagement.OssObjectTempCleanupService] [15700] [42] - Start cleanup.
2024-11-18 07:49:26 [INF] [ZQH.Abp.OssManagement.OssObjectTempCleanupService] [15700] [42] - Start cleanup host temp objects.
2024-11-18 07:49:26 [INF] [ZQH.MicroService.PlatformManagement.BackgroundWorkers.OssObjectTempCleanupBackgroundWorker] [15700] [144] - Lock is released for OssObjectTempCleanupBackgroundWorker
2024-11-18 08:49:26 [INF] [ZQH.MicroService.PlatformManagement.BackgroundWorkers.OssObjectTempCleanupBackgroundWorker] [15700] [90] - Lock is acquired for OssObjectTempCleanupBackgroundWorker
2024-11-18 08:49:26 [INF] [ZQH.Abp.OssManagement.OssObjectTempCleanupService] [15700] [90] - Start cleanup.
2024-11-18 08:49:26 [INF] [ZQH.Abp.OssManagement.OssObjectTempCleanupService] [15700] [90] - Start cleanup host temp objects.
2024-11-18 08:49:26 [INF] [ZQH.MicroService.PlatformManagement.BackgroundWorkers.OssObjectTempCleanupBackgroundWorker] [15700] [155] - Lock is released for OssObjectTempCleanupBackgroundWorker
2024-11-18 09:49:26 [INF] [ZQH.MicroService.PlatformManagement.BackgroundWorkers.OssObjectTempCleanupBackgroundWorker] [15700] [54] - Lock is acquired for OssObjectTempCleanupBackgroundWorker
2024-11-18 09:49:26 [INF] [ZQH.Abp.OssManagement.OssObjectTempCleanupService] [15700] [54] - Start cleanup.
2024-11-18 09:49:26 [INF] [ZQH.Abp.OssManagement.OssObjectTempCleanupService] [15700] [54] - Start cleanup host temp objects.
2024-11-18 09:49:26 [INF] [ZQH.MicroService.PlatformManagement.BackgroundWorkers.OssObjectTempCleanupBackgroundWorker] [15700] [97] - Lock is released for OssObjectTempCleanupBackgroundWorker
2024-11-18 10:49:26 [INF] [ZQH.MicroService.PlatformManagement.BackgroundWorkers.OssObjectTempCleanupBackgroundWorker] [15700] [104] - Lock is acquired for OssObjectTempCleanupBackgroundWorker
2024-11-18 10:49:26 [INF] [ZQH.Abp.OssManagement.OssObjectTempCleanupService] [15700] [104] - Start cleanup.
2024-11-18 10:49:26 [INF] [ZQH.Abp.OssManagement.OssObjectTempCleanupService] [15700] [104] - Start cleanup host temp objects.
2024-11-18 10:49:26 [INF] [ZQH.MicroService.PlatformManagement.BackgroundWorkers.OssObjectTempCleanupBackgroundWorker] [15700] [133] - Lock is released for OssObjectTempCleanupBackgroundWorker
2024-11-18 11:49:25 [INF] [ZQH.MicroService.PlatformManagement.BackgroundWorkers.OssObjectTempCleanupBackgroundWorker] [15700] [66] - Lock is acquired for OssObjectTempCleanupBackgroundWorker
2024-11-18 11:49:25 [INF] [ZQH.Abp.OssManagement.OssObjectTempCleanupService] [15700] [66] - Start cleanup.
2024-11-18 11:49:25 [INF] [ZQH.Abp.OssManagement.OssObjectTempCleanupService] [15700] [66] - Start cleanup host temp objects.
2024-11-18 11:49:25 [INF] [ZQH.MicroService.PlatformManagement.BackgroundWorkers.OssObjectTempCleanupBackgroundWorker] [15700] [153] - Lock is released for OssObjectTempCleanupBackgroundWorker
2024-11-18 12:49:25 [INF] [ZQH.MicroService.PlatformManagement.BackgroundWorkers.OssObjectTempCleanupBackgroundWorker] [15700] [65] - Lock is acquired for OssObjectTempCleanupBackgroundWorker
2024-11-18 12:49:25 [INF] [ZQH.Abp.OssManagement.OssObjectTempCleanupService] [15700] [65] - Start cleanup.
2024-11-18 12:49:25 [INF] [ZQH.Abp.OssManagement.OssObjectTempCleanupService] [15700] [65] - Start cleanup host temp objects.
2024-11-18 12:49:25 [INF] [ZQH.MicroService.PlatformManagement.BackgroundWorkers.OssObjectTempCleanupBackgroundWorker] [15700] [154] - Lock is released for OssObjectTempCleanupBackgroundWorker
2024-11-18 13:49:25 [INF] [ZQH.MicroService.PlatformManagement.BackgroundWorkers.OssObjectTempCleanupBackgroundWorker] [15700] [83] - Lock is acquired for OssObjectTempCleanupBackgroundWorker
2024-11-18 13:49:25 [INF] [ZQH.Abp.OssManagement.OssObjectTempCleanupService] [15700] [83] - Start cleanup.
2024-11-18 13:49:25 [INF] [ZQH.Abp.OssManagement.OssObjectTempCleanupService] [15700] [83] - Start cleanup host temp objects.
2024-11-18 13:49:25 [INF] [ZQH.MicroService.PlatformManagement.BackgroundWorkers.OssObjectTempCleanupBackgroundWorker] [15700] [83] - Lock is released for OssObjectTempCleanupBackgroundWorker
2024-11-18 16:49:49 [INF] [ZQH.MicroService.PlatformManagement.BackgroundWorkers.OssObjectTempCleanupBackgroundWorker] [15700] [164] - Lock is acquired for OssObjectTempCleanupBackgroundWorker
2024-11-18 16:49:49 [INF] [ZQH.Abp.OssManagement.OssObjectTempCleanupService] [15700] [164] - Start cleanup.
2024-11-18 16:49:49 [INF] [ZQH.Abp.OssManagement.OssObjectTempCleanupService] [15700] [164] - Start cleanup host temp objects.
2024-11-18 16:49:49 [INF] [ZQH.MicroService.PlatformManagement.BackgroundWorkers.OssObjectTempCleanupBackgroundWorker] [15700] [171] - Lock is released for OssObjectTempCleanupBackgroundWorker
2024-11-18 17:49:49 [INF] [ZQH.MicroService.PlatformManagement.BackgroundWorkers.OssObjectTempCleanupBackgroundWorker] [15700] [193] - Lock is acquired for OssObjectTempCleanupBackgroundWorker
2024-11-18 17:49:49 [INF] [ZQH.Abp.OssManagement.OssObjectTempCleanupService] [15700] [193] - Start cleanup.
2024-11-18 17:49:49 [INF] [ZQH.Abp.OssManagement.OssObjectTempCleanupService] [15700] [193] - Start cleanup host temp objects.
2024-11-18 17:49:49 [INF] [ZQH.MicroService.PlatformManagement.BackgroundWorkers.OssObjectTempCleanupBackgroundWorker] [15700] [190] - Lock is released for OssObjectTempCleanupBackgroundWorker
2024-11-18 19:12:07 [WRN] [DotNetCore.CAP.Internal.ConsumerRegister] [15700] [206] - RabbitMQ consumer cancelled. --> amq.ctag-oSHgqwMORZkGm8whkvPuMg
2024-11-18 19:12:07 [WRN] [DotNetCore.CAP.Internal.ConsumerRegister] [15700] [206] - RabbitMQ consumer shutdown. --> Unexpected Exception: Unable to read data from the transport connection: 远程主机强迫关闭了一个现有的连接。.
2024-11-18 19:12:07 [WRN] [DotNetCore.CAP.Internal.ConsumerRegister] [15700] [206] - RabbitMQ consumer cancelled. --> amq.ctag-3nqiqkJv2If_jpGPaMBXnQ
2024-11-18 19:12:07 [WRN] [DotNetCore.CAP.Internal.ConsumerRegister] [15700] [206] - RabbitMQ consumer shutdown. --> Unexpected Exception: Unable to read data from the transport connection: 远程主机强迫关闭了一个现有的连接。.
2024-11-18 19:12:07 [WRN] [DotNetCore.CAP.Processor.TransportCheckProcessor] [15700] [201] - Transport connection is unhealthy, reconnection...
2024-11-18 19:12:07 [INF] [DotNetCore.CAP.Internal.ConsumerRegister] [15700] [206] - RabbitMQ consumer registered. --> amq.ctag-qyhc4qt3PnUF5oI7OdwCaw
2024-11-18 19:12:07 [INF] [DotNetCore.CAP.Internal.ConsumerRegister] [15700] [201] - RabbitMQ consumer registered. --> amq.ctag-szUjYe73XKP8ODqKuOppCg
2024-11-18 19:59:28 [INF] [ZQH.MicroService.PlatformManagement.BackgroundWorkers.OssObjectTempCleanupBackgroundWorker] [15700] [214] - Lock is acquired for OssObjectTempCleanupBackgroundWorker
2024-11-18 19:59:28 [INF] [ZQH.Abp.OssManagement.OssObjectTempCleanupService] [15700] [214] - Start cleanup.
2024-11-18 19:59:28 [INF] [ZQH.Abp.OssManagement.OssObjectTempCleanupService] [15700] [214] - Start cleanup host temp objects.
2024-11-18 19:59:28 [INF] [ZQH.MicroService.PlatformManagement.BackgroundWorkers.OssObjectTempCleanupBackgroundWorker] [15700] [214] - Lock is released for OssObjectTempCleanupBackgroundWorker
