2024-10-28 18:51:57 [INF] [ZQH.MicroService.PlatformManagement.BackgroundWorkers.OssObjectTempCleanupBackgroundWorker] [15700] [48] - Lock is acquired for OssObjectTempCleanupBackgroundWorker
2024-10-28 18:51:57 [INF] [ZQH.Abp.OssManagement.OssObjectTempCleanupService] [15700] [48] - Start cleanup.
2024-10-28 18:51:57 [INF] [ZQH.Abp.OssManagement.OssObjectTempCleanupService] [15700] [48] - Start cleanup host temp objects.
2024-10-28 18:51:57 [INF] [ZQH.MicroService.PlatformManagement.BackgroundWorkers.OssObjectTempCleanupBackgroundWorker] [15700] [56] - Lock is released for OssObjectTempCleanupBackgroundWorker
2024-10-28 19:10:17 [WRN] [Microsoft.AspNetCore.Server.Kestrel] [15700] [23] - As of ""2024-10-28T11:10:16.5010010+00:00"", the heartbeat has been running for ""00:11:59.2759176"" which is longer than ""00:00:01"". This could be caused by thread pool starvation.
2024-10-28 19:20:36 [WRN] [Microsoft.AspNetCore.Http.ResponseCookies] [15700] [83] - The cookie 'XSRF-TOKEN' has set 'SameSite=None' and must also set 'Secure'.
2024-10-28 19:20:41 [WRN] [Microsoft.AspNetCore.Http.ResponseCookies] [15700] [114] - The cookie 'XSRF-TOKEN' has set 'SameSite=None' and must also set 'Secure'.
2024-10-28 19:20:45 [WRN] [Volo.Abp.AspNetCore.Mvc.AspNetCoreApiDescriptionModelProvider] [15700] [114] - Controller 'PrivateFiles' contains more than one action with name 'UploadAsyncByInput' for module 'oss-management'. Ignored: System.Threading.Tasks.Task UploadAsync(ZQH.Abp.OssManagement.UploadFileChunkInput)
2024-10-28 19:20:45 [WRN] [Volo.Abp.AspNetCore.Mvc.AspNetCoreApiDescriptionModelProvider] [15700] [114] - Controller 'PrivateFiles' contains more than one action with name 'GetAsyncByInput' for module 'oss-management'. Ignored: System.Threading.Tasks.Task`1[Volo.Abp.Content.IRemoteStreamContent] GetAsync(ZQH.Abp.OssManagement.GetPublicFileInput)
2024-10-28 19:20:45 [WRN] [Volo.Abp.AspNetCore.Mvc.AspNetCoreApiDescriptionModelProvider] [15700] [114] - Controller 'PrivateFiles' contains more than one action with name 'GetAsyncByInput' for module 'oss-management'. Ignored: System.Threading.Tasks.Task`1[Volo.Abp.Content.IRemoteStreamContent] GetAsync(ZQH.Abp.OssManagement.GetPublicFileInput)
2024-10-28 19:20:45 [WRN] [Volo.Abp.AspNetCore.Mvc.AspNetCoreApiDescriptionModelProvider] [15700] [114] - Controller 'PrivateFiles' contains more than one action with name 'GetAsyncByInput' for module 'oss-management'. Ignored: System.Threading.Tasks.Task`1[Volo.Abp.Content.IRemoteStreamContent] GetAsync(ZQH.Abp.OssManagement.GetPublicFileInput)
2024-10-28 19:20:45 [WRN] [Volo.Abp.AspNetCore.Mvc.AspNetCoreApiDescriptionModelProvider] [15700] [114] - Controller 'PrivateFiles' contains more than one action with name 'GetAsyncByInput' for module 'oss-management'. Ignored: System.Threading.Tasks.Task`1[Volo.Abp.Content.IRemoteStreamContent] GetAsync(ZQH.Abp.OssManagement.GetPublicFileInput)
2024-10-28 19:20:45 [WRN] [Volo.Abp.AspNetCore.Mvc.AspNetCoreApiDescriptionModelProvider] [15700] [114] - Controller 'PrivateFiles' contains more than one action with name 'GetAsyncByInput' for module 'oss-management'. Ignored: System.Threading.Tasks.Task`1[Volo.Abp.Content.IRemoteStreamContent] GetAsync(ZQH.Abp.OssManagement.GetPublicFileInput)
2024-10-28 19:20:45 [WRN] [Volo.Abp.AspNetCore.Mvc.AspNetCoreApiDescriptionModelProvider] [15700] [114] - Controller 'PrivateFiles' contains more than one action with name 'GetAsyncByInput' for module 'oss-management'. Ignored: System.Threading.Tasks.Task`1[Volo.Abp.Content.IRemoteStreamContent] GetAsync(ZQH.Abp.OssManagement.GetPublicFileInput)
2024-10-28 19:20:45 [WRN] [Volo.Abp.AspNetCore.Mvc.AspNetCoreApiDescriptionModelProvider] [15700] [114] - Controller 'PrivateFiles' contains more than one action with name 'GetAsyncByInput' for module 'oss-management'. Ignored: System.Threading.Tasks.Task`1[Volo.Abp.Content.IRemoteStreamContent] GetAsync(ZQH.Abp.OssManagement.GetPublicFileInput)
2024-10-28 19:20:45 [WRN] [Volo.Abp.AspNetCore.Mvc.AspNetCoreApiDescriptionModelProvider] [15700] [114] - Controller 'PublicFiles' contains more than one action with name 'UploadAsyncByInput' for module 'oss-management'. Ignored: System.Threading.Tasks.Task UploadAsync(ZQH.Abp.OssManagement.UploadFileChunkInput)
2024-10-28 19:20:45 [WRN] [Volo.Abp.AspNetCore.Mvc.AspNetCoreApiDescriptionModelProvider] [15700] [114] - Controller 'PublicFiles' contains more than one action with name 'GetAsyncByInput' for module 'oss-management'. Ignored: System.Threading.Tasks.Task`1[Volo.Abp.Content.IRemoteStreamContent] GetAsync(ZQH.Abp.OssManagement.GetPublicFileInput)
2024-10-28 19:20:45 [WRN] [Volo.Abp.AspNetCore.Mvc.AspNetCoreApiDescriptionModelProvider] [15700] [114] - Controller 'PublicFiles' contains more than one action with name 'GetAsyncByInput' for module 'oss-management'. Ignored: System.Threading.Tasks.Task`1[Volo.Abp.Content.IRemoteStreamContent] GetAsync(ZQH.Abp.OssManagement.GetPublicFileInput)
2024-10-28 19:20:45 [WRN] [Volo.Abp.AspNetCore.Mvc.AspNetCoreApiDescriptionModelProvider] [15700] [114] - Controller 'PublicFiles' contains more than one action with name 'GetAsyncByInput' for module 'oss-management'. Ignored: System.Threading.Tasks.Task`1[Volo.Abp.Content.IRemoteStreamContent] GetAsync(ZQH.Abp.OssManagement.GetPublicFileInput)
2024-10-28 19:20:45 [WRN] [Volo.Abp.AspNetCore.Mvc.AspNetCoreApiDescriptionModelProvider] [15700] [114] - Controller 'PublicFiles' contains more than one action with name 'GetAsyncByInput' for module 'oss-management'. Ignored: System.Threading.Tasks.Task`1[Volo.Abp.Content.IRemoteStreamContent] GetAsync(ZQH.Abp.OssManagement.GetPublicFileInput)
2024-10-28 19:20:45 [WRN] [Volo.Abp.AspNetCore.Mvc.AspNetCoreApiDescriptionModelProvider] [15700] [114] - Controller 'PublicFiles' contains more than one action with name 'GetAsyncByInput' for module 'oss-management'. Ignored: System.Threading.Tasks.Task`1[Volo.Abp.Content.IRemoteStreamContent] GetAsync(ZQH.Abp.OssManagement.GetPublicFileInput)
2024-10-28 19:20:45 [WRN] [Volo.Abp.AspNetCore.Mvc.AspNetCoreApiDescriptionModelProvider] [15700] [114] - Controller 'PublicFiles' contains more than one action with name 'GetAsyncByInput' for module 'oss-management'. Ignored: System.Threading.Tasks.Task`1[Volo.Abp.Content.IRemoteStreamContent] GetAsync(ZQH.Abp.OssManagement.GetPublicFileInput)
2024-10-28 19:20:45 [WRN] [Volo.Abp.AspNetCore.Mvc.AspNetCoreApiDescriptionModelProvider] [15700] [114] - Controller 'PublicFiles' contains more than one action with name 'GetAsyncByInput' for module 'oss-management'. Ignored: System.Threading.Tasks.Task`1[Volo.Abp.Content.IRemoteStreamContent] GetAsync(ZQH.Abp.OssManagement.GetPublicFileInput)
2024-10-28 19:20:45 [WRN] [Volo.Abp.AspNetCore.Mvc.AspNetCoreApiDescriptionModelProvider] [15700] [114] - Controller 'StaticFiles' contains more than one action with name 'GetAsyncByInput' for module 'oss-management'. Ignored: System.Threading.Tasks.Task`1[Volo.Abp.Content.IRemoteStreamContent] GetAsync(ZQH.Abp.OssManagement.GetStaticFileInput)
2024-10-28 19:20:45 [WRN] [Volo.Abp.AspNetCore.Mvc.AspNetCoreApiDescriptionModelProvider] [15700] [114] - Controller 'StaticFiles' contains more than one action with name 'GetAsyncByInput' for module 'oss-management'. Ignored: System.Threading.Tasks.Task`1[Volo.Abp.Content.IRemoteStreamContent] GetAsync(ZQH.Abp.OssManagement.GetStaticFileInput)
2024-10-28 19:20:45 [WRN] [Volo.Abp.AspNetCore.Mvc.AspNetCoreApiDescriptionModelProvider] [15700] [114] - Controller 'StaticFiles' contains more than one action with name 'GetAsyncByInput' for module 'oss-management'. Ignored: System.Threading.Tasks.Task`1[Volo.Abp.Content.IRemoteStreamContent] GetAsync(ZQH.Abp.OssManagement.GetStaticFileInput)
2024-10-28 19:20:45 [WRN] [Volo.Abp.AspNetCore.Mvc.AspNetCoreApiDescriptionModelProvider] [15700] [114] - Controller 'StaticFiles' contains more than one action with name 'GetAsyncByInput' for module 'oss-management'. Ignored: System.Threading.Tasks.Task`1[Volo.Abp.Content.IRemoteStreamContent] GetAsync(ZQH.Abp.OssManagement.GetStaticFileInput)
2024-10-28 19:20:45 [WRN] [Volo.Abp.AspNetCore.Mvc.AspNetCoreApiDescriptionModelProvider] [15700] [114] - Controller 'StaticFiles' contains more than one action with name 'GetAsyncByInput' for module 'oss-management'. Ignored: System.Threading.Tasks.Task`1[Volo.Abp.Content.IRemoteStreamContent] GetAsync(ZQH.Abp.OssManagement.GetStaticFileInput)
2024-10-28 19:20:45 [WRN] [Volo.Abp.AspNetCore.Mvc.AspNetCoreApiDescriptionModelProvider] [15700] [114] - Controller 'StaticFiles' contains more than one action with name 'GetAsyncByInput' for module 'oss-management'. Ignored: System.Threading.Tasks.Task`1[Volo.Abp.Content.IRemoteStreamContent] GetAsync(ZQH.Abp.OssManagement.GetStaticFileInput)
2024-10-28 19:20:45 [WRN] [Volo.Abp.AspNetCore.Mvc.AspNetCoreApiDescriptionModelProvider] [15700] [114] - Controller 'StaticFiles' contains more than one action with name 'GetAsyncByInput' for module 'oss-management'. Ignored: System.Threading.Tasks.Task`1[Volo.Abp.Content.IRemoteStreamContent] GetAsync(ZQH.Abp.OssManagement.GetStaticFileInput)
2024-10-28 19:20:45 [WRN] [Volo.Abp.AspNetCore.Mvc.AspNetCoreApiDescriptionModelProvider] [15700] [114] - Controller 'Package' contains more than one action with name 'GetLatestAsyncByInput' for module 'platform'. Ignored: System.Threading.Tasks.Task`1[ZQH.Platform.Packages.PackageDto] GetLatestAsync(ZQH.Platform.Packages.PackageGetLatestInput)
2024-10-28 19:21:01 [WRN] [Volo.Abp.AspNetCore.Mvc.ExceptionHandling.AbpExceptionFilter] [15700] [83] - ---------- RemoteServiceErrorInfo ----------
{
  "code": "Volo.Authorization:010001",
  "message": "授权失败！提供的策略尚未授予。",
  "details": null,
  "data": {},
  "validationErrors": null
}

2024-10-28 19:21:01 [WRN] [Volo.Abp.AspNetCore.Mvc.ExceptionHandling.AbpExceptionFilter] [15700] [83] - Exception of type 'Volo.Abp.Authorization.AbpAuthorizationException' was thrown.
Volo.Abp.Authorization.AbpAuthorizationException: Exception of type 'Volo.Abp.Authorization.AbpAuthorizationException' was thrown.
   at Microsoft.AspNetCore.Authorization.AbpAuthorizationServiceExtensions.CheckAsync(IAuthorizationService authorizationService, AuthorizationPolicy policy)
   at Volo.Abp.Authorization.MethodInvocationAuthorizationService.CheckAsync(MethodInvocationAuthorizationContext context)
   at Volo.Abp.Authorization.AuthorizationInterceptor.AuthorizeAsync(IAbpMethodInvocation invocation)
   at Volo.Abp.Authorization.AuthorizationInterceptor.InterceptAsync(IAbpMethodInvocation invocation)
   at Volo.Abp.Castle.DynamicProxy.CastleAsyncAbpInterceptorAdapter`1.InterceptAsync[TResult](IInvocation invocation, IInvocationProceedInfo proceedInfo, Func`3 proceed)
   at Castle.DynamicProxy.AsyncInterceptorBase.ProceedAsynchronous[TResult](IInvocation invocation, IInvocationProceedInfo proceedInfo)
   at Volo.Abp.Castle.DynamicProxy.CastleAbpMethodInvocationAdapterWithReturnValue`1.ProceedAsync()
   at Volo.Abp.Auditing.AuditingInterceptor.ProceedByLoggingAsync(IAbpMethodInvocation invocation, AbpAuditingOptions options, IAuditingHelper auditingHelper, IAuditLogScope auditLogScope)
   at Volo.Abp.Auditing.AuditingInterceptor.InterceptAsync(IAbpMethodInvocation invocation)
   at Volo.Abp.Castle.DynamicProxy.CastleAsyncAbpInterceptorAdapter`1.InterceptAsync[TResult](IInvocation invocation, IInvocationProceedInfo proceedInfo, Func`3 proceed)
   at Castle.DynamicProxy.AsyncInterceptorBase.ProceedAsynchronous[TResult](IInvocation invocation, IInvocationProceedInfo proceedInfo)
   at Volo.Abp.Castle.DynamicProxy.CastleAbpMethodInvocationAdapterWithReturnValue`1.ProceedAsync()
   at Volo.Abp.Uow.UnitOfWorkInterceptor.InterceptAsync(IAbpMethodInvocation invocation)
   at Volo.Abp.Castle.DynamicProxy.CastleAsyncAbpInterceptorAdapter`1.InterceptAsync[TResult](IInvocation invocation, IInvocationProceedInfo proceedInfo, Func`3 proceed)
   at ZQH.Platform.Menus.MenuController.GetCurrentUserMenuListAsync(GetMenuInput input) in E:\abp-vue\aspnet-core\modules\platform\ZQH.Platform.HttpApi\ZQH\Platform\Menus\MenuController.cs:line 31
   at lambda_method3145(Closure, Object)
   at Microsoft.AspNetCore.Mvc.Infrastructure.ActionMethodExecutor.AwaitableObjectResultExecutor.Execute(ActionContext actionContext, IActionResultTypeMapper mapper, ObjectMethodExecutor executor, Object controller, Object[] arguments)
   at Microsoft.AspNetCore.Mvc.Infrastructure.ControllerActionInvoker.<InvokeActionMethodAsync>g__Logged|12_1(ControllerActionInvoker invoker)
   at Microsoft.AspNetCore.Mvc.Infrastructure.ControllerActionInvoker.<InvokeNextActionFilterAsync>g__Awaited|10_0(ControllerActionInvoker invoker, Task lastTask, State next, Scope scope, Object state, Boolean isCompleted)
   at Microsoft.AspNetCore.Mvc.Infrastructure.ControllerActionInvoker.Rethrow(ActionExecutedContextSealed context)
   at Microsoft.AspNetCore.Mvc.Infrastructure.ControllerActionInvoker.Next(State& next, Scope& scope, Object& state, Boolean& isCompleted)
   at Microsoft.AspNetCore.Mvc.Infrastructure.ControllerActionInvoker.InvokeInnerFilterAsync()
--- End of stack trace from previous location ---
   at Microsoft.AspNetCore.Mvc.Infrastructure.ResourceInvoker.<InvokeNextExceptionFilterAsync>g__Awaited|26_0(ResourceInvoker invoker, Task lastTask, State next, Scope scope, Object state, Boolean isCompleted)
2024-10-28 19:21:01 [WRN] [Volo.Abp.AspNetCore.Mvc.ExceptionHandling.AbpExceptionFilter] [15700] [83] - Code:Volo.Authorization:010001
2024-10-28 19:58:38 [WRN] [Microsoft.AspNetCore.Http.ResponseCookies] [15700] [113] - The cookie 'XSRF-TOKEN' has set 'SameSite=None' and must also set 'Secure'.
2024-10-28 19:58:42 [WRN] [Volo.Abp.AspNetCore.Mvc.AspNetCoreApiDescriptionModelProvider] [15700] [40] - Controller 'PrivateFiles' contains more than one action with name 'UploadAsyncByInput' for module 'oss-management'. Ignored: System.Threading.Tasks.Task UploadAsync(ZQH.Abp.OssManagement.UploadFileChunkInput)
2024-10-28 19:58:42 [WRN] [Volo.Abp.AspNetCore.Mvc.AspNetCoreApiDescriptionModelProvider] [15700] [40] - Controller 'PrivateFiles' contains more than one action with name 'GetAsyncByInput' for module 'oss-management'. Ignored: System.Threading.Tasks.Task`1[Volo.Abp.Content.IRemoteStreamContent] GetAsync(ZQH.Abp.OssManagement.GetPublicFileInput)
2024-10-28 19:58:42 [WRN] [Volo.Abp.AspNetCore.Mvc.AspNetCoreApiDescriptionModelProvider] [15700] [40] - Controller 'PrivateFiles' contains more than one action with name 'GetAsyncByInput' for module 'oss-management'. Ignored: System.Threading.Tasks.Task`1[Volo.Abp.Content.IRemoteStreamContent] GetAsync(ZQH.Abp.OssManagement.GetPublicFileInput)
2024-10-28 19:58:42 [WRN] [Volo.Abp.AspNetCore.Mvc.AspNetCoreApiDescriptionModelProvider] [15700] [40] - Controller 'PrivateFiles' contains more than one action with name 'GetAsyncByInput' for module 'oss-management'. Ignored: System.Threading.Tasks.Task`1[Volo.Abp.Content.IRemoteStreamContent] GetAsync(ZQH.Abp.OssManagement.GetPublicFileInput)
2024-10-28 19:58:42 [WRN] [Volo.Abp.AspNetCore.Mvc.AspNetCoreApiDescriptionModelProvider] [15700] [40] - Controller 'PrivateFiles' contains more than one action with name 'GetAsyncByInput' for module 'oss-management'. Ignored: System.Threading.Tasks.Task`1[Volo.Abp.Content.IRemoteStreamContent] GetAsync(ZQH.Abp.OssManagement.GetPublicFileInput)
2024-10-28 19:58:42 [WRN] [Volo.Abp.AspNetCore.Mvc.AspNetCoreApiDescriptionModelProvider] [15700] [40] - Controller 'PrivateFiles' contains more than one action with name 'GetAsyncByInput' for module 'oss-management'. Ignored: System.Threading.Tasks.Task`1[Volo.Abp.Content.IRemoteStreamContent] GetAsync(ZQH.Abp.OssManagement.GetPublicFileInput)
2024-10-28 19:58:42 [WRN] [Volo.Abp.AspNetCore.Mvc.AspNetCoreApiDescriptionModelProvider] [15700] [40] - Controller 'PrivateFiles' contains more than one action with name 'GetAsyncByInput' for module 'oss-management'. Ignored: System.Threading.Tasks.Task`1[Volo.Abp.Content.IRemoteStreamContent] GetAsync(ZQH.Abp.OssManagement.GetPublicFileInput)
2024-10-28 19:58:42 [WRN] [Volo.Abp.AspNetCore.Mvc.AspNetCoreApiDescriptionModelProvider] [15700] [40] - Controller 'PrivateFiles' contains more than one action with name 'GetAsyncByInput' for module 'oss-management'. Ignored: System.Threading.Tasks.Task`1[Volo.Abp.Content.IRemoteStreamContent] GetAsync(ZQH.Abp.OssManagement.GetPublicFileInput)
2024-10-28 19:58:42 [WRN] [Volo.Abp.AspNetCore.Mvc.AspNetCoreApiDescriptionModelProvider] [15700] [40] - Controller 'PublicFiles' contains more than one action with name 'UploadAsyncByInput' for module 'oss-management'. Ignored: System.Threading.Tasks.Task UploadAsync(ZQH.Abp.OssManagement.UploadFileChunkInput)
2024-10-28 19:58:42 [WRN] [Volo.Abp.AspNetCore.Mvc.AspNetCoreApiDescriptionModelProvider] [15700] [40] - Controller 'PublicFiles' contains more than one action with name 'GetAsyncByInput' for module 'oss-management'. Ignored: System.Threading.Tasks.Task`1[Volo.Abp.Content.IRemoteStreamContent] GetAsync(ZQH.Abp.OssManagement.GetPublicFileInput)
2024-10-28 19:58:42 [WRN] [Volo.Abp.AspNetCore.Mvc.AspNetCoreApiDescriptionModelProvider] [15700] [40] - Controller 'PublicFiles' contains more than one action with name 'GetAsyncByInput' for module 'oss-management'. Ignored: System.Threading.Tasks.Task`1[Volo.Abp.Content.IRemoteStreamContent] GetAsync(ZQH.Abp.OssManagement.GetPublicFileInput)
2024-10-28 19:58:42 [WRN] [Volo.Abp.AspNetCore.Mvc.AspNetCoreApiDescriptionModelProvider] [15700] [40] - Controller 'PublicFiles' contains more than one action with name 'GetAsyncByInput' for module 'oss-management'. Ignored: System.Threading.Tasks.Task`1[Volo.Abp.Content.IRemoteStreamContent] GetAsync(ZQH.Abp.OssManagement.GetPublicFileInput)
2024-10-28 19:58:42 [WRN] [Volo.Abp.AspNetCore.Mvc.AspNetCoreApiDescriptionModelProvider] [15700] [40] - Controller 'PublicFiles' contains more than one action with name 'GetAsyncByInput' for module 'oss-management'. Ignored: System.Threading.Tasks.Task`1[Volo.Abp.Content.IRemoteStreamContent] GetAsync(ZQH.Abp.OssManagement.GetPublicFileInput)
2024-10-28 19:58:42 [WRN] [Volo.Abp.AspNetCore.Mvc.AspNetCoreApiDescriptionModelProvider] [15700] [40] - Controller 'PublicFiles' contains more than one action with name 'GetAsyncByInput' for module 'oss-management'. Ignored: System.Threading.Tasks.Task`1[Volo.Abp.Content.IRemoteStreamContent] GetAsync(ZQH.Abp.OssManagement.GetPublicFileInput)
2024-10-28 19:58:42 [WRN] [Volo.Abp.AspNetCore.Mvc.AspNetCoreApiDescriptionModelProvider] [15700] [40] - Controller 'PublicFiles' contains more than one action with name 'GetAsyncByInput' for module 'oss-management'. Ignored: System.Threading.Tasks.Task`1[Volo.Abp.Content.IRemoteStreamContent] GetAsync(ZQH.Abp.OssManagement.GetPublicFileInput)
2024-10-28 19:58:42 [WRN] [Volo.Abp.AspNetCore.Mvc.AspNetCoreApiDescriptionModelProvider] [15700] [40] - Controller 'PublicFiles' contains more than one action with name 'GetAsyncByInput' for module 'oss-management'. Ignored: System.Threading.Tasks.Task`1[Volo.Abp.Content.IRemoteStreamContent] GetAsync(ZQH.Abp.OssManagement.GetPublicFileInput)
2024-10-28 19:58:42 [WRN] [Volo.Abp.AspNetCore.Mvc.AspNetCoreApiDescriptionModelProvider] [15700] [40] - Controller 'StaticFiles' contains more than one action with name 'GetAsyncByInput' for module 'oss-management'. Ignored: System.Threading.Tasks.Task`1[Volo.Abp.Content.IRemoteStreamContent] GetAsync(ZQH.Abp.OssManagement.GetStaticFileInput)
2024-10-28 19:58:42 [WRN] [Volo.Abp.AspNetCore.Mvc.AspNetCoreApiDescriptionModelProvider] [15700] [40] - Controller 'StaticFiles' contains more than one action with name 'GetAsyncByInput' for module 'oss-management'. Ignored: System.Threading.Tasks.Task`1[Volo.Abp.Content.IRemoteStreamContent] GetAsync(ZQH.Abp.OssManagement.GetStaticFileInput)
2024-10-28 19:58:42 [WRN] [Volo.Abp.AspNetCore.Mvc.AspNetCoreApiDescriptionModelProvider] [15700] [40] - Controller 'StaticFiles' contains more than one action with name 'GetAsyncByInput' for module 'oss-management'. Ignored: System.Threading.Tasks.Task`1[Volo.Abp.Content.IRemoteStreamContent] GetAsync(ZQH.Abp.OssManagement.GetStaticFileInput)
2024-10-28 19:58:42 [WRN] [Volo.Abp.AspNetCore.Mvc.AspNetCoreApiDescriptionModelProvider] [15700] [40] - Controller 'StaticFiles' contains more than one action with name 'GetAsyncByInput' for module 'oss-management'. Ignored: System.Threading.Tasks.Task`1[Volo.Abp.Content.IRemoteStreamContent] GetAsync(ZQH.Abp.OssManagement.GetStaticFileInput)
2024-10-28 19:58:42 [WRN] [Volo.Abp.AspNetCore.Mvc.AspNetCoreApiDescriptionModelProvider] [15700] [40] - Controller 'StaticFiles' contains more than one action with name 'GetAsyncByInput' for module 'oss-management'. Ignored: System.Threading.Tasks.Task`1[Volo.Abp.Content.IRemoteStreamContent] GetAsync(ZQH.Abp.OssManagement.GetStaticFileInput)
2024-10-28 19:58:42 [WRN] [Volo.Abp.AspNetCore.Mvc.AspNetCoreApiDescriptionModelProvider] [15700] [40] - Controller 'StaticFiles' contains more than one action with name 'GetAsyncByInput' for module 'oss-management'. Ignored: System.Threading.Tasks.Task`1[Volo.Abp.Content.IRemoteStreamContent] GetAsync(ZQH.Abp.OssManagement.GetStaticFileInput)
2024-10-28 19:58:42 [WRN] [Volo.Abp.AspNetCore.Mvc.AspNetCoreApiDescriptionModelProvider] [15700] [40] - Controller 'StaticFiles' contains more than one action with name 'GetAsyncByInput' for module 'oss-management'. Ignored: System.Threading.Tasks.Task`1[Volo.Abp.Content.IRemoteStreamContent] GetAsync(ZQH.Abp.OssManagement.GetStaticFileInput)
2024-10-28 19:58:42 [WRN] [Volo.Abp.AspNetCore.Mvc.AspNetCoreApiDescriptionModelProvider] [15700] [40] - Controller 'Package' contains more than one action with name 'GetLatestAsyncByInput' for module 'platform'. Ignored: System.Threading.Tasks.Task`1[ZQH.Platform.Packages.PackageDto] GetLatestAsync(ZQH.Platform.Packages.PackageGetLatestInput)
2024-10-28 20:13:45 [INF] [ZQH.MicroService.PlatformManagement.BackgroundWorkers.OssObjectTempCleanupBackgroundWorker] [15700] [103] - Lock is acquired for OssObjectTempCleanupBackgroundWorker
2024-10-28 20:13:45 [INF] [ZQH.Abp.OssManagement.OssObjectTempCleanupService] [15700] [103] - Start cleanup.
2024-10-28 20:13:45 [INF] [ZQH.Abp.OssManagement.OssObjectTempCleanupService] [15700] [103] - Start cleanup host temp objects.
2024-10-28 20:13:45 [INF] [ZQH.MicroService.PlatformManagement.BackgroundWorkers.OssObjectTempCleanupBackgroundWorker] [15700] [49] - Lock is released for OssObjectTempCleanupBackgroundWorker
2024-10-28 20:58:39 [WRN] [Microsoft.AspNetCore.Http.ResponseCookies] [15700] [101] - The cookie 'XSRF-TOKEN' has set 'SameSite=None' and must also set 'Secure'.
2024-10-28 20:58:44 [WRN] [Volo.Abp.AspNetCore.Mvc.AspNetCoreApiDescriptionModelProvider] [15700] [65] - Controller 'PrivateFiles' contains more than one action with name 'UploadAsyncByInput' for module 'oss-management'. Ignored: System.Threading.Tasks.Task UploadAsync(ZQH.Abp.OssManagement.UploadFileChunkInput)
2024-10-28 20:58:44 [WRN] [Volo.Abp.AspNetCore.Mvc.AspNetCoreApiDescriptionModelProvider] [15700] [65] - Controller 'PrivateFiles' contains more than one action with name 'GetAsyncByInput' for module 'oss-management'. Ignored: System.Threading.Tasks.Task`1[Volo.Abp.Content.IRemoteStreamContent] GetAsync(ZQH.Abp.OssManagement.GetPublicFileInput)
2024-10-28 20:58:44 [WRN] [Volo.Abp.AspNetCore.Mvc.AspNetCoreApiDescriptionModelProvider] [15700] [65] - Controller 'PrivateFiles' contains more than one action with name 'GetAsyncByInput' for module 'oss-management'. Ignored: System.Threading.Tasks.Task`1[Volo.Abp.Content.IRemoteStreamContent] GetAsync(ZQH.Abp.OssManagement.GetPublicFileInput)
2024-10-28 20:58:44 [WRN] [Volo.Abp.AspNetCore.Mvc.AspNetCoreApiDescriptionModelProvider] [15700] [65] - Controller 'PrivateFiles' contains more than one action with name 'GetAsyncByInput' for module 'oss-management'. Ignored: System.Threading.Tasks.Task`1[Volo.Abp.Content.IRemoteStreamContent] GetAsync(ZQH.Abp.OssManagement.GetPublicFileInput)
2024-10-28 20:58:44 [WRN] [Volo.Abp.AspNetCore.Mvc.AspNetCoreApiDescriptionModelProvider] [15700] [65] - Controller 'PrivateFiles' contains more than one action with name 'GetAsyncByInput' for module 'oss-management'. Ignored: System.Threading.Tasks.Task`1[Volo.Abp.Content.IRemoteStreamContent] GetAsync(ZQH.Abp.OssManagement.GetPublicFileInput)
2024-10-28 20:58:44 [WRN] [Volo.Abp.AspNetCore.Mvc.AspNetCoreApiDescriptionModelProvider] [15700] [65] - Controller 'PrivateFiles' contains more than one action with name 'GetAsyncByInput' for module 'oss-management'. Ignored: System.Threading.Tasks.Task`1[Volo.Abp.Content.IRemoteStreamContent] GetAsync(ZQH.Abp.OssManagement.GetPublicFileInput)
2024-10-28 20:58:44 [WRN] [Volo.Abp.AspNetCore.Mvc.AspNetCoreApiDescriptionModelProvider] [15700] [65] - Controller 'PrivateFiles' contains more than one action with name 'GetAsyncByInput' for module 'oss-management'. Ignored: System.Threading.Tasks.Task`1[Volo.Abp.Content.IRemoteStreamContent] GetAsync(ZQH.Abp.OssManagement.GetPublicFileInput)
2024-10-28 20:58:44 [WRN] [Volo.Abp.AspNetCore.Mvc.AspNetCoreApiDescriptionModelProvider] [15700] [65] - Controller 'PrivateFiles' contains more than one action with name 'GetAsyncByInput' for module 'oss-management'. Ignored: System.Threading.Tasks.Task`1[Volo.Abp.Content.IRemoteStreamContent] GetAsync(ZQH.Abp.OssManagement.GetPublicFileInput)
2024-10-28 20:58:44 [WRN] [Volo.Abp.AspNetCore.Mvc.AspNetCoreApiDescriptionModelProvider] [15700] [65] - Controller 'PublicFiles' contains more than one action with name 'UploadAsyncByInput' for module 'oss-management'. Ignored: System.Threading.Tasks.Task UploadAsync(ZQH.Abp.OssManagement.UploadFileChunkInput)
2024-10-28 20:58:44 [WRN] [Volo.Abp.AspNetCore.Mvc.AspNetCoreApiDescriptionModelProvider] [15700] [65] - Controller 'PublicFiles' contains more than one action with name 'GetAsyncByInput' for module 'oss-management'. Ignored: System.Threading.Tasks.Task`1[Volo.Abp.Content.IRemoteStreamContent] GetAsync(ZQH.Abp.OssManagement.GetPublicFileInput)
2024-10-28 20:58:44 [WRN] [Volo.Abp.AspNetCore.Mvc.AspNetCoreApiDescriptionModelProvider] [15700] [65] - Controller 'PublicFiles' contains more than one action with name 'GetAsyncByInput' for module 'oss-management'. Ignored: System.Threading.Tasks.Task`1[Volo.Abp.Content.IRemoteStreamContent] GetAsync(ZQH.Abp.OssManagement.GetPublicFileInput)
2024-10-28 20:58:44 [WRN] [Volo.Abp.AspNetCore.Mvc.AspNetCoreApiDescriptionModelProvider] [15700] [65] - Controller 'PublicFiles' contains more than one action with name 'GetAsyncByInput' for module 'oss-management'. Ignored: System.Threading.Tasks.Task`1[Volo.Abp.Content.IRemoteStreamContent] GetAsync(ZQH.Abp.OssManagement.GetPublicFileInput)
2024-10-28 20:58:44 [WRN] [Volo.Abp.AspNetCore.Mvc.AspNetCoreApiDescriptionModelProvider] [15700] [65] - Controller 'PublicFiles' contains more than one action with name 'GetAsyncByInput' for module 'oss-management'. Ignored: System.Threading.Tasks.Task`1[Volo.Abp.Content.IRemoteStreamContent] GetAsync(ZQH.Abp.OssManagement.GetPublicFileInput)
2024-10-28 20:58:44 [WRN] [Volo.Abp.AspNetCore.Mvc.AspNetCoreApiDescriptionModelProvider] [15700] [65] - Controller 'PublicFiles' contains more than one action with name 'GetAsyncByInput' for module 'oss-management'. Ignored: System.Threading.Tasks.Task`1[Volo.Abp.Content.IRemoteStreamContent] GetAsync(ZQH.Abp.OssManagement.GetPublicFileInput)
2024-10-28 20:58:44 [WRN] [Volo.Abp.AspNetCore.Mvc.AspNetCoreApiDescriptionModelProvider] [15700] [65] - Controller 'PublicFiles' contains more than one action with name 'GetAsyncByInput' for module 'oss-management'. Ignored: System.Threading.Tasks.Task`1[Volo.Abp.Content.IRemoteStreamContent] GetAsync(ZQH.Abp.OssManagement.GetPublicFileInput)
2024-10-28 20:58:44 [WRN] [Volo.Abp.AspNetCore.Mvc.AspNetCoreApiDescriptionModelProvider] [15700] [65] - Controller 'PublicFiles' contains more than one action with name 'GetAsyncByInput' for module 'oss-management'. Ignored: System.Threading.Tasks.Task`1[Volo.Abp.Content.IRemoteStreamContent] GetAsync(ZQH.Abp.OssManagement.GetPublicFileInput)
2024-10-28 20:58:44 [WRN] [Volo.Abp.AspNetCore.Mvc.AspNetCoreApiDescriptionModelProvider] [15700] [65] - Controller 'StaticFiles' contains more than one action with name 'GetAsyncByInput' for module 'oss-management'. Ignored: System.Threading.Tasks.Task`1[Volo.Abp.Content.IRemoteStreamContent] GetAsync(ZQH.Abp.OssManagement.GetStaticFileInput)
2024-10-28 20:58:44 [WRN] [Volo.Abp.AspNetCore.Mvc.AspNetCoreApiDescriptionModelProvider] [15700] [65] - Controller 'StaticFiles' contains more than one action with name 'GetAsyncByInput' for module 'oss-management'. Ignored: System.Threading.Tasks.Task`1[Volo.Abp.Content.IRemoteStreamContent] GetAsync(ZQH.Abp.OssManagement.GetStaticFileInput)
2024-10-28 20:58:44 [WRN] [Volo.Abp.AspNetCore.Mvc.AspNetCoreApiDescriptionModelProvider] [15700] [65] - Controller 'StaticFiles' contains more than one action with name 'GetAsyncByInput' for module 'oss-management'. Ignored: System.Threading.Tasks.Task`1[Volo.Abp.Content.IRemoteStreamContent] GetAsync(ZQH.Abp.OssManagement.GetStaticFileInput)
2024-10-28 20:58:44 [WRN] [Volo.Abp.AspNetCore.Mvc.AspNetCoreApiDescriptionModelProvider] [15700] [65] - Controller 'StaticFiles' contains more than one action with name 'GetAsyncByInput' for module 'oss-management'. Ignored: System.Threading.Tasks.Task`1[Volo.Abp.Content.IRemoteStreamContent] GetAsync(ZQH.Abp.OssManagement.GetStaticFileInput)
2024-10-28 20:58:44 [WRN] [Volo.Abp.AspNetCore.Mvc.AspNetCoreApiDescriptionModelProvider] [15700] [65] - Controller 'StaticFiles' contains more than one action with name 'GetAsyncByInput' for module 'oss-management'. Ignored: System.Threading.Tasks.Task`1[Volo.Abp.Content.IRemoteStreamContent] GetAsync(ZQH.Abp.OssManagement.GetStaticFileInput)
2024-10-28 20:58:44 [WRN] [Volo.Abp.AspNetCore.Mvc.AspNetCoreApiDescriptionModelProvider] [15700] [65] - Controller 'StaticFiles' contains more than one action with name 'GetAsyncByInput' for module 'oss-management'. Ignored: System.Threading.Tasks.Task`1[Volo.Abp.Content.IRemoteStreamContent] GetAsync(ZQH.Abp.OssManagement.GetStaticFileInput)
2024-10-28 20:58:44 [WRN] [Volo.Abp.AspNetCore.Mvc.AspNetCoreApiDescriptionModelProvider] [15700] [65] - Controller 'StaticFiles' contains more than one action with name 'GetAsyncByInput' for module 'oss-management'. Ignored: System.Threading.Tasks.Task`1[Volo.Abp.Content.IRemoteStreamContent] GetAsync(ZQH.Abp.OssManagement.GetStaticFileInput)
2024-10-28 20:58:44 [WRN] [Volo.Abp.AspNetCore.Mvc.AspNetCoreApiDescriptionModelProvider] [15700] [65] - Controller 'Package' contains more than one action with name 'GetLatestAsyncByInput' for module 'platform'. Ignored: System.Threading.Tasks.Task`1[ZQH.Platform.Packages.PackageDto] GetLatestAsync(ZQH.Platform.Packages.PackageGetLatestInput)
2024-10-28 21:00:11 [WRN] [Microsoft.AspNetCore.Http.ResponseCookies] [15700] [60] - The cookie 'XSRF-TOKEN' has set 'SameSite=None' and must also set 'Secure'.
2024-10-28 21:00:13 [WRN] [Volo.Abp.AspNetCore.Mvc.AspNetCoreApiDescriptionModelProvider] [15700] [102] - Controller 'PrivateFiles' contains more than one action with name 'UploadAsyncByInput' for module 'oss-management'. Ignored: System.Threading.Tasks.Task UploadAsync(ZQH.Abp.OssManagement.UploadFileChunkInput)
2024-10-28 21:00:14 [WRN] [Volo.Abp.AspNetCore.Mvc.AspNetCoreApiDescriptionModelProvider] [15700] [102] - Controller 'PrivateFiles' contains more than one action with name 'GetAsyncByInput' for module 'oss-management'. Ignored: System.Threading.Tasks.Task`1[Volo.Abp.Content.IRemoteStreamContent] GetAsync(ZQH.Abp.OssManagement.GetPublicFileInput)
2024-10-28 21:00:14 [WRN] [Volo.Abp.AspNetCore.Mvc.AspNetCoreApiDescriptionModelProvider] [15700] [102] - Controller 'PrivateFiles' contains more than one action with name 'GetAsyncByInput' for module 'oss-management'. Ignored: System.Threading.Tasks.Task`1[Volo.Abp.Content.IRemoteStreamContent] GetAsync(ZQH.Abp.OssManagement.GetPublicFileInput)
2024-10-28 21:00:14 [WRN] [Volo.Abp.AspNetCore.Mvc.AspNetCoreApiDescriptionModelProvider] [15700] [102] - Controller 'PrivateFiles' contains more than one action with name 'GetAsyncByInput' for module 'oss-management'. Ignored: System.Threading.Tasks.Task`1[Volo.Abp.Content.IRemoteStreamContent] GetAsync(ZQH.Abp.OssManagement.GetPublicFileInput)
2024-10-28 21:00:14 [WRN] [Volo.Abp.AspNetCore.Mvc.AspNetCoreApiDescriptionModelProvider] [15700] [102] - Controller 'PrivateFiles' contains more than one action with name 'GetAsyncByInput' for module 'oss-management'. Ignored: System.Threading.Tasks.Task`1[Volo.Abp.Content.IRemoteStreamContent] GetAsync(ZQH.Abp.OssManagement.GetPublicFileInput)
2024-10-28 21:00:14 [WRN] [Volo.Abp.AspNetCore.Mvc.AspNetCoreApiDescriptionModelProvider] [15700] [102] - Controller 'PrivateFiles' contains more than one action with name 'GetAsyncByInput' for module 'oss-management'. Ignored: System.Threading.Tasks.Task`1[Volo.Abp.Content.IRemoteStreamContent] GetAsync(ZQH.Abp.OssManagement.GetPublicFileInput)
2024-10-28 21:00:14 [WRN] [Volo.Abp.AspNetCore.Mvc.AspNetCoreApiDescriptionModelProvider] [15700] [102] - Controller 'PrivateFiles' contains more than one action with name 'GetAsyncByInput' for module 'oss-management'. Ignored: System.Threading.Tasks.Task`1[Volo.Abp.Content.IRemoteStreamContent] GetAsync(ZQH.Abp.OssManagement.GetPublicFileInput)
2024-10-28 21:00:14 [WRN] [Volo.Abp.AspNetCore.Mvc.AspNetCoreApiDescriptionModelProvider] [15700] [102] - Controller 'PrivateFiles' contains more than one action with name 'GetAsyncByInput' for module 'oss-management'. Ignored: System.Threading.Tasks.Task`1[Volo.Abp.Content.IRemoteStreamContent] GetAsync(ZQH.Abp.OssManagement.GetPublicFileInput)
2024-10-28 21:00:14 [WRN] [Volo.Abp.AspNetCore.Mvc.AspNetCoreApiDescriptionModelProvider] [15700] [102] - Controller 'PublicFiles' contains more than one action with name 'UploadAsyncByInput' for module 'oss-management'. Ignored: System.Threading.Tasks.Task UploadAsync(ZQH.Abp.OssManagement.UploadFileChunkInput)
2024-10-28 21:00:14 [WRN] [Volo.Abp.AspNetCore.Mvc.AspNetCoreApiDescriptionModelProvider] [15700] [102] - Controller 'PublicFiles' contains more than one action with name 'GetAsyncByInput' for module 'oss-management'. Ignored: System.Threading.Tasks.Task`1[Volo.Abp.Content.IRemoteStreamContent] GetAsync(ZQH.Abp.OssManagement.GetPublicFileInput)
2024-10-28 21:00:14 [WRN] [Volo.Abp.AspNetCore.Mvc.AspNetCoreApiDescriptionModelProvider] [15700] [102] - Controller 'PublicFiles' contains more than one action with name 'GetAsyncByInput' for module 'oss-management'. Ignored: System.Threading.Tasks.Task`1[Volo.Abp.Content.IRemoteStreamContent] GetAsync(ZQH.Abp.OssManagement.GetPublicFileInput)
2024-10-28 21:00:14 [WRN] [Volo.Abp.AspNetCore.Mvc.AspNetCoreApiDescriptionModelProvider] [15700] [102] - Controller 'PublicFiles' contains more than one action with name 'GetAsyncByInput' for module 'oss-management'. Ignored: System.Threading.Tasks.Task`1[Volo.Abp.Content.IRemoteStreamContent] GetAsync(ZQH.Abp.OssManagement.GetPublicFileInput)
2024-10-28 21:00:14 [WRN] [Volo.Abp.AspNetCore.Mvc.AspNetCoreApiDescriptionModelProvider] [15700] [102] - Controller 'PublicFiles' contains more than one action with name 'GetAsyncByInput' for module 'oss-management'. Ignored: System.Threading.Tasks.Task`1[Volo.Abp.Content.IRemoteStreamContent] GetAsync(ZQH.Abp.OssManagement.GetPublicFileInput)
2024-10-28 21:00:14 [WRN] [Volo.Abp.AspNetCore.Mvc.AspNetCoreApiDescriptionModelProvider] [15700] [102] - Controller 'PublicFiles' contains more than one action with name 'GetAsyncByInput' for module 'oss-management'. Ignored: System.Threading.Tasks.Task`1[Volo.Abp.Content.IRemoteStreamContent] GetAsync(ZQH.Abp.OssManagement.GetPublicFileInput)
2024-10-28 21:00:14 [WRN] [Volo.Abp.AspNetCore.Mvc.AspNetCoreApiDescriptionModelProvider] [15700] [102] - Controller 'PublicFiles' contains more than one action with name 'GetAsyncByInput' for module 'oss-management'. Ignored: System.Threading.Tasks.Task`1[Volo.Abp.Content.IRemoteStreamContent] GetAsync(ZQH.Abp.OssManagement.GetPublicFileInput)
2024-10-28 21:00:14 [WRN] [Volo.Abp.AspNetCore.Mvc.AspNetCoreApiDescriptionModelProvider] [15700] [102] - Controller 'PublicFiles' contains more than one action with name 'GetAsyncByInput' for module 'oss-management'. Ignored: System.Threading.Tasks.Task`1[Volo.Abp.Content.IRemoteStreamContent] GetAsync(ZQH.Abp.OssManagement.GetPublicFileInput)
2024-10-28 21:00:14 [WRN] [Volo.Abp.AspNetCore.Mvc.AspNetCoreApiDescriptionModelProvider] [15700] [102] - Controller 'StaticFiles' contains more than one action with name 'GetAsyncByInput' for module 'oss-management'. Ignored: System.Threading.Tasks.Task`1[Volo.Abp.Content.IRemoteStreamContent] GetAsync(ZQH.Abp.OssManagement.GetStaticFileInput)
2024-10-28 21:00:14 [WRN] [Volo.Abp.AspNetCore.Mvc.AspNetCoreApiDescriptionModelProvider] [15700] [102] - Controller 'StaticFiles' contains more than one action with name 'GetAsyncByInput' for module 'oss-management'. Ignored: System.Threading.Tasks.Task`1[Volo.Abp.Content.IRemoteStreamContent] GetAsync(ZQH.Abp.OssManagement.GetStaticFileInput)
2024-10-28 21:00:14 [WRN] [Volo.Abp.AspNetCore.Mvc.AspNetCoreApiDescriptionModelProvider] [15700] [102] - Controller 'StaticFiles' contains more than one action with name 'GetAsyncByInput' for module 'oss-management'. Ignored: System.Threading.Tasks.Task`1[Volo.Abp.Content.IRemoteStreamContent] GetAsync(ZQH.Abp.OssManagement.GetStaticFileInput)
2024-10-28 21:00:14 [WRN] [Volo.Abp.AspNetCore.Mvc.AspNetCoreApiDescriptionModelProvider] [15700] [102] - Controller 'StaticFiles' contains more than one action with name 'GetAsyncByInput' for module 'oss-management'. Ignored: System.Threading.Tasks.Task`1[Volo.Abp.Content.IRemoteStreamContent] GetAsync(ZQH.Abp.OssManagement.GetStaticFileInput)
2024-10-28 21:00:14 [WRN] [Volo.Abp.AspNetCore.Mvc.AspNetCoreApiDescriptionModelProvider] [15700] [102] - Controller 'StaticFiles' contains more than one action with name 'GetAsyncByInput' for module 'oss-management'. Ignored: System.Threading.Tasks.Task`1[Volo.Abp.Content.IRemoteStreamContent] GetAsync(ZQH.Abp.OssManagement.GetStaticFileInput)
2024-10-28 21:00:14 [WRN] [Volo.Abp.AspNetCore.Mvc.AspNetCoreApiDescriptionModelProvider] [15700] [102] - Controller 'StaticFiles' contains more than one action with name 'GetAsyncByInput' for module 'oss-management'. Ignored: System.Threading.Tasks.Task`1[Volo.Abp.Content.IRemoteStreamContent] GetAsync(ZQH.Abp.OssManagement.GetStaticFileInput)
2024-10-28 21:00:14 [WRN] [Volo.Abp.AspNetCore.Mvc.AspNetCoreApiDescriptionModelProvider] [15700] [102] - Controller 'StaticFiles' contains more than one action with name 'GetAsyncByInput' for module 'oss-management'. Ignored: System.Threading.Tasks.Task`1[Volo.Abp.Content.IRemoteStreamContent] GetAsync(ZQH.Abp.OssManagement.GetStaticFileInput)
2024-10-28 21:00:14 [WRN] [Volo.Abp.AspNetCore.Mvc.AspNetCoreApiDescriptionModelProvider] [15700] [102] - Controller 'Package' contains more than one action with name 'GetLatestAsyncByInput' for module 'platform'. Ignored: System.Threading.Tasks.Task`1[ZQH.Platform.Packages.PackageDto] GetLatestAsync(ZQH.Platform.Packages.PackageGetLatestInput)
2024-10-28 21:13:32 [WRN] [DotNetCore.CAP.Internal.ConsumerRegister] [15700] [100] - RabbitMQ consumer cancelled. --> amq.ctag-vim6RA52HOsSd-xLrCO_7w
2024-10-28 21:13:32 [WRN] [DotNetCore.CAP.Internal.ConsumerRegister] [15700] [100] - RabbitMQ consumer shutdown. --> Unexpected Exception: Unable to read data from the transport connection: 远程主机强迫关闭了一个现有的连接。.
2024-10-28 21:13:34 [WRN] [DotNetCore.CAP.Internal.ConsumerRegister] [15700] [102] - RabbitMQ consumer cancelled. --> amq.ctag-BflLwbOf8JdrFZSIujmK0Q
2024-10-28 21:13:35 [WRN] [DotNetCore.CAP.Processor.TransportCheckProcessor] [15700] [59] - Transport connection is unhealthy, reconnection...
2024-10-28 21:13:35 [WRN] [DotNetCore.CAP.Internal.ConsumerRegister] [15700] [102] - RabbitMQ consumer shutdown. --> Unexpected Exception: Unable to read data from the transport connection: 远程主机强迫关闭了一个现有的连接。.
2024-10-28 21:13:35 [INF] [DotNetCore.CAP.Internal.ConsumerRegister] [15700] [56] - RabbitMQ consumer registered. --> amq.ctag-JeIB7QQXeXT2JzyVdee9rg
2024-10-28 21:13:35 [INF] [DotNetCore.CAP.Internal.ConsumerRegister] [15700] [59] - RabbitMQ consumer registered. --> amq.ctag-wzZdR6-1v5jGwBY6dCqJ_w
2024-10-28 21:13:49 [WRN] [Microsoft.AspNetCore.Http.ResponseCookies] [15700] [102] - The cookie 'XSRF-TOKEN' has set 'SameSite=None' and must also set 'Secure'.
2024-10-28 21:13:51 [WRN] [Volo.Abp.AspNetCore.Mvc.AspNetCoreApiDescriptionModelProvider] [15700] [102] - Controller 'PrivateFiles' contains more than one action with name 'UploadAsyncByInput' for module 'oss-management'. Ignored: System.Threading.Tasks.Task UploadAsync(ZQH.Abp.OssManagement.UploadFileChunkInput)
2024-10-28 21:13:51 [WRN] [Volo.Abp.AspNetCore.Mvc.AspNetCoreApiDescriptionModelProvider] [15700] [102] - Controller 'PrivateFiles' contains more than one action with name 'GetAsyncByInput' for module 'oss-management'. Ignored: System.Threading.Tasks.Task`1[Volo.Abp.Content.IRemoteStreamContent] GetAsync(ZQH.Abp.OssManagement.GetPublicFileInput)
2024-10-28 21:13:51 [WRN] [Volo.Abp.AspNetCore.Mvc.AspNetCoreApiDescriptionModelProvider] [15700] [102] - Controller 'PrivateFiles' contains more than one action with name 'GetAsyncByInput' for module 'oss-management'. Ignored: System.Threading.Tasks.Task`1[Volo.Abp.Content.IRemoteStreamContent] GetAsync(ZQH.Abp.OssManagement.GetPublicFileInput)
2024-10-28 21:13:51 [WRN] [Volo.Abp.AspNetCore.Mvc.AspNetCoreApiDescriptionModelProvider] [15700] [102] - Controller 'PrivateFiles' contains more than one action with name 'GetAsyncByInput' for module 'oss-management'. Ignored: System.Threading.Tasks.Task`1[Volo.Abp.Content.IRemoteStreamContent] GetAsync(ZQH.Abp.OssManagement.GetPublicFileInput)
2024-10-28 21:13:51 [WRN] [Volo.Abp.AspNetCore.Mvc.AspNetCoreApiDescriptionModelProvider] [15700] [102] - Controller 'PrivateFiles' contains more than one action with name 'GetAsyncByInput' for module 'oss-management'. Ignored: System.Threading.Tasks.Task`1[Volo.Abp.Content.IRemoteStreamContent] GetAsync(ZQH.Abp.OssManagement.GetPublicFileInput)
2024-10-28 21:13:51 [WRN] [Volo.Abp.AspNetCore.Mvc.AspNetCoreApiDescriptionModelProvider] [15700] [102] - Controller 'PrivateFiles' contains more than one action with name 'GetAsyncByInput' for module 'oss-management'. Ignored: System.Threading.Tasks.Task`1[Volo.Abp.Content.IRemoteStreamContent] GetAsync(ZQH.Abp.OssManagement.GetPublicFileInput)
2024-10-28 21:13:51 [WRN] [Volo.Abp.AspNetCore.Mvc.AspNetCoreApiDescriptionModelProvider] [15700] [102] - Controller 'PrivateFiles' contains more than one action with name 'GetAsyncByInput' for module 'oss-management'. Ignored: System.Threading.Tasks.Task`1[Volo.Abp.Content.IRemoteStreamContent] GetAsync(ZQH.Abp.OssManagement.GetPublicFileInput)
2024-10-28 21:13:51 [WRN] [Volo.Abp.AspNetCore.Mvc.AspNetCoreApiDescriptionModelProvider] [15700] [102] - Controller 'PrivateFiles' contains more than one action with name 'GetAsyncByInput' for module 'oss-management'. Ignored: System.Threading.Tasks.Task`1[Volo.Abp.Content.IRemoteStreamContent] GetAsync(ZQH.Abp.OssManagement.GetPublicFileInput)
2024-10-28 21:13:51 [WRN] [Volo.Abp.AspNetCore.Mvc.AspNetCoreApiDescriptionModelProvider] [15700] [102] - Controller 'PublicFiles' contains more than one action with name 'UploadAsyncByInput' for module 'oss-management'. Ignored: System.Threading.Tasks.Task UploadAsync(ZQH.Abp.OssManagement.UploadFileChunkInput)
2024-10-28 21:13:51 [WRN] [Volo.Abp.AspNetCore.Mvc.AspNetCoreApiDescriptionModelProvider] [15700] [102] - Controller 'PublicFiles' contains more than one action with name 'GetAsyncByInput' for module 'oss-management'. Ignored: System.Threading.Tasks.Task`1[Volo.Abp.Content.IRemoteStreamContent] GetAsync(ZQH.Abp.OssManagement.GetPublicFileInput)
2024-10-28 21:13:51 [WRN] [Volo.Abp.AspNetCore.Mvc.AspNetCoreApiDescriptionModelProvider] [15700] [102] - Controller 'PublicFiles' contains more than one action with name 'GetAsyncByInput' for module 'oss-management'. Ignored: System.Threading.Tasks.Task`1[Volo.Abp.Content.IRemoteStreamContent] GetAsync(ZQH.Abp.OssManagement.GetPublicFileInput)
2024-10-28 21:13:51 [WRN] [Volo.Abp.AspNetCore.Mvc.AspNetCoreApiDescriptionModelProvider] [15700] [102] - Controller 'PublicFiles' contains more than one action with name 'GetAsyncByInput' for module 'oss-management'. Ignored: System.Threading.Tasks.Task`1[Volo.Abp.Content.IRemoteStreamContent] GetAsync(ZQH.Abp.OssManagement.GetPublicFileInput)
2024-10-28 21:13:51 [WRN] [Volo.Abp.AspNetCore.Mvc.AspNetCoreApiDescriptionModelProvider] [15700] [102] - Controller 'PublicFiles' contains more than one action with name 'GetAsyncByInput' for module 'oss-management'. Ignored: System.Threading.Tasks.Task`1[Volo.Abp.Content.IRemoteStreamContent] GetAsync(ZQH.Abp.OssManagement.GetPublicFileInput)
2024-10-28 21:13:51 [WRN] [Volo.Abp.AspNetCore.Mvc.AspNetCoreApiDescriptionModelProvider] [15700] [102] - Controller 'PublicFiles' contains more than one action with name 'GetAsyncByInput' for module 'oss-management'. Ignored: System.Threading.Tasks.Task`1[Volo.Abp.Content.IRemoteStreamContent] GetAsync(ZQH.Abp.OssManagement.GetPublicFileInput)
2024-10-28 21:13:51 [WRN] [Volo.Abp.AspNetCore.Mvc.AspNetCoreApiDescriptionModelProvider] [15700] [102] - Controller 'PublicFiles' contains more than one action with name 'GetAsyncByInput' for module 'oss-management'. Ignored: System.Threading.Tasks.Task`1[Volo.Abp.Content.IRemoteStreamContent] GetAsync(ZQH.Abp.OssManagement.GetPublicFileInput)
2024-10-28 21:13:51 [WRN] [Volo.Abp.AspNetCore.Mvc.AspNetCoreApiDescriptionModelProvider] [15700] [102] - Controller 'PublicFiles' contains more than one action with name 'GetAsyncByInput' for module 'oss-management'. Ignored: System.Threading.Tasks.Task`1[Volo.Abp.Content.IRemoteStreamContent] GetAsync(ZQH.Abp.OssManagement.GetPublicFileInput)
2024-10-28 21:13:51 [WRN] [Volo.Abp.AspNetCore.Mvc.AspNetCoreApiDescriptionModelProvider] [15700] [102] - Controller 'StaticFiles' contains more than one action with name 'GetAsyncByInput' for module 'oss-management'. Ignored: System.Threading.Tasks.Task`1[Volo.Abp.Content.IRemoteStreamContent] GetAsync(ZQH.Abp.OssManagement.GetStaticFileInput)
2024-10-28 21:13:51 [WRN] [Volo.Abp.AspNetCore.Mvc.AspNetCoreApiDescriptionModelProvider] [15700] [102] - Controller 'StaticFiles' contains more than one action with name 'GetAsyncByInput' for module 'oss-management'. Ignored: System.Threading.Tasks.Task`1[Volo.Abp.Content.IRemoteStreamContent] GetAsync(ZQH.Abp.OssManagement.GetStaticFileInput)
2024-10-28 21:13:51 [WRN] [Volo.Abp.AspNetCore.Mvc.AspNetCoreApiDescriptionModelProvider] [15700] [102] - Controller 'StaticFiles' contains more than one action with name 'GetAsyncByInput' for module 'oss-management'. Ignored: System.Threading.Tasks.Task`1[Volo.Abp.Content.IRemoteStreamContent] GetAsync(ZQH.Abp.OssManagement.GetStaticFileInput)
2024-10-28 21:13:51 [WRN] [Volo.Abp.AspNetCore.Mvc.AspNetCoreApiDescriptionModelProvider] [15700] [102] - Controller 'StaticFiles' contains more than one action with name 'GetAsyncByInput' for module 'oss-management'. Ignored: System.Threading.Tasks.Task`1[Volo.Abp.Content.IRemoteStreamContent] GetAsync(ZQH.Abp.OssManagement.GetStaticFileInput)
2024-10-28 21:13:51 [WRN] [Volo.Abp.AspNetCore.Mvc.AspNetCoreApiDescriptionModelProvider] [15700] [102] - Controller 'StaticFiles' contains more than one action with name 'GetAsyncByInput' for module 'oss-management'. Ignored: System.Threading.Tasks.Task`1[Volo.Abp.Content.IRemoteStreamContent] GetAsync(ZQH.Abp.OssManagement.GetStaticFileInput)
2024-10-28 21:13:51 [WRN] [Volo.Abp.AspNetCore.Mvc.AspNetCoreApiDescriptionModelProvider] [15700] [102] - Controller 'StaticFiles' contains more than one action with name 'GetAsyncByInput' for module 'oss-management'. Ignored: System.Threading.Tasks.Task`1[Volo.Abp.Content.IRemoteStreamContent] GetAsync(ZQH.Abp.OssManagement.GetStaticFileInput)
2024-10-28 21:13:51 [WRN] [Volo.Abp.AspNetCore.Mvc.AspNetCoreApiDescriptionModelProvider] [15700] [102] - Controller 'StaticFiles' contains more than one action with name 'GetAsyncByInput' for module 'oss-management'. Ignored: System.Threading.Tasks.Task`1[Volo.Abp.Content.IRemoteStreamContent] GetAsync(ZQH.Abp.OssManagement.GetStaticFileInput)
2024-10-28 21:13:51 [WRN] [Volo.Abp.AspNetCore.Mvc.AspNetCoreApiDescriptionModelProvider] [15700] [102] - Controller 'Package' contains more than one action with name 'GetLatestAsyncByInput' for module 'platform'. Ignored: System.Threading.Tasks.Task`1[ZQH.Platform.Packages.PackageDto] GetLatestAsync(ZQH.Platform.Packages.PackageGetLatestInput)
2024-10-28 21:26:03 [INF] [ZQH.MicroService.PlatformManagement.BackgroundWorkers.OssObjectTempCleanupBackgroundWorker] [15700] [30] - Lock is acquired for OssObjectTempCleanupBackgroundWorker
2024-10-28 21:26:03 [INF] [ZQH.Abp.OssManagement.OssObjectTempCleanupService] [15700] [30] - Start cleanup.
2024-10-28 21:26:03 [INF] [ZQH.Abp.OssManagement.OssObjectTempCleanupService] [15700] [30] - Start cleanup host temp objects.
2024-10-28 21:26:03 [INF] [ZQH.MicroService.PlatformManagement.BackgroundWorkers.OssObjectTempCleanupBackgroundWorker] [15700] [30] - Lock is released for OssObjectTempCleanupBackgroundWorker
2024-10-28 23:13:32 [WRN] [DotNetCore.CAP.Internal.ConsumerRegister] [15700] [111] - RabbitMQ consumer cancelled. --> amq.ctag-wzZdR6-1v5jGwBY6dCqJ_w
2024-10-28 23:13:34 [WRN] [DotNetCore.CAP.Internal.ConsumerRegister] [15700] [111] - RabbitMQ consumer shutdown. --> Unexpected Exception: Unable to read data from the transport connection: 远程主机强迫关闭了一个现有的连接。.
2024-10-28 23:13:34 [WRN] [DotNetCore.CAP.Internal.ConsumerRegister] [15700] [111] - RabbitMQ consumer cancelled. --> amq.ctag-JeIB7QQXeXT2JzyVdee9rg
2024-10-28 23:13:34 [WRN] [DotNetCore.CAP.Internal.ConsumerRegister] [15700] [111] - RabbitMQ consumer shutdown. --> Unexpected Exception: Unable to read data from the transport connection: 远程主机强迫关闭了一个现有的连接。.
2024-10-28 23:13:38 [INF] [DotNetCore.CAP.Internal.ConsumerRegister] [15700] [86] - RabbitMQ consumer registered. --> amq.ctag-wzZdR6-1v5jGwBY6dCqJ_w
2024-10-28 23:13:38 [INF] [DotNetCore.CAP.Internal.ConsumerRegister] [15700] [62] - RabbitMQ consumer registered. --> amq.ctag-JeIB7QQXeXT2JzyVdee9rg
2024-10-28 23:13:39 [WRN] [Microsoft.AspNetCore.Http.ResponseCookies] [15700] [86] - The cookie 'XSRF-TOKEN' has set 'SameSite=None' and must also set 'Secure'.
2024-10-28 23:13:47 [WRN] [Volo.Abp.AspNetCore.Mvc.AspNetCoreApiDescriptionModelProvider] [15700] [111] - Controller 'PrivateFiles' contains more than one action with name 'UploadAsyncByInput' for module 'oss-management'. Ignored: System.Threading.Tasks.Task UploadAsync(ZQH.Abp.OssManagement.UploadFileChunkInput)
2024-10-28 23:13:47 [WRN] [Volo.Abp.AspNetCore.Mvc.AspNetCoreApiDescriptionModelProvider] [15700] [111] - Controller 'PrivateFiles' contains more than one action with name 'GetAsyncByInput' for module 'oss-management'. Ignored: System.Threading.Tasks.Task`1[Volo.Abp.Content.IRemoteStreamContent] GetAsync(ZQH.Abp.OssManagement.GetPublicFileInput)
2024-10-28 23:13:47 [WRN] [Volo.Abp.AspNetCore.Mvc.AspNetCoreApiDescriptionModelProvider] [15700] [111] - Controller 'PrivateFiles' contains more than one action with name 'GetAsyncByInput' for module 'oss-management'. Ignored: System.Threading.Tasks.Task`1[Volo.Abp.Content.IRemoteStreamContent] GetAsync(ZQH.Abp.OssManagement.GetPublicFileInput)
2024-10-28 23:13:47 [WRN] [Volo.Abp.AspNetCore.Mvc.AspNetCoreApiDescriptionModelProvider] [15700] [111] - Controller 'PrivateFiles' contains more than one action with name 'GetAsyncByInput' for module 'oss-management'. Ignored: System.Threading.Tasks.Task`1[Volo.Abp.Content.IRemoteStreamContent] GetAsync(ZQH.Abp.OssManagement.GetPublicFileInput)
2024-10-28 23:13:47 [WRN] [Volo.Abp.AspNetCore.Mvc.AspNetCoreApiDescriptionModelProvider] [15700] [111] - Controller 'PrivateFiles' contains more than one action with name 'GetAsyncByInput' for module 'oss-management'. Ignored: System.Threading.Tasks.Task`1[Volo.Abp.Content.IRemoteStreamContent] GetAsync(ZQH.Abp.OssManagement.GetPublicFileInput)
2024-10-28 23:13:47 [WRN] [Volo.Abp.AspNetCore.Mvc.AspNetCoreApiDescriptionModelProvider] [15700] [111] - Controller 'PrivateFiles' contains more than one action with name 'GetAsyncByInput' for module 'oss-management'. Ignored: System.Threading.Tasks.Task`1[Volo.Abp.Content.IRemoteStreamContent] GetAsync(ZQH.Abp.OssManagement.GetPublicFileInput)
2024-10-28 23:13:47 [WRN] [Volo.Abp.AspNetCore.Mvc.AspNetCoreApiDescriptionModelProvider] [15700] [111] - Controller 'PrivateFiles' contains more than one action with name 'GetAsyncByInput' for module 'oss-management'. Ignored: System.Threading.Tasks.Task`1[Volo.Abp.Content.IRemoteStreamContent] GetAsync(ZQH.Abp.OssManagement.GetPublicFileInput)
2024-10-28 23:13:47 [WRN] [Volo.Abp.AspNetCore.Mvc.AspNetCoreApiDescriptionModelProvider] [15700] [111] - Controller 'PrivateFiles' contains more than one action with name 'GetAsyncByInput' for module 'oss-management'. Ignored: System.Threading.Tasks.Task`1[Volo.Abp.Content.IRemoteStreamContent] GetAsync(ZQH.Abp.OssManagement.GetPublicFileInput)
2024-10-28 23:13:47 [WRN] [Volo.Abp.AspNetCore.Mvc.AspNetCoreApiDescriptionModelProvider] [15700] [111] - Controller 'PublicFiles' contains more than one action with name 'UploadAsyncByInput' for module 'oss-management'. Ignored: System.Threading.Tasks.Task UploadAsync(ZQH.Abp.OssManagement.UploadFileChunkInput)
2024-10-28 23:13:47 [WRN] [Volo.Abp.AspNetCore.Mvc.AspNetCoreApiDescriptionModelProvider] [15700] [111] - Controller 'PublicFiles' contains more than one action with name 'GetAsyncByInput' for module 'oss-management'. Ignored: System.Threading.Tasks.Task`1[Volo.Abp.Content.IRemoteStreamContent] GetAsync(ZQH.Abp.OssManagement.GetPublicFileInput)
2024-10-28 23:13:47 [WRN] [Volo.Abp.AspNetCore.Mvc.AspNetCoreApiDescriptionModelProvider] [15700] [111] - Controller 'PublicFiles' contains more than one action with name 'GetAsyncByInput' for module 'oss-management'. Ignored: System.Threading.Tasks.Task`1[Volo.Abp.Content.IRemoteStreamContent] GetAsync(ZQH.Abp.OssManagement.GetPublicFileInput)
2024-10-28 23:13:47 [WRN] [Volo.Abp.AspNetCore.Mvc.AspNetCoreApiDescriptionModelProvider] [15700] [111] - Controller 'PublicFiles' contains more than one action with name 'GetAsyncByInput' for module 'oss-management'. Ignored: System.Threading.Tasks.Task`1[Volo.Abp.Content.IRemoteStreamContent] GetAsync(ZQH.Abp.OssManagement.GetPublicFileInput)
2024-10-28 23:13:47 [WRN] [Volo.Abp.AspNetCore.Mvc.AspNetCoreApiDescriptionModelProvider] [15700] [111] - Controller 'PublicFiles' contains more than one action with name 'GetAsyncByInput' for module 'oss-management'. Ignored: System.Threading.Tasks.Task`1[Volo.Abp.Content.IRemoteStreamContent] GetAsync(ZQH.Abp.OssManagement.GetPublicFileInput)
2024-10-28 23:13:47 [WRN] [Volo.Abp.AspNetCore.Mvc.AspNetCoreApiDescriptionModelProvider] [15700] [111] - Controller 'PublicFiles' contains more than one action with name 'GetAsyncByInput' for module 'oss-management'. Ignored: System.Threading.Tasks.Task`1[Volo.Abp.Content.IRemoteStreamContent] GetAsync(ZQH.Abp.OssManagement.GetPublicFileInput)
2024-10-28 23:13:47 [WRN] [Volo.Abp.AspNetCore.Mvc.AspNetCoreApiDescriptionModelProvider] [15700] [111] - Controller 'PublicFiles' contains more than one action with name 'GetAsyncByInput' for module 'oss-management'. Ignored: System.Threading.Tasks.Task`1[Volo.Abp.Content.IRemoteStreamContent] GetAsync(ZQH.Abp.OssManagement.GetPublicFileInput)
2024-10-28 23:13:47 [WRN] [Volo.Abp.AspNetCore.Mvc.AspNetCoreApiDescriptionModelProvider] [15700] [111] - Controller 'PublicFiles' contains more than one action with name 'GetAsyncByInput' for module 'oss-management'. Ignored: System.Threading.Tasks.Task`1[Volo.Abp.Content.IRemoteStreamContent] GetAsync(ZQH.Abp.OssManagement.GetPublicFileInput)
2024-10-28 23:13:47 [WRN] [Volo.Abp.AspNetCore.Mvc.AspNetCoreApiDescriptionModelProvider] [15700] [111] - Controller 'StaticFiles' contains more than one action with name 'GetAsyncByInput' for module 'oss-management'. Ignored: System.Threading.Tasks.Task`1[Volo.Abp.Content.IRemoteStreamContent] GetAsync(ZQH.Abp.OssManagement.GetStaticFileInput)
2024-10-28 23:13:47 [WRN] [Volo.Abp.AspNetCore.Mvc.AspNetCoreApiDescriptionModelProvider] [15700] [111] - Controller 'StaticFiles' contains more than one action with name 'GetAsyncByInput' for module 'oss-management'. Ignored: System.Threading.Tasks.Task`1[Volo.Abp.Content.IRemoteStreamContent] GetAsync(ZQH.Abp.OssManagement.GetStaticFileInput)
2024-10-28 23:13:47 [WRN] [Volo.Abp.AspNetCore.Mvc.AspNetCoreApiDescriptionModelProvider] [15700] [111] - Controller 'StaticFiles' contains more than one action with name 'GetAsyncByInput' for module 'oss-management'. Ignored: System.Threading.Tasks.Task`1[Volo.Abp.Content.IRemoteStreamContent] GetAsync(ZQH.Abp.OssManagement.GetStaticFileInput)
2024-10-28 23:13:47 [WRN] [Volo.Abp.AspNetCore.Mvc.AspNetCoreApiDescriptionModelProvider] [15700] [111] - Controller 'StaticFiles' contains more than one action with name 'GetAsyncByInput' for module 'oss-management'. Ignored: System.Threading.Tasks.Task`1[Volo.Abp.Content.IRemoteStreamContent] GetAsync(ZQH.Abp.OssManagement.GetStaticFileInput)
2024-10-28 23:13:47 [WRN] [Volo.Abp.AspNetCore.Mvc.AspNetCoreApiDescriptionModelProvider] [15700] [111] - Controller 'StaticFiles' contains more than one action with name 'GetAsyncByInput' for module 'oss-management'. Ignored: System.Threading.Tasks.Task`1[Volo.Abp.Content.IRemoteStreamContent] GetAsync(ZQH.Abp.OssManagement.GetStaticFileInput)
2024-10-28 23:13:47 [WRN] [Volo.Abp.AspNetCore.Mvc.AspNetCoreApiDescriptionModelProvider] [15700] [111] - Controller 'StaticFiles' contains more than one action with name 'GetAsyncByInput' for module 'oss-management'. Ignored: System.Threading.Tasks.Task`1[Volo.Abp.Content.IRemoteStreamContent] GetAsync(ZQH.Abp.OssManagement.GetStaticFileInput)
2024-10-28 23:13:47 [WRN] [Volo.Abp.AspNetCore.Mvc.AspNetCoreApiDescriptionModelProvider] [15700] [111] - Controller 'StaticFiles' contains more than one action with name 'GetAsyncByInput' for module 'oss-management'. Ignored: System.Threading.Tasks.Task`1[Volo.Abp.Content.IRemoteStreamContent] GetAsync(ZQH.Abp.OssManagement.GetStaticFileInput)
2024-10-28 23:13:47 [WRN] [Volo.Abp.AspNetCore.Mvc.AspNetCoreApiDescriptionModelProvider] [15700] [111] - Controller 'Package' contains more than one action with name 'GetLatestAsyncByInput' for module 'platform'. Ignored: System.Threading.Tasks.Task`1[ZQH.Platform.Packages.PackageDto] GetLatestAsync(ZQH.Platform.Packages.PackageGetLatestInput)
2024-10-28 23:25:57 [INF] [ZQH.MicroService.PlatformManagement.BackgroundWorkers.OssObjectTempCleanupBackgroundWorker] [15700] [115] - Lock is acquired for OssObjectTempCleanupBackgroundWorker
2024-10-28 23:25:57 [INF] [ZQH.Abp.OssManagement.OssObjectTempCleanupService] [15700] [115] - Start cleanup.
2024-10-28 23:25:57 [INF] [ZQH.Abp.OssManagement.OssObjectTempCleanupService] [15700] [115] - Start cleanup host temp objects.
2024-10-28 23:25:57 [INF] [ZQH.MicroService.PlatformManagement.BackgroundWorkers.OssObjectTempCleanupBackgroundWorker] [15700] [115] - Lock is released for OssObjectTempCleanupBackgroundWorker
