2024-10-21 07:55:58 [WRN] [Microsoft.AspNetCore.Http.ResponseCookies] [42856] [79] - The cookie 'XSRF-TOKEN' has set 'SameSite=None' and must also set 'Secure'.
2024-10-21 07:56:23 [WRN] [Microsoft.AspNetCore.Http.ResponseCookies] [42856] [85] - The cookie 'XSRF-TOKEN' has set 'SameSite=None' and must also set 'Secure'.
2024-10-21 07:56:23 [WRN] [Volo.Abp.AspNetCore.Mvc.AspNetCoreApiDescriptionModelProvider] [42856] [81] - Controller 'PrivateFiles' contains more than one action with name 'UploadAsyncByInput' for module 'oss-management'. Ignored: System.Threading.Tasks.Task UploadAsync(ZQH.Abp.OssManagement.UploadFileChunkInput)
2024-10-21 07:56:23 [WRN] [Volo.Abp.AspNetCore.Mvc.AspNetCoreApiDescriptionModelProvider] [42856] [81] - Controller 'PrivateFiles' contains more than one action with name 'GetAsyncByInput' for module 'oss-management'. Ignored: System.Threading.Tasks.Task`1[Volo.Abp.Content.IRemoteStreamContent] GetAsync(ZQH.Abp.OssManagement.GetPublicFileInput)
2024-10-21 07:56:23 [WRN] [Volo.Abp.AspNetCore.Mvc.AspNetCoreApiDescriptionModelProvider] [42856] [81] - Controller 'PrivateFiles' contains more than one action with name 'GetAsyncByInput' for module 'oss-management'. Ignored: System.Threading.Tasks.Task`1[Volo.Abp.Content.IRemoteStreamContent] GetAsync(ZQH.Abp.OssManagement.GetPublicFileInput)
2024-10-21 07:56:23 [WRN] [Volo.Abp.AspNetCore.Mvc.AspNetCoreApiDescriptionModelProvider] [42856] [81] - Controller 'PrivateFiles' contains more than one action with name 'GetAsyncByInput' for module 'oss-management'. Ignored: System.Threading.Tasks.Task`1[Volo.Abp.Content.IRemoteStreamContent] GetAsync(ZQH.Abp.OssManagement.GetPublicFileInput)
2024-10-21 07:56:23 [WRN] [Volo.Abp.AspNetCore.Mvc.AspNetCoreApiDescriptionModelProvider] [42856] [81] - Controller 'PrivateFiles' contains more than one action with name 'GetAsyncByInput' for module 'oss-management'. Ignored: System.Threading.Tasks.Task`1[Volo.Abp.Content.IRemoteStreamContent] GetAsync(ZQH.Abp.OssManagement.GetPublicFileInput)
2024-10-21 07:56:23 [WRN] [Volo.Abp.AspNetCore.Mvc.AspNetCoreApiDescriptionModelProvider] [42856] [81] - Controller 'PrivateFiles' contains more than one action with name 'GetAsyncByInput' for module 'oss-management'. Ignored: System.Threading.Tasks.Task`1[Volo.Abp.Content.IRemoteStreamContent] GetAsync(ZQH.Abp.OssManagement.GetPublicFileInput)
2024-10-21 07:56:23 [WRN] [Volo.Abp.AspNetCore.Mvc.AspNetCoreApiDescriptionModelProvider] [42856] [81] - Controller 'PrivateFiles' contains more than one action with name 'GetAsyncByInput' for module 'oss-management'. Ignored: System.Threading.Tasks.Task`1[Volo.Abp.Content.IRemoteStreamContent] GetAsync(ZQH.Abp.OssManagement.GetPublicFileInput)
2024-10-21 07:56:23 [WRN] [Volo.Abp.AspNetCore.Mvc.AspNetCoreApiDescriptionModelProvider] [42856] [81] - Controller 'PrivateFiles' contains more than one action with name 'GetAsyncByInput' for module 'oss-management'. Ignored: System.Threading.Tasks.Task`1[Volo.Abp.Content.IRemoteStreamContent] GetAsync(ZQH.Abp.OssManagement.GetPublicFileInput)
2024-10-21 07:56:23 [WRN] [Volo.Abp.AspNetCore.Mvc.AspNetCoreApiDescriptionModelProvider] [42856] [81] - Controller 'PublicFiles' contains more than one action with name 'UploadAsyncByInput' for module 'oss-management'. Ignored: System.Threading.Tasks.Task UploadAsync(ZQH.Abp.OssManagement.UploadFileChunkInput)
2024-10-21 07:56:23 [WRN] [Volo.Abp.AspNetCore.Mvc.AspNetCoreApiDescriptionModelProvider] [42856] [81] - Controller 'PublicFiles' contains more than one action with name 'GetAsyncByInput' for module 'oss-management'. Ignored: System.Threading.Tasks.Task`1[Volo.Abp.Content.IRemoteStreamContent] GetAsync(ZQH.Abp.OssManagement.GetPublicFileInput)
2024-10-21 07:56:23 [WRN] [Volo.Abp.AspNetCore.Mvc.AspNetCoreApiDescriptionModelProvider] [42856] [81] - Controller 'PublicFiles' contains more than one action with name 'GetAsyncByInput' for module 'oss-management'. Ignored: System.Threading.Tasks.Task`1[Volo.Abp.Content.IRemoteStreamContent] GetAsync(ZQH.Abp.OssManagement.GetPublicFileInput)
2024-10-21 07:56:23 [WRN] [Volo.Abp.AspNetCore.Mvc.AspNetCoreApiDescriptionModelProvider] [42856] [81] - Controller 'PublicFiles' contains more than one action with name 'GetAsyncByInput' for module 'oss-management'. Ignored: System.Threading.Tasks.Task`1[Volo.Abp.Content.IRemoteStreamContent] GetAsync(ZQH.Abp.OssManagement.GetPublicFileInput)
2024-10-21 07:56:23 [WRN] [Volo.Abp.AspNetCore.Mvc.AspNetCoreApiDescriptionModelProvider] [42856] [81] - Controller 'PublicFiles' contains more than one action with name 'GetAsyncByInput' for module 'oss-management'. Ignored: System.Threading.Tasks.Task`1[Volo.Abp.Content.IRemoteStreamContent] GetAsync(ZQH.Abp.OssManagement.GetPublicFileInput)
2024-10-21 07:56:23 [WRN] [Volo.Abp.AspNetCore.Mvc.AspNetCoreApiDescriptionModelProvider] [42856] [81] - Controller 'PublicFiles' contains more than one action with name 'GetAsyncByInput' for module 'oss-management'. Ignored: System.Threading.Tasks.Task`1[Volo.Abp.Content.IRemoteStreamContent] GetAsync(ZQH.Abp.OssManagement.GetPublicFileInput)
2024-10-21 07:56:23 [WRN] [Volo.Abp.AspNetCore.Mvc.AspNetCoreApiDescriptionModelProvider] [42856] [81] - Controller 'PublicFiles' contains more than one action with name 'GetAsyncByInput' for module 'oss-management'. Ignored: System.Threading.Tasks.Task`1[Volo.Abp.Content.IRemoteStreamContent] GetAsync(ZQH.Abp.OssManagement.GetPublicFileInput)
2024-10-21 07:56:23 [WRN] [Volo.Abp.AspNetCore.Mvc.AspNetCoreApiDescriptionModelProvider] [42856] [81] - Controller 'PublicFiles' contains more than one action with name 'GetAsyncByInput' for module 'oss-management'. Ignored: System.Threading.Tasks.Task`1[Volo.Abp.Content.IRemoteStreamContent] GetAsync(ZQH.Abp.OssManagement.GetPublicFileInput)
2024-10-21 07:56:23 [WRN] [Volo.Abp.AspNetCore.Mvc.AspNetCoreApiDescriptionModelProvider] [42856] [81] - Controller 'StaticFiles' contains more than one action with name 'GetAsyncByInput' for module 'oss-management'. Ignored: System.Threading.Tasks.Task`1[Volo.Abp.Content.IRemoteStreamContent] GetAsync(ZQH.Abp.OssManagement.GetStaticFileInput)
2024-10-21 07:56:23 [WRN] [Volo.Abp.AspNetCore.Mvc.AspNetCoreApiDescriptionModelProvider] [42856] [81] - Controller 'StaticFiles' contains more than one action with name 'GetAsyncByInput' for module 'oss-management'. Ignored: System.Threading.Tasks.Task`1[Volo.Abp.Content.IRemoteStreamContent] GetAsync(ZQH.Abp.OssManagement.GetStaticFileInput)
2024-10-21 07:56:23 [WRN] [Volo.Abp.AspNetCore.Mvc.AspNetCoreApiDescriptionModelProvider] [42856] [81] - Controller 'StaticFiles' contains more than one action with name 'GetAsyncByInput' for module 'oss-management'. Ignored: System.Threading.Tasks.Task`1[Volo.Abp.Content.IRemoteStreamContent] GetAsync(ZQH.Abp.OssManagement.GetStaticFileInput)
2024-10-21 07:56:23 [WRN] [Volo.Abp.AspNetCore.Mvc.AspNetCoreApiDescriptionModelProvider] [42856] [81] - Controller 'StaticFiles' contains more than one action with name 'GetAsyncByInput' for module 'oss-management'. Ignored: System.Threading.Tasks.Task`1[Volo.Abp.Content.IRemoteStreamContent] GetAsync(ZQH.Abp.OssManagement.GetStaticFileInput)
2024-10-21 07:56:23 [WRN] [Volo.Abp.AspNetCore.Mvc.AspNetCoreApiDescriptionModelProvider] [42856] [81] - Controller 'StaticFiles' contains more than one action with name 'GetAsyncByInput' for module 'oss-management'. Ignored: System.Threading.Tasks.Task`1[Volo.Abp.Content.IRemoteStreamContent] GetAsync(ZQH.Abp.OssManagement.GetStaticFileInput)
2024-10-21 07:56:23 [WRN] [Volo.Abp.AspNetCore.Mvc.AspNetCoreApiDescriptionModelProvider] [42856] [81] - Controller 'StaticFiles' contains more than one action with name 'GetAsyncByInput' for module 'oss-management'. Ignored: System.Threading.Tasks.Task`1[Volo.Abp.Content.IRemoteStreamContent] GetAsync(ZQH.Abp.OssManagement.GetStaticFileInput)
2024-10-21 07:56:23 [WRN] [Volo.Abp.AspNetCore.Mvc.AspNetCoreApiDescriptionModelProvider] [42856] [81] - Controller 'StaticFiles' contains more than one action with name 'GetAsyncByInput' for module 'oss-management'. Ignored: System.Threading.Tasks.Task`1[Volo.Abp.Content.IRemoteStreamContent] GetAsync(ZQH.Abp.OssManagement.GetStaticFileInput)
2024-10-21 07:56:23 [WRN] [Volo.Abp.AspNetCore.Mvc.AspNetCoreApiDescriptionModelProvider] [42856] [81] - Controller 'Package' contains more than one action with name 'GetLatestAsyncByInput' for module 'platform'. Ignored: System.Threading.Tasks.Task`1[ZQH.Platform.Packages.PackageDto] GetLatestAsync(ZQH.Platform.Packages.PackageGetLatestInput)
2024-10-21 07:56:27 [WRN] [Volo.Abp.AspNetCore.Mvc.ExceptionHandling.AbpExceptionFilter] [42856] [81] - ---------- RemoteServiceErrorInfo ----------
{
  "code": "Volo.Authorization:010001",
  "message": "授权失败！提供的策略尚未授予。",
  "details": null,
  "data": {},
  "validationErrors": null
}

2024-10-21 07:56:27 [WRN] [Volo.Abp.AspNetCore.Mvc.ExceptionHandling.AbpExceptionFilter] [42856] [81] - Exception of type 'Volo.Abp.Authorization.AbpAuthorizationException' was thrown.
Volo.Abp.Authorization.AbpAuthorizationException: Exception of type 'Volo.Abp.Authorization.AbpAuthorizationException' was thrown.
   at Microsoft.AspNetCore.Authorization.AbpAuthorizationServiceExtensions.CheckAsync(IAuthorizationService authorizationService, AuthorizationPolicy policy)
   at Volo.Abp.Authorization.MethodInvocationAuthorizationService.CheckAsync(MethodInvocationAuthorizationContext context)
   at Volo.Abp.Authorization.AuthorizationInterceptor.AuthorizeAsync(IAbpMethodInvocation invocation)
   at Volo.Abp.Authorization.AuthorizationInterceptor.InterceptAsync(IAbpMethodInvocation invocation)
   at Volo.Abp.Castle.DynamicProxy.CastleAsyncAbpInterceptorAdapter`1.InterceptAsync[TResult](IInvocation invocation, IInvocationProceedInfo proceedInfo, Func`3 proceed)
   at Castle.DynamicProxy.AsyncInterceptorBase.ProceedAsynchronous[TResult](IInvocation invocation, IInvocationProceedInfo proceedInfo)
   at Volo.Abp.Castle.DynamicProxy.CastleAbpMethodInvocationAdapterWithReturnValue`1.ProceedAsync()
   at Volo.Abp.Auditing.AuditingInterceptor.ProceedByLoggingAsync(IAbpMethodInvocation invocation, AbpAuditingOptions options, IAuditingHelper auditingHelper, IAuditLogScope auditLogScope)
   at Volo.Abp.Auditing.AuditingInterceptor.InterceptAsync(IAbpMethodInvocation invocation)
   at Volo.Abp.Castle.DynamicProxy.CastleAsyncAbpInterceptorAdapter`1.InterceptAsync[TResult](IInvocation invocation, IInvocationProceedInfo proceedInfo, Func`3 proceed)
   at Castle.DynamicProxy.AsyncInterceptorBase.ProceedAsynchronous[TResult](IInvocation invocation, IInvocationProceedInfo proceedInfo)
   at Volo.Abp.Castle.DynamicProxy.CastleAbpMethodInvocationAdapterWithReturnValue`1.ProceedAsync()
   at Volo.Abp.Uow.UnitOfWorkInterceptor.InterceptAsync(IAbpMethodInvocation invocation)
   at Volo.Abp.Castle.DynamicProxy.CastleAsyncAbpInterceptorAdapter`1.InterceptAsync[TResult](IInvocation invocation, IInvocationProceedInfo proceedInfo, Func`3 proceed)
   at ZQH.Platform.Menus.MenuController.GetCurrentUserMenuListAsync(GetMenuInput input) in E:\abp-vue\aspnet-core\modules\platform\ZQH.Platform.HttpApi\ZQH\Platform\Menus\MenuController.cs:line 31
   at lambda_method3148(Closure, Object)
   at Microsoft.AspNetCore.Mvc.Infrastructure.ActionMethodExecutor.AwaitableObjectResultExecutor.Execute(ActionContext actionContext, IActionResultTypeMapper mapper, ObjectMethodExecutor executor, Object controller, Object[] arguments)
   at Microsoft.AspNetCore.Mvc.Infrastructure.ControllerActionInvoker.<InvokeActionMethodAsync>g__Logged|12_1(ControllerActionInvoker invoker)
   at Microsoft.AspNetCore.Mvc.Infrastructure.ControllerActionInvoker.<InvokeNextActionFilterAsync>g__Awaited|10_0(ControllerActionInvoker invoker, Task lastTask, State next, Scope scope, Object state, Boolean isCompleted)
   at Microsoft.AspNetCore.Mvc.Infrastructure.ControllerActionInvoker.Rethrow(ActionExecutedContextSealed context)
   at Microsoft.AspNetCore.Mvc.Infrastructure.ControllerActionInvoker.Next(State& next, Scope& scope, Object& state, Boolean& isCompleted)
   at Microsoft.AspNetCore.Mvc.Infrastructure.ControllerActionInvoker.InvokeInnerFilterAsync()
--- End of stack trace from previous location ---
   at Microsoft.AspNetCore.Mvc.Infrastructure.ResourceInvoker.<InvokeNextExceptionFilterAsync>g__Awaited|26_0(ResourceInvoker invoker, Task lastTask, State next, Scope scope, Object state, Boolean isCompleted)
2024-10-21 07:56:27 [WRN] [Volo.Abp.AspNetCore.Mvc.ExceptionHandling.AbpExceptionFilter] [42856] [81] - Code:Volo.Authorization:010001
2024-10-21 08:15:46 [INF] [ZQH.MicroService.PlatformManagement.BackgroundWorkers.OssObjectTempCleanupBackgroundWorker] [42856] [108] - Lock is acquired for OssObjectTempCleanupBackgroundWorker
2024-10-21 08:15:46 [INF] [ZQH.Abp.OssManagement.OssObjectTempCleanupService] [42856] [108] - Start cleanup.
2024-10-21 08:15:46 [INF] [ZQH.Abp.OssManagement.OssObjectTempCleanupService] [42856] [108] - Start cleanup host temp objects.
2024-10-21 08:15:46 [INF] [ZQH.MicroService.PlatformManagement.BackgroundWorkers.OssObjectTempCleanupBackgroundWorker] [42856] [26] - Lock is released for OssObjectTempCleanupBackgroundWorker
2024-10-21 09:15:46 [INF] [ZQH.MicroService.PlatformManagement.BackgroundWorkers.OssObjectTempCleanupBackgroundWorker] [42856] [61] - Lock is acquired for OssObjectTempCleanupBackgroundWorker
2024-10-21 09:15:46 [INF] [ZQH.Abp.OssManagement.OssObjectTempCleanupService] [42856] [61] - Start cleanup.
2024-10-21 09:15:46 [INF] [ZQH.Abp.OssManagement.OssObjectTempCleanupService] [42856] [61] - Start cleanup host temp objects.
2024-10-21 09:15:46 [INF] [ZQH.MicroService.PlatformManagement.BackgroundWorkers.OssObjectTempCleanupBackgroundWorker] [42856] [33] - Lock is released for OssObjectTempCleanupBackgroundWorker
2024-10-21 10:25:27 [WRN] [Microsoft.AspNetCore.Http.ResponseCookies] [42856] [89] - The cookie 'XSRF-TOKEN' has set 'SameSite=None' and must also set 'Secure'.
2024-10-21 10:25:33 [WRN] [Volo.Abp.AspNetCore.Mvc.AspNetCoreApiDescriptionModelProvider] [42856] [89] - Controller 'PrivateFiles' contains more than one action with name 'UploadAsyncByInput' for module 'oss-management'. Ignored: System.Threading.Tasks.Task UploadAsync(ZQH.Abp.OssManagement.UploadFileChunkInput)
2024-10-21 10:25:33 [WRN] [Volo.Abp.AspNetCore.Mvc.AspNetCoreApiDescriptionModelProvider] [42856] [89] - Controller 'PrivateFiles' contains more than one action with name 'GetAsyncByInput' for module 'oss-management'. Ignored: System.Threading.Tasks.Task`1[Volo.Abp.Content.IRemoteStreamContent] GetAsync(ZQH.Abp.OssManagement.GetPublicFileInput)
2024-10-21 10:25:33 [WRN] [Volo.Abp.AspNetCore.Mvc.AspNetCoreApiDescriptionModelProvider] [42856] [89] - Controller 'PrivateFiles' contains more than one action with name 'GetAsyncByInput' for module 'oss-management'. Ignored: System.Threading.Tasks.Task`1[Volo.Abp.Content.IRemoteStreamContent] GetAsync(ZQH.Abp.OssManagement.GetPublicFileInput)
2024-10-21 10:25:33 [WRN] [Volo.Abp.AspNetCore.Mvc.AspNetCoreApiDescriptionModelProvider] [42856] [89] - Controller 'PrivateFiles' contains more than one action with name 'GetAsyncByInput' for module 'oss-management'. Ignored: System.Threading.Tasks.Task`1[Volo.Abp.Content.IRemoteStreamContent] GetAsync(ZQH.Abp.OssManagement.GetPublicFileInput)
2024-10-21 10:25:33 [WRN] [Volo.Abp.AspNetCore.Mvc.AspNetCoreApiDescriptionModelProvider] [42856] [89] - Controller 'PrivateFiles' contains more than one action with name 'GetAsyncByInput' for module 'oss-management'. Ignored: System.Threading.Tasks.Task`1[Volo.Abp.Content.IRemoteStreamContent] GetAsync(ZQH.Abp.OssManagement.GetPublicFileInput)
2024-10-21 10:25:33 [WRN] [Volo.Abp.AspNetCore.Mvc.AspNetCoreApiDescriptionModelProvider] [42856] [89] - Controller 'PrivateFiles' contains more than one action with name 'GetAsyncByInput' for module 'oss-management'. Ignored: System.Threading.Tasks.Task`1[Volo.Abp.Content.IRemoteStreamContent] GetAsync(ZQH.Abp.OssManagement.GetPublicFileInput)
2024-10-21 10:25:33 [WRN] [Volo.Abp.AspNetCore.Mvc.AspNetCoreApiDescriptionModelProvider] [42856] [89] - Controller 'PrivateFiles' contains more than one action with name 'GetAsyncByInput' for module 'oss-management'. Ignored: System.Threading.Tasks.Task`1[Volo.Abp.Content.IRemoteStreamContent] GetAsync(ZQH.Abp.OssManagement.GetPublicFileInput)
2024-10-21 10:25:33 [WRN] [Volo.Abp.AspNetCore.Mvc.AspNetCoreApiDescriptionModelProvider] [42856] [89] - Controller 'PrivateFiles' contains more than one action with name 'GetAsyncByInput' for module 'oss-management'. Ignored: System.Threading.Tasks.Task`1[Volo.Abp.Content.IRemoteStreamContent] GetAsync(ZQH.Abp.OssManagement.GetPublicFileInput)
2024-10-21 10:25:33 [WRN] [Volo.Abp.AspNetCore.Mvc.AspNetCoreApiDescriptionModelProvider] [42856] [89] - Controller 'PublicFiles' contains more than one action with name 'UploadAsyncByInput' for module 'oss-management'. Ignored: System.Threading.Tasks.Task UploadAsync(ZQH.Abp.OssManagement.UploadFileChunkInput)
2024-10-21 10:25:33 [WRN] [Volo.Abp.AspNetCore.Mvc.AspNetCoreApiDescriptionModelProvider] [42856] [89] - Controller 'PublicFiles' contains more than one action with name 'GetAsyncByInput' for module 'oss-management'. Ignored: System.Threading.Tasks.Task`1[Volo.Abp.Content.IRemoteStreamContent] GetAsync(ZQH.Abp.OssManagement.GetPublicFileInput)
2024-10-21 10:25:33 [WRN] [Volo.Abp.AspNetCore.Mvc.AspNetCoreApiDescriptionModelProvider] [42856] [89] - Controller 'PublicFiles' contains more than one action with name 'GetAsyncByInput' for module 'oss-management'. Ignored: System.Threading.Tasks.Task`1[Volo.Abp.Content.IRemoteStreamContent] GetAsync(ZQH.Abp.OssManagement.GetPublicFileInput)
2024-10-21 10:25:33 [WRN] [Volo.Abp.AspNetCore.Mvc.AspNetCoreApiDescriptionModelProvider] [42856] [89] - Controller 'PublicFiles' contains more than one action with name 'GetAsyncByInput' for module 'oss-management'. Ignored: System.Threading.Tasks.Task`1[Volo.Abp.Content.IRemoteStreamContent] GetAsync(ZQH.Abp.OssManagement.GetPublicFileInput)
2024-10-21 10:25:33 [WRN] [Volo.Abp.AspNetCore.Mvc.AspNetCoreApiDescriptionModelProvider] [42856] [89] - Controller 'PublicFiles' contains more than one action with name 'GetAsyncByInput' for module 'oss-management'. Ignored: System.Threading.Tasks.Task`1[Volo.Abp.Content.IRemoteStreamContent] GetAsync(ZQH.Abp.OssManagement.GetPublicFileInput)
2024-10-21 10:25:33 [WRN] [Volo.Abp.AspNetCore.Mvc.AspNetCoreApiDescriptionModelProvider] [42856] [89] - Controller 'PublicFiles' contains more than one action with name 'GetAsyncByInput' for module 'oss-management'. Ignored: System.Threading.Tasks.Task`1[Volo.Abp.Content.IRemoteStreamContent] GetAsync(ZQH.Abp.OssManagement.GetPublicFileInput)
2024-10-21 10:25:33 [WRN] [Volo.Abp.AspNetCore.Mvc.AspNetCoreApiDescriptionModelProvider] [42856] [89] - Controller 'PublicFiles' contains more than one action with name 'GetAsyncByInput' for module 'oss-management'. Ignored: System.Threading.Tasks.Task`1[Volo.Abp.Content.IRemoteStreamContent] GetAsync(ZQH.Abp.OssManagement.GetPublicFileInput)
2024-10-21 10:25:33 [WRN] [Volo.Abp.AspNetCore.Mvc.AspNetCoreApiDescriptionModelProvider] [42856] [89] - Controller 'PublicFiles' contains more than one action with name 'GetAsyncByInput' for module 'oss-management'. Ignored: System.Threading.Tasks.Task`1[Volo.Abp.Content.IRemoteStreamContent] GetAsync(ZQH.Abp.OssManagement.GetPublicFileInput)
2024-10-21 10:25:33 [WRN] [Volo.Abp.AspNetCore.Mvc.AspNetCoreApiDescriptionModelProvider] [42856] [89] - Controller 'StaticFiles' contains more than one action with name 'GetAsyncByInput' for module 'oss-management'. Ignored: System.Threading.Tasks.Task`1[Volo.Abp.Content.IRemoteStreamContent] GetAsync(ZQH.Abp.OssManagement.GetStaticFileInput)
2024-10-21 10:25:33 [WRN] [Volo.Abp.AspNetCore.Mvc.AspNetCoreApiDescriptionModelProvider] [42856] [89] - Controller 'StaticFiles' contains more than one action with name 'GetAsyncByInput' for module 'oss-management'. Ignored: System.Threading.Tasks.Task`1[Volo.Abp.Content.IRemoteStreamContent] GetAsync(ZQH.Abp.OssManagement.GetStaticFileInput)
2024-10-21 10:25:33 [WRN] [Volo.Abp.AspNetCore.Mvc.AspNetCoreApiDescriptionModelProvider] [42856] [89] - Controller 'StaticFiles' contains more than one action with name 'GetAsyncByInput' for module 'oss-management'. Ignored: System.Threading.Tasks.Task`1[Volo.Abp.Content.IRemoteStreamContent] GetAsync(ZQH.Abp.OssManagement.GetStaticFileInput)
2024-10-21 10:25:33 [WRN] [Volo.Abp.AspNetCore.Mvc.AspNetCoreApiDescriptionModelProvider] [42856] [89] - Controller 'StaticFiles' contains more than one action with name 'GetAsyncByInput' for module 'oss-management'. Ignored: System.Threading.Tasks.Task`1[Volo.Abp.Content.IRemoteStreamContent] GetAsync(ZQH.Abp.OssManagement.GetStaticFileInput)
2024-10-21 10:25:33 [WRN] [Volo.Abp.AspNetCore.Mvc.AspNetCoreApiDescriptionModelProvider] [42856] [89] - Controller 'StaticFiles' contains more than one action with name 'GetAsyncByInput' for module 'oss-management'. Ignored: System.Threading.Tasks.Task`1[Volo.Abp.Content.IRemoteStreamContent] GetAsync(ZQH.Abp.OssManagement.GetStaticFileInput)
2024-10-21 10:25:33 [WRN] [Volo.Abp.AspNetCore.Mvc.AspNetCoreApiDescriptionModelProvider] [42856] [89] - Controller 'StaticFiles' contains more than one action with name 'GetAsyncByInput' for module 'oss-management'. Ignored: System.Threading.Tasks.Task`1[Volo.Abp.Content.IRemoteStreamContent] GetAsync(ZQH.Abp.OssManagement.GetStaticFileInput)
2024-10-21 10:25:33 [WRN] [Volo.Abp.AspNetCore.Mvc.AspNetCoreApiDescriptionModelProvider] [42856] [89] - Controller 'StaticFiles' contains more than one action with name 'GetAsyncByInput' for module 'oss-management'. Ignored: System.Threading.Tasks.Task`1[Volo.Abp.Content.IRemoteStreamContent] GetAsync(ZQH.Abp.OssManagement.GetStaticFileInput)
2024-10-21 10:25:33 [WRN] [Volo.Abp.AspNetCore.Mvc.AspNetCoreApiDescriptionModelProvider] [42856] [89] - Controller 'Package' contains more than one action with name 'GetLatestAsyncByInput' for module 'platform'. Ignored: System.Threading.Tasks.Task`1[ZQH.Platform.Packages.PackageDto] GetLatestAsync(ZQH.Platform.Packages.PackageGetLatestInput)
2024-10-21 10:54:10 [INF] [ZQH.MicroService.PlatformManagement.BackgroundWorkers.OssObjectTempCleanupBackgroundWorker] [42856] [69] - Lock is acquired for OssObjectTempCleanupBackgroundWorker
2024-10-21 10:54:10 [INF] [ZQH.Abp.OssManagement.OssObjectTempCleanupService] [42856] [69] - Start cleanup.
2024-10-21 10:54:10 [INF] [ZQH.Abp.OssManagement.OssObjectTempCleanupService] [42856] [69] - Start cleanup host temp objects.
2024-10-21 10:54:10 [INF] [ZQH.MicroService.PlatformManagement.BackgroundWorkers.OssObjectTempCleanupBackgroundWorker] [42856] [69] - Lock is released for OssObjectTempCleanupBackgroundWorker
2024-10-21 11:25:30 [WRN] [Microsoft.AspNetCore.Http.ResponseCookies] [42856] [103] - The cookie 'XSRF-TOKEN' has set 'SameSite=None' and must also set 'Secure'.
2024-10-21 11:25:34 [WRN] [Volo.Abp.AspNetCore.Mvc.AspNetCoreApiDescriptionModelProvider] [42856] [90] - Controller 'PrivateFiles' contains more than one action with name 'UploadAsyncByInput' for module 'oss-management'. Ignored: System.Threading.Tasks.Task UploadAsync(ZQH.Abp.OssManagement.UploadFileChunkInput)
2024-10-21 11:25:34 [WRN] [Volo.Abp.AspNetCore.Mvc.AspNetCoreApiDescriptionModelProvider] [42856] [90] - Controller 'PrivateFiles' contains more than one action with name 'GetAsyncByInput' for module 'oss-management'. Ignored: System.Threading.Tasks.Task`1[Volo.Abp.Content.IRemoteStreamContent] GetAsync(ZQH.Abp.OssManagement.GetPublicFileInput)
2024-10-21 11:25:34 [WRN] [Volo.Abp.AspNetCore.Mvc.AspNetCoreApiDescriptionModelProvider] [42856] [90] - Controller 'PrivateFiles' contains more than one action with name 'GetAsyncByInput' for module 'oss-management'. Ignored: System.Threading.Tasks.Task`1[Volo.Abp.Content.IRemoteStreamContent] GetAsync(ZQH.Abp.OssManagement.GetPublicFileInput)
2024-10-21 11:25:34 [WRN] [Volo.Abp.AspNetCore.Mvc.AspNetCoreApiDescriptionModelProvider] [42856] [90] - Controller 'PrivateFiles' contains more than one action with name 'GetAsyncByInput' for module 'oss-management'. Ignored: System.Threading.Tasks.Task`1[Volo.Abp.Content.IRemoteStreamContent] GetAsync(ZQH.Abp.OssManagement.GetPublicFileInput)
2024-10-21 11:25:34 [WRN] [Volo.Abp.AspNetCore.Mvc.AspNetCoreApiDescriptionModelProvider] [42856] [90] - Controller 'PrivateFiles' contains more than one action with name 'GetAsyncByInput' for module 'oss-management'. Ignored: System.Threading.Tasks.Task`1[Volo.Abp.Content.IRemoteStreamContent] GetAsync(ZQH.Abp.OssManagement.GetPublicFileInput)
2024-10-21 11:25:34 [WRN] [Volo.Abp.AspNetCore.Mvc.AspNetCoreApiDescriptionModelProvider] [42856] [90] - Controller 'PrivateFiles' contains more than one action with name 'GetAsyncByInput' for module 'oss-management'. Ignored: System.Threading.Tasks.Task`1[Volo.Abp.Content.IRemoteStreamContent] GetAsync(ZQH.Abp.OssManagement.GetPublicFileInput)
2024-10-21 11:25:34 [WRN] [Volo.Abp.AspNetCore.Mvc.AspNetCoreApiDescriptionModelProvider] [42856] [90] - Controller 'PrivateFiles' contains more than one action with name 'GetAsyncByInput' for module 'oss-management'. Ignored: System.Threading.Tasks.Task`1[Volo.Abp.Content.IRemoteStreamContent] GetAsync(ZQH.Abp.OssManagement.GetPublicFileInput)
2024-10-21 11:25:34 [WRN] [Volo.Abp.AspNetCore.Mvc.AspNetCoreApiDescriptionModelProvider] [42856] [90] - Controller 'PrivateFiles' contains more than one action with name 'GetAsyncByInput' for module 'oss-management'. Ignored: System.Threading.Tasks.Task`1[Volo.Abp.Content.IRemoteStreamContent] GetAsync(ZQH.Abp.OssManagement.GetPublicFileInput)
2024-10-21 11:25:34 [WRN] [Volo.Abp.AspNetCore.Mvc.AspNetCoreApiDescriptionModelProvider] [42856] [90] - Controller 'PublicFiles' contains more than one action with name 'UploadAsyncByInput' for module 'oss-management'. Ignored: System.Threading.Tasks.Task UploadAsync(ZQH.Abp.OssManagement.UploadFileChunkInput)
2024-10-21 11:25:34 [WRN] [Volo.Abp.AspNetCore.Mvc.AspNetCoreApiDescriptionModelProvider] [42856] [90] - Controller 'PublicFiles' contains more than one action with name 'GetAsyncByInput' for module 'oss-management'. Ignored: System.Threading.Tasks.Task`1[Volo.Abp.Content.IRemoteStreamContent] GetAsync(ZQH.Abp.OssManagement.GetPublicFileInput)
2024-10-21 11:25:34 [WRN] [Volo.Abp.AspNetCore.Mvc.AspNetCoreApiDescriptionModelProvider] [42856] [90] - Controller 'PublicFiles' contains more than one action with name 'GetAsyncByInput' for module 'oss-management'. Ignored: System.Threading.Tasks.Task`1[Volo.Abp.Content.IRemoteStreamContent] GetAsync(ZQH.Abp.OssManagement.GetPublicFileInput)
2024-10-21 11:25:34 [WRN] [Volo.Abp.AspNetCore.Mvc.AspNetCoreApiDescriptionModelProvider] [42856] [90] - Controller 'PublicFiles' contains more than one action with name 'GetAsyncByInput' for module 'oss-management'. Ignored: System.Threading.Tasks.Task`1[Volo.Abp.Content.IRemoteStreamContent] GetAsync(ZQH.Abp.OssManagement.GetPublicFileInput)
2024-10-21 11:25:34 [WRN] [Volo.Abp.AspNetCore.Mvc.AspNetCoreApiDescriptionModelProvider] [42856] [90] - Controller 'PublicFiles' contains more than one action with name 'GetAsyncByInput' for module 'oss-management'. Ignored: System.Threading.Tasks.Task`1[Volo.Abp.Content.IRemoteStreamContent] GetAsync(ZQH.Abp.OssManagement.GetPublicFileInput)
2024-10-21 11:25:34 [WRN] [Volo.Abp.AspNetCore.Mvc.AspNetCoreApiDescriptionModelProvider] [42856] [90] - Controller 'PublicFiles' contains more than one action with name 'GetAsyncByInput' for module 'oss-management'. Ignored: System.Threading.Tasks.Task`1[Volo.Abp.Content.IRemoteStreamContent] GetAsync(ZQH.Abp.OssManagement.GetPublicFileInput)
2024-10-21 11:25:34 [WRN] [Volo.Abp.AspNetCore.Mvc.AspNetCoreApiDescriptionModelProvider] [42856] [90] - Controller 'PublicFiles' contains more than one action with name 'GetAsyncByInput' for module 'oss-management'. Ignored: System.Threading.Tasks.Task`1[Volo.Abp.Content.IRemoteStreamContent] GetAsync(ZQH.Abp.OssManagement.GetPublicFileInput)
2024-10-21 11:25:34 [WRN] [Volo.Abp.AspNetCore.Mvc.AspNetCoreApiDescriptionModelProvider] [42856] [90] - Controller 'PublicFiles' contains more than one action with name 'GetAsyncByInput' for module 'oss-management'. Ignored: System.Threading.Tasks.Task`1[Volo.Abp.Content.IRemoteStreamContent] GetAsync(ZQH.Abp.OssManagement.GetPublicFileInput)
2024-10-21 11:25:34 [WRN] [Volo.Abp.AspNetCore.Mvc.AspNetCoreApiDescriptionModelProvider] [42856] [90] - Controller 'StaticFiles' contains more than one action with name 'GetAsyncByInput' for module 'oss-management'. Ignored: System.Threading.Tasks.Task`1[Volo.Abp.Content.IRemoteStreamContent] GetAsync(ZQH.Abp.OssManagement.GetStaticFileInput)
2024-10-21 11:25:34 [WRN] [Volo.Abp.AspNetCore.Mvc.AspNetCoreApiDescriptionModelProvider] [42856] [90] - Controller 'StaticFiles' contains more than one action with name 'GetAsyncByInput' for module 'oss-management'. Ignored: System.Threading.Tasks.Task`1[Volo.Abp.Content.IRemoteStreamContent] GetAsync(ZQH.Abp.OssManagement.GetStaticFileInput)
2024-10-21 11:25:34 [WRN] [Volo.Abp.AspNetCore.Mvc.AspNetCoreApiDescriptionModelProvider] [42856] [90] - Controller 'StaticFiles' contains more than one action with name 'GetAsyncByInput' for module 'oss-management'. Ignored: System.Threading.Tasks.Task`1[Volo.Abp.Content.IRemoteStreamContent] GetAsync(ZQH.Abp.OssManagement.GetStaticFileInput)
2024-10-21 11:25:34 [WRN] [Volo.Abp.AspNetCore.Mvc.AspNetCoreApiDescriptionModelProvider] [42856] [90] - Controller 'StaticFiles' contains more than one action with name 'GetAsyncByInput' for module 'oss-management'. Ignored: System.Threading.Tasks.Task`1[Volo.Abp.Content.IRemoteStreamContent] GetAsync(ZQH.Abp.OssManagement.GetStaticFileInput)
2024-10-21 11:25:34 [WRN] [Volo.Abp.AspNetCore.Mvc.AspNetCoreApiDescriptionModelProvider] [42856] [90] - Controller 'StaticFiles' contains more than one action with name 'GetAsyncByInput' for module 'oss-management'. Ignored: System.Threading.Tasks.Task`1[Volo.Abp.Content.IRemoteStreamContent] GetAsync(ZQH.Abp.OssManagement.GetStaticFileInput)
2024-10-21 11:25:34 [WRN] [Volo.Abp.AspNetCore.Mvc.AspNetCoreApiDescriptionModelProvider] [42856] [90] - Controller 'StaticFiles' contains more than one action with name 'GetAsyncByInput' for module 'oss-management'. Ignored: System.Threading.Tasks.Task`1[Volo.Abp.Content.IRemoteStreamContent] GetAsync(ZQH.Abp.OssManagement.GetStaticFileInput)
2024-10-21 11:25:34 [WRN] [Volo.Abp.AspNetCore.Mvc.AspNetCoreApiDescriptionModelProvider] [42856] [90] - Controller 'StaticFiles' contains more than one action with name 'GetAsyncByInput' for module 'oss-management'. Ignored: System.Threading.Tasks.Task`1[Volo.Abp.Content.IRemoteStreamContent] GetAsync(ZQH.Abp.OssManagement.GetStaticFileInput)
2024-10-21 11:25:34 [WRN] [Volo.Abp.AspNetCore.Mvc.AspNetCoreApiDescriptionModelProvider] [42856] [90] - Controller 'Package' contains more than one action with name 'GetLatestAsyncByInput' for module 'platform'. Ignored: System.Threading.Tasks.Task`1[ZQH.Platform.Packages.PackageDto] GetLatestAsync(ZQH.Platform.Packages.PackageGetLatestInput)
2024-10-21 11:26:39 [WRN] [Microsoft.AspNetCore.Http.ResponseCookies] [42856] [103] - The cookie 'XSRF-TOKEN' has set 'SameSite=None' and must also set 'Secure'.
2024-10-21 11:26:42 [WRN] [Volo.Abp.AspNetCore.Mvc.AspNetCoreApiDescriptionModelProvider] [42856] [71] - Controller 'PrivateFiles' contains more than one action with name 'UploadAsyncByInput' for module 'oss-management'. Ignored: System.Threading.Tasks.Task UploadAsync(ZQH.Abp.OssManagement.UploadFileChunkInput)
2024-10-21 11:26:42 [WRN] [Volo.Abp.AspNetCore.Mvc.AspNetCoreApiDescriptionModelProvider] [42856] [71] - Controller 'PrivateFiles' contains more than one action with name 'GetAsyncByInput' for module 'oss-management'. Ignored: System.Threading.Tasks.Task`1[Volo.Abp.Content.IRemoteStreamContent] GetAsync(ZQH.Abp.OssManagement.GetPublicFileInput)
2024-10-21 11:26:42 [WRN] [Volo.Abp.AspNetCore.Mvc.AspNetCoreApiDescriptionModelProvider] [42856] [71] - Controller 'PrivateFiles' contains more than one action with name 'GetAsyncByInput' for module 'oss-management'. Ignored: System.Threading.Tasks.Task`1[Volo.Abp.Content.IRemoteStreamContent] GetAsync(ZQH.Abp.OssManagement.GetPublicFileInput)
2024-10-21 11:26:42 [WRN] [Volo.Abp.AspNetCore.Mvc.AspNetCoreApiDescriptionModelProvider] [42856] [71] - Controller 'PrivateFiles' contains more than one action with name 'GetAsyncByInput' for module 'oss-management'. Ignored: System.Threading.Tasks.Task`1[Volo.Abp.Content.IRemoteStreamContent] GetAsync(ZQH.Abp.OssManagement.GetPublicFileInput)
2024-10-21 11:26:42 [WRN] [Volo.Abp.AspNetCore.Mvc.AspNetCoreApiDescriptionModelProvider] [42856] [71] - Controller 'PrivateFiles' contains more than one action with name 'GetAsyncByInput' for module 'oss-management'. Ignored: System.Threading.Tasks.Task`1[Volo.Abp.Content.IRemoteStreamContent] GetAsync(ZQH.Abp.OssManagement.GetPublicFileInput)
2024-10-21 11:26:42 [WRN] [Volo.Abp.AspNetCore.Mvc.AspNetCoreApiDescriptionModelProvider] [42856] [71] - Controller 'PrivateFiles' contains more than one action with name 'GetAsyncByInput' for module 'oss-management'. Ignored: System.Threading.Tasks.Task`1[Volo.Abp.Content.IRemoteStreamContent] GetAsync(ZQH.Abp.OssManagement.GetPublicFileInput)
2024-10-21 11:26:42 [WRN] [Volo.Abp.AspNetCore.Mvc.AspNetCoreApiDescriptionModelProvider] [42856] [71] - Controller 'PrivateFiles' contains more than one action with name 'GetAsyncByInput' for module 'oss-management'. Ignored: System.Threading.Tasks.Task`1[Volo.Abp.Content.IRemoteStreamContent] GetAsync(ZQH.Abp.OssManagement.GetPublicFileInput)
2024-10-21 11:26:42 [WRN] [Volo.Abp.AspNetCore.Mvc.AspNetCoreApiDescriptionModelProvider] [42856] [71] - Controller 'PrivateFiles' contains more than one action with name 'GetAsyncByInput' for module 'oss-management'. Ignored: System.Threading.Tasks.Task`1[Volo.Abp.Content.IRemoteStreamContent] GetAsync(ZQH.Abp.OssManagement.GetPublicFileInput)
2024-10-21 11:26:42 [WRN] [Volo.Abp.AspNetCore.Mvc.AspNetCoreApiDescriptionModelProvider] [42856] [71] - Controller 'PublicFiles' contains more than one action with name 'UploadAsyncByInput' for module 'oss-management'. Ignored: System.Threading.Tasks.Task UploadAsync(ZQH.Abp.OssManagement.UploadFileChunkInput)
2024-10-21 11:26:42 [WRN] [Volo.Abp.AspNetCore.Mvc.AspNetCoreApiDescriptionModelProvider] [42856] [71] - Controller 'PublicFiles' contains more than one action with name 'GetAsyncByInput' for module 'oss-management'. Ignored: System.Threading.Tasks.Task`1[Volo.Abp.Content.IRemoteStreamContent] GetAsync(ZQH.Abp.OssManagement.GetPublicFileInput)
2024-10-21 11:26:42 [WRN] [Volo.Abp.AspNetCore.Mvc.AspNetCoreApiDescriptionModelProvider] [42856] [71] - Controller 'PublicFiles' contains more than one action with name 'GetAsyncByInput' for module 'oss-management'. Ignored: System.Threading.Tasks.Task`1[Volo.Abp.Content.IRemoteStreamContent] GetAsync(ZQH.Abp.OssManagement.GetPublicFileInput)
2024-10-21 11:26:42 [WRN] [Volo.Abp.AspNetCore.Mvc.AspNetCoreApiDescriptionModelProvider] [42856] [71] - Controller 'PublicFiles' contains more than one action with name 'GetAsyncByInput' for module 'oss-management'. Ignored: System.Threading.Tasks.Task`1[Volo.Abp.Content.IRemoteStreamContent] GetAsync(ZQH.Abp.OssManagement.GetPublicFileInput)
2024-10-21 11:26:42 [WRN] [Volo.Abp.AspNetCore.Mvc.AspNetCoreApiDescriptionModelProvider] [42856] [71] - Controller 'PublicFiles' contains more than one action with name 'GetAsyncByInput' for module 'oss-management'. Ignored: System.Threading.Tasks.Task`1[Volo.Abp.Content.IRemoteStreamContent] GetAsync(ZQH.Abp.OssManagement.GetPublicFileInput)
2024-10-21 11:26:42 [WRN] [Volo.Abp.AspNetCore.Mvc.AspNetCoreApiDescriptionModelProvider] [42856] [71] - Controller 'PublicFiles' contains more than one action with name 'GetAsyncByInput' for module 'oss-management'. Ignored: System.Threading.Tasks.Task`1[Volo.Abp.Content.IRemoteStreamContent] GetAsync(ZQH.Abp.OssManagement.GetPublicFileInput)
2024-10-21 11:26:42 [WRN] [Volo.Abp.AspNetCore.Mvc.AspNetCoreApiDescriptionModelProvider] [42856] [71] - Controller 'PublicFiles' contains more than one action with name 'GetAsyncByInput' for module 'oss-management'. Ignored: System.Threading.Tasks.Task`1[Volo.Abp.Content.IRemoteStreamContent] GetAsync(ZQH.Abp.OssManagement.GetPublicFileInput)
2024-10-21 11:26:42 [WRN] [Volo.Abp.AspNetCore.Mvc.AspNetCoreApiDescriptionModelProvider] [42856] [71] - Controller 'PublicFiles' contains more than one action with name 'GetAsyncByInput' for module 'oss-management'. Ignored: System.Threading.Tasks.Task`1[Volo.Abp.Content.IRemoteStreamContent] GetAsync(ZQH.Abp.OssManagement.GetPublicFileInput)
2024-10-21 11:26:42 [WRN] [Volo.Abp.AspNetCore.Mvc.AspNetCoreApiDescriptionModelProvider] [42856] [71] - Controller 'StaticFiles' contains more than one action with name 'GetAsyncByInput' for module 'oss-management'. Ignored: System.Threading.Tasks.Task`1[Volo.Abp.Content.IRemoteStreamContent] GetAsync(ZQH.Abp.OssManagement.GetStaticFileInput)
2024-10-21 11:26:42 [WRN] [Volo.Abp.AspNetCore.Mvc.AspNetCoreApiDescriptionModelProvider] [42856] [71] - Controller 'StaticFiles' contains more than one action with name 'GetAsyncByInput' for module 'oss-management'. Ignored: System.Threading.Tasks.Task`1[Volo.Abp.Content.IRemoteStreamContent] GetAsync(ZQH.Abp.OssManagement.GetStaticFileInput)
2024-10-21 11:26:42 [WRN] [Volo.Abp.AspNetCore.Mvc.AspNetCoreApiDescriptionModelProvider] [42856] [71] - Controller 'StaticFiles' contains more than one action with name 'GetAsyncByInput' for module 'oss-management'. Ignored: System.Threading.Tasks.Task`1[Volo.Abp.Content.IRemoteStreamContent] GetAsync(ZQH.Abp.OssManagement.GetStaticFileInput)
2024-10-21 11:26:42 [WRN] [Volo.Abp.AspNetCore.Mvc.AspNetCoreApiDescriptionModelProvider] [42856] [71] - Controller 'StaticFiles' contains more than one action with name 'GetAsyncByInput' for module 'oss-management'. Ignored: System.Threading.Tasks.Task`1[Volo.Abp.Content.IRemoteStreamContent] GetAsync(ZQH.Abp.OssManagement.GetStaticFileInput)
2024-10-21 11:26:42 [WRN] [Volo.Abp.AspNetCore.Mvc.AspNetCoreApiDescriptionModelProvider] [42856] [71] - Controller 'StaticFiles' contains more than one action with name 'GetAsyncByInput' for module 'oss-management'. Ignored: System.Threading.Tasks.Task`1[Volo.Abp.Content.IRemoteStreamContent] GetAsync(ZQH.Abp.OssManagement.GetStaticFileInput)
2024-10-21 11:26:42 [WRN] [Volo.Abp.AspNetCore.Mvc.AspNetCoreApiDescriptionModelProvider] [42856] [71] - Controller 'StaticFiles' contains more than one action with name 'GetAsyncByInput' for module 'oss-management'. Ignored: System.Threading.Tasks.Task`1[Volo.Abp.Content.IRemoteStreamContent] GetAsync(ZQH.Abp.OssManagement.GetStaticFileInput)
2024-10-21 11:26:42 [WRN] [Volo.Abp.AspNetCore.Mvc.AspNetCoreApiDescriptionModelProvider] [42856] [71] - Controller 'StaticFiles' contains more than one action with name 'GetAsyncByInput' for module 'oss-management'. Ignored: System.Threading.Tasks.Task`1[Volo.Abp.Content.IRemoteStreamContent] GetAsync(ZQH.Abp.OssManagement.GetStaticFileInput)
2024-10-21 11:26:42 [WRN] [Volo.Abp.AspNetCore.Mvc.AspNetCoreApiDescriptionModelProvider] [42856] [71] - Controller 'Package' contains more than one action with name 'GetLatestAsyncByInput' for module 'platform'. Ignored: System.Threading.Tasks.Task`1[ZQH.Platform.Packages.PackageDto] GetLatestAsync(ZQH.Platform.Packages.PackageGetLatestInput)
2024-10-21 11:54:09 [WRN] [Microsoft.AspNetCore.Http.ResponseCookies] [42856] [90] - The cookie 'XSRF-TOKEN' has set 'SameSite=None' and must also set 'Secure'.
2024-10-21 11:54:13 [WRN] [Volo.Abp.AspNetCore.Mvc.AspNetCoreApiDescriptionModelProvider] [42856] [103] - Controller 'PrivateFiles' contains more than one action with name 'UploadAsyncByInput' for module 'oss-management'. Ignored: System.Threading.Tasks.Task UploadAsync(ZQH.Abp.OssManagement.UploadFileChunkInput)
2024-10-21 11:54:13 [WRN] [Volo.Abp.AspNetCore.Mvc.AspNetCoreApiDescriptionModelProvider] [42856] [103] - Controller 'PrivateFiles' contains more than one action with name 'GetAsyncByInput' for module 'oss-management'. Ignored: System.Threading.Tasks.Task`1[Volo.Abp.Content.IRemoteStreamContent] GetAsync(ZQH.Abp.OssManagement.GetPublicFileInput)
2024-10-21 11:54:13 [WRN] [Volo.Abp.AspNetCore.Mvc.AspNetCoreApiDescriptionModelProvider] [42856] [103] - Controller 'PrivateFiles' contains more than one action with name 'GetAsyncByInput' for module 'oss-management'. Ignored: System.Threading.Tasks.Task`1[Volo.Abp.Content.IRemoteStreamContent] GetAsync(ZQH.Abp.OssManagement.GetPublicFileInput)
2024-10-21 11:54:13 [WRN] [Volo.Abp.AspNetCore.Mvc.AspNetCoreApiDescriptionModelProvider] [42856] [103] - Controller 'PrivateFiles' contains more than one action with name 'GetAsyncByInput' for module 'oss-management'. Ignored: System.Threading.Tasks.Task`1[Volo.Abp.Content.IRemoteStreamContent] GetAsync(ZQH.Abp.OssManagement.GetPublicFileInput)
2024-10-21 11:54:13 [WRN] [Volo.Abp.AspNetCore.Mvc.AspNetCoreApiDescriptionModelProvider] [42856] [103] - Controller 'PrivateFiles' contains more than one action with name 'GetAsyncByInput' for module 'oss-management'. Ignored: System.Threading.Tasks.Task`1[Volo.Abp.Content.IRemoteStreamContent] GetAsync(ZQH.Abp.OssManagement.GetPublicFileInput)
2024-10-21 11:54:13 [WRN] [Volo.Abp.AspNetCore.Mvc.AspNetCoreApiDescriptionModelProvider] [42856] [103] - Controller 'PrivateFiles' contains more than one action with name 'GetAsyncByInput' for module 'oss-management'. Ignored: System.Threading.Tasks.Task`1[Volo.Abp.Content.IRemoteStreamContent] GetAsync(ZQH.Abp.OssManagement.GetPublicFileInput)
2024-10-21 11:54:13 [WRN] [Volo.Abp.AspNetCore.Mvc.AspNetCoreApiDescriptionModelProvider] [42856] [103] - Controller 'PrivateFiles' contains more than one action with name 'GetAsyncByInput' for module 'oss-management'. Ignored: System.Threading.Tasks.Task`1[Volo.Abp.Content.IRemoteStreamContent] GetAsync(ZQH.Abp.OssManagement.GetPublicFileInput)
2024-10-21 11:54:13 [WRN] [Volo.Abp.AspNetCore.Mvc.AspNetCoreApiDescriptionModelProvider] [42856] [103] - Controller 'PrivateFiles' contains more than one action with name 'GetAsyncByInput' for module 'oss-management'. Ignored: System.Threading.Tasks.Task`1[Volo.Abp.Content.IRemoteStreamContent] GetAsync(ZQH.Abp.OssManagement.GetPublicFileInput)
2024-10-21 11:54:13 [WRN] [Volo.Abp.AspNetCore.Mvc.AspNetCoreApiDescriptionModelProvider] [42856] [103] - Controller 'PublicFiles' contains more than one action with name 'UploadAsyncByInput' for module 'oss-management'. Ignored: System.Threading.Tasks.Task UploadAsync(ZQH.Abp.OssManagement.UploadFileChunkInput)
2024-10-21 11:54:13 [WRN] [Volo.Abp.AspNetCore.Mvc.AspNetCoreApiDescriptionModelProvider] [42856] [103] - Controller 'PublicFiles' contains more than one action with name 'GetAsyncByInput' for module 'oss-management'. Ignored: System.Threading.Tasks.Task`1[Volo.Abp.Content.IRemoteStreamContent] GetAsync(ZQH.Abp.OssManagement.GetPublicFileInput)
2024-10-21 11:54:13 [WRN] [Volo.Abp.AspNetCore.Mvc.AspNetCoreApiDescriptionModelProvider] [42856] [103] - Controller 'PublicFiles' contains more than one action with name 'GetAsyncByInput' for module 'oss-management'. Ignored: System.Threading.Tasks.Task`1[Volo.Abp.Content.IRemoteStreamContent] GetAsync(ZQH.Abp.OssManagement.GetPublicFileInput)
2024-10-21 11:54:13 [WRN] [Volo.Abp.AspNetCore.Mvc.AspNetCoreApiDescriptionModelProvider] [42856] [103] - Controller 'PublicFiles' contains more than one action with name 'GetAsyncByInput' for module 'oss-management'. Ignored: System.Threading.Tasks.Task`1[Volo.Abp.Content.IRemoteStreamContent] GetAsync(ZQH.Abp.OssManagement.GetPublicFileInput)
2024-10-21 11:54:13 [WRN] [Volo.Abp.AspNetCore.Mvc.AspNetCoreApiDescriptionModelProvider] [42856] [103] - Controller 'PublicFiles' contains more than one action with name 'GetAsyncByInput' for module 'oss-management'. Ignored: System.Threading.Tasks.Task`1[Volo.Abp.Content.IRemoteStreamContent] GetAsync(ZQH.Abp.OssManagement.GetPublicFileInput)
2024-10-21 11:54:13 [WRN] [Volo.Abp.AspNetCore.Mvc.AspNetCoreApiDescriptionModelProvider] [42856] [103] - Controller 'PublicFiles' contains more than one action with name 'GetAsyncByInput' for module 'oss-management'. Ignored: System.Threading.Tasks.Task`1[Volo.Abp.Content.IRemoteStreamContent] GetAsync(ZQH.Abp.OssManagement.GetPublicFileInput)
2024-10-21 11:54:13 [WRN] [Volo.Abp.AspNetCore.Mvc.AspNetCoreApiDescriptionModelProvider] [42856] [103] - Controller 'PublicFiles' contains more than one action with name 'GetAsyncByInput' for module 'oss-management'. Ignored: System.Threading.Tasks.Task`1[Volo.Abp.Content.IRemoteStreamContent] GetAsync(ZQH.Abp.OssManagement.GetPublicFileInput)
2024-10-21 11:54:13 [WRN] [Volo.Abp.AspNetCore.Mvc.AspNetCoreApiDescriptionModelProvider] [42856] [103] - Controller 'PublicFiles' contains more than one action with name 'GetAsyncByInput' for module 'oss-management'. Ignored: System.Threading.Tasks.Task`1[Volo.Abp.Content.IRemoteStreamContent] GetAsync(ZQH.Abp.OssManagement.GetPublicFileInput)
2024-10-21 11:54:13 [WRN] [Volo.Abp.AspNetCore.Mvc.AspNetCoreApiDescriptionModelProvider] [42856] [103] - Controller 'StaticFiles' contains more than one action with name 'GetAsyncByInput' for module 'oss-management'. Ignored: System.Threading.Tasks.Task`1[Volo.Abp.Content.IRemoteStreamContent] GetAsync(ZQH.Abp.OssManagement.GetStaticFileInput)
2024-10-21 11:54:13 [WRN] [Volo.Abp.AspNetCore.Mvc.AspNetCoreApiDescriptionModelProvider] [42856] [103] - Controller 'StaticFiles' contains more than one action with name 'GetAsyncByInput' for module 'oss-management'. Ignored: System.Threading.Tasks.Task`1[Volo.Abp.Content.IRemoteStreamContent] GetAsync(ZQH.Abp.OssManagement.GetStaticFileInput)
2024-10-21 11:54:13 [WRN] [Volo.Abp.AspNetCore.Mvc.AspNetCoreApiDescriptionModelProvider] [42856] [103] - Controller 'StaticFiles' contains more than one action with name 'GetAsyncByInput' for module 'oss-management'. Ignored: System.Threading.Tasks.Task`1[Volo.Abp.Content.IRemoteStreamContent] GetAsync(ZQH.Abp.OssManagement.GetStaticFileInput)
2024-10-21 11:54:13 [WRN] [Volo.Abp.AspNetCore.Mvc.AspNetCoreApiDescriptionModelProvider] [42856] [103] - Controller 'StaticFiles' contains more than one action with name 'GetAsyncByInput' for module 'oss-management'. Ignored: System.Threading.Tasks.Task`1[Volo.Abp.Content.IRemoteStreamContent] GetAsync(ZQH.Abp.OssManagement.GetStaticFileInput)
2024-10-21 11:54:13 [WRN] [Volo.Abp.AspNetCore.Mvc.AspNetCoreApiDescriptionModelProvider] [42856] [103] - Controller 'StaticFiles' contains more than one action with name 'GetAsyncByInput' for module 'oss-management'. Ignored: System.Threading.Tasks.Task`1[Volo.Abp.Content.IRemoteStreamContent] GetAsync(ZQH.Abp.OssManagement.GetStaticFileInput)
2024-10-21 11:54:13 [WRN] [Volo.Abp.AspNetCore.Mvc.AspNetCoreApiDescriptionModelProvider] [42856] [103] - Controller 'StaticFiles' contains more than one action with name 'GetAsyncByInput' for module 'oss-management'. Ignored: System.Threading.Tasks.Task`1[Volo.Abp.Content.IRemoteStreamContent] GetAsync(ZQH.Abp.OssManagement.GetStaticFileInput)
2024-10-21 11:54:13 [WRN] [Volo.Abp.AspNetCore.Mvc.AspNetCoreApiDescriptionModelProvider] [42856] [103] - Controller 'StaticFiles' contains more than one action with name 'GetAsyncByInput' for module 'oss-management'. Ignored: System.Threading.Tasks.Task`1[Volo.Abp.Content.IRemoteStreamContent] GetAsync(ZQH.Abp.OssManagement.GetStaticFileInput)
2024-10-21 11:54:13 [WRN] [Volo.Abp.AspNetCore.Mvc.AspNetCoreApiDescriptionModelProvider] [42856] [103] - Controller 'Package' contains more than one action with name 'GetLatestAsyncByInput' for module 'platform'. Ignored: System.Threading.Tasks.Task`1[ZQH.Platform.Packages.PackageDto] GetLatestAsync(ZQH.Platform.Packages.PackageGetLatestInput)
2024-10-21 12:21:01 [INF] [ZQH.MicroService.PlatformManagement.BackgroundWorkers.OssObjectTempCleanupBackgroundWorker] [42856] [10] - Lock is acquired for OssObjectTempCleanupBackgroundWorker
2024-10-21 12:21:01 [INF] [ZQH.Abp.OssManagement.OssObjectTempCleanupService] [42856] [10] - Start cleanup.
2024-10-21 12:21:01 [INF] [ZQH.Abp.OssManagement.OssObjectTempCleanupService] [42856] [10] - Start cleanup host temp objects.
2024-10-21 12:21:01 [INF] [ZQH.MicroService.PlatformManagement.BackgroundWorkers.OssObjectTempCleanupBackgroundWorker] [42856] [81] - Lock is released for OssObjectTempCleanupBackgroundWorker
2024-10-21 13:21:01 [INF] [ZQH.MicroService.PlatformManagement.BackgroundWorkers.OssObjectTempCleanupBackgroundWorker] [42856] [29] - Lock is acquired for OssObjectTempCleanupBackgroundWorker
2024-10-21 13:21:01 [INF] [ZQH.Abp.OssManagement.OssObjectTempCleanupService] [42856] [29] - Start cleanup.
2024-10-21 13:21:01 [INF] [ZQH.Abp.OssManagement.OssObjectTempCleanupService] [42856] [29] - Start cleanup host temp objects.
2024-10-21 13:21:01 [INF] [ZQH.MicroService.PlatformManagement.BackgroundWorkers.OssObjectTempCleanupBackgroundWorker] [42856] [99] - Lock is released for OssObjectTempCleanupBackgroundWorker
2024-10-21 14:21:01 [INF] [ZQH.MicroService.PlatformManagement.BackgroundWorkers.OssObjectTempCleanupBackgroundWorker] [42856] [68] - Lock is acquired for OssObjectTempCleanupBackgroundWorker
2024-10-21 14:21:01 [INF] [ZQH.Abp.OssManagement.OssObjectTempCleanupService] [42856] [68] - Start cleanup.
2024-10-21 14:21:01 [INF] [ZQH.Abp.OssManagement.OssObjectTempCleanupService] [42856] [68] - Start cleanup host temp objects.
2024-10-21 14:21:01 [INF] [ZQH.MicroService.PlatformManagement.BackgroundWorkers.OssObjectTempCleanupBackgroundWorker] [42856] [80] - Lock is released for OssObjectTempCleanupBackgroundWorker
2024-10-21 15:21:01 [INF] [ZQH.MicroService.PlatformManagement.BackgroundWorkers.OssObjectTempCleanupBackgroundWorker] [42856] [58] - Lock is acquired for OssObjectTempCleanupBackgroundWorker
2024-10-21 15:21:01 [INF] [ZQH.Abp.OssManagement.OssObjectTempCleanupService] [42856] [58] - Start cleanup.
2024-10-21 15:21:01 [INF] [ZQH.Abp.OssManagement.OssObjectTempCleanupService] [42856] [58] - Start cleanup host temp objects.
2024-10-21 15:21:01 [INF] [ZQH.MicroService.PlatformManagement.BackgroundWorkers.OssObjectTempCleanupBackgroundWorker] [42856] [58] - Lock is released for OssObjectTempCleanupBackgroundWorker
2024-10-21 16:21:01 [INF] [ZQH.MicroService.PlatformManagement.BackgroundWorkers.OssObjectTempCleanupBackgroundWorker] [42856] [111] - Lock is acquired for OssObjectTempCleanupBackgroundWorker
2024-10-21 16:21:01 [INF] [ZQH.Abp.OssManagement.OssObjectTempCleanupService] [42856] [111] - Start cleanup.
2024-10-21 16:21:01 [INF] [ZQH.Abp.OssManagement.OssObjectTempCleanupService] [42856] [111] - Start cleanup host temp objects.
2024-10-21 16:21:01 [INF] [ZQH.MicroService.PlatformManagement.BackgroundWorkers.OssObjectTempCleanupBackgroundWorker] [42856] [111] - Lock is released for OssObjectTempCleanupBackgroundWorker
2024-10-21 17:15:01 [WRN] [Microsoft.AspNetCore.Http.ResponseCookies] [42856] [75] - The cookie 'XSRF-TOKEN' has set 'SameSite=None' and must also set 'Secure'.
2024-10-21 17:15:04 [WRN] [Volo.Abp.AspNetCore.Mvc.AspNetCoreApiDescriptionModelProvider] [42856] [50] - Controller 'PrivateFiles' contains more than one action with name 'UploadAsyncByInput' for module 'oss-management'. Ignored: System.Threading.Tasks.Task UploadAsync(ZQH.Abp.OssManagement.UploadFileChunkInput)
2024-10-21 17:15:04 [WRN] [Volo.Abp.AspNetCore.Mvc.AspNetCoreApiDescriptionModelProvider] [42856] [50] - Controller 'PrivateFiles' contains more than one action with name 'GetAsyncByInput' for module 'oss-management'. Ignored: System.Threading.Tasks.Task`1[Volo.Abp.Content.IRemoteStreamContent] GetAsync(ZQH.Abp.OssManagement.GetPublicFileInput)
2024-10-21 17:15:04 [WRN] [Volo.Abp.AspNetCore.Mvc.AspNetCoreApiDescriptionModelProvider] [42856] [50] - Controller 'PrivateFiles' contains more than one action with name 'GetAsyncByInput' for module 'oss-management'. Ignored: System.Threading.Tasks.Task`1[Volo.Abp.Content.IRemoteStreamContent] GetAsync(ZQH.Abp.OssManagement.GetPublicFileInput)
2024-10-21 17:15:04 [WRN] [Volo.Abp.AspNetCore.Mvc.AspNetCoreApiDescriptionModelProvider] [42856] [50] - Controller 'PrivateFiles' contains more than one action with name 'GetAsyncByInput' for module 'oss-management'. Ignored: System.Threading.Tasks.Task`1[Volo.Abp.Content.IRemoteStreamContent] GetAsync(ZQH.Abp.OssManagement.GetPublicFileInput)
2024-10-21 17:15:04 [WRN] [Volo.Abp.AspNetCore.Mvc.AspNetCoreApiDescriptionModelProvider] [42856] [50] - Controller 'PrivateFiles' contains more than one action with name 'GetAsyncByInput' for module 'oss-management'. Ignored: System.Threading.Tasks.Task`1[Volo.Abp.Content.IRemoteStreamContent] GetAsync(ZQH.Abp.OssManagement.GetPublicFileInput)
2024-10-21 17:15:04 [WRN] [Volo.Abp.AspNetCore.Mvc.AspNetCoreApiDescriptionModelProvider] [42856] [50] - Controller 'PrivateFiles' contains more than one action with name 'GetAsyncByInput' for module 'oss-management'. Ignored: System.Threading.Tasks.Task`1[Volo.Abp.Content.IRemoteStreamContent] GetAsync(ZQH.Abp.OssManagement.GetPublicFileInput)
2024-10-21 17:15:04 [WRN] [Volo.Abp.AspNetCore.Mvc.AspNetCoreApiDescriptionModelProvider] [42856] [50] - Controller 'PrivateFiles' contains more than one action with name 'GetAsyncByInput' for module 'oss-management'. Ignored: System.Threading.Tasks.Task`1[Volo.Abp.Content.IRemoteStreamContent] GetAsync(ZQH.Abp.OssManagement.GetPublicFileInput)
2024-10-21 17:15:04 [WRN] [Volo.Abp.AspNetCore.Mvc.AspNetCoreApiDescriptionModelProvider] [42856] [50] - Controller 'PrivateFiles' contains more than one action with name 'GetAsyncByInput' for module 'oss-management'. Ignored: System.Threading.Tasks.Task`1[Volo.Abp.Content.IRemoteStreamContent] GetAsync(ZQH.Abp.OssManagement.GetPublicFileInput)
2024-10-21 17:15:04 [WRN] [Volo.Abp.AspNetCore.Mvc.AspNetCoreApiDescriptionModelProvider] [42856] [50] - Controller 'PublicFiles' contains more than one action with name 'UploadAsyncByInput' for module 'oss-management'. Ignored: System.Threading.Tasks.Task UploadAsync(ZQH.Abp.OssManagement.UploadFileChunkInput)
2024-10-21 17:15:04 [WRN] [Volo.Abp.AspNetCore.Mvc.AspNetCoreApiDescriptionModelProvider] [42856] [50] - Controller 'PublicFiles' contains more than one action with name 'GetAsyncByInput' for module 'oss-management'. Ignored: System.Threading.Tasks.Task`1[Volo.Abp.Content.IRemoteStreamContent] GetAsync(ZQH.Abp.OssManagement.GetPublicFileInput)
2024-10-21 17:15:04 [WRN] [Volo.Abp.AspNetCore.Mvc.AspNetCoreApiDescriptionModelProvider] [42856] [50] - Controller 'PublicFiles' contains more than one action with name 'GetAsyncByInput' for module 'oss-management'. Ignored: System.Threading.Tasks.Task`1[Volo.Abp.Content.IRemoteStreamContent] GetAsync(ZQH.Abp.OssManagement.GetPublicFileInput)
2024-10-21 17:15:04 [WRN] [Volo.Abp.AspNetCore.Mvc.AspNetCoreApiDescriptionModelProvider] [42856] [50] - Controller 'PublicFiles' contains more than one action with name 'GetAsyncByInput' for module 'oss-management'. Ignored: System.Threading.Tasks.Task`1[Volo.Abp.Content.IRemoteStreamContent] GetAsync(ZQH.Abp.OssManagement.GetPublicFileInput)
2024-10-21 17:15:04 [WRN] [Volo.Abp.AspNetCore.Mvc.AspNetCoreApiDescriptionModelProvider] [42856] [50] - Controller 'PublicFiles' contains more than one action with name 'GetAsyncByInput' for module 'oss-management'. Ignored: System.Threading.Tasks.Task`1[Volo.Abp.Content.IRemoteStreamContent] GetAsync(ZQH.Abp.OssManagement.GetPublicFileInput)
2024-10-21 17:15:04 [WRN] [Volo.Abp.AspNetCore.Mvc.AspNetCoreApiDescriptionModelProvider] [42856] [50] - Controller 'PublicFiles' contains more than one action with name 'GetAsyncByInput' for module 'oss-management'. Ignored: System.Threading.Tasks.Task`1[Volo.Abp.Content.IRemoteStreamContent] GetAsync(ZQH.Abp.OssManagement.GetPublicFileInput)
2024-10-21 17:15:04 [WRN] [Volo.Abp.AspNetCore.Mvc.AspNetCoreApiDescriptionModelProvider] [42856] [50] - Controller 'PublicFiles' contains more than one action with name 'GetAsyncByInput' for module 'oss-management'. Ignored: System.Threading.Tasks.Task`1[Volo.Abp.Content.IRemoteStreamContent] GetAsync(ZQH.Abp.OssManagement.GetPublicFileInput)
2024-10-21 17:15:04 [WRN] [Volo.Abp.AspNetCore.Mvc.AspNetCoreApiDescriptionModelProvider] [42856] [50] - Controller 'PublicFiles' contains more than one action with name 'GetAsyncByInput' for module 'oss-management'. Ignored: System.Threading.Tasks.Task`1[Volo.Abp.Content.IRemoteStreamContent] GetAsync(ZQH.Abp.OssManagement.GetPublicFileInput)
2024-10-21 17:15:04 [WRN] [Volo.Abp.AspNetCore.Mvc.AspNetCoreApiDescriptionModelProvider] [42856] [50] - Controller 'StaticFiles' contains more than one action with name 'GetAsyncByInput' for module 'oss-management'. Ignored: System.Threading.Tasks.Task`1[Volo.Abp.Content.IRemoteStreamContent] GetAsync(ZQH.Abp.OssManagement.GetStaticFileInput)
2024-10-21 17:15:04 [WRN] [Volo.Abp.AspNetCore.Mvc.AspNetCoreApiDescriptionModelProvider] [42856] [50] - Controller 'StaticFiles' contains more than one action with name 'GetAsyncByInput' for module 'oss-management'. Ignored: System.Threading.Tasks.Task`1[Volo.Abp.Content.IRemoteStreamContent] GetAsync(ZQH.Abp.OssManagement.GetStaticFileInput)
2024-10-21 17:15:04 [WRN] [Volo.Abp.AspNetCore.Mvc.AspNetCoreApiDescriptionModelProvider] [42856] [50] - Controller 'StaticFiles' contains more than one action with name 'GetAsyncByInput' for module 'oss-management'. Ignored: System.Threading.Tasks.Task`1[Volo.Abp.Content.IRemoteStreamContent] GetAsync(ZQH.Abp.OssManagement.GetStaticFileInput)
2024-10-21 17:15:04 [WRN] [Volo.Abp.AspNetCore.Mvc.AspNetCoreApiDescriptionModelProvider] [42856] [50] - Controller 'StaticFiles' contains more than one action with name 'GetAsyncByInput' for module 'oss-management'. Ignored: System.Threading.Tasks.Task`1[Volo.Abp.Content.IRemoteStreamContent] GetAsync(ZQH.Abp.OssManagement.GetStaticFileInput)
2024-10-21 17:15:04 [WRN] [Volo.Abp.AspNetCore.Mvc.AspNetCoreApiDescriptionModelProvider] [42856] [50] - Controller 'StaticFiles' contains more than one action with name 'GetAsyncByInput' for module 'oss-management'. Ignored: System.Threading.Tasks.Task`1[Volo.Abp.Content.IRemoteStreamContent] GetAsync(ZQH.Abp.OssManagement.GetStaticFileInput)
2024-10-21 17:15:04 [WRN] [Volo.Abp.AspNetCore.Mvc.AspNetCoreApiDescriptionModelProvider] [42856] [50] - Controller 'StaticFiles' contains more than one action with name 'GetAsyncByInput' for module 'oss-management'. Ignored: System.Threading.Tasks.Task`1[Volo.Abp.Content.IRemoteStreamContent] GetAsync(ZQH.Abp.OssManagement.GetStaticFileInput)
2024-10-21 17:15:04 [WRN] [Volo.Abp.AspNetCore.Mvc.AspNetCoreApiDescriptionModelProvider] [42856] [50] - Controller 'StaticFiles' contains more than one action with name 'GetAsyncByInput' for module 'oss-management'. Ignored: System.Threading.Tasks.Task`1[Volo.Abp.Content.IRemoteStreamContent] GetAsync(ZQH.Abp.OssManagement.GetStaticFileInput)
2024-10-21 17:15:04 [WRN] [Volo.Abp.AspNetCore.Mvc.AspNetCoreApiDescriptionModelProvider] [42856] [50] - Controller 'Package' contains more than one action with name 'GetLatestAsyncByInput' for module 'platform'. Ignored: System.Threading.Tasks.Task`1[ZQH.Platform.Packages.PackageDto] GetLatestAsync(ZQH.Platform.Packages.PackageGetLatestInput)
2024-10-21 17:23:26 [INF] [ZQH.MicroService.PlatformManagement.BackgroundWorkers.OssObjectTempCleanupBackgroundWorker] [42856] [85] - Lock is acquired for OssObjectTempCleanupBackgroundWorker
2024-10-21 17:23:26 [INF] [ZQH.Abp.OssManagement.OssObjectTempCleanupService] [42856] [85] - Start cleanup.
2024-10-21 17:23:26 [INF] [ZQH.Abp.OssManagement.OssObjectTempCleanupService] [42856] [85] - Start cleanup host temp objects.
2024-10-21 17:23:26 [INF] [ZQH.MicroService.PlatformManagement.BackgroundWorkers.OssObjectTempCleanupBackgroundWorker] [42856] [65] - Lock is released for OssObjectTempCleanupBackgroundWorker
2024-10-21 21:49:31 [WRN] [DotNetCore.CAP.Internal.ConsumerRegister] [42856] [65] - RabbitMQ consumer cancelled. --> amq.ctag-OjzBOBhmv58qU6cj2WtXEQ
2024-10-21 21:49:32 [WRN] [DotNetCore.CAP.Internal.ConsumerRegister] [42856] [65] - RabbitMQ consumer shutdown. --> Unexpected Exception: Unable to read data from the transport connection: 远程主机强迫关闭了一个现有的连接。.
2024-10-21 21:49:32 [WRN] [DotNetCore.CAP.Processor.TransportCheckProcessor] [42856] [75] - Transport connection is unhealthy, reconnection...
2024-10-21 21:49:32 [WRN] [DotNetCore.CAP.Internal.ConsumerRegister] [42856] [65] - RabbitMQ consumer cancelled. --> amq.ctag-ozJ9SMkFogh3qktqF4ysIA
2024-10-21 21:49:32 [WRN] [DotNetCore.CAP.Internal.ConsumerRegister] [42856] [65] - RabbitMQ consumer shutdown. --> Unexpected Exception: Unable to read data from the transport connection: 远程主机强迫关闭了一个现有的连接。.
2024-10-21 21:49:33 [INF] [DotNetCore.CAP.Internal.ConsumerRegister] [42856] [75] - RabbitMQ consumer registered. --> amq.ctag-o-unO88tfSOoTmqzf241dw
2024-10-21 21:49:33 [INF] [DotNetCore.CAP.Internal.ConsumerRegister] [42856] [65] - RabbitMQ consumer registered. --> amq.ctag-ORpxLW1meYQ5qfp9kPaY5g
2024-10-21 23:25:35 [INF] [ZQH.MicroService.PlatformManagement.BackgroundWorkers.OssObjectTempCleanupBackgroundWorker] [42856] [59] - Lock is acquired for OssObjectTempCleanupBackgroundWorker
2024-10-21 23:25:35 [INF] [ZQH.Abp.OssManagement.OssObjectTempCleanupService] [42856] [59] - Start cleanup.
2024-10-21 23:25:35 [INF] [ZQH.Abp.OssManagement.OssObjectTempCleanupService] [42856] [59] - Start cleanup host temp objects.
2024-10-21 23:25:35 [INF] [ZQH.MicroService.PlatformManagement.BackgroundWorkers.OssObjectTempCleanupBackgroundWorker] [42856] [39] - Lock is released for OssObjectTempCleanupBackgroundWorker
