2024-11-13 00:20:24 [WRN] [DotNetCore.CAP.Internal.ConsumerRegister] [15700] [88] - RabbitMQ consumer cancelled. --> amq.ctag-PRLsiNG_KFuXIOHA67o5bQ
2024-11-13 00:20:27 [WRN] [DotNetCore.CAP.Internal.ConsumerRegister] [15700] [88] - RabbitMQ consumer shutdown. --> Unexpected Exception: Unable to read data from the transport connection: 远程主机强迫关闭了一个现有的连接。.
2024-11-13 00:20:27 [WRN] [DotNetCore.CAP.Internal.ConsumerRegister] [15700] [88] - RabbitMQ consumer cancelled. --> amq.ctag-wbaO_yQo-vF8a8eDuj7U-Q
2024-11-13 00:20:28 [WRN] [DotNetCore.CAP.Internal.ConsumerRegister] [15700] [88] - RabbitMQ consumer shutdown. --> Unexpected Exception: Unable to read data from the transport connection: 远程主机强迫关闭了一个现有的连接。.
2024-11-13 00:20:30 [INF] [DotNetCore.CAP.Internal.ConsumerRegister] [15700] [160] - RabbitMQ consumer registered. --> amq.ctag-PRLsiNG_KFuXIOHA67o5bQ
2024-11-13 00:20:30 [INF] [DotNetCore.CAP.Internal.ConsumerRegister] [15700] [67] - RabbitMQ consumer registered. --> amq.ctag-wbaO_yQo-vF8a8eDuj7U-Q
2024-11-13 00:36:25 [INF] [ZQH.MicroService.PlatformManagement.BackgroundWorkers.OssObjectTempCleanupBackgroundWorker] [15700] [90] - Lock is acquired for OssObjectTempCleanupBackgroundWorker
2024-11-13 00:36:25 [INF] [ZQH.Abp.OssManagement.OssObjectTempCleanupService] [15700] [90] - Start cleanup.
2024-11-13 00:36:25 [INF] [ZQH.Abp.OssManagement.OssObjectTempCleanupService] [15700] [90] - Start cleanup host temp objects.
2024-11-13 00:36:25 [INF] [ZQH.MicroService.PlatformManagement.BackgroundWorkers.OssObjectTempCleanupBackgroundWorker] [15700] [31] - Lock is released for OssObjectTempCleanupBackgroundWorker
2024-11-13 01:36:25 [INF] [ZQH.MicroService.PlatformManagement.BackgroundWorkers.OssObjectTempCleanupBackgroundWorker] [15700] [43] - Lock is acquired for OssObjectTempCleanupBackgroundWorker
2024-11-13 01:36:25 [INF] [ZQH.Abp.OssManagement.OssObjectTempCleanupService] [15700] [43] - Start cleanup.
2024-11-13 01:36:25 [INF] [ZQH.Abp.OssManagement.OssObjectTempCleanupService] [15700] [43] - Start cleanup host temp objects.
2024-11-13 01:36:25 [INF] [ZQH.MicroService.PlatformManagement.BackgroundWorkers.OssObjectTempCleanupBackgroundWorker] [15700] [43] - Lock is released for OssObjectTempCleanupBackgroundWorker
2024-11-13 10:48:40 [WRN] [DotNetCore.CAP.Processor.MessageDelayedProcessor] [15700] [111] - Get delayed messages from storage failed. Retrying...
MySqlConnector.MySqlException (0x80004005): Connect Timeout expired.
 ---> MySqlConnector.MySqlException (0x80004005): The Command Timeout expired before the operation completed.
   at MySqlConnector.Protocol.Serialization.SocketByteHandler.DoReadBytesAsync(Memory`1 buffer) in /_/src/MySqlConnector/Protocol/Serialization/SocketByteHandler.cs:line 76
   at MySqlConnector.Protocol.Serialization.BufferedByteReader.ReadBytesAsync(IByteHandler byteHandler, ArraySegment`1 buffer, Int32 totalBytesToRead, IOBehavior ioBehavior) in /_/src/MySqlConnector/Protocol/Serialization/BufferedByteReader.cs:line 34
   at MySqlConnector.Protocol.Serialization.ProtocolUtility.ReadPayloadAsync(BufferedByteReader bufferedByteReader, IByteHandler byteHandler, Func`1 getNextSequenceNumber, ArraySegmentHolder`1 previousPayloads, ProtocolErrorBehavior protocolErrorBehavior, IOBehavior ioBehavior) in /_/src/MySqlConnector/Protocol/Serialization/ProtocolUtility.cs:line 421
   at MySqlConnector.Core.ServerSession.ReceiveReplyAsync(IOBehavior ioBehavior, CancellationToken cancellationToken) in /_/src/MySqlConnector/Core/ServerSession.cs:line 882
   at MySqlConnector.Core.ServerSession.TryResetConnectionAsync(ConnectionSettings cs, MySqlConnection connection, IOBehavior ioBehavior, CancellationToken cancellationToken) in /_/src/MySqlConnector/Core/ServerSession.cs:line 597
   at MySqlConnector.Core.ConnectionPool.GetSessionAsync(MySqlConnection connection, Int64 startingTimestamp, Int32 timeoutMilliseconds, Activity activity, IOBehavior ioBehavior, CancellationToken cancellationToken) in /_/src/MySqlConnector/Core/ConnectionPool.cs:line 74
   at MySqlConnector.Core.ConnectionPool.GetSessionAsync(MySqlConnection connection, Int64 startingTimestamp, Int32 timeoutMilliseconds, Activity activity, IOBehavior ioBehavior, CancellationToken cancellationToken) in /_/src/MySqlConnector/Core/ConnectionPool.cs:line 42
   at MySqlConnector.MySqlConnection.CreateSessionAsync(ConnectionPool pool, Int64 startingTimestamp, Activity activity, Nullable`1 ioBehavior, CancellationToken cancellationToken) in /_/src/MySqlConnector/MySqlConnection.cs:line 919
   at MySqlConnector.MySqlConnection.CreateSessionAsync(ConnectionPool pool, Int64 startingTimestamp, Activity activity, Nullable`1 ioBehavior, CancellationToken cancellationToken) in /_/src/MySqlConnector/MySqlConnection.cs:line 951
   at MySqlConnector.MySqlConnection.OpenAsync(Nullable`1 ioBehavior, CancellationToken cancellationToken) in /_/src/MySqlConnector/MySqlConnection.cs:line 419
   at DotNetCore.CAP.MySql.MySqlDataStorage.ScheduleMessagesOfDelayedAsync(Func`3 scheduleTask, CancellationToken token)
   at DotNetCore.CAP.MySql.MySqlDataStorage.ScheduleMessagesOfDelayedAsync(Func`3 scheduleTask, CancellationToken token)
   at DotNetCore.CAP.Processor.MessageDelayedProcessor.ProcessDelayedAsync(IDataStorage connection, ProcessingContext context)
2024-11-13 10:48:40 [WRN] [DotNetCore.CAP.Internal.ConsumerRegister] [15700] [99] - RabbitMQ consumer cancelled. --> amq.ctag-PRLsiNG_KFuXIOHA67o5bQ
2024-11-13 10:48:44 [WRN] [DotNetCore.CAP.Internal.ConsumerRegister] [15700] [99] - RabbitMQ consumer shutdown. --> Unexpected Exception: Unable to read data from the transport connection: 远程主机强迫关闭了一个现有的连接。.
2024-11-13 10:48:44 [WRN] [DotNetCore.CAP.Processor.TransportCheckProcessor] [15700] [65] - Transport connection is unhealthy, reconnection...
2024-11-13 10:48:44 [WRN] [DotNetCore.CAP.Internal.ConsumerRegister] [15700] [99] - RabbitMQ consumer cancelled. --> amq.ctag-wbaO_yQo-vF8a8eDuj7U-Q
2024-11-13 10:48:44 [WRN] [DotNetCore.CAP.Internal.ConsumerRegister] [15700] [99] - RabbitMQ consumer shutdown. --> Unexpected Exception: Unable to read data from the transport connection: 远程主机强迫关闭了一个现有的连接。.
2024-11-13 10:48:44 [INF] [DotNetCore.CAP.Internal.ConsumerRegister] [15700] [111] - RabbitMQ consumer registered. --> amq.ctag-MlDzsNP5BxpQkWoN9ibt3Q
2024-11-13 10:48:44 [INF] [DotNetCore.CAP.Internal.ConsumerRegister] [15700] [144] - RabbitMQ consumer registered. --> amq.ctag-8xi9sC0mTQdUKlsMz6ok3g
2024-11-13 12:12:43 [WRN] [DotNetCore.CAP.Internal.ConsumerRegister] [15700] [112] - RabbitMQ consumer cancelled. --> amq.ctag-8xi9sC0mTQdUKlsMz6ok3g
2024-11-13 12:12:43 [WRN] [DotNetCore.CAP.Internal.ConsumerRegister] [15700] [112] - RabbitMQ consumer shutdown. --> Unexpected Exception: Unable to read data from the transport connection: 远程主机强迫关闭了一个现有的连接。.
2024-11-13 12:12:43 [WRN] [DotNetCore.CAP.Internal.ConsumerRegister] [15700] [112] - RabbitMQ consumer cancelled. --> amq.ctag-MlDzsNP5BxpQkWoN9ibt3Q
2024-11-13 12:12:43 [WRN] [DotNetCore.CAP.Internal.ConsumerRegister] [15700] [112] - RabbitMQ consumer shutdown. --> Unexpected Exception: Unable to read data from the transport connection: 远程主机强迫关闭了一个现有的连接。.
2024-11-13 12:12:48 [INF] [DotNetCore.CAP.Internal.ConsumerRegister] [15700] [112] - RabbitMQ consumer registered. --> amq.ctag-8xi9sC0mTQdUKlsMz6ok3g
2024-11-13 12:12:48 [INF] [DotNetCore.CAP.Internal.ConsumerRegister] [15700] [144] - RabbitMQ consumer registered. --> amq.ctag-MlDzsNP5BxpQkWoN9ibt3Q
2024-11-13 12:40:21 [WRN] [DotNetCore.CAP.Internal.ConsumerRegister] [15700] [99] - RabbitMQ consumer cancelled. --> amq.ctag-8xi9sC0mTQdUKlsMz6ok3g
2024-11-13 12:40:30 [WRN] [DotNetCore.CAP.Internal.ConsumerRegister] [15700] [99] - RabbitMQ consumer shutdown. --> Unexpected Exception: Unable to read data from the transport connection: 远程主机强迫关闭了一个现有的连接。.
2024-11-13 12:40:34 [WRN] [DotNetCore.CAP.Internal.ConsumerRegister] [15700] [99] - RabbitMQ consumer cancelled. --> amq.ctag-MlDzsNP5BxpQkWoN9ibt3Q
2024-11-13 12:40:34 [INF] [DotNetCore.CAP.Internal.ConsumerRegister] [15700] [134] - RabbitMQ consumer registered. --> amq.ctag-8xi9sC0mTQdUKlsMz6ok3g
2024-11-13 12:40:34 [INF] [DotNetCore.CAP.Internal.ConsumerRegister] [15700] [144] - RabbitMQ consumer registered. --> amq.ctag-MlDzsNP5BxpQkWoN9ibt3Q
2024-11-13 14:13:34 [WRN] [DotNetCore.CAP.Internal.ConsumerRegister] [15700] [99] - RabbitMQ consumer shutdown. --> Unexpected Exception: Unable to read data from the transport connection: 远程主机强迫关闭了一个现有的连接。.
2024-11-13 14:13:34 [WRN] [DotNetCore.CAP.Processor.TransportCheckProcessor] [15700] [112] - Transport connection is unhealthy, reconnection...
2024-11-13 14:13:34 [WRN] [DotNetCore.CAP.Internal.ConsumerRegister] [15700] [144] - RabbitMQ consumer cancelled. --> amq.ctag-8xi9sC0mTQdUKlsMz6ok3g
2024-11-13 14:13:35 [WRN] [DotNetCore.CAP.Internal.ConsumerRegister] [15700] [144] - RabbitMQ consumer shutdown. --> Goodbye
2024-11-13 14:13:36 [WRN] [DotNetCore.CAP.Internal.ConsumerRegister] [15700] [165] - RabbitMQ consumer cancelled. --> amq.ctag-MlDzsNP5BxpQkWoN9ibt3Q
2024-11-13 14:13:36 [WRN] [DotNetCore.CAP.Internal.ConsumerRegister] [15700] [165] - RabbitMQ consumer shutdown. --> Goodbye
2024-11-13 14:13:36 [INF] [DotNetCore.CAP.Internal.ConsumerRegister] [15700] [112] - RabbitMQ consumer registered. --> amq.ctag-RCphvmBMTHE9Q7YF5Lzmvw
2024-11-13 14:13:36 [INF] [DotNetCore.CAP.Internal.ConsumerRegister] [15700] [144] - RabbitMQ consumer registered. --> amq.ctag-vUF4Tc7T_gigUr9ajq-aTQ
2024-11-13 23:07:26 [INF] [ZQH.MicroService.PlatformManagement.BackgroundWorkers.OssObjectTempCleanupBackgroundWorker] [15700] [7] - Lock is acquired for OssObjectTempCleanupBackgroundWorker
2024-11-13 23:07:26 [INF] [ZQH.Abp.OssManagement.OssObjectTempCleanupService] [15700] [7] - Start cleanup.
2024-11-13 23:07:26 [INF] [ZQH.Abp.OssManagement.OssObjectTempCleanupService] [15700] [7] - Start cleanup host temp objects.
2024-11-13 23:07:26 [INF] [ZQH.MicroService.PlatformManagement.BackgroundWorkers.OssObjectTempCleanupBackgroundWorker] [15700] [61] - Lock is released for OssObjectTempCleanupBackgroundWorker
