2024-11-10 00:11:42 [WRN] [DotNetCore.CAP.Internal.ConsumerRegister] [15700] [91] - RabbitMQ consumer cancelled. --> amq.ctag-npwrXhN1XjRZYeCq-bmODg
2024-11-10 00:11:42 [WRN] [DotNetCore.CAP.Internal.ConsumerRegister] [15700] [91] - RabbitMQ consumer shutdown. --> Unexpected Exception: Unable to read data from the transport connection: 远程主机强迫关闭了一个现有的连接。.
2024-11-10 00:11:53 [WRN] [DotNetCore.CAP.Processor.TransportCheckProcessor] [15700] [134] - Transport connection is unhealthy, reconnection...
2024-11-10 00:11:53 [WRN] [DotNetCore.CAP.Internal.ConsumerRegister] [15700] [48] - RabbitMQ consumer cancelled. --> amq.ctag-Tus4kCchED1ZU6MmQmBSLA
2024-11-10 00:11:56 [WRN] [DotNetCore.CAP.Internal.ConsumerRegister] [15700] [48] - RabbitMQ consumer shutdown. --> Unexpected Exception: Unable to read data from the transport connection: 远程主机强迫关闭了一个现有的连接。.
2024-11-10 00:11:57 [INF] [DotNetCore.CAP.Internal.ConsumerRegister] [15700] [134] - RabbitMQ consumer registered. --> amq.ctag-wmtP5v62NsCv6gw46LORfQ
2024-11-10 00:11:57 [INF] [DotNetCore.CAP.Internal.ConsumerRegister] [15700] [91] - RabbitMQ consumer registered. --> amq.ctag-zJ3Phy1Kw4k0-RFAyoYhdg
2024-11-10 04:57:19 [WRN] [DotNetCore.CAP.Internal.ConsumerRegister] [15700] [99] - RabbitMQ consumer cancelled. --> amq.ctag-zJ3Phy1Kw4k0-RFAyoYhdg
2024-11-10 04:57:22 [WRN] [DotNetCore.CAP.Internal.ConsumerRegister] [15700] [99] - RabbitMQ consumer shutdown. --> Unexpected Exception: Unable to read data from the transport connection: 远程主机强迫关闭了一个现有的连接。.
2024-11-10 04:57:22 [WRN] [DotNetCore.CAP.Internal.ConsumerRegister] [15700] [99] - RabbitMQ consumer cancelled. --> amq.ctag-wmtP5v62NsCv6gw46LORfQ
2024-11-10 04:57:23 [WRN] [DotNetCore.CAP.Internal.ConsumerRegister] [15700] [99] - RabbitMQ consumer shutdown. --> Unexpected Exception: Unable to read data from the transport connection: 远程主机强迫关闭了一个现有的连接。.
2024-11-10 04:57:24 [INF] [DotNetCore.CAP.Internal.ConsumerRegister] [15700] [135] - RabbitMQ consumer registered. --> amq.ctag-zJ3Phy1Kw4k0-RFAyoYhdg
2024-11-10 04:57:24 [INF] [DotNetCore.CAP.Internal.ConsumerRegister] [15700] [99] - RabbitMQ consumer registered. --> amq.ctag-wmtP5v62NsCv6gw46LORfQ
2024-11-10 05:06:25 [INF] [ZQH.MicroService.PlatformManagement.BackgroundWorkers.OssObjectTempCleanupBackgroundWorker] [15700] [58] - Lock is acquired for OssObjectTempCleanupBackgroundWorker
2024-11-10 05:06:25 [INF] [ZQH.Abp.OssManagement.OssObjectTempCleanupService] [15700] [58] - Start cleanup.
2024-11-10 05:06:25 [INF] [ZQH.Abp.OssManagement.OssObjectTempCleanupService] [15700] [58] - Start cleanup host temp objects.
2024-11-10 05:06:25 [INF] [ZQH.MicroService.PlatformManagement.BackgroundWorkers.OssObjectTempCleanupBackgroundWorker] [15700] [58] - Lock is released for OssObjectTempCleanupBackgroundWorker
2024-11-10 06:06:25 [INF] [ZQH.MicroService.PlatformManagement.BackgroundWorkers.OssObjectTempCleanupBackgroundWorker] [15700] [107] - Lock is acquired for OssObjectTempCleanupBackgroundWorker
2024-11-10 06:06:25 [INF] [ZQH.Abp.OssManagement.OssObjectTempCleanupService] [15700] [107] - Start cleanup.
2024-11-10 06:06:25 [INF] [ZQH.Abp.OssManagement.OssObjectTempCleanupService] [15700] [107] - Start cleanup host temp objects.
2024-11-10 06:06:25 [INF] [ZQH.MicroService.PlatformManagement.BackgroundWorkers.OssObjectTempCleanupBackgroundWorker] [15700] [24] - Lock is released for OssObjectTempCleanupBackgroundWorker
2024-11-10 07:06:25 [INF] [ZQH.MicroService.PlatformManagement.BackgroundWorkers.OssObjectTempCleanupBackgroundWorker] [15700] [63] - Lock is acquired for OssObjectTempCleanupBackgroundWorker
2024-11-10 07:06:25 [INF] [ZQH.Abp.OssManagement.OssObjectTempCleanupService] [15700] [63] - Start cleanup.
2024-11-10 07:06:25 [INF] [ZQH.Abp.OssManagement.OssObjectTempCleanupService] [15700] [63] - Start cleanup host temp objects.
2024-11-10 07:06:25 [INF] [ZQH.MicroService.PlatformManagement.BackgroundWorkers.OssObjectTempCleanupBackgroundWorker] [15700] [63] - Lock is released for OssObjectTempCleanupBackgroundWorker
2024-11-10 08:06:25 [INF] [ZQH.MicroService.PlatformManagement.BackgroundWorkers.OssObjectTempCleanupBackgroundWorker] [15700] [111] - Lock is acquired for OssObjectTempCleanupBackgroundWorker
2024-11-10 08:06:25 [INF] [ZQH.Abp.OssManagement.OssObjectTempCleanupService] [15700] [111] - Start cleanup.
2024-11-10 08:06:25 [INF] [ZQH.Abp.OssManagement.OssObjectTempCleanupService] [15700] [111] - Start cleanup host temp objects.
2024-11-10 08:06:25 [INF] [ZQH.MicroService.PlatformManagement.BackgroundWorkers.OssObjectTempCleanupBackgroundWorker] [15700] [136] - Lock is released for OssObjectTempCleanupBackgroundWorker
2024-11-10 09:06:25 [INF] [ZQH.MicroService.PlatformManagement.BackgroundWorkers.OssObjectTempCleanupBackgroundWorker] [15700] [68] - Lock is acquired for OssObjectTempCleanupBackgroundWorker
2024-11-10 09:06:25 [INF] [ZQH.Abp.OssManagement.OssObjectTempCleanupService] [15700] [68] - Start cleanup.
2024-11-10 09:06:25 [INF] [ZQH.Abp.OssManagement.OssObjectTempCleanupService] [15700] [68] - Start cleanup host temp objects.
2024-11-10 09:06:25 [INF] [ZQH.MicroService.PlatformManagement.BackgroundWorkers.OssObjectTempCleanupBackgroundWorker] [15700] [27] - Lock is released for OssObjectTempCleanupBackgroundWorker
2024-11-10 10:06:25 [INF] [ZQH.MicroService.PlatformManagement.BackgroundWorkers.OssObjectTempCleanupBackgroundWorker] [15700] [44] - Lock is acquired for OssObjectTempCleanupBackgroundWorker
2024-11-10 10:06:25 [INF] [ZQH.Abp.OssManagement.OssObjectTempCleanupService] [15700] [44] - Start cleanup.
2024-11-10 10:06:25 [INF] [ZQH.Abp.OssManagement.OssObjectTempCleanupService] [15700] [44] - Start cleanup host temp objects.
2024-11-10 10:06:25 [INF] [ZQH.MicroService.PlatformManagement.BackgroundWorkers.OssObjectTempCleanupBackgroundWorker] [15700] [39] - Lock is released for OssObjectTempCleanupBackgroundWorker
2024-11-10 11:06:25 [INF] [ZQH.MicroService.PlatformManagement.BackgroundWorkers.OssObjectTempCleanupBackgroundWorker] [15700] [163] - Lock is acquired for OssObjectTempCleanupBackgroundWorker
2024-11-10 11:06:25 [INF] [ZQH.Abp.OssManagement.OssObjectTempCleanupService] [15700] [163] - Start cleanup.
2024-11-10 11:06:25 [INF] [ZQH.Abp.OssManagement.OssObjectTempCleanupService] [15700] [163] - Start cleanup host temp objects.
2024-11-10 11:06:25 [INF] [ZQH.MicroService.PlatformManagement.BackgroundWorkers.OssObjectTempCleanupBackgroundWorker] [15700] [157] - Lock is released for OssObjectTempCleanupBackgroundWorker
2024-11-10 17:09:21 [INF] [ZQH.MicroService.PlatformManagement.BackgroundWorkers.OssObjectTempCleanupBackgroundWorker] [15700] [86] - Lock is acquired for OssObjectTempCleanupBackgroundWorker
2024-11-10 17:09:21 [INF] [ZQH.Abp.OssManagement.OssObjectTempCleanupService] [15700] [86] - Start cleanup.
2024-11-10 17:09:21 [INF] [ZQH.Abp.OssManagement.OssObjectTempCleanupService] [15700] [86] - Start cleanup host temp objects.
2024-11-10 17:09:21 [INF] [ZQH.MicroService.PlatformManagement.BackgroundWorkers.OssObjectTempCleanupBackgroundWorker] [15700] [62] - Lock is released for OssObjectTempCleanupBackgroundWorker
2024-11-10 18:49:33 [INF] [ZQH.MicroService.PlatformManagement.BackgroundWorkers.OssObjectTempCleanupBackgroundWorker] [15700] [155] - Lock is acquired for OssObjectTempCleanupBackgroundWorker
2024-11-10 18:49:33 [INF] [ZQH.Abp.OssManagement.OssObjectTempCleanupService] [15700] [155] - Start cleanup.
2024-11-10 18:49:33 [INF] [ZQH.Abp.OssManagement.OssObjectTempCleanupService] [15700] [155] - Start cleanup host temp objects.
2024-11-10 18:49:33 [INF] [ZQH.MicroService.PlatformManagement.BackgroundWorkers.OssObjectTempCleanupBackgroundWorker] [15700] [156] - Lock is released for OssObjectTempCleanupBackgroundWorker
2024-11-10 19:49:45 [INF] [ZQH.MicroService.PlatformManagement.BackgroundWorkers.OssObjectTempCleanupBackgroundWorker] [15700] [70] - Lock is acquired for OssObjectTempCleanupBackgroundWorker
2024-11-10 19:49:45 [INF] [ZQH.Abp.OssManagement.OssObjectTempCleanupService] [15700] [70] - Start cleanup.
2024-11-10 19:49:45 [INF] [ZQH.Abp.OssManagement.OssObjectTempCleanupService] [15700] [70] - Start cleanup host temp objects.
2024-11-10 19:49:45 [INF] [ZQH.MicroService.PlatformManagement.BackgroundWorkers.OssObjectTempCleanupBackgroundWorker] [15700] [70] - Lock is released for OssObjectTempCleanupBackgroundWorker
2024-11-10 20:48:16 [WRN] [DotNetCore.CAP.Internal.ConsumerRegister] [15700] [30] - RabbitMQ consumer cancelled. --> amq.ctag-zJ3Phy1Kw4k0-RFAyoYhdg
2024-11-10 20:48:19 [WRN] [DotNetCore.CAP.Internal.ConsumerRegister] [15700] [30] - RabbitMQ consumer shutdown. --> Unexpected Exception: Unable to read data from the transport connection: 远程主机强迫关闭了一个现有的连接。.
2024-11-10 20:48:19 [WRN] [DotNetCore.CAP.Internal.ConsumerRegister] [15700] [30] - RabbitMQ consumer cancelled. --> amq.ctag-wmtP5v62NsCv6gw46LORfQ
2024-11-10 20:48:19 [WRN] [DotNetCore.CAP.Internal.ConsumerRegister] [15700] [30] - RabbitMQ consumer shutdown. --> Unexpected Exception: Unable to read data from the transport connection: 远程主机强迫关闭了一个现有的连接。.
2024-11-10 20:48:21 [INF] [DotNetCore.CAP.Internal.ConsumerRegister] [15700] [30] - RabbitMQ consumer registered. --> amq.ctag-zJ3Phy1Kw4k0-RFAyoYhdg
2024-11-10 20:48:21 [INF] [DotNetCore.CAP.Internal.ConsumerRegister] [15700] [35] - RabbitMQ consumer registered. --> amq.ctag-wmtP5v62NsCv6gw46LORfQ
