2024-11-17 00:21:21 [WRN] [DotNetCore.CAP.Internal.ConsumerRegister] [15700] [7] - RabbitMQ consumer cancelled. --> amq.ctag-oSHgqwMORZkGm8whkvPuMg
2024-11-17 00:21:21 [WRN] [DotNetCore.CAP.Internal.ConsumerRegister] [15700] [7] - RabbitMQ consumer shutdown. --> Unexpected Exception: Unable to read data from the transport connection: 远程主机强迫关闭了一个现有的连接。.
2024-11-17 00:21:21 [WRN] [DotNetCore.CAP.Internal.ConsumerRegister] [15700] [7] - RabbitMQ consumer cancelled. --> amq.ctag-3nqiqkJv2If_jpGPaMBXnQ
2024-11-17 00:21:21 [WRN] [DotNetCore.CAP.Internal.ConsumerRegister] [15700] [7] - RabbitMQ consumer shutdown. --> Unexpected Exception: Unable to read data from the transport connection: 远程主机强迫关闭了一个现有的连接。.
2024-11-17 00:21:26 [INF] [DotNetCore.CAP.Internal.ConsumerRegister] [15700] [103] - RabbitMQ consumer registered. --> amq.ctag-oSHgqwMORZkGm8whkvPuMg
2024-11-17 00:21:26 [INF] [DotNetCore.CAP.Internal.ConsumerRegister] [15700] [58] - RabbitMQ consumer registered. --> amq.ctag-3nqiqkJv2If_jpGPaMBXnQ
2024-11-17 00:35:21 [INF] [ZQH.MicroService.PlatformManagement.BackgroundWorkers.OssObjectTempCleanupBackgroundWorker] [15700] [144] - Lock is acquired for OssObjectTempCleanupBackgroundWorker
2024-11-17 00:35:21 [INF] [ZQH.Abp.OssManagement.OssObjectTempCleanupService] [15700] [144] - Start cleanup.
2024-11-17 00:35:21 [INF] [ZQH.Abp.OssManagement.OssObjectTempCleanupService] [15700] [144] - Start cleanup host temp objects.
2024-11-17 00:35:21 [INF] [ZQH.MicroService.PlatformManagement.BackgroundWorkers.OssObjectTempCleanupBackgroundWorker] [15700] [100] - Lock is released for OssObjectTempCleanupBackgroundWorker
2024-11-17 01:46:43 [INF] [ZQH.MicroService.PlatformManagement.BackgroundWorkers.OssObjectTempCleanupBackgroundWorker] [15700] [47] - Lock is acquired for OssObjectTempCleanupBackgroundWorker
2024-11-17 01:46:43 [INF] [ZQH.Abp.OssManagement.OssObjectTempCleanupService] [15700] [47] - Start cleanup.
2024-11-17 01:46:43 [INF] [ZQH.Abp.OssManagement.OssObjectTempCleanupService] [15700] [47] - Start cleanup host temp objects.
2024-11-17 01:46:43 [INF] [ZQH.MicroService.PlatformManagement.BackgroundWorkers.OssObjectTempCleanupBackgroundWorker] [15700] [51] - Lock is released for OssObjectTempCleanupBackgroundWorker
2024-11-17 02:50:42 [INF] [ZQH.MicroService.PlatformManagement.BackgroundWorkers.OssObjectTempCleanupBackgroundWorker] [15700] [54] - Lock is acquired for OssObjectTempCleanupBackgroundWorker
2024-11-17 02:50:44 [INF] [ZQH.Abp.OssManagement.OssObjectTempCleanupService] [15700] [54] - Start cleanup.
2024-11-17 02:50:47 [INF] [ZQH.Abp.OssManagement.OssObjectTempCleanupService] [15700] [54] - Start cleanup host temp objects.
2024-11-17 02:50:47 [INF] [ZQH.MicroService.PlatformManagement.BackgroundWorkers.OssObjectTempCleanupBackgroundWorker] [15700] [113] - Lock is released for OssObjectTempCleanupBackgroundWorker
2024-11-17 03:50:47 [INF] [ZQH.MicroService.PlatformManagement.BackgroundWorkers.OssObjectTempCleanupBackgroundWorker] [15700] [149] - Lock is acquired for OssObjectTempCleanupBackgroundWorker
2024-11-17 03:50:47 [INF] [ZQH.Abp.OssManagement.OssObjectTempCleanupService] [15700] [149] - Start cleanup.
2024-11-17 03:50:47 [INF] [ZQH.Abp.OssManagement.OssObjectTempCleanupService] [15700] [149] - Start cleanup host temp objects.
2024-11-17 03:50:47 [INF] [ZQH.MicroService.PlatformManagement.BackgroundWorkers.OssObjectTempCleanupBackgroundWorker] [15700] [149] - Lock is released for OssObjectTempCleanupBackgroundWorker
2024-11-17 04:50:47 [INF] [ZQH.MicroService.PlatformManagement.BackgroundWorkers.OssObjectTempCleanupBackgroundWorker] [15700] [114] - Lock is acquired for OssObjectTempCleanupBackgroundWorker
2024-11-17 04:50:47 [INF] [ZQH.Abp.OssManagement.OssObjectTempCleanupService] [15700] [114] - Start cleanup.
2024-11-17 04:50:47 [INF] [ZQH.Abp.OssManagement.OssObjectTempCleanupService] [15700] [114] - Start cleanup host temp objects.
2024-11-17 04:50:47 [INF] [ZQH.MicroService.PlatformManagement.BackgroundWorkers.OssObjectTempCleanupBackgroundWorker] [15700] [156] - Lock is released for OssObjectTempCleanupBackgroundWorker
2024-11-17 05:50:47 [INF] [ZQH.MicroService.PlatformManagement.BackgroundWorkers.OssObjectTempCleanupBackgroundWorker] [15700] [97] - Lock is acquired for OssObjectTempCleanupBackgroundWorker
2024-11-17 05:50:47 [INF] [ZQH.Abp.OssManagement.OssObjectTempCleanupService] [15700] [97] - Start cleanup.
2024-11-17 05:50:47 [INF] [ZQH.Abp.OssManagement.OssObjectTempCleanupService] [15700] [97] - Start cleanup host temp objects.
2024-11-17 05:50:47 [INF] [ZQH.MicroService.PlatformManagement.BackgroundWorkers.OssObjectTempCleanupBackgroundWorker] [15700] [97] - Lock is released for OssObjectTempCleanupBackgroundWorker
2024-11-17 10:17:46 [WRN] [DotNetCore.CAP.Internal.ConsumerRegister] [15700] [150] - RabbitMQ consumer cancelled. --> amq.ctag-oSHgqwMORZkGm8whkvPuMg
2024-11-17 10:17:51 [WRN] [DotNetCore.CAP.Internal.ConsumerRegister] [15700] [150] - RabbitMQ consumer shutdown. --> Unexpected Exception: Unable to read data from the transport connection: 远程主机强迫关闭了一个现有的连接。.
2024-11-17 10:17:51 [WRN] [DotNetCore.CAP.Internal.ConsumerRegister] [15700] [150] - RabbitMQ consumer cancelled. --> amq.ctag-3nqiqkJv2If_jpGPaMBXnQ
2024-11-17 10:17:51 [WRN] [DotNetCore.CAP.Internal.ConsumerRegister] [15700] [150] - RabbitMQ consumer shutdown. --> Unexpected Exception: Unable to read data from the transport connection: 远程主机强迫关闭了一个现有的连接。.
2024-11-17 10:17:51 [INF] [DotNetCore.CAP.Internal.ConsumerRegister] [15700] [136] - RabbitMQ consumer registered. --> amq.ctag-oSHgqwMORZkGm8whkvPuMg
2024-11-17 10:17:51 [INF] [DotNetCore.CAP.Internal.ConsumerRegister] [15700] [66] - RabbitMQ consumer registered. --> amq.ctag-3nqiqkJv2If_jpGPaMBXnQ
