2024-10-24 00:13:29 [WRN] [DotNetCore.CAP.Internal.ConsumerRegister] [12540] [10] - RabbitMQ consumer cancelled. --> amq.ctag-xDK6PK9WyJs-CPUZvpChhw
2024-10-24 00:13:32 [WRN] [DotNetCore.CAP.Internal.ConsumerRegister] [12540] [10] - RabbitMQ consumer shutdown. --> Unexpected Exception: Unable to read data from the transport connection: 远程主机强迫关闭了一个现有的连接。.
2024-10-24 00:13:35 [WRN] [DotNetCore.CAP.Internal.ConsumerRegister] [12540] [48] - RabbitMQ consumer cancelled. --> 
2024-10-24 00:13:37 [WRN] [DotNetCore.CAP.Internal.ConsumerRegister] [12540] [48] - RabbitMQ consumer shutdown. --> Unexpected Exception: Unable to read data from the transport connection: 远程主机强迫关闭了一个现有的连接。.
2024-10-24 00:13:39 [WRN] [DotNetCore.CAP.Processor.TransportCheckProcessor] [12540] [48] - Transport connection is unhealthy, reconnection...
2024-10-24 00:13:56 [INF] [DotNetCore.CAP.Internal.ConsumerRegister] [12540] [48] - RabbitMQ consumer registered. --> amq.ctag-iEXKD1ad87ETsjF3T7tURg
2024-10-24 00:13:56 [INF] [DotNetCore.CAP.Internal.ConsumerRegister] [12540] [88] - RabbitMQ consumer registered. --> amq.ctag-Ldb_LkOXgW98s0gEjXWiQg
2024-10-24 00:34:59 [INF] [ZQH.MicroService.PlatformManagement.BackgroundWorkers.OssObjectTempCleanupBackgroundWorker] [12540] [43] - Lock is acquired for OssObjectTempCleanupBackgroundWorker
2024-10-24 00:34:59 [INF] [ZQH.Abp.OssManagement.OssObjectTempCleanupService] [12540] [43] - Start cleanup.
2024-10-24 00:34:59 [INF] [ZQH.Abp.OssManagement.OssObjectTempCleanupService] [12540] [43] - Start cleanup host temp objects.
2024-10-24 00:34:59 [INF] [ZQH.MicroService.PlatformManagement.BackgroundWorkers.OssObjectTempCleanupBackgroundWorker] [12540] [40] - Lock is released for OssObjectTempCleanupBackgroundWorker
2024-10-24 02:23:20 [INF] [ZQH.MicroService.PlatformManagement.BackgroundWorkers.OssObjectTempCleanupBackgroundWorker] [12540] [80] - Lock is acquired for OssObjectTempCleanupBackgroundWorker
2024-10-24 02:23:20 [INF] [ZQH.Abp.OssManagement.OssObjectTempCleanupService] [12540] [80] - Start cleanup.
2024-10-24 02:23:20 [INF] [ZQH.Abp.OssManagement.OssObjectTempCleanupService] [12540] [80] - Start cleanup host temp objects.
2024-10-24 02:23:20 [INF] [ZQH.MicroService.PlatformManagement.BackgroundWorkers.OssObjectTempCleanupBackgroundWorker] [12540] [80] - Lock is released for OssObjectTempCleanupBackgroundWorker
2024-10-24 03:23:20 [INF] [ZQH.MicroService.PlatformManagement.BackgroundWorkers.OssObjectTempCleanupBackgroundWorker] [12540] [120] - Lock is acquired for OssObjectTempCleanupBackgroundWorker
2024-10-24 03:23:20 [INF] [ZQH.Abp.OssManagement.OssObjectTempCleanupService] [12540] [120] - Start cleanup.
2024-10-24 03:23:20 [INF] [ZQH.Abp.OssManagement.OssObjectTempCleanupService] [12540] [120] - Start cleanup host temp objects.
2024-10-24 03:23:20 [INF] [ZQH.MicroService.PlatformManagement.BackgroundWorkers.OssObjectTempCleanupBackgroundWorker] [12540] [68] - Lock is released for OssObjectTempCleanupBackgroundWorker
2024-10-24 05:49:56 [WRN] [DotNetCore.CAP.Internal.ConsumerRegister] [12540] [126] - RabbitMQ consumer cancelled. --> amq.ctag-Ldb_LkOXgW98s0gEjXWiQg
2024-10-24 05:49:57 [WRN] [DotNetCore.CAP.Internal.ConsumerRegister] [12540] [126] - RabbitMQ consumer shutdown. --> Unexpected Exception: Unable to read data from the transport connection: 远程主机强迫关闭了一个现有的连接。.
2024-10-24 05:49:57 [WRN] [DotNetCore.CAP.Internal.ConsumerRegister] [12540] [126] - RabbitMQ consumer cancelled. --> amq.ctag-iEXKD1ad87ETsjF3T7tURg
2024-10-24 05:49:57 [WRN] [DotNetCore.CAP.Internal.ConsumerRegister] [12540] [126] - RabbitMQ consumer shutdown. --> Unexpected Exception: Unable to read data from the transport connection: 远程主机强迫关闭了一个现有的连接。.
2024-10-24 05:50:00 [WRN] [DotNetCore.CAP.Processor.TransportCheckProcessor] [12540] [126] - Transport connection is unhealthy, reconnection...
2024-10-24 05:50:00 [INF] [DotNetCore.CAP.Internal.ConsumerRegister] [12540] [126] - RabbitMQ consumer registered. --> amq.ctag-sQTeUcGAB1pBdDg5l4nTAg
2024-10-24 05:50:00 [INF] [DotNetCore.CAP.Internal.ConsumerRegister] [12540] [126] - RabbitMQ consumer registered. --> amq.ctag-Z2qm02yTe7EJNekqhaGM0w
2024-10-24 06:01:09 [INF] [ZQH.MicroService.PlatformManagement.BackgroundWorkers.OssObjectTempCleanupBackgroundWorker] [12540] [104] - Lock is acquired for OssObjectTempCleanupBackgroundWorker
2024-10-24 06:01:09 [INF] [ZQH.Abp.OssManagement.OssObjectTempCleanupService] [12540] [104] - Start cleanup.
2024-10-24 06:01:09 [INF] [ZQH.Abp.OssManagement.OssObjectTempCleanupService] [12540] [104] - Start cleanup host temp objects.
2024-10-24 06:01:09 [INF] [ZQH.MicroService.PlatformManagement.BackgroundWorkers.OssObjectTempCleanupBackgroundWorker] [12540] [75] - Lock is released for OssObjectTempCleanupBackgroundWorker
2024-10-24 07:01:10 [INF] [ZQH.MicroService.PlatformManagement.BackgroundWorkers.OssObjectTempCleanupBackgroundWorker] [12540] [31] - Lock is acquired for OssObjectTempCleanupBackgroundWorker
2024-10-24 07:01:10 [INF] [ZQH.Abp.OssManagement.OssObjectTempCleanupService] [12540] [31] - Start cleanup.
2024-10-24 07:01:10 [INF] [ZQH.Abp.OssManagement.OssObjectTempCleanupService] [12540] [31] - Start cleanup host temp objects.
2024-10-24 07:01:10 [INF] [ZQH.MicroService.PlatformManagement.BackgroundWorkers.OssObjectTempCleanupBackgroundWorker] [12540] [111] - Lock is released for OssObjectTempCleanupBackgroundWorker
2024-10-24 08:01:10 [INF] [ZQH.MicroService.PlatformManagement.BackgroundWorkers.OssObjectTempCleanupBackgroundWorker] [12540] [96] - Lock is acquired for OssObjectTempCleanupBackgroundWorker
2024-10-24 08:01:10 [INF] [ZQH.Abp.OssManagement.OssObjectTempCleanupService] [12540] [96] - Start cleanup.
2024-10-24 08:01:10 [INF] [ZQH.Abp.OssManagement.OssObjectTempCleanupService] [12540] [96] - Start cleanup host temp objects.
2024-10-24 08:01:10 [INF] [ZQH.MicroService.PlatformManagement.BackgroundWorkers.OssObjectTempCleanupBackgroundWorker] [12540] [96] - Lock is released for OssObjectTempCleanupBackgroundWorker
2024-10-24 09:01:10 [INF] [ZQH.MicroService.PlatformManagement.BackgroundWorkers.OssObjectTempCleanupBackgroundWorker] [12540] [169] - Lock is acquired for OssObjectTempCleanupBackgroundWorker
2024-10-24 09:01:10 [INF] [ZQH.Abp.OssManagement.OssObjectTempCleanupService] [12540] [169] - Start cleanup.
2024-10-24 09:01:10 [INF] [ZQH.Abp.OssManagement.OssObjectTempCleanupService] [12540] [169] - Start cleanup host temp objects.
2024-10-24 09:01:10 [INF] [ZQH.MicroService.PlatformManagement.BackgroundWorkers.OssObjectTempCleanupBackgroundWorker] [12540] [161] - Lock is released for OssObjectTempCleanupBackgroundWorker
2024-10-24 10:01:10 [INF] [ZQH.MicroService.PlatformManagement.BackgroundWorkers.OssObjectTempCleanupBackgroundWorker] [12540] [88] - Lock is acquired for OssObjectTempCleanupBackgroundWorker
2024-10-24 10:01:10 [INF] [ZQH.Abp.OssManagement.OssObjectTempCleanupService] [12540] [88] - Start cleanup.
2024-10-24 10:01:10 [INF] [ZQH.Abp.OssManagement.OssObjectTempCleanupService] [12540] [88] - Start cleanup host temp objects.
2024-10-24 10:01:10 [INF] [ZQH.MicroService.PlatformManagement.BackgroundWorkers.OssObjectTempCleanupBackgroundWorker] [12540] [88] - Lock is released for OssObjectTempCleanupBackgroundWorker
2024-10-24 11:01:10 [INF] [ZQH.MicroService.PlatformManagement.BackgroundWorkers.OssObjectTempCleanupBackgroundWorker] [12540] [173] - Lock is acquired for OssObjectTempCleanupBackgroundWorker
2024-10-24 11:01:10 [INF] [ZQH.Abp.OssManagement.OssObjectTempCleanupService] [12540] [173] - Start cleanup.
2024-10-24 11:01:10 [INF] [ZQH.Abp.OssManagement.OssObjectTempCleanupService] [12540] [173] - Start cleanup host temp objects.
2024-10-24 11:01:10 [INF] [ZQH.MicroService.PlatformManagement.BackgroundWorkers.OssObjectTempCleanupBackgroundWorker] [12540] [168] - Lock is released for OssObjectTempCleanupBackgroundWorker
2024-10-24 12:01:10 [INF] [ZQH.MicroService.PlatformManagement.BackgroundWorkers.OssObjectTempCleanupBackgroundWorker] [12540] [124] - Lock is acquired for OssObjectTempCleanupBackgroundWorker
2024-10-24 12:01:10 [INF] [ZQH.Abp.OssManagement.OssObjectTempCleanupService] [12540] [124] - Start cleanup.
2024-10-24 12:01:10 [INF] [ZQH.Abp.OssManagement.OssObjectTempCleanupService] [12540] [124] - Start cleanup host temp objects.
2024-10-24 12:01:10 [INF] [ZQH.MicroService.PlatformManagement.BackgroundWorkers.OssObjectTempCleanupBackgroundWorker] [12540] [155] - Lock is released for OssObjectTempCleanupBackgroundWorker
2024-10-24 13:21:30 [WRN] [DotNetCore.CAP.Internal.ConsumerRegister] [12540] [139] - RabbitMQ consumer cancelled. --> amq.ctag-Z2qm02yTe7EJNekqhaGM0w
2024-10-24 13:21:31 [WRN] [DotNetCore.CAP.Internal.ConsumerRegister] [12540] [139] - RabbitMQ consumer shutdown. --> Unexpected Exception: Unable to read data from the transport connection: 远程主机强迫关闭了一个现有的连接。.
2024-10-24 13:21:31 [WRN] [DotNetCore.CAP.Internal.ConsumerRegister] [12540] [139] - RabbitMQ consumer cancelled. --> amq.ctag-sQTeUcGAB1pBdDg5l4nTAg
2024-10-24 13:21:32 [WRN] [DotNetCore.CAP.Internal.ConsumerRegister] [12540] [139] - RabbitMQ consumer shutdown. --> Unexpected Exception: Unable to read data from the transport connection: 远程主机强迫关闭了一个现有的连接。.
2024-10-24 13:21:35 [INF] [DotNetCore.CAP.Internal.ConsumerRegister] [12540] [134] - RabbitMQ consumer registered. --> amq.ctag-Z2qm02yTe7EJNekqhaGM0w
2024-10-24 13:21:35 [INF] [DotNetCore.CAP.Internal.ConsumerRegister] [12540] [135] - RabbitMQ consumer registered. --> amq.ctag-sQTeUcGAB1pBdDg5l4nTAg
2024-10-24 13:59:18 [WRN] [DotNetCore.CAP.Internal.ConsumerRegister] [12540] [134] - RabbitMQ consumer cancelled. --> amq.ctag-Z2qm02yTe7EJNekqhaGM0w
2024-10-24 13:59:18 [WRN] [DotNetCore.CAP.Internal.ConsumerRegister] [12540] [134] - RabbitMQ consumer shutdown. --> Unexpected Exception: Unable to read data from the transport connection: 远程主机强迫关闭了一个现有的连接。.
2024-10-24 13:59:18 [WRN] [DotNetCore.CAP.Internal.ConsumerRegister] [12540] [134] - RabbitMQ consumer cancelled. --> amq.ctag-sQTeUcGAB1pBdDg5l4nTAg
2024-10-24 13:59:18 [WRN] [DotNetCore.CAP.Internal.ConsumerRegister] [12540] [134] - RabbitMQ consumer shutdown. --> Unexpected Exception: Unable to read data from the transport connection: 远程主机强迫关闭了一个现有的连接。.
2024-10-24 13:59:20 [WRN] [DotNetCore.CAP.Processor.TransportCheckProcessor] [12540] [132] - Transport connection is unhealthy, reconnection...
2024-10-24 13:59:20 [INF] [DotNetCore.CAP.Internal.ConsumerRegister] [12540] [108] - RabbitMQ consumer registered. --> amq.ctag-9BXGgbmTYj9FzGGCGyDXJA
2024-10-24 13:59:20 [INF] [DotNetCore.CAP.Internal.ConsumerRegister] [12540] [132] - RabbitMQ consumer registered. --> amq.ctag-bBbfX8NWST9KNnLjf-M-Xw
2024-10-24 16:35:32 [WRN] [DotNetCore.CAP.Internal.ConsumerRegister] [12540] [134] - RabbitMQ consumer cancelled. --> amq.ctag-9BXGgbmTYj9FzGGCGyDXJA
2024-10-24 16:35:33 [WRN] [DotNetCore.CAP.Internal.ConsumerRegister] [12540] [134] - RabbitMQ consumer shutdown. --> Unexpected Exception: Unable to read data from the transport connection: 远程主机强迫关闭了一个现有的连接。.
2024-10-24 16:35:33 [WRN] [DotNetCore.CAP.Internal.ConsumerRegister] [12540] [134] - RabbitMQ consumer cancelled. --> amq.ctag-bBbfX8NWST9KNnLjf-M-Xw
2024-10-24 16:35:33 [WRN] [DotNetCore.CAP.Internal.ConsumerRegister] [12540] [134] - RabbitMQ consumer shutdown. --> Unexpected Exception: Unable to read data from the transport connection: 远程主机强迫关闭了一个现有的连接。.
2024-10-24 16:35:37 [INF] [DotNetCore.CAP.Internal.ConsumerRegister] [12540] [134] - RabbitMQ consumer registered. --> amq.ctag-9BXGgbmTYj9FzGGCGyDXJA
2024-10-24 16:35:37 [INF] [DotNetCore.CAP.Internal.ConsumerRegister] [12540] [42] - RabbitMQ consumer registered. --> amq.ctag-bBbfX8NWST9KNnLjf-M-Xw
2024-10-24 22:33:32 [INF] [ZQH.MicroService.PlatformManagement.BackgroundWorkers.OssObjectTempCleanupBackgroundWorker] [12540] [152] - Lock is acquired for OssObjectTempCleanupBackgroundWorker
2024-10-24 22:33:32 [INF] [ZQH.Abp.OssManagement.OssObjectTempCleanupService] [12540] [152] - Start cleanup.
2024-10-24 22:33:32 [INF] [ZQH.Abp.OssManagement.OssObjectTempCleanupService] [12540] [152] - Start cleanup host temp objects.
2024-10-24 22:33:32 [INF] [ZQH.MicroService.PlatformManagement.BackgroundWorkers.OssObjectTempCleanupBackgroundWorker] [12540] [144] - Lock is released for OssObjectTempCleanupBackgroundWorker
2024-10-24 23:08:32 [WRN] [Microsoft.AspNetCore.Http.ResponseCookies] [12540] [129] - The cookie 'XSRF-TOKEN' has set 'SameSite=None' and must also set 'Secure'.
2024-10-24 23:08:38 [WRN] [Volo.Abp.AspNetCore.Mvc.AspNetCoreApiDescriptionModelProvider] [12540] [129] - Controller 'PrivateFiles' contains more than one action with name 'UploadAsyncByInput' for module 'oss-management'. Ignored: System.Threading.Tasks.Task UploadAsync(ZQH.Abp.OssManagement.UploadFileChunkInput)
2024-10-24 23:08:38 [WRN] [Volo.Abp.AspNetCore.Mvc.AspNetCoreApiDescriptionModelProvider] [12540] [129] - Controller 'PrivateFiles' contains more than one action with name 'GetAsyncByInput' for module 'oss-management'. Ignored: System.Threading.Tasks.Task`1[Volo.Abp.Content.IRemoteStreamContent] GetAsync(ZQH.Abp.OssManagement.GetPublicFileInput)
2024-10-24 23:08:38 [WRN] [Volo.Abp.AspNetCore.Mvc.AspNetCoreApiDescriptionModelProvider] [12540] [129] - Controller 'PrivateFiles' contains more than one action with name 'GetAsyncByInput' for module 'oss-management'. Ignored: System.Threading.Tasks.Task`1[Volo.Abp.Content.IRemoteStreamContent] GetAsync(ZQH.Abp.OssManagement.GetPublicFileInput)
2024-10-24 23:08:38 [WRN] [Volo.Abp.AspNetCore.Mvc.AspNetCoreApiDescriptionModelProvider] [12540] [129] - Controller 'PrivateFiles' contains more than one action with name 'GetAsyncByInput' for module 'oss-management'. Ignored: System.Threading.Tasks.Task`1[Volo.Abp.Content.IRemoteStreamContent] GetAsync(ZQH.Abp.OssManagement.GetPublicFileInput)
2024-10-24 23:08:38 [WRN] [Volo.Abp.AspNetCore.Mvc.AspNetCoreApiDescriptionModelProvider] [12540] [129] - Controller 'PrivateFiles' contains more than one action with name 'GetAsyncByInput' for module 'oss-management'. Ignored: System.Threading.Tasks.Task`1[Volo.Abp.Content.IRemoteStreamContent] GetAsync(ZQH.Abp.OssManagement.GetPublicFileInput)
2024-10-24 23:08:38 [WRN] [Volo.Abp.AspNetCore.Mvc.AspNetCoreApiDescriptionModelProvider] [12540] [129] - Controller 'PrivateFiles' contains more than one action with name 'GetAsyncByInput' for module 'oss-management'. Ignored: System.Threading.Tasks.Task`1[Volo.Abp.Content.IRemoteStreamContent] GetAsync(ZQH.Abp.OssManagement.GetPublicFileInput)
2024-10-24 23:08:38 [WRN] [Volo.Abp.AspNetCore.Mvc.AspNetCoreApiDescriptionModelProvider] [12540] [129] - Controller 'PrivateFiles' contains more than one action with name 'GetAsyncByInput' for module 'oss-management'. Ignored: System.Threading.Tasks.Task`1[Volo.Abp.Content.IRemoteStreamContent] GetAsync(ZQH.Abp.OssManagement.GetPublicFileInput)
2024-10-24 23:08:38 [WRN] [Volo.Abp.AspNetCore.Mvc.AspNetCoreApiDescriptionModelProvider] [12540] [129] - Controller 'PrivateFiles' contains more than one action with name 'GetAsyncByInput' for module 'oss-management'. Ignored: System.Threading.Tasks.Task`1[Volo.Abp.Content.IRemoteStreamContent] GetAsync(ZQH.Abp.OssManagement.GetPublicFileInput)
2024-10-24 23:08:38 [WRN] [Volo.Abp.AspNetCore.Mvc.AspNetCoreApiDescriptionModelProvider] [12540] [129] - Controller 'PublicFiles' contains more than one action with name 'UploadAsyncByInput' for module 'oss-management'. Ignored: System.Threading.Tasks.Task UploadAsync(ZQH.Abp.OssManagement.UploadFileChunkInput)
2024-10-24 23:08:38 [WRN] [Volo.Abp.AspNetCore.Mvc.AspNetCoreApiDescriptionModelProvider] [12540] [129] - Controller 'PublicFiles' contains more than one action with name 'GetAsyncByInput' for module 'oss-management'. Ignored: System.Threading.Tasks.Task`1[Volo.Abp.Content.IRemoteStreamContent] GetAsync(ZQH.Abp.OssManagement.GetPublicFileInput)
2024-10-24 23:08:38 [WRN] [Volo.Abp.AspNetCore.Mvc.AspNetCoreApiDescriptionModelProvider] [12540] [129] - Controller 'PublicFiles' contains more than one action with name 'GetAsyncByInput' for module 'oss-management'. Ignored: System.Threading.Tasks.Task`1[Volo.Abp.Content.IRemoteStreamContent] GetAsync(ZQH.Abp.OssManagement.GetPublicFileInput)
2024-10-24 23:08:38 [WRN] [Volo.Abp.AspNetCore.Mvc.AspNetCoreApiDescriptionModelProvider] [12540] [129] - Controller 'PublicFiles' contains more than one action with name 'GetAsyncByInput' for module 'oss-management'. Ignored: System.Threading.Tasks.Task`1[Volo.Abp.Content.IRemoteStreamContent] GetAsync(ZQH.Abp.OssManagement.GetPublicFileInput)
2024-10-24 23:08:38 [WRN] [Volo.Abp.AspNetCore.Mvc.AspNetCoreApiDescriptionModelProvider] [12540] [129] - Controller 'PublicFiles' contains more than one action with name 'GetAsyncByInput' for module 'oss-management'. Ignored: System.Threading.Tasks.Task`1[Volo.Abp.Content.IRemoteStreamContent] GetAsync(ZQH.Abp.OssManagement.GetPublicFileInput)
2024-10-24 23:08:38 [WRN] [Volo.Abp.AspNetCore.Mvc.AspNetCoreApiDescriptionModelProvider] [12540] [129] - Controller 'PublicFiles' contains more than one action with name 'GetAsyncByInput' for module 'oss-management'. Ignored: System.Threading.Tasks.Task`1[Volo.Abp.Content.IRemoteStreamContent] GetAsync(ZQH.Abp.OssManagement.GetPublicFileInput)
2024-10-24 23:08:38 [WRN] [Volo.Abp.AspNetCore.Mvc.AspNetCoreApiDescriptionModelProvider] [12540] [129] - Controller 'PublicFiles' contains more than one action with name 'GetAsyncByInput' for module 'oss-management'. Ignored: System.Threading.Tasks.Task`1[Volo.Abp.Content.IRemoteStreamContent] GetAsync(ZQH.Abp.OssManagement.GetPublicFileInput)
2024-10-24 23:08:38 [WRN] [Volo.Abp.AspNetCore.Mvc.AspNetCoreApiDescriptionModelProvider] [12540] [129] - Controller 'PublicFiles' contains more than one action with name 'GetAsyncByInput' for module 'oss-management'. Ignored: System.Threading.Tasks.Task`1[Volo.Abp.Content.IRemoteStreamContent] GetAsync(ZQH.Abp.OssManagement.GetPublicFileInput)
2024-10-24 23:08:38 [WRN] [Volo.Abp.AspNetCore.Mvc.AspNetCoreApiDescriptionModelProvider] [12540] [129] - Controller 'StaticFiles' contains more than one action with name 'GetAsyncByInput' for module 'oss-management'. Ignored: System.Threading.Tasks.Task`1[Volo.Abp.Content.IRemoteStreamContent] GetAsync(ZQH.Abp.OssManagement.GetStaticFileInput)
2024-10-24 23:08:38 [WRN] [Volo.Abp.AspNetCore.Mvc.AspNetCoreApiDescriptionModelProvider] [12540] [129] - Controller 'StaticFiles' contains more than one action with name 'GetAsyncByInput' for module 'oss-management'. Ignored: System.Threading.Tasks.Task`1[Volo.Abp.Content.IRemoteStreamContent] GetAsync(ZQH.Abp.OssManagement.GetStaticFileInput)
2024-10-24 23:08:38 [WRN] [Volo.Abp.AspNetCore.Mvc.AspNetCoreApiDescriptionModelProvider] [12540] [129] - Controller 'StaticFiles' contains more than one action with name 'GetAsyncByInput' for module 'oss-management'. Ignored: System.Threading.Tasks.Task`1[Volo.Abp.Content.IRemoteStreamContent] GetAsync(ZQH.Abp.OssManagement.GetStaticFileInput)
2024-10-24 23:08:38 [WRN] [Volo.Abp.AspNetCore.Mvc.AspNetCoreApiDescriptionModelProvider] [12540] [129] - Controller 'StaticFiles' contains more than one action with name 'GetAsyncByInput' for module 'oss-management'. Ignored: System.Threading.Tasks.Task`1[Volo.Abp.Content.IRemoteStreamContent] GetAsync(ZQH.Abp.OssManagement.GetStaticFileInput)
2024-10-24 23:08:38 [WRN] [Volo.Abp.AspNetCore.Mvc.AspNetCoreApiDescriptionModelProvider] [12540] [129] - Controller 'StaticFiles' contains more than one action with name 'GetAsyncByInput' for module 'oss-management'. Ignored: System.Threading.Tasks.Task`1[Volo.Abp.Content.IRemoteStreamContent] GetAsync(ZQH.Abp.OssManagement.GetStaticFileInput)
2024-10-24 23:08:38 [WRN] [Volo.Abp.AspNetCore.Mvc.AspNetCoreApiDescriptionModelProvider] [12540] [129] - Controller 'StaticFiles' contains more than one action with name 'GetAsyncByInput' for module 'oss-management'. Ignored: System.Threading.Tasks.Task`1[Volo.Abp.Content.IRemoteStreamContent] GetAsync(ZQH.Abp.OssManagement.GetStaticFileInput)
2024-10-24 23:08:38 [WRN] [Volo.Abp.AspNetCore.Mvc.AspNetCoreApiDescriptionModelProvider] [12540] [129] - Controller 'StaticFiles' contains more than one action with name 'GetAsyncByInput' for module 'oss-management'. Ignored: System.Threading.Tasks.Task`1[Volo.Abp.Content.IRemoteStreamContent] GetAsync(ZQH.Abp.OssManagement.GetStaticFileInput)
2024-10-24 23:08:39 [WRN] [Volo.Abp.AspNetCore.Mvc.AspNetCoreApiDescriptionModelProvider] [12540] [129] - Controller 'Package' contains more than one action with name 'GetLatestAsyncByInput' for module 'platform'. Ignored: System.Threading.Tasks.Task`1[ZQH.Platform.Packages.PackageDto] GetLatestAsync(ZQH.Platform.Packages.PackageGetLatestInput)
2024-10-24 23:15:05 [WRN] [Microsoft.AspNetCore.Http.ResponseCookies] [12540] [116] - The cookie 'XSRF-TOKEN' has set 'SameSite=None' and must also set 'Secure'.
2024-10-24 23:15:10 [WRN] [Volo.Abp.AspNetCore.Mvc.AspNetCoreApiDescriptionModelProvider] [12540] [41] - Controller 'PrivateFiles' contains more than one action with name 'UploadAsyncByInput' for module 'oss-management'. Ignored: System.Threading.Tasks.Task UploadAsync(ZQH.Abp.OssManagement.UploadFileChunkInput)
2024-10-24 23:15:10 [WRN] [Volo.Abp.AspNetCore.Mvc.AspNetCoreApiDescriptionModelProvider] [12540] [41] - Controller 'PrivateFiles' contains more than one action with name 'GetAsyncByInput' for module 'oss-management'. Ignored: System.Threading.Tasks.Task`1[Volo.Abp.Content.IRemoteStreamContent] GetAsync(ZQH.Abp.OssManagement.GetPublicFileInput)
2024-10-24 23:15:10 [WRN] [Volo.Abp.AspNetCore.Mvc.AspNetCoreApiDescriptionModelProvider] [12540] [41] - Controller 'PrivateFiles' contains more than one action with name 'GetAsyncByInput' for module 'oss-management'. Ignored: System.Threading.Tasks.Task`1[Volo.Abp.Content.IRemoteStreamContent] GetAsync(ZQH.Abp.OssManagement.GetPublicFileInput)
2024-10-24 23:15:10 [WRN] [Volo.Abp.AspNetCore.Mvc.AspNetCoreApiDescriptionModelProvider] [12540] [41] - Controller 'PrivateFiles' contains more than one action with name 'GetAsyncByInput' for module 'oss-management'. Ignored: System.Threading.Tasks.Task`1[Volo.Abp.Content.IRemoteStreamContent] GetAsync(ZQH.Abp.OssManagement.GetPublicFileInput)
2024-10-24 23:15:10 [WRN] [Volo.Abp.AspNetCore.Mvc.AspNetCoreApiDescriptionModelProvider] [12540] [41] - Controller 'PrivateFiles' contains more than one action with name 'GetAsyncByInput' for module 'oss-management'. Ignored: System.Threading.Tasks.Task`1[Volo.Abp.Content.IRemoteStreamContent] GetAsync(ZQH.Abp.OssManagement.GetPublicFileInput)
2024-10-24 23:15:10 [WRN] [Volo.Abp.AspNetCore.Mvc.AspNetCoreApiDescriptionModelProvider] [12540] [41] - Controller 'PrivateFiles' contains more than one action with name 'GetAsyncByInput' for module 'oss-management'. Ignored: System.Threading.Tasks.Task`1[Volo.Abp.Content.IRemoteStreamContent] GetAsync(ZQH.Abp.OssManagement.GetPublicFileInput)
2024-10-24 23:15:10 [WRN] [Volo.Abp.AspNetCore.Mvc.AspNetCoreApiDescriptionModelProvider] [12540] [41] - Controller 'PrivateFiles' contains more than one action with name 'GetAsyncByInput' for module 'oss-management'. Ignored: System.Threading.Tasks.Task`1[Volo.Abp.Content.IRemoteStreamContent] GetAsync(ZQH.Abp.OssManagement.GetPublicFileInput)
2024-10-24 23:15:10 [WRN] [Volo.Abp.AspNetCore.Mvc.AspNetCoreApiDescriptionModelProvider] [12540] [41] - Controller 'PrivateFiles' contains more than one action with name 'GetAsyncByInput' for module 'oss-management'. Ignored: System.Threading.Tasks.Task`1[Volo.Abp.Content.IRemoteStreamContent] GetAsync(ZQH.Abp.OssManagement.GetPublicFileInput)
2024-10-24 23:15:10 [WRN] [Volo.Abp.AspNetCore.Mvc.AspNetCoreApiDescriptionModelProvider] [12540] [41] - Controller 'PublicFiles' contains more than one action with name 'UploadAsyncByInput' for module 'oss-management'. Ignored: System.Threading.Tasks.Task UploadAsync(ZQH.Abp.OssManagement.UploadFileChunkInput)
2024-10-24 23:15:10 [WRN] [Volo.Abp.AspNetCore.Mvc.AspNetCoreApiDescriptionModelProvider] [12540] [41] - Controller 'PublicFiles' contains more than one action with name 'GetAsyncByInput' for module 'oss-management'. Ignored: System.Threading.Tasks.Task`1[Volo.Abp.Content.IRemoteStreamContent] GetAsync(ZQH.Abp.OssManagement.GetPublicFileInput)
2024-10-24 23:15:10 [WRN] [Volo.Abp.AspNetCore.Mvc.AspNetCoreApiDescriptionModelProvider] [12540] [41] - Controller 'PublicFiles' contains more than one action with name 'GetAsyncByInput' for module 'oss-management'. Ignored: System.Threading.Tasks.Task`1[Volo.Abp.Content.IRemoteStreamContent] GetAsync(ZQH.Abp.OssManagement.GetPublicFileInput)
2024-10-24 23:15:10 [WRN] [Volo.Abp.AspNetCore.Mvc.AspNetCoreApiDescriptionModelProvider] [12540] [41] - Controller 'PublicFiles' contains more than one action with name 'GetAsyncByInput' for module 'oss-management'. Ignored: System.Threading.Tasks.Task`1[Volo.Abp.Content.IRemoteStreamContent] GetAsync(ZQH.Abp.OssManagement.GetPublicFileInput)
2024-10-24 23:15:10 [WRN] [Volo.Abp.AspNetCore.Mvc.AspNetCoreApiDescriptionModelProvider] [12540] [41] - Controller 'PublicFiles' contains more than one action with name 'GetAsyncByInput' for module 'oss-management'. Ignored: System.Threading.Tasks.Task`1[Volo.Abp.Content.IRemoteStreamContent] GetAsync(ZQH.Abp.OssManagement.GetPublicFileInput)
2024-10-24 23:15:10 [WRN] [Volo.Abp.AspNetCore.Mvc.AspNetCoreApiDescriptionModelProvider] [12540] [41] - Controller 'PublicFiles' contains more than one action with name 'GetAsyncByInput' for module 'oss-management'. Ignored: System.Threading.Tasks.Task`1[Volo.Abp.Content.IRemoteStreamContent] GetAsync(ZQH.Abp.OssManagement.GetPublicFileInput)
2024-10-24 23:15:10 [WRN] [Volo.Abp.AspNetCore.Mvc.AspNetCoreApiDescriptionModelProvider] [12540] [41] - Controller 'PublicFiles' contains more than one action with name 'GetAsyncByInput' for module 'oss-management'. Ignored: System.Threading.Tasks.Task`1[Volo.Abp.Content.IRemoteStreamContent] GetAsync(ZQH.Abp.OssManagement.GetPublicFileInput)
2024-10-24 23:15:10 [WRN] [Volo.Abp.AspNetCore.Mvc.AspNetCoreApiDescriptionModelProvider] [12540] [41] - Controller 'PublicFiles' contains more than one action with name 'GetAsyncByInput' for module 'oss-management'. Ignored: System.Threading.Tasks.Task`1[Volo.Abp.Content.IRemoteStreamContent] GetAsync(ZQH.Abp.OssManagement.GetPublicFileInput)
2024-10-24 23:15:10 [WRN] [Volo.Abp.AspNetCore.Mvc.AspNetCoreApiDescriptionModelProvider] [12540] [41] - Controller 'StaticFiles' contains more than one action with name 'GetAsyncByInput' for module 'oss-management'. Ignored: System.Threading.Tasks.Task`1[Volo.Abp.Content.IRemoteStreamContent] GetAsync(ZQH.Abp.OssManagement.GetStaticFileInput)
2024-10-24 23:15:10 [WRN] [Volo.Abp.AspNetCore.Mvc.AspNetCoreApiDescriptionModelProvider] [12540] [41] - Controller 'StaticFiles' contains more than one action with name 'GetAsyncByInput' for module 'oss-management'. Ignored: System.Threading.Tasks.Task`1[Volo.Abp.Content.IRemoteStreamContent] GetAsync(ZQH.Abp.OssManagement.GetStaticFileInput)
2024-10-24 23:15:10 [WRN] [Volo.Abp.AspNetCore.Mvc.AspNetCoreApiDescriptionModelProvider] [12540] [41] - Controller 'StaticFiles' contains more than one action with name 'GetAsyncByInput' for module 'oss-management'. Ignored: System.Threading.Tasks.Task`1[Volo.Abp.Content.IRemoteStreamContent] GetAsync(ZQH.Abp.OssManagement.GetStaticFileInput)
2024-10-24 23:15:10 [WRN] [Volo.Abp.AspNetCore.Mvc.AspNetCoreApiDescriptionModelProvider] [12540] [41] - Controller 'StaticFiles' contains more than one action with name 'GetAsyncByInput' for module 'oss-management'. Ignored: System.Threading.Tasks.Task`1[Volo.Abp.Content.IRemoteStreamContent] GetAsync(ZQH.Abp.OssManagement.GetStaticFileInput)
2024-10-24 23:15:10 [WRN] [Volo.Abp.AspNetCore.Mvc.AspNetCoreApiDescriptionModelProvider] [12540] [41] - Controller 'StaticFiles' contains more than one action with name 'GetAsyncByInput' for module 'oss-management'. Ignored: System.Threading.Tasks.Task`1[Volo.Abp.Content.IRemoteStreamContent] GetAsync(ZQH.Abp.OssManagement.GetStaticFileInput)
2024-10-24 23:15:10 [WRN] [Volo.Abp.AspNetCore.Mvc.AspNetCoreApiDescriptionModelProvider] [12540] [41] - Controller 'StaticFiles' contains more than one action with name 'GetAsyncByInput' for module 'oss-management'. Ignored: System.Threading.Tasks.Task`1[Volo.Abp.Content.IRemoteStreamContent] GetAsync(ZQH.Abp.OssManagement.GetStaticFileInput)
2024-10-24 23:15:10 [WRN] [Volo.Abp.AspNetCore.Mvc.AspNetCoreApiDescriptionModelProvider] [12540] [41] - Controller 'StaticFiles' contains more than one action with name 'GetAsyncByInput' for module 'oss-management'. Ignored: System.Threading.Tasks.Task`1[Volo.Abp.Content.IRemoteStreamContent] GetAsync(ZQH.Abp.OssManagement.GetStaticFileInput)
2024-10-24 23:15:10 [WRN] [Volo.Abp.AspNetCore.Mvc.AspNetCoreApiDescriptionModelProvider] [12540] [41] - Controller 'Package' contains more than one action with name 'GetLatestAsyncByInput' for module 'platform'. Ignored: System.Threading.Tasks.Task`1[ZQH.Platform.Packages.PackageDto] GetLatestAsync(ZQH.Platform.Packages.PackageGetLatestInput)
2024-10-24 23:20:22 [WRN] [Microsoft.AspNetCore.Http.ResponseCookies] [12540] [163] - The cookie 'XSRF-TOKEN' has set 'SameSite=None' and must also set 'Secure'.
2024-10-24 23:21:53 [WRN] [Microsoft.AspNetCore.Http.ResponseCookies] [12540] [163] - The cookie 'XSRF-TOKEN' has set 'SameSite=None' and must also set 'Secure'.
2024-10-24 23:22:01 [WRN] [Volo.Abp.AspNetCore.Mvc.AspNetCoreApiDescriptionModelProvider] [12540] [113] - Controller 'PrivateFiles' contains more than one action with name 'UploadAsyncByInput' for module 'oss-management'. Ignored: System.Threading.Tasks.Task UploadAsync(ZQH.Abp.OssManagement.UploadFileChunkInput)
2024-10-24 23:22:01 [WRN] [Volo.Abp.AspNetCore.Mvc.AspNetCoreApiDescriptionModelProvider] [12540] [113] - Controller 'PrivateFiles' contains more than one action with name 'GetAsyncByInput' for module 'oss-management'. Ignored: System.Threading.Tasks.Task`1[Volo.Abp.Content.IRemoteStreamContent] GetAsync(ZQH.Abp.OssManagement.GetPublicFileInput)
2024-10-24 23:22:01 [WRN] [Volo.Abp.AspNetCore.Mvc.AspNetCoreApiDescriptionModelProvider] [12540] [113] - Controller 'PrivateFiles' contains more than one action with name 'GetAsyncByInput' for module 'oss-management'. Ignored: System.Threading.Tasks.Task`1[Volo.Abp.Content.IRemoteStreamContent] GetAsync(ZQH.Abp.OssManagement.GetPublicFileInput)
2024-10-24 23:22:01 [WRN] [Volo.Abp.AspNetCore.Mvc.AspNetCoreApiDescriptionModelProvider] [12540] [113] - Controller 'PrivateFiles' contains more than one action with name 'GetAsyncByInput' for module 'oss-management'. Ignored: System.Threading.Tasks.Task`1[Volo.Abp.Content.IRemoteStreamContent] GetAsync(ZQH.Abp.OssManagement.GetPublicFileInput)
2024-10-24 23:22:01 [WRN] [Volo.Abp.AspNetCore.Mvc.AspNetCoreApiDescriptionModelProvider] [12540] [113] - Controller 'PrivateFiles' contains more than one action with name 'GetAsyncByInput' for module 'oss-management'. Ignored: System.Threading.Tasks.Task`1[Volo.Abp.Content.IRemoteStreamContent] GetAsync(ZQH.Abp.OssManagement.GetPublicFileInput)
2024-10-24 23:22:02 [WRN] [Volo.Abp.AspNetCore.Mvc.AspNetCoreApiDescriptionModelProvider] [12540] [113] - Controller 'PrivateFiles' contains more than one action with name 'GetAsyncByInput' for module 'oss-management'. Ignored: System.Threading.Tasks.Task`1[Volo.Abp.Content.IRemoteStreamContent] GetAsync(ZQH.Abp.OssManagement.GetPublicFileInput)
2024-10-24 23:22:02 [WRN] [Volo.Abp.AspNetCore.Mvc.AspNetCoreApiDescriptionModelProvider] [12540] [113] - Controller 'PrivateFiles' contains more than one action with name 'GetAsyncByInput' for module 'oss-management'. Ignored: System.Threading.Tasks.Task`1[Volo.Abp.Content.IRemoteStreamContent] GetAsync(ZQH.Abp.OssManagement.GetPublicFileInput)
2024-10-24 23:22:02 [WRN] [Volo.Abp.AspNetCore.Mvc.AspNetCoreApiDescriptionModelProvider] [12540] [113] - Controller 'PrivateFiles' contains more than one action with name 'GetAsyncByInput' for module 'oss-management'. Ignored: System.Threading.Tasks.Task`1[Volo.Abp.Content.IRemoteStreamContent] GetAsync(ZQH.Abp.OssManagement.GetPublicFileInput)
2024-10-24 23:22:02 [WRN] [Volo.Abp.AspNetCore.Mvc.AspNetCoreApiDescriptionModelProvider] [12540] [113] - Controller 'PublicFiles' contains more than one action with name 'UploadAsyncByInput' for module 'oss-management'. Ignored: System.Threading.Tasks.Task UploadAsync(ZQH.Abp.OssManagement.UploadFileChunkInput)
2024-10-24 23:22:02 [WRN] [Volo.Abp.AspNetCore.Mvc.AspNetCoreApiDescriptionModelProvider] [12540] [113] - Controller 'PublicFiles' contains more than one action with name 'GetAsyncByInput' for module 'oss-management'. Ignored: System.Threading.Tasks.Task`1[Volo.Abp.Content.IRemoteStreamContent] GetAsync(ZQH.Abp.OssManagement.GetPublicFileInput)
2024-10-24 23:22:03 [WRN] [Volo.Abp.AspNetCore.Mvc.AspNetCoreApiDescriptionModelProvider] [12540] [113] - Controller 'PublicFiles' contains more than one action with name 'GetAsyncByInput' for module 'oss-management'. Ignored: System.Threading.Tasks.Task`1[Volo.Abp.Content.IRemoteStreamContent] GetAsync(ZQH.Abp.OssManagement.GetPublicFileInput)
2024-10-24 23:22:03 [WRN] [Volo.Abp.AspNetCore.Mvc.AspNetCoreApiDescriptionModelProvider] [12540] [113] - Controller 'PublicFiles' contains more than one action with name 'GetAsyncByInput' for module 'oss-management'. Ignored: System.Threading.Tasks.Task`1[Volo.Abp.Content.IRemoteStreamContent] GetAsync(ZQH.Abp.OssManagement.GetPublicFileInput)
2024-10-24 23:22:03 [WRN] [Volo.Abp.AspNetCore.Mvc.AspNetCoreApiDescriptionModelProvider] [12540] [113] - Controller 'PublicFiles' contains more than one action with name 'GetAsyncByInput' for module 'oss-management'. Ignored: System.Threading.Tasks.Task`1[Volo.Abp.Content.IRemoteStreamContent] GetAsync(ZQH.Abp.OssManagement.GetPublicFileInput)
2024-10-24 23:22:03 [WRN] [Volo.Abp.AspNetCore.Mvc.AspNetCoreApiDescriptionModelProvider] [12540] [113] - Controller 'PublicFiles' contains more than one action with name 'GetAsyncByInput' for module 'oss-management'. Ignored: System.Threading.Tasks.Task`1[Volo.Abp.Content.IRemoteStreamContent] GetAsync(ZQH.Abp.OssManagement.GetPublicFileInput)
2024-10-24 23:22:03 [WRN] [Volo.Abp.AspNetCore.Mvc.AspNetCoreApiDescriptionModelProvider] [12540] [113] - Controller 'PublicFiles' contains more than one action with name 'GetAsyncByInput' for module 'oss-management'. Ignored: System.Threading.Tasks.Task`1[Volo.Abp.Content.IRemoteStreamContent] GetAsync(ZQH.Abp.OssManagement.GetPublicFileInput)
2024-10-24 23:22:03 [WRN] [Volo.Abp.AspNetCore.Mvc.AspNetCoreApiDescriptionModelProvider] [12540] [113] - Controller 'PublicFiles' contains more than one action with name 'GetAsyncByInput' for module 'oss-management'. Ignored: System.Threading.Tasks.Task`1[Volo.Abp.Content.IRemoteStreamContent] GetAsync(ZQH.Abp.OssManagement.GetPublicFileInput)
2024-10-24 23:22:03 [WRN] [Volo.Abp.AspNetCore.Mvc.AspNetCoreApiDescriptionModelProvider] [12540] [113] - Controller 'StaticFiles' contains more than one action with name 'GetAsyncByInput' for module 'oss-management'. Ignored: System.Threading.Tasks.Task`1[Volo.Abp.Content.IRemoteStreamContent] GetAsync(ZQH.Abp.OssManagement.GetStaticFileInput)
2024-10-24 23:22:03 [WRN] [Volo.Abp.AspNetCore.Mvc.AspNetCoreApiDescriptionModelProvider] [12540] [113] - Controller 'StaticFiles' contains more than one action with name 'GetAsyncByInput' for module 'oss-management'. Ignored: System.Threading.Tasks.Task`1[Volo.Abp.Content.IRemoteStreamContent] GetAsync(ZQH.Abp.OssManagement.GetStaticFileInput)
2024-10-24 23:22:03 [WRN] [Volo.Abp.AspNetCore.Mvc.AspNetCoreApiDescriptionModelProvider] [12540] [113] - Controller 'StaticFiles' contains more than one action with name 'GetAsyncByInput' for module 'oss-management'. Ignored: System.Threading.Tasks.Task`1[Volo.Abp.Content.IRemoteStreamContent] GetAsync(ZQH.Abp.OssManagement.GetStaticFileInput)
2024-10-24 23:22:03 [WRN] [Volo.Abp.AspNetCore.Mvc.AspNetCoreApiDescriptionModelProvider] [12540] [113] - Controller 'StaticFiles' contains more than one action with name 'GetAsyncByInput' for module 'oss-management'. Ignored: System.Threading.Tasks.Task`1[Volo.Abp.Content.IRemoteStreamContent] GetAsync(ZQH.Abp.OssManagement.GetStaticFileInput)
2024-10-24 23:22:04 [WRN] [Volo.Abp.AspNetCore.Mvc.AspNetCoreApiDescriptionModelProvider] [12540] [113] - Controller 'StaticFiles' contains more than one action with name 'GetAsyncByInput' for module 'oss-management'. Ignored: System.Threading.Tasks.Task`1[Volo.Abp.Content.IRemoteStreamContent] GetAsync(ZQH.Abp.OssManagement.GetStaticFileInput)
2024-10-24 23:22:04 [WRN] [Volo.Abp.AspNetCore.Mvc.AspNetCoreApiDescriptionModelProvider] [12540] [113] - Controller 'StaticFiles' contains more than one action with name 'GetAsyncByInput' for module 'oss-management'. Ignored: System.Threading.Tasks.Task`1[Volo.Abp.Content.IRemoteStreamContent] GetAsync(ZQH.Abp.OssManagement.GetStaticFileInput)
2024-10-24 23:22:04 [WRN] [Volo.Abp.AspNetCore.Mvc.AspNetCoreApiDescriptionModelProvider] [12540] [113] - Controller 'StaticFiles' contains more than one action with name 'GetAsyncByInput' for module 'oss-management'. Ignored: System.Threading.Tasks.Task`1[Volo.Abp.Content.IRemoteStreamContent] GetAsync(ZQH.Abp.OssManagement.GetStaticFileInput)
2024-10-24 23:22:04 [WRN] [Volo.Abp.AspNetCore.Mvc.AspNetCoreApiDescriptionModelProvider] [12540] [113] - Controller 'Package' contains more than one action with name 'GetLatestAsyncByInput' for module 'platform'. Ignored: System.Threading.Tasks.Task`1[ZQH.Platform.Packages.PackageDto] GetLatestAsync(ZQH.Platform.Packages.PackageGetLatestInput)
2024-10-24 23:25:14 [WRN] [Microsoft.AspNetCore.Http.ResponseCookies] [12540] [153] - The cookie 'XSRF-TOKEN' has set 'SameSite=None' and must also set 'Secure'.
2024-10-24 23:25:17 [WRN] [Volo.Abp.AspNetCore.Mvc.AspNetCoreApiDescriptionModelProvider] [12540] [88] - Controller 'PrivateFiles' contains more than one action with name 'UploadAsyncByInput' for module 'oss-management'. Ignored: System.Threading.Tasks.Task UploadAsync(ZQH.Abp.OssManagement.UploadFileChunkInput)
2024-10-24 23:25:17 [WRN] [Volo.Abp.AspNetCore.Mvc.AspNetCoreApiDescriptionModelProvider] [12540] [88] - Controller 'PrivateFiles' contains more than one action with name 'GetAsyncByInput' for module 'oss-management'. Ignored: System.Threading.Tasks.Task`1[Volo.Abp.Content.IRemoteStreamContent] GetAsync(ZQH.Abp.OssManagement.GetPublicFileInput)
2024-10-24 23:25:17 [WRN] [Volo.Abp.AspNetCore.Mvc.AspNetCoreApiDescriptionModelProvider] [12540] [88] - Controller 'PrivateFiles' contains more than one action with name 'GetAsyncByInput' for module 'oss-management'. Ignored: System.Threading.Tasks.Task`1[Volo.Abp.Content.IRemoteStreamContent] GetAsync(ZQH.Abp.OssManagement.GetPublicFileInput)
2024-10-24 23:25:17 [WRN] [Volo.Abp.AspNetCore.Mvc.AspNetCoreApiDescriptionModelProvider] [12540] [88] - Controller 'PrivateFiles' contains more than one action with name 'GetAsyncByInput' for module 'oss-management'. Ignored: System.Threading.Tasks.Task`1[Volo.Abp.Content.IRemoteStreamContent] GetAsync(ZQH.Abp.OssManagement.GetPublicFileInput)
2024-10-24 23:25:17 [WRN] [Volo.Abp.AspNetCore.Mvc.AspNetCoreApiDescriptionModelProvider] [12540] [88] - Controller 'PrivateFiles' contains more than one action with name 'GetAsyncByInput' for module 'oss-management'. Ignored: System.Threading.Tasks.Task`1[Volo.Abp.Content.IRemoteStreamContent] GetAsync(ZQH.Abp.OssManagement.GetPublicFileInput)
2024-10-24 23:25:17 [WRN] [Volo.Abp.AspNetCore.Mvc.AspNetCoreApiDescriptionModelProvider] [12540] [88] - Controller 'PrivateFiles' contains more than one action with name 'GetAsyncByInput' for module 'oss-management'. Ignored: System.Threading.Tasks.Task`1[Volo.Abp.Content.IRemoteStreamContent] GetAsync(ZQH.Abp.OssManagement.GetPublicFileInput)
2024-10-24 23:25:17 [WRN] [Volo.Abp.AspNetCore.Mvc.AspNetCoreApiDescriptionModelProvider] [12540] [88] - Controller 'PrivateFiles' contains more than one action with name 'GetAsyncByInput' for module 'oss-management'. Ignored: System.Threading.Tasks.Task`1[Volo.Abp.Content.IRemoteStreamContent] GetAsync(ZQH.Abp.OssManagement.GetPublicFileInput)
2024-10-24 23:25:17 [WRN] [Volo.Abp.AspNetCore.Mvc.AspNetCoreApiDescriptionModelProvider] [12540] [88] - Controller 'PrivateFiles' contains more than one action with name 'GetAsyncByInput' for module 'oss-management'. Ignored: System.Threading.Tasks.Task`1[Volo.Abp.Content.IRemoteStreamContent] GetAsync(ZQH.Abp.OssManagement.GetPublicFileInput)
2024-10-24 23:25:17 [WRN] [Volo.Abp.AspNetCore.Mvc.AspNetCoreApiDescriptionModelProvider] [12540] [88] - Controller 'PublicFiles' contains more than one action with name 'UploadAsyncByInput' for module 'oss-management'. Ignored: System.Threading.Tasks.Task UploadAsync(ZQH.Abp.OssManagement.UploadFileChunkInput)
2024-10-24 23:25:17 [WRN] [Volo.Abp.AspNetCore.Mvc.AspNetCoreApiDescriptionModelProvider] [12540] [88] - Controller 'PublicFiles' contains more than one action with name 'GetAsyncByInput' for module 'oss-management'. Ignored: System.Threading.Tasks.Task`1[Volo.Abp.Content.IRemoteStreamContent] GetAsync(ZQH.Abp.OssManagement.GetPublicFileInput)
2024-10-24 23:25:17 [WRN] [Volo.Abp.AspNetCore.Mvc.AspNetCoreApiDescriptionModelProvider] [12540] [88] - Controller 'PublicFiles' contains more than one action with name 'GetAsyncByInput' for module 'oss-management'. Ignored: System.Threading.Tasks.Task`1[Volo.Abp.Content.IRemoteStreamContent] GetAsync(ZQH.Abp.OssManagement.GetPublicFileInput)
2024-10-24 23:25:17 [WRN] [Volo.Abp.AspNetCore.Mvc.AspNetCoreApiDescriptionModelProvider] [12540] [88] - Controller 'PublicFiles' contains more than one action with name 'GetAsyncByInput' for module 'oss-management'. Ignored: System.Threading.Tasks.Task`1[Volo.Abp.Content.IRemoteStreamContent] GetAsync(ZQH.Abp.OssManagement.GetPublicFileInput)
2024-10-24 23:25:17 [WRN] [Volo.Abp.AspNetCore.Mvc.AspNetCoreApiDescriptionModelProvider] [12540] [88] - Controller 'PublicFiles' contains more than one action with name 'GetAsyncByInput' for module 'oss-management'. Ignored: System.Threading.Tasks.Task`1[Volo.Abp.Content.IRemoteStreamContent] GetAsync(ZQH.Abp.OssManagement.GetPublicFileInput)
2024-10-24 23:25:17 [WRN] [Volo.Abp.AspNetCore.Mvc.AspNetCoreApiDescriptionModelProvider] [12540] [88] - Controller 'PublicFiles' contains more than one action with name 'GetAsyncByInput' for module 'oss-management'. Ignored: System.Threading.Tasks.Task`1[Volo.Abp.Content.IRemoteStreamContent] GetAsync(ZQH.Abp.OssManagement.GetPublicFileInput)
2024-10-24 23:25:17 [WRN] [Volo.Abp.AspNetCore.Mvc.AspNetCoreApiDescriptionModelProvider] [12540] [88] - Controller 'PublicFiles' contains more than one action with name 'GetAsyncByInput' for module 'oss-management'. Ignored: System.Threading.Tasks.Task`1[Volo.Abp.Content.IRemoteStreamContent] GetAsync(ZQH.Abp.OssManagement.GetPublicFileInput)
2024-10-24 23:25:17 [WRN] [Volo.Abp.AspNetCore.Mvc.AspNetCoreApiDescriptionModelProvider] [12540] [88] - Controller 'PublicFiles' contains more than one action with name 'GetAsyncByInput' for module 'oss-management'. Ignored: System.Threading.Tasks.Task`1[Volo.Abp.Content.IRemoteStreamContent] GetAsync(ZQH.Abp.OssManagement.GetPublicFileInput)
2024-10-24 23:25:17 [WRN] [Volo.Abp.AspNetCore.Mvc.AspNetCoreApiDescriptionModelProvider] [12540] [88] - Controller 'StaticFiles' contains more than one action with name 'GetAsyncByInput' for module 'oss-management'. Ignored: System.Threading.Tasks.Task`1[Volo.Abp.Content.IRemoteStreamContent] GetAsync(ZQH.Abp.OssManagement.GetStaticFileInput)
2024-10-24 23:25:17 [WRN] [Volo.Abp.AspNetCore.Mvc.AspNetCoreApiDescriptionModelProvider] [12540] [88] - Controller 'StaticFiles' contains more than one action with name 'GetAsyncByInput' for module 'oss-management'. Ignored: System.Threading.Tasks.Task`1[Volo.Abp.Content.IRemoteStreamContent] GetAsync(ZQH.Abp.OssManagement.GetStaticFileInput)
2024-10-24 23:25:17 [WRN] [Volo.Abp.AspNetCore.Mvc.AspNetCoreApiDescriptionModelProvider] [12540] [88] - Controller 'StaticFiles' contains more than one action with name 'GetAsyncByInput' for module 'oss-management'. Ignored: System.Threading.Tasks.Task`1[Volo.Abp.Content.IRemoteStreamContent] GetAsync(ZQH.Abp.OssManagement.GetStaticFileInput)
2024-10-24 23:25:17 [WRN] [Volo.Abp.AspNetCore.Mvc.AspNetCoreApiDescriptionModelProvider] [12540] [88] - Controller 'StaticFiles' contains more than one action with name 'GetAsyncByInput' for module 'oss-management'. Ignored: System.Threading.Tasks.Task`1[Volo.Abp.Content.IRemoteStreamContent] GetAsync(ZQH.Abp.OssManagement.GetStaticFileInput)
2024-10-24 23:25:17 [WRN] [Volo.Abp.AspNetCore.Mvc.AspNetCoreApiDescriptionModelProvider] [12540] [88] - Controller 'StaticFiles' contains more than one action with name 'GetAsyncByInput' for module 'oss-management'. Ignored: System.Threading.Tasks.Task`1[Volo.Abp.Content.IRemoteStreamContent] GetAsync(ZQH.Abp.OssManagement.GetStaticFileInput)
2024-10-24 23:25:17 [WRN] [Volo.Abp.AspNetCore.Mvc.AspNetCoreApiDescriptionModelProvider] [12540] [88] - Controller 'StaticFiles' contains more than one action with name 'GetAsyncByInput' for module 'oss-management'. Ignored: System.Threading.Tasks.Task`1[Volo.Abp.Content.IRemoteStreamContent] GetAsync(ZQH.Abp.OssManagement.GetStaticFileInput)
2024-10-24 23:25:17 [WRN] [Volo.Abp.AspNetCore.Mvc.AspNetCoreApiDescriptionModelProvider] [12540] [88] - Controller 'StaticFiles' contains more than one action with name 'GetAsyncByInput' for module 'oss-management'. Ignored: System.Threading.Tasks.Task`1[Volo.Abp.Content.IRemoteStreamContent] GetAsync(ZQH.Abp.OssManagement.GetStaticFileInput)
2024-10-24 23:25:17 [WRN] [Volo.Abp.AspNetCore.Mvc.AspNetCoreApiDescriptionModelProvider] [12540] [88] - Controller 'Package' contains more than one action with name 'GetLatestAsyncByInput' for module 'platform'. Ignored: System.Threading.Tasks.Task`1[ZQH.Platform.Packages.PackageDto] GetLatestAsync(ZQH.Platform.Packages.PackageGetLatestInput)
2024-10-24 23:26:47 [WRN] [Microsoft.AspNetCore.Http.ResponseCookies] [12540] [135] - The cookie 'XSRF-TOKEN' has set 'SameSite=None' and must also set 'Secure'.
2024-10-24 23:26:50 [WRN] [Volo.Abp.AspNetCore.Mvc.AspNetCoreApiDescriptionModelProvider] [12540] [153] - Controller 'PrivateFiles' contains more than one action with name 'UploadAsyncByInput' for module 'oss-management'. Ignored: System.Threading.Tasks.Task UploadAsync(ZQH.Abp.OssManagement.UploadFileChunkInput)
2024-10-24 23:26:50 [WRN] [Volo.Abp.AspNetCore.Mvc.AspNetCoreApiDescriptionModelProvider] [12540] [153] - Controller 'PrivateFiles' contains more than one action with name 'GetAsyncByInput' for module 'oss-management'. Ignored: System.Threading.Tasks.Task`1[Volo.Abp.Content.IRemoteStreamContent] GetAsync(ZQH.Abp.OssManagement.GetPublicFileInput)
2024-10-24 23:26:50 [WRN] [Volo.Abp.AspNetCore.Mvc.AspNetCoreApiDescriptionModelProvider] [12540] [153] - Controller 'PrivateFiles' contains more than one action with name 'GetAsyncByInput' for module 'oss-management'. Ignored: System.Threading.Tasks.Task`1[Volo.Abp.Content.IRemoteStreamContent] GetAsync(ZQH.Abp.OssManagement.GetPublicFileInput)
2024-10-24 23:26:50 [WRN] [Volo.Abp.AspNetCore.Mvc.AspNetCoreApiDescriptionModelProvider] [12540] [153] - Controller 'PrivateFiles' contains more than one action with name 'GetAsyncByInput' for module 'oss-management'. Ignored: System.Threading.Tasks.Task`1[Volo.Abp.Content.IRemoteStreamContent] GetAsync(ZQH.Abp.OssManagement.GetPublicFileInput)
2024-10-24 23:26:50 [WRN] [Volo.Abp.AspNetCore.Mvc.AspNetCoreApiDescriptionModelProvider] [12540] [153] - Controller 'PrivateFiles' contains more than one action with name 'GetAsyncByInput' for module 'oss-management'. Ignored: System.Threading.Tasks.Task`1[Volo.Abp.Content.IRemoteStreamContent] GetAsync(ZQH.Abp.OssManagement.GetPublicFileInput)
2024-10-24 23:26:50 [WRN] [Volo.Abp.AspNetCore.Mvc.AspNetCoreApiDescriptionModelProvider] [12540] [153] - Controller 'PrivateFiles' contains more than one action with name 'GetAsyncByInput' for module 'oss-management'. Ignored: System.Threading.Tasks.Task`1[Volo.Abp.Content.IRemoteStreamContent] GetAsync(ZQH.Abp.OssManagement.GetPublicFileInput)
2024-10-24 23:26:50 [WRN] [Volo.Abp.AspNetCore.Mvc.AspNetCoreApiDescriptionModelProvider] [12540] [153] - Controller 'PrivateFiles' contains more than one action with name 'GetAsyncByInput' for module 'oss-management'. Ignored: System.Threading.Tasks.Task`1[Volo.Abp.Content.IRemoteStreamContent] GetAsync(ZQH.Abp.OssManagement.GetPublicFileInput)
2024-10-24 23:26:50 [WRN] [Volo.Abp.AspNetCore.Mvc.AspNetCoreApiDescriptionModelProvider] [12540] [153] - Controller 'PrivateFiles' contains more than one action with name 'GetAsyncByInput' for module 'oss-management'. Ignored: System.Threading.Tasks.Task`1[Volo.Abp.Content.IRemoteStreamContent] GetAsync(ZQH.Abp.OssManagement.GetPublicFileInput)
2024-10-24 23:26:50 [WRN] [Volo.Abp.AspNetCore.Mvc.AspNetCoreApiDescriptionModelProvider] [12540] [153] - Controller 'PublicFiles' contains more than one action with name 'UploadAsyncByInput' for module 'oss-management'. Ignored: System.Threading.Tasks.Task UploadAsync(ZQH.Abp.OssManagement.UploadFileChunkInput)
2024-10-24 23:26:50 [WRN] [Volo.Abp.AspNetCore.Mvc.AspNetCoreApiDescriptionModelProvider] [12540] [153] - Controller 'PublicFiles' contains more than one action with name 'GetAsyncByInput' for module 'oss-management'. Ignored: System.Threading.Tasks.Task`1[Volo.Abp.Content.IRemoteStreamContent] GetAsync(ZQH.Abp.OssManagement.GetPublicFileInput)
2024-10-24 23:26:50 [WRN] [Volo.Abp.AspNetCore.Mvc.AspNetCoreApiDescriptionModelProvider] [12540] [153] - Controller 'PublicFiles' contains more than one action with name 'GetAsyncByInput' for module 'oss-management'. Ignored: System.Threading.Tasks.Task`1[Volo.Abp.Content.IRemoteStreamContent] GetAsync(ZQH.Abp.OssManagement.GetPublicFileInput)
2024-10-24 23:26:50 [WRN] [Volo.Abp.AspNetCore.Mvc.AspNetCoreApiDescriptionModelProvider] [12540] [153] - Controller 'PublicFiles' contains more than one action with name 'GetAsyncByInput' for module 'oss-management'. Ignored: System.Threading.Tasks.Task`1[Volo.Abp.Content.IRemoteStreamContent] GetAsync(ZQH.Abp.OssManagement.GetPublicFileInput)
2024-10-24 23:26:50 [WRN] [Volo.Abp.AspNetCore.Mvc.AspNetCoreApiDescriptionModelProvider] [12540] [153] - Controller 'PublicFiles' contains more than one action with name 'GetAsyncByInput' for module 'oss-management'. Ignored: System.Threading.Tasks.Task`1[Volo.Abp.Content.IRemoteStreamContent] GetAsync(ZQH.Abp.OssManagement.GetPublicFileInput)
2024-10-24 23:26:50 [WRN] [Volo.Abp.AspNetCore.Mvc.AspNetCoreApiDescriptionModelProvider] [12540] [153] - Controller 'PublicFiles' contains more than one action with name 'GetAsyncByInput' for module 'oss-management'. Ignored: System.Threading.Tasks.Task`1[Volo.Abp.Content.IRemoteStreamContent] GetAsync(ZQH.Abp.OssManagement.GetPublicFileInput)
2024-10-24 23:26:50 [WRN] [Volo.Abp.AspNetCore.Mvc.AspNetCoreApiDescriptionModelProvider] [12540] [153] - Controller 'PublicFiles' contains more than one action with name 'GetAsyncByInput' for module 'oss-management'. Ignored: System.Threading.Tasks.Task`1[Volo.Abp.Content.IRemoteStreamContent] GetAsync(ZQH.Abp.OssManagement.GetPublicFileInput)
2024-10-24 23:26:50 [WRN] [Volo.Abp.AspNetCore.Mvc.AspNetCoreApiDescriptionModelProvider] [12540] [153] - Controller 'PublicFiles' contains more than one action with name 'GetAsyncByInput' for module 'oss-management'. Ignored: System.Threading.Tasks.Task`1[Volo.Abp.Content.IRemoteStreamContent] GetAsync(ZQH.Abp.OssManagement.GetPublicFileInput)
2024-10-24 23:26:50 [WRN] [Volo.Abp.AspNetCore.Mvc.AspNetCoreApiDescriptionModelProvider] [12540] [153] - Controller 'StaticFiles' contains more than one action with name 'GetAsyncByInput' for module 'oss-management'. Ignored: System.Threading.Tasks.Task`1[Volo.Abp.Content.IRemoteStreamContent] GetAsync(ZQH.Abp.OssManagement.GetStaticFileInput)
2024-10-24 23:26:50 [WRN] [Volo.Abp.AspNetCore.Mvc.AspNetCoreApiDescriptionModelProvider] [12540] [153] - Controller 'StaticFiles' contains more than one action with name 'GetAsyncByInput' for module 'oss-management'. Ignored: System.Threading.Tasks.Task`1[Volo.Abp.Content.IRemoteStreamContent] GetAsync(ZQH.Abp.OssManagement.GetStaticFileInput)
2024-10-24 23:26:50 [WRN] [Volo.Abp.AspNetCore.Mvc.AspNetCoreApiDescriptionModelProvider] [12540] [153] - Controller 'StaticFiles' contains more than one action with name 'GetAsyncByInput' for module 'oss-management'. Ignored: System.Threading.Tasks.Task`1[Volo.Abp.Content.IRemoteStreamContent] GetAsync(ZQH.Abp.OssManagement.GetStaticFileInput)
2024-10-24 23:26:50 [WRN] [Volo.Abp.AspNetCore.Mvc.AspNetCoreApiDescriptionModelProvider] [12540] [153] - Controller 'StaticFiles' contains more than one action with name 'GetAsyncByInput' for module 'oss-management'. Ignored: System.Threading.Tasks.Task`1[Volo.Abp.Content.IRemoteStreamContent] GetAsync(ZQH.Abp.OssManagement.GetStaticFileInput)
2024-10-24 23:26:50 [WRN] [Volo.Abp.AspNetCore.Mvc.AspNetCoreApiDescriptionModelProvider] [12540] [153] - Controller 'StaticFiles' contains more than one action with name 'GetAsyncByInput' for module 'oss-management'. Ignored: System.Threading.Tasks.Task`1[Volo.Abp.Content.IRemoteStreamContent] GetAsync(ZQH.Abp.OssManagement.GetStaticFileInput)
2024-10-24 23:26:50 [WRN] [Volo.Abp.AspNetCore.Mvc.AspNetCoreApiDescriptionModelProvider] [12540] [153] - Controller 'StaticFiles' contains more than one action with name 'GetAsyncByInput' for module 'oss-management'. Ignored: System.Threading.Tasks.Task`1[Volo.Abp.Content.IRemoteStreamContent] GetAsync(ZQH.Abp.OssManagement.GetStaticFileInput)
2024-10-24 23:26:50 [WRN] [Volo.Abp.AspNetCore.Mvc.AspNetCoreApiDescriptionModelProvider] [12540] [153] - Controller 'StaticFiles' contains more than one action with name 'GetAsyncByInput' for module 'oss-management'. Ignored: System.Threading.Tasks.Task`1[Volo.Abp.Content.IRemoteStreamContent] GetAsync(ZQH.Abp.OssManagement.GetStaticFileInput)
2024-10-24 23:26:50 [WRN] [Volo.Abp.AspNetCore.Mvc.AspNetCoreApiDescriptionModelProvider] [12540] [153] - Controller 'Package' contains more than one action with name 'GetLatestAsyncByInput' for module 'platform'. Ignored: System.Threading.Tasks.Task`1[ZQH.Platform.Packages.PackageDto] GetLatestAsync(ZQH.Platform.Packages.PackageGetLatestInput)
2024-10-24 23:29:16 [WRN] [Microsoft.AspNetCore.Http.ResponseCookies] [12540] [135] - The cookie 'XSRF-TOKEN' has set 'SameSite=None' and must also set 'Secure'.
2024-10-24 23:29:19 [WRN] [Volo.Abp.AspNetCore.Mvc.AspNetCoreApiDescriptionModelProvider] [12540] [53] - Controller 'PrivateFiles' contains more than one action with name 'UploadAsyncByInput' for module 'oss-management'. Ignored: System.Threading.Tasks.Task UploadAsync(ZQH.Abp.OssManagement.UploadFileChunkInput)
2024-10-24 23:29:19 [WRN] [Volo.Abp.AspNetCore.Mvc.AspNetCoreApiDescriptionModelProvider] [12540] [53] - Controller 'PrivateFiles' contains more than one action with name 'GetAsyncByInput' for module 'oss-management'. Ignored: System.Threading.Tasks.Task`1[Volo.Abp.Content.IRemoteStreamContent] GetAsync(ZQH.Abp.OssManagement.GetPublicFileInput)
2024-10-24 23:29:19 [WRN] [Volo.Abp.AspNetCore.Mvc.AspNetCoreApiDescriptionModelProvider] [12540] [53] - Controller 'PrivateFiles' contains more than one action with name 'GetAsyncByInput' for module 'oss-management'. Ignored: System.Threading.Tasks.Task`1[Volo.Abp.Content.IRemoteStreamContent] GetAsync(ZQH.Abp.OssManagement.GetPublicFileInput)
2024-10-24 23:29:19 [WRN] [Volo.Abp.AspNetCore.Mvc.AspNetCoreApiDescriptionModelProvider] [12540] [53] - Controller 'PrivateFiles' contains more than one action with name 'GetAsyncByInput' for module 'oss-management'. Ignored: System.Threading.Tasks.Task`1[Volo.Abp.Content.IRemoteStreamContent] GetAsync(ZQH.Abp.OssManagement.GetPublicFileInput)
2024-10-24 23:29:19 [WRN] [Volo.Abp.AspNetCore.Mvc.AspNetCoreApiDescriptionModelProvider] [12540] [53] - Controller 'PrivateFiles' contains more than one action with name 'GetAsyncByInput' for module 'oss-management'. Ignored: System.Threading.Tasks.Task`1[Volo.Abp.Content.IRemoteStreamContent] GetAsync(ZQH.Abp.OssManagement.GetPublicFileInput)
2024-10-24 23:29:19 [WRN] [Volo.Abp.AspNetCore.Mvc.AspNetCoreApiDescriptionModelProvider] [12540] [53] - Controller 'PrivateFiles' contains more than one action with name 'GetAsyncByInput' for module 'oss-management'. Ignored: System.Threading.Tasks.Task`1[Volo.Abp.Content.IRemoteStreamContent] GetAsync(ZQH.Abp.OssManagement.GetPublicFileInput)
2024-10-24 23:29:19 [WRN] [Volo.Abp.AspNetCore.Mvc.AspNetCoreApiDescriptionModelProvider] [12540] [53] - Controller 'PrivateFiles' contains more than one action with name 'GetAsyncByInput' for module 'oss-management'. Ignored: System.Threading.Tasks.Task`1[Volo.Abp.Content.IRemoteStreamContent] GetAsync(ZQH.Abp.OssManagement.GetPublicFileInput)
2024-10-24 23:29:19 [WRN] [Volo.Abp.AspNetCore.Mvc.AspNetCoreApiDescriptionModelProvider] [12540] [53] - Controller 'PrivateFiles' contains more than one action with name 'GetAsyncByInput' for module 'oss-management'. Ignored: System.Threading.Tasks.Task`1[Volo.Abp.Content.IRemoteStreamContent] GetAsync(ZQH.Abp.OssManagement.GetPublicFileInput)
2024-10-24 23:29:19 [WRN] [Volo.Abp.AspNetCore.Mvc.AspNetCoreApiDescriptionModelProvider] [12540] [53] - Controller 'PublicFiles' contains more than one action with name 'UploadAsyncByInput' for module 'oss-management'. Ignored: System.Threading.Tasks.Task UploadAsync(ZQH.Abp.OssManagement.UploadFileChunkInput)
2024-10-24 23:29:19 [WRN] [Volo.Abp.AspNetCore.Mvc.AspNetCoreApiDescriptionModelProvider] [12540] [53] - Controller 'PublicFiles' contains more than one action with name 'GetAsyncByInput' for module 'oss-management'. Ignored: System.Threading.Tasks.Task`1[Volo.Abp.Content.IRemoteStreamContent] GetAsync(ZQH.Abp.OssManagement.GetPublicFileInput)
2024-10-24 23:29:19 [WRN] [Volo.Abp.AspNetCore.Mvc.AspNetCoreApiDescriptionModelProvider] [12540] [53] - Controller 'PublicFiles' contains more than one action with name 'GetAsyncByInput' for module 'oss-management'. Ignored: System.Threading.Tasks.Task`1[Volo.Abp.Content.IRemoteStreamContent] GetAsync(ZQH.Abp.OssManagement.GetPublicFileInput)
2024-10-24 23:29:19 [WRN] [Volo.Abp.AspNetCore.Mvc.AspNetCoreApiDescriptionModelProvider] [12540] [53] - Controller 'PublicFiles' contains more than one action with name 'GetAsyncByInput' for module 'oss-management'. Ignored: System.Threading.Tasks.Task`1[Volo.Abp.Content.IRemoteStreamContent] GetAsync(ZQH.Abp.OssManagement.GetPublicFileInput)
2024-10-24 23:29:19 [WRN] [Volo.Abp.AspNetCore.Mvc.AspNetCoreApiDescriptionModelProvider] [12540] [53] - Controller 'PublicFiles' contains more than one action with name 'GetAsyncByInput' for module 'oss-management'. Ignored: System.Threading.Tasks.Task`1[Volo.Abp.Content.IRemoteStreamContent] GetAsync(ZQH.Abp.OssManagement.GetPublicFileInput)
2024-10-24 23:29:19 [WRN] [Volo.Abp.AspNetCore.Mvc.AspNetCoreApiDescriptionModelProvider] [12540] [53] - Controller 'PublicFiles' contains more than one action with name 'GetAsyncByInput' for module 'oss-management'. Ignored: System.Threading.Tasks.Task`1[Volo.Abp.Content.IRemoteStreamContent] GetAsync(ZQH.Abp.OssManagement.GetPublicFileInput)
2024-10-24 23:29:19 [WRN] [Volo.Abp.AspNetCore.Mvc.AspNetCoreApiDescriptionModelProvider] [12540] [53] - Controller 'PublicFiles' contains more than one action with name 'GetAsyncByInput' for module 'oss-management'. Ignored: System.Threading.Tasks.Task`1[Volo.Abp.Content.IRemoteStreamContent] GetAsync(ZQH.Abp.OssManagement.GetPublicFileInput)
2024-10-24 23:29:19 [WRN] [Volo.Abp.AspNetCore.Mvc.AspNetCoreApiDescriptionModelProvider] [12540] [53] - Controller 'PublicFiles' contains more than one action with name 'GetAsyncByInput' for module 'oss-management'. Ignored: System.Threading.Tasks.Task`1[Volo.Abp.Content.IRemoteStreamContent] GetAsync(ZQH.Abp.OssManagement.GetPublicFileInput)
2024-10-24 23:29:19 [WRN] [Volo.Abp.AspNetCore.Mvc.AspNetCoreApiDescriptionModelProvider] [12540] [53] - Controller 'StaticFiles' contains more than one action with name 'GetAsyncByInput' for module 'oss-management'. Ignored: System.Threading.Tasks.Task`1[Volo.Abp.Content.IRemoteStreamContent] GetAsync(ZQH.Abp.OssManagement.GetStaticFileInput)
2024-10-24 23:29:19 [WRN] [Volo.Abp.AspNetCore.Mvc.AspNetCoreApiDescriptionModelProvider] [12540] [53] - Controller 'StaticFiles' contains more than one action with name 'GetAsyncByInput' for module 'oss-management'. Ignored: System.Threading.Tasks.Task`1[Volo.Abp.Content.IRemoteStreamContent] GetAsync(ZQH.Abp.OssManagement.GetStaticFileInput)
2024-10-24 23:29:19 [WRN] [Volo.Abp.AspNetCore.Mvc.AspNetCoreApiDescriptionModelProvider] [12540] [53] - Controller 'StaticFiles' contains more than one action with name 'GetAsyncByInput' for module 'oss-management'. Ignored: System.Threading.Tasks.Task`1[Volo.Abp.Content.IRemoteStreamContent] GetAsync(ZQH.Abp.OssManagement.GetStaticFileInput)
2024-10-24 23:29:19 [WRN] [Volo.Abp.AspNetCore.Mvc.AspNetCoreApiDescriptionModelProvider] [12540] [53] - Controller 'StaticFiles' contains more than one action with name 'GetAsyncByInput' for module 'oss-management'. Ignored: System.Threading.Tasks.Task`1[Volo.Abp.Content.IRemoteStreamContent] GetAsync(ZQH.Abp.OssManagement.GetStaticFileInput)
2024-10-24 23:29:19 [WRN] [Volo.Abp.AspNetCore.Mvc.AspNetCoreApiDescriptionModelProvider] [12540] [53] - Controller 'StaticFiles' contains more than one action with name 'GetAsyncByInput' for module 'oss-management'. Ignored: System.Threading.Tasks.Task`1[Volo.Abp.Content.IRemoteStreamContent] GetAsync(ZQH.Abp.OssManagement.GetStaticFileInput)
2024-10-24 23:29:19 [WRN] [Volo.Abp.AspNetCore.Mvc.AspNetCoreApiDescriptionModelProvider] [12540] [53] - Controller 'StaticFiles' contains more than one action with name 'GetAsyncByInput' for module 'oss-management'. Ignored: System.Threading.Tasks.Task`1[Volo.Abp.Content.IRemoteStreamContent] GetAsync(ZQH.Abp.OssManagement.GetStaticFileInput)
2024-10-24 23:29:19 [WRN] [Volo.Abp.AspNetCore.Mvc.AspNetCoreApiDescriptionModelProvider] [12540] [53] - Controller 'StaticFiles' contains more than one action with name 'GetAsyncByInput' for module 'oss-management'. Ignored: System.Threading.Tasks.Task`1[Volo.Abp.Content.IRemoteStreamContent] GetAsync(ZQH.Abp.OssManagement.GetStaticFileInput)
2024-10-24 23:29:19 [WRN] [Volo.Abp.AspNetCore.Mvc.AspNetCoreApiDescriptionModelProvider] [12540] [53] - Controller 'Package' contains more than one action with name 'GetLatestAsyncByInput' for module 'platform'. Ignored: System.Threading.Tasks.Task`1[ZQH.Platform.Packages.PackageDto] GetLatestAsync(ZQH.Platform.Packages.PackageGetLatestInput)
