2024-11-05 04:50:49 [WRN] [DotNetCore.CAP.Internal.ConsumerRegister] [15700] [133] - RabbitMQ consumer cancelled. --> amq.ctag-synJKmYNIZAjlQyb0jBvTw
2024-11-05 04:50:50 [WRN] [DotNetCore.CAP.Internal.ConsumerRegister] [15700] [133] - RabbitMQ consumer shutdown. --> Unexpected Exception: Unable to read data from the transport connection: 远程主机强迫关闭了一个现有的连接。.
2024-11-05 04:50:50 [WRN] [DotNetCore.CAP.Internal.ConsumerRegister] [15700] [133] - RabbitMQ consumer cancelled. --> amq.ctag-yHYbX6WyGT1_UKqx_-MZfg
2024-11-05 04:50:50 [WRN] [DotNetCore.CAP.Internal.ConsumerRegister] [15700] [133] - RabbitMQ consumer shutdown. --> Unexpected Exception: Unable to read data from the transport connection: 远程主机强迫关闭了一个现有的连接。.
2024-11-05 04:50:51 [WRN] [DotNetCore.CAP.Processor.TransportCheckProcessor] [15700] [133] - Transport connection is unhealthy, reconnection...
2024-11-05 04:50:51 [INF] [DotNetCore.CAP.Internal.ConsumerRegister] [15700] [7] - RabbitMQ consumer registered. --> amq.ctag-zJawfhfcQgRdNwOXgE2BVA
2024-11-05 04:50:51 [INF] [DotNetCore.CAP.Internal.ConsumerRegister] [15700] [40] - RabbitMQ consumer registered. --> amq.ctag-trR0VS1OhBv9XpafmR_SZA
2024-11-05 11:07:42 [WRN] [DotNetCore.CAP.Internal.ConsumerRegister] [15700] [39] - RabbitMQ consumer cancelled. --> amq.ctag-trR0VS1OhBv9XpafmR_SZA
2024-11-05 11:07:43 [WRN] [DotNetCore.CAP.Internal.ConsumerRegister] [15700] [39] - RabbitMQ consumer shutdown. --> Unexpected Exception: Unable to read data from the transport connection: 远程主机强迫关闭了一个现有的连接。.
2024-11-05 11:07:43 [WRN] [DotNetCore.CAP.Internal.ConsumerRegister] [15700] [39] - RabbitMQ consumer cancelled. --> amq.ctag-zJawfhfcQgRdNwOXgE2BVA
2024-11-05 11:07:43 [WRN] [DotNetCore.CAP.Internal.ConsumerRegister] [15700] [39] - RabbitMQ consumer shutdown. --> Unexpected Exception: Unable to read data from the transport connection: 远程主机强迫关闭了一个现有的连接。.
2024-11-05 11:07:47 [INF] [DotNetCore.CAP.Internal.ConsumerRegister] [15700] [26] - RabbitMQ consumer registered. --> amq.ctag-trR0VS1OhBv9XpafmR_SZA
2024-11-05 11:07:47 [INF] [DotNetCore.CAP.Internal.ConsumerRegister] [15700] [39] - RabbitMQ consumer registered. --> amq.ctag-zJawfhfcQgRdNwOXgE2BVA
2024-11-05 16:07:48 [WRN] [DotNetCore.CAP.Internal.ConsumerRegister] [15700] [39] - RabbitMQ consumer cancelled. --> amq.ctag-trR0VS1OhBv9XpafmR_SZA
2024-11-05 16:07:53 [INF] [DotNetCore.CAP.Internal.ConsumerRegister] [15700] [136] - RabbitMQ consumer registered. --> amq.ctag-trR0VS1OhBv9XpafmR_SZA
2024-11-05 16:07:53 [WRN] [DotNetCore.CAP.Internal.ConsumerRegister] [15700] [39] - RabbitMQ consumer shutdown. --> Unexpected Exception: Unable to read data from the transport connection: 远程主机强迫关闭了一个现有的连接。.
2024-11-05 16:07:53 [INF] [DotNetCore.CAP.Internal.ConsumerRegister] [15700] [138] - RabbitMQ consumer registered. --> amq.ctag-zJawfhfcQgRdNwOXgE2BVA
2024-11-05 16:07:54 [WRN] [DotNetCore.CAP.Internal.ConsumerRegister] [15700] [39] - RabbitMQ consumer cancelled. --> amq.ctag-zJawfhfcQgRdNwOXgE2BVA
2024-11-05 16:07:54 [WRN] [DotNetCore.CAP.Internal.ConsumerRegister] [15700] [39] - RabbitMQ consumer shutdown. --> Unexpected Exception: Unable to read data from the transport connection: 远程主机强迫关闭了一个现有的连接。.
2024-11-05 16:55:59 [INF] [ZQH.MicroService.PlatformManagement.BackgroundWorkers.OssObjectTempCleanupBackgroundWorker] [15700] [138] - Lock is acquired for OssObjectTempCleanupBackgroundWorker
2024-11-05 16:55:59 [INF] [ZQH.Abp.OssManagement.OssObjectTempCleanupService] [15700] [138] - Start cleanup.
2024-11-05 16:55:59 [INF] [ZQH.Abp.OssManagement.OssObjectTempCleanupService] [15700] [138] - Start cleanup host temp objects.
2024-11-05 16:55:59 [INF] [ZQH.MicroService.PlatformManagement.BackgroundWorkers.OssObjectTempCleanupBackgroundWorker] [15700] [39] - Lock is released for OssObjectTempCleanupBackgroundWorker
2024-11-05 16:56:13 [WRN] [DotNetCore.CAP.Processor.TransportCheckProcessor] [15700] [135] - Transport connection is unhealthy, reconnection...
2024-11-05 16:56:13 [WRN] [DotNetCore.CAP.Internal.ConsumerRegister] [15700] [142] - RabbitMQ consumer cancelled. --> 
2024-11-05 16:56:13 [WRN] [DotNetCore.CAP.Internal.ConsumerRegister] [15700] [142] - RabbitMQ consumer shutdown. --> Goodbye
2024-11-05 16:56:13 [WRN] [DotNetCore.CAP.Internal.ConsumerRegister] [15700] [142] - RabbitMQ consumer cancelled. --> amq.ctag-trR0VS1OhBv9XpafmR_SZA
2024-11-05 16:56:13 [WRN] [DotNetCore.CAP.Internal.ConsumerRegister] [15700] [142] - RabbitMQ consumer shutdown. --> Goodbye
2024-11-05 16:56:13 [INF] [DotNetCore.CAP.Internal.ConsumerRegister] [15700] [138] - RabbitMQ consumer registered. --> amq.ctag-eSirBpdOuxOSoGjziR_KrA
2024-11-05 16:56:13 [INF] [DotNetCore.CAP.Internal.ConsumerRegister] [15700] [138] - RabbitMQ consumer registered. --> amq.ctag-xyo9C48TTSEuT3Xjcn_p2g
2024-11-05 20:32:16 [INF] [ZQH.MicroService.PlatformManagement.BackgroundWorkers.OssObjectTempCleanupBackgroundWorker] [15700] [67] - Lock is acquired for OssObjectTempCleanupBackgroundWorker
2024-11-05 20:32:16 [INF] [ZQH.Abp.OssManagement.OssObjectTempCleanupService] [15700] [67] - Start cleanup.
2024-11-05 20:32:16 [INF] [ZQH.Abp.OssManagement.OssObjectTempCleanupService] [15700] [67] - Start cleanup host temp objects.
2024-11-05 20:32:17 [INF] [ZQH.MicroService.PlatformManagement.BackgroundWorkers.OssObjectTempCleanupBackgroundWorker] [15700] [25] - Lock is released for OssObjectTempCleanupBackgroundWorker
2024-11-05 21:33:57 [INF] [ZQH.MicroService.PlatformManagement.BackgroundWorkers.OssObjectTempCleanupBackgroundWorker] [15700] [87] - Lock is acquired for OssObjectTempCleanupBackgroundWorker
2024-11-05 21:33:57 [INF] [ZQH.Abp.OssManagement.OssObjectTempCleanupService] [15700] [87] - Start cleanup.
2024-11-05 21:33:57 [INF] [ZQH.Abp.OssManagement.OssObjectTempCleanupService] [15700] [87] - Start cleanup host temp objects.
2024-11-05 21:33:57 [INF] [ZQH.MicroService.PlatformManagement.BackgroundWorkers.OssObjectTempCleanupBackgroundWorker] [15700] [57] - Lock is released for OssObjectTempCleanupBackgroundWorker
