2024-11-08 00:56:57 [WRN] [DotNetCore.CAP.Internal.ConsumerRegister] [15700] [104] - RabbitMQ consumer cancelled. --> amq.ctag-B3UJBg2fS90D2DhUrTpa7w
2024-11-08 00:57:03 [WRN] [DotNetCore.CAP.Internal.ConsumerRegister] [15700] [104] - RabbitMQ consumer shutdown. --> Unexpected Exception: Unable to read data from the transport connection: 远程主机强迫关闭了一个现有的连接。.
2024-11-08 00:57:10 [WRN] [DotNetCore.CAP.Internal.ConsumerRegister] [15700] [35] - RabbitMQ consumer cancelled. --> amq.ctag-VmRtM3fkXCb_gim0gCZ3AQ
2024-11-08 02:19:02 [INF] [DotNetCore.CAP.Internal.ConsumerRegister] [15700] [104] - RabbitMQ consumer registered. --> amq.ctag-B3UJBg2fS90D2DhUrTpa7w
2024-11-08 02:19:02 [INF] [DotNetCore.CAP.Internal.ConsumerRegister] [15700] [40] - RabbitMQ consumer registered. --> amq.ctag-VmRtM3fkXCb_gim0gCZ3AQ
2024-11-08 02:19:03 [WRN] [DotNetCore.CAP.Internal.ConsumerRegister] [15700] [35] - RabbitMQ consumer shutdown. --> Unexpected Exception: Unable to read data from the transport connection: 远程主机强迫关闭了一个现有的连接。.
2024-11-08 02:19:03 [WRN] [DotNetCore.CAP.Processor.TransportCheckProcessor] [15700] [106] - Transport connection is unhealthy, reconnection...
2024-11-08 10:20:53 [WRN] [DotNetCore.CAP.Internal.ConsumerRegister] [15700] [103] - RabbitMQ consumer cancelled. --> amq.ctag-B3UJBg2fS90D2DhUrTpa7w
2024-11-08 10:20:58 [INF] [DotNetCore.CAP.Internal.ConsumerRegister] [15700] [35] - RabbitMQ consumer registered. --> amq.ctag-B3UJBg2fS90D2DhUrTpa7w
2024-11-08 10:20:58 [INF] [DotNetCore.CAP.Internal.ConsumerRegister] [15700] [70] - RabbitMQ consumer registered. --> amq.ctag-VmRtM3fkXCb_gim0gCZ3AQ
2024-11-08 10:20:59 [WRN] [DotNetCore.CAP.Internal.ConsumerRegister] [15700] [103] - RabbitMQ consumer shutdown. --> Unexpected Exception: Unable to read data from the transport connection: 远程主机强迫关闭了一个现有的连接。.
2024-11-08 10:20:59 [WRN] [DotNetCore.CAP.Internal.ConsumerRegister] [15700] [103] - RabbitMQ consumer cancelled. --> amq.ctag-VmRtM3fkXCb_gim0gCZ3AQ
2024-11-08 10:20:59 [WRN] [DotNetCore.CAP.Internal.ConsumerRegister] [15700] [103] - RabbitMQ consumer shutdown. --> Unexpected Exception: Unable to read data from the transport connection: 远程主机强迫关闭了一个现有的连接。.
2024-11-08 11:45:05 [WRN] [DotNetCore.CAP.Internal.ConsumerRegister] [15700] [83] - RabbitMQ consumer cancelled. --> amq.ctag-B3UJBg2fS90D2DhUrTpa7w
2024-11-08 11:45:06 [WRN] [DotNetCore.CAP.Internal.ConsumerRegister] [15700] [83] - RabbitMQ consumer shutdown. --> Unexpected Exception: Unable to read data from the transport connection: 远程主机强迫关闭了一个现有的连接。.
2024-11-08 11:45:07 [WRN] [DotNetCore.CAP.Internal.ConsumerRegister] [15700] [35] - RabbitMQ consumer cancelled. --> 
2024-11-08 11:45:09 [WRN] [DotNetCore.CAP.Internal.ConsumerRegister] [15700] [35] - RabbitMQ consumer shutdown. --> Unexpected Exception: Unable to read data from the transport connection: 远程主机强迫关闭了一个现有的连接。.
2024-11-08 11:45:11 [INF] [DotNetCore.CAP.Internal.ConsumerRegister] [15700] [104] - RabbitMQ consumer registered. --> amq.ctag-B3UJBg2fS90D2DhUrTpa7w
2024-11-08 11:45:11 [INF] [DotNetCore.CAP.Internal.ConsumerRegister] [15700] [35] - RabbitMQ consumer registered. --> amq.ctag-VmRtM3fkXCb_gim0gCZ3AQ
2024-11-08 12:10:37 [INF] [ZQH.MicroService.PlatformManagement.BackgroundWorkers.OssObjectTempCleanupBackgroundWorker] [15700] [143] - Lock is acquired for OssObjectTempCleanupBackgroundWorker
2024-11-08 12:10:37 [INF] [ZQH.Abp.OssManagement.OssObjectTempCleanupService] [15700] [143] - Start cleanup.
2024-11-08 12:10:37 [INF] [ZQH.Abp.OssManagement.OssObjectTempCleanupService] [15700] [143] - Start cleanup host temp objects.
2024-11-08 12:10:37 [INF] [ZQH.MicroService.PlatformManagement.BackgroundWorkers.OssObjectTempCleanupBackgroundWorker] [15700] [144] - Lock is released for OssObjectTempCleanupBackgroundWorker
2024-11-08 15:48:40 [INF] [ZQH.MicroService.PlatformManagement.BackgroundWorkers.OssObjectTempCleanupBackgroundWorker] [15700] [49] - Lock is acquired for OssObjectTempCleanupBackgroundWorker
2024-11-08 15:48:40 [INF] [ZQH.Abp.OssManagement.OssObjectTempCleanupService] [15700] [49] - Start cleanup.
2024-11-08 15:48:40 [INF] [ZQH.Abp.OssManagement.OssObjectTempCleanupService] [15700] [49] - Start cleanup host temp objects.
2024-11-08 15:48:40 [INF] [ZQH.MicroService.PlatformManagement.BackgroundWorkers.OssObjectTempCleanupBackgroundWorker] [15700] [49] - Lock is released for OssObjectTempCleanupBackgroundWorker
2024-11-08 16:48:40 [INF] [ZQH.MicroService.PlatformManagement.BackgroundWorkers.OssObjectTempCleanupBackgroundWorker] [15700] [22] - Lock is acquired for OssObjectTempCleanupBackgroundWorker
2024-11-08 16:48:40 [INF] [ZQH.Abp.OssManagement.OssObjectTempCleanupService] [15700] [22] - Start cleanup.
2024-11-08 16:48:40 [INF] [ZQH.Abp.OssManagement.OssObjectTempCleanupService] [15700] [22] - Start cleanup host temp objects.
2024-11-08 16:48:40 [INF] [ZQH.MicroService.PlatformManagement.BackgroundWorkers.OssObjectTempCleanupBackgroundWorker] [15700] [22] - Lock is released for OssObjectTempCleanupBackgroundWorker
2024-11-08 17:48:40 [INF] [ZQH.MicroService.PlatformManagement.BackgroundWorkers.OssObjectTempCleanupBackgroundWorker] [15700] [136] - Lock is acquired for OssObjectTempCleanupBackgroundWorker
2024-11-08 17:48:40 [INF] [ZQH.Abp.OssManagement.OssObjectTempCleanupService] [15700] [136] - Start cleanup.
2024-11-08 17:48:40 [INF] [ZQH.Abp.OssManagement.OssObjectTempCleanupService] [15700] [136] - Start cleanup host temp objects.
2024-11-08 17:48:40 [INF] [ZQH.MicroService.PlatformManagement.BackgroundWorkers.OssObjectTempCleanupBackgroundWorker] [15700] [136] - Lock is released for OssObjectTempCleanupBackgroundWorker
2024-11-08 20:15:16 [WRN] [DotNetCore.CAP.Internal.ConsumerRegister] [15700] [91] - RabbitMQ consumer cancelled. --> amq.ctag-B3UJBg2fS90D2DhUrTpa7w
2024-11-08 20:15:17 [WRN] [DotNetCore.CAP.Internal.ConsumerRegister] [15700] [91] - RabbitMQ consumer shutdown. --> Unexpected Exception: Unable to read data from the transport connection: 远程主机强迫关闭了一个现有的连接。.
2024-11-08 20:15:18 [WRN] [DotNetCore.CAP.Internal.ConsumerRegister] [15700] [91] - RabbitMQ consumer cancelled. --> amq.ctag-VmRtM3fkXCb_gim0gCZ3AQ
2024-11-08 20:15:18 [WRN] [DotNetCore.CAP.Internal.ConsumerRegister] [15700] [91] - RabbitMQ consumer shutdown. --> Unexpected Exception: Unable to read data from the transport connection: 远程主机强迫关闭了一个现有的连接。.
2024-11-08 20:15:21 [INF] [DotNetCore.CAP.Internal.ConsumerRegister] [15700] [97] - RabbitMQ consumer registered. --> amq.ctag-B3UJBg2fS90D2DhUrTpa7w
2024-11-08 20:15:21 [INF] [DotNetCore.CAP.Internal.ConsumerRegister] [15700] [111] - RabbitMQ consumer registered. --> amq.ctag-VmRtM3fkXCb_gim0gCZ3AQ
2024-11-08 20:15:35 [INF] [ZQH.MicroService.PlatformManagement.BackgroundWorkers.OssObjectTempCleanupBackgroundWorker] [15700] [111] - Lock is acquired for OssObjectTempCleanupBackgroundWorker
2024-11-08 20:15:35 [INF] [ZQH.Abp.OssManagement.OssObjectTempCleanupService] [15700] [111] - Start cleanup.
2024-11-08 20:15:35 [INF] [ZQH.Abp.OssManagement.OssObjectTempCleanupService] [15700] [111] - Start cleanup host temp objects.
2024-11-08 20:15:35 [INF] [ZQH.MicroService.PlatformManagement.BackgroundWorkers.OssObjectTempCleanupBackgroundWorker] [15700] [77] - Lock is released for OssObjectTempCleanupBackgroundWorker
2024-11-08 21:15:35 [INF] [ZQH.MicroService.PlatformManagement.BackgroundWorkers.OssObjectTempCleanupBackgroundWorker] [15700] [103] - Lock is acquired for OssObjectTempCleanupBackgroundWorker
2024-11-08 21:15:35 [INF] [ZQH.Abp.OssManagement.OssObjectTempCleanupService] [15700] [103] - Start cleanup.
2024-11-08 21:15:35 [INF] [ZQH.Abp.OssManagement.OssObjectTempCleanupService] [15700] [103] - Start cleanup host temp objects.
2024-11-08 21:15:35 [INF] [ZQH.MicroService.PlatformManagement.BackgroundWorkers.OssObjectTempCleanupBackgroundWorker] [15700] [113] - Lock is released for OssObjectTempCleanupBackgroundWorker
2024-11-08 23:52:31 [WRN] [DotNetCore.CAP.Internal.ConsumerRegister] [15700] [27] - RabbitMQ consumer cancelled. --> amq.ctag-B3UJBg2fS90D2DhUrTpa7w
2024-11-08 23:52:31 [WRN] [DotNetCore.CAP.Internal.ConsumerRegister] [15700] [27] - RabbitMQ consumer shutdown. --> Unexpected Exception: Unable to read data from the transport connection: 远程主机强迫关闭了一个现有的连接。.
2024-11-08 23:52:31 [WRN] [DotNetCore.CAP.Internal.ConsumerRegister] [15700] [27] - RabbitMQ consumer cancelled. --> amq.ctag-VmRtM3fkXCb_gim0gCZ3AQ
2024-11-08 23:52:31 [WRN] [DotNetCore.CAP.Internal.ConsumerRegister] [15700] [27] - RabbitMQ consumer shutdown. --> Unexpected Exception: Unable to read data from the transport connection: 远程主机强迫关闭了一个现有的连接。.
2024-11-08 23:52:32 [WRN] [DotNetCore.CAP.Processor.TransportCheckProcessor] [15700] [24] - Transport connection is unhealthy, reconnection...
2024-11-08 23:52:32 [INF] [DotNetCore.CAP.Internal.ConsumerRegister] [15700] [24] - RabbitMQ consumer registered. --> amq.ctag-KqJVk4twG4dw6afHEhBKvw
2024-11-08 23:52:32 [INF] [DotNetCore.CAP.Internal.ConsumerRegister] [15700] [24] - RabbitMQ consumer registered. --> amq.ctag--028UsoC05ntXIM8_WyGTQ
