2024-11-08 00:56:57 [WRN] [DotNetCore.CAP.Internal.ConsumerRegister] [15700] [104] - RabbitMQ consumer cancelled. --> amq.ctag-B3UJBg2fS90D2DhUrTpa7w
2024-11-08 00:57:03 [WRN] [DotNetCore.CAP.Internal.ConsumerRegister] [15700] [104] - RabbitMQ consumer shutdown. --> Unexpected Exception: Unable to read data from the transport connection: 远程主机强迫关闭了一个现有的连接。.
2024-11-08 00:57:10 [WRN] [DotNetCore.CAP.Internal.ConsumerRegister] [15700] [35] - RabbitMQ consumer cancelled. --> amq.ctag-VmRtM3fkXCb_gim0gCZ3AQ
2024-11-08 02:19:03 [WRN] [DotNetCore.CAP.Internal.ConsumerRegister] [15700] [35] - RabbitMQ consumer shutdown. --> Unexpected Exception: Unable to read data from the transport connection: 远程主机强迫关闭了一个现有的连接。.
2024-11-08 02:19:03 [WRN] [DotNetCore.CAP.Processor.TransportCheckProcessor] [15700] [106] - Transport connection is unhealthy, reconnection...
2024-11-08 10:20:53 [WRN] [DotNetCore.CAP.Internal.ConsumerRegister] [15700] [103] - RabbitMQ consumer cancelled. --> amq.ctag-B3UJBg2fS90D2DhUrTpa7w
2024-11-08 10:20:59 [WRN] [DotNetCore.CAP.Internal.ConsumerRegister] [15700] [103] - RabbitMQ consumer shutdown. --> Unexpected Exception: Unable to read data from the transport connection: 远程主机强迫关闭了一个现有的连接。.
2024-11-08 10:20:59 [WRN] [DotNetCore.CAP.Internal.ConsumerRegister] [15700] [103] - RabbitMQ consumer cancelled. --> amq.ctag-VmRtM3fkXCb_gim0gCZ3AQ
2024-11-08 10:20:59 [WRN] [DotNetCore.CAP.Internal.ConsumerRegister] [15700] [103] - RabbitMQ consumer shutdown. --> Unexpected Exception: Unable to read data from the transport connection: 远程主机强迫关闭了一个现有的连接。.
2024-11-08 11:45:05 [WRN] [DotNetCore.CAP.Internal.ConsumerRegister] [15700] [83] - RabbitMQ consumer cancelled. --> amq.ctag-B3UJBg2fS90D2DhUrTpa7w
2024-11-08 11:45:06 [WRN] [DotNetCore.CAP.Internal.ConsumerRegister] [15700] [83] - RabbitMQ consumer shutdown. --> Unexpected Exception: Unable to read data from the transport connection: 远程主机强迫关闭了一个现有的连接。.
2024-11-08 11:45:07 [WRN] [DotNetCore.CAP.Internal.ConsumerRegister] [15700] [35] - RabbitMQ consumer cancelled. --> 
2024-11-08 11:45:09 [WRN] [DotNetCore.CAP.Internal.ConsumerRegister] [15700] [35] - RabbitMQ consumer shutdown. --> Unexpected Exception: Unable to read data from the transport connection: 远程主机强迫关闭了一个现有的连接。.
2024-11-08 20:15:16 [WRN] [DotNetCore.CAP.Internal.ConsumerRegister] [15700] [91] - RabbitMQ consumer cancelled. --> amq.ctag-B3UJBg2fS90D2DhUrTpa7w
2024-11-08 20:15:17 [WRN] [DotNetCore.CAP.Internal.ConsumerRegister] [15700] [91] - RabbitMQ consumer shutdown. --> Unexpected Exception: Unable to read data from the transport connection: 远程主机强迫关闭了一个现有的连接。.
2024-11-08 20:15:18 [WRN] [DotNetCore.CAP.Internal.ConsumerRegister] [15700] [91] - RabbitMQ consumer cancelled. --> amq.ctag-VmRtM3fkXCb_gim0gCZ3AQ
2024-11-08 20:15:18 [WRN] [DotNetCore.CAP.Internal.ConsumerRegister] [15700] [91] - RabbitMQ consumer shutdown. --> Unexpected Exception: Unable to read data from the transport connection: 远程主机强迫关闭了一个现有的连接。.
2024-11-08 23:52:31 [WRN] [DotNetCore.CAP.Internal.ConsumerRegister] [15700] [27] - RabbitMQ consumer cancelled. --> amq.ctag-B3UJBg2fS90D2DhUrTpa7w
2024-11-08 23:52:31 [WRN] [DotNetCore.CAP.Internal.ConsumerRegister] [15700] [27] - RabbitMQ consumer shutdown. --> Unexpected Exception: Unable to read data from the transport connection: 远程主机强迫关闭了一个现有的连接。.
2024-11-08 23:52:31 [WRN] [DotNetCore.CAP.Internal.ConsumerRegister] [15700] [27] - RabbitMQ consumer cancelled. --> amq.ctag-VmRtM3fkXCb_gim0gCZ3AQ
2024-11-08 23:52:31 [WRN] [DotNetCore.CAP.Internal.ConsumerRegister] [15700] [27] - RabbitMQ consumer shutdown. --> Unexpected Exception: Unable to read data from the transport connection: 远程主机强迫关闭了一个现有的连接。.
2024-11-08 23:52:32 [WRN] [DotNetCore.CAP.Processor.TransportCheckProcessor] [15700] [24] - Transport connection is unhealthy, reconnection...
