2024-10-20 09:14:31 [WRN] [Microsoft.AspNetCore.Http.ResponseCookies] [42856] [75] - The cookie 'XSRF-TOKEN' has set 'SameSite=None' and must also set 'Secure'.
2024-10-20 09:14:36 [WRN] [Microsoft.AspNetCore.Http.ResponseCookies] [42856] [75] - The cookie 'XSRF-TOKEN' has set 'SameSite=None' and must also set 'Secure'.
2024-10-20 09:14:36 [WRN] [Volo.Abp.AspNetCore.Mvc.AspNetCoreApiDescriptionModelProvider] [42856] [10] - Controller 'PrivateFiles' contains more than one action with name 'UploadAsyncByInput' for module 'oss-management'. Ignored: System.Threading.Tasks.Task UploadAsync(ZQH.Abp.OssManagement.UploadFileChunkInput)
2024-10-20 09:14:36 [WRN] [Volo.Abp.AspNetCore.Mvc.AspNetCoreApiDescriptionModelProvider] [42856] [10] - Controller 'PrivateFiles' contains more than one action with name 'GetAsyncByInput' for module 'oss-management'. Ignored: System.Threading.Tasks.Task`1[Volo.Abp.Content.IRemoteStreamContent] GetAsync(ZQH.Abp.OssManagement.GetPublicFileInput)
2024-10-20 09:14:36 [WRN] [Volo.Abp.AspNetCore.Mvc.AspNetCoreApiDescriptionModelProvider] [42856] [10] - Controller 'PrivateFiles' contains more than one action with name 'GetAsyncByInput' for module 'oss-management'. Ignored: System.Threading.Tasks.Task`1[Volo.Abp.Content.IRemoteStreamContent] GetAsync(ZQH.Abp.OssManagement.GetPublicFileInput)
2024-10-20 09:14:36 [WRN] [Volo.Abp.AspNetCore.Mvc.AspNetCoreApiDescriptionModelProvider] [42856] [10] - Controller 'PrivateFiles' contains more than one action with name 'GetAsyncByInput' for module 'oss-management'. Ignored: System.Threading.Tasks.Task`1[Volo.Abp.Content.IRemoteStreamContent] GetAsync(ZQH.Abp.OssManagement.GetPublicFileInput)
2024-10-20 09:14:37 [WRN] [Volo.Abp.AspNetCore.Mvc.AspNetCoreApiDescriptionModelProvider] [42856] [10] - Controller 'PrivateFiles' contains more than one action with name 'GetAsyncByInput' for module 'oss-management'. Ignored: System.Threading.Tasks.Task`1[Volo.Abp.Content.IRemoteStreamContent] GetAsync(ZQH.Abp.OssManagement.GetPublicFileInput)
2024-10-20 09:14:37 [WRN] [Volo.Abp.AspNetCore.Mvc.AspNetCoreApiDescriptionModelProvider] [42856] [10] - Controller 'PrivateFiles' contains more than one action with name 'GetAsyncByInput' for module 'oss-management'. Ignored: System.Threading.Tasks.Task`1[Volo.Abp.Content.IRemoteStreamContent] GetAsync(ZQH.Abp.OssManagement.GetPublicFileInput)
2024-10-20 09:14:37 [WRN] [Volo.Abp.AspNetCore.Mvc.AspNetCoreApiDescriptionModelProvider] [42856] [10] - Controller 'PrivateFiles' contains more than one action with name 'GetAsyncByInput' for module 'oss-management'. Ignored: System.Threading.Tasks.Task`1[Volo.Abp.Content.IRemoteStreamContent] GetAsync(ZQH.Abp.OssManagement.GetPublicFileInput)
2024-10-20 09:14:37 [WRN] [Volo.Abp.AspNetCore.Mvc.AspNetCoreApiDescriptionModelProvider] [42856] [10] - Controller 'PrivateFiles' contains more than one action with name 'GetAsyncByInput' for module 'oss-management'. Ignored: System.Threading.Tasks.Task`1[Volo.Abp.Content.IRemoteStreamContent] GetAsync(ZQH.Abp.OssManagement.GetPublicFileInput)
2024-10-20 09:14:37 [WRN] [Volo.Abp.AspNetCore.Mvc.AspNetCoreApiDescriptionModelProvider] [42856] [10] - Controller 'PublicFiles' contains more than one action with name 'UploadAsyncByInput' for module 'oss-management'. Ignored: System.Threading.Tasks.Task UploadAsync(ZQH.Abp.OssManagement.UploadFileChunkInput)
2024-10-20 09:14:37 [WRN] [Volo.Abp.AspNetCore.Mvc.AspNetCoreApiDescriptionModelProvider] [42856] [10] - Controller 'PublicFiles' contains more than one action with name 'GetAsyncByInput' for module 'oss-management'. Ignored: System.Threading.Tasks.Task`1[Volo.Abp.Content.IRemoteStreamContent] GetAsync(ZQH.Abp.OssManagement.GetPublicFileInput)
2024-10-20 09:14:37 [WRN] [Volo.Abp.AspNetCore.Mvc.AspNetCoreApiDescriptionModelProvider] [42856] [10] - Controller 'PublicFiles' contains more than one action with name 'GetAsyncByInput' for module 'oss-management'. Ignored: System.Threading.Tasks.Task`1[Volo.Abp.Content.IRemoteStreamContent] GetAsync(ZQH.Abp.OssManagement.GetPublicFileInput)
2024-10-20 09:14:37 [WRN] [Volo.Abp.AspNetCore.Mvc.AspNetCoreApiDescriptionModelProvider] [42856] [10] - Controller 'PublicFiles' contains more than one action with name 'GetAsyncByInput' for module 'oss-management'. Ignored: System.Threading.Tasks.Task`1[Volo.Abp.Content.IRemoteStreamContent] GetAsync(ZQH.Abp.OssManagement.GetPublicFileInput)
2024-10-20 09:14:37 [WRN] [Volo.Abp.AspNetCore.Mvc.AspNetCoreApiDescriptionModelProvider] [42856] [10] - Controller 'PublicFiles' contains more than one action with name 'GetAsyncByInput' for module 'oss-management'. Ignored: System.Threading.Tasks.Task`1[Volo.Abp.Content.IRemoteStreamContent] GetAsync(ZQH.Abp.OssManagement.GetPublicFileInput)
2024-10-20 09:14:37 [WRN] [Volo.Abp.AspNetCore.Mvc.AspNetCoreApiDescriptionModelProvider] [42856] [10] - Controller 'PublicFiles' contains more than one action with name 'GetAsyncByInput' for module 'oss-management'. Ignored: System.Threading.Tasks.Task`1[Volo.Abp.Content.IRemoteStreamContent] GetAsync(ZQH.Abp.OssManagement.GetPublicFileInput)
2024-10-20 09:14:37 [WRN] [Volo.Abp.AspNetCore.Mvc.AspNetCoreApiDescriptionModelProvider] [42856] [10] - Controller 'PublicFiles' contains more than one action with name 'GetAsyncByInput' for module 'oss-management'. Ignored: System.Threading.Tasks.Task`1[Volo.Abp.Content.IRemoteStreamContent] GetAsync(ZQH.Abp.OssManagement.GetPublicFileInput)
2024-10-20 09:14:37 [WRN] [Volo.Abp.AspNetCore.Mvc.AspNetCoreApiDescriptionModelProvider] [42856] [10] - Controller 'PublicFiles' contains more than one action with name 'GetAsyncByInput' for module 'oss-management'. Ignored: System.Threading.Tasks.Task`1[Volo.Abp.Content.IRemoteStreamContent] GetAsync(ZQH.Abp.OssManagement.GetPublicFileInput)
2024-10-20 09:14:37 [WRN] [Volo.Abp.AspNetCore.Mvc.AspNetCoreApiDescriptionModelProvider] [42856] [10] - Controller 'StaticFiles' contains more than one action with name 'GetAsyncByInput' for module 'oss-management'. Ignored: System.Threading.Tasks.Task`1[Volo.Abp.Content.IRemoteStreamContent] GetAsync(ZQH.Abp.OssManagement.GetStaticFileInput)
2024-10-20 09:14:37 [WRN] [Volo.Abp.AspNetCore.Mvc.AspNetCoreApiDescriptionModelProvider] [42856] [10] - Controller 'StaticFiles' contains more than one action with name 'GetAsyncByInput' for module 'oss-management'. Ignored: System.Threading.Tasks.Task`1[Volo.Abp.Content.IRemoteStreamContent] GetAsync(ZQH.Abp.OssManagement.GetStaticFileInput)
2024-10-20 09:14:37 [WRN] [Volo.Abp.AspNetCore.Mvc.AspNetCoreApiDescriptionModelProvider] [42856] [10] - Controller 'StaticFiles' contains more than one action with name 'GetAsyncByInput' for module 'oss-management'. Ignored: System.Threading.Tasks.Task`1[Volo.Abp.Content.IRemoteStreamContent] GetAsync(ZQH.Abp.OssManagement.GetStaticFileInput)
2024-10-20 09:14:37 [WRN] [Volo.Abp.AspNetCore.Mvc.AspNetCoreApiDescriptionModelProvider] [42856] [10] - Controller 'StaticFiles' contains more than one action with name 'GetAsyncByInput' for module 'oss-management'. Ignored: System.Threading.Tasks.Task`1[Volo.Abp.Content.IRemoteStreamContent] GetAsync(ZQH.Abp.OssManagement.GetStaticFileInput)
2024-10-20 09:14:37 [WRN] [Volo.Abp.AspNetCore.Mvc.AspNetCoreApiDescriptionModelProvider] [42856] [10] - Controller 'StaticFiles' contains more than one action with name 'GetAsyncByInput' for module 'oss-management'. Ignored: System.Threading.Tasks.Task`1[Volo.Abp.Content.IRemoteStreamContent] GetAsync(ZQH.Abp.OssManagement.GetStaticFileInput)
2024-10-20 09:14:37 [WRN] [Volo.Abp.AspNetCore.Mvc.AspNetCoreApiDescriptionModelProvider] [42856] [10] - Controller 'StaticFiles' contains more than one action with name 'GetAsyncByInput' for module 'oss-management'. Ignored: System.Threading.Tasks.Task`1[Volo.Abp.Content.IRemoteStreamContent] GetAsync(ZQH.Abp.OssManagement.GetStaticFileInput)
2024-10-20 09:14:37 [WRN] [Volo.Abp.AspNetCore.Mvc.AspNetCoreApiDescriptionModelProvider] [42856] [10] - Controller 'StaticFiles' contains more than one action with name 'GetAsyncByInput' for module 'oss-management'. Ignored: System.Threading.Tasks.Task`1[Volo.Abp.Content.IRemoteStreamContent] GetAsync(ZQH.Abp.OssManagement.GetStaticFileInput)
2024-10-20 09:14:37 [WRN] [Volo.Abp.AspNetCore.Mvc.AspNetCoreApiDescriptionModelProvider] [42856] [10] - Controller 'Package' contains more than one action with name 'GetLatestAsyncByInput' for module 'platform'. Ignored: System.Threading.Tasks.Task`1[ZQH.Platform.Packages.PackageDto] GetLatestAsync(ZQH.Platform.Packages.PackageGetLatestInput)
2024-10-20 09:14:39 [WRN] [Volo.Abp.AspNetCore.Mvc.ExceptionHandling.AbpExceptionFilter] [42856] [10] - ---------- RemoteServiceErrorInfo ----------
{
  "code": "Volo.Authorization:010001",
  "message": "授权失败！提供的策略尚未授予。",
  "details": null,
  "data": {},
  "validationErrors": null
}

2024-10-20 09:14:39 [WRN] [Volo.Abp.AspNetCore.Mvc.ExceptionHandling.AbpExceptionFilter] [42856] [10] - Exception of type 'Volo.Abp.Authorization.AbpAuthorizationException' was thrown.
Volo.Abp.Authorization.AbpAuthorizationException: Exception of type 'Volo.Abp.Authorization.AbpAuthorizationException' was thrown.
   at Microsoft.AspNetCore.Authorization.AbpAuthorizationServiceExtensions.CheckAsync(IAuthorizationService authorizationService, AuthorizationPolicy policy)
   at Volo.Abp.Authorization.MethodInvocationAuthorizationService.CheckAsync(MethodInvocationAuthorizationContext context)
   at Volo.Abp.Authorization.AuthorizationInterceptor.AuthorizeAsync(IAbpMethodInvocation invocation)
   at Volo.Abp.Authorization.AuthorizationInterceptor.InterceptAsync(IAbpMethodInvocation invocation)
   at Volo.Abp.Castle.DynamicProxy.CastleAsyncAbpInterceptorAdapter`1.InterceptAsync[TResult](IInvocation invocation, IInvocationProceedInfo proceedInfo, Func`3 proceed)
   at Castle.DynamicProxy.AsyncInterceptorBase.ProceedAsynchronous[TResult](IInvocation invocation, IInvocationProceedInfo proceedInfo)
   at Volo.Abp.Castle.DynamicProxy.CastleAbpMethodInvocationAdapterWithReturnValue`1.ProceedAsync()
   at Volo.Abp.Auditing.AuditingInterceptor.ProceedByLoggingAsync(IAbpMethodInvocation invocation, AbpAuditingOptions options, IAuditingHelper auditingHelper, IAuditLogScope auditLogScope)
   at Volo.Abp.Auditing.AuditingInterceptor.InterceptAsync(IAbpMethodInvocation invocation)
   at Volo.Abp.Castle.DynamicProxy.CastleAsyncAbpInterceptorAdapter`1.InterceptAsync[TResult](IInvocation invocation, IInvocationProceedInfo proceedInfo, Func`3 proceed)
   at Castle.DynamicProxy.AsyncInterceptorBase.ProceedAsynchronous[TResult](IInvocation invocation, IInvocationProceedInfo proceedInfo)
   at Volo.Abp.Castle.DynamicProxy.CastleAbpMethodInvocationAdapterWithReturnValue`1.ProceedAsync()
   at Volo.Abp.Uow.UnitOfWorkInterceptor.InterceptAsync(IAbpMethodInvocation invocation)
   at Volo.Abp.Castle.DynamicProxy.CastleAsyncAbpInterceptorAdapter`1.InterceptAsync[TResult](IInvocation invocation, IInvocationProceedInfo proceedInfo, Func`3 proceed)
   at ZQH.Platform.Menus.MenuController.GetCurrentUserMenuListAsync(GetMenuInput input) in E:\abp-vue\aspnet-core\modules\platform\ZQH.Platform.HttpApi\ZQH\Platform\Menus\MenuController.cs:line 31
   at lambda_method3148(Closure, Object)
   at Microsoft.AspNetCore.Mvc.Infrastructure.ActionMethodExecutor.AwaitableObjectResultExecutor.Execute(ActionContext actionContext, IActionResultTypeMapper mapper, ObjectMethodExecutor executor, Object controller, Object[] arguments)
   at Microsoft.AspNetCore.Mvc.Infrastructure.ControllerActionInvoker.<InvokeActionMethodAsync>g__Logged|12_1(ControllerActionInvoker invoker)
   at Microsoft.AspNetCore.Mvc.Infrastructure.ControllerActionInvoker.<InvokeNextActionFilterAsync>g__Awaited|10_0(ControllerActionInvoker invoker, Task lastTask, State next, Scope scope, Object state, Boolean isCompleted)
   at Microsoft.AspNetCore.Mvc.Infrastructure.ControllerActionInvoker.Rethrow(ActionExecutedContextSealed context)
   at Microsoft.AspNetCore.Mvc.Infrastructure.ControllerActionInvoker.Next(State& next, Scope& scope, Object& state, Boolean& isCompleted)
   at Microsoft.AspNetCore.Mvc.Infrastructure.ControllerActionInvoker.InvokeInnerFilterAsync()
--- End of stack trace from previous location ---
   at Microsoft.AspNetCore.Mvc.Infrastructure.ResourceInvoker.<InvokeNextExceptionFilterAsync>g__Awaited|26_0(ResourceInvoker invoker, Task lastTask, State next, Scope scope, Object state, Boolean isCompleted)
2024-10-20 09:14:39 [WRN] [Volo.Abp.AspNetCore.Mvc.ExceptionHandling.AbpExceptionFilter] [42856] [10] - Code:Volo.Authorization:010001
2024-10-20 11:52:26 [WRN] [Microsoft.AspNetCore.Http.ResponseCookies] [42856] [42] - The cookie 'XSRF-TOKEN' has set 'SameSite=None' and must also set 'Secure'.
2024-10-20 11:52:29 [WRN] [Volo.Abp.AspNetCore.Mvc.AspNetCoreApiDescriptionModelProvider] [42856] [42] - Controller 'PrivateFiles' contains more than one action with name 'UploadAsyncByInput' for module 'oss-management'. Ignored: System.Threading.Tasks.Task UploadAsync(ZQH.Abp.OssManagement.UploadFileChunkInput)
2024-10-20 11:52:29 [WRN] [Volo.Abp.AspNetCore.Mvc.AspNetCoreApiDescriptionModelProvider] [42856] [42] - Controller 'PrivateFiles' contains more than one action with name 'GetAsyncByInput' for module 'oss-management'. Ignored: System.Threading.Tasks.Task`1[Volo.Abp.Content.IRemoteStreamContent] GetAsync(ZQH.Abp.OssManagement.GetPublicFileInput)
2024-10-20 11:52:29 [WRN] [Volo.Abp.AspNetCore.Mvc.AspNetCoreApiDescriptionModelProvider] [42856] [42] - Controller 'PrivateFiles' contains more than one action with name 'GetAsyncByInput' for module 'oss-management'. Ignored: System.Threading.Tasks.Task`1[Volo.Abp.Content.IRemoteStreamContent] GetAsync(ZQH.Abp.OssManagement.GetPublicFileInput)
2024-10-20 11:52:29 [WRN] [Volo.Abp.AspNetCore.Mvc.AspNetCoreApiDescriptionModelProvider] [42856] [42] - Controller 'PrivateFiles' contains more than one action with name 'GetAsyncByInput' for module 'oss-management'. Ignored: System.Threading.Tasks.Task`1[Volo.Abp.Content.IRemoteStreamContent] GetAsync(ZQH.Abp.OssManagement.GetPublicFileInput)
2024-10-20 11:52:29 [WRN] [Volo.Abp.AspNetCore.Mvc.AspNetCoreApiDescriptionModelProvider] [42856] [42] - Controller 'PrivateFiles' contains more than one action with name 'GetAsyncByInput' for module 'oss-management'. Ignored: System.Threading.Tasks.Task`1[Volo.Abp.Content.IRemoteStreamContent] GetAsync(ZQH.Abp.OssManagement.GetPublicFileInput)
2024-10-20 11:52:29 [WRN] [Volo.Abp.AspNetCore.Mvc.AspNetCoreApiDescriptionModelProvider] [42856] [42] - Controller 'PrivateFiles' contains more than one action with name 'GetAsyncByInput' for module 'oss-management'. Ignored: System.Threading.Tasks.Task`1[Volo.Abp.Content.IRemoteStreamContent] GetAsync(ZQH.Abp.OssManagement.GetPublicFileInput)
2024-10-20 11:52:29 [WRN] [Volo.Abp.AspNetCore.Mvc.AspNetCoreApiDescriptionModelProvider] [42856] [42] - Controller 'PrivateFiles' contains more than one action with name 'GetAsyncByInput' for module 'oss-management'. Ignored: System.Threading.Tasks.Task`1[Volo.Abp.Content.IRemoteStreamContent] GetAsync(ZQH.Abp.OssManagement.GetPublicFileInput)
2024-10-20 11:52:29 [WRN] [Volo.Abp.AspNetCore.Mvc.AspNetCoreApiDescriptionModelProvider] [42856] [42] - Controller 'PrivateFiles' contains more than one action with name 'GetAsyncByInput' for module 'oss-management'. Ignored: System.Threading.Tasks.Task`1[Volo.Abp.Content.IRemoteStreamContent] GetAsync(ZQH.Abp.OssManagement.GetPublicFileInput)
2024-10-20 11:52:29 [WRN] [Volo.Abp.AspNetCore.Mvc.AspNetCoreApiDescriptionModelProvider] [42856] [42] - Controller 'PublicFiles' contains more than one action with name 'UploadAsyncByInput' for module 'oss-management'. Ignored: System.Threading.Tasks.Task UploadAsync(ZQH.Abp.OssManagement.UploadFileChunkInput)
2024-10-20 11:52:29 [WRN] [Volo.Abp.AspNetCore.Mvc.AspNetCoreApiDescriptionModelProvider] [42856] [42] - Controller 'PublicFiles' contains more than one action with name 'GetAsyncByInput' for module 'oss-management'. Ignored: System.Threading.Tasks.Task`1[Volo.Abp.Content.IRemoteStreamContent] GetAsync(ZQH.Abp.OssManagement.GetPublicFileInput)
2024-10-20 11:52:29 [WRN] [Volo.Abp.AspNetCore.Mvc.AspNetCoreApiDescriptionModelProvider] [42856] [42] - Controller 'PublicFiles' contains more than one action with name 'GetAsyncByInput' for module 'oss-management'. Ignored: System.Threading.Tasks.Task`1[Volo.Abp.Content.IRemoteStreamContent] GetAsync(ZQH.Abp.OssManagement.GetPublicFileInput)
2024-10-20 11:52:29 [WRN] [Volo.Abp.AspNetCore.Mvc.AspNetCoreApiDescriptionModelProvider] [42856] [42] - Controller 'PublicFiles' contains more than one action with name 'GetAsyncByInput' for module 'oss-management'. Ignored: System.Threading.Tasks.Task`1[Volo.Abp.Content.IRemoteStreamContent] GetAsync(ZQH.Abp.OssManagement.GetPublicFileInput)
2024-10-20 11:52:29 [WRN] [Volo.Abp.AspNetCore.Mvc.AspNetCoreApiDescriptionModelProvider] [42856] [42] - Controller 'PublicFiles' contains more than one action with name 'GetAsyncByInput' for module 'oss-management'. Ignored: System.Threading.Tasks.Task`1[Volo.Abp.Content.IRemoteStreamContent] GetAsync(ZQH.Abp.OssManagement.GetPublicFileInput)
2024-10-20 11:52:29 [WRN] [Volo.Abp.AspNetCore.Mvc.AspNetCoreApiDescriptionModelProvider] [42856] [42] - Controller 'PublicFiles' contains more than one action with name 'GetAsyncByInput' for module 'oss-management'. Ignored: System.Threading.Tasks.Task`1[Volo.Abp.Content.IRemoteStreamContent] GetAsync(ZQH.Abp.OssManagement.GetPublicFileInput)
2024-10-20 11:52:29 [WRN] [Volo.Abp.AspNetCore.Mvc.AspNetCoreApiDescriptionModelProvider] [42856] [42] - Controller 'PublicFiles' contains more than one action with name 'GetAsyncByInput' for module 'oss-management'. Ignored: System.Threading.Tasks.Task`1[Volo.Abp.Content.IRemoteStreamContent] GetAsync(ZQH.Abp.OssManagement.GetPublicFileInput)
2024-10-20 11:52:29 [WRN] [Volo.Abp.AspNetCore.Mvc.AspNetCoreApiDescriptionModelProvider] [42856] [42] - Controller 'PublicFiles' contains more than one action with name 'GetAsyncByInput' for module 'oss-management'. Ignored: System.Threading.Tasks.Task`1[Volo.Abp.Content.IRemoteStreamContent] GetAsync(ZQH.Abp.OssManagement.GetPublicFileInput)
2024-10-20 11:52:29 [WRN] [Volo.Abp.AspNetCore.Mvc.AspNetCoreApiDescriptionModelProvider] [42856] [42] - Controller 'StaticFiles' contains more than one action with name 'GetAsyncByInput' for module 'oss-management'. Ignored: System.Threading.Tasks.Task`1[Volo.Abp.Content.IRemoteStreamContent] GetAsync(ZQH.Abp.OssManagement.GetStaticFileInput)
2024-10-20 11:52:29 [WRN] [Volo.Abp.AspNetCore.Mvc.AspNetCoreApiDescriptionModelProvider] [42856] [42] - Controller 'StaticFiles' contains more than one action with name 'GetAsyncByInput' for module 'oss-management'. Ignored: System.Threading.Tasks.Task`1[Volo.Abp.Content.IRemoteStreamContent] GetAsync(ZQH.Abp.OssManagement.GetStaticFileInput)
2024-10-20 11:52:29 [WRN] [Volo.Abp.AspNetCore.Mvc.AspNetCoreApiDescriptionModelProvider] [42856] [42] - Controller 'StaticFiles' contains more than one action with name 'GetAsyncByInput' for module 'oss-management'. Ignored: System.Threading.Tasks.Task`1[Volo.Abp.Content.IRemoteStreamContent] GetAsync(ZQH.Abp.OssManagement.GetStaticFileInput)
2024-10-20 11:52:29 [WRN] [Volo.Abp.AspNetCore.Mvc.AspNetCoreApiDescriptionModelProvider] [42856] [42] - Controller 'StaticFiles' contains more than one action with name 'GetAsyncByInput' for module 'oss-management'. Ignored: System.Threading.Tasks.Task`1[Volo.Abp.Content.IRemoteStreamContent] GetAsync(ZQH.Abp.OssManagement.GetStaticFileInput)
2024-10-20 11:52:29 [WRN] [Volo.Abp.AspNetCore.Mvc.AspNetCoreApiDescriptionModelProvider] [42856] [42] - Controller 'StaticFiles' contains more than one action with name 'GetAsyncByInput' for module 'oss-management'. Ignored: System.Threading.Tasks.Task`1[Volo.Abp.Content.IRemoteStreamContent] GetAsync(ZQH.Abp.OssManagement.GetStaticFileInput)
2024-10-20 11:52:29 [WRN] [Volo.Abp.AspNetCore.Mvc.AspNetCoreApiDescriptionModelProvider] [42856] [42] - Controller 'StaticFiles' contains more than one action with name 'GetAsyncByInput' for module 'oss-management'. Ignored: System.Threading.Tasks.Task`1[Volo.Abp.Content.IRemoteStreamContent] GetAsync(ZQH.Abp.OssManagement.GetStaticFileInput)
2024-10-20 11:52:29 [WRN] [Volo.Abp.AspNetCore.Mvc.AspNetCoreApiDescriptionModelProvider] [42856] [42] - Controller 'StaticFiles' contains more than one action with name 'GetAsyncByInput' for module 'oss-management'. Ignored: System.Threading.Tasks.Task`1[Volo.Abp.Content.IRemoteStreamContent] GetAsync(ZQH.Abp.OssManagement.GetStaticFileInput)
2024-10-20 11:52:30 [WRN] [Volo.Abp.AspNetCore.Mvc.AspNetCoreApiDescriptionModelProvider] [42856] [42] - Controller 'Package' contains more than one action with name 'GetLatestAsyncByInput' for module 'platform'. Ignored: System.Threading.Tasks.Task`1[ZQH.Platform.Packages.PackageDto] GetLatestAsync(ZQH.Platform.Packages.PackageGetLatestInput)
2024-10-20 12:22:49 [WRN] [Microsoft.AspNetCore.Http.ResponseCookies] [42856] [28] - The cookie 'XSRF-TOKEN' has set 'SameSite=None' and must also set 'Secure'.
2024-10-20 12:22:51 [WRN] [Volo.Abp.AspNetCore.Mvc.AspNetCoreApiDescriptionModelProvider] [42856] [105] - Controller 'PrivateFiles' contains more than one action with name 'UploadAsyncByInput' for module 'oss-management'. Ignored: System.Threading.Tasks.Task UploadAsync(ZQH.Abp.OssManagement.UploadFileChunkInput)
2024-10-20 12:22:51 [WRN] [Volo.Abp.AspNetCore.Mvc.AspNetCoreApiDescriptionModelProvider] [42856] [105] - Controller 'PrivateFiles' contains more than one action with name 'GetAsyncByInput' for module 'oss-management'. Ignored: System.Threading.Tasks.Task`1[Volo.Abp.Content.IRemoteStreamContent] GetAsync(ZQH.Abp.OssManagement.GetPublicFileInput)
2024-10-20 12:22:51 [WRN] [Volo.Abp.AspNetCore.Mvc.AspNetCoreApiDescriptionModelProvider] [42856] [105] - Controller 'PrivateFiles' contains more than one action with name 'GetAsyncByInput' for module 'oss-management'. Ignored: System.Threading.Tasks.Task`1[Volo.Abp.Content.IRemoteStreamContent] GetAsync(ZQH.Abp.OssManagement.GetPublicFileInput)
2024-10-20 12:22:51 [WRN] [Volo.Abp.AspNetCore.Mvc.AspNetCoreApiDescriptionModelProvider] [42856] [105] - Controller 'PrivateFiles' contains more than one action with name 'GetAsyncByInput' for module 'oss-management'. Ignored: System.Threading.Tasks.Task`1[Volo.Abp.Content.IRemoteStreamContent] GetAsync(ZQH.Abp.OssManagement.GetPublicFileInput)
2024-10-20 12:22:51 [WRN] [Volo.Abp.AspNetCore.Mvc.AspNetCoreApiDescriptionModelProvider] [42856] [105] - Controller 'PrivateFiles' contains more than one action with name 'GetAsyncByInput' for module 'oss-management'. Ignored: System.Threading.Tasks.Task`1[Volo.Abp.Content.IRemoteStreamContent] GetAsync(ZQH.Abp.OssManagement.GetPublicFileInput)
2024-10-20 12:22:51 [WRN] [Volo.Abp.AspNetCore.Mvc.AspNetCoreApiDescriptionModelProvider] [42856] [105] - Controller 'PrivateFiles' contains more than one action with name 'GetAsyncByInput' for module 'oss-management'. Ignored: System.Threading.Tasks.Task`1[Volo.Abp.Content.IRemoteStreamContent] GetAsync(ZQH.Abp.OssManagement.GetPublicFileInput)
2024-10-20 12:22:51 [WRN] [Volo.Abp.AspNetCore.Mvc.AspNetCoreApiDescriptionModelProvider] [42856] [105] - Controller 'PrivateFiles' contains more than one action with name 'GetAsyncByInput' for module 'oss-management'. Ignored: System.Threading.Tasks.Task`1[Volo.Abp.Content.IRemoteStreamContent] GetAsync(ZQH.Abp.OssManagement.GetPublicFileInput)
2024-10-20 12:22:51 [WRN] [Volo.Abp.AspNetCore.Mvc.AspNetCoreApiDescriptionModelProvider] [42856] [105] - Controller 'PrivateFiles' contains more than one action with name 'GetAsyncByInput' for module 'oss-management'. Ignored: System.Threading.Tasks.Task`1[Volo.Abp.Content.IRemoteStreamContent] GetAsync(ZQH.Abp.OssManagement.GetPublicFileInput)
2024-10-20 12:22:51 [WRN] [Volo.Abp.AspNetCore.Mvc.AspNetCoreApiDescriptionModelProvider] [42856] [105] - Controller 'PublicFiles' contains more than one action with name 'UploadAsyncByInput' for module 'oss-management'. Ignored: System.Threading.Tasks.Task UploadAsync(ZQH.Abp.OssManagement.UploadFileChunkInput)
2024-10-20 12:22:52 [WRN] [Volo.Abp.AspNetCore.Mvc.AspNetCoreApiDescriptionModelProvider] [42856] [105] - Controller 'PublicFiles' contains more than one action with name 'GetAsyncByInput' for module 'oss-management'. Ignored: System.Threading.Tasks.Task`1[Volo.Abp.Content.IRemoteStreamContent] GetAsync(ZQH.Abp.OssManagement.GetPublicFileInput)
2024-10-20 12:22:52 [WRN] [Volo.Abp.AspNetCore.Mvc.AspNetCoreApiDescriptionModelProvider] [42856] [105] - Controller 'PublicFiles' contains more than one action with name 'GetAsyncByInput' for module 'oss-management'. Ignored: System.Threading.Tasks.Task`1[Volo.Abp.Content.IRemoteStreamContent] GetAsync(ZQH.Abp.OssManagement.GetPublicFileInput)
2024-10-20 12:22:52 [WRN] [Volo.Abp.AspNetCore.Mvc.AspNetCoreApiDescriptionModelProvider] [42856] [105] - Controller 'PublicFiles' contains more than one action with name 'GetAsyncByInput' for module 'oss-management'. Ignored: System.Threading.Tasks.Task`1[Volo.Abp.Content.IRemoteStreamContent] GetAsync(ZQH.Abp.OssManagement.GetPublicFileInput)
2024-10-20 12:22:52 [WRN] [Volo.Abp.AspNetCore.Mvc.AspNetCoreApiDescriptionModelProvider] [42856] [105] - Controller 'PublicFiles' contains more than one action with name 'GetAsyncByInput' for module 'oss-management'. Ignored: System.Threading.Tasks.Task`1[Volo.Abp.Content.IRemoteStreamContent] GetAsync(ZQH.Abp.OssManagement.GetPublicFileInput)
2024-10-20 12:22:52 [WRN] [Volo.Abp.AspNetCore.Mvc.AspNetCoreApiDescriptionModelProvider] [42856] [105] - Controller 'PublicFiles' contains more than one action with name 'GetAsyncByInput' for module 'oss-management'. Ignored: System.Threading.Tasks.Task`1[Volo.Abp.Content.IRemoteStreamContent] GetAsync(ZQH.Abp.OssManagement.GetPublicFileInput)
2024-10-20 12:22:52 [WRN] [Volo.Abp.AspNetCore.Mvc.AspNetCoreApiDescriptionModelProvider] [42856] [105] - Controller 'PublicFiles' contains more than one action with name 'GetAsyncByInput' for module 'oss-management'. Ignored: System.Threading.Tasks.Task`1[Volo.Abp.Content.IRemoteStreamContent] GetAsync(ZQH.Abp.OssManagement.GetPublicFileInput)
2024-10-20 12:22:52 [WRN] [Volo.Abp.AspNetCore.Mvc.AspNetCoreApiDescriptionModelProvider] [42856] [105] - Controller 'PublicFiles' contains more than one action with name 'GetAsyncByInput' for module 'oss-management'. Ignored: System.Threading.Tasks.Task`1[Volo.Abp.Content.IRemoteStreamContent] GetAsync(ZQH.Abp.OssManagement.GetPublicFileInput)
2024-10-20 12:22:52 [WRN] [Volo.Abp.AspNetCore.Mvc.AspNetCoreApiDescriptionModelProvider] [42856] [105] - Controller 'StaticFiles' contains more than one action with name 'GetAsyncByInput' for module 'oss-management'. Ignored: System.Threading.Tasks.Task`1[Volo.Abp.Content.IRemoteStreamContent] GetAsync(ZQH.Abp.OssManagement.GetStaticFileInput)
2024-10-20 12:22:52 [WRN] [Volo.Abp.AspNetCore.Mvc.AspNetCoreApiDescriptionModelProvider] [42856] [105] - Controller 'StaticFiles' contains more than one action with name 'GetAsyncByInput' for module 'oss-management'. Ignored: System.Threading.Tasks.Task`1[Volo.Abp.Content.IRemoteStreamContent] GetAsync(ZQH.Abp.OssManagement.GetStaticFileInput)
2024-10-20 12:22:52 [WRN] [Volo.Abp.AspNetCore.Mvc.AspNetCoreApiDescriptionModelProvider] [42856] [105] - Controller 'StaticFiles' contains more than one action with name 'GetAsyncByInput' for module 'oss-management'. Ignored: System.Threading.Tasks.Task`1[Volo.Abp.Content.IRemoteStreamContent] GetAsync(ZQH.Abp.OssManagement.GetStaticFileInput)
2024-10-20 12:22:52 [WRN] [Volo.Abp.AspNetCore.Mvc.AspNetCoreApiDescriptionModelProvider] [42856] [105] - Controller 'StaticFiles' contains more than one action with name 'GetAsyncByInput' for module 'oss-management'. Ignored: System.Threading.Tasks.Task`1[Volo.Abp.Content.IRemoteStreamContent] GetAsync(ZQH.Abp.OssManagement.GetStaticFileInput)
2024-10-20 12:22:52 [WRN] [Volo.Abp.AspNetCore.Mvc.AspNetCoreApiDescriptionModelProvider] [42856] [105] - Controller 'StaticFiles' contains more than one action with name 'GetAsyncByInput' for module 'oss-management'. Ignored: System.Threading.Tasks.Task`1[Volo.Abp.Content.IRemoteStreamContent] GetAsync(ZQH.Abp.OssManagement.GetStaticFileInput)
2024-10-20 12:22:52 [WRN] [Volo.Abp.AspNetCore.Mvc.AspNetCoreApiDescriptionModelProvider] [42856] [105] - Controller 'StaticFiles' contains more than one action with name 'GetAsyncByInput' for module 'oss-management'. Ignored: System.Threading.Tasks.Task`1[Volo.Abp.Content.IRemoteStreamContent] GetAsync(ZQH.Abp.OssManagement.GetStaticFileInput)
2024-10-20 12:22:52 [WRN] [Volo.Abp.AspNetCore.Mvc.AspNetCoreApiDescriptionModelProvider] [42856] [105] - Controller 'StaticFiles' contains more than one action with name 'GetAsyncByInput' for module 'oss-management'. Ignored: System.Threading.Tasks.Task`1[Volo.Abp.Content.IRemoteStreamContent] GetAsync(ZQH.Abp.OssManagement.GetStaticFileInput)
2024-10-20 12:22:52 [WRN] [Volo.Abp.AspNetCore.Mvc.AspNetCoreApiDescriptionModelProvider] [42856] [105] - Controller 'Package' contains more than one action with name 'GetLatestAsyncByInput' for module 'platform'. Ignored: System.Threading.Tasks.Task`1[ZQH.Platform.Packages.PackageDto] GetLatestAsync(ZQH.Platform.Packages.PackageGetLatestInput)
2024-10-20 13:59:56 [WRN] [DotNetCore.CAP.Internal.ConsumerRegister] [42856] [67] - RabbitMQ consumer cancelled. --> amq.ctag-OjzBOBhmv58qU6cj2WtXEQ
2024-10-20 13:59:57 [WRN] [DotNetCore.CAP.Internal.ConsumerRegister] [42856] [67] - RabbitMQ consumer shutdown. --> Unexpected Exception: Unable to read data from the transport connection: 远程主机强迫关闭了一个现有的连接。.
2024-10-20 13:59:57 [WRN] [DotNetCore.CAP.Internal.ConsumerRegister] [42856] [67] - RabbitMQ consumer cancelled. --> amq.ctag-ozJ9SMkFogh3qktqF4ysIA
2024-10-20 13:59:57 [WRN] [DotNetCore.CAP.Internal.ConsumerRegister] [42856] [67] - RabbitMQ consumer shutdown. --> Unexpected Exception: Unable to read data from the transport connection: 远程主机强迫关闭了一个现有的连接。.
2024-10-20 14:00:07 [WRN] [Microsoft.AspNetCore.Http.ResponseCookies] [42856] [26] - The cookie 'XSRF-TOKEN' has set 'SameSite=None' and must also set 'Secure'.
2024-10-20 14:00:09 [WRN] [Volo.Abp.AspNetCore.Mvc.AspNetCoreApiDescriptionModelProvider] [42856] [99] - Controller 'PrivateFiles' contains more than one action with name 'UploadAsyncByInput' for module 'oss-management'. Ignored: System.Threading.Tasks.Task UploadAsync(ZQH.Abp.OssManagement.UploadFileChunkInput)
2024-10-20 14:00:09 [WRN] [Volo.Abp.AspNetCore.Mvc.AspNetCoreApiDescriptionModelProvider] [42856] [99] - Controller 'PrivateFiles' contains more than one action with name 'GetAsyncByInput' for module 'oss-management'. Ignored: System.Threading.Tasks.Task`1[Volo.Abp.Content.IRemoteStreamContent] GetAsync(ZQH.Abp.OssManagement.GetPublicFileInput)
2024-10-20 14:00:09 [WRN] [Volo.Abp.AspNetCore.Mvc.AspNetCoreApiDescriptionModelProvider] [42856] [99] - Controller 'PrivateFiles' contains more than one action with name 'GetAsyncByInput' for module 'oss-management'. Ignored: System.Threading.Tasks.Task`1[Volo.Abp.Content.IRemoteStreamContent] GetAsync(ZQH.Abp.OssManagement.GetPublicFileInput)
2024-10-20 14:00:09 [WRN] [Volo.Abp.AspNetCore.Mvc.AspNetCoreApiDescriptionModelProvider] [42856] [99] - Controller 'PrivateFiles' contains more than one action with name 'GetAsyncByInput' for module 'oss-management'. Ignored: System.Threading.Tasks.Task`1[Volo.Abp.Content.IRemoteStreamContent] GetAsync(ZQH.Abp.OssManagement.GetPublicFileInput)
2024-10-20 14:00:09 [WRN] [Volo.Abp.AspNetCore.Mvc.AspNetCoreApiDescriptionModelProvider] [42856] [99] - Controller 'PrivateFiles' contains more than one action with name 'GetAsyncByInput' for module 'oss-management'. Ignored: System.Threading.Tasks.Task`1[Volo.Abp.Content.IRemoteStreamContent] GetAsync(ZQH.Abp.OssManagement.GetPublicFileInput)
2024-10-20 14:00:09 [WRN] [Volo.Abp.AspNetCore.Mvc.AspNetCoreApiDescriptionModelProvider] [42856] [99] - Controller 'PrivateFiles' contains more than one action with name 'GetAsyncByInput' for module 'oss-management'. Ignored: System.Threading.Tasks.Task`1[Volo.Abp.Content.IRemoteStreamContent] GetAsync(ZQH.Abp.OssManagement.GetPublicFileInput)
2024-10-20 14:00:09 [WRN] [Volo.Abp.AspNetCore.Mvc.AspNetCoreApiDescriptionModelProvider] [42856] [99] - Controller 'PrivateFiles' contains more than one action with name 'GetAsyncByInput' for module 'oss-management'. Ignored: System.Threading.Tasks.Task`1[Volo.Abp.Content.IRemoteStreamContent] GetAsync(ZQH.Abp.OssManagement.GetPublicFileInput)
2024-10-20 14:00:09 [WRN] [Volo.Abp.AspNetCore.Mvc.AspNetCoreApiDescriptionModelProvider] [42856] [99] - Controller 'PrivateFiles' contains more than one action with name 'GetAsyncByInput' for module 'oss-management'. Ignored: System.Threading.Tasks.Task`1[Volo.Abp.Content.IRemoteStreamContent] GetAsync(ZQH.Abp.OssManagement.GetPublicFileInput)
2024-10-20 14:00:09 [WRN] [Volo.Abp.AspNetCore.Mvc.AspNetCoreApiDescriptionModelProvider] [42856] [99] - Controller 'PublicFiles' contains more than one action with name 'UploadAsyncByInput' for module 'oss-management'. Ignored: System.Threading.Tasks.Task UploadAsync(ZQH.Abp.OssManagement.UploadFileChunkInput)
2024-10-20 14:00:09 [WRN] [Volo.Abp.AspNetCore.Mvc.AspNetCoreApiDescriptionModelProvider] [42856] [99] - Controller 'PublicFiles' contains more than one action with name 'GetAsyncByInput' for module 'oss-management'. Ignored: System.Threading.Tasks.Task`1[Volo.Abp.Content.IRemoteStreamContent] GetAsync(ZQH.Abp.OssManagement.GetPublicFileInput)
2024-10-20 14:00:09 [WRN] [Volo.Abp.AspNetCore.Mvc.AspNetCoreApiDescriptionModelProvider] [42856] [99] - Controller 'PublicFiles' contains more than one action with name 'GetAsyncByInput' for module 'oss-management'. Ignored: System.Threading.Tasks.Task`1[Volo.Abp.Content.IRemoteStreamContent] GetAsync(ZQH.Abp.OssManagement.GetPublicFileInput)
2024-10-20 14:00:09 [WRN] [Volo.Abp.AspNetCore.Mvc.AspNetCoreApiDescriptionModelProvider] [42856] [99] - Controller 'PublicFiles' contains more than one action with name 'GetAsyncByInput' for module 'oss-management'. Ignored: System.Threading.Tasks.Task`1[Volo.Abp.Content.IRemoteStreamContent] GetAsync(ZQH.Abp.OssManagement.GetPublicFileInput)
2024-10-20 14:00:09 [WRN] [Volo.Abp.AspNetCore.Mvc.AspNetCoreApiDescriptionModelProvider] [42856] [99] - Controller 'PublicFiles' contains more than one action with name 'GetAsyncByInput' for module 'oss-management'. Ignored: System.Threading.Tasks.Task`1[Volo.Abp.Content.IRemoteStreamContent] GetAsync(ZQH.Abp.OssManagement.GetPublicFileInput)
2024-10-20 14:00:09 [WRN] [Volo.Abp.AspNetCore.Mvc.AspNetCoreApiDescriptionModelProvider] [42856] [99] - Controller 'PublicFiles' contains more than one action with name 'GetAsyncByInput' for module 'oss-management'. Ignored: System.Threading.Tasks.Task`1[Volo.Abp.Content.IRemoteStreamContent] GetAsync(ZQH.Abp.OssManagement.GetPublicFileInput)
2024-10-20 14:00:09 [WRN] [Volo.Abp.AspNetCore.Mvc.AspNetCoreApiDescriptionModelProvider] [42856] [99] - Controller 'PublicFiles' contains more than one action with name 'GetAsyncByInput' for module 'oss-management'. Ignored: System.Threading.Tasks.Task`1[Volo.Abp.Content.IRemoteStreamContent] GetAsync(ZQH.Abp.OssManagement.GetPublicFileInput)
2024-10-20 14:00:09 [WRN] [Volo.Abp.AspNetCore.Mvc.AspNetCoreApiDescriptionModelProvider] [42856] [99] - Controller 'PublicFiles' contains more than one action with name 'GetAsyncByInput' for module 'oss-management'. Ignored: System.Threading.Tasks.Task`1[Volo.Abp.Content.IRemoteStreamContent] GetAsync(ZQH.Abp.OssManagement.GetPublicFileInput)
2024-10-20 14:00:09 [WRN] [Volo.Abp.AspNetCore.Mvc.AspNetCoreApiDescriptionModelProvider] [42856] [99] - Controller 'StaticFiles' contains more than one action with name 'GetAsyncByInput' for module 'oss-management'. Ignored: System.Threading.Tasks.Task`1[Volo.Abp.Content.IRemoteStreamContent] GetAsync(ZQH.Abp.OssManagement.GetStaticFileInput)
2024-10-20 14:00:09 [WRN] [Volo.Abp.AspNetCore.Mvc.AspNetCoreApiDescriptionModelProvider] [42856] [99] - Controller 'StaticFiles' contains more than one action with name 'GetAsyncByInput' for module 'oss-management'. Ignored: System.Threading.Tasks.Task`1[Volo.Abp.Content.IRemoteStreamContent] GetAsync(ZQH.Abp.OssManagement.GetStaticFileInput)
2024-10-20 14:00:09 [WRN] [Volo.Abp.AspNetCore.Mvc.AspNetCoreApiDescriptionModelProvider] [42856] [99] - Controller 'StaticFiles' contains more than one action with name 'GetAsyncByInput' for module 'oss-management'. Ignored: System.Threading.Tasks.Task`1[Volo.Abp.Content.IRemoteStreamContent] GetAsync(ZQH.Abp.OssManagement.GetStaticFileInput)
2024-10-20 14:00:10 [WRN] [Volo.Abp.AspNetCore.Mvc.AspNetCoreApiDescriptionModelProvider] [42856] [99] - Controller 'StaticFiles' contains more than one action with name 'GetAsyncByInput' for module 'oss-management'. Ignored: System.Threading.Tasks.Task`1[Volo.Abp.Content.IRemoteStreamContent] GetAsync(ZQH.Abp.OssManagement.GetStaticFileInput)
2024-10-20 14:00:10 [WRN] [Volo.Abp.AspNetCore.Mvc.AspNetCoreApiDescriptionModelProvider] [42856] [99] - Controller 'StaticFiles' contains more than one action with name 'GetAsyncByInput' for module 'oss-management'. Ignored: System.Threading.Tasks.Task`1[Volo.Abp.Content.IRemoteStreamContent] GetAsync(ZQH.Abp.OssManagement.GetStaticFileInput)
2024-10-20 14:00:10 [WRN] [Volo.Abp.AspNetCore.Mvc.AspNetCoreApiDescriptionModelProvider] [42856] [99] - Controller 'StaticFiles' contains more than one action with name 'GetAsyncByInput' for module 'oss-management'. Ignored: System.Threading.Tasks.Task`1[Volo.Abp.Content.IRemoteStreamContent] GetAsync(ZQH.Abp.OssManagement.GetStaticFileInput)
2024-10-20 14:00:10 [WRN] [Volo.Abp.AspNetCore.Mvc.AspNetCoreApiDescriptionModelProvider] [42856] [99] - Controller 'StaticFiles' contains more than one action with name 'GetAsyncByInput' for module 'oss-management'. Ignored: System.Threading.Tasks.Task`1[Volo.Abp.Content.IRemoteStreamContent] GetAsync(ZQH.Abp.OssManagement.GetStaticFileInput)
2024-10-20 14:00:10 [WRN] [Volo.Abp.AspNetCore.Mvc.AspNetCoreApiDescriptionModelProvider] [42856] [99] - Controller 'Package' contains more than one action with name 'GetLatestAsyncByInput' for module 'platform'. Ignored: System.Threading.Tasks.Task`1[ZQH.Platform.Packages.PackageDto] GetLatestAsync(ZQH.Platform.Packages.PackageGetLatestInput)
2024-10-20 16:46:52 [WRN] [Microsoft.AspNetCore.Http.ResponseCookies] [42856] [31] - The cookie 'XSRF-TOKEN' has set 'SameSite=None' and must also set 'Secure'.
2024-10-20 16:46:54 [WRN] [Volo.Abp.AspNetCore.Mvc.AspNetCoreApiDescriptionModelProvider] [42856] [31] - Controller 'PrivateFiles' contains more than one action with name 'UploadAsyncByInput' for module 'oss-management'. Ignored: System.Threading.Tasks.Task UploadAsync(ZQH.Abp.OssManagement.UploadFileChunkInput)
2024-10-20 16:46:54 [WRN] [Volo.Abp.AspNetCore.Mvc.AspNetCoreApiDescriptionModelProvider] [42856] [31] - Controller 'PrivateFiles' contains more than one action with name 'GetAsyncByInput' for module 'oss-management'. Ignored: System.Threading.Tasks.Task`1[Volo.Abp.Content.IRemoteStreamContent] GetAsync(ZQH.Abp.OssManagement.GetPublicFileInput)
2024-10-20 16:46:54 [WRN] [Volo.Abp.AspNetCore.Mvc.AspNetCoreApiDescriptionModelProvider] [42856] [31] - Controller 'PrivateFiles' contains more than one action with name 'GetAsyncByInput' for module 'oss-management'. Ignored: System.Threading.Tasks.Task`1[Volo.Abp.Content.IRemoteStreamContent] GetAsync(ZQH.Abp.OssManagement.GetPublicFileInput)
2024-10-20 16:46:54 [WRN] [Volo.Abp.AspNetCore.Mvc.AspNetCoreApiDescriptionModelProvider] [42856] [31] - Controller 'PrivateFiles' contains more than one action with name 'GetAsyncByInput' for module 'oss-management'. Ignored: System.Threading.Tasks.Task`1[Volo.Abp.Content.IRemoteStreamContent] GetAsync(ZQH.Abp.OssManagement.GetPublicFileInput)
2024-10-20 16:46:54 [WRN] [Volo.Abp.AspNetCore.Mvc.AspNetCoreApiDescriptionModelProvider] [42856] [31] - Controller 'PrivateFiles' contains more than one action with name 'GetAsyncByInput' for module 'oss-management'. Ignored: System.Threading.Tasks.Task`1[Volo.Abp.Content.IRemoteStreamContent] GetAsync(ZQH.Abp.OssManagement.GetPublicFileInput)
2024-10-20 16:46:54 [WRN] [Volo.Abp.AspNetCore.Mvc.AspNetCoreApiDescriptionModelProvider] [42856] [31] - Controller 'PrivateFiles' contains more than one action with name 'GetAsyncByInput' for module 'oss-management'. Ignored: System.Threading.Tasks.Task`1[Volo.Abp.Content.IRemoteStreamContent] GetAsync(ZQH.Abp.OssManagement.GetPublicFileInput)
2024-10-20 16:46:54 [WRN] [Volo.Abp.AspNetCore.Mvc.AspNetCoreApiDescriptionModelProvider] [42856] [31] - Controller 'PrivateFiles' contains more than one action with name 'GetAsyncByInput' for module 'oss-management'. Ignored: System.Threading.Tasks.Task`1[Volo.Abp.Content.IRemoteStreamContent] GetAsync(ZQH.Abp.OssManagement.GetPublicFileInput)
2024-10-20 16:46:54 [WRN] [Volo.Abp.AspNetCore.Mvc.AspNetCoreApiDescriptionModelProvider] [42856] [31] - Controller 'PrivateFiles' contains more than one action with name 'GetAsyncByInput' for module 'oss-management'. Ignored: System.Threading.Tasks.Task`1[Volo.Abp.Content.IRemoteStreamContent] GetAsync(ZQH.Abp.OssManagement.GetPublicFileInput)
2024-10-20 16:46:55 [WRN] [Volo.Abp.AspNetCore.Mvc.AspNetCoreApiDescriptionModelProvider] [42856] [31] - Controller 'PublicFiles' contains more than one action with name 'UploadAsyncByInput' for module 'oss-management'. Ignored: System.Threading.Tasks.Task UploadAsync(ZQH.Abp.OssManagement.UploadFileChunkInput)
2024-10-20 16:46:55 [WRN] [Volo.Abp.AspNetCore.Mvc.AspNetCoreApiDescriptionModelProvider] [42856] [31] - Controller 'PublicFiles' contains more than one action with name 'GetAsyncByInput' for module 'oss-management'. Ignored: System.Threading.Tasks.Task`1[Volo.Abp.Content.IRemoteStreamContent] GetAsync(ZQH.Abp.OssManagement.GetPublicFileInput)
2024-10-20 16:46:55 [WRN] [Volo.Abp.AspNetCore.Mvc.AspNetCoreApiDescriptionModelProvider] [42856] [31] - Controller 'PublicFiles' contains more than one action with name 'GetAsyncByInput' for module 'oss-management'. Ignored: System.Threading.Tasks.Task`1[Volo.Abp.Content.IRemoteStreamContent] GetAsync(ZQH.Abp.OssManagement.GetPublicFileInput)
2024-10-20 16:46:55 [WRN] [Volo.Abp.AspNetCore.Mvc.AspNetCoreApiDescriptionModelProvider] [42856] [31] - Controller 'PublicFiles' contains more than one action with name 'GetAsyncByInput' for module 'oss-management'. Ignored: System.Threading.Tasks.Task`1[Volo.Abp.Content.IRemoteStreamContent] GetAsync(ZQH.Abp.OssManagement.GetPublicFileInput)
2024-10-20 16:46:55 [WRN] [Volo.Abp.AspNetCore.Mvc.AspNetCoreApiDescriptionModelProvider] [42856] [31] - Controller 'PublicFiles' contains more than one action with name 'GetAsyncByInput' for module 'oss-management'. Ignored: System.Threading.Tasks.Task`1[Volo.Abp.Content.IRemoteStreamContent] GetAsync(ZQH.Abp.OssManagement.GetPublicFileInput)
2024-10-20 16:46:55 [WRN] [Volo.Abp.AspNetCore.Mvc.AspNetCoreApiDescriptionModelProvider] [42856] [31] - Controller 'PublicFiles' contains more than one action with name 'GetAsyncByInput' for module 'oss-management'. Ignored: System.Threading.Tasks.Task`1[Volo.Abp.Content.IRemoteStreamContent] GetAsync(ZQH.Abp.OssManagement.GetPublicFileInput)
2024-10-20 16:46:55 [WRN] [Volo.Abp.AspNetCore.Mvc.AspNetCoreApiDescriptionModelProvider] [42856] [31] - Controller 'PublicFiles' contains more than one action with name 'GetAsyncByInput' for module 'oss-management'. Ignored: System.Threading.Tasks.Task`1[Volo.Abp.Content.IRemoteStreamContent] GetAsync(ZQH.Abp.OssManagement.GetPublicFileInput)
2024-10-20 16:46:55 [WRN] [Volo.Abp.AspNetCore.Mvc.AspNetCoreApiDescriptionModelProvider] [42856] [31] - Controller 'PublicFiles' contains more than one action with name 'GetAsyncByInput' for module 'oss-management'. Ignored: System.Threading.Tasks.Task`1[Volo.Abp.Content.IRemoteStreamContent] GetAsync(ZQH.Abp.OssManagement.GetPublicFileInput)
2024-10-20 16:46:55 [WRN] [Volo.Abp.AspNetCore.Mvc.AspNetCoreApiDescriptionModelProvider] [42856] [31] - Controller 'StaticFiles' contains more than one action with name 'GetAsyncByInput' for module 'oss-management'. Ignored: System.Threading.Tasks.Task`1[Volo.Abp.Content.IRemoteStreamContent] GetAsync(ZQH.Abp.OssManagement.GetStaticFileInput)
2024-10-20 16:46:55 [WRN] [Volo.Abp.AspNetCore.Mvc.AspNetCoreApiDescriptionModelProvider] [42856] [31] - Controller 'StaticFiles' contains more than one action with name 'GetAsyncByInput' for module 'oss-management'. Ignored: System.Threading.Tasks.Task`1[Volo.Abp.Content.IRemoteStreamContent] GetAsync(ZQH.Abp.OssManagement.GetStaticFileInput)
2024-10-20 16:46:55 [WRN] [Volo.Abp.AspNetCore.Mvc.AspNetCoreApiDescriptionModelProvider] [42856] [31] - Controller 'StaticFiles' contains more than one action with name 'GetAsyncByInput' for module 'oss-management'. Ignored: System.Threading.Tasks.Task`1[Volo.Abp.Content.IRemoteStreamContent] GetAsync(ZQH.Abp.OssManagement.GetStaticFileInput)
2024-10-20 16:46:55 [WRN] [Volo.Abp.AspNetCore.Mvc.AspNetCoreApiDescriptionModelProvider] [42856] [31] - Controller 'StaticFiles' contains more than one action with name 'GetAsyncByInput' for module 'oss-management'. Ignored: System.Threading.Tasks.Task`1[Volo.Abp.Content.IRemoteStreamContent] GetAsync(ZQH.Abp.OssManagement.GetStaticFileInput)
2024-10-20 16:46:55 [WRN] [Volo.Abp.AspNetCore.Mvc.AspNetCoreApiDescriptionModelProvider] [42856] [31] - Controller 'StaticFiles' contains more than one action with name 'GetAsyncByInput' for module 'oss-management'. Ignored: System.Threading.Tasks.Task`1[Volo.Abp.Content.IRemoteStreamContent] GetAsync(ZQH.Abp.OssManagement.GetStaticFileInput)
2024-10-20 16:46:55 [WRN] [Volo.Abp.AspNetCore.Mvc.AspNetCoreApiDescriptionModelProvider] [42856] [31] - Controller 'StaticFiles' contains more than one action with name 'GetAsyncByInput' for module 'oss-management'. Ignored: System.Threading.Tasks.Task`1[Volo.Abp.Content.IRemoteStreamContent] GetAsync(ZQH.Abp.OssManagement.GetStaticFileInput)
2024-10-20 16:46:55 [WRN] [Volo.Abp.AspNetCore.Mvc.AspNetCoreApiDescriptionModelProvider] [42856] [31] - Controller 'StaticFiles' contains more than one action with name 'GetAsyncByInput' for module 'oss-management'. Ignored: System.Threading.Tasks.Task`1[Volo.Abp.Content.IRemoteStreamContent] GetAsync(ZQH.Abp.OssManagement.GetStaticFileInput)
2024-10-20 16:46:55 [WRN] [Volo.Abp.AspNetCore.Mvc.AspNetCoreApiDescriptionModelProvider] [42856] [31] - Controller 'Package' contains more than one action with name 'GetLatestAsyncByInput' for module 'platform'. Ignored: System.Threading.Tasks.Task`1[ZQH.Platform.Packages.PackageDto] GetLatestAsync(ZQH.Platform.Packages.PackageGetLatestInput)
2024-10-20 18:53:35 [WRN] [Microsoft.AspNetCore.Http.ResponseCookies] [42856] [84] - The cookie 'XSRF-TOKEN' has set 'SameSite=None' and must also set 'Secure'.
2024-10-20 18:53:46 [WRN] [Volo.Abp.AspNetCore.Mvc.AspNetCoreApiDescriptionModelProvider] [42856] [84] - Controller 'PrivateFiles' contains more than one action with name 'UploadAsyncByInput' for module 'oss-management'. Ignored: System.Threading.Tasks.Task UploadAsync(ZQH.Abp.OssManagement.UploadFileChunkInput)
2024-10-20 18:53:46 [WRN] [Volo.Abp.AspNetCore.Mvc.AspNetCoreApiDescriptionModelProvider] [42856] [84] - Controller 'PrivateFiles' contains more than one action with name 'GetAsyncByInput' for module 'oss-management'. Ignored: System.Threading.Tasks.Task`1[Volo.Abp.Content.IRemoteStreamContent] GetAsync(ZQH.Abp.OssManagement.GetPublicFileInput)
2024-10-20 18:53:46 [WRN] [Volo.Abp.AspNetCore.Mvc.AspNetCoreApiDescriptionModelProvider] [42856] [84] - Controller 'PrivateFiles' contains more than one action with name 'GetAsyncByInput' for module 'oss-management'. Ignored: System.Threading.Tasks.Task`1[Volo.Abp.Content.IRemoteStreamContent] GetAsync(ZQH.Abp.OssManagement.GetPublicFileInput)
2024-10-20 18:53:46 [WRN] [Volo.Abp.AspNetCore.Mvc.AspNetCoreApiDescriptionModelProvider] [42856] [84] - Controller 'PrivateFiles' contains more than one action with name 'GetAsyncByInput' for module 'oss-management'. Ignored: System.Threading.Tasks.Task`1[Volo.Abp.Content.IRemoteStreamContent] GetAsync(ZQH.Abp.OssManagement.GetPublicFileInput)
2024-10-20 18:53:46 [WRN] [Volo.Abp.AspNetCore.Mvc.AspNetCoreApiDescriptionModelProvider] [42856] [84] - Controller 'PrivateFiles' contains more than one action with name 'GetAsyncByInput' for module 'oss-management'. Ignored: System.Threading.Tasks.Task`1[Volo.Abp.Content.IRemoteStreamContent] GetAsync(ZQH.Abp.OssManagement.GetPublicFileInput)
2024-10-20 18:53:46 [WRN] [Volo.Abp.AspNetCore.Mvc.AspNetCoreApiDescriptionModelProvider] [42856] [84] - Controller 'PrivateFiles' contains more than one action with name 'GetAsyncByInput' for module 'oss-management'. Ignored: System.Threading.Tasks.Task`1[Volo.Abp.Content.IRemoteStreamContent] GetAsync(ZQH.Abp.OssManagement.GetPublicFileInput)
2024-10-20 18:53:46 [WRN] [Volo.Abp.AspNetCore.Mvc.AspNetCoreApiDescriptionModelProvider] [42856] [84] - Controller 'PrivateFiles' contains more than one action with name 'GetAsyncByInput' for module 'oss-management'. Ignored: System.Threading.Tasks.Task`1[Volo.Abp.Content.IRemoteStreamContent] GetAsync(ZQH.Abp.OssManagement.GetPublicFileInput)
2024-10-20 18:53:46 [WRN] [Volo.Abp.AspNetCore.Mvc.AspNetCoreApiDescriptionModelProvider] [42856] [84] - Controller 'PrivateFiles' contains more than one action with name 'GetAsyncByInput' for module 'oss-management'. Ignored: System.Threading.Tasks.Task`1[Volo.Abp.Content.IRemoteStreamContent] GetAsync(ZQH.Abp.OssManagement.GetPublicFileInput)
2024-10-20 18:53:46 [WRN] [Volo.Abp.AspNetCore.Mvc.AspNetCoreApiDescriptionModelProvider] [42856] [84] - Controller 'PublicFiles' contains more than one action with name 'UploadAsyncByInput' for module 'oss-management'. Ignored: System.Threading.Tasks.Task UploadAsync(ZQH.Abp.OssManagement.UploadFileChunkInput)
2024-10-20 18:53:46 [WRN] [Volo.Abp.AspNetCore.Mvc.AspNetCoreApiDescriptionModelProvider] [42856] [84] - Controller 'PublicFiles' contains more than one action with name 'GetAsyncByInput' for module 'oss-management'. Ignored: System.Threading.Tasks.Task`1[Volo.Abp.Content.IRemoteStreamContent] GetAsync(ZQH.Abp.OssManagement.GetPublicFileInput)
2024-10-20 18:53:46 [WRN] [Volo.Abp.AspNetCore.Mvc.AspNetCoreApiDescriptionModelProvider] [42856] [84] - Controller 'PublicFiles' contains more than one action with name 'GetAsyncByInput' for module 'oss-management'. Ignored: System.Threading.Tasks.Task`1[Volo.Abp.Content.IRemoteStreamContent] GetAsync(ZQH.Abp.OssManagement.GetPublicFileInput)
2024-10-20 18:53:46 [WRN] [Volo.Abp.AspNetCore.Mvc.AspNetCoreApiDescriptionModelProvider] [42856] [84] - Controller 'PublicFiles' contains more than one action with name 'GetAsyncByInput' for module 'oss-management'. Ignored: System.Threading.Tasks.Task`1[Volo.Abp.Content.IRemoteStreamContent] GetAsync(ZQH.Abp.OssManagement.GetPublicFileInput)
2024-10-20 18:53:46 [WRN] [Volo.Abp.AspNetCore.Mvc.AspNetCoreApiDescriptionModelProvider] [42856] [84] - Controller 'PublicFiles' contains more than one action with name 'GetAsyncByInput' for module 'oss-management'. Ignored: System.Threading.Tasks.Task`1[Volo.Abp.Content.IRemoteStreamContent] GetAsync(ZQH.Abp.OssManagement.GetPublicFileInput)
2024-10-20 18:53:46 [WRN] [Volo.Abp.AspNetCore.Mvc.AspNetCoreApiDescriptionModelProvider] [42856] [84] - Controller 'PublicFiles' contains more than one action with name 'GetAsyncByInput' for module 'oss-management'. Ignored: System.Threading.Tasks.Task`1[Volo.Abp.Content.IRemoteStreamContent] GetAsync(ZQH.Abp.OssManagement.GetPublicFileInput)
2024-10-20 18:53:46 [WRN] [Volo.Abp.AspNetCore.Mvc.AspNetCoreApiDescriptionModelProvider] [42856] [84] - Controller 'PublicFiles' contains more than one action with name 'GetAsyncByInput' for module 'oss-management'. Ignored: System.Threading.Tasks.Task`1[Volo.Abp.Content.IRemoteStreamContent] GetAsync(ZQH.Abp.OssManagement.GetPublicFileInput)
2024-10-20 18:53:46 [WRN] [Volo.Abp.AspNetCore.Mvc.AspNetCoreApiDescriptionModelProvider] [42856] [84] - Controller 'PublicFiles' contains more than one action with name 'GetAsyncByInput' for module 'oss-management'. Ignored: System.Threading.Tasks.Task`1[Volo.Abp.Content.IRemoteStreamContent] GetAsync(ZQH.Abp.OssManagement.GetPublicFileInput)
2024-10-20 18:53:46 [WRN] [Volo.Abp.AspNetCore.Mvc.AspNetCoreApiDescriptionModelProvider] [42856] [84] - Controller 'StaticFiles' contains more than one action with name 'GetAsyncByInput' for module 'oss-management'. Ignored: System.Threading.Tasks.Task`1[Volo.Abp.Content.IRemoteStreamContent] GetAsync(ZQH.Abp.OssManagement.GetStaticFileInput)
2024-10-20 18:53:46 [WRN] [Volo.Abp.AspNetCore.Mvc.AspNetCoreApiDescriptionModelProvider] [42856] [84] - Controller 'StaticFiles' contains more than one action with name 'GetAsyncByInput' for module 'oss-management'. Ignored: System.Threading.Tasks.Task`1[Volo.Abp.Content.IRemoteStreamContent] GetAsync(ZQH.Abp.OssManagement.GetStaticFileInput)
2024-10-20 18:53:46 [WRN] [Volo.Abp.AspNetCore.Mvc.AspNetCoreApiDescriptionModelProvider] [42856] [84] - Controller 'StaticFiles' contains more than one action with name 'GetAsyncByInput' for module 'oss-management'. Ignored: System.Threading.Tasks.Task`1[Volo.Abp.Content.IRemoteStreamContent] GetAsync(ZQH.Abp.OssManagement.GetStaticFileInput)
2024-10-20 18:53:46 [WRN] [Volo.Abp.AspNetCore.Mvc.AspNetCoreApiDescriptionModelProvider] [42856] [84] - Controller 'StaticFiles' contains more than one action with name 'GetAsyncByInput' for module 'oss-management'. Ignored: System.Threading.Tasks.Task`1[Volo.Abp.Content.IRemoteStreamContent] GetAsync(ZQH.Abp.OssManagement.GetStaticFileInput)
2024-10-20 18:53:46 [WRN] [Volo.Abp.AspNetCore.Mvc.AspNetCoreApiDescriptionModelProvider] [42856] [84] - Controller 'StaticFiles' contains more than one action with name 'GetAsyncByInput' for module 'oss-management'. Ignored: System.Threading.Tasks.Task`1[Volo.Abp.Content.IRemoteStreamContent] GetAsync(ZQH.Abp.OssManagement.GetStaticFileInput)
2024-10-20 18:53:46 [WRN] [Volo.Abp.AspNetCore.Mvc.AspNetCoreApiDescriptionModelProvider] [42856] [84] - Controller 'StaticFiles' contains more than one action with name 'GetAsyncByInput' for module 'oss-management'. Ignored: System.Threading.Tasks.Task`1[Volo.Abp.Content.IRemoteStreamContent] GetAsync(ZQH.Abp.OssManagement.GetStaticFileInput)
2024-10-20 18:53:46 [WRN] [Volo.Abp.AspNetCore.Mvc.AspNetCoreApiDescriptionModelProvider] [42856] [84] - Controller 'StaticFiles' contains more than one action with name 'GetAsyncByInput' for module 'oss-management'. Ignored: System.Threading.Tasks.Task`1[Volo.Abp.Content.IRemoteStreamContent] GetAsync(ZQH.Abp.OssManagement.GetStaticFileInput)
2024-10-20 18:53:46 [WRN] [Volo.Abp.AspNetCore.Mvc.AspNetCoreApiDescriptionModelProvider] [42856] [84] - Controller 'Package' contains more than one action with name 'GetLatestAsyncByInput' for module 'platform'. Ignored: System.Threading.Tasks.Task`1[ZQH.Platform.Packages.PackageDto] GetLatestAsync(ZQH.Platform.Packages.PackageGetLatestInput)
2024-10-20 18:53:56 [WRN] [Microsoft.AspNetCore.Http.ResponseCookies] [42856] [73] - The cookie 'XSRF-TOKEN' has set 'SameSite=None' and must also set 'Secure'.
2024-10-20 18:54:29 [WRN] [Microsoft.AspNetCore.Http.ResponseCookies] [42856] [33] - The cookie 'XSRF-TOKEN' has set 'SameSite=None' and must also set 'Secure'.
2024-10-20 18:54:39 [WRN] [Volo.Abp.AspNetCore.Mvc.AspNetCoreApiDescriptionModelProvider] [42856] [84] - Controller 'PrivateFiles' contains more than one action with name 'UploadAsyncByInput' for module 'oss-management'. Ignored: System.Threading.Tasks.Task UploadAsync(ZQH.Abp.OssManagement.UploadFileChunkInput)
2024-10-20 18:54:39 [WRN] [Volo.Abp.AspNetCore.Mvc.AspNetCoreApiDescriptionModelProvider] [42856] [84] - Controller 'PrivateFiles' contains more than one action with name 'GetAsyncByInput' for module 'oss-management'. Ignored: System.Threading.Tasks.Task`1[Volo.Abp.Content.IRemoteStreamContent] GetAsync(ZQH.Abp.OssManagement.GetPublicFileInput)
2024-10-20 18:54:39 [WRN] [Volo.Abp.AspNetCore.Mvc.AspNetCoreApiDescriptionModelProvider] [42856] [84] - Controller 'PrivateFiles' contains more than one action with name 'GetAsyncByInput' for module 'oss-management'. Ignored: System.Threading.Tasks.Task`1[Volo.Abp.Content.IRemoteStreamContent] GetAsync(ZQH.Abp.OssManagement.GetPublicFileInput)
2024-10-20 18:54:39 [WRN] [Volo.Abp.AspNetCore.Mvc.AspNetCoreApiDescriptionModelProvider] [42856] [84] - Controller 'PrivateFiles' contains more than one action with name 'GetAsyncByInput' for module 'oss-management'. Ignored: System.Threading.Tasks.Task`1[Volo.Abp.Content.IRemoteStreamContent] GetAsync(ZQH.Abp.OssManagement.GetPublicFileInput)
2024-10-20 18:54:39 [WRN] [Volo.Abp.AspNetCore.Mvc.AspNetCoreApiDescriptionModelProvider] [42856] [84] - Controller 'PrivateFiles' contains more than one action with name 'GetAsyncByInput' for module 'oss-management'. Ignored: System.Threading.Tasks.Task`1[Volo.Abp.Content.IRemoteStreamContent] GetAsync(ZQH.Abp.OssManagement.GetPublicFileInput)
2024-10-20 18:54:39 [WRN] [Volo.Abp.AspNetCore.Mvc.AspNetCoreApiDescriptionModelProvider] [42856] [84] - Controller 'PrivateFiles' contains more than one action with name 'GetAsyncByInput' for module 'oss-management'. Ignored: System.Threading.Tasks.Task`1[Volo.Abp.Content.IRemoteStreamContent] GetAsync(ZQH.Abp.OssManagement.GetPublicFileInput)
2024-10-20 18:54:39 [WRN] [Volo.Abp.AspNetCore.Mvc.AspNetCoreApiDescriptionModelProvider] [42856] [84] - Controller 'PrivateFiles' contains more than one action with name 'GetAsyncByInput' for module 'oss-management'. Ignored: System.Threading.Tasks.Task`1[Volo.Abp.Content.IRemoteStreamContent] GetAsync(ZQH.Abp.OssManagement.GetPublicFileInput)
2024-10-20 18:54:39 [WRN] [Volo.Abp.AspNetCore.Mvc.AspNetCoreApiDescriptionModelProvider] [42856] [84] - Controller 'PrivateFiles' contains more than one action with name 'GetAsyncByInput' for module 'oss-management'. Ignored: System.Threading.Tasks.Task`1[Volo.Abp.Content.IRemoteStreamContent] GetAsync(ZQH.Abp.OssManagement.GetPublicFileInput)
2024-10-20 18:54:39 [WRN] [Volo.Abp.AspNetCore.Mvc.AspNetCoreApiDescriptionModelProvider] [42856] [84] - Controller 'PublicFiles' contains more than one action with name 'UploadAsyncByInput' for module 'oss-management'. Ignored: System.Threading.Tasks.Task UploadAsync(ZQH.Abp.OssManagement.UploadFileChunkInput)
2024-10-20 18:54:39 [WRN] [Volo.Abp.AspNetCore.Mvc.AspNetCoreApiDescriptionModelProvider] [42856] [84] - Controller 'PublicFiles' contains more than one action with name 'GetAsyncByInput' for module 'oss-management'. Ignored: System.Threading.Tasks.Task`1[Volo.Abp.Content.IRemoteStreamContent] GetAsync(ZQH.Abp.OssManagement.GetPublicFileInput)
2024-10-20 18:54:39 [WRN] [Volo.Abp.AspNetCore.Mvc.AspNetCoreApiDescriptionModelProvider] [42856] [84] - Controller 'PublicFiles' contains more than one action with name 'GetAsyncByInput' for module 'oss-management'. Ignored: System.Threading.Tasks.Task`1[Volo.Abp.Content.IRemoteStreamContent] GetAsync(ZQH.Abp.OssManagement.GetPublicFileInput)
2024-10-20 18:54:39 [WRN] [Volo.Abp.AspNetCore.Mvc.AspNetCoreApiDescriptionModelProvider] [42856] [84] - Controller 'PublicFiles' contains more than one action with name 'GetAsyncByInput' for module 'oss-management'. Ignored: System.Threading.Tasks.Task`1[Volo.Abp.Content.IRemoteStreamContent] GetAsync(ZQH.Abp.OssManagement.GetPublicFileInput)
2024-10-20 18:54:39 [WRN] [Volo.Abp.AspNetCore.Mvc.AspNetCoreApiDescriptionModelProvider] [42856] [84] - Controller 'PublicFiles' contains more than one action with name 'GetAsyncByInput' for module 'oss-management'. Ignored: System.Threading.Tasks.Task`1[Volo.Abp.Content.IRemoteStreamContent] GetAsync(ZQH.Abp.OssManagement.GetPublicFileInput)
2024-10-20 18:54:39 [WRN] [Volo.Abp.AspNetCore.Mvc.AspNetCoreApiDescriptionModelProvider] [42856] [84] - Controller 'PublicFiles' contains more than one action with name 'GetAsyncByInput' for module 'oss-management'. Ignored: System.Threading.Tasks.Task`1[Volo.Abp.Content.IRemoteStreamContent] GetAsync(ZQH.Abp.OssManagement.GetPublicFileInput)
2024-10-20 18:54:39 [WRN] [Volo.Abp.AspNetCore.Mvc.AspNetCoreApiDescriptionModelProvider] [42856] [84] - Controller 'PublicFiles' contains more than one action with name 'GetAsyncByInput' for module 'oss-management'. Ignored: System.Threading.Tasks.Task`1[Volo.Abp.Content.IRemoteStreamContent] GetAsync(ZQH.Abp.OssManagement.GetPublicFileInput)
2024-10-20 18:54:39 [WRN] [Volo.Abp.AspNetCore.Mvc.AspNetCoreApiDescriptionModelProvider] [42856] [84] - Controller 'PublicFiles' contains more than one action with name 'GetAsyncByInput' for module 'oss-management'. Ignored: System.Threading.Tasks.Task`1[Volo.Abp.Content.IRemoteStreamContent] GetAsync(ZQH.Abp.OssManagement.GetPublicFileInput)
2024-10-20 18:54:39 [WRN] [Volo.Abp.AspNetCore.Mvc.AspNetCoreApiDescriptionModelProvider] [42856] [84] - Controller 'StaticFiles' contains more than one action with name 'GetAsyncByInput' for module 'oss-management'. Ignored: System.Threading.Tasks.Task`1[Volo.Abp.Content.IRemoteStreamContent] GetAsync(ZQH.Abp.OssManagement.GetStaticFileInput)
2024-10-20 18:54:39 [WRN] [Volo.Abp.AspNetCore.Mvc.AspNetCoreApiDescriptionModelProvider] [42856] [84] - Controller 'StaticFiles' contains more than one action with name 'GetAsyncByInput' for module 'oss-management'. Ignored: System.Threading.Tasks.Task`1[Volo.Abp.Content.IRemoteStreamContent] GetAsync(ZQH.Abp.OssManagement.GetStaticFileInput)
2024-10-20 18:54:39 [WRN] [Volo.Abp.AspNetCore.Mvc.AspNetCoreApiDescriptionModelProvider] [42856] [84] - Controller 'StaticFiles' contains more than one action with name 'GetAsyncByInput' for module 'oss-management'. Ignored: System.Threading.Tasks.Task`1[Volo.Abp.Content.IRemoteStreamContent] GetAsync(ZQH.Abp.OssManagement.GetStaticFileInput)
2024-10-20 18:54:39 [WRN] [Volo.Abp.AspNetCore.Mvc.AspNetCoreApiDescriptionModelProvider] [42856] [84] - Controller 'StaticFiles' contains more than one action with name 'GetAsyncByInput' for module 'oss-management'. Ignored: System.Threading.Tasks.Task`1[Volo.Abp.Content.IRemoteStreamContent] GetAsync(ZQH.Abp.OssManagement.GetStaticFileInput)
2024-10-20 18:54:39 [WRN] [Volo.Abp.AspNetCore.Mvc.AspNetCoreApiDescriptionModelProvider] [42856] [84] - Controller 'StaticFiles' contains more than one action with name 'GetAsyncByInput' for module 'oss-management'. Ignored: System.Threading.Tasks.Task`1[Volo.Abp.Content.IRemoteStreamContent] GetAsync(ZQH.Abp.OssManagement.GetStaticFileInput)
2024-10-20 18:54:39 [WRN] [Volo.Abp.AspNetCore.Mvc.AspNetCoreApiDescriptionModelProvider] [42856] [84] - Controller 'StaticFiles' contains more than one action with name 'GetAsyncByInput' for module 'oss-management'. Ignored: System.Threading.Tasks.Task`1[Volo.Abp.Content.IRemoteStreamContent] GetAsync(ZQH.Abp.OssManagement.GetStaticFileInput)
2024-10-20 18:54:39 [WRN] [Volo.Abp.AspNetCore.Mvc.AspNetCoreApiDescriptionModelProvider] [42856] [84] - Controller 'StaticFiles' contains more than one action with name 'GetAsyncByInput' for module 'oss-management'. Ignored: System.Threading.Tasks.Task`1[Volo.Abp.Content.IRemoteStreamContent] GetAsync(ZQH.Abp.OssManagement.GetStaticFileInput)
2024-10-20 18:54:39 [WRN] [Volo.Abp.AspNetCore.Mvc.AspNetCoreApiDescriptionModelProvider] [42856] [84] - Controller 'Package' contains more than one action with name 'GetLatestAsyncByInput' for module 'platform'. Ignored: System.Threading.Tasks.Task`1[ZQH.Platform.Packages.PackageDto] GetLatestAsync(ZQH.Platform.Packages.PackageGetLatestInput)
