2024-10-29 07:58:22 [WRN] [DotNetCore.CAP.Internal.ConsumerRegister] [15700] [30] - RabbitMQ consumer cancelled. --> amq.ctag-wzZdR6-1v5jGwBY6dCqJ_w
2024-10-29 08:12:35 [WRN] [DotNetCore.CAP.Internal.ConsumerRegister] [15700] [30] - RabbitMQ consumer shutdown. --> Unexpected Exception: Unable to read data from the transport connection: 远程主机强迫关闭了一个现有的连接。.
2024-10-29 08:12:41 [WRN] [DotNetCore.CAP.Internal.ConsumerRegister] [15700] [30] - RabbitMQ consumer cancelled. --> amq.ctag-JeIB7QQXeXT2JzyVdee9rg
2024-10-29 08:12:42 [WRN] [DotNetCore.CAP.Internal.ConsumerRegister] [15700] [30] - RabbitMQ consumer shutdown. --> Unexpected Exception: Unable to read data from the transport connection: 远程主机强迫关闭了一个现有的连接。.
2024-10-29 08:13:12 [WRN] [DotNetCore.CAP.Processor.TransportCheckProcessor] [15700] [36] - Transport connection is unhealthy, reconnection...
2024-10-29 08:13:12 [WRN] [DotNetCore.CAP.Internal.ConsumerRegister] [15700] [59] - RabbitMQ consumer cancelled. --> 
2024-10-29 08:13:12 [WRN] [DotNetCore.CAP.Internal.ConsumerRegister] [15700] [30] - RabbitMQ consumer cancelled. --> amq.ctag-wzZdR6-1v5jGwBY6dCqJ_w
2024-10-29 08:13:12 [WRN] [DotNetCore.CAP.Internal.ConsumerRegister] [15700] [59] - RabbitMQ consumer shutdown. --> Goodbye
2024-10-29 08:13:12 [WRN] [DotNetCore.CAP.Internal.ConsumerRegister] [15700] [30] - RabbitMQ consumer shutdown. --> Goodbye
2024-10-29 09:06:58 [WRN] [Microsoft.AspNetCore.Http.ResponseCookies] [15700] [55] - The cookie 'XSRF-TOKEN' has set 'SameSite=None' and must also set 'Secure'.
2024-10-29 09:08:27 [WRN] [Volo.Abp.AspNetCore.Mvc.AspNetCoreApiDescriptionModelProvider] [15700] [61] - Controller 'PrivateFiles' contains more than one action with name 'UploadAsyncByInput' for module 'oss-management'. Ignored: System.Threading.Tasks.Task UploadAsync(ZQH.Abp.OssManagement.UploadFileChunkInput)
2024-10-29 09:08:27 [WRN] [Volo.Abp.AspNetCore.Mvc.AspNetCoreApiDescriptionModelProvider] [15700] [61] - Controller 'PrivateFiles' contains more than one action with name 'GetAsyncByInput' for module 'oss-management'. Ignored: System.Threading.Tasks.Task`1[Volo.Abp.Content.IRemoteStreamContent] GetAsync(ZQH.Abp.OssManagement.GetPublicFileInput)
2024-10-29 09:08:27 [WRN] [Volo.Abp.AspNetCore.Mvc.AspNetCoreApiDescriptionModelProvider] [15700] [61] - Controller 'PrivateFiles' contains more than one action with name 'GetAsyncByInput' for module 'oss-management'. Ignored: System.Threading.Tasks.Task`1[Volo.Abp.Content.IRemoteStreamContent] GetAsync(ZQH.Abp.OssManagement.GetPublicFileInput)
2024-10-29 09:08:27 [WRN] [Volo.Abp.AspNetCore.Mvc.AspNetCoreApiDescriptionModelProvider] [15700] [61] - Controller 'PrivateFiles' contains more than one action with name 'GetAsyncByInput' for module 'oss-management'. Ignored: System.Threading.Tasks.Task`1[Volo.Abp.Content.IRemoteStreamContent] GetAsync(ZQH.Abp.OssManagement.GetPublicFileInput)
2024-10-29 09:08:27 [WRN] [Volo.Abp.AspNetCore.Mvc.AspNetCoreApiDescriptionModelProvider] [15700] [61] - Controller 'PrivateFiles' contains more than one action with name 'GetAsyncByInput' for module 'oss-management'. Ignored: System.Threading.Tasks.Task`1[Volo.Abp.Content.IRemoteStreamContent] GetAsync(ZQH.Abp.OssManagement.GetPublicFileInput)
2024-10-29 09:08:27 [WRN] [Volo.Abp.AspNetCore.Mvc.AspNetCoreApiDescriptionModelProvider] [15700] [61] - Controller 'PrivateFiles' contains more than one action with name 'GetAsyncByInput' for module 'oss-management'. Ignored: System.Threading.Tasks.Task`1[Volo.Abp.Content.IRemoteStreamContent] GetAsync(ZQH.Abp.OssManagement.GetPublicFileInput)
2024-10-29 09:08:27 [WRN] [Volo.Abp.AspNetCore.Mvc.AspNetCoreApiDescriptionModelProvider] [15700] [61] - Controller 'PrivateFiles' contains more than one action with name 'GetAsyncByInput' for module 'oss-management'. Ignored: System.Threading.Tasks.Task`1[Volo.Abp.Content.IRemoteStreamContent] GetAsync(ZQH.Abp.OssManagement.GetPublicFileInput)
2024-10-29 09:08:27 [WRN] [Volo.Abp.AspNetCore.Mvc.AspNetCoreApiDescriptionModelProvider] [15700] [61] - Controller 'PrivateFiles' contains more than one action with name 'GetAsyncByInput' for module 'oss-management'. Ignored: System.Threading.Tasks.Task`1[Volo.Abp.Content.IRemoteStreamContent] GetAsync(ZQH.Abp.OssManagement.GetPublicFileInput)
2024-10-29 09:08:27 [WRN] [Volo.Abp.AspNetCore.Mvc.AspNetCoreApiDescriptionModelProvider] [15700] [61] - Controller 'PublicFiles' contains more than one action with name 'UploadAsyncByInput' for module 'oss-management'. Ignored: System.Threading.Tasks.Task UploadAsync(ZQH.Abp.OssManagement.UploadFileChunkInput)
2024-10-29 09:08:27 [WRN] [Volo.Abp.AspNetCore.Mvc.AspNetCoreApiDescriptionModelProvider] [15700] [61] - Controller 'PublicFiles' contains more than one action with name 'GetAsyncByInput' for module 'oss-management'. Ignored: System.Threading.Tasks.Task`1[Volo.Abp.Content.IRemoteStreamContent] GetAsync(ZQH.Abp.OssManagement.GetPublicFileInput)
2024-10-29 09:08:27 [WRN] [Volo.Abp.AspNetCore.Mvc.AspNetCoreApiDescriptionModelProvider] [15700] [61] - Controller 'PublicFiles' contains more than one action with name 'GetAsyncByInput' for module 'oss-management'. Ignored: System.Threading.Tasks.Task`1[Volo.Abp.Content.IRemoteStreamContent] GetAsync(ZQH.Abp.OssManagement.GetPublicFileInput)
2024-10-29 09:08:27 [WRN] [Volo.Abp.AspNetCore.Mvc.AspNetCoreApiDescriptionModelProvider] [15700] [61] - Controller 'PublicFiles' contains more than one action with name 'GetAsyncByInput' for module 'oss-management'. Ignored: System.Threading.Tasks.Task`1[Volo.Abp.Content.IRemoteStreamContent] GetAsync(ZQH.Abp.OssManagement.GetPublicFileInput)
2024-10-29 09:08:27 [WRN] [Volo.Abp.AspNetCore.Mvc.AspNetCoreApiDescriptionModelProvider] [15700] [61] - Controller 'PublicFiles' contains more than one action with name 'GetAsyncByInput' for module 'oss-management'. Ignored: System.Threading.Tasks.Task`1[Volo.Abp.Content.IRemoteStreamContent] GetAsync(ZQH.Abp.OssManagement.GetPublicFileInput)
2024-10-29 09:08:27 [WRN] [Volo.Abp.AspNetCore.Mvc.AspNetCoreApiDescriptionModelProvider] [15700] [61] - Controller 'PublicFiles' contains more than one action with name 'GetAsyncByInput' for module 'oss-management'. Ignored: System.Threading.Tasks.Task`1[Volo.Abp.Content.IRemoteStreamContent] GetAsync(ZQH.Abp.OssManagement.GetPublicFileInput)
2024-10-29 09:08:27 [WRN] [Volo.Abp.AspNetCore.Mvc.AspNetCoreApiDescriptionModelProvider] [15700] [61] - Controller 'PublicFiles' contains more than one action with name 'GetAsyncByInput' for module 'oss-management'. Ignored: System.Threading.Tasks.Task`1[Volo.Abp.Content.IRemoteStreamContent] GetAsync(ZQH.Abp.OssManagement.GetPublicFileInput)
2024-10-29 09:08:27 [WRN] [Volo.Abp.AspNetCore.Mvc.AspNetCoreApiDescriptionModelProvider] [15700] [61] - Controller 'PublicFiles' contains more than one action with name 'GetAsyncByInput' for module 'oss-management'. Ignored: System.Threading.Tasks.Task`1[Volo.Abp.Content.IRemoteStreamContent] GetAsync(ZQH.Abp.OssManagement.GetPublicFileInput)
2024-10-29 09:08:27 [WRN] [Volo.Abp.AspNetCore.Mvc.AspNetCoreApiDescriptionModelProvider] [15700] [61] - Controller 'StaticFiles' contains more than one action with name 'GetAsyncByInput' for module 'oss-management'. Ignored: System.Threading.Tasks.Task`1[Volo.Abp.Content.IRemoteStreamContent] GetAsync(ZQH.Abp.OssManagement.GetStaticFileInput)
2024-10-29 09:08:27 [WRN] [Volo.Abp.AspNetCore.Mvc.AspNetCoreApiDescriptionModelProvider] [15700] [61] - Controller 'StaticFiles' contains more than one action with name 'GetAsyncByInput' for module 'oss-management'. Ignored: System.Threading.Tasks.Task`1[Volo.Abp.Content.IRemoteStreamContent] GetAsync(ZQH.Abp.OssManagement.GetStaticFileInput)
2024-10-29 09:08:27 [WRN] [Volo.Abp.AspNetCore.Mvc.AspNetCoreApiDescriptionModelProvider] [15700] [61] - Controller 'StaticFiles' contains more than one action with name 'GetAsyncByInput' for module 'oss-management'. Ignored: System.Threading.Tasks.Task`1[Volo.Abp.Content.IRemoteStreamContent] GetAsync(ZQH.Abp.OssManagement.GetStaticFileInput)
2024-10-29 09:08:27 [WRN] [Volo.Abp.AspNetCore.Mvc.AspNetCoreApiDescriptionModelProvider] [15700] [61] - Controller 'StaticFiles' contains more than one action with name 'GetAsyncByInput' for module 'oss-management'. Ignored: System.Threading.Tasks.Task`1[Volo.Abp.Content.IRemoteStreamContent] GetAsync(ZQH.Abp.OssManagement.GetStaticFileInput)
2024-10-29 09:08:27 [WRN] [Volo.Abp.AspNetCore.Mvc.AspNetCoreApiDescriptionModelProvider] [15700] [61] - Controller 'StaticFiles' contains more than one action with name 'GetAsyncByInput' for module 'oss-management'. Ignored: System.Threading.Tasks.Task`1[Volo.Abp.Content.IRemoteStreamContent] GetAsync(ZQH.Abp.OssManagement.GetStaticFileInput)
2024-10-29 09:08:27 [WRN] [Volo.Abp.AspNetCore.Mvc.AspNetCoreApiDescriptionModelProvider] [15700] [61] - Controller 'StaticFiles' contains more than one action with name 'GetAsyncByInput' for module 'oss-management'. Ignored: System.Threading.Tasks.Task`1[Volo.Abp.Content.IRemoteStreamContent] GetAsync(ZQH.Abp.OssManagement.GetStaticFileInput)
2024-10-29 09:08:27 [WRN] [Volo.Abp.AspNetCore.Mvc.AspNetCoreApiDescriptionModelProvider] [15700] [61] - Controller 'StaticFiles' contains more than one action with name 'GetAsyncByInput' for module 'oss-management'. Ignored: System.Threading.Tasks.Task`1[Volo.Abp.Content.IRemoteStreamContent] GetAsync(ZQH.Abp.OssManagement.GetStaticFileInput)
2024-10-29 09:08:27 [WRN] [Volo.Abp.AspNetCore.Mvc.AspNetCoreApiDescriptionModelProvider] [15700] [61] - Controller 'Package' contains more than one action with name 'GetLatestAsyncByInput' for module 'platform'. Ignored: System.Threading.Tasks.Task`1[ZQH.Platform.Packages.PackageDto] GetLatestAsync(ZQH.Platform.Packages.PackageGetLatestInput)
2024-10-29 09:38:46 [WRN] [Microsoft.AspNetCore.Http.ResponseCookies] [15700] [24] - The cookie 'XSRF-TOKEN' has set 'SameSite=None' and must also set 'Secure'.
2024-10-29 09:38:54 [WRN] [Volo.Abp.AspNetCore.Mvc.AspNetCoreApiDescriptionModelProvider] [15700] [62] - Controller 'PrivateFiles' contains more than one action with name 'UploadAsyncByInput' for module 'oss-management'. Ignored: System.Threading.Tasks.Task UploadAsync(ZQH.Abp.OssManagement.UploadFileChunkInput)
2024-10-29 09:38:54 [WRN] [Volo.Abp.AspNetCore.Mvc.AspNetCoreApiDescriptionModelProvider] [15700] [62] - Controller 'PrivateFiles' contains more than one action with name 'GetAsyncByInput' for module 'oss-management'. Ignored: System.Threading.Tasks.Task`1[Volo.Abp.Content.IRemoteStreamContent] GetAsync(ZQH.Abp.OssManagement.GetPublicFileInput)
2024-10-29 09:38:54 [WRN] [Volo.Abp.AspNetCore.Mvc.AspNetCoreApiDescriptionModelProvider] [15700] [62] - Controller 'PrivateFiles' contains more than one action with name 'GetAsyncByInput' for module 'oss-management'. Ignored: System.Threading.Tasks.Task`1[Volo.Abp.Content.IRemoteStreamContent] GetAsync(ZQH.Abp.OssManagement.GetPublicFileInput)
2024-10-29 09:38:54 [WRN] [Volo.Abp.AspNetCore.Mvc.AspNetCoreApiDescriptionModelProvider] [15700] [62] - Controller 'PrivateFiles' contains more than one action with name 'GetAsyncByInput' for module 'oss-management'. Ignored: System.Threading.Tasks.Task`1[Volo.Abp.Content.IRemoteStreamContent] GetAsync(ZQH.Abp.OssManagement.GetPublicFileInput)
2024-10-29 09:38:54 [WRN] [Volo.Abp.AspNetCore.Mvc.AspNetCoreApiDescriptionModelProvider] [15700] [62] - Controller 'PrivateFiles' contains more than one action with name 'GetAsyncByInput' for module 'oss-management'. Ignored: System.Threading.Tasks.Task`1[Volo.Abp.Content.IRemoteStreamContent] GetAsync(ZQH.Abp.OssManagement.GetPublicFileInput)
2024-10-29 09:38:54 [WRN] [Volo.Abp.AspNetCore.Mvc.AspNetCoreApiDescriptionModelProvider] [15700] [62] - Controller 'PrivateFiles' contains more than one action with name 'GetAsyncByInput' for module 'oss-management'. Ignored: System.Threading.Tasks.Task`1[Volo.Abp.Content.IRemoteStreamContent] GetAsync(ZQH.Abp.OssManagement.GetPublicFileInput)
2024-10-29 09:38:54 [WRN] [Volo.Abp.AspNetCore.Mvc.AspNetCoreApiDescriptionModelProvider] [15700] [62] - Controller 'PrivateFiles' contains more than one action with name 'GetAsyncByInput' for module 'oss-management'. Ignored: System.Threading.Tasks.Task`1[Volo.Abp.Content.IRemoteStreamContent] GetAsync(ZQH.Abp.OssManagement.GetPublicFileInput)
2024-10-29 09:38:54 [WRN] [Volo.Abp.AspNetCore.Mvc.AspNetCoreApiDescriptionModelProvider] [15700] [62] - Controller 'PrivateFiles' contains more than one action with name 'GetAsyncByInput' for module 'oss-management'. Ignored: System.Threading.Tasks.Task`1[Volo.Abp.Content.IRemoteStreamContent] GetAsync(ZQH.Abp.OssManagement.GetPublicFileInput)
2024-10-29 09:38:54 [WRN] [Volo.Abp.AspNetCore.Mvc.AspNetCoreApiDescriptionModelProvider] [15700] [62] - Controller 'PublicFiles' contains more than one action with name 'UploadAsyncByInput' for module 'oss-management'. Ignored: System.Threading.Tasks.Task UploadAsync(ZQH.Abp.OssManagement.UploadFileChunkInput)
2024-10-29 09:38:54 [WRN] [Volo.Abp.AspNetCore.Mvc.AspNetCoreApiDescriptionModelProvider] [15700] [62] - Controller 'PublicFiles' contains more than one action with name 'GetAsyncByInput' for module 'oss-management'. Ignored: System.Threading.Tasks.Task`1[Volo.Abp.Content.IRemoteStreamContent] GetAsync(ZQH.Abp.OssManagement.GetPublicFileInput)
2024-10-29 09:38:54 [WRN] [Volo.Abp.AspNetCore.Mvc.AspNetCoreApiDescriptionModelProvider] [15700] [62] - Controller 'PublicFiles' contains more than one action with name 'GetAsyncByInput' for module 'oss-management'. Ignored: System.Threading.Tasks.Task`1[Volo.Abp.Content.IRemoteStreamContent] GetAsync(ZQH.Abp.OssManagement.GetPublicFileInput)
2024-10-29 09:38:54 [WRN] [Volo.Abp.AspNetCore.Mvc.AspNetCoreApiDescriptionModelProvider] [15700] [62] - Controller 'PublicFiles' contains more than one action with name 'GetAsyncByInput' for module 'oss-management'. Ignored: System.Threading.Tasks.Task`1[Volo.Abp.Content.IRemoteStreamContent] GetAsync(ZQH.Abp.OssManagement.GetPublicFileInput)
2024-10-29 09:38:54 [WRN] [Volo.Abp.AspNetCore.Mvc.AspNetCoreApiDescriptionModelProvider] [15700] [62] - Controller 'PublicFiles' contains more than one action with name 'GetAsyncByInput' for module 'oss-management'. Ignored: System.Threading.Tasks.Task`1[Volo.Abp.Content.IRemoteStreamContent] GetAsync(ZQH.Abp.OssManagement.GetPublicFileInput)
2024-10-29 09:38:54 [WRN] [Volo.Abp.AspNetCore.Mvc.AspNetCoreApiDescriptionModelProvider] [15700] [62] - Controller 'PublicFiles' contains more than one action with name 'GetAsyncByInput' for module 'oss-management'. Ignored: System.Threading.Tasks.Task`1[Volo.Abp.Content.IRemoteStreamContent] GetAsync(ZQH.Abp.OssManagement.GetPublicFileInput)
2024-10-29 09:38:54 [WRN] [Volo.Abp.AspNetCore.Mvc.AspNetCoreApiDescriptionModelProvider] [15700] [62] - Controller 'PublicFiles' contains more than one action with name 'GetAsyncByInput' for module 'oss-management'. Ignored: System.Threading.Tasks.Task`1[Volo.Abp.Content.IRemoteStreamContent] GetAsync(ZQH.Abp.OssManagement.GetPublicFileInput)
2024-10-29 09:38:54 [WRN] [Volo.Abp.AspNetCore.Mvc.AspNetCoreApiDescriptionModelProvider] [15700] [62] - Controller 'PublicFiles' contains more than one action with name 'GetAsyncByInput' for module 'oss-management'. Ignored: System.Threading.Tasks.Task`1[Volo.Abp.Content.IRemoteStreamContent] GetAsync(ZQH.Abp.OssManagement.GetPublicFileInput)
2024-10-29 09:38:54 [WRN] [Volo.Abp.AspNetCore.Mvc.AspNetCoreApiDescriptionModelProvider] [15700] [62] - Controller 'StaticFiles' contains more than one action with name 'GetAsyncByInput' for module 'oss-management'. Ignored: System.Threading.Tasks.Task`1[Volo.Abp.Content.IRemoteStreamContent] GetAsync(ZQH.Abp.OssManagement.GetStaticFileInput)
2024-10-29 09:38:54 [WRN] [Volo.Abp.AspNetCore.Mvc.AspNetCoreApiDescriptionModelProvider] [15700] [62] - Controller 'StaticFiles' contains more than one action with name 'GetAsyncByInput' for module 'oss-management'. Ignored: System.Threading.Tasks.Task`1[Volo.Abp.Content.IRemoteStreamContent] GetAsync(ZQH.Abp.OssManagement.GetStaticFileInput)
2024-10-29 09:38:54 [WRN] [Volo.Abp.AspNetCore.Mvc.AspNetCoreApiDescriptionModelProvider] [15700] [62] - Controller 'StaticFiles' contains more than one action with name 'GetAsyncByInput' for module 'oss-management'. Ignored: System.Threading.Tasks.Task`1[Volo.Abp.Content.IRemoteStreamContent] GetAsync(ZQH.Abp.OssManagement.GetStaticFileInput)
2024-10-29 09:38:54 [WRN] [Volo.Abp.AspNetCore.Mvc.AspNetCoreApiDescriptionModelProvider] [15700] [62] - Controller 'StaticFiles' contains more than one action with name 'GetAsyncByInput' for module 'oss-management'. Ignored: System.Threading.Tasks.Task`1[Volo.Abp.Content.IRemoteStreamContent] GetAsync(ZQH.Abp.OssManagement.GetStaticFileInput)
2024-10-29 09:38:54 [WRN] [Volo.Abp.AspNetCore.Mvc.AspNetCoreApiDescriptionModelProvider] [15700] [62] - Controller 'StaticFiles' contains more than one action with name 'GetAsyncByInput' for module 'oss-management'. Ignored: System.Threading.Tasks.Task`1[Volo.Abp.Content.IRemoteStreamContent] GetAsync(ZQH.Abp.OssManagement.GetStaticFileInput)
2024-10-29 09:38:54 [WRN] [Volo.Abp.AspNetCore.Mvc.AspNetCoreApiDescriptionModelProvider] [15700] [62] - Controller 'StaticFiles' contains more than one action with name 'GetAsyncByInput' for module 'oss-management'. Ignored: System.Threading.Tasks.Task`1[Volo.Abp.Content.IRemoteStreamContent] GetAsync(ZQH.Abp.OssManagement.GetStaticFileInput)
2024-10-29 09:38:54 [WRN] [Volo.Abp.AspNetCore.Mvc.AspNetCoreApiDescriptionModelProvider] [15700] [62] - Controller 'StaticFiles' contains more than one action with name 'GetAsyncByInput' for module 'oss-management'. Ignored: System.Threading.Tasks.Task`1[Volo.Abp.Content.IRemoteStreamContent] GetAsync(ZQH.Abp.OssManagement.GetStaticFileInput)
2024-10-29 09:38:54 [WRN] [Volo.Abp.AspNetCore.Mvc.AspNetCoreApiDescriptionModelProvider] [15700] [62] - Controller 'Package' contains more than one action with name 'GetLatestAsyncByInput' for module 'platform'. Ignored: System.Threading.Tasks.Task`1[ZQH.Platform.Packages.PackageDto] GetLatestAsync(ZQH.Platform.Packages.PackageGetLatestInput)
2024-10-29 14:18:25 [WRN] [DotNetCore.CAP.Internal.ConsumerRegister] [15700] [40] - RabbitMQ consumer cancelled. --> amq.ctag-g33GCrx6Uo_L-9kOaXVywg
2024-10-29 14:18:25 [WRN] [DotNetCore.CAP.Internal.ConsumerRegister] [15700] [40] - RabbitMQ consumer shutdown. --> Unexpected Exception: Unable to read data from the transport connection: 远程主机强迫关闭了一个现有的连接。.
2024-10-29 14:18:25 [WRN] [DotNetCore.CAP.Internal.ConsumerRegister] [15700] [40] - RabbitMQ consumer cancelled. --> amq.ctag-Jhx_53W3Axc9F1ZHOZ1sow
2024-10-29 14:18:25 [WRN] [DotNetCore.CAP.Internal.ConsumerRegister] [15700] [40] - RabbitMQ consumer shutdown. --> Unexpected Exception: Unable to read data from the transport connection: 远程主机强迫关闭了一个现有的连接。.
2024-10-29 19:51:58 [WRN] [DotNetCore.CAP.Internal.ConsumerRegister] [15700] [79] - RabbitMQ consumer cancelled. --> amq.ctag-g33GCrx6Uo_L-9kOaXVywg
2024-10-29 19:52:01 [WRN] [DotNetCore.CAP.Internal.ConsumerRegister] [15700] [79] - RabbitMQ consumer shutdown. --> Unexpected Exception: Unable to read data from the transport connection: 远程主机强迫关闭了一个现有的连接。.
2024-10-29 19:52:06 [WRN] [DotNetCore.CAP.Processor.TransportCheckProcessor] [15700] [31] - Transport connection is unhealthy, reconnection...
2024-10-29 19:52:06 [WRN] [DotNetCore.CAP.Internal.ConsumerRegister] [15700] [79] - RabbitMQ consumer cancelled. --> amq.ctag-Jhx_53W3Axc9F1ZHOZ1sow
2024-10-29 19:52:07 [WRN] [DotNetCore.CAP.Internal.ConsumerRegister] [15700] [79] - RabbitMQ consumer shutdown. --> Unexpected Exception: Unable to read data from the transport connection: 远程主机强迫关闭了一个现有的连接。.
2024-10-29 23:47:12 [WRN] [DotNetCore.CAP.Internal.ConsumerRegister] [15700] [48] - RabbitMQ consumer cancelled. --> amq.ctag-UMLcKrWRFChZ-TvBgELRLw
2024-10-29 23:47:16 [WRN] [DotNetCore.CAP.Internal.ConsumerRegister] [15700] [48] - RabbitMQ consumer shutdown. --> Unexpected Exception: Unable to read data from the transport connection: 远程主机强迫关闭了一个现有的连接。.
