2024-11-11 00:26:15 [WRN] [DotNetCore.CAP.Internal.ConsumerRegister] [15700] [35] - RabbitMQ consumer cancelled. --> amq.ctag-zJ3Phy1Kw4k0-RFAyoYhdg
2024-11-11 00:26:15 [WRN] [DotNetCore.CAP.Internal.ConsumerRegister] [15700] [35] - RabbitMQ consumer shutdown. --> Unexpected Exception: Unable to read data from the transport connection: 远程主机强迫关闭了一个现有的连接。.
2024-11-11 00:26:18 [WRN] [DotNetCore.CAP.Internal.ConsumerRegister] [15700] [35] - RabbitMQ consumer cancelled. --> amq.ctag-wmtP5v62NsCv6gw46LORfQ
2024-11-11 00:26:18 [WRN] [DotNetCore.CAP.Internal.ConsumerRegister] [15700] [35] - RabbitMQ consumer shutdown. --> Unexpected Exception: Unable to read data from the transport connection: 远程主机强迫关闭了一个现有的连接。.
2024-11-11 00:26:19 [WRN] [DotNetCore.CAP.Processor.TransportCheckProcessor] [15700] [70] - Transport connection is unhealthy, reconnection...
2024-11-11 02:18:00 [WRN] [DotNetCore.CAP.Internal.ConsumerRegister] [15700] [160] - RabbitMQ consumer cancelled. --> amq.ctag-l9T8c8kRWk0gR90vV8Se_A
2024-11-11 02:18:01 [WRN] [DotNetCore.CAP.Internal.ConsumerRegister] [15700] [160] - RabbitMQ consumer shutdown. --> Unexpected Exception: Unable to read data from the transport connection: 远程主机强迫关闭了一个现有的连接。.
2024-11-11 02:18:01 [WRN] [DotNetCore.CAP.Internal.ConsumerRegister] [15700] [160] - RabbitMQ consumer cancelled. --> amq.ctag-HnT5xNQBcDfQXwhd2wpqmA
2024-11-11 02:18:01 [WRN] [DotNetCore.CAP.Internal.ConsumerRegister] [15700] [160] - RabbitMQ consumer shutdown. --> Unexpected Exception: Unable to read data from the transport connection: 远程主机强迫关闭了一个现有的连接。.
2024-11-11 05:39:17 [WRN] [DotNetCore.CAP.Internal.ConsumerRegister] [15700] [107] - RabbitMQ consumer cancelled. --> amq.ctag-l9T8c8kRWk0gR90vV8Se_A
2024-11-11 05:39:24 [WRN] [DotNetCore.CAP.Internal.ConsumerRegister] [15700] [107] - RabbitMQ consumer shutdown. --> Unexpected Exception: Unable to read data from the transport connection: 远程主机强迫关闭了一个现有的连接。.
2024-11-11 05:39:24 [WRN] [DotNetCore.CAP.Internal.ConsumerRegister] [15700] [107] - RabbitMQ consumer cancelled. --> amq.ctag-HnT5xNQBcDfQXwhd2wpqmA
2024-11-11 05:39:24 [WRN] [DotNetCore.CAP.Internal.ConsumerRegister] [15700] [107] - RabbitMQ consumer shutdown. --> Unexpected Exception: Unable to read data from the transport connection: 远程主机强迫关闭了一个现有的连接。.
2024-11-11 16:39:43 [WRN] [DotNetCore.CAP.Internal.ConsumerRegister] [15700] [47] - RabbitMQ consumer cancelled. --> amq.ctag-l9T8c8kRWk0gR90vV8Se_A
2024-11-11 16:39:44 [WRN] [DotNetCore.CAP.Internal.ConsumerRegister] [15700] [47] - RabbitMQ consumer shutdown. --> Unexpected Exception: Unable to read data from the transport connection: 远程主机强迫关闭了一个现有的连接。.
2024-11-11 16:39:44 [WRN] [DotNetCore.CAP.Internal.ConsumerRegister] [15700] [47] - RabbitMQ consumer cancelled. --> amq.ctag-HnT5xNQBcDfQXwhd2wpqmA
2024-11-11 16:39:44 [WRN] [DotNetCore.CAP.Internal.ConsumerRegister] [15700] [47] - RabbitMQ consumer shutdown. --> Unexpected Exception: Unable to read data from the transport connection: 远程主机强迫关闭了一个现有的连接。.
2024-11-11 18:06:44 [WRN] [DotNetCore.CAP.Internal.ConsumerRegister] [15700] [102] - RabbitMQ consumer cancelled. --> amq.ctag-l9T8c8kRWk0gR90vV8Se_A
2024-11-11 18:06:49 [WRN] [DotNetCore.CAP.Internal.ConsumerRegister] [15700] [102] - RabbitMQ consumer shutdown. --> Unexpected Exception: Unable to read data from the transport connection: 远程主机强迫关闭了一个现有的连接。.
2024-11-11 18:06:49 [WRN] [DotNetCore.CAP.Processor.TransportCheckProcessor] [15700] [102] - Transport connection is unhealthy, reconnection...
2024-11-11 18:07:03 [WRN] [DotNetCore.CAP.Internal.ConsumerRegister] [15700] [152] - RabbitMQ consumer cancelled. --> amq.ctag-HnT5xNQBcDfQXwhd2wpqmA
2024-11-11 18:19:12 [WRN] [DotNetCore.CAP.Internal.ConsumerRegister] [15700] [152] - RabbitMQ consumer shutdown. --> Unexpected Exception: Unable to read data from the transport connection: 远程主机强迫关闭了一个现有的连接。.
2024-11-11 18:19:13 [ERR] [DotNetCore.CAP.Internal.ConsumerRegister] [15700] [102] - Broker Unreachable
DotNetCore.CAP.BrokerConnectionException: Broker Unreachable
 ---> RabbitMQ.Client.Exceptions.BrokerUnreachableException: None of the specified endpoints were reachable
 ---> RabbitMQ.Client.Exceptions.PossibleAuthenticationFailureException: Possibly caused by authentication failure
 ---> RabbitMQ.Client.Exceptions.OperationInterruptedException: The AMQP operation was interrupted: AMQP close-reason, initiated by Library, code=541, text='Unexpected Exception: Unable to read data from the transport connection: 远程主机强迫关闭了一个现有的连接。.', classId=0, methodId=0, exception=System.IO.IOException: Unable to read data from the transport connection: 远程主机强迫关闭了一个现有的连接。.
 ---> System.Net.Sockets.SocketException (10054): 远程主机强迫关闭了一个现有的连接。
   at System.Net.Sockets.NetworkStream.Read(Byte[] buffer, Int32 offset, Int32 count)
   --- End of inner exception stack trace ---
   at System.Net.Sockets.NetworkStream.Read(Byte[] buffer, Int32 offset, Int32 count)
   at RabbitMQ.Client.Impl.InboundFrame.ReadFrom(Stream reader, Byte[] frameHeaderBuffer, ArrayPool`1 pool, UInt32 maxMessageSize)
   at RabbitMQ.Client.Framing.Impl.Connection.MainLoopIteration()
   at RabbitMQ.Client.Framing.Impl.Connection.MainLoop()
   at RabbitMQ.Client.Impl.SimpleBlockingRpcContinuation.GetReply(TimeSpan timeout)
   at RabbitMQ.Client.Impl.ModelBase.ConnectionStartOk(IDictionary`2 clientProperties, String mechanism, Byte[] response, String locale)
   at RabbitMQ.Client.Framing.Impl.Connection.StartAndTune()
   --- End of inner exception stack trace ---
   at RabbitMQ.Client.Framing.Impl.Connection.StartAndTune()
   at RabbitMQ.Client.Framing.Impl.Connection.Open(Boolean insist)
   at RabbitMQ.Client.Framing.Impl.Connection..ctor(IConnectionFactory factory, Boolean insist, IFrameHandler frameHandler, String clientProvidedName)
   at RabbitMQ.Client.Framing.Impl.Connection..ctor(IConnectionFactory factory, Boolean insist, IFrameHandler frameHandler, ArrayPool`1 memoryPool, String clientProvidedName)
   at RabbitMQ.Client.Framing.Impl.AutorecoveringConnection.Init(IFrameHandler fh)
   at RabbitMQ.Client.Framing.Impl.AutorecoveringConnection.Init(IEndpointResolver endpoints)
   at RabbitMQ.Client.ConnectionFactory.CreateConnection(IEndpointResolver endpointResolver, String clientProvidedName)
   --- End of inner exception stack trace ---
   at RabbitMQ.Client.ConnectionFactory.CreateConnection(IEndpointResolver endpointResolver, String clientProvidedName)
   at RabbitMQ.Client.ConnectionFactory.CreateConnection(String clientProvidedName)
   at DotNetCore.CAP.RabbitMQ.ConnectionChannelPool.GetConnection()
   at DotNetCore.CAP.RabbitMQ.RabbitMQConsumerClient.Connect()
   at DotNetCore.CAP.RabbitMQ.RabbitMQConsumerClientFactory.Create(String groupId, Byte concurrent)
   --- End of inner exception stack trace ---
   at DotNetCore.CAP.RabbitMQ.RabbitMQConsumerClientFactory.Create(String groupId, Byte concurrent)
   at DotNetCore.CAP.Internal.ConsumerRegister.Execute()
2024-11-11 18:19:45 [WRN] [DotNetCore.CAP.Processor.TransportCheckProcessor] [15700] [10] - Transport connection is unhealthy, reconnection...
