2024-10-29 23:47:13 [WRN] [DotNetCore.CAP.Internal.ConsumerRegister] [1976] [250] - RabbitMQ consumer cancelled. --> amq.ctag-edPjh2UZyqC7FSm96nDuxg
2024-10-30 04:30:05 [WRN] [DotNetCore.CAP.Internal.ConsumerRegister] [1976] [250] - RabbitMQ consumer shutdown. --> Unexpected Exception: Unable to read data from the transport connection: 远程主机强迫关闭了一个现有的连接。.
2024-10-30 04:30:06 [WRN] [DotNetCore.CAP.Internal.ConsumerRegister] [1976] [251] - RabbitMQ consumer cancelled. --> amq.ctag-PAfDFFb3aUISy1hlTO5bXA
2024-10-30 04:30:07 [WRN] [DotNetCore.CAP.Internal.ConsumerRegister] [1976] [251] - RabbitMQ consumer shutdown. --> Unexpected Exception: Unable to read data from the transport connection: 远程主机强迫关闭了一个现有的连接。.
2024-10-30 04:30:10 [WRN] [DotNetCore.CAP.Processor.TransportCheckProcessor] [1976] [222] - Transport connection is unhealthy, reconnection...
2024-10-30 04:30:11 [INF] [ZQH.Abp.BackgroundTasks.Internal.JobExecutedEvent] [1976] [222] - Job Default:Polling-Polling before event with JobExecutedEvent executing.
2024-10-30 04:30:11 [INF] [ZQH.Abp.BackgroundTasks.Internal.JobExecutedEvent] [1976] [222] - Job Default:Polling-Polling before event with JobExecutedEvent was executed.
2024-10-30 04:30:11 [INF] [ZQH.Abp.BackgroundTasks.Internal.JobExecutedEvent] [1976] [177] - Job Default:Cleaning-Cleaning before event with JobExecutedEvent executing.
2024-10-30 04:30:11 [WRN] [ZQH.Abp.BackgroundTasks.Quartz.QuartzJobListener] [1976] [251] - The task BackgroundPollingJob could not be performed, Because it is being scheduled by another job scheduler
2024-10-30 04:30:11 [INF] [ZQH.Abp.BackgroundTasks.Internal.JobLogEvent] [1976] [222] - Job Default:Polling-Polling before event with JobLogEvent executing.
2024-10-30 04:30:11 [INF] [ZQH.Abp.BackgroundTasks.Internal.JobExecutedEvent] [1976] [250] - Job Default:Checking-Checking before event with JobExecutedEvent executing.
2024-10-30 04:30:11 [INF] [ZQH.Abp.BackgroundTasks.Internal.JobExecutedEvent] [1976] [177] - Job Default:Cleaning-Cleaning before event with JobExecutedEvent was executed.
2024-10-30 04:30:11 [INF] [ZQH.Abp.BackgroundTasks.Internal.JobLogEvent] [1976] [222] - Job Default:Polling-Polling before event with JobLogEvent was executed.
2024-10-30 04:30:11 [INF] [ZQH.Abp.BackgroundTasks.Internal.JobExecutedEvent] [1976] [250] - Job Default:Checking-Checking before event with JobExecutedEvent was executed.
2024-10-30 04:30:11 [INF] [ZQH.Abp.BackgroundTasks.Internal.JobLogEvent] [1976] [177] - Job Default:Cleaning-Cleaning before event with JobLogEvent executing.
2024-10-30 04:30:11 [INF] [ZQH.Abp.BackgroundTasks.Activities.JobActionEvent] [1976] [222] - Job Default:Polling-Polling before event with JobActionEvent executing.
2024-10-30 04:30:11 [INF] [ZQH.Abp.BackgroundTasks.Activities.JobActionEvent] [1976] [222] - Job Default:Polling-Polling before event with JobActionEvent was executed.
2024-10-30 04:30:11 [INF] [ZQH.Abp.BackgroundTasks.Internal.JobLogEvent] [1976] [177] - Job Default:Cleaning-Cleaning before event with JobLogEvent was executed.
2024-10-30 04:30:11 [INF] [ZQH.Abp.BackgroundTasks.Internal.JobLogEvent] [1976] [250] - Job Default:Checking-Checking before event with JobLogEvent executing.
2024-10-30 04:30:11 [INF] [ZQH.Abp.BackgroundTasks.Activities.JobActionEvent] [1976] [177] - Job Default:Cleaning-Cleaning before event with JobActionEvent executing.
2024-10-30 04:30:11 [INF] [ZQH.Abp.BackgroundTasks.Internal.JobLogEvent] [1976] [250] - Job Default:Checking-Checking before event with JobLogEvent was executed.
2024-10-30 04:30:11 [INF] [ZQH.Abp.BackgroundTasks.Activities.JobActionEvent] [1976] [177] - Job Default:Cleaning-Cleaning before event with JobActionEvent was executed.
2024-10-30 04:30:11 [INF] [ZQH.Abp.BackgroundTasks.Activities.JobActionEvent] [1976] [250] - Job Default:Checking-Checking before event with JobActionEvent executing.
2024-10-30 04:30:11 [INF] [ZQH.Abp.BackgroundTasks.Activities.JobActionEvent] [1976] [250] - Job Default:Checking-Checking before event with JobActionEvent was executed.
2024-10-30 04:30:12 [INF] [Microsoft.EntityFrameworkCore.Database.Command] [1976] [222] - Executed DbCommand (76ms) [Parameters=[@__ef_filter__p_0='?' (DbType = Boolean), @__p_1='?' (DbType = Int32)], CommandType='"Text"', CommandTimeout='30']
SELECT `t`.`Id`, `t`.`Args`, `t`.`BeginTime`, `t`.`ConcurrencyStamp`, `t`.`CreationTime`, `t`.`CreatorId`, `t`.`Cron`, `t`.`Description`, `t`.`EndTime`, `t`.`ExtraProperties`, `t`.`Group`, `t`.`Interval`, `t`.`IsAbandoned`, `t`.`IsEnabled`, `t`.`JobType`, `t`.`LastModificationTime`, `t`.`LastModifierId`, `t`.`LastRunTime`, `t`.`LockTimeOut`, `t`.`MaxCount`, `t`.`MaxTryCount`, `t`.`Name`, `t`.`NextRunTime`, `t`.`NodeName`, `t`.`Priority`, `t`.`Result`, `t`.`Source`, `t`.`Status`, `t`.`TenantId`, `t`.`TriggerCount`, `t`.`TryCount`, `t`.`Type`
FROM `TK_BackgroundJobs` AS `t`
WHERE (@__ef_filter__p_0 OR (`t`.`TenantId` IS NULL)) AND (((`t`.`IsEnabled` AND NOT (`t`.`IsAbandoned`)) AND ((`t`.`JobType` <> 1) AND `t`.`Status` IN (5, 15))) AND (((`t`.`MaxCount` = 0) OR (`t`.`TriggerCount` < `t`.`MaxCount`)) OR ((`t`.`MaxTryCount` = 0) OR (`t`.`TryCount` < `t`.`MaxTryCount`))))
ORDER BY `t`.`Priority` DESC, `t`.`TryCount`, `t`.`NextRunTime`
LIMIT @__p_1
2024-10-30 04:30:12 [INF] [Microsoft.EntityFrameworkCore.Database.Command] [1976] [251] - Executed DbCommand (103ms) [Parameters=[@__ef_filter__p_0='?' (DbType = Boolean), @__expiratime_0='?' (DbType = DateTime), @__p_1='?' (DbType = Int32)], CommandType='"Text"', CommandTimeout='30']
SELECT `t`.`Id`, `t`.`Args`, `t`.`BeginTime`, `t`.`ConcurrencyStamp`, `t`.`CreationTime`, `t`.`CreatorId`, `t`.`Cron`, `t`.`Description`, `t`.`EndTime`, `t`.`ExtraProperties`, `t`.`Group`, `t`.`Interval`, `t`.`IsAbandoned`, `t`.`IsEnabled`, `t`.`JobType`, `t`.`LastModificationTime`, `t`.`LastModifierId`, `t`.`LastRunTime`, `t`.`LockTimeOut`, `t`.`MaxCount`, `t`.`MaxTryCount`, `t`.`Name`, `t`.`NextRunTime`, `t`.`NodeName`, `t`.`Priority`, `t`.`Result`, `t`.`Source`, `t`.`Status`, `t`.`TenantId`, `t`.`TriggerCount`, `t`.`TryCount`, `t`.`Type`
FROM `TK_BackgroundJobs` AS `t`
WHERE (@__ef_filter__p_0 OR (`t`.`TenantId` IS NULL)) AND ((`t`.`Status` = 0) AND (`t`.`LastRunTime` <= @__expiratime_0))
ORDER BY `t`.`CreationTime`
LIMIT @__p_1
2024-10-30 04:30:12 [INF] [Microsoft.EntityFrameworkCore.Database.Command] [1976] [250] - Executed DbCommand (84ms) [Parameters=[@__ef_filter__p_0='?' (DbType = Boolean), @__Filter_Status_Value_0='?' (DbType = Int32), @__p_2='?' (DbType = Int32), @__p_1='?' (DbType = Int32)], CommandType='"Text"', CommandTimeout='30']
SELECT `t`.`Id`, `t`.`Args`, `t`.`BeginTime`, `t`.`ConcurrencyStamp`, `t`.`CreationTime`, `t`.`CreatorId`, `t`.`Cron`, `t`.`Description`, `t`.`EndTime`, `t`.`ExtraProperties`, `t`.`Group`, `t`.`Interval`, `t`.`IsAbandoned`, `t`.`IsEnabled`, `t`.`JobType`, `t`.`LastModificationTime`, `t`.`LastModifierId`, `t`.`LastRunTime`, `t`.`LockTimeOut`, `t`.`MaxCount`, `t`.`MaxTryCount`, `t`.`Name`, `t`.`NextRunTime`, `t`.`NodeName`, `t`.`Priority`, `t`.`Result`, `t`.`Source`, `t`.`Status`, `t`.`TenantId`, `t`.`TriggerCount`, `t`.`TryCount`, `t`.`Type`
FROM `TK_BackgroundJobs` AS `t`
WHERE (@__ef_filter__p_0 OR (`t`.`TenantId` IS NULL)) AND (`t`.`Status` = @__Filter_Status_Value_0)
ORDER BY `t`.`Name`
LIMIT @__p_2 OFFSET @__p_1
2024-10-30 04:30:12 [INF] [ZQH.Abp.BackgroundTasks.Internal.JobExecutedEvent] [1976] [222] - Job Default:Polling-Polling after event with JobExecutedEvent has executing.
2024-10-30 04:30:13 [INF] [ZQH.Abp.BackgroundTasks.Internal.JobExecutedEvent] [1976] [251] - Job Default:Cleaning-Cleaning after event with JobExecutedEvent has executing.
2024-10-30 04:30:13 [INF] [ZQH.Abp.BackgroundTasks.Internal.JobLogEvent] [1976] [222] - Job Default:Polling-Polling after event with JobLogEvent has executing.
2024-10-30 04:30:13 [INF] [ZQH.Abp.BackgroundTasks.Internal.JobLogEvent] [1976] [222] - Job Default:Polling-Polling after event with JobLogEvent was executed.
2024-10-30 04:30:13 [INF] [ZQH.Abp.BackgroundTasks.Activities.JobActionEvent] [1976] [222] - Job Default:Polling-Polling after event with JobActionEvent has executing.
2024-10-30 04:30:13 [INF] [ZQH.Abp.BackgroundTasks.Internal.JobExecutedEvent] [1976] [250] - Job Default:Checking-Checking after event with JobExecutedEvent has executing.
2024-10-30 04:30:13 [INF] [ZQH.Abp.BackgroundTasks.Activities.JobActionEvent] [1976] [222] - Job Default:Polling-Polling after event with JobActionEvent was executed.
2024-10-30 04:30:13 [INF] [ZQH.Abp.BackgroundTasks.Internal.JobLogEvent] [1976] [251] - Job Default:Cleaning-Cleaning after event with JobLogEvent has executing.
2024-10-30 04:30:13 [INF] [ZQH.Abp.BackgroundTasks.Internal.JobLogEvent] [1976] [251] - Job Default:Cleaning-Cleaning after event with JobLogEvent was executed.
2024-10-30 04:30:13 [INF] [ZQH.Abp.BackgroundTasks.Activities.JobActionEvent] [1976] [251] - Job Default:Cleaning-Cleaning after event with JobActionEvent has executing.
2024-10-30 04:30:13 [INF] [Microsoft.EntityFrameworkCore.Database.Command] [1976] [280] - Executed DbCommand (204ms) [Parameters=[@__ef_filter__p_0='?' (DbType = Boolean), @__id_0='?' (Size = 255)], CommandType='"Text"', CommandTimeout='30']
SELECT `t`.`Id`, `t`.`Args`, `t`.`BeginTime`, `t`.`ConcurrencyStamp`, `t`.`CreationTime`, `t`.`CreatorId`, `t`.`Cron`, `t`.`Description`, `t`.`EndTime`, `t`.`ExtraProperties`, `t`.`Group`, `t`.`Interval`, `t`.`IsAbandoned`, `t`.`IsEnabled`, `t`.`JobType`, `t`.`LastModificationTime`, `t`.`LastModifierId`, `t`.`LastRunTime`, `t`.`LockTimeOut`, `t`.`MaxCount`, `t`.`MaxTryCount`, `t`.`Name`, `t`.`NextRunTime`, `t`.`NodeName`, `t`.`Priority`, `t`.`Result`, `t`.`Source`, `t`.`Status`, `t`.`TenantId`, `t`.`TriggerCount`, `t`.`TryCount`, `t`.`Type`
FROM `TK_BackgroundJobs` AS `t`
WHERE (@__ef_filter__p_0 OR (`t`.`TenantId` IS NULL)) AND (`t`.`Id` = @__id_0)
LIMIT 1
2024-10-30 04:30:13 [INF] [ZQH.Abp.BackgroundTasks.Activities.JobActionEvent] [1976] [251] - Job Default:Cleaning-Cleaning after event with JobActionEvent was executed.
2024-10-30 04:30:13 [INF] [Microsoft.EntityFrameworkCore.Database.Command] [1976] [222] - Executed DbCommand (9ms) [Parameters=[@__ef_filter__p_0='?' (DbType = Boolean), @__id_0='?' (Size = 255)], CommandType='"Text"', CommandTimeout='30']
SELECT `t`.`Id`, `t`.`Args`, `t`.`BeginTime`, `t`.`ConcurrencyStamp`, `t`.`CreationTime`, `t`.`CreatorId`, `t`.`Cron`, `t`.`Description`, `t`.`EndTime`, `t`.`ExtraProperties`, `t`.`Group`, `t`.`Interval`, `t`.`IsAbandoned`, `t`.`IsEnabled`, `t`.`JobType`, `t`.`LastModificationTime`, `t`.`LastModifierId`, `t`.`LastRunTime`, `t`.`LockTimeOut`, `t`.`MaxCount`, `t`.`MaxTryCount`, `t`.`Name`, `t`.`NextRunTime`, `t`.`NodeName`, `t`.`Priority`, `t`.`Result`, `t`.`Source`, `t`.`Status`, `t`.`TenantId`, `t`.`TriggerCount`, `t`.`TryCount`, `t`.`Type`
FROM `TK_BackgroundJobs` AS `t`
WHERE (@__ef_filter__p_0 OR (`t`.`TenantId` IS NULL)) AND (`t`.`Id` = @__id_0)
LIMIT 1
2024-10-30 04:30:13 [INF] [ZQH.Abp.BackgroundTasks.Internal.JobLogEvent] [1976] [250] - Job Default:Checking-Checking after event with JobLogEvent has executing.
2024-10-30 04:30:13 [INF] [ZQH.Abp.BackgroundTasks.Internal.JobLogEvent] [1976] [250] - Job Default:Checking-Checking after event with JobLogEvent was executed.
2024-10-30 04:30:13 [INF] [ZQH.Abp.BackgroundTasks.Activities.JobActionEvent] [1976] [250] - Job Default:Checking-Checking after event with JobActionEvent has executing.
2024-10-30 04:30:13 [INF] [ZQH.Abp.BackgroundTasks.Activities.JobActionEvent] [1976] [250] - Job Default:Checking-Checking after event with JobActionEvent was executed.
2024-10-30 04:30:14 [INF] [Microsoft.EntityFrameworkCore.Database.Command] [1976] [251] - Executed DbCommand (19ms) [Parameters=[@__ef_filter__p_0='?' (DbType = Boolean), @__id_0='?' (Size = 255)], CommandType='"Text"', CommandTimeout='30']
SELECT `t`.`Id`, `t`.`Args`, `t`.`BeginTime`, `t`.`ConcurrencyStamp`, `t`.`CreationTime`, `t`.`CreatorId`, `t`.`Cron`, `t`.`Description`, `t`.`EndTime`, `t`.`ExtraProperties`, `t`.`Group`, `t`.`Interval`, `t`.`IsAbandoned`, `t`.`IsEnabled`, `t`.`JobType`, `t`.`LastModificationTime`, `t`.`LastModifierId`, `t`.`LastRunTime`, `t`.`LockTimeOut`, `t`.`MaxCount`, `t`.`MaxTryCount`, `t`.`Name`, `t`.`NextRunTime`, `t`.`NodeName`, `t`.`Priority`, `t`.`Result`, `t`.`Source`, `t`.`Status`, `t`.`TenantId`, `t`.`TriggerCount`, `t`.`TryCount`, `t`.`Type`
FROM `TK_BackgroundJobs` AS `t`
WHERE (@__ef_filter__p_0 OR (`t`.`TenantId` IS NULL)) AND (`t`.`Id` = @__id_0)
LIMIT 1
2024-10-30 04:30:14 [WRN] [ZQH.Abp.BackgroundTasks.Internal.JobExecutedEvent] [1976] [280] - Cannot process job change event because job with key Polling could not be found!
2024-10-30 04:30:14 [INF] [ZQH.Abp.BackgroundTasks.Internal.JobExecutedEvent] [1976] [280] - Job Default:Polling-Polling after event with JobExecutedEvent was executed.
2024-10-30 04:30:14 [WRN] [ZQH.Abp.BackgroundTasks.Internal.JobExecutedEvent] [1976] [222] - Cannot process job change event because job with key Cleaning could not be found!
2024-10-30 04:30:14 [INF] [ZQH.Abp.BackgroundTasks.Internal.JobExecutedEvent] [1976] [222] - Job Default:Cleaning-Cleaning after event with JobExecutedEvent was executed.
2024-10-30 04:30:14 [WRN] [ZQH.Abp.BackgroundTasks.Internal.JobExecutedEvent] [1976] [251] - Cannot process job change event because job with key Checking could not be found!
2024-10-30 04:30:14 [INF] [ZQH.Abp.BackgroundTasks.Internal.JobExecutedEvent] [1976] [251] - Job Default:Checking-Checking after event with JobExecutedEvent was executed.
