2024-10-22 06:36:50 [WRN] [ZQH.Abp.EventBus.CAP.AbpCAPConsumerServiceSelector] [61872] [22] - We detected that you have duplicate subscribers (abp.multi_tenancy.tenant.connection_string.updated) in same group (TaskManagement.v1), this will cause diversity behavior.
2024-10-22 06:36:54 [WRN] [ZQH.Abp.AuditLogging.Elasticsearch.IndexInitializer] [61872] [37] - Failed to initialize index and audit log may not be retrieved.
2024-10-22 06:36:54 [WRN] [ZQH.Abp.AuditLogging.Elasticsearch.IndexInitializer] [61872] [37] - Elasticsearch.Net.ElasticsearchClientException: The client is unable to verify that the server is Elasticsearch due to an unsuccessful product check call. Some functionality may not be compatible if the server is running an unsupported product. Call: Status code unknown from: GET /
 ---> Elasticsearch.Net.PipelineException: The client is unable to verify that the server is Elasticsearch due to an unsuccessful product check call. Some functionality may not be compatible if the server is running an unsupported product.
 ---> System.Net.Http.HttpRequestException: 由于目标计算机积极拒绝，无法连接。 (127.0.0.1:9200)
 ---> System.Net.Sockets.SocketException (10061): 由于目标计算机积极拒绝，无法连接。
   at System.Net.Sockets.Socket.AwaitableSocketAsyncEventArgs.ThrowException(SocketError error, CancellationToken cancellationToken)
   at System.Net.Sockets.Socket.AwaitableSocketAsyncEventArgs.System.Threading.Tasks.Sources.IValueTaskSource.GetResult(Int16 token)
   at System.Net.Sockets.Socket.<ConnectAsync>g__WaitForConnectWithCancellation|285_0(AwaitableSocketAsyncEventArgs saea, ValueTask connectTask, CancellationToken cancellationToken)
   at System.Net.Http.HttpConnectionPool.ConnectToTcpHostAsync(String host, Int32 port, HttpRequestMessage initialRequest, Boolean async, CancellationToken cancellationToken)
   --- End of inner exception stack trace ---
   at System.Net.Http.HttpConnectionPool.ConnectToTcpHostAsync(String host, Int32 port, HttpRequestMessage initialRequest, Boolean async, CancellationToken cancellationToken)
   at System.Net.Http.HttpConnectionPool.ConnectAsync(HttpRequestMessage request, Boolean async, CancellationToken cancellationToken)
   at System.Net.Http.HttpConnectionPool.CreateHttp11ConnectionAsync(HttpRequestMessage request, Boolean async, CancellationToken cancellationToken)
   at System.Net.Http.HttpConnectionPool.AddHttp11ConnectionAsync(QueueItem queueItem)
   at System.Threading.Tasks.TaskCompletionSourceWithCancellation`1.WaitWithCancellationAsync(CancellationToken cancellationToken)
   at System.Net.Http.HttpConnectionPool.SendWithVersionDetectionAndRetryAsync(HttpRequestMessage request, Boolean async, Boolean doRequestAuth, CancellationToken cancellationToken)
   at System.Net.Http.DiagnosticsHandler.SendAsyncCore(HttpRequestMessage request, Boolean async, CancellationToken cancellationToken)
   at System.Net.Http.RedirectHandler.SendAsync(HttpRequestMessage request, Boolean async, CancellationToken cancellationToken)
   at System.Net.Http.HttpClient.<SendAsync>g__Core|83_0(HttpRequestMessage request, HttpCompletionOption completionOption, CancellationTokenSource cts, Boolean disposeCts, CancellationTokenSource pendingRequestsCts, CancellationToken originalCancellationToken)
   at Elasticsearch.Net.HttpConnection.RequestAsync[TResponse](RequestData requestData, CancellationToken cancellationToken)
   --- End of inner exception stack trace ---
   at Elasticsearch.Net.RequestPipeline.ThrowIfTransientProductCheckFailure()
   at Elasticsearch.Net.RequestPipeline.PingAsync(Node node, CancellationToken cancellationToken)
   at Elasticsearch.Net.Transport`1.PingAsync(IRequestPipeline pipeline, Node node, CancellationToken cancellationToken)
   at Elasticsearch.Net.Transport`1.RequestAsync[TResponse](HttpMethod method, String path, CancellationToken cancellationToken, PostData data, IRequestParameters requestParameters)
   --- End of inner exception stack trace ---
2024-10-22 06:36:58 [WRN] [ZQH.Abp.AuditLogging.Elasticsearch.IndexInitializer] [61872] [23] - Failed to initialize index and security log may not be retrieved.
2024-10-22 06:36:58 [WRN] [ZQH.Abp.AuditLogging.Elasticsearch.IndexInitializer] [61872] [23] - Elasticsearch.Net.ElasticsearchClientException: The client is unable to verify that the server is Elasticsearch due to an unsuccessful product check call. Some functionality may not be compatible if the server is running an unsupported product. Call: Status code unknown from: GET /
 ---> Elasticsearch.Net.PipelineException: The client is unable to verify that the server is Elasticsearch due to an unsuccessful product check call. Some functionality may not be compatible if the server is running an unsupported product.
 ---> System.Net.Http.HttpRequestException: 由于目标计算机积极拒绝，无法连接。 (127.0.0.1:9200)
 ---> System.Net.Sockets.SocketException (10061): 由于目标计算机积极拒绝，无法连接。
   at System.Net.Sockets.Socket.AwaitableSocketAsyncEventArgs.ThrowException(SocketError error, CancellationToken cancellationToken)
   at System.Net.Sockets.Socket.AwaitableSocketAsyncEventArgs.System.Threading.Tasks.Sources.IValueTaskSource.GetResult(Int16 token)
   at System.Net.Sockets.Socket.<ConnectAsync>g__WaitForConnectWithCancellation|285_0(AwaitableSocketAsyncEventArgs saea, ValueTask connectTask, CancellationToken cancellationToken)
   at System.Net.Http.HttpConnectionPool.ConnectToTcpHostAsync(String host, Int32 port, HttpRequestMessage initialRequest, Boolean async, CancellationToken cancellationToken)
   --- End of inner exception stack trace ---
   at System.Net.Http.HttpConnectionPool.ConnectToTcpHostAsync(String host, Int32 port, HttpRequestMessage initialRequest, Boolean async, CancellationToken cancellationToken)
   at System.Net.Http.HttpConnectionPool.ConnectAsync(HttpRequestMessage request, Boolean async, CancellationToken cancellationToken)
   at System.Net.Http.HttpConnectionPool.CreateHttp11ConnectionAsync(HttpRequestMessage request, Boolean async, CancellationToken cancellationToken)
   at System.Net.Http.HttpConnectionPool.AddHttp11ConnectionAsync(QueueItem queueItem)
   at System.Threading.Tasks.TaskCompletionSourceWithCancellation`1.WaitWithCancellationAsync(CancellationToken cancellationToken)
   at System.Net.Http.HttpConnectionPool.SendWithVersionDetectionAndRetryAsync(HttpRequestMessage request, Boolean async, Boolean doRequestAuth, CancellationToken cancellationToken)
   at System.Net.Http.DiagnosticsHandler.SendAsyncCore(HttpRequestMessage request, Boolean async, CancellationToken cancellationToken)
   at System.Net.Http.RedirectHandler.SendAsync(HttpRequestMessage request, Boolean async, CancellationToken cancellationToken)
   at System.Net.Http.HttpClient.<SendAsync>g__Core|83_0(HttpRequestMessage request, HttpCompletionOption completionOption, CancellationTokenSource cts, Boolean disposeCts, CancellationTokenSource pendingRequestsCts, CancellationToken originalCancellationToken)
   at Elasticsearch.Net.HttpConnection.RequestAsync[TResponse](RequestData requestData, CancellationToken cancellationToken)
   --- End of inner exception stack trace ---
   at Elasticsearch.Net.RequestPipeline.ThrowIfTransientProductCheckFailure()
   at Elasticsearch.Net.RequestPipeline.PingAsync(Node node, CancellationToken cancellationToken)
   at Elasticsearch.Net.Transport`1.PingAsync(IRequestPipeline pipeline, Node node, CancellationToken cancellationToken)
   at Elasticsearch.Net.Transport`1.RequestAsync[TResponse](HttpMethod method, String path, CancellationToken cancellationToken, PostData data, IRequestParameters requestParameters)
   --- End of inner exception stack trace ---
2024-10-22 06:37:00 [WRN] [ZQH.Abp.BackgroundTasks.Internal.JobExecutedEvent] [61872] [37] - Cannot process job change event because job with key Polling could not be found!
2024-10-22 06:37:28 [WRN] [Microsoft.AspNetCore.Http.ResponseCookies] [61872] [37] - The cookie 'XSRF-TOKEN' has set 'SameSite=None' and must also set 'Secure'.
2024-10-22 06:37:29 [WRN] [Microsoft.AspNetCore.Http.ResponseCookies] [61872] [37] - The cookie 'XSRF-TOKEN' has set 'SameSite=None' and must also set 'Secure'.
2024-10-22 06:37:30 [WRN] [ZQH.Abp.BackgroundTasks.Internal.JobExecutedEvent] [61872] [26] - Cannot process job change event because job with key Polling could not be found!
2024-10-22 06:37:33 [WRN] [Microsoft.AspNetCore.Http.ResponseCookies] [61872] [37] - The cookie 'XSRF-TOKEN' has set 'SameSite=None' and must also set 'Secure'.
2024-10-22 06:38:00 [WRN] [ZQH.Abp.BackgroundTasks.Internal.JobExecutedEvent] [61872] [23] - Cannot process job change event because job with key Polling could not be found!
2024-10-22 06:38:30 [WRN] [ZQH.Abp.BackgroundTasks.Internal.JobExecutedEvent] [61872] [37] - Cannot process job change event because job with key Polling could not be found!
2024-10-22 06:39:00 [WRN] [ZQH.Abp.BackgroundTasks.Internal.JobExecutedEvent] [61872] [23] - Cannot process job change event because job with key Polling could not be found!
2024-10-22 06:39:30 [WRN] [ZQH.Abp.BackgroundTasks.Internal.JobExecutedEvent] [61872] [23] - Cannot process job change event because job with key Polling could not be found!
2024-10-22 06:40:12 [WRN] [ZQH.Abp.BackgroundTasks.Internal.JobExecutedEvent] [61872] [37] - Cannot process job change event because job with key Polling could not be found!
2024-10-22 06:40:12 [WRN] [ZQH.Abp.BackgroundTasks.Internal.JobExecutedEvent] [61872] [37] - Cannot process job change event because job with key Cleaning could not be found!
2024-10-22 06:40:30 [WRN] [ZQH.Abp.BackgroundTasks.Internal.JobExecutedEvent] [61872] [37] - Cannot process job change event because job with key Polling could not be found!
2024-10-22 06:41:00 [WRN] [ZQH.Abp.BackgroundTasks.Internal.JobExecutedEvent] [61872] [26] - Cannot process job change event because job with key Polling could not be found!
2024-10-22 06:41:30 [WRN] [ZQH.Abp.BackgroundTasks.Internal.JobExecutedEvent] [61872] [41] - Cannot process job change event because job with key Polling could not be found!
2024-10-22 06:42:00 [WRN] [ZQH.Abp.BackgroundTasks.Internal.JobExecutedEvent] [61872] [36] - Cannot process job change event because job with key Polling could not be found!
2024-10-22 06:42:30 [WRN] [ZQH.Abp.BackgroundTasks.Internal.JobExecutedEvent] [61872] [38] - Cannot process job change event because job with key Polling could not be found!
2024-10-22 06:43:00 [WRN] [ZQH.Abp.BackgroundTasks.Internal.JobExecutedEvent] [61872] [34] - Cannot process job change event because job with key Polling could not be found!
2024-10-22 06:43:30 [WRN] [ZQH.Abp.BackgroundTasks.Internal.JobExecutedEvent] [61872] [36] - Cannot process job change event because job with key Polling could not be found!
2024-10-22 06:44:00 [WRN] [ZQH.Abp.BackgroundTasks.Internal.JobExecutedEvent] [61872] [36] - Cannot process job change event because job with key Polling could not be found!
2024-10-22 06:44:30 [WRN] [ZQH.Abp.BackgroundTasks.Internal.JobExecutedEvent] [61872] [22] - Cannot process job change event because job with key Polling could not be found!
2024-10-22 06:45:00 [WRN] [ZQH.Abp.BackgroundTasks.Internal.JobExecutedEvent] [61872] [28] - Cannot process job change event because job with key Polling could not be found!
2024-10-22 06:45:30 [WRN] [ZQH.Abp.BackgroundTasks.Internal.JobExecutedEvent] [61872] [28] - Cannot process job change event because job with key Polling could not be found!
2024-10-22 06:46:00 [WRN] [ZQH.Abp.BackgroundTasks.Internal.JobExecutedEvent] [61872] [36] - Cannot process job change event because job with key Polling could not be found!
2024-10-22 06:46:30 [WRN] [ZQH.Abp.BackgroundTasks.Internal.JobExecutedEvent] [61872] [22] - Cannot process job change event because job with key Polling could not be found!
2024-10-22 06:47:00 [WRN] [ZQH.Abp.BackgroundTasks.Internal.JobExecutedEvent] [61872] [45] - Cannot process job change event because job with key Polling could not be found!
2024-10-22 06:47:30 [WRN] [ZQH.Abp.BackgroundTasks.Internal.JobExecutedEvent] [61872] [46] - Cannot process job change event because job with key Polling could not be found!
2024-10-22 06:48:00 [WRN] [ZQH.Abp.BackgroundTasks.Internal.JobExecutedEvent] [61872] [45] - Cannot process job change event because job with key Polling could not be found!
2024-10-22 06:48:30 [WRN] [ZQH.Abp.BackgroundTasks.Internal.JobExecutedEvent] [61872] [47] - Cannot process job change event because job with key Polling could not be found!
2024-10-22 06:49:00 [WRN] [ZQH.Abp.BackgroundTasks.Internal.JobExecutedEvent] [61872] [45] - Cannot process job change event because job with key Polling could not be found!
2024-10-22 06:49:30 [WRN] [ZQH.Abp.BackgroundTasks.Internal.JobExecutedEvent] [61872] [45] - Cannot process job change event because job with key Polling could not be found!
2024-10-22 06:52:23 [WRN] [ZQH.Abp.EventBus.CAP.AbpCAPConsumerServiceSelector] [20160] [7] - We detected that you have duplicate subscribers (abp.multi_tenancy.tenant.connection_string.updated) in same group (TaskManagement.v1), this will cause diversity behavior.
2024-10-22 06:52:27 [WRN] [ZQH.Abp.AuditLogging.Elasticsearch.IndexInitializer] [20160] [35] - Failed to initialize index and audit log may not be retrieved.
2024-10-22 06:52:27 [WRN] [ZQH.Abp.AuditLogging.Elasticsearch.IndexInitializer] [20160] [35] - Elasticsearch.Net.ElasticsearchClientException: The client is unable to verify that the server is Elasticsearch due to an unsuccessful product check call. Some functionality may not be compatible if the server is running an unsupported product. Call: Status code unknown from: GET /
 ---> Elasticsearch.Net.PipelineException: The client is unable to verify that the server is Elasticsearch due to an unsuccessful product check call. Some functionality may not be compatible if the server is running an unsupported product.
 ---> System.Net.Http.HttpRequestException: 由于目标计算机积极拒绝，无法连接。 (127.0.0.1:9200)
 ---> System.Net.Sockets.SocketException (10061): 由于目标计算机积极拒绝，无法连接。
   at System.Net.Sockets.Socket.AwaitableSocketAsyncEventArgs.ThrowException(SocketError error, CancellationToken cancellationToken)
   at System.Net.Sockets.Socket.AwaitableSocketAsyncEventArgs.System.Threading.Tasks.Sources.IValueTaskSource.GetResult(Int16 token)
   at System.Net.Sockets.Socket.<ConnectAsync>g__WaitForConnectWithCancellation|285_0(AwaitableSocketAsyncEventArgs saea, ValueTask connectTask, CancellationToken cancellationToken)
   at System.Net.Http.HttpConnectionPool.ConnectToTcpHostAsync(String host, Int32 port, HttpRequestMessage initialRequest, Boolean async, CancellationToken cancellationToken)
   --- End of inner exception stack trace ---
   at System.Net.Http.HttpConnectionPool.ConnectToTcpHostAsync(String host, Int32 port, HttpRequestMessage initialRequest, Boolean async, CancellationToken cancellationToken)
   at System.Net.Http.HttpConnectionPool.ConnectAsync(HttpRequestMessage request, Boolean async, CancellationToken cancellationToken)
   at System.Net.Http.HttpConnectionPool.CreateHttp11ConnectionAsync(HttpRequestMessage request, Boolean async, CancellationToken cancellationToken)
   at System.Net.Http.HttpConnectionPool.AddHttp11ConnectionAsync(QueueItem queueItem)
   at System.Threading.Tasks.TaskCompletionSourceWithCancellation`1.WaitWithCancellationAsync(CancellationToken cancellationToken)
   at System.Net.Http.HttpConnectionPool.SendWithVersionDetectionAndRetryAsync(HttpRequestMessage request, Boolean async, Boolean doRequestAuth, CancellationToken cancellationToken)
   at System.Net.Http.DiagnosticsHandler.SendAsyncCore(HttpRequestMessage request, Boolean async, CancellationToken cancellationToken)
   at System.Net.Http.RedirectHandler.SendAsync(HttpRequestMessage request, Boolean async, CancellationToken cancellationToken)
   at System.Net.Http.HttpClient.<SendAsync>g__Core|83_0(HttpRequestMessage request, HttpCompletionOption completionOption, CancellationTokenSource cts, Boolean disposeCts, CancellationTokenSource pendingRequestsCts, CancellationToken originalCancellationToken)
   at Elasticsearch.Net.HttpConnection.RequestAsync[TResponse](RequestData requestData, CancellationToken cancellationToken)
   --- End of inner exception stack trace ---
   at Elasticsearch.Net.RequestPipeline.ThrowIfTransientProductCheckFailure()
   at Elasticsearch.Net.RequestPipeline.PingAsync(Node node, CancellationToken cancellationToken)
   at Elasticsearch.Net.Transport`1.PingAsync(IRequestPipeline pipeline, Node node, CancellationToken cancellationToken)
   at Elasticsearch.Net.Transport`1.RequestAsync[TResponse](HttpMethod method, String path, CancellationToken cancellationToken, PostData data, IRequestParameters requestParameters)
   --- End of inner exception stack trace ---
2024-10-22 06:52:30 [WRN] [ZQH.Abp.BackgroundTasks.Internal.JobExecutedEvent] [20160] [27] - Cannot process job change event because job with key Polling could not be found!
2024-10-22 06:52:31 [WRN] [ZQH.Abp.AuditLogging.Elasticsearch.IndexInitializer] [20160] [35] - Failed to initialize index and security log may not be retrieved.
2024-10-22 06:52:31 [WRN] [ZQH.Abp.AuditLogging.Elasticsearch.IndexInitializer] [20160] [35] - Elasticsearch.Net.ElasticsearchClientException: The client is unable to verify that the server is Elasticsearch due to an unsuccessful product check call. Some functionality may not be compatible if the server is running an unsupported product. Call: Status code unknown from: GET /
 ---> Elasticsearch.Net.PipelineException: The client is unable to verify that the server is Elasticsearch due to an unsuccessful product check call. Some functionality may not be compatible if the server is running an unsupported product.
 ---> System.Net.Http.HttpRequestException: 由于目标计算机积极拒绝，无法连接。 (127.0.0.1:9200)
 ---> System.Net.Sockets.SocketException (10061): 由于目标计算机积极拒绝，无法连接。
   at System.Net.Sockets.Socket.AwaitableSocketAsyncEventArgs.ThrowException(SocketError error, CancellationToken cancellationToken)
   at System.Net.Sockets.Socket.AwaitableSocketAsyncEventArgs.System.Threading.Tasks.Sources.IValueTaskSource.GetResult(Int16 token)
   at System.Net.Sockets.Socket.<ConnectAsync>g__WaitForConnectWithCancellation|285_0(AwaitableSocketAsyncEventArgs saea, ValueTask connectTask, CancellationToken cancellationToken)
   at System.Net.Http.HttpConnectionPool.ConnectToTcpHostAsync(String host, Int32 port, HttpRequestMessage initialRequest, Boolean async, CancellationToken cancellationToken)
   --- End of inner exception stack trace ---
   at System.Net.Http.HttpConnectionPool.ConnectToTcpHostAsync(String host, Int32 port, HttpRequestMessage initialRequest, Boolean async, CancellationToken cancellationToken)
   at System.Net.Http.HttpConnectionPool.ConnectAsync(HttpRequestMessage request, Boolean async, CancellationToken cancellationToken)
   at System.Net.Http.HttpConnectionPool.CreateHttp11ConnectionAsync(HttpRequestMessage request, Boolean async, CancellationToken cancellationToken)
   at System.Net.Http.HttpConnectionPool.AddHttp11ConnectionAsync(QueueItem queueItem)
   at System.Threading.Tasks.TaskCompletionSourceWithCancellation`1.WaitWithCancellationAsync(CancellationToken cancellationToken)
   at System.Net.Http.HttpConnectionPool.SendWithVersionDetectionAndRetryAsync(HttpRequestMessage request, Boolean async, Boolean doRequestAuth, CancellationToken cancellationToken)
   at System.Net.Http.DiagnosticsHandler.SendAsyncCore(HttpRequestMessage request, Boolean async, CancellationToken cancellationToken)
   at System.Net.Http.RedirectHandler.SendAsync(HttpRequestMessage request, Boolean async, CancellationToken cancellationToken)
   at System.Net.Http.HttpClient.<SendAsync>g__Core|83_0(HttpRequestMessage request, HttpCompletionOption completionOption, CancellationTokenSource cts, Boolean disposeCts, CancellationTokenSource pendingRequestsCts, CancellationToken originalCancellationToken)
   at Elasticsearch.Net.HttpConnection.RequestAsync[TResponse](RequestData requestData, CancellationToken cancellationToken)
   --- End of inner exception stack trace ---
   at Elasticsearch.Net.RequestPipeline.ThrowIfTransientProductCheckFailure()
   at Elasticsearch.Net.RequestPipeline.PingAsync(Node node, CancellationToken cancellationToken)
   at Elasticsearch.Net.Transport`1.PingAsync(IRequestPipeline pipeline, Node node, CancellationToken cancellationToken)
   at Elasticsearch.Net.Transport`1.RequestAsync[TResponse](HttpMethod method, String path, CancellationToken cancellationToken, PostData data, IRequestParameters requestParameters)
   --- End of inner exception stack trace ---
2024-10-22 06:53:00 [WRN] [ZQH.Abp.BackgroundTasks.Internal.JobExecutedEvent] [20160] [26] - Cannot process job change event because job with key Polling could not be found!
2024-10-22 06:53:04 [WRN] [Microsoft.AspNetCore.Http.ResponseCookies] [20160] [26] - The cookie 'XSRF-TOKEN' has set 'SameSite=None' and must also set 'Secure'.
2024-10-22 06:53:04 [WRN] [Microsoft.AspNetCore.Http.ResponseCookies] [20160] [39] - The cookie 'XSRF-TOKEN' has set 'SameSite=None' and must also set 'Secure'.
2024-10-22 06:53:10 [WRN] [Microsoft.AspNetCore.Http.ResponseCookies] [20160] [39] - The cookie 'XSRF-TOKEN' has set 'SameSite=None' and must also set 'Secure'.
2024-10-22 06:53:30 [WRN] [ZQH.Abp.BackgroundTasks.Internal.JobExecutedEvent] [20160] [35] - Cannot process job change event because job with key Polling could not be found!
2024-10-22 06:54:00 [WRN] [ZQH.Abp.BackgroundTasks.Internal.JobExecutedEvent] [20160] [35] - Cannot process job change event because job with key Polling could not be found!
2024-10-22 06:54:30 [WRN] [ZQH.Abp.BackgroundTasks.Internal.JobExecutedEvent] [20160] [26] - Cannot process job change event because job with key Polling could not be found!
2024-10-22 06:55:00 [WRN] [ZQH.Abp.BackgroundTasks.Internal.JobExecutedEvent] [20160] [26] - Cannot process job change event because job with key Polling could not be found!
2024-10-22 06:55:30 [WRN] [ZQH.Abp.BackgroundTasks.Internal.JobExecutedEvent] [20160] [48] - Cannot process job change event because job with key Polling could not be found!
2024-10-22 06:56:00 [WRN] [ZQH.Abp.BackgroundTasks.Internal.JobExecutedEvent] [20160] [48] - Cannot process job change event because job with key Polling could not be found!
2024-10-22 06:56:30 [WRN] [ZQH.Abp.BackgroundTasks.Internal.JobExecutedEvent] [20160] [49] - Cannot process job change event because job with key Polling could not be found!
2024-10-22 06:57:00 [WRN] [ZQH.Abp.BackgroundTasks.Internal.JobExecutedEvent] [20160] [46] - Cannot process job change event because job with key Polling could not be found!
2024-10-22 06:57:30 [WRN] [ZQH.Abp.BackgroundTasks.Internal.JobExecutedEvent] [20160] [40] - Cannot process job change event because job with key Polling could not be found!
2024-10-22 06:58:00 [WRN] [ZQH.Abp.BackgroundTasks.Internal.JobExecutedEvent] [20160] [46] - Cannot process job change event because job with key Polling could not be found!
2024-10-22 06:58:30 [WRN] [ZQH.Abp.BackgroundTasks.Internal.JobExecutedEvent] [20160] [45] - Cannot process job change event because job with key Polling could not be found!
2024-10-22 06:59:00 [WRN] [ZQH.Abp.BackgroundTasks.Internal.JobExecutedEvent] [20160] [44] - Cannot process job change event because job with key Polling could not be found!
2024-10-22 06:59:30 [WRN] [ZQH.Abp.BackgroundTasks.Internal.JobExecutedEvent] [20160] [42] - Cannot process job change event because job with key Polling could not be found!
2024-10-22 07:00:00 [WRN] [ZQH.Abp.BackgroundTasks.Internal.JobExecutedEvent] [20160] [40] - Cannot process job change event because job with key Polling could not be found!
2024-10-22 07:00:00 [WRN] [ZQH.Abp.BackgroundTasks.Internal.JobExecutedEvent] [20160] [42] - Cannot process job change event because job with key Cleaning could not be found!
2024-10-22 07:00:30 [WRN] [ZQH.Abp.BackgroundTasks.Internal.JobExecutedEvent] [20160] [42] - Cannot process job change event because job with key Polling could not be found!
2024-10-22 07:01:00 [WRN] [ZQH.Abp.BackgroundTasks.Internal.JobExecutedEvent] [20160] [42] - Cannot process job change event because job with key Polling could not be found!
2024-10-22 07:01:30 [WRN] [ZQH.Abp.BackgroundTasks.Internal.JobExecutedEvent] [20160] [3] - Cannot process job change event because job with key Polling could not be found!
2024-10-22 07:02:00 [WRN] [ZQH.Abp.BackgroundTasks.Internal.JobExecutedEvent] [20160] [37] - Cannot process job change event because job with key Polling could not be found!
2024-10-22 07:02:30 [WRN] [ZQH.Abp.BackgroundTasks.Internal.JobExecutedEvent] [20160] [37] - Cannot process job change event because job with key Polling could not be found!
2024-10-22 07:03:00 [WRN] [ZQH.Abp.BackgroundTasks.Internal.JobExecutedEvent] [20160] [28] - Cannot process job change event because job with key Polling could not be found!
2024-10-22 07:03:30 [WRN] [ZQH.Abp.BackgroundTasks.Internal.JobExecutedEvent] [20160] [28] - Cannot process job change event because job with key Polling could not be found!
2024-10-22 07:04:00 [WRN] [ZQH.Abp.BackgroundTasks.Internal.JobExecutedEvent] [20160] [37] - Cannot process job change event because job with key Polling could not be found!
2024-10-22 07:04:30 [WRN] [ZQH.Abp.BackgroundTasks.Internal.JobExecutedEvent] [20160] [53] - Cannot process job change event because job with key Polling could not be found!
2024-10-22 07:05:00 [WRN] [ZQH.Abp.BackgroundTasks.Internal.JobExecutedEvent] [20160] [53] - Cannot process job change event because job with key Polling could not be found!
2024-10-22 07:05:30 [WRN] [ZQH.Abp.BackgroundTasks.Internal.JobExecutedEvent] [20160] [54] - Cannot process job change event because job with key Polling could not be found!
2024-10-22 07:06:00 [WRN] [ZQH.Abp.BackgroundTasks.Internal.JobExecutedEvent] [20160] [51] - Cannot process job change event because job with key Polling could not be found!
2024-10-22 07:06:30 [WRN] [ZQH.Abp.BackgroundTasks.Internal.JobExecutedEvent] [20160] [51] - Cannot process job change event because job with key Polling could not be found!
2024-10-22 07:07:00 [WRN] [ZQH.Abp.BackgroundTasks.Internal.JobExecutedEvent] [20160] [58] - Cannot process job change event because job with key Polling could not be found!
2024-10-22 07:07:30 [WRN] [ZQH.Abp.BackgroundTasks.Internal.JobExecutedEvent] [20160] [58] - Cannot process job change event because job with key Polling could not be found!
2024-10-22 07:08:00 [WRN] [ZQH.Abp.BackgroundTasks.Internal.JobExecutedEvent] [20160] [63] - Cannot process job change event because job with key Polling could not be found!
2024-10-22 07:08:30 [WRN] [ZQH.Abp.BackgroundTasks.Internal.JobExecutedEvent] [20160] [59] - Cannot process job change event because job with key Polling could not be found!
2024-10-22 07:09:00 [WRN] [ZQH.Abp.BackgroundTasks.Internal.JobExecutedEvent] [20160] [67] - Cannot process job change event because job with key Polling could not be found!
2024-10-22 07:09:30 [WRN] [ZQH.Abp.BackgroundTasks.Internal.JobExecutedEvent] [20160] [25] - Cannot process job change event because job with key Polling could not be found!
2024-10-22 07:10:00 [WRN] [ZQH.Abp.BackgroundTasks.Internal.JobExecutedEvent] [20160] [25] - Cannot process job change event because job with key Polling could not be found!
2024-10-22 07:10:00 [WRN] [ZQH.Abp.BackgroundTasks.Internal.JobExecutedEvent] [20160] [71] - Cannot process job change event because job with key Cleaning could not be found!
2024-10-22 07:10:30 [WRN] [ZQH.Abp.BackgroundTasks.Internal.JobExecutedEvent] [20160] [68] - Cannot process job change event because job with key Polling could not be found!
2024-10-22 07:11:00 [WRN] [ZQH.Abp.BackgroundTasks.Internal.JobExecutedEvent] [20160] [73] - Cannot process job change event because job with key Polling could not be found!
2024-10-22 07:11:30 [WRN] [ZQH.Abp.BackgroundTasks.Internal.JobExecutedEvent] [20160] [75] - Cannot process job change event because job with key Polling could not be found!
2024-10-22 07:12:00 [WRN] [ZQH.Abp.BackgroundTasks.Internal.JobExecutedEvent] [20160] [78] - Cannot process job change event because job with key Polling could not be found!
2024-10-22 07:12:30 [WRN] [ZQH.Abp.BackgroundTasks.Internal.JobExecutedEvent] [20160] [75] - Cannot process job change event because job with key Polling could not be found!
2024-10-22 07:13:00 [WRN] [ZQH.Abp.BackgroundTasks.Internal.JobExecutedEvent] [20160] [77] - Cannot process job change event because job with key Polling could not be found!
2024-10-22 07:13:30 [WRN] [ZQH.Abp.BackgroundTasks.Internal.JobExecutedEvent] [20160] [79] - Cannot process job change event because job with key Polling could not be found!
2024-10-22 07:14:00 [WRN] [ZQH.Abp.BackgroundTasks.Internal.JobExecutedEvent] [20160] [77] - Cannot process job change event because job with key Polling could not be found!
2024-10-22 07:16:56 [WRN] [ZQH.Abp.BackgroundTasks.Quartz.QuartzJobListener] [20160] [82] - The task BackgroundPollingJob could not be performed, Because it is being scheduled by another job scheduler
2024-10-22 07:16:56 [WRN] [ZQH.Abp.BackgroundTasks.Internal.JobExecutedEvent] [20160] [82] - Cannot process job change event because job with key Polling could not be found!
2024-10-22 07:17:00 [WRN] [ZQH.Abp.BackgroundTasks.Internal.JobExecutedEvent] [20160] [82] - Cannot process job change event because job with key Polling could not be found!
