2024-10-25 20:42:32 [WRN] [DotNetCore.CAP.Internal.ConsumerRegister] [1976] [255] - RabbitMQ consumer shutdown. --> Unexpected Exception: Unable to read data from the transport connection: 远程主机强迫关闭了一个现有的连接。.
2024-10-26 01:20:35 [WRN] [DotNetCore.CAP.Internal.ConsumerRegister] [1976] [255] - RabbitMQ consumer cancelled. --> amq.ctag-L7G0JPElBLQYdTpmiOksVg
2024-10-26 01:20:35 [WRN] [DotNetCore.CAP.Internal.ConsumerRegister] [1976] [255] - RabbitMQ consumer shutdown. --> Unexpected Exception: Unable to read data from the transport connection: 远程主机强迫关闭了一个现有的连接。.
2024-10-26 01:20:40 [WRN] [ZQH.Abp.BackgroundTasks.Quartz.QuartzJobListener] [1976] [270] - The task BackgroundPollingJob could not be performed, Because it is being scheduled by another job scheduler
2024-10-26 01:20:50 [WRN] [ZQH.Abp.BackgroundTasks.Internal.JobExecutedEvent] [1976] [169] - Cannot process job change event because job with key Polling could not be found!
2024-10-26 01:20:50 [WRN] [ZQH.Abp.BackgroundTasks.Internal.JobExecutedEvent] [1976] [204] - Cannot process job change event because job with key Checking could not be found!
2024-10-26 01:20:50 [WRN] [ZQH.Abp.BackgroundTasks.Internal.JobExecutedEvent] [1976] [160] - Cannot process job change event because job with key Cleaning could not be found!
2024-10-26 01:21:02 [WRN] [ZQH.Abp.BackgroundTasks.Internal.JobExecutedEvent] [1976] [160] - Cannot process job change event because job with key Polling could not be found!
2024-10-26 02:04:40 [WRN] [Microsoft.AspNetCore.Http.ResponseCookies] [1976] [255] - The cookie 'XSRF-TOKEN' has set 'SameSite=None' and must also set 'Secure'.
2024-10-26 02:04:43 [WRN] [ZQH.Abp.BackgroundTasks.Quartz.QuartzJobListener] [1976] [195] - The task BackgroundPollingJob could not be performed, Because it is being scheduled by another job scheduler
2024-10-26 02:04:44 [WRN] [ZQH.Abp.BackgroundTasks.Internal.JobExecutedEvent] [1976] [195] - Cannot process job change event because job with key Checking could not be found!
2024-10-26 02:04:44 [WRN] [ZQH.Abp.BackgroundTasks.Internal.JobExecutedEvent] [1976] [169] - Cannot process job change event because job with key Polling could not be found!
2024-10-26 02:04:44 [WRN] [ZQH.Abp.BackgroundTasks.Internal.JobExecutedEvent] [1976] [184] - Cannot process job change event because job with key Cleaning could not be found!
2024-10-26 02:05:00 [WRN] [ZQH.Abp.BackgroundTasks.Internal.JobExecutedEvent] [1976] [169] - Cannot process job change event because job with key Polling could not be found!
2024-10-26 02:05:30 [WRN] [ZQH.Abp.BackgroundTasks.Internal.JobExecutedEvent] [1976] [184] - Cannot process job change event because job with key Polling could not be found!
2024-10-26 02:06:00 [WRN] [ZQH.Abp.BackgroundTasks.Internal.JobExecutedEvent] [1976] [255] - Cannot process job change event because job with key Polling could not be found!
2024-10-26 02:06:30 [WRN] [ZQH.Abp.BackgroundTasks.Internal.JobExecutedEvent] [1976] [169] - Cannot process job change event because job with key Polling could not be found!
2024-10-26 02:07:00 [WRN] [ZQH.Abp.BackgroundTasks.Internal.JobExecutedEvent] [1976] [256] - Cannot process job change event because job with key Polling could not be found!
2024-10-26 02:07:30 [WRN] [ZQH.Abp.BackgroundTasks.Internal.JobExecutedEvent] [1976] [256] - Cannot process job change event because job with key Polling could not be found!
2024-10-26 02:08:00 [WRN] [ZQH.Abp.BackgroundTasks.Internal.JobExecutedEvent] [1976] [262] - Cannot process job change event because job with key Polling could not be found!
2024-10-26 02:08:30 [WRN] [ZQH.Abp.BackgroundTasks.Internal.JobExecutedEvent] [1976] [262] - Cannot process job change event because job with key Polling could not be found!
2024-10-26 02:09:00 [WRN] [ZQH.Abp.BackgroundTasks.Internal.JobExecutedEvent] [1976] [262] - Cannot process job change event because job with key Polling could not be found!
2024-10-26 02:09:30 [WRN] [ZQH.Abp.BackgroundTasks.Internal.JobExecutedEvent] [1976] [264] - Cannot process job change event because job with key Polling could not be found!
2024-10-26 02:10:00 [WRN] [ZQH.Abp.BackgroundTasks.Internal.JobExecutedEvent] [1976] [265] - Cannot process job change event because job with key Cleaning could not be found!
2024-10-26 02:10:00 [WRN] [ZQH.Abp.BackgroundTasks.Internal.JobExecutedEvent] [1976] [264] - Cannot process job change event because job with key Polling could not be found!
2024-10-26 02:10:30 [WRN] [ZQH.Abp.BackgroundTasks.Internal.JobExecutedEvent] [1976] [271] - Cannot process job change event because job with key Polling could not be found!
2024-10-26 02:11:00 [WRN] [ZQH.Abp.BackgroundTasks.Internal.JobExecutedEvent] [1976] [264] - Cannot process job change event because job with key Polling could not be found!
2024-10-26 02:11:30 [WRN] [ZQH.Abp.BackgroundTasks.Internal.JobExecutedEvent] [1976] [273] - Cannot process job change event because job with key Polling could not be found!
2024-10-26 02:12:00 [WRN] [ZQH.Abp.BackgroundTasks.Internal.JobExecutedEvent] [1976] [273] - Cannot process job change event because job with key Polling could not be found!
2024-10-26 02:12:30 [WRN] [ZQH.Abp.BackgroundTasks.Internal.JobExecutedEvent] [1976] [273] - Cannot process job change event because job with key Polling could not be found!
2024-10-26 02:13:00 [WRN] [ZQH.Abp.BackgroundTasks.Internal.JobExecutedEvent] [1976] [279] - Cannot process job change event because job with key Polling could not be found!
2024-10-26 02:13:30 [WRN] [ZQH.Abp.BackgroundTasks.Internal.JobExecutedEvent] [1976] [274] - Cannot process job change event because job with key Polling could not be found!
2024-10-26 02:14:00 [WRN] [ZQH.Abp.BackgroundTasks.Internal.JobExecutedEvent] [1976] [283] - Cannot process job change event because job with key Polling could not be found!
2024-10-26 02:14:30 [WRN] [ZQH.Abp.BackgroundTasks.Internal.JobExecutedEvent] [1976] [280] - Cannot process job change event because job with key Polling could not be found!
2024-10-26 02:15:00 [WRN] [ZQH.Abp.BackgroundTasks.Internal.JobExecutedEvent] [1976] [291] - Cannot process job change event because job with key Polling could not be found!
2024-10-26 02:15:30 [WRN] [ZQH.Abp.BackgroundTasks.Internal.JobExecutedEvent] [1976] [280] - Cannot process job change event because job with key Polling could not be found!
2024-10-26 02:16:00 [WRN] [ZQH.Abp.BackgroundTasks.Internal.JobExecutedEvent] [1976] [287] - Cannot process job change event because job with key Polling could not be found!
2024-10-26 02:16:30 [WRN] [ZQH.Abp.BackgroundTasks.Internal.JobExecutedEvent] [1976] [297] - Cannot process job change event because job with key Polling could not be found!
2024-10-26 02:17:00 [WRN] [ZQH.Abp.BackgroundTasks.Internal.JobExecutedEvent] [1976] [295] - Cannot process job change event because job with key Polling could not be found!
2024-10-26 02:17:30 [WRN] [ZQH.Abp.BackgroundTasks.Internal.JobExecutedEvent] [1976] [287] - Cannot process job change event because job with key Polling could not be found!
2024-10-26 02:18:00 [WRN] [ZQH.Abp.BackgroundTasks.Internal.JobExecutedEvent] [1976] [287] - Cannot process job change event because job with key Polling could not be found!
2024-10-26 02:18:30 [WRN] [ZQH.Abp.BackgroundTasks.Internal.JobExecutedEvent] [1976] [188] - Cannot process job change event because job with key Polling could not be found!
2024-10-26 02:19:00 [WRN] [ZQH.Abp.BackgroundTasks.Internal.JobExecutedEvent] [1976] [295] - Cannot process job change event because job with key Polling could not be found!
2024-10-26 02:19:30 [WRN] [ZQH.Abp.BackgroundTasks.Internal.JobExecutedEvent] [1976] [188] - Cannot process job change event because job with key Polling could not be found!
2024-10-26 02:20:00 [WRN] [ZQH.Abp.BackgroundTasks.Internal.JobExecutedEvent] [1976] [188] - Cannot process job change event because job with key Cleaning could not be found!
2024-10-26 02:20:00 [WRN] [ZQH.Abp.BackgroundTasks.Internal.JobExecutedEvent] [1976] [229] - Cannot process job change event because job with key Polling could not be found!
2024-10-26 02:20:30 [WRN] [ZQH.Abp.BackgroundTasks.Internal.JobExecutedEvent] [1976] [188] - Cannot process job change event because job with key Polling could not be found!
2024-10-26 02:21:00 [WRN] [ZQH.Abp.BackgroundTasks.Internal.JobExecutedEvent] [1976] [188] - Cannot process job change event because job with key Polling could not be found!
2024-10-26 02:21:30 [WRN] [ZQH.Abp.BackgroundTasks.Internal.JobExecutedEvent] [1976] [208] - Cannot process job change event because job with key Polling could not be found!
2024-10-26 02:22:00 [WRN] [ZQH.Abp.BackgroundTasks.Internal.JobExecutedEvent] [1976] [208] - Cannot process job change event because job with key Polling could not be found!
2024-10-26 02:22:30 [WRN] [ZQH.Abp.BackgroundTasks.Internal.JobExecutedEvent] [1976] [223] - Cannot process job change event because job with key Polling could not be found!
2024-10-26 02:23:00 [WRN] [ZQH.Abp.BackgroundTasks.Internal.JobExecutedEvent] [1976] [211] - Cannot process job change event because job with key Polling could not be found!
2024-10-26 02:23:30 [WRN] [ZQH.Abp.BackgroundTasks.Internal.JobExecutedEvent] [1976] [185] - Cannot process job change event because job with key Polling could not be found!
2024-10-26 02:24:00 [WRN] [ZQH.Abp.BackgroundTasks.Internal.JobExecutedEvent] [1976] [211] - Cannot process job change event because job with key Polling could not be found!
2024-10-26 02:24:30 [WRN] [ZQH.Abp.BackgroundTasks.Internal.JobExecutedEvent] [1976] [257] - Cannot process job change event because job with key Polling could not be found!
2024-10-26 02:25:00 [WRN] [ZQH.Abp.BackgroundTasks.Internal.JobExecutedEvent] [1976] [257] - Cannot process job change event because job with key Polling could not be found!
2024-10-26 02:25:30 [WRN] [ZQH.Abp.BackgroundTasks.Internal.JobExecutedEvent] [1976] [211] - Cannot process job change event because job with key Polling could not be found!
2024-10-26 02:26:00 [WRN] [ZQH.Abp.BackgroundTasks.Internal.JobExecutedEvent] [1976] [211] - Cannot process job change event because job with key Polling could not be found!
2024-10-26 02:26:30 [WRN] [ZQH.Abp.BackgroundTasks.Internal.JobExecutedEvent] [1976] [301] - Cannot process job change event because job with key Polling could not be found!
2024-10-26 02:27:00 [WRN] [ZQH.Abp.BackgroundTasks.Internal.JobExecutedEvent] [1976] [211] - Cannot process job change event because job with key Polling could not be found!
2024-10-26 02:27:30 [WRN] [ZQH.Abp.BackgroundTasks.Internal.JobExecutedEvent] [1976] [185] - Cannot process job change event because job with key Polling could not be found!
2024-10-26 02:28:00 [WRN] [ZQH.Abp.BackgroundTasks.Internal.JobExecutedEvent] [1976] [303] - Cannot process job change event because job with key Polling could not be found!
2024-10-26 02:28:30 [WRN] [ZQH.Abp.BackgroundTasks.Internal.JobExecutedEvent] [1976] [29] - Cannot process job change event because job with key Polling could not be found!
2024-10-26 02:29:00 [WRN] [ZQH.Abp.BackgroundTasks.Internal.JobExecutedEvent] [1976] [214] - Cannot process job change event because job with key Polling could not be found!
2024-10-26 02:29:30 [WRN] [ZQH.Abp.BackgroundTasks.Internal.JobExecutedEvent] [1976] [217] - Cannot process job change event because job with key Polling could not be found!
2024-10-26 02:30:00 [WRN] [ZQH.Abp.BackgroundTasks.Internal.JobExecutedEvent] [1976] [219] - Cannot process job change event because job with key Polling could not be found!
2024-10-26 02:30:00 [WRN] [ZQH.Abp.BackgroundTasks.Internal.JobExecutedEvent] [1976] [214] - Cannot process job change event because job with key Cleaning could not be found!
2024-10-26 02:30:30 [WRN] [ZQH.Abp.BackgroundTasks.Internal.JobExecutedEvent] [1976] [219] - Cannot process job change event because job with key Polling could not be found!
2024-10-26 02:31:00 [WRN] [ZQH.Abp.BackgroundTasks.Internal.JobExecutedEvent] [1976] [233] - Cannot process job change event because job with key Polling could not be found!
2024-10-26 02:31:30 [WRN] [ZQH.Abp.BackgroundTasks.Internal.JobExecutedEvent] [1976] [233] - Cannot process job change event because job with key Polling could not be found!
2024-10-26 02:32:00 [WRN] [ZQH.Abp.BackgroundTasks.Internal.JobExecutedEvent] [1976] [236] - Cannot process job change event because job with key Polling could not be found!
2024-10-26 02:32:30 [WRN] [ZQH.Abp.BackgroundTasks.Internal.JobExecutedEvent] [1976] [238] - Cannot process job change event because job with key Polling could not be found!
2024-10-26 02:33:00 [WRN] [ZQH.Abp.BackgroundTasks.Internal.JobExecutedEvent] [1976] [240] - Cannot process job change event because job with key Polling could not be found!
2024-10-26 02:33:30 [WRN] [ZQH.Abp.BackgroundTasks.Internal.JobExecutedEvent] [1976] [244] - Cannot process job change event because job with key Polling could not be found!
2024-10-26 02:34:00 [WRN] [ZQH.Abp.BackgroundTasks.Internal.JobExecutedEvent] [1976] [244] - Cannot process job change event because job with key Polling could not be found!
2024-10-26 02:34:30 [WRN] [ZQH.Abp.BackgroundTasks.Internal.JobExecutedEvent] [1976] [226] - Cannot process job change event because job with key Polling could not be found!
2024-10-26 02:35:00 [WRN] [ZQH.Abp.BackgroundTasks.Internal.JobExecutedEvent] [1976] [246] - Cannot process job change event because job with key Polling could not be found!
2024-10-26 02:35:30 [WRN] [ZQH.Abp.BackgroundTasks.Internal.JobExecutedEvent] [1976] [246] - Cannot process job change event because job with key Polling could not be found!
2024-10-26 02:36:00 [WRN] [ZQH.Abp.BackgroundTasks.Internal.JobExecutedEvent] [1976] [243] - Cannot process job change event because job with key Polling could not be found!
2024-10-26 02:36:30 [WRN] [ZQH.Abp.BackgroundTasks.Internal.JobExecutedEvent] [1976] [243] - Cannot process job change event because job with key Polling could not be found!
2024-10-26 02:37:00 [WRN] [ZQH.Abp.BackgroundTasks.Internal.JobExecutedEvent] [1976] [238] - Cannot process job change event because job with key Polling could not be found!
2024-10-26 02:37:30 [WRN] [ZQH.Abp.BackgroundTasks.Internal.JobExecutedEvent] [1976] [237] - Cannot process job change event because job with key Polling could not be found!
2024-10-26 02:38:00 [WRN] [ZQH.Abp.BackgroundTasks.Internal.JobExecutedEvent] [1976] [237] - Cannot process job change event because job with key Polling could not be found!
2024-10-26 02:38:30 [WRN] [ZQH.Abp.BackgroundTasks.Internal.JobExecutedEvent] [1976] [237] - Cannot process job change event because job with key Polling could not be found!
2024-10-26 02:39:00 [WRN] [ZQH.Abp.BackgroundTasks.Internal.JobExecutedEvent] [1976] [237] - Cannot process job change event because job with key Polling could not be found!
2024-10-26 02:39:33 [WRN] [ZQH.Abp.BackgroundTasks.Internal.JobExecutedEvent] [1976] [219] - Cannot process job change event because job with key Polling could not be found!
2024-10-26 02:40:00 [WRN] [ZQH.Abp.BackgroundTasks.Internal.JobExecutedEvent] [1976] [225] - Cannot process job change event because job with key Polling could not be found!
2024-10-26 02:40:00 [WRN] [ZQH.Abp.BackgroundTasks.Internal.JobExecutedEvent] [1976] [234] - Cannot process job change event because job with key Cleaning could not be found!
2024-10-26 02:40:30 [WRN] [ZQH.Abp.BackgroundTasks.Internal.JobExecutedEvent] [1976] [225] - Cannot process job change event because job with key Polling could not be found!
2024-10-26 02:41:00 [WRN] [ZQH.Abp.BackgroundTasks.Internal.JobExecutedEvent] [1976] [234] - Cannot process job change event because job with key Polling could not be found!
2024-10-26 02:41:30 [WRN] [ZQH.Abp.BackgroundTasks.Internal.JobExecutedEvent] [1976] [214] - Cannot process job change event because job with key Polling could not be found!
2024-10-26 02:42:00 [WRN] [ZQH.Abp.BackgroundTasks.Internal.JobExecutedEvent] [1976] [250] - Cannot process job change event because job with key Polling could not be found!
2024-10-26 02:42:30 [WRN] [ZQH.Abp.BackgroundTasks.Internal.JobExecutedEvent] [1976] [234] - Cannot process job change event because job with key Polling could not be found!
2024-10-26 02:43:00 [WRN] [ZQH.Abp.BackgroundTasks.Internal.JobExecutedEvent] [1976] [276] - Cannot process job change event because job with key Polling could not be found!
2024-10-26 02:43:30 [WRN] [ZQH.Abp.BackgroundTasks.Internal.JobExecutedEvent] [1976] [281] - Cannot process job change event because job with key Polling could not be found!
2024-10-26 02:44:00 [WRN] [ZQH.Abp.BackgroundTasks.Internal.JobExecutedEvent] [1976] [281] - Cannot process job change event because job with key Polling could not be found!
2024-10-26 02:44:30 [WRN] [ZQH.Abp.BackgroundTasks.Internal.JobExecutedEvent] [1976] [261] - Cannot process job change event because job with key Polling could not be found!
2024-10-26 02:45:00 [WRN] [ZQH.Abp.BackgroundTasks.Internal.JobExecutedEvent] [1976] [224] - Cannot process job change event because job with key Polling could not be found!
2024-10-26 02:45:30 [WRN] [ZQH.Abp.BackgroundTasks.Internal.JobExecutedEvent] [1976] [234] - Cannot process job change event because job with key Polling could not be found!
2024-10-26 02:46:00 [WRN] [ZQH.Abp.BackgroundTasks.Internal.JobExecutedEvent] [1976] [224] - Cannot process job change event because job with key Polling could not be found!
2024-10-26 02:46:30 [WRN] [ZQH.Abp.BackgroundTasks.Internal.JobExecutedEvent] [1976] [223] - Cannot process job change event because job with key Polling could not be found!
2024-10-26 02:47:00 [WRN] [ZQH.Abp.BackgroundTasks.Internal.JobExecutedEvent] [1976] [51] - Cannot process job change event because job with key Polling could not be found!
2024-10-26 02:47:30 [WRN] [ZQH.Abp.BackgroundTasks.Internal.JobExecutedEvent] [1976] [229] - Cannot process job change event because job with key Polling could not be found!
2024-10-26 02:48:00 [WRN] [ZQH.Abp.BackgroundTasks.Internal.JobExecutedEvent] [1976] [136] - Cannot process job change event because job with key Polling could not be found!
2024-10-26 02:48:30 [WRN] [ZQH.Abp.BackgroundTasks.Internal.JobExecutedEvent] [1976] [230] - Cannot process job change event because job with key Polling could not be found!
2024-10-26 02:49:00 [WRN] [ZQH.Abp.BackgroundTasks.Internal.JobExecutedEvent] [1976] [230] - Cannot process job change event because job with key Polling could not be found!
2024-10-26 02:49:30 [WRN] [ZQH.Abp.BackgroundTasks.Internal.JobExecutedEvent] [1976] [136] - Cannot process job change event because job with key Polling could not be found!
2024-10-26 02:50:00 [WRN] [ZQH.Abp.BackgroundTasks.Internal.JobExecutedEvent] [1976] [191] - Cannot process job change event because job with key Polling could not be found!
2024-10-26 02:50:00 [WRN] [ZQH.Abp.BackgroundTasks.Internal.JobExecutedEvent] [1976] [253] - Cannot process job change event because job with key Cleaning could not be found!
2024-10-26 02:50:30 [WRN] [ZQH.Abp.BackgroundTasks.Internal.JobExecutedEvent] [1976] [253] - Cannot process job change event because job with key Polling could not be found!
2024-10-26 02:51:00 [WRN] [ZQH.Abp.BackgroundTasks.Internal.JobExecutedEvent] [1976] [253] - Cannot process job change event because job with key Polling could not be found!
2024-10-26 02:51:30 [WRN] [ZQH.Abp.BackgroundTasks.Internal.JobExecutedEvent] [1976] [253] - Cannot process job change event because job with key Polling could not be found!
2024-10-26 02:52:00 [WRN] [ZQH.Abp.BackgroundTasks.Internal.JobExecutedEvent] [1976] [191] - Cannot process job change event because job with key Polling could not be found!
2024-10-26 02:52:30 [WRN] [ZQH.Abp.BackgroundTasks.Internal.JobExecutedEvent] [1976] [191] - Cannot process job change event because job with key Polling could not be found!
2024-10-26 02:53:00 [WRN] [ZQH.Abp.BackgroundTasks.Internal.JobExecutedEvent] [1976] [297] - Cannot process job change event because job with key Polling could not be found!
2024-10-26 02:53:30 [WRN] [ZQH.Abp.BackgroundTasks.Internal.JobExecutedEvent] [1976] [296] - Cannot process job change event because job with key Polling could not be found!
2024-10-26 02:54:00 [WRN] [ZQH.Abp.BackgroundTasks.Internal.JobExecutedEvent] [1976] [292] - Cannot process job change event because job with key Polling could not be found!
2024-10-26 02:54:30 [WRN] [ZQH.Abp.BackgroundTasks.Internal.JobExecutedEvent] [1976] [291] - Cannot process job change event because job with key Polling could not be found!
2024-10-26 02:55:00 [WRN] [ZQH.Abp.BackgroundTasks.Internal.JobExecutedEvent] [1976] [291] - Cannot process job change event because job with key Polling could not be found!
2024-10-26 02:55:30 [WRN] [ZQH.Abp.BackgroundTasks.Internal.JobExecutedEvent] [1976] [284] - Cannot process job change event because job with key Polling could not be found!
2024-10-26 02:56:00 [WRN] [ZQH.Abp.BackgroundTasks.Internal.JobExecutedEvent] [1976] [284] - Cannot process job change event because job with key Polling could not be found!
2024-10-26 02:56:30 [WRN] [ZQH.Abp.BackgroundTasks.Internal.JobExecutedEvent] [1976] [284] - Cannot process job change event because job with key Polling could not be found!
2024-10-26 02:57:00 [WRN] [ZQH.Abp.BackgroundTasks.Internal.JobExecutedEvent] [1976] [274] - Cannot process job change event because job with key Polling could not be found!
2024-10-26 02:57:30 [WRN] [ZQH.Abp.BackgroundTasks.Internal.JobExecutedEvent] [1976] [273] - Cannot process job change event because job with key Polling could not be found!
2024-10-26 02:58:00 [WRN] [ZQH.Abp.BackgroundTasks.Internal.JobExecutedEvent] [1976] [273] - Cannot process job change event because job with key Polling could not be found!
2024-10-26 02:58:30 [WRN] [ZQH.Abp.BackgroundTasks.Internal.JobExecutedEvent] [1976] [280] - Cannot process job change event because job with key Polling could not be found!
2024-10-26 02:59:00 [WRN] [ZQH.Abp.BackgroundTasks.Internal.JobExecutedEvent] [1976] [274] - Cannot process job change event because job with key Polling could not be found!
2024-10-26 02:59:30 [WRN] [ZQH.Abp.BackgroundTasks.Internal.JobExecutedEvent] [1976] [269] - Cannot process job change event because job with key Polling could not be found!
2024-10-26 03:00:00 [WRN] [ZQH.Abp.BackgroundTasks.Internal.JobExecutedEvent] [1976] [274] - Cannot process job change event because job with key Cleaning could not be found!
2024-10-26 03:00:00 [WRN] [ZQH.Abp.BackgroundTasks.Internal.JobExecutedEvent] [1976] [262] - Cannot process job change event because job with key Polling could not be found!
2024-10-26 03:00:30 [WRN] [ZQH.Abp.BackgroundTasks.Internal.JobExecutedEvent] [1976] [262] - Cannot process job change event because job with key Polling could not be found!
2024-10-26 03:01:00 [WRN] [ZQH.Abp.BackgroundTasks.Internal.JobExecutedEvent] [1976] [264] - Cannot process job change event because job with key Polling could not be found!
2024-10-26 03:01:30 [WRN] [ZQH.Abp.BackgroundTasks.Internal.JobExecutedEvent] [1976] [264] - Cannot process job change event because job with key Polling could not be found!
2024-10-26 03:02:00 [WRN] [ZQH.Abp.BackgroundTasks.Internal.JobExecutedEvent] [1976] [187] - Cannot process job change event because job with key Polling could not be found!
2024-10-26 03:02:30 [WRN] [ZQH.Abp.BackgroundTasks.Internal.JobExecutedEvent] [1976] [264] - Cannot process job change event because job with key Polling could not be found!
2024-10-26 03:03:00 [WRN] [ZQH.Abp.BackgroundTasks.Internal.JobExecutedEvent] [1976] [187] - Cannot process job change event because job with key Polling could not be found!
2024-10-26 03:03:30 [WRN] [ZQH.Abp.BackgroundTasks.Internal.JobExecutedEvent] [1976] [160] - Cannot process job change event because job with key Polling could not be found!
2024-10-26 03:04:00 [WRN] [ZQH.Abp.BackgroundTasks.Internal.JobExecutedEvent] [1976] [184] - Cannot process job change event because job with key Polling could not be found!
2024-10-26 03:04:30 [WRN] [ZQH.Abp.BackgroundTasks.Internal.JobExecutedEvent] [1976] [160] - Cannot process job change event because job with key Polling could not be found!
2024-10-26 03:05:00 [WRN] [ZQH.Abp.BackgroundTasks.Internal.JobExecutedEvent] [1976] [184] - Cannot process job change event because job with key Polling could not be found!
2024-10-26 03:05:30 [WRN] [ZQH.Abp.BackgroundTasks.Internal.JobExecutedEvent] [1976] [255] - Cannot process job change event because job with key Polling could not be found!
2024-10-26 03:06:00 [WRN] [ZQH.Abp.BackgroundTasks.Internal.JobExecutedEvent] [1976] [267] - Cannot process job change event because job with key Polling could not be found!
2024-10-26 03:06:30 [WRN] [ZQH.Abp.BackgroundTasks.Internal.JobExecutedEvent] [1976] [195] - Cannot process job change event because job with key Polling could not be found!
2024-10-26 03:07:00 [WRN] [ZQH.Abp.BackgroundTasks.Internal.JobExecutedEvent] [1976] [169] - Cannot process job change event because job with key Polling could not be found!
2024-10-26 03:07:30 [WRN] [ZQH.Abp.BackgroundTasks.Internal.JobExecutedEvent] [1976] [195] - Cannot process job change event because job with key Polling could not be found!
2024-10-26 03:08:00 [WRN] [ZQH.Abp.BackgroundTasks.Internal.JobExecutedEvent] [1976] [204] - Cannot process job change event because job with key Polling could not be found!
2024-10-26 03:08:30 [WRN] [ZQH.Abp.BackgroundTasks.Internal.JobExecutedEvent] [1976] [195] - Cannot process job change event because job with key Polling could not be found!
2024-10-26 03:09:00 [WRN] [ZQH.Abp.BackgroundTasks.Internal.JobExecutedEvent] [1976] [187] - Cannot process job change event because job with key Polling could not be found!
2024-10-26 03:09:30 [WRN] [ZQH.Abp.BackgroundTasks.Internal.JobExecutedEvent] [1976] [169] - Cannot process job change event because job with key Polling could not be found!
2024-10-26 03:10:00 [WRN] [ZQH.Abp.BackgroundTasks.Internal.JobExecutedEvent] [1976] [264] - Cannot process job change event because job with key Cleaning could not be found!
2024-10-26 03:10:00 [WRN] [ZQH.Abp.BackgroundTasks.Internal.JobExecutedEvent] [1976] [195] - Cannot process job change event because job with key Polling could not be found!
2024-10-26 03:10:30 [WRN] [ZQH.Abp.BackgroundTasks.Internal.JobExecutedEvent] [1976] [262] - Cannot process job change event because job with key Polling could not be found!
2024-10-26 03:11:00 [WRN] [ZQH.Abp.BackgroundTasks.Internal.JobExecutedEvent] [1976] [169] - Cannot process job change event because job with key Polling could not be found!
2024-10-26 03:11:30 [WRN] [ZQH.Abp.BackgroundTasks.Internal.JobExecutedEvent] [1976] [262] - Cannot process job change event because job with key Polling could not be found!
2024-10-26 03:12:00 [WRN] [ZQH.Abp.BackgroundTasks.Internal.JobExecutedEvent] [1976] [262] - Cannot process job change event because job with key Polling could not be found!
2024-10-26 03:12:30 [WRN] [ZQH.Abp.BackgroundTasks.Internal.JobExecutedEvent] [1976] [262] - Cannot process job change event because job with key Polling could not be found!
2024-10-26 03:13:00 [WRN] [ZQH.Abp.BackgroundTasks.Internal.JobExecutedEvent] [1976] [169] - Cannot process job change event because job with key Polling could not be found!
2024-10-26 03:13:30 [WRN] [ZQH.Abp.BackgroundTasks.Internal.JobExecutedEvent] [1976] [280] - Cannot process job change event because job with key Polling could not be found!
2024-10-26 03:14:00 [WRN] [ZQH.Abp.BackgroundTasks.Internal.JobExecutedEvent] [1976] [280] - Cannot process job change event because job with key Polling could not be found!
2024-10-26 03:14:30 [WRN] [ZQH.Abp.BackgroundTasks.Internal.JobExecutedEvent] [1976] [279] - Cannot process job change event because job with key Polling could not be found!
2024-10-26 03:15:00 [WRN] [ZQH.Abp.BackgroundTasks.Internal.JobExecutedEvent] [1976] [296] - Cannot process job change event because job with key Polling could not be found!
2024-10-26 03:15:30 [WRN] [ZQH.Abp.BackgroundTasks.Internal.JobExecutedEvent] [1976] [292] - Cannot process job change event because job with key Polling could not be found!
2024-10-26 03:16:00 [WRN] [ZQH.Abp.BackgroundTasks.Internal.JobExecutedEvent] [1976] [292] - Cannot process job change event because job with key Polling could not be found!
2024-10-26 03:16:30 [WRN] [ZQH.Abp.BackgroundTasks.Internal.JobExecutedEvent] [1976] [297] - Cannot process job change event because job with key Polling could not be found!
2024-10-26 03:17:00 [WRN] [ZQH.Abp.BackgroundTasks.Internal.JobExecutedEvent] [1976] [297] - Cannot process job change event because job with key Polling could not be found!
2024-10-26 03:17:39 [WRN] [ZQH.Abp.BackgroundTasks.Internal.JobExecutedEvent] [1976] [44] - Cannot process job change event because job with key Polling could not be found!
2024-10-26 03:18:05 [WRN] [ZQH.Abp.BackgroundTasks.Internal.JobExecutedEvent] [1976] [296] - Cannot process job change event because job with key Polling could not be found!
2024-10-26 03:18:30 [WRN] [ZQH.Abp.BackgroundTasks.Internal.JobExecutedEvent] [1976] [212] - Cannot process job change event because job with key Polling could not be found!
2024-10-26 03:19:00 [WRN] [ZQH.Abp.BackgroundTasks.Internal.JobExecutedEvent] [1976] [216] - Cannot process job change event because job with key Polling could not be found!
2024-10-26 03:19:30 [WRN] [ZQH.Abp.BackgroundTasks.Internal.JobExecutedEvent] [1976] [136] - Cannot process job change event because job with key Polling could not be found!
2024-10-26 03:20:00 [WRN] [ZQH.Abp.BackgroundTasks.Internal.JobExecutedEvent] [1976] [221] - Cannot process job change event because job with key Cleaning could not be found!
2024-10-26 03:20:00 [WRN] [ZQH.Abp.BackgroundTasks.Internal.JobExecutedEvent] [1976] [136] - Cannot process job change event because job with key Polling could not be found!
2024-10-26 03:20:30 [WRN] [ZQH.Abp.BackgroundTasks.Internal.JobExecutedEvent] [1976] [276] - Cannot process job change event because job with key Polling could not be found!
2024-10-26 03:21:00 [WRN] [ZQH.Abp.BackgroundTasks.Internal.JobExecutedEvent] [1976] [257] - Cannot process job change event because job with key Polling could not be found!
2024-10-26 03:21:30 [WRN] [ZQH.Abp.BackgroundTasks.Internal.JobExecutedEvent] [1976] [29] - Cannot process job change event because job with key Polling could not be found!
2024-10-26 03:22:00 [WRN] [ZQH.Abp.BackgroundTasks.Internal.JobExecutedEvent] [1976] [29] - Cannot process job change event because job with key Polling could not be found!
2024-10-26 03:22:30 [WRN] [ZQH.Abp.BackgroundTasks.Internal.JobExecutedEvent] [1976] [29] - Cannot process job change event because job with key Polling could not be found!
2024-10-26 03:22:32 [WRN] [Microsoft.AspNetCore.Http.ResponseCookies] [1976] [29] - The cookie 'XSRF-TOKEN' has set 'SameSite=None' and must also set 'Secure'.
2024-10-26 03:22:51 [WRN] [Microsoft.AspNetCore.Http.ResponseCookies] [1976] [217] - The cookie 'XSRF-TOKEN' has set 'SameSite=None' and must also set 'Secure'.
2024-10-26 03:23:00 [WRN] [ZQH.Abp.BackgroundTasks.Internal.JobExecutedEvent] [1976] [235] - Cannot process job change event because job with key Polling could not be found!
2024-10-26 03:23:30 [WRN] [ZQH.Abp.BackgroundTasks.Internal.JobExecutedEvent] [1976] [222] - Cannot process job change event because job with key Polling could not be found!
2024-10-26 03:24:00 [WRN] [ZQH.Abp.BackgroundTasks.Internal.JobExecutedEvent] [1976] [219] - Cannot process job change event because job with key Polling could not be found!
2024-10-26 03:24:30 [WRN] [ZQH.Abp.BackgroundTasks.Internal.JobExecutedEvent] [1976] [238] - Cannot process job change event because job with key Polling could not be found!
2024-10-26 03:24:32 [WRN] [Microsoft.AspNetCore.Http.ResponseCookies] [1976] [222] - The cookie 'XSRF-TOKEN' has set 'SameSite=None' and must also set 'Secure'.
2024-10-26 03:24:44 [WRN] [Microsoft.AspNetCore.Http.ResponseCookies] [1976] [222] - The cookie 'XSRF-TOKEN' has set 'SameSite=None' and must also set 'Secure'.
2024-10-26 03:25:00 [WRN] [ZQH.Abp.BackgroundTasks.Internal.JobExecutedEvent] [1976] [222] - Cannot process job change event because job with key Polling could not be found!
2024-10-26 03:25:30 [WRN] [ZQH.Abp.BackgroundTasks.Internal.JobExecutedEvent] [1976] [235] - Cannot process job change event because job with key Polling could not be found!
2024-10-26 03:26:00 [WRN] [ZQH.Abp.BackgroundTasks.Internal.JobExecutedEvent] [1976] [270] - Cannot process job change event because job with key Polling could not be found!
2024-10-26 03:26:30 [WRN] [ZQH.Abp.BackgroundTasks.Internal.JobExecutedEvent] [1976] [270] - Cannot process job change event because job with key Polling could not be found!
2024-10-26 03:27:00 [WRN] [ZQH.Abp.BackgroundTasks.Internal.JobExecutedEvent] [1976] [288] - Cannot process job change event because job with key Polling could not be found!
2024-10-26 03:27:30 [WRN] [ZQH.Abp.BackgroundTasks.Internal.JobExecutedEvent] [1976] [215] - Cannot process job change event because job with key Polling could not be found!
2024-10-26 03:28:00 [WRN] [ZQH.Abp.BackgroundTasks.Internal.JobExecutedEvent] [1976] [289] - Cannot process job change event because job with key Polling could not be found!
2024-10-26 03:28:30 [WRN] [ZQH.Abp.BackgroundTasks.Internal.JobExecutedEvent] [1976] [289] - Cannot process job change event because job with key Polling could not be found!
2024-10-26 03:29:00 [WRN] [ZQH.Abp.BackgroundTasks.Internal.JobExecutedEvent] [1976] [227] - Cannot process job change event because job with key Polling could not be found!
2024-10-26 03:29:30 [WRN] [ZQH.Abp.BackgroundTasks.Internal.JobExecutedEvent] [1976] [241] - Cannot process job change event because job with key Polling could not be found!
2024-10-26 03:30:00 [WRN] [ZQH.Abp.BackgroundTasks.Internal.JobExecutedEvent] [1976] [249] - Cannot process job change event because job with key Polling could not be found!
2024-10-26 03:30:00 [WRN] [ZQH.Abp.BackgroundTasks.Internal.JobExecutedEvent] [1976] [251] - Cannot process job change event because job with key Cleaning could not be found!
2024-10-26 03:30:30 [WRN] [ZQH.Abp.BackgroundTasks.Internal.JobExecutedEvent] [1976] [215] - Cannot process job change event because job with key Polling could not be found!
2024-10-26 03:31:00 [WRN] [ZQH.Abp.BackgroundTasks.Internal.JobExecutedEvent] [1976] [248] - Cannot process job change event because job with key Polling could not be found!
2024-10-26 03:31:30 [WRN] [ZQH.Abp.BackgroundTasks.Internal.JobExecutedEvent] [1976] [248] - Cannot process job change event because job with key Polling could not be found!
2024-10-26 03:32:00 [WRN] [ZQH.Abp.BackgroundTasks.Internal.JobExecutedEvent] [1976] [248] - Cannot process job change event because job with key Polling could not be found!
2024-10-26 03:32:30 [WRN] [ZQH.Abp.BackgroundTasks.Internal.JobExecutedEvent] [1976] [213] - Cannot process job change event because job with key Polling could not be found!
2024-10-26 03:33:00 [WRN] [ZQH.Abp.BackgroundTasks.Internal.JobExecutedEvent] [1976] [213] - Cannot process job change event because job with key Polling could not be found!
2024-10-26 03:33:30 [WRN] [ZQH.Abp.BackgroundTasks.Internal.JobExecutedEvent] [1976] [213] - Cannot process job change event because job with key Polling could not be found!
2024-10-26 03:34:00 [WRN] [ZQH.Abp.BackgroundTasks.Internal.JobExecutedEvent] [1976] [220] - Cannot process job change event because job with key Polling could not be found!
2024-10-26 03:34:30 [WRN] [ZQH.Abp.BackgroundTasks.Internal.JobExecutedEvent] [1976] [180] - Cannot process job change event because job with key Polling could not be found!
2024-10-26 03:35:00 [WRN] [ZQH.Abp.BackgroundTasks.Internal.JobExecutedEvent] [1976] [180] - Cannot process job change event because job with key Polling could not be found!
2024-10-26 03:35:30 [WRN] [ZQH.Abp.BackgroundTasks.Internal.JobExecutedEvent] [1976] [180] - Cannot process job change event because job with key Polling could not be found!
2024-10-26 03:36:00 [WRN] [ZQH.Abp.BackgroundTasks.Internal.JobExecutedEvent] [1976] [180] - Cannot process job change event because job with key Polling could not be found!
2024-10-26 03:36:30 [WRN] [ZQH.Abp.BackgroundTasks.Internal.JobExecutedEvent] [1976] [203] - Cannot process job change event because job with key Polling could not be found!
2024-10-26 03:37:00 [WRN] [ZQH.Abp.BackgroundTasks.Internal.JobExecutedEvent] [1976] [209] - Cannot process job change event because job with key Polling could not be found!
2024-10-26 03:37:30 [WRN] [ZQH.Abp.BackgroundTasks.Internal.JobExecutedEvent] [1976] [203] - Cannot process job change event because job with key Polling could not be found!
2024-10-26 03:38:00 [WRN] [ZQH.Abp.BackgroundTasks.Internal.JobExecutedEvent] [1976] [209] - Cannot process job change event because job with key Polling could not be found!
2024-10-26 03:38:30 [WRN] [ZQH.Abp.BackgroundTasks.Internal.JobExecutedEvent] [1976] [203] - Cannot process job change event because job with key Polling could not be found!
2024-10-26 03:39:00 [WRN] [ZQH.Abp.BackgroundTasks.Internal.JobExecutedEvent] [1976] [202] - Cannot process job change event because job with key Polling could not be found!
2024-10-26 03:39:30 [WRN] [ZQH.Abp.BackgroundTasks.Internal.JobExecutedEvent] [1976] [198] - Cannot process job change event because job with key Polling could not be found!
2024-10-26 03:40:00 [WRN] [ZQH.Abp.BackgroundTasks.Internal.JobExecutedEvent] [1976] [198] - Cannot process job change event because job with key Cleaning could not be found!
2024-10-26 03:40:00 [WRN] [ZQH.Abp.BackgroundTasks.Internal.JobExecutedEvent] [1976] [202] - Cannot process job change event because job with key Polling could not be found!
2024-10-26 03:40:30 [WRN] [ZQH.Abp.BackgroundTasks.Internal.JobExecutedEvent] [1976] [198] - Cannot process job change event because job with key Polling could not be found!
2024-10-26 03:41:00 [WRN] [ZQH.Abp.BackgroundTasks.Internal.JobExecutedEvent] [1976] [198] - Cannot process job change event because job with key Polling could not be found!
2024-10-26 03:41:30 [WRN] [ZQH.Abp.BackgroundTasks.Internal.JobExecutedEvent] [1976] [203] - Cannot process job change event because job with key Polling could not be found!
2024-10-26 03:42:00 [WRN] [ZQH.Abp.BackgroundTasks.Internal.JobExecutedEvent] [1976] [203] - Cannot process job change event because job with key Polling could not be found!
2024-10-26 03:42:30 [WRN] [ZQH.Abp.BackgroundTasks.Internal.JobExecutedEvent] [1976] [200] - Cannot process job change event because job with key Polling could not be found!
2024-10-26 03:43:00 [WRN] [ZQH.Abp.BackgroundTasks.Internal.JobExecutedEvent] [1976] [198] - Cannot process job change event because job with key Polling could not be found!
2024-10-26 03:43:30 [WRN] [ZQH.Abp.BackgroundTasks.Internal.JobExecutedEvent] [1976] [189] - Cannot process job change event because job with key Polling could not be found!
2024-10-26 03:44:00 [WRN] [ZQH.Abp.BackgroundTasks.Internal.JobExecutedEvent] [1976] [200] - Cannot process job change event because job with key Polling could not be found!
2024-10-26 03:44:30 [WRN] [ZQH.Abp.BackgroundTasks.Internal.JobExecutedEvent] [1976] [22] - Cannot process job change event because job with key Polling could not be found!
2024-10-26 03:45:00 [WRN] [ZQH.Abp.BackgroundTasks.Internal.JobExecutedEvent] [1976] [200] - Cannot process job change event because job with key Polling could not be found!
2024-10-26 03:45:30 [WRN] [ZQH.Abp.BackgroundTasks.Internal.JobExecutedEvent] [1976] [176] - Cannot process job change event because job with key Polling could not be found!
2024-10-26 03:46:00 [WRN] [ZQH.Abp.BackgroundTasks.Internal.JobExecutedEvent] [1976] [200] - Cannot process job change event because job with key Polling could not be found!
2024-10-26 03:46:30 [WRN] [ZQH.Abp.BackgroundTasks.Internal.JobExecutedEvent] [1976] [76] - Cannot process job change event because job with key Polling could not be found!
2024-10-26 03:47:00 [WRN] [ZQH.Abp.BackgroundTasks.Internal.JobExecutedEvent] [1976] [52] - Cannot process job change event because job with key Polling could not be found!
2024-10-26 03:47:30 [WRN] [ZQH.Abp.BackgroundTasks.Internal.JobExecutedEvent] [1976] [33] - Cannot process job change event because job with key Polling could not be found!
2024-10-26 03:48:00 [WRN] [ZQH.Abp.BackgroundTasks.Internal.JobExecutedEvent] [1976] [52] - Cannot process job change event because job with key Polling could not be found!
2024-10-26 03:48:30 [WRN] [ZQH.Abp.BackgroundTasks.Internal.JobExecutedEvent] [1976] [52] - Cannot process job change event because job with key Polling could not be found!
2024-10-26 03:49:00 [WRN] [ZQH.Abp.BackgroundTasks.Internal.JobExecutedEvent] [1976] [52] - Cannot process job change event because job with key Polling could not be found!
2024-10-26 03:49:30 [WRN] [ZQH.Abp.BackgroundTasks.Internal.JobExecutedEvent] [1976] [200] - Cannot process job change event because job with key Polling could not be found!
2024-10-26 03:50:00 [WRN] [ZQH.Abp.BackgroundTasks.Internal.JobExecutedEvent] [1976] [251] - Cannot process job change event because job with key Cleaning could not be found!
2024-10-26 03:50:00 [WRN] [ZQH.Abp.BackgroundTasks.Internal.JobExecutedEvent] [1976] [247] - Cannot process job change event because job with key Polling could not be found!
2024-10-26 03:50:30 [WRN] [ZQH.Abp.BackgroundTasks.Internal.JobExecutedEvent] [1976] [249] - Cannot process job change event because job with key Polling could not be found!
2024-10-26 03:51:00 [WRN] [ZQH.Abp.BackgroundTasks.Internal.JobExecutedEvent] [1976] [245] - Cannot process job change event because job with key Polling could not be found!
2024-10-26 03:51:30 [WRN] [ZQH.Abp.BackgroundTasks.Internal.JobExecutedEvent] [1976] [245] - Cannot process job change event because job with key Polling could not be found!
2024-10-26 03:52:00 [WRN] [ZQH.Abp.BackgroundTasks.Internal.JobExecutedEvent] [1976] [245] - Cannot process job change event because job with key Polling could not be found!
2024-10-26 03:52:30 [WRN] [ZQH.Abp.BackgroundTasks.Internal.JobExecutedEvent] [1976] [247] - Cannot process job change event because job with key Polling could not be found!
2024-10-26 03:53:00 [WRN] [ZQH.Abp.BackgroundTasks.Internal.JobExecutedEvent] [1976] [245] - Cannot process job change event because job with key Polling could not be found!
2024-10-26 03:53:30 [WRN] [ZQH.Abp.BackgroundTasks.Internal.JobExecutedEvent] [1976] [245] - Cannot process job change event because job with key Polling could not be found!
2024-10-26 03:54:00 [WRN] [ZQH.Abp.BackgroundTasks.Internal.JobExecutedEvent] [1976] [285] - Cannot process job change event because job with key Polling could not be found!
2024-10-26 03:54:30 [WRN] [ZQH.Abp.BackgroundTasks.Internal.JobExecutedEvent] [1976] [247] - Cannot process job change event because job with key Polling could not be found!
2024-10-26 03:55:00 [WRN] [ZQH.Abp.BackgroundTasks.Internal.JobExecutedEvent] [1976] [285] - Cannot process job change event because job with key Polling could not be found!
2024-10-26 03:55:30 [WRN] [ZQH.Abp.BackgroundTasks.Internal.JobExecutedEvent] [1976] [288] - Cannot process job change event because job with key Polling could not be found!
2024-10-26 03:56:00 [WRN] [ZQH.Abp.BackgroundTasks.Internal.JobExecutedEvent] [1976] [288] - Cannot process job change event because job with key Polling could not be found!
2024-10-26 03:56:30 [WRN] [ZQH.Abp.BackgroundTasks.Internal.JobExecutedEvent] [1976] [288] - Cannot process job change event because job with key Polling could not be found!
2024-10-26 03:57:00 [WRN] [ZQH.Abp.BackgroundTasks.Internal.JobExecutedEvent] [1976] [285] - Cannot process job change event because job with key Polling could not be found!
2024-10-26 03:57:30 [WRN] [ZQH.Abp.BackgroundTasks.Internal.JobExecutedEvent] [1976] [282] - Cannot process job change event because job with key Polling could not be found!
2024-10-26 03:58:00 [WRN] [ZQH.Abp.BackgroundTasks.Internal.JobExecutedEvent] [1976] [289] - Cannot process job change event because job with key Polling could not be found!
2024-10-26 03:58:30 [WRN] [ZQH.Abp.BackgroundTasks.Internal.JobExecutedEvent] [1976] [289] - Cannot process job change event because job with key Polling could not be found!
2024-10-26 03:59:00 [WRN] [ZQH.Abp.BackgroundTasks.Internal.JobExecutedEvent] [1976] [238] - Cannot process job change event because job with key Polling could not be found!
2024-10-26 03:59:30 [WRN] [ZQH.Abp.BackgroundTasks.Internal.JobExecutedEvent] [1976] [272] - Cannot process job change event because job with key Polling could not be found!
2024-10-26 04:00:00 [WRN] [ZQH.Abp.BackgroundTasks.Internal.JobExecutedEvent] [1976] [272] - Cannot process job change event because job with key Checking could not be found!
2024-10-26 04:00:00 [WRN] [ZQH.Abp.BackgroundTasks.Internal.JobExecutedEvent] [1976] [237] - Cannot process job change event because job with key Cleaning could not be found!
2024-10-26 04:00:00 [WRN] [ZQH.Abp.BackgroundTasks.Internal.JobExecutedEvent] [1976] [214] - Cannot process job change event because job with key Polling could not be found!
2024-10-26 04:00:30 [WRN] [ZQH.Abp.BackgroundTasks.Internal.JobExecutedEvent] [1976] [237] - Cannot process job change event because job with key Polling could not be found!
2024-10-26 06:06:04 [WRN] [DotNetCore.CAP.Internal.ConsumerRegister] [1976] [237] - RabbitMQ consumer cancelled. --> amq.ctag-f2sJnbXAIZqO0zPgxv90mg
2024-10-26 09:47:48 [WRN] [DotNetCore.CAP.Internal.ConsumerRegister] [1976] [237] - RabbitMQ consumer shutdown. --> Unexpected Exception: Unable to read data from the transport connection: 远程主机强迫关闭了一个现有的连接。.
2024-10-26 09:47:48 [WRN] [DotNetCore.CAP.Internal.ConsumerRegister] [1976] [272] - RabbitMQ consumer cancelled. --> amq.ctag-L7G0JPElBLQYdTpmiOksVg
2024-10-26 09:47:53 [WRN] [DotNetCore.CAP.Internal.ConsumerRegister] [1976] [272] - RabbitMQ consumer shutdown. --> Unexpected Exception: Unable to read data from the transport connection: 远程主机强迫关闭了一个现有的连接。.
2024-10-26 09:47:53 [WRN] [ZQH.Abp.BackgroundTasks.Quartz.QuartzJobListener] [1976] [261] - The task BackgroundPollingJob could not be performed, Because it is being scheduled by another job scheduler
2024-10-26 09:47:53 [WRN] [ZQH.Abp.BackgroundTasks.Quartz.QuartzJobListener] [1976] [272] - The task BackgroundPollingJob could not be performed, Because it is being scheduled by another job scheduler
2024-10-26 09:47:54 [WRN] [ZQH.Abp.BackgroundTasks.Internal.JobExecutedEvent] [1976] [272] - Cannot process job change event because job with key Cleaning could not be found!
2024-10-26 09:47:54 [WRN] [ZQH.Abp.BackgroundTasks.Internal.JobExecutedEvent] [1976] [235] - Cannot process job change event because job with key Polling could not be found!
2024-10-26 09:47:55 [WRN] [ZQH.Abp.BackgroundTasks.Internal.JobExecutedEvent] [1976] [208] - Cannot process job change event because job with key Checking could not be found!
2024-10-26 09:48:01 [WRN] [ZQH.Abp.BackgroundTasks.Internal.JobExecutedEvent] [1976] [208] - Cannot process job change event because job with key Polling could not be found!
