2024-10-20 18:50:26 [WRN] [ZQH.Abp.EventBus.CAP.AbpCAPConsumerServiceSelector] [23112] [10] - We detected that you have duplicate subscribers (abp.multi_tenancy.tenant.connection_string.updated) in same group (TaskManagement.v1), this will cause diversity behavior.
2024-10-20 18:50:30 [WRN] [ZQH.Abp.AuditLogging.Elasticsearch.IndexInitializer] [23112] [11] - Failed to initialize index and audit log may not be retrieved.
2024-10-20 18:50:30 [WRN] [ZQH.Abp.AuditLogging.Elasticsearch.IndexInitializer] [23112] [11] - Elasticsearch.Net.ElasticsearchClientException: The client is unable to verify that the server is Elasticsearch due to an unsuccessful product check call. Some functionality may not be compatible if the server is running an unsupported product. Call: Status code unknown from: GET /
 ---> Elasticsearch.Net.PipelineException: The client is unable to verify that the server is Elasticsearch due to an unsuccessful product check call. Some functionality may not be compatible if the server is running an unsupported product.
 ---> System.Net.Http.HttpRequestException: 由于目标计算机积极拒绝，无法连接。 (127.0.0.1:9200)
 ---> System.Net.Sockets.SocketException (10061): 由于目标计算机积极拒绝，无法连接。
   at System.Net.Sockets.Socket.AwaitableSocketAsyncEventArgs.ThrowException(SocketError error, CancellationToken cancellationToken)
   at System.Net.Sockets.Socket.AwaitableSocketAsyncEventArgs.System.Threading.Tasks.Sources.IValueTaskSource.GetResult(Int16 token)
   at System.Net.Sockets.Socket.<ConnectAsync>g__WaitForConnectWithCancellation|285_0(AwaitableSocketAsyncEventArgs saea, ValueTask connectTask, CancellationToken cancellationToken)
   at System.Net.Http.HttpConnectionPool.ConnectToTcpHostAsync(String host, Int32 port, HttpRequestMessage initialRequest, Boolean async, CancellationToken cancellationToken)
   --- End of inner exception stack trace ---
   at System.Net.Http.HttpConnectionPool.ConnectToTcpHostAsync(String host, Int32 port, HttpRequestMessage initialRequest, Boolean async, CancellationToken cancellationToken)
   at System.Net.Http.HttpConnectionPool.ConnectAsync(HttpRequestMessage request, Boolean async, CancellationToken cancellationToken)
   at System.Net.Http.HttpConnectionPool.CreateHttp11ConnectionAsync(HttpRequestMessage request, Boolean async, CancellationToken cancellationToken)
   at System.Net.Http.HttpConnectionPool.AddHttp11ConnectionAsync(QueueItem queueItem)
   at System.Threading.Tasks.TaskCompletionSourceWithCancellation`1.WaitWithCancellationAsync(CancellationToken cancellationToken)
   at System.Net.Http.HttpConnectionPool.SendWithVersionDetectionAndRetryAsync(HttpRequestMessage request, Boolean async, Boolean doRequestAuth, CancellationToken cancellationToken)
   at System.Net.Http.DiagnosticsHandler.SendAsyncCore(HttpRequestMessage request, Boolean async, CancellationToken cancellationToken)
   at System.Net.Http.RedirectHandler.SendAsync(HttpRequestMessage request, Boolean async, CancellationToken cancellationToken)
   at System.Net.Http.HttpClient.<SendAsync>g__Core|83_0(HttpRequestMessage request, HttpCompletionOption completionOption, CancellationTokenSource cts, Boolean disposeCts, CancellationTokenSource pendingRequestsCts, CancellationToken originalCancellationToken)
   at Elasticsearch.Net.HttpConnection.RequestAsync[TResponse](RequestData requestData, CancellationToken cancellationToken)
   --- End of inner exception stack trace ---
   at Elasticsearch.Net.RequestPipeline.ThrowIfTransientProductCheckFailure()
   at Elasticsearch.Net.RequestPipeline.PingAsync(Node node, CancellationToken cancellationToken)
   at Elasticsearch.Net.Transport`1.PingAsync(IRequestPipeline pipeline, Node node, CancellationToken cancellationToken)
   at Elasticsearch.Net.Transport`1.RequestAsync[TResponse](HttpMethod method, String path, CancellationToken cancellationToken, PostData data, IRequestParameters requestParameters)
   --- End of inner exception stack trace ---
2024-10-20 18:50:32 [WRN] [ZQH.Abp.BackgroundTasks.Internal.JobExecutedEvent] [23112] [7] - Cannot process job change event because job with key Polling could not be found!
2024-10-20 18:50:34 [WRN] [ZQH.Abp.AuditLogging.Elasticsearch.IndexInitializer] [23112] [28] - Failed to initialize index and security log may not be retrieved.
2024-10-20 18:50:34 [WRN] [ZQH.Abp.AuditLogging.Elasticsearch.IndexInitializer] [23112] [28] - Elasticsearch.Net.ElasticsearchClientException: The client is unable to verify that the server is Elasticsearch due to an unsuccessful product check call. Some functionality may not be compatible if the server is running an unsupported product. Call: Status code unknown from: GET /
 ---> Elasticsearch.Net.PipelineException: The client is unable to verify that the server is Elasticsearch due to an unsuccessful product check call. Some functionality may not be compatible if the server is running an unsupported product.
 ---> System.Net.Http.HttpRequestException: 由于目标计算机积极拒绝，无法连接。 (127.0.0.1:9200)
 ---> System.Net.Sockets.SocketException (10061): 由于目标计算机积极拒绝，无法连接。
   at System.Net.Sockets.Socket.AwaitableSocketAsyncEventArgs.ThrowException(SocketError error, CancellationToken cancellationToken)
   at System.Net.Sockets.Socket.AwaitableSocketAsyncEventArgs.System.Threading.Tasks.Sources.IValueTaskSource.GetResult(Int16 token)
   at System.Net.Sockets.Socket.<ConnectAsync>g__WaitForConnectWithCancellation|285_0(AwaitableSocketAsyncEventArgs saea, ValueTask connectTask, CancellationToken cancellationToken)
   at System.Net.Http.HttpConnectionPool.ConnectToTcpHostAsync(String host, Int32 port, HttpRequestMessage initialRequest, Boolean async, CancellationToken cancellationToken)
   --- End of inner exception stack trace ---
   at System.Net.Http.HttpConnectionPool.ConnectToTcpHostAsync(String host, Int32 port, HttpRequestMessage initialRequest, Boolean async, CancellationToken cancellationToken)
   at System.Net.Http.HttpConnectionPool.ConnectAsync(HttpRequestMessage request, Boolean async, CancellationToken cancellationToken)
   at System.Net.Http.HttpConnectionPool.CreateHttp11ConnectionAsync(HttpRequestMessage request, Boolean async, CancellationToken cancellationToken)
   at System.Net.Http.HttpConnectionPool.AddHttp11ConnectionAsync(QueueItem queueItem)
   at System.Threading.Tasks.TaskCompletionSourceWithCancellation`1.WaitWithCancellationAsync(CancellationToken cancellationToken)
   at System.Net.Http.HttpConnectionPool.SendWithVersionDetectionAndRetryAsync(HttpRequestMessage request, Boolean async, Boolean doRequestAuth, CancellationToken cancellationToken)
   at System.Net.Http.DiagnosticsHandler.SendAsyncCore(HttpRequestMessage request, Boolean async, CancellationToken cancellationToken)
   at System.Net.Http.RedirectHandler.SendAsync(HttpRequestMessage request, Boolean async, CancellationToken cancellationToken)
   at System.Net.Http.HttpClient.<SendAsync>g__Core|83_0(HttpRequestMessage request, HttpCompletionOption completionOption, CancellationTokenSource cts, Boolean disposeCts, CancellationTokenSource pendingRequestsCts, CancellationToken originalCancellationToken)
   at Elasticsearch.Net.HttpConnection.RequestAsync[TResponse](RequestData requestData, CancellationToken cancellationToken)
   --- End of inner exception stack trace ---
   at Elasticsearch.Net.RequestPipeline.ThrowIfTransientProductCheckFailure()
   at Elasticsearch.Net.RequestPipeline.PingAsync(Node node, CancellationToken cancellationToken)
   at Elasticsearch.Net.Transport`1.PingAsync(IRequestPipeline pipeline, Node node, CancellationToken cancellationToken)
   at Elasticsearch.Net.Transport`1.RequestAsync[TResponse](HttpMethod method, String path, CancellationToken cancellationToken, PostData data, IRequestParameters requestParameters)
   --- End of inner exception stack trace ---
2024-10-20 18:51:00 [WRN] [ZQH.Abp.BackgroundTasks.Internal.JobExecutedEvent] [23112] [7] - Cannot process job change event because job with key Polling could not be found!
2024-10-20 18:52:04 [WRN] [ZQH.Abp.BackgroundTasks.Quartz.QuartzJobListener] [23112] [7] - The task BackgroundPollingJob could not be performed, Because it is being scheduled by another job scheduler
2024-10-20 18:52:06 [WRN] [ZQH.Abp.BackgroundTasks.Internal.JobExecutedEvent] [23112] [28] - Cannot process job change event because job with key Polling could not be found!
2024-10-20 18:52:30 [WRN] [ZQH.Abp.BackgroundTasks.Internal.JobExecutedEvent] [23112] [28] - Cannot process job change event because job with key Polling could not be found!
2024-10-20 18:53:00 [WRN] [ZQH.Abp.BackgroundTasks.Internal.JobExecutedEvent] [23112] [38] - Cannot process job change event because job with key Polling could not be found!
2024-10-20 18:53:30 [WRN] [ZQH.Abp.BackgroundTasks.Internal.JobExecutedEvent] [23112] [37] - Cannot process job change event because job with key Polling could not be found!
2024-10-20 18:53:37 [WRN] [Microsoft.AspNetCore.Http.ResponseCookies] [23112] [37] - The cookie 'XSRF-TOKEN' has set 'SameSite=None' and must also set 'Secure'.
2024-10-20 18:53:50 [WRN] [Volo.Abp.Caching.DistributedCache] [23112] [38] - The operation was canceled.
System.OperationCanceledException: The operation was canceled.
   at System.Threading.CancellationToken.ThrowOperationCanceledException()
   at System.Threading.CancellationToken.ThrowIfCancellationRequested()
   at Volo.Abp.Caching.StackExchangeRedis.AbpRedisCache.GetAndRefreshManyAsync(IEnumerable`1 keys, Boolean getData, CancellationToken token)
   at Volo.Abp.Caching.StackExchangeRedis.AbpRedisCache.GetManyAsync(IEnumerable`1 keys, CancellationToken token)
   at Volo.Abp.Caching.DistributedCache`2.GetManyAsync(IEnumerable`1 keys, Nullable`1 hideErrors, Boolean considerUow, CancellationToken token)
2024-10-20 18:53:50 [ERR] [Microsoft.EntityFrameworkCore.Database.Connection] [23112] [38] - An error occurred using the connection to database 'Platform-V8.2' on server '127.0.0.1'.
2024-10-20 18:53:50 [ERR] [Volo.Abp.AspNetCore.Mvc.ExceptionHandling.AbpExceptionFilter] [23112] [38] - ---------- RemoteServiceErrorInfo ----------
{
  "code": null,
  "message": "对不起，在处理您的请求期间产生了一个服务器内部错误！！",
  "details": null,
  "data": {},
  "validationErrors": null
}

2024-10-20 18:53:50 [ERR] [Volo.Abp.AspNetCore.Mvc.ExceptionHandling.AbpExceptionFilter] [23112] [38] - The operation was canceled.
System.OperationCanceledException: The operation was canceled.
   at System.Threading.CancellationToken.ThrowOperationCanceledException()
   at System.Threading.CancellationToken.ThrowIfCancellationRequested()
   at MySqlConnector.MySqlConnection.OpenAsync(Nullable`1 ioBehavior, CancellationToken cancellationToken) in /_/src/MySqlConnector/MySqlConnection.cs:line 390
   at Microsoft.EntityFrameworkCore.Storage.RelationalConnection.OpenInternalAsync(Boolean errorsExpected, CancellationToken cancellationToken)
   at Microsoft.EntityFrameworkCore.Storage.RelationalConnection.OpenInternalAsync(Boolean errorsExpected, CancellationToken cancellationToken)
   at Microsoft.EntityFrameworkCore.Storage.RelationalConnection.OpenAsync(CancellationToken cancellationToken, Boolean errorsExpected)
   at Pomelo.EntityFrameworkCore.MySql.Storage.Internal.MySqlRelationalConnection.OpenAsync(CancellationToken cancellationToken, Boolean errorsExpected)
   at Microsoft.EntityFrameworkCore.Storage.RelationalCommand.ExecuteReaderAsync(RelationalCommandParameterObject parameterObject, CancellationToken cancellationToken)
   at Microsoft.EntityFrameworkCore.Query.Internal.SplitQueryingEnumerable`1.AsyncEnumerator.InitializeReaderAsync(AsyncEnumerator enumerator, CancellationToken cancellationToken)
   at Pomelo.EntityFrameworkCore.MySql.Storage.Internal.MySqlExecutionStrategy.ExecuteAsync[TState,TResult](TState state, Func`4 operation, Func`4 verifySucceeded, CancellationToken cancellationToken)
   at Microsoft.EntityFrameworkCore.Query.Internal.SplitQueryingEnumerable`1.AsyncEnumerator.MoveNextAsync()
   at Microsoft.EntityFrameworkCore.EntityFrameworkQueryableExtensions.ToListAsync[TSource](IQueryable`1 source, CancellationToken cancellationToken)
   at Microsoft.EntityFrameworkCore.EntityFrameworkQueryableExtensions.ToListAsync[TSource](IQueryable`1 source, CancellationToken cancellationToken)
   at Volo.Abp.SettingManagement.EntityFrameworkCore.EfCoreSettingRepository.GetListAsync(String[] names, String providerName, String providerKey, CancellationToken cancellationToken)
   at Castle.DynamicProxy.AsyncInterceptorBase.ProceedAsynchronous[TResult](IInvocation invocation, IInvocationProceedInfo proceedInfo)
   at Volo.Abp.Castle.DynamicProxy.CastleAbpMethodInvocationAdapterWithReturnValue`1.ProceedAsync()
   at Volo.Abp.Uow.UnitOfWorkInterceptor.InterceptAsync(IAbpMethodInvocation invocation)
   at Volo.Abp.Castle.DynamicProxy.CastleAsyncAbpInterceptorAdapter`1.InterceptAsync[TResult](IInvocation invocation, IInvocationProceedInfo proceedInfo, Func`3 proceed)
   at Volo.Abp.SettingManagement.SettingManagementStore.SetCacheItemsAsync(String providerName, String providerKey, List`1 notCacheKeys)
   at Volo.Abp.SettingManagement.SettingManagementStore.GetCacheItemsAsync(String[] names, String providerName, String providerKey)
   at Volo.Abp.SettingManagement.SettingManagementStore.GetListAsync(String[] names, String providerName, String providerKey)
   at Castle.DynamicProxy.AsyncInterceptorBase.ProceedAsynchronous[TResult](IInvocation invocation, IInvocationProceedInfo proceedInfo)
   at Volo.Abp.Castle.DynamicProxy.CastleAbpMethodInvocationAdapterWithReturnValue`1.ProceedAsync()
   at Volo.Abp.Uow.UnitOfWorkInterceptor.InterceptAsync(IAbpMethodInvocation invocation)
   at Volo.Abp.Castle.DynamicProxy.CastleAsyncAbpInterceptorAdapter`1.InterceptAsync[TResult](IInvocation invocation, IInvocationProceedInfo proceedInfo, Func`3 proceed)
   at Volo.Abp.Settings.TenantSettingValueProvider.GetAllAsync(SettingDefinition[] settings)
   at Volo.Abp.Settings.SettingProvider.GetAllAsync(String[] names)
   at Volo.Abp.AspNetCore.Mvc.ApplicationConfigurations.AbpApplicationConfigurationAppService.GetSettingConfigAsync()
   at Volo.Abp.AspNetCore.Mvc.ApplicationConfigurations.AbpApplicationConfigurationAppService.GetAsync(ApplicationConfigurationRequestOptions options)
   at Castle.DynamicProxy.AsyncInterceptorBase.ProceedAsynchronous[TResult](IInvocation invocation, IInvocationProceedInfo proceedInfo)
   at Volo.Abp.Castle.DynamicProxy.CastleAbpMethodInvocationAdapterWithReturnValue`1.ProceedAsync()
   at Volo.Abp.GlobalFeatures.GlobalFeatureInterceptor.InterceptAsync(IAbpMethodInvocation invocation)
   at Volo.Abp.Castle.DynamicProxy.CastleAsyncAbpInterceptorAdapter`1.InterceptAsync[TResult](IInvocation invocation, IInvocationProceedInfo proceedInfo, Func`3 proceed)
   at Castle.DynamicProxy.AsyncInterceptorBase.ProceedAsynchronous[TResult](IInvocation invocation, IInvocationProceedInfo proceedInfo)
   at Volo.Abp.Castle.DynamicProxy.CastleAbpMethodInvocationAdapterWithReturnValue`1.ProceedAsync()
   at Volo.Abp.Validation.ValidationInterceptor.InterceptAsync(IAbpMethodInvocation invocation)
   at Volo.Abp.Castle.DynamicProxy.CastleAsyncAbpInterceptorAdapter`1.InterceptAsync[TResult](IInvocation invocation, IInvocationProceedInfo proceedInfo, Func`3 proceed)
   at Castle.DynamicProxy.AsyncInterceptorBase.ProceedAsynchronous[TResult](IInvocation invocation, IInvocationProceedInfo proceedInfo)
   at Volo.Abp.Castle.DynamicProxy.CastleAbpMethodInvocationAdapterWithReturnValue`1.ProceedAsync()
   at Volo.Abp.Auditing.AuditingInterceptor.ProceedByLoggingAsync(IAbpMethodInvocation invocation, AbpAuditingOptions options, IAuditingHelper auditingHelper, IAuditLogScope auditLogScope)
   at Volo.Abp.Auditing.AuditingInterceptor.InterceptAsync(IAbpMethodInvocation invocation)
   at Volo.Abp.Castle.DynamicProxy.CastleAsyncAbpInterceptorAdapter`1.InterceptAsync[TResult](IInvocation invocation, IInvocationProceedInfo proceedInfo, Func`3 proceed)
   at Castle.DynamicProxy.AsyncInterceptorBase.ProceedAsynchronous[TResult](IInvocation invocation, IInvocationProceedInfo proceedInfo)
   at Volo.Abp.Castle.DynamicProxy.CastleAbpMethodInvocationAdapterWithReturnValue`1.ProceedAsync()
   at Volo.Abp.Uow.UnitOfWorkInterceptor.InterceptAsync(IAbpMethodInvocation invocation)
   at Volo.Abp.Castle.DynamicProxy.CastleAsyncAbpInterceptorAdapter`1.InterceptAsync[TResult](IInvocation invocation, IInvocationProceedInfo proceedInfo, Func`3 proceed)
   at Volo.Abp.AspNetCore.Mvc.ApplicationConfigurations.AbpApplicationConfigurationController.GetAsync(ApplicationConfigurationRequestOptions options)
   at lambda_method2092(Closure, Object)
   at Microsoft.AspNetCore.Mvc.Infrastructure.ActionMethodExecutor.AwaitableObjectResultExecutor.Execute(ActionContext actionContext, IActionResultTypeMapper mapper, ObjectMethodExecutor executor, Object controller, Object[] arguments)
   at Microsoft.AspNetCore.Mvc.Infrastructure.ControllerActionInvoker.<InvokeActionMethodAsync>g__Logged|12_1(ControllerActionInvoker invoker)
   at Microsoft.AspNetCore.Mvc.Infrastructure.ControllerActionInvoker.<InvokeNextActionFilterAsync>g__Awaited|10_0(ControllerActionInvoker invoker, Task lastTask, State next, Scope scope, Object state, Boolean isCompleted)
   at Microsoft.AspNetCore.Mvc.Infrastructure.ControllerActionInvoker.Rethrow(ActionExecutedContextSealed context)
   at Microsoft.AspNetCore.Mvc.Infrastructure.ControllerActionInvoker.Next(State& next, Scope& scope, Object& state, Boolean& isCompleted)
   at Microsoft.AspNetCore.Mvc.Infrastructure.ControllerActionInvoker.<InvokeInnerFilterAsync>g__Awaited|13_0(ControllerActionInvoker invoker, Task lastTask, State next, Scope scope, Object state, Boolean isCompleted)
   at Microsoft.AspNetCore.Mvc.Infrastructure.ResourceInvoker.<InvokeNextExceptionFilterAsync>g__Awaited|26_0(ResourceInvoker invoker, Task lastTask, State next, Scope scope, Object state, Boolean isCompleted)
2024-10-20 18:53:57 [WRN] [Microsoft.AspNetCore.Http.ResponseCookies] [23112] [43] - The cookie 'XSRF-TOKEN' has set 'SameSite=None' and must also set 'Secure'.
2024-10-20 18:54:00 [WRN] [ZQH.Abp.BackgroundTasks.Internal.JobExecutedEvent] [23112] [37] - Cannot process job change event because job with key Polling could not be found!
2024-10-20 18:54:30 [WRN] [Microsoft.AspNetCore.Http.ResponseCookies] [23112] [40] - The cookie 'XSRF-TOKEN' has set 'SameSite=None' and must also set 'Secure'.
2024-10-20 18:54:39 [WRN] [ZQH.Abp.BackgroundTasks.Internal.JobExecutedEvent] [23112] [27] - Cannot process job change event because job with key Polling could not be found!
2024-10-20 18:55:00 [WRN] [ZQH.Abp.BackgroundTasks.Internal.JobExecutedEvent] [23112] [36] - Cannot process job change event because job with key Polling could not be found!
2024-10-20 18:55:30 [WRN] [ZQH.Abp.BackgroundTasks.Internal.JobExecutedEvent] [23112] [36] - Cannot process job change event because job with key Polling could not be found!
2024-10-20 18:56:00 [WRN] [ZQH.Abp.BackgroundTasks.Internal.JobExecutedEvent] [23112] [36] - Cannot process job change event because job with key Polling could not be found!
2024-10-20 18:56:30 [WRN] [ZQH.Abp.BackgroundTasks.Internal.JobExecutedEvent] [23112] [37] - Cannot process job change event because job with key Polling could not be found!
2024-10-20 18:57:00 [WRN] [ZQH.Abp.BackgroundTasks.Internal.JobExecutedEvent] [23112] [36] - Cannot process job change event because job with key Polling could not be found!
2024-10-20 18:57:30 [WRN] [ZQH.Abp.BackgroundTasks.Internal.JobExecutedEvent] [23112] [36] - Cannot process job change event because job with key Polling could not be found!
2024-10-20 18:58:00 [WRN] [ZQH.Abp.BackgroundTasks.Internal.JobExecutedEvent] [23112] [36] - Cannot process job change event because job with key Polling could not be found!
2024-10-20 18:58:30 [WRN] [ZQH.Abp.BackgroundTasks.Internal.JobExecutedEvent] [23112] [36] - Cannot process job change event because job with key Polling could not be found!
2024-10-20 18:59:00 [WRN] [ZQH.Abp.BackgroundTasks.Internal.JobExecutedEvent] [23112] [46] - Cannot process job change event because job with key Polling could not be found!
2024-10-20 18:59:30 [WRN] [ZQH.Abp.BackgroundTasks.Internal.JobExecutedEvent] [23112] [48] - Cannot process job change event because job with key Polling could not be found!
2024-10-20 19:00:00 [WRN] [ZQH.Abp.BackgroundTasks.Internal.JobExecutedEvent] [23112] [48] - Cannot process job change event because job with key Cleaning could not be found!
2024-10-20 19:00:00 [WRN] [ZQH.Abp.BackgroundTasks.Internal.JobExecutedEvent] [23112] [49] - Cannot process job change event because job with key Polling could not be found!
2024-10-20 19:00:30 [WRN] [ZQH.Abp.BackgroundTasks.Internal.JobExecutedEvent] [23112] [47] - Cannot process job change event because job with key Polling could not be found!
2024-10-20 19:01:00 [WRN] [ZQH.Abp.BackgroundTasks.Internal.JobExecutedEvent] [23112] [51] - Cannot process job change event because job with key Polling could not be found!
2024-10-20 19:01:30 [WRN] [ZQH.Abp.BackgroundTasks.Internal.JobExecutedEvent] [23112] [51] - Cannot process job change event because job with key Polling could not be found!
2024-10-20 19:02:00 [WRN] [ZQH.Abp.BackgroundTasks.Internal.JobExecutedEvent] [23112] [56] - Cannot process job change event because job with key Polling could not be found!
2024-10-20 19:02:30 [WRN] [ZQH.Abp.BackgroundTasks.Internal.JobExecutedEvent] [23112] [56] - Cannot process job change event because job with key Polling could not be found!
2024-10-20 19:03:00 [WRN] [ZQH.Abp.BackgroundTasks.Internal.JobExecutedEvent] [23112] [56] - Cannot process job change event because job with key Polling could not be found!
2024-10-20 19:03:30 [WRN] [ZQH.Abp.BackgroundTasks.Internal.JobExecutedEvent] [23112] [56] - Cannot process job change event because job with key Polling could not be found!
2024-10-20 19:04:00 [WRN] [ZQH.Abp.BackgroundTasks.Internal.JobExecutedEvent] [23112] [47] - Cannot process job change event because job with key Polling could not be found!
2024-10-20 19:04:30 [WRN] [ZQH.Abp.BackgroundTasks.Internal.JobExecutedEvent] [23112] [61] - Cannot process job change event because job with key Polling could not be found!
2024-10-20 19:05:00 [WRN] [ZQH.Abp.BackgroundTasks.Internal.JobExecutedEvent] [23112] [61] - Cannot process job change event because job with key Polling could not be found!
2024-10-20 19:05:30 [WRN] [ZQH.Abp.BackgroundTasks.Internal.JobExecutedEvent] [23112] [47] - Cannot process job change event because job with key Polling could not be found!
2024-10-20 19:06:00 [WRN] [ZQH.Abp.BackgroundTasks.Internal.JobExecutedEvent] [23112] [65] - Cannot process job change event because job with key Polling could not be found!
2024-10-20 19:06:30 [WRN] [ZQH.Abp.BackgroundTasks.Internal.JobExecutedEvent] [23112] [66] - Cannot process job change event because job with key Polling could not be found!
2024-10-20 19:07:00 [WRN] [ZQH.Abp.BackgroundTasks.Internal.JobExecutedEvent] [23112] [66] - Cannot process job change event because job with key Polling could not be found!
2024-10-20 19:07:30 [WRN] [ZQH.Abp.BackgroundTasks.Internal.JobExecutedEvent] [23112] [68] - Cannot process job change event because job with key Polling could not be found!
2024-10-20 19:08:00 [WRN] [ZQH.Abp.BackgroundTasks.Internal.JobExecutedEvent] [23112] [66] - Cannot process job change event because job with key Polling could not be found!
2024-10-20 19:08:30 [WRN] [ZQH.Abp.BackgroundTasks.Internal.JobExecutedEvent] [23112] [67] - Cannot process job change event because job with key Polling could not be found!
2024-10-20 19:09:00 [WRN] [ZQH.Abp.BackgroundTasks.Internal.JobExecutedEvent] [23112] [70] - Cannot process job change event because job with key Polling could not be found!
2024-10-20 19:09:30 [WRN] [ZQH.Abp.BackgroundTasks.Internal.JobExecutedEvent] [23112] [69] - Cannot process job change event because job with key Polling could not be found!
2024-10-20 19:10:00 [WRN] [ZQH.Abp.BackgroundTasks.Internal.JobExecutedEvent] [23112] [70] - Cannot process job change event because job with key Cleaning could not be found!
2024-10-20 19:10:00 [WRN] [ZQH.Abp.BackgroundTasks.Internal.JobExecutedEvent] [23112] [67] - Cannot process job change event because job with key Polling could not be found!
2024-10-20 19:10:30 [WRN] [ZQH.Abp.BackgroundTasks.Internal.JobExecutedEvent] [23112] [76] - Cannot process job change event because job with key Polling could not be found!
2024-10-20 19:11:00 [WRN] [ZQH.Abp.BackgroundTasks.Internal.JobExecutedEvent] [23112] [69] - Cannot process job change event because job with key Polling could not be found!
2024-10-20 19:11:30 [WRN] [ZQH.Abp.BackgroundTasks.Internal.JobExecutedEvent] [23112] [76] - Cannot process job change event because job with key Polling could not be found!
2024-10-20 19:12:00 [WRN] [ZQH.Abp.BackgroundTasks.Internal.JobExecutedEvent] [23112] [76] - Cannot process job change event because job with key Polling could not be found!
2024-10-20 19:12:30 [WRN] [ZQH.Abp.BackgroundTasks.Internal.JobExecutedEvent] [23112] [3] - Cannot process job change event because job with key Polling could not be found!
2024-10-20 19:13:00 [WRN] [ZQH.Abp.BackgroundTasks.Internal.JobExecutedEvent] [23112] [76] - Cannot process job change event because job with key Polling could not be found!
2024-10-20 19:13:31 [WRN] [ZQH.Abp.BackgroundTasks.Internal.JobExecutedEvent] [23112] [69] - Cannot process job change event because job with key Polling could not be found!
2024-10-20 19:14:00 [WRN] [ZQH.Abp.BackgroundTasks.Internal.JobExecutedEvent] [23112] [83] - Cannot process job change event because job with key Polling could not be found!
2024-10-20 19:14:30 [WRN] [ZQH.Abp.BackgroundTasks.Internal.JobExecutedEvent] [23112] [83] - Cannot process job change event because job with key Polling could not be found!
2024-10-20 19:15:00 [WRN] [ZQH.Abp.BackgroundTasks.Internal.JobExecutedEvent] [23112] [69] - Cannot process job change event because job with key Polling could not be found!
2024-10-20 19:15:30 [WRN] [ZQH.Abp.BackgroundTasks.Internal.JobExecutedEvent] [23112] [88] - Cannot process job change event because job with key Polling could not be found!
2024-10-20 19:16:00 [WRN] [ZQH.Abp.BackgroundTasks.Internal.JobExecutedEvent] [23112] [89] - Cannot process job change event because job with key Polling could not be found!
2024-10-20 19:16:30 [WRN] [ZQH.Abp.BackgroundTasks.Internal.JobExecutedEvent] [23112] [69] - Cannot process job change event because job with key Polling could not be found!
2024-10-20 19:17:00 [WRN] [ZQH.Abp.BackgroundTasks.Internal.JobExecutedEvent] [23112] [92] - Cannot process job change event because job with key Polling could not be found!
2024-10-20 19:17:30 [WRN] [ZQH.Abp.BackgroundTasks.Internal.JobExecutedEvent] [23112] [92] - Cannot process job change event because job with key Polling could not be found!
2024-10-20 19:18:00 [WRN] [ZQH.Abp.BackgroundTasks.Internal.JobExecutedEvent] [23112] [92] - Cannot process job change event because job with key Polling could not be found!
2024-10-20 19:18:30 [WRN] [ZQH.Abp.BackgroundTasks.Internal.JobExecutedEvent] [23112] [86] - Cannot process job change event because job with key Polling could not be found!
