2024-10-31 10:44:41 [WRN] [ZQH.Abp.BackgroundTasks.Quartz.QuartzJobListener] [1976] [222] - The task BackgroundPollingJob could not be performed, Because it is being scheduled by another job scheduler
2024-10-31 10:44:49 [WRN] [ZQH.Abp.BackgroundTasks.Quartz.QuartzJobListener] [1976] [210] - The task BackgroundPollingJob could not be performed, Because it is being scheduled by another job scheduler
2024-10-31 10:44:56 [WRN] [ZQH.Abp.BackgroundTasks.Internal.JobExecutedEvent] [1976] [280] - Cannot process job change event because job with key Polling could not be found!
2024-10-31 10:44:56 [WRN] [ZQH.Abp.BackgroundTasks.Internal.JobExecutedEvent] [1976] [222] - Cannot process job change event because job with key Cleaning could not be found!
2024-10-31 10:45:00 [WRN] [ZQH.Abp.BackgroundTasks.Internal.JobExecutedEvent] [1976] [222] - Cannot process job change event because job with key Checking could not be found!
2024-10-31 10:45:02 [WRN] [ZQH.Abp.BackgroundTasks.Internal.JobExecutedEvent] [1976] [251] - Cannot process job change event because job with key Polling could not be found!
2024-10-31 10:45:30 [WRN] [ZQH.Abp.BackgroundTasks.Internal.JobExecutedEvent] [1976] [222] - Cannot process job change event because job with key Polling could not be found!
2024-10-31 10:46:00 [WRN] [ZQH.Abp.BackgroundTasks.Internal.JobExecutedEvent] [1976] [251] - Cannot process job change event because job with key Polling could not be found!
2024-10-31 10:46:30 [WRN] [ZQH.Abp.BackgroundTasks.Internal.JobExecutedEvent] [1976] [250] - Cannot process job change event because job with key Polling could not be found!
2024-10-31 10:47:00 [WRN] [ZQH.Abp.BackgroundTasks.Internal.JobExecutedEvent] [1976] [230] - Cannot process job change event because job with key Polling could not be found!
2024-10-31 10:47:30 [WRN] [ZQH.Abp.BackgroundTasks.Internal.JobExecutedEvent] [1976] [230] - Cannot process job change event because job with key Polling could not be found!
2024-10-31 10:48:00 [WRN] [ZQH.Abp.BackgroundTasks.Internal.JobExecutedEvent] [1976] [251] - Cannot process job change event because job with key Polling could not be found!
2024-10-31 10:48:30 [WRN] [ZQH.Abp.BackgroundTasks.Internal.JobExecutedEvent] [1976] [250] - Cannot process job change event because job with key Polling could not be found!
2024-10-31 10:49:00 [WRN] [ZQH.Abp.BackgroundTasks.Internal.JobExecutedEvent] [1976] [250] - Cannot process job change event because job with key Polling could not be found!
2024-10-31 10:49:30 [WRN] [ZQH.Abp.BackgroundTasks.Internal.JobExecutedEvent] [1976] [282] - Cannot process job change event because job with key Polling could not be found!
2024-10-31 10:50:00 [WRN] [ZQH.Abp.BackgroundTasks.Internal.JobExecutedEvent] [1976] [233] - Cannot process job change event because job with key Cleaning could not be found!
2024-10-31 10:50:00 [WRN] [ZQH.Abp.BackgroundTasks.Internal.JobExecutedEvent] [1976] [51] - Cannot process job change event because job with key Polling could not be found!
2024-10-31 10:50:30 [WRN] [ZQH.Abp.BackgroundTasks.Internal.JobExecutedEvent] [1976] [255] - Cannot process job change event because job with key Polling could not be found!
2024-10-31 10:51:04 [WRN] [ZQH.Abp.BackgroundTasks.Internal.JobExecutedEvent] [1976] [255] - Cannot process job change event because job with key Polling could not be found!
2024-10-31 10:51:30 [WRN] [ZQH.Abp.BackgroundTasks.Internal.JobExecutedEvent] [1976] [208] - Cannot process job change event because job with key Polling could not be found!
2024-10-31 10:52:01 [WRN] [ZQH.Abp.BackgroundTasks.Internal.JobExecutedEvent] [1976] [255] - Cannot process job change event because job with key Polling could not be found!
2024-10-31 10:52:30 [WRN] [ZQH.Abp.BackgroundTasks.Internal.JobExecutedEvent] [1976] [265] - Cannot process job change event because job with key Polling could not be found!
2024-10-31 10:53:00 [WRN] [ZQH.Abp.BackgroundTasks.Internal.JobExecutedEvent] [1976] [233] - Cannot process job change event because job with key Polling could not be found!
2024-10-31 10:53:30 [WRN] [ZQH.Abp.BackgroundTasks.Internal.JobExecutedEvent] [1976] [233] - Cannot process job change event because job with key Polling could not be found!
2024-10-31 10:54:00 [WRN] [ZQH.Abp.BackgroundTasks.Internal.JobExecutedEvent] [1976] [233] - Cannot process job change event because job with key Polling could not be found!
2024-10-31 10:54:30 [WRN] [ZQH.Abp.BackgroundTasks.Internal.JobExecutedEvent] [1976] [264] - Cannot process job change event because job with key Polling could not be found!
2024-10-31 10:55:00 [WRN] [ZQH.Abp.BackgroundTasks.Internal.JobExecutedEvent] [1976] [249] - Cannot process job change event because job with key Polling could not be found!
2024-10-31 10:55:30 [WRN] [ZQH.Abp.BackgroundTasks.Internal.JobExecutedEvent] [1976] [285] - Cannot process job change event because job with key Polling could not be found!
2024-10-31 10:56:00 [WRN] [ZQH.Abp.BackgroundTasks.Internal.JobExecutedEvent] [1976] [249] - Cannot process job change event because job with key Polling could not be found!
2024-10-31 10:56:30 [WRN] [ZQH.Abp.BackgroundTasks.Internal.JobExecutedEvent] [1976] [189] - Cannot process job change event because job with key Polling could not be found!
2024-10-31 10:57:01 [WRN] [ZQH.Abp.BackgroundTasks.Internal.JobExecutedEvent] [1976] [193] - Cannot process job change event because job with key Polling could not be found!
2024-10-31 10:57:31 [WRN] [ZQH.Abp.BackgroundTasks.Internal.JobExecutedEvent] [1976] [249] - Cannot process job change event because job with key Polling could not be found!
2024-10-31 10:58:01 [WRN] [ZQH.Abp.BackgroundTasks.Internal.JobExecutedEvent] [1976] [189] - Cannot process job change event because job with key Polling could not be found!
2024-10-31 10:58:34 [WRN] [ZQH.Abp.BackgroundTasks.Internal.JobExecutedEvent] [1976] [224] - Cannot process job change event because job with key Polling could not be found!
2024-10-31 10:59:00 [WRN] [ZQH.Abp.BackgroundTasks.Internal.JobExecutedEvent] [1976] [189] - Cannot process job change event because job with key Polling could not be found!
2024-10-31 10:59:30 [WRN] [ZQH.Abp.BackgroundTasks.Internal.JobExecutedEvent] [1976] [189] - Cannot process job change event because job with key Polling could not be found!
2024-10-31 11:00:01 [WRN] [ZQH.Abp.BackgroundTasks.Internal.JobExecutedEvent] [1976] [226] - Cannot process job change event because job with key Polling could not be found!
2024-10-31 11:00:01 [WRN] [ZQH.Abp.BackgroundTasks.Internal.JobExecutedEvent] [1976] [217] - Cannot process job change event because job with key Cleaning could not be found!
2024-10-31 11:00:31 [WRN] [ZQH.Abp.BackgroundTasks.Internal.JobExecutedEvent] [1976] [217] - Cannot process job change event because job with key Polling could not be found!
2024-10-31 11:01:00 [WRN] [ZQH.Abp.BackgroundTasks.Internal.JobExecutedEvent] [1976] [226] - Cannot process job change event because job with key Polling could not be found!
2024-10-31 11:02:00 [WRN] [ZQH.Abp.BackgroundTasks.Quartz.QuartzJobListener] [1976] [217] - The task BackgroundPollingJob could not be performed, Because it is being scheduled by another job scheduler
2024-10-31 11:02:09 [WRN] [ZQH.Abp.BackgroundTasks.Internal.JobExecutedEvent] [1976] [225] - Cannot process job change event because job with key Polling could not be found!
2024-10-31 11:02:43 [WRN] [ZQH.Abp.BackgroundTasks.Internal.JobExecutedEvent] [1976] [225] - Cannot process job change event because job with key Polling could not be found!
2024-10-31 11:03:01 [WRN] [ZQH.Abp.BackgroundTasks.Internal.JobExecutedEvent] [1976] [192] - Cannot process job change event because job with key Polling could not be found!
2024-10-31 11:03:30 [WRN] [ZQH.Abp.BackgroundTasks.Internal.JobExecutedEvent] [1976] [225] - Cannot process job change event because job with key Polling could not be found!
2024-10-31 11:04:00 [WRN] [ZQH.Abp.BackgroundTasks.Internal.JobExecutedEvent] [1976] [274] - Cannot process job change event because job with key Polling could not be found!
2024-10-31 11:04:31 [WRN] [ZQH.Abp.BackgroundTasks.Internal.JobExecutedEvent] [1976] [178] - Cannot process job change event because job with key Polling could not be found!
2024-10-31 11:05:00 [WRN] [ZQH.Abp.BackgroundTasks.Internal.JobExecutedEvent] [1976] [274] - Cannot process job change event because job with key Polling could not be found!
2024-10-31 11:05:30 [WRN] [ZQH.Abp.BackgroundTasks.Internal.JobExecutedEvent] [1976] [274] - Cannot process job change event because job with key Polling could not be found!
2024-10-31 11:06:00 [WRN] [ZQH.Abp.BackgroundTasks.Internal.JobExecutedEvent] [1976] [274] - Cannot process job change event because job with key Polling could not be found!
2024-10-31 11:06:30 [WRN] [ZQH.Abp.BackgroundTasks.Internal.JobExecutedEvent] [1976] [274] - Cannot process job change event because job with key Polling could not be found!
2024-10-31 11:14:15 [WRN] [ZQH.Abp.BackgroundTasks.Quartz.QuartzJobListener] [1976] [33] - The task BackgroundPollingJob could not be performed, Because it is being scheduled by another job scheduler
2024-10-31 11:14:15 [WRN] [ZQH.Abp.BackgroundTasks.Internal.JobExecutedEvent] [1976] [33] - Cannot process job change event because job with key Polling could not be found!
2024-10-31 11:14:15 [WRN] [ZQH.Abp.BackgroundTasks.Internal.JobExecutedEvent] [1976] [274] - Cannot process job change event because job with key Cleaning could not be found!
2024-10-31 11:14:30 [WRN] [ZQH.Abp.BackgroundTasks.Internal.JobExecutedEvent] [1976] [267] - Cannot process job change event because job with key Polling could not be found!
2024-10-31 11:15:00 [WRN] [ZQH.Abp.BackgroundTasks.Internal.JobExecutedEvent] [1976] [267] - Cannot process job change event because job with key Polling could not be found!
2024-10-31 11:15:30 [WRN] [ZQH.Abp.BackgroundTasks.Internal.JobExecutedEvent] [1976] [260] - Cannot process job change event because job with key Polling could not be found!
2024-10-31 11:16:00 [WRN] [ZQH.Abp.BackgroundTasks.Internal.JobExecutedEvent] [1976] [188] - Cannot process job change event because job with key Polling could not be found!
2024-10-31 11:16:30 [WRN] [ZQH.Abp.BackgroundTasks.Internal.JobExecutedEvent] [1976] [260] - Cannot process job change event because job with key Polling could not be found!
2024-10-31 11:17:00 [WRN] [ZQH.Abp.BackgroundTasks.Internal.JobExecutedEvent] [1976] [173] - Cannot process job change event because job with key Polling could not be found!
2024-10-31 11:17:30 [WRN] [ZQH.Abp.BackgroundTasks.Internal.JobExecutedEvent] [1976] [267] - Cannot process job change event because job with key Polling could not be found!
2024-10-31 11:18:00 [WRN] [ZQH.Abp.BackgroundTasks.Internal.JobExecutedEvent] [1976] [173] - Cannot process job change event because job with key Polling could not be found!
2024-10-31 11:18:30 [WRN] [ZQH.Abp.BackgroundTasks.Internal.JobExecutedEvent] [1976] [173] - Cannot process job change event because job with key Polling could not be found!
2024-10-31 11:19:00 [WRN] [ZQH.Abp.BackgroundTasks.Internal.JobExecutedEvent] [1976] [260] - Cannot process job change event because job with key Polling could not be found!
2024-10-31 11:19:30 [WRN] [ZQH.Abp.BackgroundTasks.Internal.JobExecutedEvent] [1976] [279] - Cannot process job change event because job with key Polling could not be found!
2024-10-31 11:20:02 [WRN] [ZQH.Abp.BackgroundTasks.Internal.JobExecutedEvent] [1976] [187] - Cannot process job change event because job with key Cleaning could not be found!
2024-10-31 11:20:02 [WRN] [ZQH.Abp.BackgroundTasks.Internal.JobExecutedEvent] [1976] [262] - Cannot process job change event because job with key Polling could not be found!
2024-10-31 11:20:30 [WRN] [ZQH.Abp.BackgroundTasks.Internal.JobExecutedEvent] [1976] [187] - Cannot process job change event because job with key Polling could not be found!
2024-10-31 11:21:00 [WRN] [ZQH.Abp.BackgroundTasks.Internal.JobExecutedEvent] [1976] [262] - Cannot process job change event because job with key Polling could not be found!
2024-10-31 11:21:30 [WRN] [ZQH.Abp.BackgroundTasks.Internal.JobExecutedEvent] [1976] [279] - Cannot process job change event because job with key Polling could not be found!
2024-10-31 14:00:58 [WRN] [DotNetCore.CAP.Internal.ConsumerRegister] [1976] [117] - RabbitMQ consumer cancelled. --> amq.ctag-edPjh2UZyqC7FSm96nDuxg
2024-10-31 14:00:59 [WRN] [DotNetCore.CAP.Internal.ConsumerRegister] [1976] [117] - RabbitMQ consumer shutdown. --> Unexpected Exception: Unable to read data from the transport connection: 远程主机强迫关闭了一个现有的连接。.
2024-10-31 14:01:00 [WRN] [DotNetCore.CAP.Internal.ConsumerRegister] [1976] [117] - RabbitMQ consumer cancelled. --> amq.ctag-PAfDFFb3aUISy1hlTO5bXA
2024-10-31 14:01:00 [WRN] [DotNetCore.CAP.Internal.ConsumerRegister] [1976] [117] - RabbitMQ consumer shutdown. --> Unexpected Exception: Unable to read data from the transport connection: 远程主机强迫关闭了一个现有的连接。.
2024-10-31 14:01:00 [WRN] [ZQH.Abp.BackgroundTasks.Quartz.QuartzJobListener] [1976] [256] - The task BackgroundPollingJob could not be performed, Because it is being scheduled by another job scheduler
2024-10-31 18:30:08 [WRN] [DotNetCore.CAP.Internal.ConsumerRegister] [1976] [261] - RabbitMQ consumer cancelled. --> amq.ctag-edPjh2UZyqC7FSm96nDuxg
2024-10-31 18:30:16 [WRN] [DotNetCore.CAP.Internal.ConsumerRegister] [1976] [261] - RabbitMQ consumer shutdown. --> Unexpected Exception: Unable to read data from the transport connection: 远程主机强迫关闭了一个现有的连接。.
2024-10-31 18:30:16 [WRN] [DotNetCore.CAP.Internal.ConsumerRegister] [1976] [261] - RabbitMQ consumer cancelled. --> amq.ctag-PAfDFFb3aUISy1hlTO5bXA
2024-10-31 18:30:16 [WRN] [DotNetCore.CAP.Internal.ConsumerRegister] [1976] [261] - RabbitMQ consumer shutdown. --> Unexpected Exception: Unable to read data from the transport connection: 远程主机强迫关闭了一个现有的连接。.
2024-10-31 18:30:17 [WRN] [ZQH.Abp.BackgroundTasks.Internal.JobExecutedEvent] [1976] [231] - Cannot process job change event because job with key Polling could not be found!
2024-10-31 18:30:17 [WRN] [ZQH.Abp.BackgroundTasks.Internal.JobExecutedEvent] [1976] [181] - Cannot process job change event because job with key Cleaning could not be found!
2024-10-31 18:30:17 [WRN] [ZQH.Abp.BackgroundTasks.Internal.JobExecutedEvent] [1976] [277] - Cannot process job change event because job with key Checking could not be found!
