2024-09-01 01:01:06 [WRN] [DotNetCore.CAP.Internal.ConsumerRegister] [16420] [74] - RabbitMQ consumer cancelled. --> amq.ctag-Rn5pkSWzvnmWIfc-ZRxdUg
2024-09-01 01:01:06 [WRN] [DotNetCore.CAP.Internal.ConsumerRegister] [16420] [74] - RabbitMQ consumer shutdown. --> Unexpected Exception: Unable to read data from the transport connection: 远程主机强迫关闭了一个现有的连接。.
2024-09-01 01:01:06 [WRN] [DotNetCore.CAP.Internal.ConsumerRegister] [16420] [67] - RabbitMQ consumer cancelled. --> amq.ctag-PI221rrIEh9xrd_ABbE97A
2024-09-01 01:01:06 [WRN] [DotNetCore.CAP.Internal.ConsumerRegister] [16420] [67] - RabbitMQ consumer shutdown. --> Unexpected Exception: Unable to read data from the transport connection: 远程主机强迫关闭了一个现有的连接。.
2024-09-01 02:00:55 [WRN] [DotNetCore.CAP.Processor.TransportCheckProcessor] [16420] [74] - Transport connection is unhealthy, reconnection...
2024-09-01 02:00:56 [INF] [DotNetCore.CAP.Internal.ConsumerRegister] [16420] [74] - RabbitMQ consumer registered. --> amq.ctag-gn02xHiJekfy5go4_I14sQ
2024-09-01 02:00:56 [INF] [DotNetCore.CAP.Internal.ConsumerRegister] [16420] [55] - RabbitMQ consumer registered. --> amq.ctag-HUVdWyLbf7sar_l2LOEfSg
2024-09-01 08:55:57 [WRN] [DotNetCore.CAP.Internal.ConsumerRegister] [16420] [32] - RabbitMQ consumer cancelled. --> amq.ctag-gn02xHiJekfy5go4_I14sQ
2024-09-01 08:55:57 [WRN] [DotNetCore.CAP.Internal.ConsumerRegister] [16420] [32] - RabbitMQ consumer shutdown. --> Unexpected Exception: Unable to read data from the transport connection: 远程主机强迫关闭了一个现有的连接。.
2024-09-01 08:55:57 [WRN] [DotNetCore.CAP.Internal.ConsumerRegister] [16420] [6] - RabbitMQ consumer cancelled. --> amq.ctag-HUVdWyLbf7sar_l2LOEfSg
2024-09-01 08:55:57 [WRN] [DotNetCore.CAP.Internal.ConsumerRegister] [16420] [6] - RabbitMQ consumer shutdown. --> Unexpected Exception: Unable to read data from the transport connection: 远程主机强迫关闭了一个现有的连接。.
2024-09-01 08:56:00 [WRN] [DotNetCore.CAP.Processor.TransportCheckProcessor] [16420] [33] - Transport connection is unhealthy, reconnection...
2024-09-01 08:56:05 [INF] [DotNetCore.CAP.Internal.ConsumerRegister] [16420] [39] - RabbitMQ consumer registered. --> amq.ctag-zKFgvUWhv-yM1zk5ljRmgA
2024-09-01 08:56:05 [INF] [DotNetCore.CAP.Internal.ConsumerRegister] [16420] [90] - RabbitMQ consumer registered. --> amq.ctag-KD4qYy7PwsxXm4lLISKlLg
2024-09-01 10:47:38 [INF] [Microsoft.EntityFrameworkCore.Database.Command] [16420] [72] - Executed DbCommand (2ms) [Parameters=[], CommandType='"Text"', CommandTimeout='30']
SELECT `a`.`Id`, `a`.`DisplayName`, `a`.`ExtraProperties`, `a`.`Name`
FROM `AbpWebhooksWebhookGroups` AS `a`
2024-09-01 10:47:38 [INF] [Microsoft.EntityFrameworkCore.Database.Command] [16420] [72] - Executed DbCommand (2ms) [Parameters=[], CommandType='"Text"', CommandTimeout='30']
SELECT `a`.`Id`, `a`.`Description`, `a`.`DisplayName`, `a`.`ExtraProperties`, `a`.`GroupName`, `a`.`IsEnabled`, `a`.`Name`, `a`.`RequiredFeatures`
FROM `AbpWebhooksWebhooks` AS `a`
WHERE `a`.`IsEnabled`
2024-09-01 10:47:42 [INF] [Microsoft.EntityFrameworkCore.Database.Command] [16420] [65] - Executed DbCommand (5ms) [Parameters=[@__Filter_IsActive_0='?' (DbType = Boolean)], CommandType='"Text"', CommandTimeout='30']
SELECT COUNT(*)
FROM `AbpWebhooksSubscriptions` AS `a`
WHERE `a`.`IsActive` = @__Filter_IsActive_0
2024-09-01 10:47:46 [INF] [Microsoft.EntityFrameworkCore.Database.Command] [16420] [59] - Executed DbCommand (2ms) [Parameters=[@__Filter_IsActive_0='?' (DbType = Boolean), @__p_2='?' (DbType = Int32), @__p_1='?' (DbType = Int32)], CommandType='"Text"', CommandTimeout='30']
SELECT `a`.`Id`, `a`.`ConcurrencyStamp`, `a`.`CreationTime`, `a`.`CreatorId`, `a`.`Description`, `a`.`Headers`, `a`.`IsActive`, `a`.`Secret`, `a`.`TenantId`, `a`.`TimeoutDuration`, `a`.`WebhookUri`, `a`.`Webhooks`
FROM `AbpWebhooksSubscriptions` AS `a`
WHERE `a`.`IsActive` = @__Filter_IsActive_0
ORDER BY `a`.`CreationTime` DESC
LIMIT @__p_2 OFFSET @__p_1
2024-09-01 10:47:47 [INF] [Microsoft.EntityFrameworkCore.Database.Command] [16420] [106] - Executed DbCommand (2ms) [Parameters=[], CommandType='"Text"', CommandTimeout='30']
SELECT `a`.`Id`, `a`.`Description`, `a`.`DisplayName`, `a`.`ExtraProperties`, `a`.`GroupName`, `a`.`IsEnabled`, `a`.`Name`, `a`.`RequiredFeatures`
FROM `AbpWebhooksWebhooks` AS `a`
2024-09-01 10:48:11 [INF] [Microsoft.EntityFrameworkCore.Database.Command] [16420] [106] - Executed DbCommand (2ms) [Parameters=[], CommandType='"Text"', CommandTimeout='30']
SELECT COUNT(*)
FROM `AbpWebhooksSubscriptions` AS `a`
2024-09-01 10:48:11 [INF] [Microsoft.EntityFrameworkCore.Database.Command] [16420] [106] - Executed DbCommand (3ms) [Parameters=[@__p_1='?' (DbType = Int32), @__p_0='?' (DbType = Int32)], CommandType='"Text"', CommandTimeout='30']
SELECT `a`.`Id`, `a`.`ConcurrencyStamp`, `a`.`CreationTime`, `a`.`CreatorId`, `a`.`Description`, `a`.`Headers`, `a`.`IsActive`, `a`.`Secret`, `a`.`TenantId`, `a`.`TimeoutDuration`, `a`.`WebhookUri`, `a`.`Webhooks`
FROM `AbpWebhooksSubscriptions` AS `a`
ORDER BY `a`.`CreationTime` DESC
LIMIT @__p_1 OFFSET @__p_0
2024-09-01 10:48:11 [INF] [Microsoft.EntityFrameworkCore.Database.Command] [16420] [59] - Executed DbCommand (6ms) [Parameters=[], CommandType='"Text"', CommandTimeout='30']
SELECT COUNT(*)
FROM `AbpWebhooksSendAttempts` AS `a`
2024-09-01 10:48:11 [INF] [Microsoft.EntityFrameworkCore.Database.Command] [16420] [59] - Executed DbCommand (4ms) [Parameters=[@__p_1='?' (DbType = Int32), @__p_0='?' (DbType = Int32)], CommandType='"Text"', CommandTimeout='30']
SELECT `a`.`Id`, `a`.`CreationTime`, `a`.`LastModificationTime`, `a`.`RequestHeaders`, `a`.`Response`, `a`.`ResponseHeaders`, `a`.`ResponseStatusCode`, `a`.`SendExactSameData`, `a`.`TenantId`, `a`.`WebhookEventId`, `a`.`WebhookSubscriptionId`
FROM `AbpWebhooksSendAttempts` AS `a`
ORDER BY `a`.`CreationTime` DESC
LIMIT @__p_1 OFFSET @__p_0
