2024-10-10 09:25:04 [INF] [Volo.Abp.AbpApplicationBase] [44936] [1] - Loaded ABP modules:
2024-10-10 09:25:04 [INF] [Volo.Abp.AbpApplicationBase] [44936] [1] - - ZQH.MicroService.WebhooksManagement.WebhooksManagementHttpApiHostModule
2024-10-10 09:25:04 [INF] [Volo.Abp.AbpApplicationBase] [44936] [1] -   - ZQH.Abp.Serilog.Enrichers.Application.AbpSerilogEnrichersApplicationModule
2024-10-10 09:25:04 [INF] [Volo.Abp.AbpApplicationBase] [44936] [1] -   - ZQH.Abp.Serilog.Enrichers.UniqueId.AbpSerilogEnrichersUniqueIdModule
2024-10-10 09:25:04 [INF] [Volo.Abp.AbpApplicationBase] [44936] [1] -     - ZQH.Abp.IdGenerator.AbpIdGeneratorModule
2024-10-10 09:25:04 [INF] [Volo.Abp.AbpApplicationBase] [44936] [1] -   - ZQH.Abp.AuditLogging.Elasticsearch.AbpAuditLoggingElasticsearchModule
2024-10-10 09:25:04 [INF] [Volo.Abp.AbpApplicationBase] [44936] [1] -     - ZQH.Abp.AuditLogging.AbpAuditLoggingModule
2024-10-10 09:25:04 [INF] [Volo.Abp.AbpApplicationBase] [44936] [1] -       - Volo.Abp.Auditing.AbpAuditingModule
2024-10-10 09:25:04 [INF] [Volo.Abp.AbpApplicationBase] [44936] [1] -         - Volo.Abp.Data.AbpDataModule
2024-10-10 09:25:04 [INF] [Volo.Abp.AbpApplicationBase] [44936] [1] -           - Volo.Abp.ObjectExtending.AbpObjectExtendingModule
2024-10-10 09:25:04 [INF] [Volo.Abp.AbpApplicationBase] [44936] [1] -             - Volo.Abp.Localization.AbpLocalizationAbstractionsModule
2024-10-10 09:25:04 [INF] [Volo.Abp.AbpApplicationBase] [44936] [1] -             - Volo.Abp.Validation.AbpValidationAbstractionsModule
2024-10-10 09:25:04 [INF] [Volo.Abp.AbpApplicationBase] [44936] [1] -           - Volo.Abp.Uow.AbpUnitOfWorkModule
2024-10-10 09:25:04 [INF] [Volo.Abp.AbpApplicationBase] [44936] [1] -           - Volo.Abp.EventBus.Abstractions.AbpEventBusAbstractionsModule
2024-10-10 09:25:04 [INF] [Volo.Abp.AbpApplicationBase] [44936] [1] -         - Volo.Abp.Json.AbpJsonModule
2024-10-10 09:25:04 [INF] [Volo.Abp.AbpApplicationBase] [44936] [1] -           - Volo.Abp.Json.SystemTextJson.AbpJsonSystemTextJsonModule
2024-10-10 09:25:04 [INF] [Volo.Abp.AbpApplicationBase] [44936] [1] -             - Volo.Abp.Json.AbpJsonAbstractionsModule
2024-10-10 09:25:04 [INF] [Volo.Abp.AbpApplicationBase] [44936] [1] -             - Volo.Abp.Timing.AbpTimingModule
2024-10-10 09:25:04 [INF] [Volo.Abp.AbpApplicationBase] [44936] [1] -               - Volo.Abp.Localization.AbpLocalizationModule
2024-10-10 09:25:04 [INF] [Volo.Abp.AbpApplicationBase] [44936] [1] -                 - Volo.Abp.VirtualFileSystem.AbpVirtualFileSystemModule
2024-10-10 09:25:04 [INF] [Volo.Abp.AbpApplicationBase] [44936] [1] -                 - Volo.Abp.Settings.AbpSettingsModule
2024-10-10 09:25:04 [INF] [Volo.Abp.AbpApplicationBase] [44936] [1] -                   - Volo.Abp.Security.AbpSecurityModule
2024-10-10 09:25:04 [INF] [Volo.Abp.AbpApplicationBase] [44936] [1] -                 - Volo.Abp.Threading.AbpThreadingModule
2024-10-10 09:25:04 [INF] [Volo.Abp.AbpApplicationBase] [44936] [1] -         - Volo.Abp.MultiTenancy.AbpMultiTenancyModule
2024-10-10 09:25:04 [INF] [Volo.Abp.AbpApplicationBase] [44936] [1] -           - Volo.Abp.MultiTenancy.AbpMultiTenancyAbstractionsModule
2024-10-10 09:25:04 [INF] [Volo.Abp.AbpApplicationBase] [44936] [1] -         - Volo.Abp.Auditing.AbpAuditingContractsModule
2024-10-10 09:25:04 [INF] [Volo.Abp.AbpApplicationBase] [44936] [1] -       - Volo.Abp.Guids.AbpGuidsModule
2024-10-10 09:25:04 [INF] [Volo.Abp.AbpApplicationBase] [44936] [1] -       - Volo.Abp.ExceptionHandling.AbpExceptionHandlingModule
2024-10-10 09:25:04 [INF] [Volo.Abp.AbpApplicationBase] [44936] [1] -     - ZQH.Abp.Elasticsearch.AbpElasticsearchModule
2024-10-10 09:25:04 [INF] [Volo.Abp.AbpApplicationBase] [44936] [1] -   - Volo.Abp.AspNetCore.Serilog.AbpAspNetCoreSerilogModule
2024-10-10 09:25:04 [INF] [Volo.Abp.AbpApplicationBase] [44936] [1] -     - Volo.Abp.AspNetCore.AbpAspNetCoreModule
2024-10-10 09:25:04 [INF] [Volo.Abp.AbpApplicationBase] [44936] [1] -       - Volo.Abp.Http.AbpHttpModule
2024-10-10 09:25:04 [INF] [Volo.Abp.AbpApplicationBase] [44936] [1] -         - Volo.Abp.Http.AbpHttpAbstractionsModule
2024-10-10 09:25:04 [INF] [Volo.Abp.AbpApplicationBase] [44936] [1] -         - Volo.Abp.Minify.AbpMinifyModule
2024-10-10 09:25:04 [INF] [Volo.Abp.AbpApplicationBase] [44936] [1] -       - Volo.Abp.Authorization.AbpAuthorizationModule
2024-10-10 09:25:04 [INF] [Volo.Abp.AbpApplicationBase] [44936] [1] -         - Volo.Abp.Authorization.AbpAuthorizationAbstractionsModule
2024-10-10 09:25:04 [INF] [Volo.Abp.AbpApplicationBase] [44936] [1] -       - Volo.Abp.Validation.AbpValidationModule
2024-10-10 09:25:04 [INF] [Volo.Abp.AbpApplicationBase] [44936] [1] -       - Volo.Abp.AspNetCore.AbpAspNetCoreAbstractionsModule
2024-10-10 09:25:04 [INF] [Volo.Abp.AbpApplicationBase] [44936] [1] -   - ZQH.Abp.WebhooksManagement.WebhooksManagementApplicationModule
2024-10-10 09:25:04 [INF] [Volo.Abp.AbpApplicationBase] [44936] [1] -     - Volo.Abp.Application.AbpDddApplicationModule
2024-10-10 09:25:04 [INF] [Volo.Abp.AbpApplicationBase] [44936] [1] -       - Volo.Abp.Domain.AbpDddDomainModule
2024-10-10 09:25:04 [INF] [Volo.Abp.AbpApplicationBase] [44936] [1] -         - Volo.Abp.EventBus.AbpEventBusModule
2024-10-10 09:25:04 [INF] [Volo.Abp.AbpApplicationBase] [44936] [1] -           - Volo.Abp.BackgroundWorkers.AbpBackgroundWorkersModule
2024-10-10 09:25:04 [INF] [Volo.Abp.AbpApplicationBase] [44936] [1] -           - Volo.Abp.DistributedLocking.AbpDistributedLockingAbstractionsModule
2024-10-10 09:25:04 [INF] [Volo.Abp.AbpApplicationBase] [44936] [1] -         - Volo.Abp.ObjectMapping.AbpObjectMappingModule
2024-10-10 09:25:04 [INF] [Volo.Abp.AbpApplicationBase] [44936] [1] -         - Volo.Abp.Specifications.AbpSpecificationsModule
2024-10-10 09:25:04 [INF] [Volo.Abp.AbpApplicationBase] [44936] [1] -         - Volo.Abp.Caching.AbpCachingModule
2024-10-10 09:25:04 [INF] [Volo.Abp.AbpApplicationBase] [44936] [1] -           - Volo.Abp.Serialization.AbpSerializationModule
2024-10-10 09:25:04 [INF] [Volo.Abp.AbpApplicationBase] [44936] [1] -         - Volo.Abp.Domain.AbpDddDomainSharedModule
2024-10-10 09:25:04 [INF] [Volo.Abp.AbpApplicationBase] [44936] [1] -       - Volo.Abp.Application.AbpDddApplicationContractsModule
2024-10-10 09:25:04 [INF] [Volo.Abp.AbpApplicationBase] [44936] [1] -       - Volo.Abp.Features.AbpFeaturesModule
2024-10-10 09:25:04 [INF] [Volo.Abp.AbpApplicationBase] [44936] [1] -       - Volo.Abp.GlobalFeatures.AbpGlobalFeaturesModule
2024-10-10 09:25:04 [INF] [Volo.Abp.AbpApplicationBase] [44936] [1] -     - ZQH.Abp.WebhooksManagement.WebhooksManagementDomainModule
2024-10-10 09:25:04 [INF] [Volo.Abp.AbpApplicationBase] [44936] [1] -       - Volo.Abp.AutoMapper.AbpAutoMapperModule
2024-10-10 09:25:04 [INF] [Volo.Abp.AbpApplicationBase] [44936] [1] -       - ZQH.Abp.Webhooks.AbpWebhooksModule
2024-10-10 09:25:04 [INF] [Volo.Abp.AbpApplicationBase] [44936] [1] -         - ZQH.Abp.Webhooks.AbpWebhooksCoreModule
2024-10-10 09:25:04 [INF] [Volo.Abp.AbpApplicationBase] [44936] [1] -         - Volo.Abp.BackgroundJobs.AbpBackgroundJobsAbstractionsModule
2024-10-10 09:25:04 [INF] [Volo.Abp.AbpApplicationBase] [44936] [1] -         - Volo.Abp.Http.Client.AbpHttpClientModule
2024-10-10 09:25:04 [INF] [Volo.Abp.AbpApplicationBase] [44936] [1] -           - Volo.Abp.Castle.AbpCastleCoreModule
2024-10-10 09:25:04 [INF] [Volo.Abp.AbpApplicationBase] [44936] [1] -           - Volo.Abp.RemoteServices.AbpRemoteServicesModule
2024-10-10 09:25:04 [INF] [Volo.Abp.AbpApplicationBase] [44936] [1] -       - ZQH.Abp.WebhooksManagement.WebhooksManagementDomainSharedModule
2024-10-10 09:25:04 [INF] [Volo.Abp.AbpApplicationBase] [44936] [1] -   - ZQH.Abp.WebhooksManagement.WebhooksManagementHttpApiModule
2024-10-10 09:25:04 [INF] [Volo.Abp.AbpApplicationBase] [44936] [1] -     - Volo.Abp.AspNetCore.Mvc.AbpAspNetCoreMvcModule
2024-10-10 09:25:04 [INF] [Volo.Abp.AbpApplicationBase] [44936] [1] -       - Volo.Abp.ApiVersioning.AbpApiVersioningAbstractionsModule
2024-10-10 09:25:04 [INF] [Volo.Abp.AbpApplicationBase] [44936] [1] -       - Volo.Abp.AspNetCore.Mvc.AbpAspNetCoreMvcContractsModule
2024-10-10 09:25:04 [INF] [Volo.Abp.AbpApplicationBase] [44936] [1] -       - Volo.Abp.UI.Navigation.AbpUiNavigationModule
2024-10-10 09:25:04 [INF] [Volo.Abp.AbpApplicationBase] [44936] [1] -         - Volo.Abp.UI.AbpUiModule
2024-10-10 09:25:04 [INF] [Volo.Abp.AbpApplicationBase] [44936] [1] -     - ZQH.Abp.WebhooksManagement.WebhooksManagementApplicationContractsModule
2024-10-10 09:25:04 [INF] [Volo.Abp.AbpApplicationBase] [44936] [1] -   - ZQH.Abp.WebhooksManagement.EntityFrameworkCore.WebhooksManagementEntityFrameworkCoreModule
2024-10-10 09:25:04 [INF] [Volo.Abp.AbpApplicationBase] [44936] [1] -     - Volo.Abp.EntityFrameworkCore.AbpEntityFrameworkCoreModule
2024-10-10 09:25:04 [INF] [Volo.Abp.AbpApplicationBase] [44936] [1] -   - ZQH.Abp.Webhooks.Identity.AbpWebhooksIdentityModule
2024-10-10 09:25:04 [INF] [Volo.Abp.AbpApplicationBase] [44936] [1] -     - Volo.Abp.Users.AbpUsersAbstractionModule
2024-10-10 09:25:04 [INF] [Volo.Abp.AbpApplicationBase] [44936] [1] -     - Volo.Abp.Identity.AbpIdentityDomainSharedModule
2024-10-10 09:25:04 [INF] [Volo.Abp.AbpApplicationBase] [44936] [1] -       - Volo.Abp.Users.AbpUsersDomainSharedModule
2024-10-10 09:25:04 [INF] [Volo.Abp.AbpApplicationBase] [44936] [1] -   - ZQH.Abp.Webhooks.Saas.AbpWebhooksSaasModule
2024-10-10 09:25:04 [INF] [Volo.Abp.AbpApplicationBase] [44936] [1] -     - ZQH.Abp.Saas.AbpSaasDomainSharedModule
2024-10-10 09:25:04 [INF] [Volo.Abp.AbpApplicationBase] [44936] [1] -   - ZQH.Abp.Webhooks.EventBus.AbpWebhooksEventBusModule
2024-10-10 09:25:04 [INF] [Volo.Abp.AbpApplicationBase] [44936] [1] -   - ZQH.Abp.BackgroundTasks.Quartz.AbpBackgroundTasksQuartzModule
2024-10-10 09:25:04 [INF] [Volo.Abp.AbpApplicationBase] [44936] [1] -     - ZQH.Abp.BackgroundTasks.AbpBackgroundTasksModule
2024-10-10 09:25:04 [INF] [Volo.Abp.AbpApplicationBase] [44936] [1] -       - ZQH.Abp.BackgroundTasks.AbpBackgroundTasksAbstractionsModule
2024-10-10 09:25:04 [INF] [Volo.Abp.AbpApplicationBase] [44936] [1] -     - Volo.Abp.Quartz.AbpQuartzModule
2024-10-10 09:25:04 [INF] [Volo.Abp.AbpApplicationBase] [44936] [1] -   - ZQH.Abp.BackgroundTasks.DistributedLocking.AbpBackgroundTasksDistributedLockingModule
2024-10-10 09:25:04 [INF] [Volo.Abp.AbpApplicationBase] [44936] [1] -   - ZQH.Abp.BackgroundTasks.ExceptionHandling.AbpBackgroundTasksExceptionHandlingModule
2024-10-10 09:25:04 [INF] [Volo.Abp.AbpApplicationBase] [44936] [1] -     - ZQH.Abp.BackgroundTasks.Activities.AbpBackgroundTasksActivitiesModule
2024-10-10 09:25:04 [INF] [Volo.Abp.AbpApplicationBase] [44936] [1] -     - Volo.Abp.Emailing.AbpEmailingModule
2024-10-10 09:25:04 [INF] [Volo.Abp.AbpApplicationBase] [44936] [1] -       - Volo.Abp.TextTemplating.AbpTextTemplatingModule
2024-10-10 09:25:04 [INF] [Volo.Abp.AbpApplicationBase] [44936] [1] -         - Volo.Abp.TextTemplating.Scriban.AbpTextTemplatingScribanModule
2024-10-10 09:25:04 [INF] [Volo.Abp.AbpApplicationBase] [44936] [1] -           - Volo.Abp.TextTemplating.AbpTextTemplatingCoreModule
2024-10-10 09:25:04 [INF] [Volo.Abp.AbpApplicationBase] [44936] [1] -   - ZQH.Abp.TaskManagement.EntityFrameworkCore.TaskManagementEntityFrameworkCoreModule
2024-10-10 09:25:04 [INF] [Volo.Abp.AbpApplicationBase] [44936] [1] -     - ZQH.Abp.TaskManagement.TaskManagementDomainModule
2024-10-10 09:25:04 [INF] [Volo.Abp.AbpApplicationBase] [44936] [1] -       - ZQH.Abp.TaskManagement.TaskManagementDomainSharedModule
2024-10-10 09:25:04 [INF] [Volo.Abp.AbpApplicationBase] [44936] [1] -       - ZQH.Abp.BackgroundTasks.EventBus.AbpBackgroundTasksEventBusModule
2024-10-10 09:25:04 [INF] [Volo.Abp.AbpApplicationBase] [44936] [1] -   - ZQH.Abp.Saas.EntityFrameworkCore.AbpSaasEntityFrameworkCoreModule
2024-10-10 09:25:04 [INF] [Volo.Abp.AbpApplicationBase] [44936] [1] -     - ZQH.Abp.Saas.AbpSaasDomainModule
2024-10-10 09:25:04 [INF] [Volo.Abp.AbpApplicationBase] [44936] [1] -       - ZQH.Abp.MultiTenancy.Editions.AbpMultiTenancyEditionsModule
2024-10-10 09:25:04 [INF] [Volo.Abp.AbpApplicationBase] [44936] [1] -   - Volo.Abp.FeatureManagement.EntityFrameworkCore.AbpFeatureManagementEntityFrameworkCoreModule
2024-10-10 09:25:04 [INF] [Volo.Abp.AbpApplicationBase] [44936] [1] -     - Volo.Abp.FeatureManagement.AbpFeatureManagementDomainModule
2024-10-10 09:25:04 [INF] [Volo.Abp.AbpApplicationBase] [44936] [1] -       - Volo.Abp.FeatureManagement.AbpFeatureManagementDomainSharedModule
2024-10-10 09:25:04 [INF] [Volo.Abp.AbpApplicationBase] [44936] [1] -   - Volo.Abp.PermissionManagement.EntityFrameworkCore.AbpPermissionManagementEntityFrameworkCoreModule
2024-10-10 09:25:04 [INF] [Volo.Abp.AbpApplicationBase] [44936] [1] -     - Volo.Abp.PermissionManagement.AbpPermissionManagementDomainModule
2024-10-10 09:25:04 [INF] [Volo.Abp.AbpApplicationBase] [44936] [1] -       - Volo.Abp.PermissionManagement.AbpPermissionManagementDomainSharedModule
2024-10-10 09:25:04 [INF] [Volo.Abp.AbpApplicationBase] [44936] [1] -   - Volo.Abp.SettingManagement.EntityFrameworkCore.AbpSettingManagementEntityFrameworkCoreModule
2024-10-10 09:25:04 [INF] [Volo.Abp.AbpApplicationBase] [44936] [1] -     - Volo.Abp.SettingManagement.AbpSettingManagementDomainModule
2024-10-10 09:25:04 [INF] [Volo.Abp.AbpApplicationBase] [44936] [1] -       - Volo.Abp.SettingManagement.AbpSettingManagementDomainSharedModule
2024-10-10 09:25:04 [INF] [Volo.Abp.AbpApplicationBase] [44936] [1] -   - ZQH.Abp.LocalizationManagement.EntityFrameworkCore.AbpLocalizationManagementEntityFrameworkCoreModule
2024-10-10 09:25:04 [INF] [Volo.Abp.AbpApplicationBase] [44936] [1] -     - ZQH.Abp.LocalizationManagement.AbpLocalizationManagementDomainModule
2024-10-10 09:25:04 [INF] [Volo.Abp.AbpApplicationBase] [44936] [1] -       - ZQH.Abp.Localization.Persistence.AbpLocalizationPersistenceModule
2024-10-10 09:25:04 [INF] [Volo.Abp.AbpApplicationBase] [44936] [1] -       - ZQH.Abp.LocalizationManagement.AbpLocalizationManagementDomainSharedModule
2024-10-10 09:25:04 [INF] [Volo.Abp.AbpApplicationBase] [44936] [1] -   - ZQH.MicroService.WebhooksManagement.EntityFrameworkCore.WebhooksManagementMigrationsEntityFrameworkCoreModule
2024-10-10 09:25:04 [INF] [Volo.Abp.AbpApplicationBase] [44936] [1] -     - Volo.Abp.EntityFrameworkCore.MySQL.AbpEntityFrameworkCoreMySQLModule
2024-10-10 09:25:04 [INF] [Volo.Abp.AbpApplicationBase] [44936] [1] -     - ZQH.Abp.Data.DbMigrator.AbpDataDbMigratorModule
2024-10-10 09:25:04 [INF] [Volo.Abp.AbpApplicationBase] [44936] [1] -   - Volo.Abp.AspNetCore.Authentication.JwtBearer.AbpAspNetCoreAuthenticationJwtBearerModule
2024-10-10 09:25:04 [INF] [Volo.Abp.AbpApplicationBase] [44936] [1] -   - ZQH.Abp.Authorization.OrganizationUnits.AbpAuthorizationOrganizationUnitsModule
2024-10-10 09:25:04 [INF] [Volo.Abp.AbpApplicationBase] [44936] [1] -   - ZQH.Abp.ExceptionHandling.Emailing.AbpEmailingExceptionHandlingModule
2024-10-10 09:25:04 [INF] [Volo.Abp.AbpApplicationBase] [44936] [1] -     - ZQH.Abp.ExceptionHandling.AbpExceptionHandlingModule
2024-10-10 09:25:04 [INF] [Volo.Abp.AbpApplicationBase] [44936] [1] -   - ZQH.Abp.EventBus.CAP.AbpCAPEventBusModule
2024-10-10 09:25:04 [INF] [Volo.Abp.AbpApplicationBase] [44936] [1] -   - Volo.Abp.Http.Client.IdentityModel.Web.AbpHttpClientIdentityModelWebModule
2024-10-10 09:25:04 [INF] [Volo.Abp.AbpApplicationBase] [44936] [1] -     - Volo.Abp.Http.Client.IdentityModel.AbpHttpClientIdentityModelModule
2024-10-10 09:25:04 [INF] [Volo.Abp.AbpApplicationBase] [44936] [1] -       - Volo.Abp.IdentityModel.AbpIdentityModelModule
2024-10-10 09:25:04 [INF] [Volo.Abp.AbpApplicationBase] [44936] [1] -   - Volo.Abp.AspNetCore.MultiTenancy.AbpAspNetCoreMultiTenancyModule
2024-10-10 09:25:04 [INF] [Volo.Abp.AbpApplicationBase] [44936] [1] -   - ZQH.Abp.AspNetCore.Mvc.Localization.AbpAspNetCoreMvcLocalizationModule
2024-10-10 09:25:04 [INF] [Volo.Abp.AbpApplicationBase] [44936] [1] -   - Volo.Abp.Caching.StackExchangeRedis.AbpCachingStackExchangeRedisModule
2024-10-10 09:25:04 [INF] [Volo.Abp.AbpApplicationBase] [44936] [1] -   - Volo.Abp.DistributedLocking.AbpDistributedLockingModule
2024-10-10 09:25:04 [INF] [Volo.Abp.AbpApplicationBase] [44936] [1] -   - Volo.Abp.Swashbuckle.AbpSwashbuckleModule
2024-10-10 09:25:04 [INF] [Volo.Abp.AbpApplicationBase] [44936] [1] -   - ZQH.Abp.Http.Client.Wrapper.AbpHttpClientWrapperModule
2024-10-10 09:25:04 [INF] [Volo.Abp.AbpApplicationBase] [44936] [1] -     - ZQH.Abp.Wrapper.AbpWrapperModule
2024-10-10 09:25:04 [INF] [Volo.Abp.AbpApplicationBase] [44936] [1] -   - ZQH.Abp.Dapr.Client.Wrapper.AbpDaprClientWrapperModule
2024-10-10 09:25:04 [INF] [Volo.Abp.AbpApplicationBase] [44936] [1] -     - ZQH.Abp.Dapr.Client.AbpDaprClientModule
2024-10-10 09:25:04 [INF] [Volo.Abp.AbpApplicationBase] [44936] [1] -   - ZQH.Abp.Claims.Mapping.AbpClaimsMappingModule
2024-10-10 09:25:04 [INF] [Volo.Abp.AbpApplicationBase] [44936] [1] -   - ZQH.Abp.AspNetCore.Mvc.Wrapper.AbpAspNetCoreMvcWrapperModule
2024-10-10 09:25:04 [INF] [Volo.Abp.AbpApplicationBase] [44936] [1] -     - ZQH.Abp.AspNetCore.Wrapper.AbpAspNetCoreWrapperModule
2024-10-10 09:25:04 [INF] [Volo.Abp.AbpApplicationBase] [44936] [1] -   - ZQH.Abp.AspNetCore.HttpOverrides.AbpAspNetCoreHttpOverridesModule
2024-10-10 09:25:04 [INF] [Volo.Abp.AbpApplicationBase] [44936] [1] -   - ZQH.Abp.Identity.Session.AspNetCore.AbpIdentitySessionAspNetCoreModule
2024-10-10 09:25:04 [INF] [Volo.Abp.AbpApplicationBase] [44936] [1] -     - ZQH.Abp.Identity.Session.AbpIdentitySessionModule
2024-10-10 09:25:04 [INF] [Volo.Abp.AbpApplicationBase] [44936] [1] -   - Volo.Abp.Autofac.AbpAutofacModule
2024-10-10 09:25:04 [INF] [Quartz.Core.SchedulerSignalerImpl] [44936] [1] - Initialized Scheduler Signaller of type: Quartz.Core.SchedulerSignalerImpl
2024-10-10 09:25:04 [INF] [Quartz.Core.QuartzScheduler] [44936] [1] - Quartz Scheduler created
2024-10-10 09:25:04 [INF] [Quartz.Core.QuartzScheduler] [44936] [1] - JobFactory set to: Quartz.Simpl.MicrosoftDependencyInjectionJobFactory
2024-10-10 09:25:04 [INF] [Quartz.Simpl.RAMJobStore] [44936] [1] - RAMJobStore initialized.
2024-10-10 09:25:04 [INF] [Quartz.Impl.StdSchedulerFactory] [44936] [1] - Quartz Scheduler 3.7.0.0 - 'QuartzScheduler' with instanceId 'NON_CLUSTERED' initialized
2024-10-10 09:25:04 [INF] [Quartz.Impl.StdSchedulerFactory] [44936] [1] - Using thread pool 'Quartz.Simpl.DefaultThreadPool', size: 10
2024-10-10 09:25:04 [INF] [Quartz.Impl.StdSchedulerFactory] [44936] [1] - Using job store 'Quartz.Simpl.RAMJobStore', supports persistence: False, clustered: False
2024-10-10 09:25:04 [INF] [Quartz.ContainerConfigurationProcessor] [44936] [1] - Adding 0 jobs, 0 triggers.
2024-10-10 09:25:05 [WRN] [Microsoft.EntityFrameworkCore.Model.Validation] [44936] [6] - Entity 'WebhookEventRecord' has a global query filter defined and is the required end of a relationship with the entity 'WebhookSendRecord'. This may lead to unexpected results when the required entity is filtered out. Either configure the navigation as optional, or define matching query filters for both entities in the navigation. See https://go.microsoft.com/fwlink/?linkid=2131316 for more information.
2024-10-10 09:25:05 [INF] [Microsoft.EntityFrameworkCore.Database.Command] [44936] [23] - Executed DbCommand (10ms) [Parameters=[], CommandType='"Text"', CommandTimeout='30']
SELECT `a`.`Id`, `a`.`DisplayName`, `a`.`ExtraProperties`, `a`.`Name`
FROM `AbpWebhooksWebhookGroups` AS `a`
2024-10-10 09:25:06 [INF] [Microsoft.EntityFrameworkCore.Database.Command] [44936] [23] - Executed DbCommand (5ms) [Parameters=[], CommandType='"Text"', CommandTimeout='30']
SELECT `a`.`Id`, `a`.`Description`, `a`.`DisplayName`, `a`.`ExtraProperties`, `a`.`GroupName`, `a`.`IsEnabled`, `a`.`Name`, `a`.`RequiredFeatures`
FROM `AbpWebhooksWebhooks` AS `a`
2024-10-10 09:25:06 [INF] [Microsoft.EntityFrameworkCore.Database.Command] [44936] [23] - Executed DbCommand (3ms) [Parameters=[], CommandType='"Text"', CommandTimeout='30']
SELECT `a`.`Id`, `a`.`DisplayName`, `a`.`ExtraProperties`, `a`.`Name`
FROM `AbpWebhooksWebhookGroups` AS `a`
2024-10-10 09:25:06 [INF] [Microsoft.EntityFrameworkCore.Database.Command] [44936] [23] - Executed DbCommand (2ms) [Parameters=[], CommandType='"Text"', CommandTimeout='30']
SELECT `a`.`Id`, `a`.`Description`, `a`.`DisplayName`, `a`.`ExtraProperties`, `a`.`GroupName`, `a`.`IsEnabled`, `a`.`Name`, `a`.`RequiredFeatures`
FROM `AbpWebhooksWebhooks` AS `a`
WHERE `a`.`IsEnabled`
2024-10-10 09:25:06 [INF] [Quartz.Core.QuartzScheduler] [44936] [10] - Scheduler QuartzScheduler_$_NON_CLUSTERED started.
2024-10-10 09:25:06 [INF] [Microsoft.EntityFrameworkCore.Database.Command] [44936] [6] - Executed DbCommand (3ms) [Parameters=[], CommandType='"Text"', CommandTimeout='30']
SELECT `a`.`Id`, `a`.`DisplayName`, `a`.`ExtraProperties`, `a`.`Name`
FROM `AbpPermissionGroups` AS `a`
2024-10-10 09:25:06 [INF] [Volo.Abp.Modularity.ModuleManager] [44936] [10] - Initialized all ABP modules.
2024-10-10 09:25:06 [INF] [Microsoft.EntityFrameworkCore.Database.Command] [44936] [27] - Executed DbCommand (8ms) [Parameters=[], CommandType='"Text"', CommandTimeout='30']
SELECT `a`.`Id`, `a`.`DisplayName`, `a`.`ExtraProperties`, `a`.`Name`
FROM `AbpFeatureGroups` AS `a`
2024-10-10 09:25:06 [INF] [Microsoft.EntityFrameworkCore.Database.Command] [44936] [25] - Executed DbCommand (6ms) [Parameters=[], CommandType='"Text"', CommandTimeout='30']
SELECT `a`.`Id`, `a`.`DefaultValue`, `a`.`Description`, `a`.`DisplayName`, `a`.`ExtraProperties`, `a`.`IsEncrypted`, `a`.`IsInherited`, `a`.`IsVisibleToClients`, `a`.`Name`, `a`.`Providers`
FROM `AbpSettingDefinitions` AS `a`
2024-10-10 09:25:06 [INF] [Microsoft.EntityFrameworkCore.Database.Command] [44936] [23] - Executed DbCommand (8ms) [Parameters=[], CommandType='"Text"', CommandTimeout='30']
SELECT `a`.`Id`, `a`.`DisplayName`, `a`.`ExtraProperties`, `a`.`GroupName`, `a`.`IsEnabled`, `a`.`MultiTenancySide`, `a`.`Name`, `a`.`ParentName`, `a`.`Providers`, `a`.`StateCheckers`
FROM `AbpPermissions` AS `a`
2024-10-10 09:25:06 [ERR] [Volo.Abp.FeatureManagement.AbpFeatureManagementDomainModule] [44936] [27] - An exception was thrown while activating Volo.Abp.FeatureManagement.EntityFrameworkCore.FeatureManagementDbContext -> λ:Microsoft.EntityFrameworkCore.DbContextOptions`1[[Volo.Abp.FeatureManagement.EntityFrameworkCore.FeatureManagementDbContext, Volo.Abp.FeatureManagement.EntityFrameworkCore, Version=8.2.1.0, Culture=neutral, PublicKeyToken=null]].
Autofac.Core.DependencyResolutionException: An exception was thrown while activating Volo.Abp.FeatureManagement.EntityFrameworkCore.FeatureManagementDbContext -> λ:Microsoft.EntityFrameworkCore.DbContextOptions`1[[Volo.Abp.FeatureManagement.EntityFrameworkCore.FeatureManagementDbContext, Volo.Abp.FeatureManagement.EntityFrameworkCore, Version=8.2.1.0, Culture=neutral, PublicKeyToken=null]].
 ---> MySqlConnector.MySqlException (0x80004005): SSL Authentication Error
 ---> System.Security.Authentication.AuthenticationException: Authentication failed because the remote party sent a TLS alert: 'IllegalParameter'.
 ---> System.ComponentModel.Win32Exception (0x80090326): 接收到的消息异常，或格式不正确。
   --- End of inner exception stack trace ---
   at System.Net.Security.SslStream.ForceAuthenticationAsync[TIOAdapter](Boolean receiveFirst, Byte[] reAuthenticationData, CancellationToken cancellationToken)
   at System.Net.Security.SslStream.AuthenticateAsClient(SslClientAuthenticationOptions sslClientAuthenticationOptions)
   at MySqlConnector.Core.ServerSession.InitSslAsync(ProtocolCapabilities serverCapabilities, ConnectionSettings cs, MySqlConnection connection, SslProtocols sslProtocols, IOBehavior ioBehavior, CancellationToken cancellationToken) in /_/src/MySqlConnector/Core/ServerSession.cs:line 1445
   at MySqlConnector.Core.ServerSession.InitSslAsync(ProtocolCapabilities serverCapabilities, ConnectionSettings cs, MySqlConnection connection, SslProtocols sslProtocols, IOBehavior ioBehavior, CancellationToken cancellationToken) in /_/src/MySqlConnector/Core/ServerSession.cs:line 1472
   at MySqlConnector.Core.ServerSession.ConnectAsync(ConnectionSettings cs, MySqlConnection connection, Int64 startingTimestamp, ILoadBalancer loadBalancer, Activity activity, IOBehavior ioBehavior, CancellationToken cancellationToken) in /_/src/MySqlConnector/Core/ServerSession.cs:line 523
   at MySqlConnector.MySqlConnection.CreateSessionAsync(ConnectionPool pool, Int64 startingTimestamp, Activity activity, Nullable`1 ioBehavior, CancellationToken cancellationToken) in /_/src/MySqlConnector/MySqlConnection.cs:line 932
   at MySqlConnector.MySqlConnection.CreateSessionAsync(ConnectionPool pool, Int64 startingTimestamp, Activity activity, Nullable`1 ioBehavior, CancellationToken cancellationToken) in /_/src/MySqlConnector/MySqlConnection.cs:line 938
   at MySqlConnector.MySqlConnection.OpenAsync(Nullable`1 ioBehavior, CancellationToken cancellationToken) in /_/src/MySqlConnector/MySqlConnection.cs:line 419
   at MySqlConnector.MySqlConnection.Open() in /_/src/MySqlConnector/MySqlConnection.cs:line 381
   at Microsoft.EntityFrameworkCore.ServerVersion.AutoDetect(String connectionString)
   at Volo.Abp.EntityFrameworkCore.AbpDbContextConfigurationContextMySQLExtensions.UseMySQL(AbpDbContextConfigurationContext context, Action`1 mySQLOptionsAction)
   at Volo.Abp.EntityFrameworkCore.AbpDbContextOptionsMySQLExtensions.<>c__DisplayClass0_0.<UseMySQL>b__0(AbpDbContextConfigurationContext context)
   at Volo.Abp.EntityFrameworkCore.DependencyInjection.DbContextOptionsFactory.Configure[TDbContext](AbpDbContextOptions options, AbpDbContextConfigurationContext`1 context)
   at Volo.Abp.EntityFrameworkCore.DependencyInjection.DbContextOptionsFactory.Create[TDbContext](IServiceProvider serviceProvider)
   at Autofac.Extensions.DependencyInjection.AutofacRegistration.<>c__DisplayClass4_0.<Register>b__1(IComponentContext context, IEnumerable`1 parameters)
   at Autofac.Core.Activators.Delegate.DelegateActivator.ActivateInstance(IComponentContext context, IEnumerable`1 parameters)
   at Autofac.Core.Activators.Delegate.DelegateActivator.<ConfigurePipeline>b__2_0(ResolveRequestContext context, Action`1 next)
   at Autofac.Core.Resolving.Middleware.DelegateMiddleware.Execute(ResolveRequestContext context, Action`1 next)
   at Autofac.Core.Resolving.Pipeline.ResolvePipelineBuilder.<>c__DisplayClass14_0.<BuildPipeline>b__1(ResolveRequestContext context)
   at Autofac.Core.Resolving.Middleware.DisposalTrackingMiddleware.Execute(ResolveRequestContext context, Action`1 next)
   at Autofac.Core.Resolving.Pipeline.ResolvePipelineBuilder.<>c__DisplayClass14_0.<BuildPipeline>b__1(ResolveRequestContext context)
   at Autofac.Core.Resolving.Middleware.ActivatorErrorHandlingMiddleware.Execute(ResolveRequestContext context, Action`1 next)
   --- End of inner exception stack trace ---
   at Autofac.Core.Resolving.Middleware.ActivatorErrorHandlingMiddleware.Execute(ResolveRequestContext context, Action`1 next)
   at Autofac.Core.Resolving.Pipeline.ResolvePipelineBuilder.<>c__DisplayClass14_0.<BuildPipeline>b__1(ResolveRequestContext context)
   at Autofac.Core.Pipeline.ResolvePipeline.Invoke(ResolveRequestContext context)
   at Autofac.Core.Resolving.Middleware.RegistrationPipelineInvokeMiddleware.Execute(ResolveRequestContext context, Action`1 next)
   at Autofac.Core.Resolving.Pipeline.ResolvePipelineBuilder.<>c__DisplayClass14_0.<BuildPipeline>b__1(ResolveRequestContext context)
   at Autofac.Core.Resolving.Middleware.SharingMiddleware.Execute(ResolveRequestContext context, Action`1 next)
   at Autofac.Core.Resolving.Pipeline.ResolvePipelineBuilder.<>c__DisplayClass14_0.<BuildPipeline>b__1(ResolveRequestContext context)
   at Autofac.Core.Resolving.Pipeline.ResolvePipelineBuilder.<>c__DisplayClass14_0.<BuildPipeline>b__1(ResolveRequestContext context)
   at Autofac.Core.Resolving.Middleware.CircularDependencyDetectorMiddleware.Execute(ResolveRequestContext context, Action`1 next)
   at Autofac.Core.Resolving.Pipeline.ResolvePipelineBuilder.<>c__DisplayClass14_0.<BuildPipeline>b__1(ResolveRequestContext context)
   at Autofac.Extensions.DependencyInjection.KeyedServiceMiddleware.Execute(ResolveRequestContext context, Action`1 next)
   at Autofac.Core.Resolving.Pipeline.ResolvePipelineBuilder.<>c__DisplayClass14_0.<BuildPipeline>b__1(ResolveRequestContext context)
   at Autofac.Core.Pipeline.ResolvePipeline.Invoke(ResolveRequestContext context)
   at Autofac.Core.Resolving.ResolveOperation.GetOrCreateInstance(ISharingLifetimeScope currentOperationScope, ResolveRequest& request)
   at Autofac.Core.Resolving.ResolveOperation.ExecuteOperation(ResolveRequest& request)
   at Autofac.Core.Resolving.ResolveOperation.Execute(ResolveRequest& request)
   at Autofac.Core.Lifetime.LifetimeScope.ResolveComponent(ResolveRequest& request)
   at Autofac.Core.Lifetime.LifetimeScope.Autofac.IComponentContext.ResolveComponent(ResolveRequest& request)
   at Autofac.ResolutionExtensions.TryResolveService(IComponentContext context, Service service, IEnumerable`1 parameters, Object& instance)
   at Autofac.ResolutionExtensions.ResolveService(IComponentContext context, Service service, IEnumerable`1 parameters)
   at Autofac.ResolutionExtensions.Resolve(IComponentContext context, Type serviceType, IEnumerable`1 parameters)
   at Autofac.ResolutionExtensions.Resolve(IComponentContext context, Type serviceType)
   at Autofac.Extensions.DependencyInjection.AutofacServiceProvider.GetRequiredService(Type serviceType)
   at Microsoft.Extensions.DependencyInjection.ServiceProviderServiceExtensions.GetRequiredService(IServiceProvider provider, Type serviceType)
   at Microsoft.Extensions.DependencyInjection.ServiceProviderServiceExtensions.GetRequiredService[T](IServiceProvider provider)
   at Volo.Abp.Uow.EntityFrameworkCore.UnitOfWorkDbContextProvider`1.CreateDbContextAsync(IUnitOfWork unitOfWork)
   at Volo.Abp.Uow.EntityFrameworkCore.UnitOfWorkDbContextProvider`1.CreateDbContextAsync(IUnitOfWork unitOfWork, String connectionStringName, String connectionString)
   at Volo.Abp.Uow.EntityFrameworkCore.UnitOfWorkDbContextProvider`1.GetDbContextAsync()
   at Volo.Abp.Domain.Repositories.EntityFrameworkCore.EfCoreRepository`2.GetDbSetAsync()
   at Volo.Abp.Domain.Repositories.EntityFrameworkCore.EfCoreRepository`2.GetQueryableAsync()
   at Volo.Abp.Domain.Repositories.EntityFrameworkCore.EfCoreRepository`2.GetListAsync(Boolean includeDetails, CancellationToken cancellationToken)
   at Castle.DynamicProxy.AsyncInterceptorBase.ProceedAsynchronous[TResult](IInvocation invocation, IInvocationProceedInfo proceedInfo)
   at Volo.Abp.Castle.DynamicProxy.CastleAbpMethodInvocationAdapterWithReturnValue`1.ProceedAsync()
   at Volo.Abp.Uow.UnitOfWorkInterceptor.InterceptAsync(IAbpMethodInvocation invocation)
   at Volo.Abp.Castle.DynamicProxy.CastleAsyncAbpInterceptorAdapter`1.InterceptAsync[TResult](IInvocation invocation, IInvocationProceedInfo proceedInfo, Func`3 proceed)
   at Volo.Abp.FeatureManagement.DynamicFeatureDefinitionStore.UpdateInMemoryStoreCache()
   at Volo.Abp.FeatureManagement.DynamicFeatureDefinitionStore.EnsureCacheIsUptoDateAsync()
   at Volo.Abp.FeatureManagement.DynamicFeatureDefinitionStore.GetGroupsAsync()
   at Volo.Abp.FeatureManagement.AbpFeatureManagementDomainModule.PreCacheDynamicFeaturesAsync(FeatureManagementOptions options, IServiceScope scope)
2024-10-10 09:25:06 [ERR] [Volo.Abp.FeatureManagement.AbpFeatureManagementDomainModule] [44936] [27] - ---------- Exception Data ----------
ActivatorChain = Volo.Abp.FeatureManagement.EntityFrameworkCore.FeatureManagementDbContext -> λ:Microsoft.EntityFrameworkCore.DbContextOptions`1[[Volo.Abp.FeatureManagement.EntityFrameworkCore.FeatureManagementDbContext, Volo.Abp.FeatureManagement.EntityFrameworkCore, Version=8.2.1.0, Culture=neutral, PublicKeyToken=null]]

2024-10-10 09:25:06 [INF] [DotNetCore.CAP.Processor.Dispatcher] [44936] [7] - Starting default Dispatcher
2024-10-10 09:25:06 [WRN] [ZQH.Abp.EventBus.CAP.AbpCAPConsumerServiceSelector] [44936] [7] - We detected that you have duplicate subscribers (abp.multi_tenancy.tenant.connection_string.updated) in same group (Dev.WebhooksManagement.v1), this will cause diversity behavior.
2024-10-10 09:25:06 [INF] [DotNetCore.CAP.Processor.CapProcessingServer] [44936] [7] - Starting the processing server.
2024-10-10 09:25:06 [INF] [DotNetCore.CAP.Internal.ConsumerRegister] [44936] [22] - RabbitMQ consumer registered. --> amq.ctag-kOKsYaC0TWlN9uhEWtwOsQ
2024-10-10 09:25:06 [INF] [DotNetCore.CAP.Internal.ConsumerRegister] [44936] [22] - RabbitMQ consumer registered. --> amq.ctag-Ck5TXSbK1p-WPZ9VJeUKZg
2024-10-10 09:25:06 [INF] [Microsoft.EntityFrameworkCore.Database.Command] [44936] [26] - Executed DbCommand (24ms) [Parameters=[@__name_0='?' (Size = 50)], CommandType='"Text"', CommandTimeout='30']
SELECT `a`.`Id`, `a`.`CreationTime`, `a`.`CreatorId`, `a`.`DefaultCultureName`, `a`.`Description`, `a`.`DisplayName`, `a`.`Enable`, `a`.`LastModificationTime`, `a`.`LastModifierId`, `a`.`Name`
FROM `AbpLocalizationResources` AS `a`
WHERE `a`.`Name` = @__name_0
LIMIT 1
2024-10-10 09:25:06 [INF] [DotNetCore.CAP.Internal.Bootstrapper] [44936] [7] - ### CAP started!
2024-10-10 09:25:06 [INF] [Microsoft.EntityFrameworkCore.Database.Command] [44936] [27] - Executed DbCommand (10ms) [Parameters=[@__cultureName_0='?' (Size = 20)], CommandType='"Text"', CommandTimeout='30']
SELECT `a`.`Id`, `a`.`CreationTime`, `a`.`CreatorId`, `a`.`CultureName`, `a`.`DisplayName`, `a`.`Enable`, `a`.`LastModificationTime`, `a`.`LastModifierId`, `a`.`TwoLetterISOLanguageName`, `a`.`UiCultureName`
FROM `AbpLocalizationLanguages` AS `a`
WHERE `a`.`CultureName` = @__cultureName_0
LIMIT 1
2024-10-10 09:25:07 [INF] [Microsoft.EntityFrameworkCore.Database.Command] [44936] [35] - Executed DbCommand (6ms) [Parameters=[], CommandType='"Text"', CommandTimeout='30']
SELECT DISTINCT `a`.`Key`
FROM `AbpLocalizationTexts` AS `a`
WHERE FALSE
2024-10-10 09:25:07 [INF] [Microsoft.EntityFrameworkCore.Database.Command] [44936] [35] - Executed DbCommand (8ms) [Parameters=[@__cultureName_0='?' (Size = 20)], CommandType='"Text"', CommandTimeout='30']
SELECT `a`.`Id`, `a`.`CreationTime`, `a`.`CreatorId`, `a`.`CultureName`, `a`.`DisplayName`, `a`.`Enable`, `a`.`LastModificationTime`, `a`.`LastModifierId`, `a`.`TwoLetterISOLanguageName`, `a`.`UiCultureName`
FROM `AbpLocalizationLanguages` AS `a`
WHERE `a`.`CultureName` = @__cultureName_0
LIMIT 1
2024-10-10 09:25:07 [INF] [Microsoft.EntityFrameworkCore.Database.Command] [44936] [27] - Executed DbCommand (7ms) [Parameters=[], CommandType='"Text"', CommandTimeout='30']
SELECT DISTINCT `a`.`Key`
FROM `AbpLocalizationTexts` AS `a`
WHERE FALSE
2024-10-10 09:25:07 [INF] [Microsoft.EntityFrameworkCore.Database.Command] [44936] [27] - Executed DbCommand (6ms) [Parameters=[@__name_0='?' (Size = 50)], CommandType='"Text"', CommandTimeout='30']
SELECT `a`.`Id`, `a`.`CreationTime`, `a`.`CreatorId`, `a`.`DefaultCultureName`, `a`.`Description`, `a`.`DisplayName`, `a`.`Enable`, `a`.`LastModificationTime`, `a`.`LastModifierId`, `a`.`Name`
FROM `AbpLocalizationResources` AS `a`
WHERE `a`.`Name` = @__name_0
LIMIT 1
2024-10-10 09:25:07 [INF] [Microsoft.EntityFrameworkCore.Database.Command] [44936] [7] - Executed DbCommand (5ms) [Parameters=[@__cultureName_0='?' (Size = 20)], CommandType='"Text"', CommandTimeout='30']
SELECT `a`.`Id`, `a`.`CreationTime`, `a`.`CreatorId`, `a`.`CultureName`, `a`.`DisplayName`, `a`.`Enable`, `a`.`LastModificationTime`, `a`.`LastModifierId`, `a`.`TwoLetterISOLanguageName`, `a`.`UiCultureName`
FROM `AbpLocalizationLanguages` AS `a`
WHERE `a`.`CultureName` = @__cultureName_0
LIMIT 1
2024-10-10 09:25:07 [INF] [Microsoft.EntityFrameworkCore.Database.Command] [44936] [27] - Executed DbCommand (5ms) [Parameters=[], CommandType='"Text"', CommandTimeout='30']
SELECT DISTINCT `a`.`Key`
FROM `AbpLocalizationTexts` AS `a`
WHERE FALSE
2024-10-10 09:25:07 [INF] [Microsoft.EntityFrameworkCore.Database.Command] [44936] [27] - Executed DbCommand (6ms) [Parameters=[@__cultureName_0='?' (Size = 20)], CommandType='"Text"', CommandTimeout='30']
SELECT `a`.`Id`, `a`.`CreationTime`, `a`.`CreatorId`, `a`.`CultureName`, `a`.`DisplayName`, `a`.`Enable`, `a`.`LastModificationTime`, `a`.`LastModifierId`, `a`.`TwoLetterISOLanguageName`, `a`.`UiCultureName`
FROM `AbpLocalizationLanguages` AS `a`
WHERE `a`.`CultureName` = @__cultureName_0
LIMIT 1
2024-10-10 09:25:07 [INF] [Microsoft.EntityFrameworkCore.Database.Command] [44936] [35] - Executed DbCommand (8ms) [Parameters=[], CommandType='"Text"', CommandTimeout='30']
SELECT DISTINCT `a`.`Key`
FROM `AbpLocalizationTexts` AS `a`
WHERE FALSE
2024-10-10 09:25:07 [INF] [Microsoft.EntityFrameworkCore.Database.Command] [44936] [23] - Executed DbCommand (10ms) [Parameters=[@__ef_filter__p_0='?' (DbType = Boolean), @__providerName_1='?' (Size = 64), @__providerKey_2='?' (Size = 64)], CommandType='"Text"', CommandTimeout='30']
SELECT `a`.`Id`, `a`.`Name`, `a`.`ProviderKey`, `a`.`ProviderName`, `a`.`TenantId`
FROM `AbpPermissionGrants` AS `a`
WHERE (@__ef_filter__p_0 OR (`a`.`TenantId` IS NULL)) AND ((`a`.`Name` IN ('AbpWebhooks.GroupDefinitions', 'AbpWebhooks.GroupDefinitions.Create', 'AbpWebhooks.GroupDefinitions.Update', 'AbpWebhooks.GroupDefinitions.Delete', 'AbpWebhooks.Definitions', 'AbpWebhooks.Definitions.Create', 'AbpWebhooks.Definitions.Update', 'AbpWebhooks.Definitions.Delete', 'AbpWebhooks.Subscriptions', 'AbpWebhooks.Subscriptions.Create', 'AbpWebhooks.Subscriptions.Update', 'AbpWebhooks.Subscriptions.Delete', 'AbpWebhooks.SendAttempts', 'AbpWebhooks.SendAttempts.Delete', 'AbpWebhooks.SendAttempts.Resend', 'AbpWebhooks.ManageSettings', 'ProductManagement.Product', 'ProductManagement.Product.UpLoad', 'ProductManagement.Product.Create', 'ProductManagement.Product.Delete', 'ProductManagement.Product.Update', 'ProductManagement.Product.DownLoad', 'ProductManagement.Test', 'ProductManagement.Test.Update', 'ProductManagement.Test.Create', 'ProductManagement.Test.UpLoad', 'ProductManagement.Test.Delete', 'AbpIdentity.Roles', 'AbpIdentity.Roles.Create', 'AbpIdentity.Roles.Delete', 'AbpIdentity.Roles.ManagePermissions', 'AbpIdentity.Roles.Update', 'AbpIdentity.Roles.ManageOrganizationUnits', 'AbpIdentity.Roles.ManageClaims', 'AbpIdentity.Users', 'AbpIdentity.Users.ManagePermissions', 'AbpIdentity.Users.Update', 'AbpIdentity.Users.Update.ManageRoles', 'AbpIdentity.Users.Delete', 'AbpIdentity.Users.Create', 'AbpIdentity.Users.ResetPassword', 'AbpIdentity.Users.ManageOrganizationUnits', 'AbpIdentity.Users.ManageClaims', 'AbpIdentity.IdentitySessions', 'AbpIdentity.IdentitySessions.Revoke', 'AbpIdentity.OrganizationUnits', 'AbpIdentity.OrganizationUnits.ManageUsers', 'AbpIdentity.OrganizationUnits.Create', 'AbpIdentity.OrganizationUnits.Update', 'AbpIdentity.OrganizationUnits.ManageRoles', 'AbpIdentity.OrganizationUnits.ManagePermissions', 'AbpIdentity.OrganizationUnits.Delete', 'AbpIdentity.IdentityClaimTypes', 'AbpIdentity.IdentityClaimTypes.Update', 'AbpIdentity.IdentityClaimTypes.Delete', 'AbpIdentity.IdentityClaimTypes.Create', 'AbpOpenIddict.Authorizations', 'AbpOpenIddict.Authorizations.Delete', 'AbpOpenIddict.Tokens', 'AbpOpenIddict.Tokens.Delete', 'AbpOpenIddict.Applications', 'AbpOpenIddict.Applications.ManagePermissions', 'AbpOpenIddict.Applications.Update', 'AbpOpenIddict.Applications.Delete', 'AbpOpenIddict.Applications.Create', 'AbpOpenIddict.Applications.ManageSecret', 'AbpOpenIddict.Scopes', 'AbpOpenIddict.Scopes.Delete', 'AbpOpenIddict.Scopes.Create', 'AbpOpenIddict.Scopes.Update', 'LocalizationManagement.Resource', 'LocalizationManagement.Resource.Delete', 'LocalizationManagement.Resource.Update', 'LocalizationManagement.Resource.Create', 'LocalizationManagement.Language', 'LocalizationManagement.Language.Update', 'LocalizationManagement.Language.Delete', 'LocalizationManagement.Language.Create', 'LocalizationManagement.Text', 'LocalizationManagement.Text.Create', 'LocalizationManagement.Text.Update', 'LocalizationManagement.Text.Delete', 'TaskManagement.BackgroundJobLogs', 'TaskManagement.BackgroundJobLogs.Delete', 'TaskManagement.BackgroundJobs', 'TaskManagement.BackgroundJobs.ManageActions', 'TaskManagement.BackgroundJobs.Update', 'TaskManagement.BackgroundJobs.Delete', 'TaskManagement.BackgroundJobs.Create', 'TaskManagement.BackgroundJobs.Start', 'TaskManagement.BackgroundJobs.Resume', 'TaskManagement.BackgroundJobs.Stop', 'TaskManagement.BackgroundJobs.ManageSystemJobs', 'TaskManagement.BackgroundJobs.Trigger', 'TaskManagement.BackgroundJobs.Pause', 'Abp.Aliyun.Settings', 'AbpSettingManagement.Settings', 'AbpSettingManagement.Manager', 'Abp.Tencent.Settings', 'Abp.WxPusher.ManageSetting', 'SettingManagement.Emailing', 'SettingManagement.Emailing.Test', 'SettingManagement.TimeZone', 'SettingManagement.Definition', 'SettingManagement.Definition.Create', 'SettingManagement.Definition.Update', 'SettingManagement.Definition.DeleteOrRestore', 'PermissionManagement.Definitions', 'PermissionManagement.Definitions.Update', 'PermissionManagement.Definitions.Create', 'PermissionManagement.Definitions.Delete', 'PermissionManagement.GroupDefinitions', 'PermissionManagement.GroupDefinitions.Update', 'PermissionManagement.GroupDefinitions.Delete', 'PermissionManagement.GroupDefinitions.Create', 'FeatureManagement.GroupDefinitions', 'FeatureManagement.GroupDefinitions.Update', 'FeatureManagement.GroupDefinitions.Delete', 'FeatureManagement.GroupDefinitions.Create', 'FeatureManagement.Definitions', 'FeatureManagement.Definitions.Create', 'FeatureManagement.Definitions.Delete', 'FeatureManagement.Definitions.Update', 'FeatureManagement.ManageClientFeatures', 'FeatureManagement.ManageHostFeatures', 'AbpDataProtectionManagement.RoleEntityRule', 'AbpDataProtectionManagement.RoleEntityRule.Delete', 'AbpDataProtectionManagement.RoleEntityRule.Create', 'AbpDataProtectionManagement.RoleEntityRule.Update', 'AbpDataProtectionManagement.OrganizationUnitEntityRule', 'AbpDataProtectionManagement.OrganizationUnitEntityRule.Delete', 'AbpDataProtectionManagement.OrganizationUnitEntityRule.Create', 'AbpDataProtectionManagement.OrganizationUnitEntityRule.Update', 'AbpDataProtectionManagement.EntityTypeInfo', 'AbpDataProtectionManagement.EntityTypeInfo.Create', 'AbpDataProtectionManagement.EntityTypeInfo.Delete', 'AbpDataProtectionManagement.EntityTypeInfo.Update', 'AbpSaas.Editions', 'AbpSaas.Editions.Create', 'AbpSaas.Editions.Delete', 'AbpSaas.Editions.Update', 'AbpSaas.Editions.ManageFeatures', 'AbpSaas.Tenants', 'AbpSaas.Tenants.Delete', 'AbpSaas.Tenants.Update', 'AbpSaas.Tenants.ManageFeatures', 'AbpSaas.Tenants.Create', 'AbpSaas.Tenants.ManageConnectionStrings', 'AbpTextTemplating.TextTemplateContents', 'AbpTextTemplating.TextTemplateContents.Delete', 'AbpTextTemplating.TextTemplateContents.Update', 'AbpTextTemplating.TextTemplateDefinitions', 'AbpTextTemplating.TextTemplateDefinitions.Delete', 'AbpTextTemplating.TextTemplateDefinitions.Create', 'AbpTextTemplating.TextTemplateDefinitions.Update', 'AbpCachingManagement.Cache', 'AbpCachingManagement.Cache.ManageValue', 'AbpCachingManagement.Cache.Refresh', 'AbpCachingManagement.Cache.Delete', 'AbpAuditing.AuditLog', 'AbpAuditing.AuditLog.Delete', 'AbpAuditing.SecurityLog', 'AbpAuditing.SecurityLog.Delete', 'AbpAuditing.SystemLog', 'Notifications.Notification', 'Notifications.Notification.Delete', 'Notifications.GroupDefinitions', 'Notifications.GroupDefinitions.Create', 'Notifications.GroupDefinitions.Delete', 'Notifications.GroupDefinitions.Update', 'Notifications.Definitions', 'Notifications.Definitions.Create', 'Notifications.Definitions.Update', 'Notifications.Definitions.Delete', 'MessageService.Notification', 'MessageService.Notification.Delete', 'MessageService.Hangfire', 'MessageService.Hangfire.Dashboard', 'MessageService.Hangfire.ManageQueue', 'AbpOssManagement.Container', 'AbpOssManagement.Container.Delete', 'AbpOssManagement.Container.Create', 'AbpOssManagement.OssObject', 'AbpOssManagement.OssObject.Download', 'AbpOssManagement.OssObject.Create', 'AbpOssManagement.OssObject.Delete', 'Platform.Package', 'Platform.Package.Update', 'Platform.Package.ManageBlobs', 'Platform.Package.Create', 'Platform.Package.Delete', 'Platform.Layout', 'Platform.Layout.Delete', 'Platform.Layout.Create', 'Platform.Layout.Update', 'Platform.Menu', 'Platform.Menu.ManageUsers', 'Platform.Menu.Delete', 'Platform.Menu.Create', 'Platform.Menu.ManageRoles', 'Platform.Menu.Update', 'Platform.Menu.ManageUserFavorites', 'Platform.DataDictionary', 'Platform.DataDictionary.Update', 'Platform.DataDictionary.Create', 'Platform.DataDictionary.Move', 'Platform.DataDictionary.Delete', 'Platform.DataDictionary.ManageItems') AND (`a`.`ProviderName` = @__providerName_1)) AND (`a`.`ProviderKey` = @__providerKey_2))
2024-10-10 09:25:10 [WRN] [ZQH.Abp.AuditLogging.Elasticsearch.IndexInitializer] [44936] [35] - Failed to initialize index and audit log may not be retrieved.
2024-10-10 09:25:10 [WRN] [ZQH.Abp.AuditLogging.Elasticsearch.IndexInitializer] [44936] [35] - Elasticsearch.Net.ElasticsearchClientException: The client is unable to verify that the server is Elasticsearch due to an unsuccessful product check call. Some functionality may not be compatible if the server is running an unsupported product. Call: Status code unknown from: GET /
 ---> Elasticsearch.Net.PipelineException: The client is unable to verify that the server is Elasticsearch due to an unsuccessful product check call. Some functionality may not be compatible if the server is running an unsupported product.
 ---> System.Net.Http.HttpRequestException: 由于目标计算机积极拒绝，无法连接。 (127.0.0.1:9200)
 ---> System.Net.Sockets.SocketException (10061): 由于目标计算机积极拒绝，无法连接。
   at System.Net.Sockets.Socket.AwaitableSocketAsyncEventArgs.ThrowException(SocketError error, CancellationToken cancellationToken)
   at System.Net.Sockets.Socket.AwaitableSocketAsyncEventArgs.System.Threading.Tasks.Sources.IValueTaskSource.GetResult(Int16 token)
   at System.Net.Sockets.Socket.<ConnectAsync>g__WaitForConnectWithCancellation|285_0(AwaitableSocketAsyncEventArgs saea, ValueTask connectTask, CancellationToken cancellationToken)
   at System.Net.Http.HttpConnectionPool.ConnectToTcpHostAsync(String host, Int32 port, HttpRequestMessage initialRequest, Boolean async, CancellationToken cancellationToken)
   --- End of inner exception stack trace ---
   at System.Net.Http.HttpConnectionPool.ConnectToTcpHostAsync(String host, Int32 port, HttpRequestMessage initialRequest, Boolean async, CancellationToken cancellationToken)
   at System.Net.Http.HttpConnectionPool.ConnectAsync(HttpRequestMessage request, Boolean async, CancellationToken cancellationToken)
   at System.Net.Http.HttpConnectionPool.CreateHttp11ConnectionAsync(HttpRequestMessage request, Boolean async, CancellationToken cancellationToken)
   at System.Net.Http.HttpConnectionPool.AddHttp11ConnectionAsync(QueueItem queueItem)
   at System.Threading.Tasks.TaskCompletionSourceWithCancellation`1.WaitWithCancellationAsync(CancellationToken cancellationToken)
   at System.Net.Http.HttpConnectionPool.SendWithVersionDetectionAndRetryAsync(HttpRequestMessage request, Boolean async, Boolean doRequestAuth, CancellationToken cancellationToken)
   at System.Net.Http.DiagnosticsHandler.SendAsyncCore(HttpRequestMessage request, Boolean async, CancellationToken cancellationToken)
   at System.Net.Http.RedirectHandler.SendAsync(HttpRequestMessage request, Boolean async, CancellationToken cancellationToken)
   at System.Net.Http.HttpClient.<SendAsync>g__Core|83_0(HttpRequestMessage request, HttpCompletionOption completionOption, CancellationTokenSource cts, Boolean disposeCts, CancellationTokenSource pendingRequestsCts, CancellationToken originalCancellationToken)
   at Elasticsearch.Net.HttpConnection.RequestAsync[TResponse](RequestData requestData, CancellationToken cancellationToken)
   --- End of inner exception stack trace ---
   at Elasticsearch.Net.RequestPipeline.ThrowIfTransientProductCheckFailure()
   at Elasticsearch.Net.RequestPipeline.PingAsync(Node node, CancellationToken cancellationToken)
   at Elasticsearch.Net.Transport`1.PingAsync(IRequestPipeline pipeline, Node node, CancellationToken cancellationToken)
   at Elasticsearch.Net.Transport`1.RequestAsync[TResponse](HttpMethod method, String path, CancellationToken cancellationToken, PostData data, IRequestParameters requestParameters)
   --- End of inner exception stack trace ---
2024-10-10 09:25:14 [WRN] [ZQH.Abp.AuditLogging.Elasticsearch.IndexInitializer] [44936] [7] - Failed to initialize index and security log may not be retrieved.
2024-10-10 09:25:14 [WRN] [ZQH.Abp.AuditLogging.Elasticsearch.IndexInitializer] [44936] [7] - Elasticsearch.Net.ElasticsearchClientException: The client is unable to verify that the server is Elasticsearch due to an unsuccessful product check call. Some functionality may not be compatible if the server is running an unsupported product. Call: Status code unknown from: GET /
 ---> Elasticsearch.Net.PipelineException: The client is unable to verify that the server is Elasticsearch due to an unsuccessful product check call. Some functionality may not be compatible if the server is running an unsupported product.
 ---> System.Net.Http.HttpRequestException: 由于目标计算机积极拒绝，无法连接。 (127.0.0.1:9200)
 ---> System.Net.Sockets.SocketException (10061): 由于目标计算机积极拒绝，无法连接。
   at System.Net.Sockets.Socket.AwaitableSocketAsyncEventArgs.ThrowException(SocketError error, CancellationToken cancellationToken)
   at System.Net.Sockets.Socket.AwaitableSocketAsyncEventArgs.System.Threading.Tasks.Sources.IValueTaskSource.GetResult(Int16 token)
   at System.Net.Sockets.Socket.<ConnectAsync>g__WaitForConnectWithCancellation|285_0(AwaitableSocketAsyncEventArgs saea, ValueTask connectTask, CancellationToken cancellationToken)
   at System.Net.Http.HttpConnectionPool.ConnectToTcpHostAsync(String host, Int32 port, HttpRequestMessage initialRequest, Boolean async, CancellationToken cancellationToken)
   --- End of inner exception stack trace ---
   at System.Net.Http.HttpConnectionPool.ConnectToTcpHostAsync(String host, Int32 port, HttpRequestMessage initialRequest, Boolean async, CancellationToken cancellationToken)
   at System.Net.Http.HttpConnectionPool.ConnectAsync(HttpRequestMessage request, Boolean async, CancellationToken cancellationToken)
   at System.Net.Http.HttpConnectionPool.CreateHttp11ConnectionAsync(HttpRequestMessage request, Boolean async, CancellationToken cancellationToken)
   at System.Net.Http.HttpConnectionPool.AddHttp11ConnectionAsync(QueueItem queueItem)
   at System.Threading.Tasks.TaskCompletionSourceWithCancellation`1.WaitWithCancellationAsync(CancellationToken cancellationToken)
   at System.Net.Http.HttpConnectionPool.SendWithVersionDetectionAndRetryAsync(HttpRequestMessage request, Boolean async, Boolean doRequestAuth, CancellationToken cancellationToken)
   at System.Net.Http.DiagnosticsHandler.SendAsyncCore(HttpRequestMessage request, Boolean async, CancellationToken cancellationToken)
   at System.Net.Http.RedirectHandler.SendAsync(HttpRequestMessage request, Boolean async, CancellationToken cancellationToken)
   at System.Net.Http.HttpClient.<SendAsync>g__Core|83_0(HttpRequestMessage request, HttpCompletionOption completionOption, CancellationTokenSource cts, Boolean disposeCts, CancellationTokenSource pendingRequestsCts, CancellationToken originalCancellationToken)
   at Elasticsearch.Net.HttpConnection.RequestAsync[TResponse](RequestData requestData, CancellationToken cancellationToken)
   --- End of inner exception stack trace ---
   at Elasticsearch.Net.RequestPipeline.ThrowIfTransientProductCheckFailure()
   at Elasticsearch.Net.RequestPipeline.PingAsync(Node node, CancellationToken cancellationToken)
   at Elasticsearch.Net.Transport`1.PingAsync(IRequestPipeline pipeline, Node node, CancellationToken cancellationToken)
   at Elasticsearch.Net.Transport`1.RequestAsync[TResponse](HttpMethod method, String path, CancellationToken cancellationToken, PostData data, IRequestParameters requestParameters)
   --- End of inner exception stack trace ---
2024-10-10 09:28:47 [INF] [Microsoft.EntityFrameworkCore.Database.Command] [44936] [25] - Executed DbCommand (14ms) [Parameters=[], CommandType='"Text"', CommandTimeout='30']
SELECT `a`.`Id`, `a`.`CreationTime`, `a`.`CreatorId`, `a`.`CultureName`, `a`.`DisplayName`, `a`.`Enable`, `a`.`LastModificationTime`, `a`.`LastModifierId`, `a`.`TwoLetterISOLanguageName`, `a`.`UiCultureName`
FROM `AbpLocalizationLanguages` AS `a`
WHERE `a`.`Enable`
2024-10-10 15:41:49 [WRN] [DotNetCore.CAP.Internal.ConsumerRegister] [44936] [85] - RabbitMQ consumer cancelled. --> amq.ctag-kOKsYaC0TWlN9uhEWtwOsQ
2024-10-10 15:41:50 [WRN] [DotNetCore.CAP.Internal.ConsumerRegister] [44936] [85] - RabbitMQ consumer shutdown. --> Unexpected Exception: Unable to read data from the transport connection: 远程主机强迫关闭了一个现有的连接。.
2024-10-10 15:41:50 [WRN] [DotNetCore.CAP.Internal.ConsumerRegister] [44936] [85] - RabbitMQ consumer cancelled. --> amq.ctag-Ck5TXSbK1p-WPZ9VJeUKZg
2024-10-10 15:41:51 [WRN] [DotNetCore.CAP.Internal.ConsumerRegister] [44936] [85] - RabbitMQ consumer shutdown. --> Unexpected Exception: Unable to read data from the transport connection: 远程主机强迫关闭了一个现有的连接。.
2024-10-10 15:41:54 [INF] [DotNetCore.CAP.Internal.ConsumerRegister] [44936] [84] - RabbitMQ consumer registered. --> amq.ctag-kOKsYaC0TWlN9uhEWtwOsQ
2024-10-10 15:41:54 [INF] [DotNetCore.CAP.Internal.ConsumerRegister] [44936] [87] - RabbitMQ consumer registered. --> amq.ctag-Ck5TXSbK1p-WPZ9VJeUKZg
