2024-10-17 00:41:27 [INF] [Volo.Abp.AbpApplicationBase] [23096] [1] - Loaded ABP modules:
2024-10-17 00:41:27 [INF] [Volo.Abp.AbpApplicationBase] [23096] [1] - - ZQH.MicroService.WebhooksManagement.WebhooksManagementHttpApiHostModule
2024-10-17 00:41:27 [INF] [Volo.Abp.AbpApplicationBase] [23096] [1] -   - ZQH.Abp.Serilog.Enrichers.Application.AbpSerilogEnrichersApplicationModule
2024-10-17 00:41:27 [INF] [Volo.Abp.AbpApplicationBase] [23096] [1] -   - ZQH.Abp.Serilog.Enrichers.UniqueId.AbpSerilogEnrichersUniqueIdModule
2024-10-17 00:41:27 [INF] [Volo.Abp.AbpApplicationBase] [23096] [1] -     - ZQH.Abp.IdGenerator.AbpIdGeneratorModule
2024-10-17 00:41:27 [INF] [Volo.Abp.AbpApplicationBase] [23096] [1] -   - ZQH.Abp.AuditLogging.Elasticsearch.AbpAuditLoggingElasticsearchModule
2024-10-17 00:41:27 [INF] [Volo.Abp.AbpApplicationBase] [23096] [1] -     - ZQH.Abp.AuditLogging.AbpAuditLoggingModule
2024-10-17 00:41:27 [INF] [Volo.Abp.AbpApplicationBase] [23096] [1] -       - Volo.Abp.Auditing.AbpAuditingModule
2024-10-17 00:41:27 [INF] [Volo.Abp.AbpApplicationBase] [23096] [1] -         - Volo.Abp.Data.AbpDataModule
2024-10-17 00:41:27 [INF] [Volo.Abp.AbpApplicationBase] [23096] [1] -           - Volo.Abp.ObjectExtending.AbpObjectExtendingModule
2024-10-17 00:41:27 [INF] [Volo.Abp.AbpApplicationBase] [23096] [1] -             - Volo.Abp.Localization.AbpLocalizationAbstractionsModule
2024-10-17 00:41:27 [INF] [Volo.Abp.AbpApplicationBase] [23096] [1] -             - Volo.Abp.Validation.AbpValidationAbstractionsModule
2024-10-17 00:41:27 [INF] [Volo.Abp.AbpApplicationBase] [23096] [1] -           - Volo.Abp.Uow.AbpUnitOfWorkModule
2024-10-17 00:41:27 [INF] [Volo.Abp.AbpApplicationBase] [23096] [1] -           - Volo.Abp.EventBus.Abstractions.AbpEventBusAbstractionsModule
2024-10-17 00:41:27 [INF] [Volo.Abp.AbpApplicationBase] [23096] [1] -         - Volo.Abp.Json.AbpJsonModule
2024-10-17 00:41:27 [INF] [Volo.Abp.AbpApplicationBase] [23096] [1] -           - Volo.Abp.Json.SystemTextJson.AbpJsonSystemTextJsonModule
2024-10-17 00:41:27 [INF] [Volo.Abp.AbpApplicationBase] [23096] [1] -             - Volo.Abp.Json.AbpJsonAbstractionsModule
2024-10-17 00:41:27 [INF] [Volo.Abp.AbpApplicationBase] [23096] [1] -             - Volo.Abp.Timing.AbpTimingModule
2024-10-17 00:41:27 [INF] [Volo.Abp.AbpApplicationBase] [23096] [1] -               - Volo.Abp.Localization.AbpLocalizationModule
2024-10-17 00:41:27 [INF] [Volo.Abp.AbpApplicationBase] [23096] [1] -                 - Volo.Abp.VirtualFileSystem.AbpVirtualFileSystemModule
2024-10-17 00:41:27 [INF] [Volo.Abp.AbpApplicationBase] [23096] [1] -                 - Volo.Abp.Settings.AbpSettingsModule
2024-10-17 00:41:27 [INF] [Volo.Abp.AbpApplicationBase] [23096] [1] -                   - Volo.Abp.Security.AbpSecurityModule
2024-10-17 00:41:27 [INF] [Volo.Abp.AbpApplicationBase] [23096] [1] -                 - Volo.Abp.Threading.AbpThreadingModule
2024-10-17 00:41:27 [INF] [Volo.Abp.AbpApplicationBase] [23096] [1] -         - Volo.Abp.MultiTenancy.AbpMultiTenancyModule
2024-10-17 00:41:27 [INF] [Volo.Abp.AbpApplicationBase] [23096] [1] -           - Volo.Abp.MultiTenancy.AbpMultiTenancyAbstractionsModule
2024-10-17 00:41:27 [INF] [Volo.Abp.AbpApplicationBase] [23096] [1] -         - Volo.Abp.Auditing.AbpAuditingContractsModule
2024-10-17 00:41:28 [INF] [Volo.Abp.AbpApplicationBase] [23096] [1] -       - Volo.Abp.Guids.AbpGuidsModule
2024-10-17 00:41:28 [INF] [Volo.Abp.AbpApplicationBase] [23096] [1] -       - Volo.Abp.ExceptionHandling.AbpExceptionHandlingModule
2024-10-17 00:41:28 [INF] [Volo.Abp.AbpApplicationBase] [23096] [1] -     - ZQH.Abp.Elasticsearch.AbpElasticsearchModule
2024-10-17 00:41:28 [INF] [Volo.Abp.AbpApplicationBase] [23096] [1] -   - Volo.Abp.AspNetCore.Serilog.AbpAspNetCoreSerilogModule
2024-10-17 00:41:28 [INF] [Volo.Abp.AbpApplicationBase] [23096] [1] -     - Volo.Abp.AspNetCore.AbpAspNetCoreModule
2024-10-17 00:41:28 [INF] [Volo.Abp.AbpApplicationBase] [23096] [1] -       - Volo.Abp.Http.AbpHttpModule
2024-10-17 00:41:28 [INF] [Volo.Abp.AbpApplicationBase] [23096] [1] -         - Volo.Abp.Http.AbpHttpAbstractionsModule
2024-10-17 00:41:28 [INF] [Volo.Abp.AbpApplicationBase] [23096] [1] -         - Volo.Abp.Minify.AbpMinifyModule
2024-10-17 00:41:28 [INF] [Volo.Abp.AbpApplicationBase] [23096] [1] -       - Volo.Abp.Authorization.AbpAuthorizationModule
2024-10-17 00:41:28 [INF] [Volo.Abp.AbpApplicationBase] [23096] [1] -         - Volo.Abp.Authorization.AbpAuthorizationAbstractionsModule
2024-10-17 00:41:28 [INF] [Volo.Abp.AbpApplicationBase] [23096] [1] -       - Volo.Abp.Validation.AbpValidationModule
2024-10-17 00:41:28 [INF] [Volo.Abp.AbpApplicationBase] [23096] [1] -       - Volo.Abp.AspNetCore.AbpAspNetCoreAbstractionsModule
2024-10-17 00:41:28 [INF] [Volo.Abp.AbpApplicationBase] [23096] [1] -   - ZQH.Abp.WebhooksManagement.WebhooksManagementApplicationModule
2024-10-17 00:41:28 [INF] [Volo.Abp.AbpApplicationBase] [23096] [1] -     - Volo.Abp.Application.AbpDddApplicationModule
2024-10-17 00:41:28 [INF] [Volo.Abp.AbpApplicationBase] [23096] [1] -       - Volo.Abp.Domain.AbpDddDomainModule
2024-10-17 00:41:28 [INF] [Volo.Abp.AbpApplicationBase] [23096] [1] -         - Volo.Abp.EventBus.AbpEventBusModule
2024-10-17 00:41:28 [INF] [Volo.Abp.AbpApplicationBase] [23096] [1] -           - Volo.Abp.BackgroundWorkers.AbpBackgroundWorkersModule
2024-10-17 00:41:28 [INF] [Volo.Abp.AbpApplicationBase] [23096] [1] -           - Volo.Abp.DistributedLocking.AbpDistributedLockingAbstractionsModule
2024-10-17 00:41:28 [INF] [Volo.Abp.AbpApplicationBase] [23096] [1] -         - Volo.Abp.ObjectMapping.AbpObjectMappingModule
2024-10-17 00:41:28 [INF] [Volo.Abp.AbpApplicationBase] [23096] [1] -         - Volo.Abp.Specifications.AbpSpecificationsModule
2024-10-17 00:41:28 [INF] [Volo.Abp.AbpApplicationBase] [23096] [1] -         - Volo.Abp.Caching.AbpCachingModule
2024-10-17 00:41:28 [INF] [Volo.Abp.AbpApplicationBase] [23096] [1] -           - Volo.Abp.Serialization.AbpSerializationModule
2024-10-17 00:41:28 [INF] [Volo.Abp.AbpApplicationBase] [23096] [1] -         - Volo.Abp.Domain.AbpDddDomainSharedModule
2024-10-17 00:41:28 [INF] [Volo.Abp.AbpApplicationBase] [23096] [1] -       - Volo.Abp.Application.AbpDddApplicationContractsModule
2024-10-17 00:41:28 [INF] [Volo.Abp.AbpApplicationBase] [23096] [1] -       - Volo.Abp.Features.AbpFeaturesModule
2024-10-17 00:41:28 [INF] [Volo.Abp.AbpApplicationBase] [23096] [1] -       - Volo.Abp.GlobalFeatures.AbpGlobalFeaturesModule
2024-10-17 00:41:28 [INF] [Volo.Abp.AbpApplicationBase] [23096] [1] -     - ZQH.Abp.WebhooksManagement.WebhooksManagementDomainModule
2024-10-17 00:41:28 [INF] [Volo.Abp.AbpApplicationBase] [23096] [1] -       - Volo.Abp.AutoMapper.AbpAutoMapperModule
2024-10-17 00:41:28 [INF] [Volo.Abp.AbpApplicationBase] [23096] [1] -       - ZQH.Abp.Webhooks.AbpWebhooksModule
2024-10-17 00:41:28 [INF] [Volo.Abp.AbpApplicationBase] [23096] [1] -         - ZQH.Abp.Webhooks.AbpWebhooksCoreModule
2024-10-17 00:41:28 [INF] [Volo.Abp.AbpApplicationBase] [23096] [1] -         - Volo.Abp.BackgroundJobs.AbpBackgroundJobsAbstractionsModule
2024-10-17 00:41:28 [INF] [Volo.Abp.AbpApplicationBase] [23096] [1] -         - Volo.Abp.Http.Client.AbpHttpClientModule
2024-10-17 00:41:28 [INF] [Volo.Abp.AbpApplicationBase] [23096] [1] -           - Volo.Abp.Castle.AbpCastleCoreModule
2024-10-17 00:41:28 [INF] [Volo.Abp.AbpApplicationBase] [23096] [1] -           - Volo.Abp.RemoteServices.AbpRemoteServicesModule
2024-10-17 00:41:28 [INF] [Volo.Abp.AbpApplicationBase] [23096] [1] -       - ZQH.Abp.WebhooksManagement.WebhooksManagementDomainSharedModule
2024-10-17 00:41:28 [INF] [Volo.Abp.AbpApplicationBase] [23096] [1] -   - ZQH.Abp.WebhooksManagement.WebhooksManagementHttpApiModule
2024-10-17 00:41:28 [INF] [Volo.Abp.AbpApplicationBase] [23096] [1] -     - Volo.Abp.AspNetCore.Mvc.AbpAspNetCoreMvcModule
2024-10-17 00:41:28 [INF] [Volo.Abp.AbpApplicationBase] [23096] [1] -       - Volo.Abp.ApiVersioning.AbpApiVersioningAbstractionsModule
2024-10-17 00:41:28 [INF] [Volo.Abp.AbpApplicationBase] [23096] [1] -       - Volo.Abp.AspNetCore.Mvc.AbpAspNetCoreMvcContractsModule
2024-10-17 00:41:28 [INF] [Volo.Abp.AbpApplicationBase] [23096] [1] -       - Volo.Abp.UI.Navigation.AbpUiNavigationModule
2024-10-17 00:41:28 [INF] [Volo.Abp.AbpApplicationBase] [23096] [1] -         - Volo.Abp.UI.AbpUiModule
2024-10-17 00:41:28 [INF] [Volo.Abp.AbpApplicationBase] [23096] [1] -     - ZQH.Abp.WebhooksManagement.WebhooksManagementApplicationContractsModule
2024-10-17 00:41:28 [INF] [Volo.Abp.AbpApplicationBase] [23096] [1] -   - ZQH.Abp.WebhooksManagement.EntityFrameworkCore.WebhooksManagementEntityFrameworkCoreModule
2024-10-17 00:41:28 [INF] [Volo.Abp.AbpApplicationBase] [23096] [1] -     - Volo.Abp.EntityFrameworkCore.AbpEntityFrameworkCoreModule
2024-10-17 00:41:29 [INF] [Volo.Abp.AbpApplicationBase] [23096] [1] -   - ZQH.Abp.Webhooks.Identity.AbpWebhooksIdentityModule
2024-10-17 00:41:29 [INF] [Volo.Abp.AbpApplicationBase] [23096] [1] -     - Volo.Abp.Users.AbpUsersAbstractionModule
2024-10-17 00:41:29 [INF] [Volo.Abp.AbpApplicationBase] [23096] [1] -     - Volo.Abp.Identity.AbpIdentityDomainSharedModule
2024-10-17 00:41:29 [INF] [Volo.Abp.AbpApplicationBase] [23096] [1] -       - Volo.Abp.Users.AbpUsersDomainSharedModule
2024-10-17 00:41:29 [INF] [Volo.Abp.AbpApplicationBase] [23096] [1] -   - ZQH.Abp.Webhooks.Saas.AbpWebhooksSaasModule
2024-10-17 00:41:29 [INF] [Volo.Abp.AbpApplicationBase] [23096] [1] -     - ZQH.Abp.Saas.AbpSaasDomainSharedModule
2024-10-17 00:41:29 [INF] [Volo.Abp.AbpApplicationBase] [23096] [1] -   - ZQH.Abp.Webhooks.EventBus.AbpWebhooksEventBusModule
2024-10-17 00:41:29 [INF] [Volo.Abp.AbpApplicationBase] [23096] [1] -   - ZQH.Abp.BackgroundTasks.Quartz.AbpBackgroundTasksQuartzModule
2024-10-17 00:41:29 [INF] [Volo.Abp.AbpApplicationBase] [23096] [1] -     - ZQH.Abp.BackgroundTasks.AbpBackgroundTasksModule
2024-10-17 00:41:29 [INF] [Volo.Abp.AbpApplicationBase] [23096] [1] -       - ZQH.Abp.BackgroundTasks.AbpBackgroundTasksAbstractionsModule
2024-10-17 00:41:29 [INF] [Volo.Abp.AbpApplicationBase] [23096] [1] -     - Volo.Abp.Quartz.AbpQuartzModule
2024-10-17 00:41:29 [INF] [Volo.Abp.AbpApplicationBase] [23096] [1] -   - ZQH.Abp.BackgroundTasks.DistributedLocking.AbpBackgroundTasksDistributedLockingModule
2024-10-17 00:41:29 [INF] [Volo.Abp.AbpApplicationBase] [23096] [1] -   - ZQH.Abp.BackgroundTasks.ExceptionHandling.AbpBackgroundTasksExceptionHandlingModule
2024-10-17 00:41:29 [INF] [Volo.Abp.AbpApplicationBase] [23096] [1] -     - ZQH.Abp.BackgroundTasks.Activities.AbpBackgroundTasksActivitiesModule
2024-10-17 00:41:29 [INF] [Volo.Abp.AbpApplicationBase] [23096] [1] -     - Volo.Abp.Emailing.AbpEmailingModule
2024-10-17 00:41:29 [INF] [Volo.Abp.AbpApplicationBase] [23096] [1] -       - Volo.Abp.TextTemplating.AbpTextTemplatingModule
2024-10-17 00:41:29 [INF] [Volo.Abp.AbpApplicationBase] [23096] [1] -         - Volo.Abp.TextTemplating.Scriban.AbpTextTemplatingScribanModule
2024-10-17 00:41:29 [INF] [Volo.Abp.AbpApplicationBase] [23096] [1] -           - Volo.Abp.TextTemplating.AbpTextTemplatingCoreModule
2024-10-17 00:41:29 [INF] [Volo.Abp.AbpApplicationBase] [23096] [1] -   - ZQH.Abp.TaskManagement.EntityFrameworkCore.TaskManagementEntityFrameworkCoreModule
2024-10-17 00:41:29 [INF] [Volo.Abp.AbpApplicationBase] [23096] [1] -     - ZQH.Abp.TaskManagement.TaskManagementDomainModule
2024-10-17 00:41:29 [INF] [Volo.Abp.AbpApplicationBase] [23096] [1] -       - ZQH.Abp.TaskManagement.TaskManagementDomainSharedModule
2024-10-17 00:41:29 [INF] [Volo.Abp.AbpApplicationBase] [23096] [1] -       - ZQH.Abp.BackgroundTasks.EventBus.AbpBackgroundTasksEventBusModule
2024-10-17 00:41:29 [INF] [Volo.Abp.AbpApplicationBase] [23096] [1] -   - ZQH.Abp.Saas.EntityFrameworkCore.AbpSaasEntityFrameworkCoreModule
2024-10-17 00:41:29 [INF] [Volo.Abp.AbpApplicationBase] [23096] [1] -     - ZQH.Abp.Saas.AbpSaasDomainModule
2024-10-17 00:41:29 [INF] [Volo.Abp.AbpApplicationBase] [23096] [1] -       - ZQH.Abp.MultiTenancy.Editions.AbpMultiTenancyEditionsModule
2024-10-17 00:41:29 [INF] [Volo.Abp.AbpApplicationBase] [23096] [1] -   - Volo.Abp.FeatureManagement.EntityFrameworkCore.AbpFeatureManagementEntityFrameworkCoreModule
2024-10-17 00:41:29 [INF] [Volo.Abp.AbpApplicationBase] [23096] [1] -     - Volo.Abp.FeatureManagement.AbpFeatureManagementDomainModule
2024-10-17 00:41:30 [INF] [Volo.Abp.AbpApplicationBase] [23096] [1] -       - Volo.Abp.FeatureManagement.AbpFeatureManagementDomainSharedModule
2024-10-17 00:41:30 [INF] [Volo.Abp.AbpApplicationBase] [23096] [1] -   - Volo.Abp.PermissionManagement.EntityFrameworkCore.AbpPermissionManagementEntityFrameworkCoreModule
2024-10-17 00:41:30 [INF] [Volo.Abp.AbpApplicationBase] [23096] [1] -     - Volo.Abp.PermissionManagement.AbpPermissionManagementDomainModule
2024-10-17 00:41:30 [INF] [Volo.Abp.AbpApplicationBase] [23096] [1] -       - Volo.Abp.PermissionManagement.AbpPermissionManagementDomainSharedModule
2024-10-17 00:41:30 [INF] [Volo.Abp.AbpApplicationBase] [23096] [1] -   - Volo.Abp.SettingManagement.EntityFrameworkCore.AbpSettingManagementEntityFrameworkCoreModule
2024-10-17 00:41:30 [INF] [Volo.Abp.AbpApplicationBase] [23096] [1] -     - Volo.Abp.SettingManagement.AbpSettingManagementDomainModule
2024-10-17 00:41:30 [INF] [Volo.Abp.AbpApplicationBase] [23096] [1] -       - Volo.Abp.SettingManagement.AbpSettingManagementDomainSharedModule
2024-10-17 00:41:30 [INF] [Volo.Abp.AbpApplicationBase] [23096] [1] -   - ZQH.Abp.LocalizationManagement.EntityFrameworkCore.AbpLocalizationManagementEntityFrameworkCoreModule
2024-10-17 00:41:30 [INF] [Volo.Abp.AbpApplicationBase] [23096] [1] -     - ZQH.Abp.LocalizationManagement.AbpLocalizationManagementDomainModule
2024-10-17 00:41:30 [INF] [Volo.Abp.AbpApplicationBase] [23096] [1] -       - ZQH.Abp.Localization.Persistence.AbpLocalizationPersistenceModule
2024-10-17 00:41:30 [INF] [Volo.Abp.AbpApplicationBase] [23096] [1] -       - ZQH.Abp.LocalizationManagement.AbpLocalizationManagementDomainSharedModule
2024-10-17 00:41:30 [INF] [Volo.Abp.AbpApplicationBase] [23096] [1] -   - ZQH.MicroService.WebhooksManagement.EntityFrameworkCore.WebhooksManagementMigrationsEntityFrameworkCoreModule
2024-10-17 00:41:30 [INF] [Volo.Abp.AbpApplicationBase] [23096] [1] -     - Volo.Abp.EntityFrameworkCore.MySQL.AbpEntityFrameworkCoreMySQLModule
2024-10-17 00:41:30 [INF] [Volo.Abp.AbpApplicationBase] [23096] [1] -     - ZQH.Abp.Data.DbMigrator.AbpDataDbMigratorModule
2024-10-17 00:41:30 [INF] [Volo.Abp.AbpApplicationBase] [23096] [1] -   - Volo.Abp.AspNetCore.Authentication.JwtBearer.AbpAspNetCoreAuthenticationJwtBearerModule
2024-10-17 00:41:30 [INF] [Volo.Abp.AbpApplicationBase] [23096] [1] -   - ZQH.Abp.Authorization.OrganizationUnits.AbpAuthorizationOrganizationUnitsModule
2024-10-17 00:41:30 [INF] [Volo.Abp.AbpApplicationBase] [23096] [1] -   - ZQH.Abp.ExceptionHandling.Emailing.AbpEmailingExceptionHandlingModule
2024-10-17 00:41:30 [INF] [Volo.Abp.AbpApplicationBase] [23096] [1] -     - ZQH.Abp.ExceptionHandling.AbpExceptionHandlingModule
2024-10-17 00:41:30 [INF] [Volo.Abp.AbpApplicationBase] [23096] [1] -   - ZQH.Abp.EventBus.CAP.AbpCAPEventBusModule
2024-10-17 00:41:30 [INF] [Volo.Abp.AbpApplicationBase] [23096] [1] -   - Volo.Abp.Http.Client.IdentityModel.Web.AbpHttpClientIdentityModelWebModule
2024-10-17 00:41:30 [INF] [Volo.Abp.AbpApplicationBase] [23096] [1] -     - Volo.Abp.Http.Client.IdentityModel.AbpHttpClientIdentityModelModule
2024-10-17 00:41:30 [INF] [Volo.Abp.AbpApplicationBase] [23096] [1] -       - Volo.Abp.IdentityModel.AbpIdentityModelModule
2024-10-17 00:41:30 [INF] [Volo.Abp.AbpApplicationBase] [23096] [1] -   - Volo.Abp.AspNetCore.MultiTenancy.AbpAspNetCoreMultiTenancyModule
2024-10-17 00:41:30 [INF] [Volo.Abp.AbpApplicationBase] [23096] [1] -   - ZQH.Abp.AspNetCore.Mvc.Localization.AbpAspNetCoreMvcLocalizationModule
2024-10-17 00:41:30 [INF] [Volo.Abp.AbpApplicationBase] [23096] [1] -   - Volo.Abp.Caching.StackExchangeRedis.AbpCachingStackExchangeRedisModule
2024-10-17 00:41:30 [INF] [Volo.Abp.AbpApplicationBase] [23096] [1] -   - Volo.Abp.DistributedLocking.AbpDistributedLockingModule
2024-10-17 00:41:30 [INF] [Volo.Abp.AbpApplicationBase] [23096] [1] -   - Volo.Abp.Swashbuckle.AbpSwashbuckleModule
2024-10-17 00:41:30 [INF] [Volo.Abp.AbpApplicationBase] [23096] [1] -   - ZQH.Abp.Http.Client.Wrapper.AbpHttpClientWrapperModule
2024-10-17 00:41:30 [INF] [Volo.Abp.AbpApplicationBase] [23096] [1] -     - ZQH.Abp.Wrapper.AbpWrapperModule
2024-10-17 00:41:30 [INF] [Volo.Abp.AbpApplicationBase] [23096] [1] -   - ZQH.Abp.Dapr.Client.Wrapper.AbpDaprClientWrapperModule
2024-10-17 00:41:30 [INF] [Volo.Abp.AbpApplicationBase] [23096] [1] -     - ZQH.Abp.Dapr.Client.AbpDaprClientModule
2024-10-17 00:41:30 [INF] [Volo.Abp.AbpApplicationBase] [23096] [1] -   - ZQH.Abp.Claims.Mapping.AbpClaimsMappingModule
2024-10-17 00:41:30 [INF] [Volo.Abp.AbpApplicationBase] [23096] [1] -   - ZQH.Abp.AspNetCore.Mvc.Wrapper.AbpAspNetCoreMvcWrapperModule
2024-10-17 00:41:31 [INF] [Volo.Abp.AbpApplicationBase] [23096] [1] -     - ZQH.Abp.AspNetCore.Wrapper.AbpAspNetCoreWrapperModule
2024-10-17 00:41:31 [INF] [Volo.Abp.AbpApplicationBase] [23096] [1] -   - ZQH.Abp.AspNetCore.HttpOverrides.AbpAspNetCoreHttpOverridesModule
2024-10-17 00:41:31 [INF] [Volo.Abp.AbpApplicationBase] [23096] [1] -   - ZQH.Abp.Identity.Session.AspNetCore.AbpIdentitySessionAspNetCoreModule
2024-10-17 00:41:31 [INF] [Volo.Abp.AbpApplicationBase] [23096] [1] -     - ZQH.Abp.Identity.Session.AbpIdentitySessionModule
2024-10-17 00:41:31 [INF] [Volo.Abp.AbpApplicationBase] [23096] [1] -   - Volo.Abp.Autofac.AbpAutofacModule
2024-10-17 00:41:33 [INF] [Quartz.Core.SchedulerSignalerImpl] [23096] [1] - Initialized Scheduler Signaller of type: Quartz.Core.SchedulerSignalerImpl
2024-10-17 00:41:33 [INF] [Quartz.Core.QuartzScheduler] [23096] [1] - Quartz Scheduler created
2024-10-17 00:41:33 [INF] [Quartz.Core.QuartzScheduler] [23096] [1] - JobFactory set to: Quartz.Simpl.MicrosoftDependencyInjectionJobFactory
2024-10-17 00:41:33 [INF] [Quartz.Simpl.RAMJobStore] [23096] [1] - RAMJobStore initialized.
2024-10-17 00:41:33 [INF] [Quartz.Impl.StdSchedulerFactory] [23096] [1] - Quartz Scheduler 3.7.0.0 - 'QuartzScheduler' with instanceId 'NON_CLUSTERED' initialized
2024-10-17 00:41:33 [INF] [Quartz.Impl.StdSchedulerFactory] [23096] [1] - Using thread pool 'Quartz.Simpl.DefaultThreadPool', size: 10
2024-10-17 00:41:34 [INF] [Quartz.Impl.StdSchedulerFactory] [23096] [1] - Using job store 'Quartz.Simpl.RAMJobStore', supports persistence: False, clustered: False
2024-10-17 00:41:34 [INF] [Quartz.ContainerConfigurationProcessor] [23096] [1] - Adding 0 jobs, 0 triggers.
2024-10-17 00:41:42 [WRN] [Microsoft.EntityFrameworkCore.Model.Validation] [23096] [4] - Entity 'WebhookEventRecord' has a global query filter defined and is the required end of a relationship with the entity 'WebhookSendRecord'. This may lead to unexpected results when the required entity is filtered out. Either configure the navigation as optional, or define matching query filters for both entities in the navigation. See https://go.microsoft.com/fwlink/?linkid=2131316 for more information.
2024-10-17 00:41:55 [INF] [Microsoft.EntityFrameworkCore.Database.Command] [23096] [27] - Executed DbCommand (258ms) [Parameters=[], CommandType='"Text"', CommandTimeout='30']
SELECT `a`.`Id`, `a`.`DisplayName`, `a`.`ExtraProperties`, `a`.`Name`
FROM `AbpWebhooksWebhookGroups` AS `a`
2024-10-17 00:41:56 [INF] [Microsoft.EntityFrameworkCore.Database.Command] [23096] [27] - Executed DbCommand (23ms) [Parameters=[], CommandType='"Text"', CommandTimeout='30']
SELECT `a`.`Id`, `a`.`Description`, `a`.`DisplayName`, `a`.`ExtraProperties`, `a`.`GroupName`, `a`.`IsEnabled`, `a`.`Name`, `a`.`RequiredFeatures`
FROM `AbpWebhooksWebhooks` AS `a`
2024-10-17 00:41:56 [INF] [Microsoft.EntityFrameworkCore.Database.Command] [23096] [25] - Executed DbCommand (18ms) [Parameters=[], CommandType='"Text"', CommandTimeout='30']
SELECT `a`.`Id`, `a`.`DisplayName`, `a`.`ExtraProperties`, `a`.`Name`
FROM `AbpWebhooksWebhookGroups` AS `a`
2024-10-17 00:42:02 [INF] [Microsoft.EntityFrameworkCore.Database.Command] [23096] [25] - Executed DbCommand (361ms) [Parameters=[], CommandType='"Text"', CommandTimeout='30']
SELECT `a`.`Id`, `a`.`Description`, `a`.`DisplayName`, `a`.`ExtraProperties`, `a`.`GroupName`, `a`.`IsEnabled`, `a`.`Name`, `a`.`RequiredFeatures`
FROM `AbpWebhooksWebhooks` AS `a`
WHERE `a`.`IsEnabled`
2024-10-17 00:42:10 [INF] [Quartz.Core.QuartzScheduler] [23096] [25] - Scheduler QuartzScheduler_$_NON_CLUSTERED started.
2024-10-17 00:42:15 [INF] [Volo.Abp.Modularity.ModuleManager] [23096] [25] - Initialized all ABP modules.
2024-10-17 00:42:21 [INF] [DotNetCore.CAP.Processor.Dispatcher] [23096] [31] - Starting default Dispatcher
2024-10-17 00:42:22 [WRN] [ZQH.Abp.EventBus.CAP.AbpCAPConsumerServiceSelector] [23096] [31] - We detected that you have duplicate subscribers (abp.multi_tenancy.tenant.connection_string.updated) in same group (Dev.WebhooksManagement.v1), this will cause diversity behavior.
2024-10-17 00:42:23 [INF] [Microsoft.EntityFrameworkCore.Database.Command] [23096] [29] - Executed DbCommand (55ms) [Parameters=[], CommandType='"Text"', CommandTimeout='30']
SELECT `a`.`Id`, `a`.`DisplayName`, `a`.`ExtraProperties`, `a`.`Name`
FROM `AbpFeatureGroups` AS `a`
2024-10-17 00:42:23 [INF] [Microsoft.EntityFrameworkCore.Database.Command] [23096] [22] - Executed DbCommand (279ms) [Parameters=[], CommandType='"Text"', CommandTimeout='30']
SELECT `a`.`Id`, `a`.`DefaultValue`, `a`.`Description`, `a`.`DisplayName`, `a`.`ExtraProperties`, `a`.`IsEncrypted`, `a`.`IsInherited`, `a`.`IsVisibleToClients`, `a`.`Name`, `a`.`Providers`
FROM `AbpSettingDefinitions` AS `a`
2024-10-17 00:42:24 [INF] [DotNetCore.CAP.Processor.CapProcessingServer] [23096] [31] - Starting the processing server.
2024-10-17 00:42:24 [INF] [DotNetCore.CAP.Internal.ConsumerRegister] [23096] [35] - RabbitMQ consumer registered. --> amq.ctag-KYPhNATWKBJE7lJADBV0Fg
2024-10-17 00:42:24 [WRN] [ZQH.Abp.AuditLogging.Elasticsearch.IndexInitializer] [23096] [30] - Failed to initialize index and audit log may not be retrieved.
2024-10-17 00:42:24 [INF] [DotNetCore.CAP.Internal.ConsumerRegister] [23096] [27] - RabbitMQ consumer registered. --> amq.ctag-O7C9BI-4DDrrViIHMETXsg
2024-10-17 00:42:24 [INF] [Microsoft.EntityFrameworkCore.Database.Command] [23096] [27] - Executed DbCommand (81ms) [Parameters=[], CommandType='"Text"', CommandTimeout='30']
SELECT `a`.`Id`, `a`.`DisplayName`, `a`.`ExtraProperties`, `a`.`Name`
FROM `AbpPermissionGroups` AS `a`
2024-10-17 00:42:24 [WRN] [ZQH.Abp.AuditLogging.Elasticsearch.IndexInitializer] [23096] [30] - Elasticsearch.Net.ElasticsearchClientException: The client is unable to verify that the server is Elasticsearch due to an unsuccessful product check call. Some functionality may not be compatible if the server is running an unsupported product. Call: Status code unknown from: GET /
 ---> Elasticsearch.Net.PipelineException: The client is unable to verify that the server is Elasticsearch due to an unsuccessful product check call. Some functionality may not be compatible if the server is running an unsupported product.
 ---> System.Net.Http.HttpRequestException: 由于目标计算机积极拒绝，无法连接。 (127.0.0.1:9200)
 ---> System.Net.Sockets.SocketException (10061): 由于目标计算机积极拒绝，无法连接。
   at System.Net.Sockets.Socket.AwaitableSocketAsyncEventArgs.ThrowException(SocketError error, CancellationToken cancellationToken)
   at System.Net.Sockets.Socket.AwaitableSocketAsyncEventArgs.System.Threading.Tasks.Sources.IValueTaskSource.GetResult(Int16 token)
   at System.Net.Sockets.Socket.<ConnectAsync>g__WaitForConnectWithCancellation|285_0(AwaitableSocketAsyncEventArgs saea, ValueTask connectTask, CancellationToken cancellationToken)
   at System.Net.Http.HttpConnectionPool.ConnectToTcpHostAsync(String host, Int32 port, HttpRequestMessage initialRequest, Boolean async, CancellationToken cancellationToken)
   --- End of inner exception stack trace ---
   at System.Net.Http.HttpConnectionPool.ConnectToTcpHostAsync(String host, Int32 port, HttpRequestMessage initialRequest, Boolean async, CancellationToken cancellationToken)
   at System.Net.Http.HttpConnectionPool.ConnectAsync(HttpRequestMessage request, Boolean async, CancellationToken cancellationToken)
   at System.Net.Http.HttpConnectionPool.CreateHttp11ConnectionAsync(HttpRequestMessage request, Boolean async, CancellationToken cancellationToken)
   at System.Net.Http.HttpConnectionPool.AddHttp11ConnectionAsync(QueueItem queueItem)
   at System.Threading.Tasks.TaskCompletionSourceWithCancellation`1.WaitWithCancellationAsync(CancellationToken cancellationToken)
   at System.Net.Http.HttpConnectionPool.SendWithVersionDetectionAndRetryAsync(HttpRequestMessage request, Boolean async, Boolean doRequestAuth, CancellationToken cancellationToken)
   at System.Net.Http.DiagnosticsHandler.SendAsyncCore(HttpRequestMessage request, Boolean async, CancellationToken cancellationToken)
   at System.Net.Http.RedirectHandler.SendAsync(HttpRequestMessage request, Boolean async, CancellationToken cancellationToken)
   at System.Net.Http.HttpClient.<SendAsync>g__Core|83_0(HttpRequestMessage request, HttpCompletionOption completionOption, CancellationTokenSource cts, Boolean disposeCts, CancellationTokenSource pendingRequestsCts, CancellationToken originalCancellationToken)
   at Elasticsearch.Net.HttpConnection.RequestAsync[TResponse](RequestData requestData, CancellationToken cancellationToken)
   --- End of inner exception stack trace ---
   at Elasticsearch.Net.RequestPipeline.ThrowIfTransientProductCheckFailure()
   at Elasticsearch.Net.RequestPipeline.PingAsync(Node node, CancellationToken cancellationToken)
   at Elasticsearch.Net.Transport`1.PingAsync(IRequestPipeline pipeline, Node node, CancellationToken cancellationToken)
   at Elasticsearch.Net.Transport`1.RequestAsync[TResponse](HttpMethod method, String path, CancellationToken cancellationToken, PostData data, IRequestParameters requestParameters)
   --- End of inner exception stack trace ---
2024-10-17 00:42:27 [INF] [DotNetCore.CAP.Internal.Bootstrapper] [23096] [31] - ### CAP started!
2024-10-17 00:42:27 [INF] [Microsoft.EntityFrameworkCore.Database.Command] [23096] [32] - Executed DbCommand (84ms) [Parameters=[@__name_0='?' (Size = 50)], CommandType='"Text"', CommandTimeout='30']
SELECT `a`.`Id`, `a`.`CreationTime`, `a`.`CreatorId`, `a`.`DefaultCultureName`, `a`.`Description`, `a`.`DisplayName`, `a`.`Enable`, `a`.`LastModificationTime`, `a`.`LastModifierId`, `a`.`Name`
FROM `AbpLocalizationResources` AS `a`
WHERE `a`.`Name` = @__name_0
LIMIT 1
2024-10-17 00:42:29 [WRN] [ZQH.Abp.AuditLogging.Elasticsearch.IndexInitializer] [23096] [31] - Failed to initialize index and security log may not be retrieved.
2024-10-17 00:42:31 [WRN] [ZQH.Abp.AuditLogging.Elasticsearch.IndexInitializer] [23096] [31] - Elasticsearch.Net.ElasticsearchClientException: The client is unable to verify that the server is Elasticsearch due to an unsuccessful product check call. Some functionality may not be compatible if the server is running an unsupported product. Call: Status code unknown from: GET /
 ---> Elasticsearch.Net.PipelineException: The client is unable to verify that the server is Elasticsearch due to an unsuccessful product check call. Some functionality may not be compatible if the server is running an unsupported product.
 ---> System.Net.Http.HttpRequestException: 由于目标计算机积极拒绝，无法连接。 (127.0.0.1:9200)
 ---> System.Net.Sockets.SocketException (10061): 由于目标计算机积极拒绝，无法连接。
   at System.Net.Sockets.Socket.AwaitableSocketAsyncEventArgs.ThrowException(SocketError error, CancellationToken cancellationToken)
   at System.Net.Sockets.Socket.AwaitableSocketAsyncEventArgs.System.Threading.Tasks.Sources.IValueTaskSource.GetResult(Int16 token)
   at System.Net.Sockets.Socket.<ConnectAsync>g__WaitForConnectWithCancellation|285_0(AwaitableSocketAsyncEventArgs saea, ValueTask connectTask, CancellationToken cancellationToken)
   at System.Net.Http.HttpConnectionPool.ConnectToTcpHostAsync(String host, Int32 port, HttpRequestMessage initialRequest, Boolean async, CancellationToken cancellationToken)
   --- End of inner exception stack trace ---
   at System.Net.Http.HttpConnectionPool.ConnectToTcpHostAsync(String host, Int32 port, HttpRequestMessage initialRequest, Boolean async, CancellationToken cancellationToken)
   at System.Net.Http.HttpConnectionPool.ConnectAsync(HttpRequestMessage request, Boolean async, CancellationToken cancellationToken)
   at System.Net.Http.HttpConnectionPool.CreateHttp11ConnectionAsync(HttpRequestMessage request, Boolean async, CancellationToken cancellationToken)
   at System.Net.Http.HttpConnectionPool.AddHttp11ConnectionAsync(QueueItem queueItem)
   at System.Threading.Tasks.TaskCompletionSourceWithCancellation`1.WaitWithCancellationAsync(CancellationToken cancellationToken)
   at System.Net.Http.HttpConnectionPool.SendWithVersionDetectionAndRetryAsync(HttpRequestMessage request, Boolean async, Boolean doRequestAuth, CancellationToken cancellationToken)
   at System.Net.Http.DiagnosticsHandler.SendAsyncCore(HttpRequestMessage request, Boolean async, CancellationToken cancellationToken)
   at System.Net.Http.RedirectHandler.SendAsync(HttpRequestMessage request, Boolean async, CancellationToken cancellationToken)
   at System.Net.Http.HttpClient.<SendAsync>g__Core|83_0(HttpRequestMessage request, HttpCompletionOption completionOption, CancellationTokenSource cts, Boolean disposeCts, CancellationTokenSource pendingRequestsCts, CancellationToken originalCancellationToken)
   at Elasticsearch.Net.HttpConnection.RequestAsync[TResponse](RequestData requestData, CancellationToken cancellationToken)
   --- End of inner exception stack trace ---
   at Elasticsearch.Net.RequestPipeline.ThrowIfTransientProductCheckFailure()
   at Elasticsearch.Net.RequestPipeline.PingAsync(Node node, CancellationToken cancellationToken)
   at Elasticsearch.Net.Transport`1.PingAsync(IRequestPipeline pipeline, Node node, CancellationToken cancellationToken)
   at Elasticsearch.Net.Transport`1.RequestAsync[TResponse](HttpMethod method, String path, CancellationToken cancellationToken, PostData data, IRequestParameters requestParameters)
   --- End of inner exception stack trace ---
2024-10-17 00:42:32 [INF] [Microsoft.EntityFrameworkCore.Database.Command] [23096] [32] - Executed DbCommand (62ms) [Parameters=[@__cultureName_0='?' (Size = 20)], CommandType='"Text"', CommandTimeout='30']
SELECT `a`.`Id`, `a`.`CreationTime`, `a`.`CreatorId`, `a`.`CultureName`, `a`.`DisplayName`, `a`.`Enable`, `a`.`LastModificationTime`, `a`.`LastModifierId`, `a`.`TwoLetterISOLanguageName`, `a`.`UiCultureName`
FROM `AbpLocalizationLanguages` AS `a`
WHERE `a`.`CultureName` = @__cultureName_0
LIMIT 1
2024-10-17 00:42:33 [INF] [Microsoft.EntityFrameworkCore.Database.Command] [23096] [39] - Executed DbCommand (67ms) [Parameters=[], CommandType='"Text"', CommandTimeout='30']
SELECT `a`.`Id`, `a`.`AllowedProviders`, `a`.`DefaultValue`, `a`.`Description`, `a`.`DisplayName`, `a`.`ExtraProperties`, `a`.`GroupName`, `a`.`IsAvailableToHost`, `a`.`IsVisibleToClients`, `a`.`Name`, `a`.`ParentName`, `a`.`ValueType`
FROM `AbpFeatures` AS `a`
2024-10-17 00:42:33 [INF] [Microsoft.EntityFrameworkCore.Database.Command] [23096] [32] - Executed DbCommand (19ms) [Parameters=[], CommandType='"Text"', CommandTimeout='30']
SELECT DISTINCT `a`.`Key`
FROM `AbpLocalizationTexts` AS `a`
WHERE FALSE
2024-10-17 00:42:35 [INF] [Microsoft.EntityFrameworkCore.Database.Command] [23096] [29] - Executed DbCommand (156ms) [Parameters=[@__cultureName_0='?' (Size = 20)], CommandType='"Text"', CommandTimeout='30']
SELECT `a`.`Id`, `a`.`CreationTime`, `a`.`CreatorId`, `a`.`CultureName`, `a`.`DisplayName`, `a`.`Enable`, `a`.`LastModificationTime`, `a`.`LastModifierId`, `a`.`TwoLetterISOLanguageName`, `a`.`UiCultureName`
FROM `AbpLocalizationLanguages` AS `a`
WHERE `a`.`CultureName` = @__cultureName_0
LIMIT 1
2024-10-17 00:42:36 [INF] [Microsoft.EntityFrameworkCore.Database.Command] [23096] [27] - Executed DbCommand (823ms) [Parameters=[], CommandType='"Text"', CommandTimeout='30']
SELECT `a`.`Id`, `a`.`DisplayName`, `a`.`ExtraProperties`, `a`.`GroupName`, `a`.`IsEnabled`, `a`.`MultiTenancySide`, `a`.`Name`, `a`.`ParentName`, `a`.`Providers`, `a`.`StateCheckers`
FROM `AbpPermissions` AS `a`
2024-10-17 00:42:36 [INF] [Microsoft.EntityFrameworkCore.Database.Command] [23096] [32] - Executed DbCommand (120ms) [Parameters=[], CommandType='"Text"', CommandTimeout='30']
SELECT DISTINCT `a`.`Key`
FROM `AbpLocalizationTexts` AS `a`
WHERE FALSE
2024-10-17 00:42:38 [INF] [Microsoft.EntityFrameworkCore.Database.Command] [23096] [25] - Executed DbCommand (1,434ms) [Parameters=[@__name_0='?' (Size = 50)], CommandType='"Text"', CommandTimeout='30']
SELECT `a`.`Id`, `a`.`CreationTime`, `a`.`CreatorId`, `a`.`DefaultCultureName`, `a`.`Description`, `a`.`DisplayName`, `a`.`Enable`, `a`.`LastModificationTime`, `a`.`LastModifierId`, `a`.`Name`
FROM `AbpLocalizationResources` AS `a`
WHERE `a`.`Name` = @__name_0
LIMIT 1
2024-10-17 00:42:39 [INF] [Microsoft.EntityFrameworkCore.Database.Command] [23096] [32] - Executed DbCommand (15ms) [Parameters=[@__cultureName_0='?' (Size = 20)], CommandType='"Text"', CommandTimeout='30']
SELECT `a`.`Id`, `a`.`CreationTime`, `a`.`CreatorId`, `a`.`CultureName`, `a`.`DisplayName`, `a`.`Enable`, `a`.`LastModificationTime`, `a`.`LastModifierId`, `a`.`TwoLetterISOLanguageName`, `a`.`UiCultureName`
FROM `AbpLocalizationLanguages` AS `a`
WHERE `a`.`CultureName` = @__cultureName_0
LIMIT 1
2024-10-17 00:42:41 [INF] [Microsoft.EntityFrameworkCore.Database.Command] [23096] [31] - Executed DbCommand (41ms) [Parameters=[], CommandType='"Text"', CommandTimeout='30']
SELECT DISTINCT `a`.`Key`
FROM `AbpLocalizationTexts` AS `a`
WHERE FALSE
2024-10-17 00:42:42 [INF] [Microsoft.EntityFrameworkCore.Database.Command] [23096] [32] - Executed DbCommand (13ms) [Parameters=[@__cultureName_0='?' (Size = 20)], CommandType='"Text"', CommandTimeout='30']
SELECT `a`.`Id`, `a`.`CreationTime`, `a`.`CreatorId`, `a`.`CultureName`, `a`.`DisplayName`, `a`.`Enable`, `a`.`LastModificationTime`, `a`.`LastModifierId`, `a`.`TwoLetterISOLanguageName`, `a`.`UiCultureName`
FROM `AbpLocalizationLanguages` AS `a`
WHERE `a`.`CultureName` = @__cultureName_0
LIMIT 1
2024-10-17 00:42:42 [INF] [Microsoft.EntityFrameworkCore.Database.Command] [23096] [32] - Executed DbCommand (98ms) [Parameters=[], CommandType='"Text"', CommandTimeout='30']
SELECT DISTINCT `a`.`Key`
FROM `AbpLocalizationTexts` AS `a`
WHERE FALSE
2024-10-17 00:42:44 [INF] [Microsoft.EntityFrameworkCore.Database.Command] [23096] [39] - Executed DbCommand (267ms) [Parameters=[@__ef_filter__p_0='?' (DbType = Boolean), @__providerName_1='?' (Size = 64), @__providerKey_2='?' (Size = 64)], CommandType='"Text"', CommandTimeout='30']
SELECT `a`.`Id`, `a`.`Name`, `a`.`ProviderKey`, `a`.`ProviderName`, `a`.`TenantId`
FROM `AbpPermissionGrants` AS `a`
WHERE (@__ef_filter__p_0 OR (`a`.`TenantId` IS NULL)) AND ((`a`.`Name` IN ('AbpWebhooks.GroupDefinitions', 'AbpWebhooks.GroupDefinitions.Create', 'AbpWebhooks.GroupDefinitions.Update', 'AbpWebhooks.GroupDefinitions.Delete', 'AbpWebhooks.Definitions', 'AbpWebhooks.Definitions.Create', 'AbpWebhooks.Definitions.Update', 'AbpWebhooks.Definitions.Delete', 'AbpWebhooks.Subscriptions', 'AbpWebhooks.Subscriptions.Create', 'AbpWebhooks.Subscriptions.Update', 'AbpWebhooks.Subscriptions.Delete', 'AbpWebhooks.SendAttempts', 'AbpWebhooks.SendAttempts.Delete', 'AbpWebhooks.SendAttempts.Resend', 'AbpWebhooks.ManageSettings', 'ProductManagement.Product', 'ProductManagement.Product.UpLoad', 'ProductManagement.Product.Create', 'ProductManagement.Product.Delete', 'ProductManagement.Product.Update', 'ProductManagement.Product.DownLoad', 'ProductManagement.Test', 'ProductManagement.Test.Update', 'ProductManagement.Test.Create', 'ProductManagement.Test.UpLoad', 'ProductManagement.Test.Delete', 'AbpIdentity.Roles', 'AbpIdentity.Roles.Create', 'AbpIdentity.Roles.Delete', 'AbpIdentity.Roles.ManagePermissions', 'AbpIdentity.Roles.Update', 'AbpIdentity.Roles.ManageOrganizationUnits', 'AbpIdentity.Roles.ManageClaims', 'AbpIdentity.Users', 'AbpIdentity.Users.ManagePermissions', 'AbpIdentity.Users.Update', 'AbpIdentity.Users.Update.ManageRoles', 'AbpIdentity.Users.Delete', 'AbpIdentity.Users.Create', 'AbpIdentity.Users.ResetPassword', 'AbpIdentity.Users.ManageOrganizationUnits', 'AbpIdentity.Users.ManageClaims', 'AbpIdentity.IdentitySessions', 'AbpIdentity.IdentitySessions.Revoke', 'AbpIdentity.OrganizationUnits', 'AbpIdentity.OrganizationUnits.ManageUsers', 'AbpIdentity.OrganizationUnits.Create', 'AbpIdentity.OrganizationUnits.Update', 'AbpIdentity.OrganizationUnits.ManageRoles', 'AbpIdentity.OrganizationUnits.ManagePermissions', 'AbpIdentity.OrganizationUnits.Delete', 'AbpIdentity.IdentityClaimTypes', 'AbpIdentity.IdentityClaimTypes.Update', 'AbpIdentity.IdentityClaimTypes.Delete', 'AbpIdentity.IdentityClaimTypes.Create', 'AbpOpenIddict.Authorizations', 'AbpOpenIddict.Authorizations.Delete', 'AbpOpenIddict.Tokens', 'AbpOpenIddict.Tokens.Delete', 'AbpOpenIddict.Applications', 'AbpOpenIddict.Applications.ManagePermissions', 'AbpOpenIddict.Applications.Update', 'AbpOpenIddict.Applications.Delete', 'AbpOpenIddict.Applications.Create', 'AbpOpenIddict.Applications.ManageSecret', 'AbpOpenIddict.Scopes', 'AbpOpenIddict.Scopes.Delete', 'AbpOpenIddict.Scopes.Create', 'AbpOpenIddict.Scopes.Update', 'LocalizationManagement.Resource', 'LocalizationManagement.Resource.Delete', 'LocalizationManagement.Resource.Update', 'LocalizationManagement.Resource.Create', 'LocalizationManagement.Language', 'LocalizationManagement.Language.Update', 'LocalizationManagement.Language.Delete', 'LocalizationManagement.Language.Create', 'LocalizationManagement.Text', 'LocalizationManagement.Text.Create', 'LocalizationManagement.Text.Update', 'LocalizationManagement.Text.Delete', 'TaskManagement.BackgroundJobLogs', 'TaskManagement.BackgroundJobLogs.Delete', 'TaskManagement.BackgroundJobs', 'TaskManagement.BackgroundJobs.ManageActions', 'TaskManagement.BackgroundJobs.Update', 'TaskManagement.BackgroundJobs.Delete', 'TaskManagement.BackgroundJobs.Create', 'TaskManagement.BackgroundJobs.Start', 'TaskManagement.BackgroundJobs.Resume', 'TaskManagement.BackgroundJobs.Stop', 'TaskManagement.BackgroundJobs.ManageSystemJobs', 'TaskManagement.BackgroundJobs.Trigger', 'TaskManagement.BackgroundJobs.Pause', 'Abp.Aliyun.Settings', 'AbpSettingManagement.Settings', 'AbpSettingManagement.Manager', 'Abp.Tencent.Settings', 'Abp.WxPusher.ManageSetting', 'SettingManagement.Emailing', 'SettingManagement.Emailing.Test', 'SettingManagement.TimeZone', 'SettingManagement.Definition', 'SettingManagement.Definition.Create', 'SettingManagement.Definition.Update', 'SettingManagement.Definition.DeleteOrRestore', 'PermissionManagement.Definitions', 'PermissionManagement.Definitions.Update', 'PermissionManagement.Definitions.Create', 'PermissionManagement.Definitions.Delete', 'PermissionManagement.GroupDefinitions', 'PermissionManagement.GroupDefinitions.Update', 'PermissionManagement.GroupDefinitions.Delete', 'PermissionManagement.GroupDefinitions.Create', 'FeatureManagement.GroupDefinitions', 'FeatureManagement.GroupDefinitions.Update', 'FeatureManagement.GroupDefinitions.Delete', 'FeatureManagement.GroupDefinitions.Create', 'FeatureManagement.Definitions', 'FeatureManagement.Definitions.Create', 'FeatureManagement.Definitions.Delete', 'FeatureManagement.Definitions.Update', 'FeatureManagement.ManageClientFeatures', 'FeatureManagement.ManageHostFeatures', 'AbpDataProtectionManagement.RoleEntityRule', 'AbpDataProtectionManagement.RoleEntityRule.Delete', 'AbpDataProtectionManagement.RoleEntityRule.Create', 'AbpDataProtectionManagement.RoleEntityRule.Update', 'AbpDataProtectionManagement.OrganizationUnitEntityRule', 'AbpDataProtectionManagement.OrganizationUnitEntityRule.Delete', 'AbpDataProtectionManagement.OrganizationUnitEntityRule.Create', 'AbpDataProtectionManagement.OrganizationUnitEntityRule.Update', 'AbpDataProtectionManagement.EntityTypeInfo', 'AbpDataProtectionManagement.EntityTypeInfo.Create', 'AbpDataProtectionManagement.EntityTypeInfo.Delete', 'AbpDataProtectionManagement.EntityTypeInfo.Update', 'AbpSaas.Editions', 'AbpSaas.Editions.Create', 'AbpSaas.Editions.Delete', 'AbpSaas.Editions.Update', 'AbpSaas.Editions.ManageFeatures', 'AbpSaas.Tenants', 'AbpSaas.Tenants.Delete', 'AbpSaas.Tenants.Update', 'AbpSaas.Tenants.ManageFeatures', 'AbpSaas.Tenants.Create', 'AbpSaas.Tenants.ManageConnectionStrings', 'AbpTextTemplating.TextTemplateContents', 'AbpTextTemplating.TextTemplateContents.Delete', 'AbpTextTemplating.TextTemplateContents.Update', 'AbpTextTemplating.TextTemplateDefinitions', 'AbpTextTemplating.TextTemplateDefinitions.Delete', 'AbpTextTemplating.TextTemplateDefinitions.Create', 'AbpTextTemplating.TextTemplateDefinitions.Update', 'AbpCachingManagement.Cache', 'AbpCachingManagement.Cache.ManageValue', 'AbpCachingManagement.Cache.Refresh', 'AbpCachingManagement.Cache.Delete', 'AbpAuditing.AuditLog', 'AbpAuditing.AuditLog.Delete', 'AbpAuditing.SecurityLog', 'AbpAuditing.SecurityLog.Delete', 'AbpAuditing.SystemLog', 'Notifications.Notification', 'Notifications.Notification.Delete', 'Notifications.GroupDefinitions', 'Notifications.GroupDefinitions.Create', 'Notifications.GroupDefinitions.Delete', 'Notifications.GroupDefinitions.Update', 'Notifications.Definitions', 'Notifications.Definitions.Create', 'Notifications.Definitions.Update', 'Notifications.Definitions.Delete', 'MessageService.Notification', 'MessageService.Notification.Delete', 'MessageService.Hangfire', 'MessageService.Hangfire.Dashboard', 'MessageService.Hangfire.ManageQueue', 'AbpOssManagement.Container', 'AbpOssManagement.Container.Delete', 'AbpOssManagement.Container.Create', 'AbpOssManagement.OssObject', 'AbpOssManagement.OssObject.Download', 'AbpOssManagement.OssObject.Create', 'AbpOssManagement.OssObject.Delete', 'Platform.Package', 'Platform.Package.Update', 'Platform.Package.ManageBlobs', 'Platform.Package.Create', 'Platform.Package.Delete', 'Platform.Layout', 'Platform.Layout.Delete', 'Platform.Layout.Create', 'Platform.Layout.Update', 'Platform.Menu', 'Platform.Menu.ManageUsers', 'Platform.Menu.Delete', 'Platform.Menu.Create', 'Platform.Menu.ManageRoles', 'Platform.Menu.Update', 'Platform.Menu.ManageUserFavorites', 'Platform.DataDictionary', 'Platform.DataDictionary.Update', 'Platform.DataDictionary.Create', 'Platform.DataDictionary.Move', 'Platform.DataDictionary.Delete', 'Platform.DataDictionary.ManageItems') AND (`a`.`ProviderName` = @__providerName_1)) AND (`a`.`ProviderKey` = @__providerKey_2))
2024-10-17 00:54:29 [INF] [Microsoft.EntityFrameworkCore.Database.Command] [23096] [52] - Executed DbCommand (9ms) [Parameters=[], CommandType='"Text"', CommandTimeout='30']
SELECT `a`.`Id`, `a`.`CreationTime`, `a`.`CreatorId`, `a`.`CultureName`, `a`.`DisplayName`, `a`.`Enable`, `a`.`LastModificationTime`, `a`.`LastModifierId`, `a`.`TwoLetterISOLanguageName`, `a`.`UiCultureName`
FROM `AbpLocalizationLanguages` AS `a`
WHERE `a`.`Enable`
2024-10-17 01:15:55 [INF] [Volo.Abp.AbpApplicationBase] [7676] [1] - Loaded ABP modules:
2024-10-17 01:15:55 [INF] [Volo.Abp.AbpApplicationBase] [7676] [1] - - ZQH.MicroService.WebhooksManagement.WebhooksManagementHttpApiHostModule
2024-10-17 01:15:55 [INF] [Volo.Abp.AbpApplicationBase] [7676] [1] -   - ZQH.Abp.Serilog.Enrichers.Application.AbpSerilogEnrichersApplicationModule
2024-10-17 01:15:55 [INF] [Volo.Abp.AbpApplicationBase] [7676] [1] -   - ZQH.Abp.Serilog.Enrichers.UniqueId.AbpSerilogEnrichersUniqueIdModule
2024-10-17 01:15:55 [INF] [Volo.Abp.AbpApplicationBase] [7676] [1] -     - ZQH.Abp.IdGenerator.AbpIdGeneratorModule
2024-10-17 01:15:55 [INF] [Volo.Abp.AbpApplicationBase] [7676] [1] -   - ZQH.Abp.AuditLogging.Elasticsearch.AbpAuditLoggingElasticsearchModule
2024-10-17 01:15:55 [INF] [Volo.Abp.AbpApplicationBase] [7676] [1] -     - ZQH.Abp.AuditLogging.AbpAuditLoggingModule
2024-10-17 01:15:55 [INF] [Volo.Abp.AbpApplicationBase] [7676] [1] -       - Volo.Abp.Auditing.AbpAuditingModule
2024-10-17 01:15:55 [INF] [Volo.Abp.AbpApplicationBase] [7676] [1] -         - Volo.Abp.Data.AbpDataModule
2024-10-17 01:15:55 [INF] [Volo.Abp.AbpApplicationBase] [7676] [1] -           - Volo.Abp.ObjectExtending.AbpObjectExtendingModule
2024-10-17 01:15:55 [INF] [Volo.Abp.AbpApplicationBase] [7676] [1] -             - Volo.Abp.Localization.AbpLocalizationAbstractionsModule
2024-10-17 01:15:55 [INF] [Volo.Abp.AbpApplicationBase] [7676] [1] -             - Volo.Abp.Validation.AbpValidationAbstractionsModule
2024-10-17 01:15:55 [INF] [Volo.Abp.AbpApplicationBase] [7676] [1] -           - Volo.Abp.Uow.AbpUnitOfWorkModule
2024-10-17 01:15:55 [INF] [Volo.Abp.AbpApplicationBase] [7676] [1] -           - Volo.Abp.EventBus.Abstractions.AbpEventBusAbstractionsModule
2024-10-17 01:15:55 [INF] [Volo.Abp.AbpApplicationBase] [7676] [1] -         - Volo.Abp.Json.AbpJsonModule
2024-10-17 01:15:55 [INF] [Volo.Abp.AbpApplicationBase] [7676] [1] -           - Volo.Abp.Json.SystemTextJson.AbpJsonSystemTextJsonModule
2024-10-17 01:15:55 [INF] [Volo.Abp.AbpApplicationBase] [7676] [1] -             - Volo.Abp.Json.AbpJsonAbstractionsModule
2024-10-17 01:15:55 [INF] [Volo.Abp.AbpApplicationBase] [7676] [1] -             - Volo.Abp.Timing.AbpTimingModule
2024-10-17 01:15:55 [INF] [Volo.Abp.AbpApplicationBase] [7676] [1] -               - Volo.Abp.Localization.AbpLocalizationModule
2024-10-17 01:15:55 [INF] [Volo.Abp.AbpApplicationBase] [7676] [1] -                 - Volo.Abp.VirtualFileSystem.AbpVirtualFileSystemModule
2024-10-17 01:15:55 [INF] [Volo.Abp.AbpApplicationBase] [7676] [1] -                 - Volo.Abp.Settings.AbpSettingsModule
2024-10-17 01:15:55 [INF] [Volo.Abp.AbpApplicationBase] [7676] [1] -                   - Volo.Abp.Security.AbpSecurityModule
2024-10-17 01:15:55 [INF] [Volo.Abp.AbpApplicationBase] [7676] [1] -                 - Volo.Abp.Threading.AbpThreadingModule
2024-10-17 01:15:55 [INF] [Volo.Abp.AbpApplicationBase] [7676] [1] -         - Volo.Abp.MultiTenancy.AbpMultiTenancyModule
2024-10-17 01:15:55 [INF] [Volo.Abp.AbpApplicationBase] [7676] [1] -           - Volo.Abp.MultiTenancy.AbpMultiTenancyAbstractionsModule
2024-10-17 01:15:55 [INF] [Volo.Abp.AbpApplicationBase] [7676] [1] -         - Volo.Abp.Auditing.AbpAuditingContractsModule
2024-10-17 01:15:55 [INF] [Volo.Abp.AbpApplicationBase] [7676] [1] -       - Volo.Abp.Guids.AbpGuidsModule
2024-10-17 01:15:55 [INF] [Volo.Abp.AbpApplicationBase] [7676] [1] -       - Volo.Abp.ExceptionHandling.AbpExceptionHandlingModule
2024-10-17 01:15:55 [INF] [Volo.Abp.AbpApplicationBase] [7676] [1] -     - ZQH.Abp.Elasticsearch.AbpElasticsearchModule
2024-10-17 01:15:55 [INF] [Volo.Abp.AbpApplicationBase] [7676] [1] -   - Volo.Abp.AspNetCore.Serilog.AbpAspNetCoreSerilogModule
2024-10-17 01:15:55 [INF] [Volo.Abp.AbpApplicationBase] [7676] [1] -     - Volo.Abp.AspNetCore.AbpAspNetCoreModule
2024-10-17 01:15:55 [INF] [Volo.Abp.AbpApplicationBase] [7676] [1] -       - Volo.Abp.Http.AbpHttpModule
2024-10-17 01:15:55 [INF] [Volo.Abp.AbpApplicationBase] [7676] [1] -         - Volo.Abp.Http.AbpHttpAbstractionsModule
2024-10-17 01:15:55 [INF] [Volo.Abp.AbpApplicationBase] [7676] [1] -         - Volo.Abp.Minify.AbpMinifyModule
2024-10-17 01:15:55 [INF] [Volo.Abp.AbpApplicationBase] [7676] [1] -       - Volo.Abp.Authorization.AbpAuthorizationModule
2024-10-17 01:15:55 [INF] [Volo.Abp.AbpApplicationBase] [7676] [1] -         - Volo.Abp.Authorization.AbpAuthorizationAbstractionsModule
2024-10-17 01:15:55 [INF] [Volo.Abp.AbpApplicationBase] [7676] [1] -       - Volo.Abp.Validation.AbpValidationModule
2024-10-17 01:15:55 [INF] [Volo.Abp.AbpApplicationBase] [7676] [1] -       - Volo.Abp.AspNetCore.AbpAspNetCoreAbstractionsModule
2024-10-17 01:15:55 [INF] [Volo.Abp.AbpApplicationBase] [7676] [1] -   - ZQH.Abp.WebhooksManagement.WebhooksManagementApplicationModule
2024-10-17 01:15:55 [INF] [Volo.Abp.AbpApplicationBase] [7676] [1] -     - Volo.Abp.Application.AbpDddApplicationModule
2024-10-17 01:15:55 [INF] [Volo.Abp.AbpApplicationBase] [7676] [1] -       - Volo.Abp.Domain.AbpDddDomainModule
2024-10-17 01:15:55 [INF] [Volo.Abp.AbpApplicationBase] [7676] [1] -         - Volo.Abp.EventBus.AbpEventBusModule
2024-10-17 01:15:55 [INF] [Volo.Abp.AbpApplicationBase] [7676] [1] -           - Volo.Abp.BackgroundWorkers.AbpBackgroundWorkersModule
2024-10-17 01:15:55 [INF] [Volo.Abp.AbpApplicationBase] [7676] [1] -           - Volo.Abp.DistributedLocking.AbpDistributedLockingAbstractionsModule
2024-10-17 01:15:55 [INF] [Volo.Abp.AbpApplicationBase] [7676] [1] -         - Volo.Abp.ObjectMapping.AbpObjectMappingModule
2024-10-17 01:15:55 [INF] [Volo.Abp.AbpApplicationBase] [7676] [1] -         - Volo.Abp.Specifications.AbpSpecificationsModule
2024-10-17 01:15:55 [INF] [Volo.Abp.AbpApplicationBase] [7676] [1] -         - Volo.Abp.Caching.AbpCachingModule
2024-10-17 01:15:55 [INF] [Volo.Abp.AbpApplicationBase] [7676] [1] -           - Volo.Abp.Serialization.AbpSerializationModule
2024-10-17 01:15:55 [INF] [Volo.Abp.AbpApplicationBase] [7676] [1] -         - Volo.Abp.Domain.AbpDddDomainSharedModule
2024-10-17 01:15:55 [INF] [Volo.Abp.AbpApplicationBase] [7676] [1] -       - Volo.Abp.Application.AbpDddApplicationContractsModule
2024-10-17 01:15:55 [INF] [Volo.Abp.AbpApplicationBase] [7676] [1] -       - Volo.Abp.Features.AbpFeaturesModule
2024-10-17 01:15:55 [INF] [Volo.Abp.AbpApplicationBase] [7676] [1] -       - Volo.Abp.GlobalFeatures.AbpGlobalFeaturesModule
2024-10-17 01:15:55 [INF] [Volo.Abp.AbpApplicationBase] [7676] [1] -     - ZQH.Abp.WebhooksManagement.WebhooksManagementDomainModule
2024-10-17 01:15:55 [INF] [Volo.Abp.AbpApplicationBase] [7676] [1] -       - Volo.Abp.AutoMapper.AbpAutoMapperModule
2024-10-17 01:15:55 [INF] [Volo.Abp.AbpApplicationBase] [7676] [1] -       - ZQH.Abp.Webhooks.AbpWebhooksModule
2024-10-17 01:15:55 [INF] [Volo.Abp.AbpApplicationBase] [7676] [1] -         - ZQH.Abp.Webhooks.AbpWebhooksCoreModule
2024-10-17 01:15:55 [INF] [Volo.Abp.AbpApplicationBase] [7676] [1] -         - Volo.Abp.BackgroundJobs.AbpBackgroundJobsAbstractionsModule
2024-10-17 01:15:55 [INF] [Volo.Abp.AbpApplicationBase] [7676] [1] -         - Volo.Abp.Http.Client.AbpHttpClientModule
2024-10-17 01:15:55 [INF] [Volo.Abp.AbpApplicationBase] [7676] [1] -           - Volo.Abp.Castle.AbpCastleCoreModule
2024-10-17 01:15:55 [INF] [Volo.Abp.AbpApplicationBase] [7676] [1] -           - Volo.Abp.RemoteServices.AbpRemoteServicesModule
2024-10-17 01:15:55 [INF] [Volo.Abp.AbpApplicationBase] [7676] [1] -       - ZQH.Abp.WebhooksManagement.WebhooksManagementDomainSharedModule
2024-10-17 01:15:55 [INF] [Volo.Abp.AbpApplicationBase] [7676] [1] -   - ZQH.Abp.WebhooksManagement.WebhooksManagementHttpApiModule
2024-10-17 01:15:55 [INF] [Volo.Abp.AbpApplicationBase] [7676] [1] -     - Volo.Abp.AspNetCore.Mvc.AbpAspNetCoreMvcModule
2024-10-17 01:15:55 [INF] [Volo.Abp.AbpApplicationBase] [7676] [1] -       - Volo.Abp.ApiVersioning.AbpApiVersioningAbstractionsModule
2024-10-17 01:15:55 [INF] [Volo.Abp.AbpApplicationBase] [7676] [1] -       - Volo.Abp.AspNetCore.Mvc.AbpAspNetCoreMvcContractsModule
2024-10-17 01:15:55 [INF] [Volo.Abp.AbpApplicationBase] [7676] [1] -       - Volo.Abp.UI.Navigation.AbpUiNavigationModule
2024-10-17 01:15:55 [INF] [Volo.Abp.AbpApplicationBase] [7676] [1] -         - Volo.Abp.UI.AbpUiModule
2024-10-17 01:15:55 [INF] [Volo.Abp.AbpApplicationBase] [7676] [1] -     - ZQH.Abp.WebhooksManagement.WebhooksManagementApplicationContractsModule
2024-10-17 01:15:55 [INF] [Volo.Abp.AbpApplicationBase] [7676] [1] -   - ZQH.Abp.WebhooksManagement.EntityFrameworkCore.WebhooksManagementEntityFrameworkCoreModule
2024-10-17 01:15:55 [INF] [Volo.Abp.AbpApplicationBase] [7676] [1] -     - Volo.Abp.EntityFrameworkCore.AbpEntityFrameworkCoreModule
2024-10-17 01:15:55 [INF] [Volo.Abp.AbpApplicationBase] [7676] [1] -   - ZQH.Abp.Webhooks.Identity.AbpWebhooksIdentityModule
2024-10-17 01:15:55 [INF] [Volo.Abp.AbpApplicationBase] [7676] [1] -     - Volo.Abp.Users.AbpUsersAbstractionModule
2024-10-17 01:15:55 [INF] [Volo.Abp.AbpApplicationBase] [7676] [1] -     - Volo.Abp.Identity.AbpIdentityDomainSharedModule
2024-10-17 01:15:55 [INF] [Volo.Abp.AbpApplicationBase] [7676] [1] -       - Volo.Abp.Users.AbpUsersDomainSharedModule
2024-10-17 01:15:55 [INF] [Volo.Abp.AbpApplicationBase] [7676] [1] -   - ZQH.Abp.Webhooks.Saas.AbpWebhooksSaasModule
2024-10-17 01:15:55 [INF] [Volo.Abp.AbpApplicationBase] [7676] [1] -     - ZQH.Abp.Saas.AbpSaasDomainSharedModule
2024-10-17 01:15:55 [INF] [Volo.Abp.AbpApplicationBase] [7676] [1] -   - ZQH.Abp.Webhooks.EventBus.AbpWebhooksEventBusModule
2024-10-17 01:15:55 [INF] [Volo.Abp.AbpApplicationBase] [7676] [1] -   - ZQH.Abp.BackgroundTasks.Quartz.AbpBackgroundTasksQuartzModule
2024-10-17 01:15:55 [INF] [Volo.Abp.AbpApplicationBase] [7676] [1] -     - ZQH.Abp.BackgroundTasks.AbpBackgroundTasksModule
2024-10-17 01:15:55 [INF] [Volo.Abp.AbpApplicationBase] [7676] [1] -       - ZQH.Abp.BackgroundTasks.AbpBackgroundTasksAbstractionsModule
2024-10-17 01:15:55 [INF] [Volo.Abp.AbpApplicationBase] [7676] [1] -     - Volo.Abp.Quartz.AbpQuartzModule
2024-10-17 01:15:55 [INF] [Volo.Abp.AbpApplicationBase] [7676] [1] -   - ZQH.Abp.BackgroundTasks.DistributedLocking.AbpBackgroundTasksDistributedLockingModule
2024-10-17 01:15:55 [INF] [Volo.Abp.AbpApplicationBase] [7676] [1] -   - ZQH.Abp.BackgroundTasks.ExceptionHandling.AbpBackgroundTasksExceptionHandlingModule
2024-10-17 01:15:55 [INF] [Volo.Abp.AbpApplicationBase] [7676] [1] -     - ZQH.Abp.BackgroundTasks.Activities.AbpBackgroundTasksActivitiesModule
2024-10-17 01:15:55 [INF] [Volo.Abp.AbpApplicationBase] [7676] [1] -     - Volo.Abp.Emailing.AbpEmailingModule
2024-10-17 01:15:55 [INF] [Volo.Abp.AbpApplicationBase] [7676] [1] -       - Volo.Abp.TextTemplating.AbpTextTemplatingModule
2024-10-17 01:15:55 [INF] [Volo.Abp.AbpApplicationBase] [7676] [1] -         - Volo.Abp.TextTemplating.Scriban.AbpTextTemplatingScribanModule
2024-10-17 01:15:55 [INF] [Volo.Abp.AbpApplicationBase] [7676] [1] -           - Volo.Abp.TextTemplating.AbpTextTemplatingCoreModule
2024-10-17 01:15:55 [INF] [Volo.Abp.AbpApplicationBase] [7676] [1] -   - ZQH.Abp.TaskManagement.EntityFrameworkCore.TaskManagementEntityFrameworkCoreModule
2024-10-17 01:15:55 [INF] [Volo.Abp.AbpApplicationBase] [7676] [1] -     - ZQH.Abp.TaskManagement.TaskManagementDomainModule
2024-10-17 01:15:55 [INF] [Volo.Abp.AbpApplicationBase] [7676] [1] -       - ZQH.Abp.TaskManagement.TaskManagementDomainSharedModule
2024-10-17 01:15:55 [INF] [Volo.Abp.AbpApplicationBase] [7676] [1] -       - ZQH.Abp.BackgroundTasks.EventBus.AbpBackgroundTasksEventBusModule
2024-10-17 01:15:55 [INF] [Volo.Abp.AbpApplicationBase] [7676] [1] -   - ZQH.Abp.Saas.EntityFrameworkCore.AbpSaasEntityFrameworkCoreModule
2024-10-17 01:15:55 [INF] [Volo.Abp.AbpApplicationBase] [7676] [1] -     - ZQH.Abp.Saas.AbpSaasDomainModule
2024-10-17 01:15:55 [INF] [Volo.Abp.AbpApplicationBase] [7676] [1] -       - ZQH.Abp.MultiTenancy.Editions.AbpMultiTenancyEditionsModule
2024-10-17 01:15:55 [INF] [Volo.Abp.AbpApplicationBase] [7676] [1] -   - Volo.Abp.FeatureManagement.EntityFrameworkCore.AbpFeatureManagementEntityFrameworkCoreModule
2024-10-17 01:15:55 [INF] [Volo.Abp.AbpApplicationBase] [7676] [1] -     - Volo.Abp.FeatureManagement.AbpFeatureManagementDomainModule
2024-10-17 01:15:55 [INF] [Volo.Abp.AbpApplicationBase] [7676] [1] -       - Volo.Abp.FeatureManagement.AbpFeatureManagementDomainSharedModule
2024-10-17 01:15:55 [INF] [Volo.Abp.AbpApplicationBase] [7676] [1] -   - Volo.Abp.PermissionManagement.EntityFrameworkCore.AbpPermissionManagementEntityFrameworkCoreModule
2024-10-17 01:15:55 [INF] [Volo.Abp.AbpApplicationBase] [7676] [1] -     - Volo.Abp.PermissionManagement.AbpPermissionManagementDomainModule
2024-10-17 01:15:55 [INF] [Volo.Abp.AbpApplicationBase] [7676] [1] -       - Volo.Abp.PermissionManagement.AbpPermissionManagementDomainSharedModule
2024-10-17 01:15:55 [INF] [Volo.Abp.AbpApplicationBase] [7676] [1] -   - Volo.Abp.SettingManagement.EntityFrameworkCore.AbpSettingManagementEntityFrameworkCoreModule
2024-10-17 01:15:55 [INF] [Volo.Abp.AbpApplicationBase] [7676] [1] -     - Volo.Abp.SettingManagement.AbpSettingManagementDomainModule
2024-10-17 01:15:55 [INF] [Volo.Abp.AbpApplicationBase] [7676] [1] -       - Volo.Abp.SettingManagement.AbpSettingManagementDomainSharedModule
2024-10-17 01:15:55 [INF] [Volo.Abp.AbpApplicationBase] [7676] [1] -   - ZQH.Abp.LocalizationManagement.EntityFrameworkCore.AbpLocalizationManagementEntityFrameworkCoreModule
2024-10-17 01:15:55 [INF] [Volo.Abp.AbpApplicationBase] [7676] [1] -     - ZQH.Abp.LocalizationManagement.AbpLocalizationManagementDomainModule
2024-10-17 01:15:55 [INF] [Volo.Abp.AbpApplicationBase] [7676] [1] -       - ZQH.Abp.Localization.Persistence.AbpLocalizationPersistenceModule
2024-10-17 01:15:55 [INF] [Volo.Abp.AbpApplicationBase] [7676] [1] -       - ZQH.Abp.LocalizationManagement.AbpLocalizationManagementDomainSharedModule
2024-10-17 01:15:55 [INF] [Volo.Abp.AbpApplicationBase] [7676] [1] -   - ZQH.MicroService.WebhooksManagement.EntityFrameworkCore.WebhooksManagementMigrationsEntityFrameworkCoreModule
2024-10-17 01:15:55 [INF] [Volo.Abp.AbpApplicationBase] [7676] [1] -     - Volo.Abp.EntityFrameworkCore.MySQL.AbpEntityFrameworkCoreMySQLModule
2024-10-17 01:15:55 [INF] [Volo.Abp.AbpApplicationBase] [7676] [1] -     - ZQH.Abp.Data.DbMigrator.AbpDataDbMigratorModule
2024-10-17 01:15:55 [INF] [Volo.Abp.AbpApplicationBase] [7676] [1] -   - Volo.Abp.AspNetCore.Authentication.JwtBearer.AbpAspNetCoreAuthenticationJwtBearerModule
2024-10-17 01:15:55 [INF] [Volo.Abp.AbpApplicationBase] [7676] [1] -   - ZQH.Abp.Authorization.OrganizationUnits.AbpAuthorizationOrganizationUnitsModule
2024-10-17 01:15:55 [INF] [Volo.Abp.AbpApplicationBase] [7676] [1] -   - ZQH.Abp.ExceptionHandling.Emailing.AbpEmailingExceptionHandlingModule
2024-10-17 01:15:55 [INF] [Volo.Abp.AbpApplicationBase] [7676] [1] -     - ZQH.Abp.ExceptionHandling.AbpExceptionHandlingModule
2024-10-17 01:15:55 [INF] [Volo.Abp.AbpApplicationBase] [7676] [1] -   - ZQH.Abp.EventBus.CAP.AbpCAPEventBusModule
2024-10-17 01:15:55 [INF] [Volo.Abp.AbpApplicationBase] [7676] [1] -   - Volo.Abp.Http.Client.IdentityModel.Web.AbpHttpClientIdentityModelWebModule
2024-10-17 01:15:55 [INF] [Volo.Abp.AbpApplicationBase] [7676] [1] -     - Volo.Abp.Http.Client.IdentityModel.AbpHttpClientIdentityModelModule
2024-10-17 01:15:55 [INF] [Volo.Abp.AbpApplicationBase] [7676] [1] -       - Volo.Abp.IdentityModel.AbpIdentityModelModule
2024-10-17 01:15:55 [INF] [Volo.Abp.AbpApplicationBase] [7676] [1] -   - Volo.Abp.AspNetCore.MultiTenancy.AbpAspNetCoreMultiTenancyModule
2024-10-17 01:15:55 [INF] [Volo.Abp.AbpApplicationBase] [7676] [1] -   - ZQH.Abp.AspNetCore.Mvc.Localization.AbpAspNetCoreMvcLocalizationModule
2024-10-17 01:15:55 [INF] [Volo.Abp.AbpApplicationBase] [7676] [1] -   - Volo.Abp.Caching.StackExchangeRedis.AbpCachingStackExchangeRedisModule
2024-10-17 01:15:55 [INF] [Volo.Abp.AbpApplicationBase] [7676] [1] -   - Volo.Abp.DistributedLocking.AbpDistributedLockingModule
2024-10-17 01:15:55 [INF] [Volo.Abp.AbpApplicationBase] [7676] [1] -   - Volo.Abp.Swashbuckle.AbpSwashbuckleModule
2024-10-17 01:15:55 [INF] [Volo.Abp.AbpApplicationBase] [7676] [1] -   - ZQH.Abp.Http.Client.Wrapper.AbpHttpClientWrapperModule
2024-10-17 01:15:55 [INF] [Volo.Abp.AbpApplicationBase] [7676] [1] -     - ZQH.Abp.Wrapper.AbpWrapperModule
2024-10-17 01:15:55 [INF] [Volo.Abp.AbpApplicationBase] [7676] [1] -   - ZQH.Abp.Dapr.Client.Wrapper.AbpDaprClientWrapperModule
2024-10-17 01:15:55 [INF] [Volo.Abp.AbpApplicationBase] [7676] [1] -     - ZQH.Abp.Dapr.Client.AbpDaprClientModule
2024-10-17 01:15:55 [INF] [Volo.Abp.AbpApplicationBase] [7676] [1] -   - ZQH.Abp.Claims.Mapping.AbpClaimsMappingModule
2024-10-17 01:15:55 [INF] [Volo.Abp.AbpApplicationBase] [7676] [1] -   - ZQH.Abp.AspNetCore.Mvc.Wrapper.AbpAspNetCoreMvcWrapperModule
2024-10-17 01:15:55 [INF] [Volo.Abp.AbpApplicationBase] [7676] [1] -     - ZQH.Abp.AspNetCore.Wrapper.AbpAspNetCoreWrapperModule
2024-10-17 01:15:55 [INF] [Volo.Abp.AbpApplicationBase] [7676] [1] -   - ZQH.Abp.AspNetCore.HttpOverrides.AbpAspNetCoreHttpOverridesModule
2024-10-17 01:15:55 [INF] [Volo.Abp.AbpApplicationBase] [7676] [1] -   - ZQH.Abp.Identity.Session.AspNetCore.AbpIdentitySessionAspNetCoreModule
2024-10-17 01:15:55 [INF] [Volo.Abp.AbpApplicationBase] [7676] [1] -     - ZQH.Abp.Identity.Session.AbpIdentitySessionModule
2024-10-17 01:15:55 [INF] [Volo.Abp.AbpApplicationBase] [7676] [1] -   - Volo.Abp.Autofac.AbpAutofacModule
2024-10-17 01:15:55 [INF] [Quartz.Core.SchedulerSignalerImpl] [7676] [1] - Initialized Scheduler Signaller of type: Quartz.Core.SchedulerSignalerImpl
2024-10-17 01:15:55 [INF] [Quartz.Core.QuartzScheduler] [7676] [1] - Quartz Scheduler created
2024-10-17 01:15:55 [INF] [Quartz.Core.QuartzScheduler] [7676] [1] - JobFactory set to: Quartz.Simpl.MicrosoftDependencyInjectionJobFactory
2024-10-17 01:15:55 [INF] [Quartz.Simpl.RAMJobStore] [7676] [1] - RAMJobStore initialized.
2024-10-17 01:15:55 [INF] [Quartz.Impl.StdSchedulerFactory] [7676] [1] - Quartz Scheduler 3.7.0.0 - 'QuartzScheduler' with instanceId 'NON_CLUSTERED' initialized
2024-10-17 01:15:55 [INF] [Quartz.Impl.StdSchedulerFactory] [7676] [1] - Using thread pool 'Quartz.Simpl.DefaultThreadPool', size: 10
2024-10-17 01:15:55 [INF] [Quartz.Impl.StdSchedulerFactory] [7676] [1] - Using job store 'Quartz.Simpl.RAMJobStore', supports persistence: False, clustered: False
2024-10-17 01:15:55 [INF] [Quartz.ContainerConfigurationProcessor] [7676] [1] - Adding 0 jobs, 0 triggers.
2024-10-17 01:15:56 [WRN] [Microsoft.EntityFrameworkCore.Model.Validation] [7676] [22] - Entity 'WebhookEventRecord' has a global query filter defined and is the required end of a relationship with the entity 'WebhookSendRecord'. This may lead to unexpected results when the required entity is filtered out. Either configure the navigation as optional, or define matching query filters for both entities in the navigation. See https://go.microsoft.com/fwlink/?linkid=2131316 for more information.
2024-10-17 01:15:56 [INF] [Microsoft.EntityFrameworkCore.Database.Command] [7676] [6] - Executed DbCommand (8ms) [Parameters=[], CommandType='"Text"', CommandTimeout='30']
SELECT `a`.`Id`, `a`.`DisplayName`, `a`.`ExtraProperties`, `a`.`Name`
FROM `AbpWebhooksWebhookGroups` AS `a`
2024-10-17 01:15:56 [INF] [Microsoft.EntityFrameworkCore.Database.Command] [7676] [22] - Executed DbCommand (3ms) [Parameters=[], CommandType='"Text"', CommandTimeout='30']
SELECT `a`.`Id`, `a`.`Description`, `a`.`DisplayName`, `a`.`ExtraProperties`, `a`.`GroupName`, `a`.`IsEnabled`, `a`.`Name`, `a`.`RequiredFeatures`
FROM `AbpWebhooksWebhooks` AS `a`
2024-10-17 01:15:56 [INF] [Microsoft.EntityFrameworkCore.Database.Command] [7676] [4] - Executed DbCommand (2ms) [Parameters=[], CommandType='"Text"', CommandTimeout='30']
SELECT `a`.`Id`, `a`.`DisplayName`, `a`.`ExtraProperties`, `a`.`Name`
FROM `AbpWebhooksWebhookGroups` AS `a`
2024-10-17 01:15:57 [INF] [Microsoft.EntityFrameworkCore.Database.Command] [7676] [4] - Executed DbCommand (2ms) [Parameters=[], CommandType='"Text"', CommandTimeout='30']
SELECT `a`.`Id`, `a`.`Description`, `a`.`DisplayName`, `a`.`ExtraProperties`, `a`.`GroupName`, `a`.`IsEnabled`, `a`.`Name`, `a`.`RequiredFeatures`
FROM `AbpWebhooksWebhooks` AS `a`
WHERE `a`.`IsEnabled`
2024-10-17 01:15:57 [INF] [Quartz.Core.QuartzScheduler] [7676] [22] - Scheduler QuartzScheduler_$_NON_CLUSTERED started.
2024-10-17 01:15:57 [INF] [Microsoft.EntityFrameworkCore.Database.Command] [7676] [6] - Executed DbCommand (3ms) [Parameters=[], CommandType='"Text"', CommandTimeout='30']
SELECT `a`.`Id`, `a`.`DisplayName`, `a`.`ExtraProperties`, `a`.`Name`
FROM `AbpPermissionGroups` AS `a`
2024-10-17 01:15:57 [INF] [Volo.Abp.Modularity.ModuleManager] [7676] [22] - Initialized all ABP modules.
2024-10-17 01:15:57 [INF] [Microsoft.EntityFrameworkCore.Database.Command] [7676] [4] - Executed DbCommand (6ms) [Parameters=[], CommandType='"Text"', CommandTimeout='30']
SELECT `a`.`Id`, `a`.`DisplayName`, `a`.`ExtraProperties`, `a`.`GroupName`, `a`.`IsEnabled`, `a`.`MultiTenancySide`, `a`.`Name`, `a`.`ParentName`, `a`.`Providers`, `a`.`StateCheckers`
FROM `AbpPermissions` AS `a`
2024-10-17 01:15:57 [INF] [Microsoft.EntityFrameworkCore.Database.Command] [7676] [6] - Executed DbCommand (5ms) [Parameters=[], CommandType='"Text"', CommandTimeout='30']
SELECT `a`.`Id`, `a`.`DefaultValue`, `a`.`Description`, `a`.`DisplayName`, `a`.`ExtraProperties`, `a`.`IsEncrypted`, `a`.`IsInherited`, `a`.`IsVisibleToClients`, `a`.`Name`, `a`.`Providers`
FROM `AbpSettingDefinitions` AS `a`
2024-10-17 01:15:57 [INF] [Microsoft.EntityFrameworkCore.Database.Command] [7676] [27] - Executed DbCommand (5ms) [Parameters=[], CommandType='"Text"', CommandTimeout='30']
SELECT `a`.`Id`, `a`.`DisplayName`, `a`.`ExtraProperties`, `a`.`Name`
FROM `AbpFeatureGroups` AS `a`
2024-10-17 01:15:57 [INF] [Microsoft.EntityFrameworkCore.Database.Command] [7676] [24] - Executed DbCommand (4ms) [Parameters=[], CommandType='"Text"', CommandTimeout='30']
SELECT `a`.`Id`, `a`.`AllowedProviders`, `a`.`DefaultValue`, `a`.`Description`, `a`.`DisplayName`, `a`.`ExtraProperties`, `a`.`GroupName`, `a`.`IsAvailableToHost`, `a`.`IsVisibleToClients`, `a`.`Name`, `a`.`ParentName`, `a`.`ValueType`
FROM `AbpFeatures` AS `a`
2024-10-17 01:15:57 [INF] [DotNetCore.CAP.Processor.Dispatcher] [7676] [26] - Starting default Dispatcher
2024-10-17 01:15:57 [WRN] [ZQH.Abp.EventBus.CAP.AbpCAPConsumerServiceSelector] [7676] [26] - We detected that you have duplicate subscribers (abp.multi_tenancy.tenant.connection_string.updated) in same group (Dev.WebhooksManagement.v1), this will cause diversity behavior.
2024-10-17 01:15:57 [INF] [DotNetCore.CAP.Processor.CapProcessingServer] [7676] [26] - Starting the processing server.
2024-10-17 01:15:57 [INF] [DotNetCore.CAP.Internal.ConsumerRegister] [7676] [22] - RabbitMQ consumer registered. --> amq.ctag-oJqG3-nHfwcblX0Zy4LeVw
2024-10-17 01:15:57 [INF] [DotNetCore.CAP.Internal.ConsumerRegister] [7676] [31] - RabbitMQ consumer registered. --> amq.ctag-CA1uWA_qPZuHBiPFdgicnw
2024-10-17 01:15:57 [INF] [Microsoft.EntityFrameworkCore.Database.Command] [7676] [27] - Executed DbCommand (24ms) [Parameters=[@__name_0='?' (Size = 50)], CommandType='"Text"', CommandTimeout='30']
SELECT `a`.`Id`, `a`.`CreationTime`, `a`.`CreatorId`, `a`.`DefaultCultureName`, `a`.`Description`, `a`.`DisplayName`, `a`.`Enable`, `a`.`LastModificationTime`, `a`.`LastModifierId`, `a`.`Name`
FROM `AbpLocalizationResources` AS `a`
WHERE `a`.`Name` = @__name_0
LIMIT 1
2024-10-17 01:15:57 [INF] [DotNetCore.CAP.Internal.Bootstrapper] [7676] [26] - ### CAP started!
2024-10-17 01:15:57 [INF] [Microsoft.EntityFrameworkCore.Database.Command] [7676] [27] - Executed DbCommand (6ms) [Parameters=[@__cultureName_0='?' (Size = 20)], CommandType='"Text"', CommandTimeout='30']
SELECT `a`.`Id`, `a`.`CreationTime`, `a`.`CreatorId`, `a`.`CultureName`, `a`.`DisplayName`, `a`.`Enable`, `a`.`LastModificationTime`, `a`.`LastModifierId`, `a`.`TwoLetterISOLanguageName`, `a`.`UiCultureName`
FROM `AbpLocalizationLanguages` AS `a`
WHERE `a`.`CultureName` = @__cultureName_0
LIMIT 1
2024-10-17 01:15:57 [INF] [Microsoft.EntityFrameworkCore.Database.Command] [7676] [27] - Executed DbCommand (6ms) [Parameters=[], CommandType='"Text"', CommandTimeout='30']
SELECT DISTINCT `a`.`Key`
FROM `AbpLocalizationTexts` AS `a`
WHERE FALSE
2024-10-17 01:15:57 [INF] [Microsoft.EntityFrameworkCore.Database.Command] [7676] [27] - Executed DbCommand (5ms) [Parameters=[@__cultureName_0='?' (Size = 20)], CommandType='"Text"', CommandTimeout='30']
SELECT `a`.`Id`, `a`.`CreationTime`, `a`.`CreatorId`, `a`.`CultureName`, `a`.`DisplayName`, `a`.`Enable`, `a`.`LastModificationTime`, `a`.`LastModifierId`, `a`.`TwoLetterISOLanguageName`, `a`.`UiCultureName`
FROM `AbpLocalizationLanguages` AS `a`
WHERE `a`.`CultureName` = @__cultureName_0
LIMIT 1
2024-10-17 01:15:57 [INF] [Microsoft.EntityFrameworkCore.Database.Command] [7676] [24] - Executed DbCommand (4ms) [Parameters=[], CommandType='"Text"', CommandTimeout='30']
SELECT DISTINCT `a`.`Key`
FROM `AbpLocalizationTexts` AS `a`
WHERE FALSE
2024-10-17 01:15:57 [INF] [Microsoft.EntityFrameworkCore.Database.Command] [7676] [27] - Executed DbCommand (4ms) [Parameters=[@__name_0='?' (Size = 50)], CommandType='"Text"', CommandTimeout='30']
SELECT `a`.`Id`, `a`.`CreationTime`, `a`.`CreatorId`, `a`.`DefaultCultureName`, `a`.`Description`, `a`.`DisplayName`, `a`.`Enable`, `a`.`LastModificationTime`, `a`.`LastModifierId`, `a`.`Name`
FROM `AbpLocalizationResources` AS `a`
WHERE `a`.`Name` = @__name_0
LIMIT 1
2024-10-17 01:15:57 [INF] [Microsoft.EntityFrameworkCore.Database.Command] [7676] [27] - Executed DbCommand (4ms) [Parameters=[@__cultureName_0='?' (Size = 20)], CommandType='"Text"', CommandTimeout='30']
SELECT `a`.`Id`, `a`.`CreationTime`, `a`.`CreatorId`, `a`.`CultureName`, `a`.`DisplayName`, `a`.`Enable`, `a`.`LastModificationTime`, `a`.`LastModifierId`, `a`.`TwoLetterISOLanguageName`, `a`.`UiCultureName`
FROM `AbpLocalizationLanguages` AS `a`
WHERE `a`.`CultureName` = @__cultureName_0
LIMIT 1
2024-10-17 01:15:58 [INF] [Microsoft.EntityFrameworkCore.Database.Command] [7676] [27] - Executed DbCommand (4ms) [Parameters=[], CommandType='"Text"', CommandTimeout='30']
SELECT DISTINCT `a`.`Key`
FROM `AbpLocalizationTexts` AS `a`
WHERE FALSE
2024-10-17 01:15:58 [INF] [Microsoft.EntityFrameworkCore.Database.Command] [7676] [27] - Executed DbCommand (4ms) [Parameters=[@__cultureName_0='?' (Size = 20)], CommandType='"Text"', CommandTimeout='30']
SELECT `a`.`Id`, `a`.`CreationTime`, `a`.`CreatorId`, `a`.`CultureName`, `a`.`DisplayName`, `a`.`Enable`, `a`.`LastModificationTime`, `a`.`LastModifierId`, `a`.`TwoLetterISOLanguageName`, `a`.`UiCultureName`
FROM `AbpLocalizationLanguages` AS `a`
WHERE `a`.`CultureName` = @__cultureName_0
LIMIT 1
2024-10-17 01:15:58 [INF] [Microsoft.EntityFrameworkCore.Database.Command] [7676] [24] - Executed DbCommand (4ms) [Parameters=[], CommandType='"Text"', CommandTimeout='30']
SELECT DISTINCT `a`.`Key`
FROM `AbpLocalizationTexts` AS `a`
WHERE FALSE
2024-10-17 01:15:58 [INF] [Microsoft.EntityFrameworkCore.Database.Command] [7676] [6] - Executed DbCommand (10ms) [Parameters=[@__ef_filter__p_0='?' (DbType = Boolean), @__providerName_1='?' (Size = 64), @__providerKey_2='?' (Size = 64)], CommandType='"Text"', CommandTimeout='30']
SELECT `a`.`Id`, `a`.`Name`, `a`.`ProviderKey`, `a`.`ProviderName`, `a`.`TenantId`
FROM `AbpPermissionGrants` AS `a`
WHERE (@__ef_filter__p_0 OR (`a`.`TenantId` IS NULL)) AND ((`a`.`Name` IN ('AbpWebhooks.GroupDefinitions', 'AbpWebhooks.GroupDefinitions.Create', 'AbpWebhooks.GroupDefinitions.Update', 'AbpWebhooks.GroupDefinitions.Delete', 'AbpWebhooks.Definitions', 'AbpWebhooks.Definitions.Create', 'AbpWebhooks.Definitions.Update', 'AbpWebhooks.Definitions.Delete', 'AbpWebhooks.Subscriptions', 'AbpWebhooks.Subscriptions.Create', 'AbpWebhooks.Subscriptions.Update', 'AbpWebhooks.Subscriptions.Delete', 'AbpWebhooks.SendAttempts', 'AbpWebhooks.SendAttempts.Delete', 'AbpWebhooks.SendAttempts.Resend', 'AbpWebhooks.ManageSettings', 'ProductManagement.Product', 'ProductManagement.Product.UpLoad', 'ProductManagement.Product.Create', 'ProductManagement.Product.Delete', 'ProductManagement.Product.Update', 'ProductManagement.Product.DownLoad', 'ProductManagement.Test', 'ProductManagement.Test.Update', 'ProductManagement.Test.Create', 'ProductManagement.Test.UpLoad', 'ProductManagement.Test.Delete', 'AbpIdentity.Roles', 'AbpIdentity.Roles.Create', 'AbpIdentity.Roles.Delete', 'AbpIdentity.Roles.ManagePermissions', 'AbpIdentity.Roles.Update', 'AbpIdentity.Roles.ManageOrganizationUnits', 'AbpIdentity.Roles.ManageClaims', 'AbpIdentity.Users', 'AbpIdentity.Users.ManagePermissions', 'AbpIdentity.Users.Update', 'AbpIdentity.Users.Update.ManageRoles', 'AbpIdentity.Users.Delete', 'AbpIdentity.Users.Create', 'AbpIdentity.Users.ResetPassword', 'AbpIdentity.Users.ManageOrganizationUnits', 'AbpIdentity.Users.ManageClaims', 'AbpIdentity.IdentitySessions', 'AbpIdentity.IdentitySessions.Revoke', 'AbpIdentity.OrganizationUnits', 'AbpIdentity.OrganizationUnits.ManageUsers', 'AbpIdentity.OrganizationUnits.Create', 'AbpIdentity.OrganizationUnits.Update', 'AbpIdentity.OrganizationUnits.ManageRoles', 'AbpIdentity.OrganizationUnits.ManagePermissions', 'AbpIdentity.OrganizationUnits.Delete', 'AbpIdentity.IdentityClaimTypes', 'AbpIdentity.IdentityClaimTypes.Update', 'AbpIdentity.IdentityClaimTypes.Delete', 'AbpIdentity.IdentityClaimTypes.Create', 'AbpOpenIddict.Authorizations', 'AbpOpenIddict.Authorizations.Delete', 'AbpOpenIddict.Tokens', 'AbpOpenIddict.Tokens.Delete', 'AbpOpenIddict.Applications', 'AbpOpenIddict.Applications.ManagePermissions', 'AbpOpenIddict.Applications.Update', 'AbpOpenIddict.Applications.Delete', 'AbpOpenIddict.Applications.Create', 'AbpOpenIddict.Applications.ManageSecret', 'AbpOpenIddict.Scopes', 'AbpOpenIddict.Scopes.Delete', 'AbpOpenIddict.Scopes.Create', 'AbpOpenIddict.Scopes.Update', 'LocalizationManagement.Resource', 'LocalizationManagement.Resource.Delete', 'LocalizationManagement.Resource.Update', 'LocalizationManagement.Resource.Create', 'LocalizationManagement.Language', 'LocalizationManagement.Language.Update', 'LocalizationManagement.Language.Delete', 'LocalizationManagement.Language.Create', 'LocalizationManagement.Text', 'LocalizationManagement.Text.Create', 'LocalizationManagement.Text.Update', 'LocalizationManagement.Text.Delete', 'TaskManagement.BackgroundJobLogs', 'TaskManagement.BackgroundJobLogs.Delete', 'TaskManagement.BackgroundJobs', 'TaskManagement.BackgroundJobs.ManageActions', 'TaskManagement.BackgroundJobs.Update', 'TaskManagement.BackgroundJobs.Delete', 'TaskManagement.BackgroundJobs.Create', 'TaskManagement.BackgroundJobs.Start', 'TaskManagement.BackgroundJobs.Resume', 'TaskManagement.BackgroundJobs.Stop', 'TaskManagement.BackgroundJobs.ManageSystemJobs', 'TaskManagement.BackgroundJobs.Trigger', 'TaskManagement.BackgroundJobs.Pause', 'Abp.Aliyun.Settings', 'AbpSettingManagement.Settings', 'AbpSettingManagement.Manager', 'Abp.Tencent.Settings', 'Abp.WxPusher.ManageSetting', 'SettingManagement.Emailing', 'SettingManagement.Emailing.Test', 'SettingManagement.TimeZone', 'SettingManagement.Definition', 'SettingManagement.Definition.Create', 'SettingManagement.Definition.Update', 'SettingManagement.Definition.DeleteOrRestore', 'PermissionManagement.Definitions', 'PermissionManagement.Definitions.Update', 'PermissionManagement.Definitions.Create', 'PermissionManagement.Definitions.Delete', 'PermissionManagement.GroupDefinitions', 'PermissionManagement.GroupDefinitions.Update', 'PermissionManagement.GroupDefinitions.Delete', 'PermissionManagement.GroupDefinitions.Create', 'FeatureManagement.GroupDefinitions', 'FeatureManagement.GroupDefinitions.Update', 'FeatureManagement.GroupDefinitions.Delete', 'FeatureManagement.GroupDefinitions.Create', 'FeatureManagement.Definitions', 'FeatureManagement.Definitions.Create', 'FeatureManagement.Definitions.Delete', 'FeatureManagement.Definitions.Update', 'FeatureManagement.ManageClientFeatures', 'FeatureManagement.ManageHostFeatures', 'AbpDataProtectionManagement.RoleEntityRule', 'AbpDataProtectionManagement.RoleEntityRule.Delete', 'AbpDataProtectionManagement.RoleEntityRule.Create', 'AbpDataProtectionManagement.RoleEntityRule.Update', 'AbpDataProtectionManagement.OrganizationUnitEntityRule', 'AbpDataProtectionManagement.OrganizationUnitEntityRule.Delete', 'AbpDataProtectionManagement.OrganizationUnitEntityRule.Create', 'AbpDataProtectionManagement.OrganizationUnitEntityRule.Update', 'AbpDataProtectionManagement.EntityTypeInfo', 'AbpDataProtectionManagement.EntityTypeInfo.Create', 'AbpDataProtectionManagement.EntityTypeInfo.Delete', 'AbpDataProtectionManagement.EntityTypeInfo.Update', 'AbpSaas.Editions', 'AbpSaas.Editions.Create', 'AbpSaas.Editions.Delete', 'AbpSaas.Editions.Update', 'AbpSaas.Editions.ManageFeatures', 'AbpSaas.Tenants', 'AbpSaas.Tenants.Delete', 'AbpSaas.Tenants.Update', 'AbpSaas.Tenants.ManageFeatures', 'AbpSaas.Tenants.Create', 'AbpSaas.Tenants.ManageConnectionStrings', 'AbpTextTemplating.TextTemplateContents', 'AbpTextTemplating.TextTemplateContents.Delete', 'AbpTextTemplating.TextTemplateContents.Update', 'AbpTextTemplating.TextTemplateDefinitions', 'AbpTextTemplating.TextTemplateDefinitions.Delete', 'AbpTextTemplating.TextTemplateDefinitions.Create', 'AbpTextTemplating.TextTemplateDefinitions.Update', 'AbpCachingManagement.Cache', 'AbpCachingManagement.Cache.ManageValue', 'AbpCachingManagement.Cache.Refresh', 'AbpCachingManagement.Cache.Delete', 'AbpAuditing.AuditLog', 'AbpAuditing.AuditLog.Delete', 'AbpAuditing.SecurityLog', 'AbpAuditing.SecurityLog.Delete', 'AbpAuditing.SystemLog', 'Notifications.Notification', 'Notifications.Notification.Delete', 'Notifications.GroupDefinitions', 'Notifications.GroupDefinitions.Create', 'Notifications.GroupDefinitions.Delete', 'Notifications.GroupDefinitions.Update', 'Notifications.Definitions', 'Notifications.Definitions.Create', 'Notifications.Definitions.Update', 'Notifications.Definitions.Delete', 'MessageService.Notification', 'MessageService.Notification.Delete', 'MessageService.Hangfire', 'MessageService.Hangfire.Dashboard', 'MessageService.Hangfire.ManageQueue', 'AbpOssManagement.Container', 'AbpOssManagement.Container.Delete', 'AbpOssManagement.Container.Create', 'AbpOssManagement.OssObject', 'AbpOssManagement.OssObject.Download', 'AbpOssManagement.OssObject.Create', 'AbpOssManagement.OssObject.Delete', 'Platform.Package', 'Platform.Package.Update', 'Platform.Package.ManageBlobs', 'Platform.Package.Create', 'Platform.Package.Delete', 'Platform.Layout', 'Platform.Layout.Delete', 'Platform.Layout.Create', 'Platform.Layout.Update', 'Platform.Menu', 'Platform.Menu.ManageUsers', 'Platform.Menu.Delete', 'Platform.Menu.Create', 'Platform.Menu.ManageRoles', 'Platform.Menu.Update', 'Platform.Menu.ManageUserFavorites', 'Platform.DataDictionary', 'Platform.DataDictionary.Update', 'Platform.DataDictionary.Create', 'Platform.DataDictionary.Move', 'Platform.DataDictionary.Delete', 'Platform.DataDictionary.ManageItems') AND (`a`.`ProviderName` = @__providerName_1)) AND (`a`.`ProviderKey` = @__providerKey_2))
2024-10-17 01:16:01 [WRN] [ZQH.Abp.AuditLogging.Elasticsearch.IndexInitializer] [7676] [24] - Failed to initialize index and audit log may not be retrieved.
2024-10-17 01:16:01 [WRN] [ZQH.Abp.AuditLogging.Elasticsearch.IndexInitializer] [7676] [24] - Elasticsearch.Net.ElasticsearchClientException: The client is unable to verify that the server is Elasticsearch due to an unsuccessful product check call. Some functionality may not be compatible if the server is running an unsupported product. Call: Status code unknown from: GET /
 ---> Elasticsearch.Net.PipelineException: The client is unable to verify that the server is Elasticsearch due to an unsuccessful product check call. Some functionality may not be compatible if the server is running an unsupported product.
 ---> System.Net.Http.HttpRequestException: 由于目标计算机积极拒绝，无法连接。 (127.0.0.1:9200)
 ---> System.Net.Sockets.SocketException (10061): 由于目标计算机积极拒绝，无法连接。
   at System.Net.Sockets.Socket.AwaitableSocketAsyncEventArgs.ThrowException(SocketError error, CancellationToken cancellationToken)
   at System.Net.Sockets.Socket.AwaitableSocketAsyncEventArgs.System.Threading.Tasks.Sources.IValueTaskSource.GetResult(Int16 token)
   at System.Net.Sockets.Socket.<ConnectAsync>g__WaitForConnectWithCancellation|285_0(AwaitableSocketAsyncEventArgs saea, ValueTask connectTask, CancellationToken cancellationToken)
   at System.Net.Http.HttpConnectionPool.ConnectToTcpHostAsync(String host, Int32 port, HttpRequestMessage initialRequest, Boolean async, CancellationToken cancellationToken)
   --- End of inner exception stack trace ---
   at System.Net.Http.HttpConnectionPool.ConnectToTcpHostAsync(String host, Int32 port, HttpRequestMessage initialRequest, Boolean async, CancellationToken cancellationToken)
   at System.Net.Http.HttpConnectionPool.ConnectAsync(HttpRequestMessage request, Boolean async, CancellationToken cancellationToken)
   at System.Net.Http.HttpConnectionPool.CreateHttp11ConnectionAsync(HttpRequestMessage request, Boolean async, CancellationToken cancellationToken)
   at System.Net.Http.HttpConnectionPool.AddHttp11ConnectionAsync(QueueItem queueItem)
   at System.Threading.Tasks.TaskCompletionSourceWithCancellation`1.WaitWithCancellationAsync(CancellationToken cancellationToken)
   at System.Net.Http.HttpConnectionPool.SendWithVersionDetectionAndRetryAsync(HttpRequestMessage request, Boolean async, Boolean doRequestAuth, CancellationToken cancellationToken)
   at System.Net.Http.DiagnosticsHandler.SendAsyncCore(HttpRequestMessage request, Boolean async, CancellationToken cancellationToken)
   at System.Net.Http.RedirectHandler.SendAsync(HttpRequestMessage request, Boolean async, CancellationToken cancellationToken)
   at System.Net.Http.HttpClient.<SendAsync>g__Core|83_0(HttpRequestMessage request, HttpCompletionOption completionOption, CancellationTokenSource cts, Boolean disposeCts, CancellationTokenSource pendingRequestsCts, CancellationToken originalCancellationToken)
   at Elasticsearch.Net.HttpConnection.RequestAsync[TResponse](RequestData requestData, CancellationToken cancellationToken)
   --- End of inner exception stack trace ---
   at Elasticsearch.Net.RequestPipeline.ThrowIfTransientProductCheckFailure()
   at Elasticsearch.Net.RequestPipeline.PingAsync(Node node, CancellationToken cancellationToken)
   at Elasticsearch.Net.Transport`1.PingAsync(IRequestPipeline pipeline, Node node, CancellationToken cancellationToken)
   at Elasticsearch.Net.Transport`1.RequestAsync[TResponse](HttpMethod method, String path, CancellationToken cancellationToken, PostData data, IRequestParameters requestParameters)
   --- End of inner exception stack trace ---
2024-10-17 01:16:05 [WRN] [ZQH.Abp.AuditLogging.Elasticsearch.IndexInitializer] [7676] [24] - Failed to initialize index and security log may not be retrieved.
2024-10-17 01:16:05 [WRN] [ZQH.Abp.AuditLogging.Elasticsearch.IndexInitializer] [7676] [24] - Elasticsearch.Net.ElasticsearchClientException: The client is unable to verify that the server is Elasticsearch due to an unsuccessful product check call. Some functionality may not be compatible if the server is running an unsupported product. Call: Status code unknown from: GET /
 ---> Elasticsearch.Net.PipelineException: The client is unable to verify that the server is Elasticsearch due to an unsuccessful product check call. Some functionality may not be compatible if the server is running an unsupported product.
 ---> System.Net.Http.HttpRequestException: 由于目标计算机积极拒绝，无法连接。 (127.0.0.1:9200)
 ---> System.Net.Sockets.SocketException (10061): 由于目标计算机积极拒绝，无法连接。
   at System.Net.Sockets.Socket.AwaitableSocketAsyncEventArgs.ThrowException(SocketError error, CancellationToken cancellationToken)
   at System.Net.Sockets.Socket.AwaitableSocketAsyncEventArgs.System.Threading.Tasks.Sources.IValueTaskSource.GetResult(Int16 token)
   at System.Net.Sockets.Socket.<ConnectAsync>g__WaitForConnectWithCancellation|285_0(AwaitableSocketAsyncEventArgs saea, ValueTask connectTask, CancellationToken cancellationToken)
   at System.Net.Http.HttpConnectionPool.ConnectToTcpHostAsync(String host, Int32 port, HttpRequestMessage initialRequest, Boolean async, CancellationToken cancellationToken)
   --- End of inner exception stack trace ---
   at System.Net.Http.HttpConnectionPool.ConnectToTcpHostAsync(String host, Int32 port, HttpRequestMessage initialRequest, Boolean async, CancellationToken cancellationToken)
   at System.Net.Http.HttpConnectionPool.ConnectAsync(HttpRequestMessage request, Boolean async, CancellationToken cancellationToken)
   at System.Net.Http.HttpConnectionPool.CreateHttp11ConnectionAsync(HttpRequestMessage request, Boolean async, CancellationToken cancellationToken)
   at System.Net.Http.HttpConnectionPool.AddHttp11ConnectionAsync(QueueItem queueItem)
   at System.Threading.Tasks.TaskCompletionSourceWithCancellation`1.WaitWithCancellationAsync(CancellationToken cancellationToken)
   at System.Net.Http.HttpConnectionPool.SendWithVersionDetectionAndRetryAsync(HttpRequestMessage request, Boolean async, Boolean doRequestAuth, CancellationToken cancellationToken)
   at System.Net.Http.DiagnosticsHandler.SendAsyncCore(HttpRequestMessage request, Boolean async, CancellationToken cancellationToken)
   at System.Net.Http.RedirectHandler.SendAsync(HttpRequestMessage request, Boolean async, CancellationToken cancellationToken)
   at System.Net.Http.HttpClient.<SendAsync>g__Core|83_0(HttpRequestMessage request, HttpCompletionOption completionOption, CancellationTokenSource cts, Boolean disposeCts, CancellationTokenSource pendingRequestsCts, CancellationToken originalCancellationToken)
   at Elasticsearch.Net.HttpConnection.RequestAsync[TResponse](RequestData requestData, CancellationToken cancellationToken)
   --- End of inner exception stack trace ---
   at Elasticsearch.Net.RequestPipeline.ThrowIfTransientProductCheckFailure()
   at Elasticsearch.Net.RequestPipeline.PingAsync(Node node, CancellationToken cancellationToken)
   at Elasticsearch.Net.Transport`1.PingAsync(IRequestPipeline pipeline, Node node, CancellationToken cancellationToken)
   at Elasticsearch.Net.Transport`1.RequestAsync[TResponse](HttpMethod method, String path, CancellationToken cancellationToken, PostData data, IRequestParameters requestParameters)
   --- End of inner exception stack trace ---
2024-10-17 01:16:16 [INF] [Microsoft.EntityFrameworkCore.Database.Command] [7676] [31] - Executed DbCommand (7ms) [Parameters=[], CommandType='"Text"', CommandTimeout='30']
SELECT `a`.`Id`, `a`.`CreationTime`, `a`.`CreatorId`, `a`.`CultureName`, `a`.`DisplayName`, `a`.`Enable`, `a`.`LastModificationTime`, `a`.`LastModifierId`, `a`.`TwoLetterISOLanguageName`, `a`.`UiCultureName`
FROM `AbpLocalizationLanguages` AS `a`
WHERE `a`.`Enable`
2024-10-17 03:01:16 [WRN] [DotNetCore.CAP.Internal.ConsumerRegister] [7676] [69] - RabbitMQ consumer cancelled. --> amq.ctag-oJqG3-nHfwcblX0Zy4LeVw
2024-10-17 03:01:29 [INF] [DotNetCore.CAP.Internal.ConsumerRegister] [7676] [76] - RabbitMQ consumer registered. --> amq.ctag-oJqG3-nHfwcblX0Zy4LeVw
2024-10-17 03:01:30 [INF] [DotNetCore.CAP.Internal.ConsumerRegister] [7676] [77] - RabbitMQ consumer registered. --> amq.ctag-CA1uWA_qPZuHBiPFdgicnw
2024-10-17 03:01:30 [WRN] [DotNetCore.CAP.Internal.ConsumerRegister] [7676] [69] - RabbitMQ consumer shutdown. --> Unexpected Exception: Unable to read data from the transport connection: 远程主机强迫关闭了一个现有的连接。.
2024-10-17 03:01:30 [WRN] [DotNetCore.CAP.Processor.TransportCheckProcessor] [7676] [67] - Transport connection is unhealthy, reconnection...
2024-10-17 03:01:30 [WRN] [DotNetCore.CAP.Internal.ConsumerRegister] [7676] [69] - RabbitMQ consumer cancelled. --> amq.ctag-CA1uWA_qPZuHBiPFdgicnw
2024-10-17 03:01:30 [WRN] [DotNetCore.CAP.Internal.ConsumerRegister] [7676] [69] - RabbitMQ consumer shutdown. --> Unexpected Exception: Unable to read data from the transport connection: 远程主机强迫关闭了一个现有的连接。.
2024-10-17 03:01:30 [WRN] [DotNetCore.CAP.Internal.ConsumerRegister] [7676] [69] - RabbitMQ consumer cancelled. --> 
2024-10-17 03:01:30 [WRN] [DotNetCore.CAP.Internal.ConsumerRegister] [7676] [69] - RabbitMQ consumer shutdown. --> Goodbye
2024-10-17 03:01:30 [WRN] [DotNetCore.CAP.Internal.ConsumerRegister] [7676] [77] - RabbitMQ consumer cancelled. --> amq.ctag-oJqG3-nHfwcblX0Zy4LeVw
2024-10-17 03:01:30 [WRN] [DotNetCore.CAP.Internal.ConsumerRegister] [7676] [77] - RabbitMQ consumer shutdown. --> Goodbye
2024-10-17 03:01:30 [INF] [DotNetCore.CAP.Internal.ConsumerRegister] [7676] [77] - RabbitMQ consumer registered. --> amq.ctag-8hr3gPR2dcxW0t9WFt2oEw
2024-10-17 03:01:30 [INF] [DotNetCore.CAP.Internal.ConsumerRegister] [7676] [69] - RabbitMQ consumer registered. --> amq.ctag-fMSIDDq3okKBHS6xJtvhTA
2024-10-17 15:04:15 [WRN] [DotNetCore.CAP.Internal.ConsumerRegister] [7676] [103] - RabbitMQ consumer cancelled. --> amq.ctag-8hr3gPR2dcxW0t9WFt2oEw
2024-10-17 15:04:18 [WRN] [DotNetCore.CAP.Internal.ConsumerRegister] [7676] [103] - RabbitMQ consumer shutdown. --> Unexpected Exception: Unable to read data from the transport connection: 远程主机强迫关闭了一个现有的连接。.
2024-10-17 15:04:18 [WRN] [DotNetCore.CAP.Internal.ConsumerRegister] [7676] [86] - RabbitMQ consumer cancelled. --> amq.ctag-fMSIDDq3okKBHS6xJtvhTA
2024-10-17 15:04:19 [WRN] [DotNetCore.CAP.Internal.ConsumerRegister] [7676] [86] - RabbitMQ consumer shutdown. --> Unexpected Exception: Unable to read data from the transport connection: 远程主机强迫关闭了一个现有的连接。.
2024-10-17 15:04:21 [INF] [DotNetCore.CAP.Internal.ConsumerRegister] [7676] [103] - RabbitMQ consumer registered. --> amq.ctag-8hr3gPR2dcxW0t9WFt2oEw
2024-10-17 15:04:21 [INF] [DotNetCore.CAP.Internal.ConsumerRegister] [7676] [106] - RabbitMQ consumer registered. --> amq.ctag-fMSIDDq3okKBHS6xJtvhTA
2024-10-17 21:38:01 [WRN] [DotNetCore.CAP.Internal.ConsumerRegister] [7676] [91] - RabbitMQ consumer cancelled. --> amq.ctag-8hr3gPR2dcxW0t9WFt2oEw
2024-10-17 21:38:06 [INF] [DotNetCore.CAP.Internal.ConsumerRegister] [7676] [68] - RabbitMQ consumer registered. --> amq.ctag-8hr3gPR2dcxW0t9WFt2oEw
2024-10-17 21:38:06 [INF] [DotNetCore.CAP.Internal.ConsumerRegister] [7676] [65] - RabbitMQ consumer registered. --> amq.ctag-fMSIDDq3okKBHS6xJtvhTA
2024-10-17 21:38:07 [WRN] [DotNetCore.CAP.Internal.ConsumerRegister] [7676] [91] - RabbitMQ consumer shutdown. --> Unexpected Exception: Unable to read data from the transport connection: 远程主机强迫关闭了一个现有的连接。.
2024-10-17 21:38:07 [WRN] [DotNetCore.CAP.Internal.ConsumerRegister] [7676] [76] - RabbitMQ consumer cancelled. --> amq.ctag-fMSIDDq3okKBHS6xJtvhTA
2024-10-17 21:38:07 [WRN] [DotNetCore.CAP.Internal.ConsumerRegister] [7676] [76] - RabbitMQ consumer shutdown. --> Unexpected Exception: Unable to read data from the transport connection: 远程主机强迫关闭了一个现有的连接。.
2024-10-17 23:34:06 [WRN] [DotNetCore.CAP.Processor.TransportCheckProcessor] [7676] [65] - Transport connection is unhealthy, reconnection...
2024-10-17 23:34:06 [WRN] [DotNetCore.CAP.Internal.ConsumerRegister] [7676] [76] - RabbitMQ consumer cancelled. --> 
2024-10-17 23:34:06 [WRN] [DotNetCore.CAP.Internal.ConsumerRegister] [7676] [6] - RabbitMQ consumer cancelled. --> amq.ctag-8hr3gPR2dcxW0t9WFt2oEw
2024-10-17 23:34:06 [WRN] [DotNetCore.CAP.Internal.ConsumerRegister] [7676] [76] - RabbitMQ consumer shutdown. --> Goodbye
2024-10-17 23:34:06 [WRN] [DotNetCore.CAP.Internal.ConsumerRegister] [7676] [6] - RabbitMQ consumer shutdown. --> Goodbye
2024-10-17 23:34:06 [INF] [DotNetCore.CAP.Internal.ConsumerRegister] [7676] [65] - RabbitMQ consumer registered. --> amq.ctag-77STmbKdLfFYKtDDNrEWQA
2024-10-17 23:34:06 [INF] [DotNetCore.CAP.Internal.ConsumerRegister] [7676] [65] - RabbitMQ consumer registered. --> amq.ctag-_IMwlyuTqYn2bd9po_5mjA
