2024-10-10 09:25:05 [WRN] [Microsoft.EntityFrameworkCore.Model.Validation] [44936] [6] - Entity 'WebhookEventRecord' has a global query filter defined and is the required end of a relationship with the entity 'WebhookSendRecord'. This may lead to unexpected results when the required entity is filtered out. Either configure the navigation as optional, or define matching query filters for both entities in the navigation. See https://go.microsoft.com/fwlink/?linkid=2131316 for more information.
2024-10-10 09:25:06 [ERR] [Volo.Abp.FeatureManagement.AbpFeatureManagementDomainModule] [44936] [27] - An exception was thrown while activating Volo.Abp.FeatureManagement.EntityFrameworkCore.FeatureManagementDbContext -> λ:Microsoft.EntityFrameworkCore.DbContextOptions`1[[Volo.Abp.FeatureManagement.EntityFrameworkCore.FeatureManagementDbContext, Volo.Abp.FeatureManagement.EntityFrameworkCore, Version=8.2.1.0, Culture=neutral, PublicKeyToken=null]].
Autofac.Core.DependencyResolutionException: An exception was thrown while activating Volo.Abp.FeatureManagement.EntityFrameworkCore.FeatureManagementDbContext -> λ:Microsoft.EntityFrameworkCore.DbContextOptions`1[[Volo.Abp.FeatureManagement.EntityFrameworkCore.FeatureManagementDbContext, Volo.Abp.FeatureManagement.EntityFrameworkCore, Version=8.2.1.0, Culture=neutral, PublicKeyToken=null]].
 ---> MySqlConnector.MySqlException (0x80004005): SSL Authentication Error
 ---> System.Security.Authentication.AuthenticationException: Authentication failed because the remote party sent a TLS alert: 'IllegalParameter'.
 ---> System.ComponentModel.Win32Exception (0x80090326): 接收到的消息异常，或格式不正确。
   --- End of inner exception stack trace ---
   at System.Net.Security.SslStream.ForceAuthenticationAsync[TIOAdapter](Boolean receiveFirst, Byte[] reAuthenticationData, CancellationToken cancellationToken)
   at System.Net.Security.SslStream.AuthenticateAsClient(SslClientAuthenticationOptions sslClientAuthenticationOptions)
   at MySqlConnector.Core.ServerSession.InitSslAsync(ProtocolCapabilities serverCapabilities, ConnectionSettings cs, MySqlConnection connection, SslProtocols sslProtocols, IOBehavior ioBehavior, CancellationToken cancellationToken) in /_/src/MySqlConnector/Core/ServerSession.cs:line 1445
   at MySqlConnector.Core.ServerSession.InitSslAsync(ProtocolCapabilities serverCapabilities, ConnectionSettings cs, MySqlConnection connection, SslProtocols sslProtocols, IOBehavior ioBehavior, CancellationToken cancellationToken) in /_/src/MySqlConnector/Core/ServerSession.cs:line 1472
   at MySqlConnector.Core.ServerSession.ConnectAsync(ConnectionSettings cs, MySqlConnection connection, Int64 startingTimestamp, ILoadBalancer loadBalancer, Activity activity, IOBehavior ioBehavior, CancellationToken cancellationToken) in /_/src/MySqlConnector/Core/ServerSession.cs:line 523
   at MySqlConnector.MySqlConnection.CreateSessionAsync(ConnectionPool pool, Int64 startingTimestamp, Activity activity, Nullable`1 ioBehavior, CancellationToken cancellationToken) in /_/src/MySqlConnector/MySqlConnection.cs:line 932
   at MySqlConnector.MySqlConnection.CreateSessionAsync(ConnectionPool pool, Int64 startingTimestamp, Activity activity, Nullable`1 ioBehavior, CancellationToken cancellationToken) in /_/src/MySqlConnector/MySqlConnection.cs:line 938
   at MySqlConnector.MySqlConnection.OpenAsync(Nullable`1 ioBehavior, CancellationToken cancellationToken) in /_/src/MySqlConnector/MySqlConnection.cs:line 419
   at MySqlConnector.MySqlConnection.Open() in /_/src/MySqlConnector/MySqlConnection.cs:line 381
   at Microsoft.EntityFrameworkCore.ServerVersion.AutoDetect(String connectionString)
   at Volo.Abp.EntityFrameworkCore.AbpDbContextConfigurationContextMySQLExtensions.UseMySQL(AbpDbContextConfigurationContext context, Action`1 mySQLOptionsAction)
   at Volo.Abp.EntityFrameworkCore.AbpDbContextOptionsMySQLExtensions.<>c__DisplayClass0_0.<UseMySQL>b__0(AbpDbContextConfigurationContext context)
   at Volo.Abp.EntityFrameworkCore.DependencyInjection.DbContextOptionsFactory.Configure[TDbContext](AbpDbContextOptions options, AbpDbContextConfigurationContext`1 context)
   at Volo.Abp.EntityFrameworkCore.DependencyInjection.DbContextOptionsFactory.Create[TDbContext](IServiceProvider serviceProvider)
   at Autofac.Extensions.DependencyInjection.AutofacRegistration.<>c__DisplayClass4_0.<Register>b__1(IComponentContext context, IEnumerable`1 parameters)
   at Autofac.Core.Activators.Delegate.DelegateActivator.ActivateInstance(IComponentContext context, IEnumerable`1 parameters)
   at Autofac.Core.Activators.Delegate.DelegateActivator.<ConfigurePipeline>b__2_0(ResolveRequestContext context, Action`1 next)
   at Autofac.Core.Resolving.Middleware.DelegateMiddleware.Execute(ResolveRequestContext context, Action`1 next)
   at Autofac.Core.Resolving.Pipeline.ResolvePipelineBuilder.<>c__DisplayClass14_0.<BuildPipeline>b__1(ResolveRequestContext context)
   at Autofac.Core.Resolving.Middleware.DisposalTrackingMiddleware.Execute(ResolveRequestContext context, Action`1 next)
   at Autofac.Core.Resolving.Pipeline.ResolvePipelineBuilder.<>c__DisplayClass14_0.<BuildPipeline>b__1(ResolveRequestContext context)
   at Autofac.Core.Resolving.Middleware.ActivatorErrorHandlingMiddleware.Execute(ResolveRequestContext context, Action`1 next)
   --- End of inner exception stack trace ---
   at Autofac.Core.Resolving.Middleware.ActivatorErrorHandlingMiddleware.Execute(ResolveRequestContext context, Action`1 next)
   at Autofac.Core.Resolving.Pipeline.ResolvePipelineBuilder.<>c__DisplayClass14_0.<BuildPipeline>b__1(ResolveRequestContext context)
   at Autofac.Core.Pipeline.ResolvePipeline.Invoke(ResolveRequestContext context)
   at Autofac.Core.Resolving.Middleware.RegistrationPipelineInvokeMiddleware.Execute(ResolveRequestContext context, Action`1 next)
   at Autofac.Core.Resolving.Pipeline.ResolvePipelineBuilder.<>c__DisplayClass14_0.<BuildPipeline>b__1(ResolveRequestContext context)
   at Autofac.Core.Resolving.Middleware.SharingMiddleware.Execute(ResolveRequestContext context, Action`1 next)
   at Autofac.Core.Resolving.Pipeline.ResolvePipelineBuilder.<>c__DisplayClass14_0.<BuildPipeline>b__1(ResolveRequestContext context)
   at Autofac.Core.Resolving.Pipeline.ResolvePipelineBuilder.<>c__DisplayClass14_0.<BuildPipeline>b__1(ResolveRequestContext context)
   at Autofac.Core.Resolving.Middleware.CircularDependencyDetectorMiddleware.Execute(ResolveRequestContext context, Action`1 next)
   at Autofac.Core.Resolving.Pipeline.ResolvePipelineBuilder.<>c__DisplayClass14_0.<BuildPipeline>b__1(ResolveRequestContext context)
   at Autofac.Extensions.DependencyInjection.KeyedServiceMiddleware.Execute(ResolveRequestContext context, Action`1 next)
   at Autofac.Core.Resolving.Pipeline.ResolvePipelineBuilder.<>c__DisplayClass14_0.<BuildPipeline>b__1(ResolveRequestContext context)
   at Autofac.Core.Pipeline.ResolvePipeline.Invoke(ResolveRequestContext context)
   at Autofac.Core.Resolving.ResolveOperation.GetOrCreateInstance(ISharingLifetimeScope currentOperationScope, ResolveRequest& request)
   at Autofac.Core.Resolving.ResolveOperation.ExecuteOperation(ResolveRequest& request)
   at Autofac.Core.Resolving.ResolveOperation.Execute(ResolveRequest& request)
   at Autofac.Core.Lifetime.LifetimeScope.ResolveComponent(ResolveRequest& request)
   at Autofac.Core.Lifetime.LifetimeScope.Autofac.IComponentContext.ResolveComponent(ResolveRequest& request)
   at Autofac.ResolutionExtensions.TryResolveService(IComponentContext context, Service service, IEnumerable`1 parameters, Object& instance)
   at Autofac.ResolutionExtensions.ResolveService(IComponentContext context, Service service, IEnumerable`1 parameters)
   at Autofac.ResolutionExtensions.Resolve(IComponentContext context, Type serviceType, IEnumerable`1 parameters)
   at Autofac.ResolutionExtensions.Resolve(IComponentContext context, Type serviceType)
   at Autofac.Extensions.DependencyInjection.AutofacServiceProvider.GetRequiredService(Type serviceType)
   at Microsoft.Extensions.DependencyInjection.ServiceProviderServiceExtensions.GetRequiredService(IServiceProvider provider, Type serviceType)
   at Microsoft.Extensions.DependencyInjection.ServiceProviderServiceExtensions.GetRequiredService[T](IServiceProvider provider)
   at Volo.Abp.Uow.EntityFrameworkCore.UnitOfWorkDbContextProvider`1.CreateDbContextAsync(IUnitOfWork unitOfWork)
   at Volo.Abp.Uow.EntityFrameworkCore.UnitOfWorkDbContextProvider`1.CreateDbContextAsync(IUnitOfWork unitOfWork, String connectionStringName, String connectionString)
   at Volo.Abp.Uow.EntityFrameworkCore.UnitOfWorkDbContextProvider`1.GetDbContextAsync()
   at Volo.Abp.Domain.Repositories.EntityFrameworkCore.EfCoreRepository`2.GetDbSetAsync()
   at Volo.Abp.Domain.Repositories.EntityFrameworkCore.EfCoreRepository`2.GetQueryableAsync()
   at Volo.Abp.Domain.Repositories.EntityFrameworkCore.EfCoreRepository`2.GetListAsync(Boolean includeDetails, CancellationToken cancellationToken)
   at Castle.DynamicProxy.AsyncInterceptorBase.ProceedAsynchronous[TResult](IInvocation invocation, IInvocationProceedInfo proceedInfo)
   at Volo.Abp.Castle.DynamicProxy.CastleAbpMethodInvocationAdapterWithReturnValue`1.ProceedAsync()
   at Volo.Abp.Uow.UnitOfWorkInterceptor.InterceptAsync(IAbpMethodInvocation invocation)
   at Volo.Abp.Castle.DynamicProxy.CastleAsyncAbpInterceptorAdapter`1.InterceptAsync[TResult](IInvocation invocation, IInvocationProceedInfo proceedInfo, Func`3 proceed)
   at Volo.Abp.FeatureManagement.DynamicFeatureDefinitionStore.UpdateInMemoryStoreCache()
   at Volo.Abp.FeatureManagement.DynamicFeatureDefinitionStore.EnsureCacheIsUptoDateAsync()
   at Volo.Abp.FeatureManagement.DynamicFeatureDefinitionStore.GetGroupsAsync()
   at Volo.Abp.FeatureManagement.AbpFeatureManagementDomainModule.PreCacheDynamicFeaturesAsync(FeatureManagementOptions options, IServiceScope scope)
2024-10-10 09:25:06 [ERR] [Volo.Abp.FeatureManagement.AbpFeatureManagementDomainModule] [44936] [27] - ---------- Exception Data ----------
ActivatorChain = Volo.Abp.FeatureManagement.EntityFrameworkCore.FeatureManagementDbContext -> λ:Microsoft.EntityFrameworkCore.DbContextOptions`1[[Volo.Abp.FeatureManagement.EntityFrameworkCore.FeatureManagementDbContext, Volo.Abp.FeatureManagement.EntityFrameworkCore, Version=8.2.1.0, Culture=neutral, PublicKeyToken=null]]

2024-10-10 09:25:06 [WRN] [ZQH.Abp.EventBus.CAP.AbpCAPConsumerServiceSelector] [44936] [7] - We detected that you have duplicate subscribers (abp.multi_tenancy.tenant.connection_string.updated) in same group (Dev.WebhooksManagement.v1), this will cause diversity behavior.
2024-10-10 09:25:10 [WRN] [ZQH.Abp.AuditLogging.Elasticsearch.IndexInitializer] [44936] [35] - Failed to initialize index and audit log may not be retrieved.
2024-10-10 09:25:10 [WRN] [ZQH.Abp.AuditLogging.Elasticsearch.IndexInitializer] [44936] [35] - Elasticsearch.Net.ElasticsearchClientException: The client is unable to verify that the server is Elasticsearch due to an unsuccessful product check call. Some functionality may not be compatible if the server is running an unsupported product. Call: Status code unknown from: GET /
 ---> Elasticsearch.Net.PipelineException: The client is unable to verify that the server is Elasticsearch due to an unsuccessful product check call. Some functionality may not be compatible if the server is running an unsupported product.
 ---> System.Net.Http.HttpRequestException: 由于目标计算机积极拒绝，无法连接。 (127.0.0.1:9200)
 ---> System.Net.Sockets.SocketException (10061): 由于目标计算机积极拒绝，无法连接。
   at System.Net.Sockets.Socket.AwaitableSocketAsyncEventArgs.ThrowException(SocketError error, CancellationToken cancellationToken)
   at System.Net.Sockets.Socket.AwaitableSocketAsyncEventArgs.System.Threading.Tasks.Sources.IValueTaskSource.GetResult(Int16 token)
   at System.Net.Sockets.Socket.<ConnectAsync>g__WaitForConnectWithCancellation|285_0(AwaitableSocketAsyncEventArgs saea, ValueTask connectTask, CancellationToken cancellationToken)
   at System.Net.Http.HttpConnectionPool.ConnectToTcpHostAsync(String host, Int32 port, HttpRequestMessage initialRequest, Boolean async, CancellationToken cancellationToken)
   --- End of inner exception stack trace ---
   at System.Net.Http.HttpConnectionPool.ConnectToTcpHostAsync(String host, Int32 port, HttpRequestMessage initialRequest, Boolean async, CancellationToken cancellationToken)
   at System.Net.Http.HttpConnectionPool.ConnectAsync(HttpRequestMessage request, Boolean async, CancellationToken cancellationToken)
   at System.Net.Http.HttpConnectionPool.CreateHttp11ConnectionAsync(HttpRequestMessage request, Boolean async, CancellationToken cancellationToken)
   at System.Net.Http.HttpConnectionPool.AddHttp11ConnectionAsync(QueueItem queueItem)
   at System.Threading.Tasks.TaskCompletionSourceWithCancellation`1.WaitWithCancellationAsync(CancellationToken cancellationToken)
   at System.Net.Http.HttpConnectionPool.SendWithVersionDetectionAndRetryAsync(HttpRequestMessage request, Boolean async, Boolean doRequestAuth, CancellationToken cancellationToken)
   at System.Net.Http.DiagnosticsHandler.SendAsyncCore(HttpRequestMessage request, Boolean async, CancellationToken cancellationToken)
   at System.Net.Http.RedirectHandler.SendAsync(HttpRequestMessage request, Boolean async, CancellationToken cancellationToken)
   at System.Net.Http.HttpClient.<SendAsync>g__Core|83_0(HttpRequestMessage request, HttpCompletionOption completionOption, CancellationTokenSource cts, Boolean disposeCts, CancellationTokenSource pendingRequestsCts, CancellationToken originalCancellationToken)
   at Elasticsearch.Net.HttpConnection.RequestAsync[TResponse](RequestData requestData, CancellationToken cancellationToken)
   --- End of inner exception stack trace ---
   at Elasticsearch.Net.RequestPipeline.ThrowIfTransientProductCheckFailure()
   at Elasticsearch.Net.RequestPipeline.PingAsync(Node node, CancellationToken cancellationToken)
   at Elasticsearch.Net.Transport`1.PingAsync(IRequestPipeline pipeline, Node node, CancellationToken cancellationToken)
   at Elasticsearch.Net.Transport`1.RequestAsync[TResponse](HttpMethod method, String path, CancellationToken cancellationToken, PostData data, IRequestParameters requestParameters)
   --- End of inner exception stack trace ---
2024-10-10 09:25:14 [WRN] [ZQH.Abp.AuditLogging.Elasticsearch.IndexInitializer] [44936] [7] - Failed to initialize index and security log may not be retrieved.
2024-10-10 09:25:14 [WRN] [ZQH.Abp.AuditLogging.Elasticsearch.IndexInitializer] [44936] [7] - Elasticsearch.Net.ElasticsearchClientException: The client is unable to verify that the server is Elasticsearch due to an unsuccessful product check call. Some functionality may not be compatible if the server is running an unsupported product. Call: Status code unknown from: GET /
 ---> Elasticsearch.Net.PipelineException: The client is unable to verify that the server is Elasticsearch due to an unsuccessful product check call. Some functionality may not be compatible if the server is running an unsupported product.
 ---> System.Net.Http.HttpRequestException: 由于目标计算机积极拒绝，无法连接。 (127.0.0.1:9200)
 ---> System.Net.Sockets.SocketException (10061): 由于目标计算机积极拒绝，无法连接。
   at System.Net.Sockets.Socket.AwaitableSocketAsyncEventArgs.ThrowException(SocketError error, CancellationToken cancellationToken)
   at System.Net.Sockets.Socket.AwaitableSocketAsyncEventArgs.System.Threading.Tasks.Sources.IValueTaskSource.GetResult(Int16 token)
   at System.Net.Sockets.Socket.<ConnectAsync>g__WaitForConnectWithCancellation|285_0(AwaitableSocketAsyncEventArgs saea, ValueTask connectTask, CancellationToken cancellationToken)
   at System.Net.Http.HttpConnectionPool.ConnectToTcpHostAsync(String host, Int32 port, HttpRequestMessage initialRequest, Boolean async, CancellationToken cancellationToken)
   --- End of inner exception stack trace ---
   at System.Net.Http.HttpConnectionPool.ConnectToTcpHostAsync(String host, Int32 port, HttpRequestMessage initialRequest, Boolean async, CancellationToken cancellationToken)
   at System.Net.Http.HttpConnectionPool.ConnectAsync(HttpRequestMessage request, Boolean async, CancellationToken cancellationToken)
   at System.Net.Http.HttpConnectionPool.CreateHttp11ConnectionAsync(HttpRequestMessage request, Boolean async, CancellationToken cancellationToken)
   at System.Net.Http.HttpConnectionPool.AddHttp11ConnectionAsync(QueueItem queueItem)
   at System.Threading.Tasks.TaskCompletionSourceWithCancellation`1.WaitWithCancellationAsync(CancellationToken cancellationToken)
   at System.Net.Http.HttpConnectionPool.SendWithVersionDetectionAndRetryAsync(HttpRequestMessage request, Boolean async, Boolean doRequestAuth, CancellationToken cancellationToken)
   at System.Net.Http.DiagnosticsHandler.SendAsyncCore(HttpRequestMessage request, Boolean async, CancellationToken cancellationToken)
   at System.Net.Http.RedirectHandler.SendAsync(HttpRequestMessage request, Boolean async, CancellationToken cancellationToken)
   at System.Net.Http.HttpClient.<SendAsync>g__Core|83_0(HttpRequestMessage request, HttpCompletionOption completionOption, CancellationTokenSource cts, Boolean disposeCts, CancellationTokenSource pendingRequestsCts, CancellationToken originalCancellationToken)
   at Elasticsearch.Net.HttpConnection.RequestAsync[TResponse](RequestData requestData, CancellationToken cancellationToken)
   --- End of inner exception stack trace ---
   at Elasticsearch.Net.RequestPipeline.ThrowIfTransientProductCheckFailure()
   at Elasticsearch.Net.RequestPipeline.PingAsync(Node node, CancellationToken cancellationToken)
   at Elasticsearch.Net.Transport`1.PingAsync(IRequestPipeline pipeline, Node node, CancellationToken cancellationToken)
   at Elasticsearch.Net.Transport`1.RequestAsync[TResponse](HttpMethod method, String path, CancellationToken cancellationToken, PostData data, IRequestParameters requestParameters)
   --- End of inner exception stack trace ---
2024-10-10 15:41:49 [WRN] [DotNetCore.CAP.Internal.ConsumerRegister] [44936] [85] - RabbitMQ consumer cancelled. --> amq.ctag-kOKsYaC0TWlN9uhEWtwOsQ
2024-10-10 15:41:50 [WRN] [DotNetCore.CAP.Internal.ConsumerRegister] [44936] [85] - RabbitMQ consumer shutdown. --> Unexpected Exception: Unable to read data from the transport connection: 远程主机强迫关闭了一个现有的连接。.
2024-10-10 15:41:50 [WRN] [DotNetCore.CAP.Internal.ConsumerRegister] [44936] [85] - RabbitMQ consumer cancelled. --> amq.ctag-Ck5TXSbK1p-WPZ9VJeUKZg
2024-10-10 15:41:51 [WRN] [DotNetCore.CAP.Internal.ConsumerRegister] [44936] [85] - RabbitMQ consumer shutdown. --> Unexpected Exception: Unable to read data from the transport connection: 远程主机强迫关闭了一个现有的连接。.
