2024-11-13 00:20:24 [WRN] [DotNetCore.CAP.Internal.ConsumerRegister] [13556] [105] - RabbitMQ consumer cancelled. --> amq.ctag-8yilrnLxK0mfUJJ7Z26cjQ
2024-11-13 00:20:27 [WRN] [DotNetCore.CAP.Internal.ConsumerRegister] [13556] [105] - RabbitMQ consumer shutdown. --> Unexpected Exception: Unable to read data from the transport connection: 远程主机强迫关闭了一个现有的连接。.
2024-11-13 00:35:35 [INF] [Microsoft.EntityFrameworkCore.Database.Command] [13556] [30] - Executed DbCommand (6ms) [Parameters=[@__ef_filter__p_0='?' (DbType = Boolean), @__Subtract_0='?' (DbType = DateTime)], CommandType='"Text"', CommandTimeout='30']
DELETE `a`
FROM `AbpSessions` AS `a`
WHERE (@__ef_filter__p_0 OR (`a`.`TenantId` IS NULL)) AND (`a`.`LastAccessed` IS NULL OR (`a`.`LastAccessed` < @__Subtract_0))
2024-11-13 00:35:57 [INF] [Volo.Abp.OpenIddict.Tokens.TokenCleanupBackgroundWorker] [13556] [51] - Lock is acquired for TokenCleanupBackgroundWorker
2024-11-13 00:35:57 [INF] [Volo.Abp.OpenIddict.Tokens.TokenCleanupService] [13556] [51] - Start cleanup.
2024-11-13 00:35:57 [INF] [Volo.Abp.OpenIddict.Tokens.TokenCleanupService] [13556] [51] - Start cleanup tokens.
2024-11-13 00:35:57 [INF] [Microsoft.EntityFrameworkCore.Database.Command] [13556] [51] - Executed DbCommand (12ms) [Parameters=[@__ef_filter__p_0='?' (DbType = Boolean), @__date_0='?' (DbType = DateTime)], CommandType='"Text"', CommandTimeout='30']
DELETE `o`
FROM `OpenIddictTokens` AS `o`
LEFT JOIN (
    SELECT `o0`.`Id`, `o0`.`Status`
    FROM `OpenIddictAuthorizations` AS `o0`
    WHERE @__ef_filter__p_0 OR NOT (`o0`.`IsDeleted`)
) AS `t` ON `o`.`AuthorizationId` = `t`.`Id`
WHERE ((@__ef_filter__p_0 OR NOT (`o`.`IsDeleted`)) AND (`o`.`CreationDate` < @__date_0)) AND (((`o`.`Status` NOT IN ('inactive', 'valid') OR (`o`.`Status` IS NULL)) OR (`t`.`Id` IS NOT NULL AND ((`t`.`Status` <> 'valid') OR `t`.`Status` IS NULL))) OR (`o`.`ExpirationDate` < UTC_TIMESTAMP()))
2024-11-13 00:35:57 [INF] [Volo.Abp.OpenIddict.Tokens.TokenCleanupService] [13556] [51] - Start cleanup authorizations.
2024-11-13 00:35:57 [INF] [Microsoft.EntityFrameworkCore.Database.Command] [13556] [88] - Executed DbCommand (1ms) [Parameters=[@__ef_filter__p_0='?' (DbType = Boolean), @__date_0='?' (DbType = DateTime)], CommandType='"Text"', CommandTimeout='30']
SELECT `o`.`Id`
FROM `OpenIddictAuthorizations` AS `o`
LEFT JOIN (
    SELECT `o0`.`Id`, `o0`.`AuthorizationId`
    FROM `OpenIddictTokens` AS `o0`
    WHERE @__ef_filter__p_0 OR NOT (`o0`.`IsDeleted`)
) AS `t` ON `o`.`Id` = `t`.`AuthorizationId`
WHERE ((@__ef_filter__p_0 OR NOT (`o`.`IsDeleted`)) AND (`o`.`CreationDate` < @__date_0)) AND (((`o`.`Status` <> 'valid') OR `o`.`Status` IS NULL) OR ((`o`.`Type` = 'ad-hoc') AND `t`.`Id` IS NULL))
2024-11-13 00:35:57 [INF] [Microsoft.EntityFrameworkCore.Database.Command] [13556] [88] - Executed DbCommand (1ms) [Parameters=[], CommandType='"Text"', CommandTimeout='30']
DELETE `o`
FROM `OpenIddictTokens` AS `o`
WHERE FALSE
2024-11-13 00:35:57 [INF] [Microsoft.EntityFrameworkCore.Database.Command] [13556] [88] - Executed DbCommand (1ms) [Parameters=[], CommandType='"Text"', CommandTimeout='30']
DELETE `o`
FROM `OpenIddictAuthorizations` AS `o`
WHERE FALSE
2024-11-13 00:35:57 [INF] [Volo.Abp.OpenIddict.Tokens.TokenCleanupBackgroundWorker] [13556] [88] - Lock is released for TokenCleanupBackgroundWorker
2024-11-13 01:35:35 [INF] [Microsoft.EntityFrameworkCore.Database.Command] [13556] [79] - Executed DbCommand (1ms) [Parameters=[@__ef_filter__p_0='?' (DbType = Boolean), @__Subtract_0='?' (DbType = DateTime)], CommandType='"Text"', CommandTimeout='30']
DELETE `a`
FROM `AbpSessions` AS `a`
WHERE (@__ef_filter__p_0 OR (`a`.`TenantId` IS NULL)) AND (`a`.`LastAccessed` IS NULL OR (`a`.`LastAccessed` < @__Subtract_0))
2024-11-13 01:35:57 [INF] [Volo.Abp.OpenIddict.Tokens.TokenCleanupBackgroundWorker] [13556] [48] - Lock is acquired for TokenCleanupBackgroundWorker
2024-11-13 01:35:57 [INF] [Volo.Abp.OpenIddict.Tokens.TokenCleanupService] [13556] [48] - Start cleanup.
2024-11-13 01:35:57 [INF] [Volo.Abp.OpenIddict.Tokens.TokenCleanupService] [13556] [48] - Start cleanup tokens.
2024-11-13 01:35:57 [INF] [Microsoft.EntityFrameworkCore.Database.Command] [13556] [50] - Executed DbCommand (2ms) [Parameters=[@__ef_filter__p_0='?' (DbType = Boolean), @__date_0='?' (DbType = DateTime)], CommandType='"Text"', CommandTimeout='30']
DELETE `o`
FROM `OpenIddictTokens` AS `o`
LEFT JOIN (
    SELECT `o0`.`Id`, `o0`.`Status`
    FROM `OpenIddictAuthorizations` AS `o0`
    WHERE @__ef_filter__p_0 OR NOT (`o0`.`IsDeleted`)
) AS `t` ON `o`.`AuthorizationId` = `t`.`Id`
WHERE ((@__ef_filter__p_0 OR NOT (`o`.`IsDeleted`)) AND (`o`.`CreationDate` < @__date_0)) AND (((`o`.`Status` NOT IN ('inactive', 'valid') OR (`o`.`Status` IS NULL)) OR (`t`.`Id` IS NOT NULL AND ((`t`.`Status` <> 'valid') OR `t`.`Status` IS NULL))) OR (`o`.`ExpirationDate` < UTC_TIMESTAMP()))
2024-11-13 01:35:57 [INF] [Volo.Abp.OpenIddict.Tokens.TokenCleanupService] [13556] [50] - Start cleanup authorizations.
2024-11-13 01:35:57 [INF] [Microsoft.EntityFrameworkCore.Database.Command] [13556] [48] - Executed DbCommand (1ms) [Parameters=[@__ef_filter__p_0='?' (DbType = Boolean), @__date_0='?' (DbType = DateTime)], CommandType='"Text"', CommandTimeout='30']
SELECT `o`.`Id`
FROM `OpenIddictAuthorizations` AS `o`
LEFT JOIN (
    SELECT `o0`.`Id`, `o0`.`AuthorizationId`
    FROM `OpenIddictTokens` AS `o0`
    WHERE @__ef_filter__p_0 OR NOT (`o0`.`IsDeleted`)
) AS `t` ON `o`.`Id` = `t`.`AuthorizationId`
WHERE ((@__ef_filter__p_0 OR NOT (`o`.`IsDeleted`)) AND (`o`.`CreationDate` < @__date_0)) AND (((`o`.`Status` <> 'valid') OR `o`.`Status` IS NULL) OR ((`o`.`Type` = 'ad-hoc') AND `t`.`Id` IS NULL))
2024-11-13 01:35:57 [INF] [Microsoft.EntityFrameworkCore.Database.Command] [13556] [48] - Executed DbCommand (1ms) [Parameters=[], CommandType='"Text"', CommandTimeout='30']
DELETE `o`
FROM `OpenIddictTokens` AS `o`
WHERE FALSE
2024-11-13 01:35:57 [INF] [Microsoft.EntityFrameworkCore.Database.Command] [13556] [48] - Executed DbCommand (0ms) [Parameters=[], CommandType='"Text"', CommandTimeout='30']
DELETE `o`
FROM `OpenIddictAuthorizations` AS `o`
WHERE FALSE
2024-11-13 01:35:57 [INF] [Volo.Abp.OpenIddict.Tokens.TokenCleanupBackgroundWorker] [13556] [48] - Lock is released for TokenCleanupBackgroundWorker
2024-11-13 10:48:40 [WRN] [DotNetCore.CAP.Internal.ConsumerRegister] [13556] [129] - RabbitMQ consumer cancelled. --> amq.ctag-8yilrnLxK0mfUJJ7Z26cjQ
2024-11-13 10:48:43 [WRN] [DotNetCore.CAP.Internal.ConsumerRegister] [13556] [129] - RabbitMQ consumer shutdown. --> Unexpected Exception: Unable to read data from the transport connection: 远程主机强迫关闭了一个现有的连接。.
2024-11-13 12:12:43 [WRN] [DotNetCore.CAP.Internal.ConsumerRegister] [13556] [77] - RabbitMQ consumer cancelled. --> amq.ctag-8yilrnLxK0mfUJJ7Z26cjQ
2024-11-13 12:12:43 [WRN] [DotNetCore.CAP.Internal.ConsumerRegister] [13556] [77] - RabbitMQ consumer shutdown. --> Unexpected Exception: Unable to read data from the transport connection: 远程主机强迫关闭了一个现有的连接。.
2024-11-13 12:40:21 [WRN] [DotNetCore.CAP.Internal.ConsumerRegister] [13556] [144] - RabbitMQ consumer cancelled. --> amq.ctag-8yilrnLxK0mfUJJ7Z26cjQ
2024-11-13 12:40:29 [WRN] [DotNetCore.CAP.Internal.ConsumerRegister] [13556] [144] - RabbitMQ consumer shutdown. --> Unexpected Exception: Unable to read data from the transport connection: 远程主机强迫关闭了一个现有的连接。.
2024-11-13 23:06:36 [INF] [Microsoft.EntityFrameworkCore.Database.Command] [13556] [64] - Executed DbCommand (3ms) [Parameters=[@__ef_filter__p_0='?' (DbType = Boolean), @__Subtract_0='?' (DbType = DateTime)], CommandType='"Text"', CommandTimeout='30']
DELETE `a`
FROM `AbpSessions` AS `a`
WHERE (@__ef_filter__p_0 OR (`a`.`TenantId` IS NULL)) AND (`a`.`LastAccessed` IS NULL OR (`a`.`LastAccessed` < @__Subtract_0))
2024-11-13 23:06:58 [INF] [Volo.Abp.OpenIddict.Tokens.TokenCleanupBackgroundWorker] [13556] [53] - Lock is acquired for TokenCleanupBackgroundWorker
2024-11-13 23:06:58 [INF] [Volo.Abp.OpenIddict.Tokens.TokenCleanupService] [13556] [53] - Start cleanup.
2024-11-13 23:06:58 [INF] [Volo.Abp.OpenIddict.Tokens.TokenCleanupService] [13556] [53] - Start cleanup tokens.
2024-11-13 23:06:58 [INF] [Microsoft.EntityFrameworkCore.Database.Command] [13556] [53] - Executed DbCommand (2ms) [Parameters=[@__ef_filter__p_0='?' (DbType = Boolean), @__date_0='?' (DbType = DateTime)], CommandType='"Text"', CommandTimeout='30']
DELETE `o`
FROM `OpenIddictTokens` AS `o`
LEFT JOIN (
    SELECT `o0`.`Id`, `o0`.`Status`
    FROM `OpenIddictAuthorizations` AS `o0`
    WHERE @__ef_filter__p_0 OR NOT (`o0`.`IsDeleted`)
) AS `t` ON `o`.`AuthorizationId` = `t`.`Id`
WHERE ((@__ef_filter__p_0 OR NOT (`o`.`IsDeleted`)) AND (`o`.`CreationDate` < @__date_0)) AND (((`o`.`Status` NOT IN ('inactive', 'valid') OR (`o`.`Status` IS NULL)) OR (`t`.`Id` IS NOT NULL AND ((`t`.`Status` <> 'valid') OR `t`.`Status` IS NULL))) OR (`o`.`ExpirationDate` < UTC_TIMESTAMP()))
2024-11-13 23:06:58 [INF] [Volo.Abp.OpenIddict.Tokens.TokenCleanupService] [13556] [53] - Start cleanup authorizations.
2024-11-13 23:06:58 [INF] [Microsoft.EntityFrameworkCore.Database.Command] [13556] [53] - Executed DbCommand (1ms) [Parameters=[@__ef_filter__p_0='?' (DbType = Boolean), @__date_0='?' (DbType = DateTime)], CommandType='"Text"', CommandTimeout='30']
SELECT `o`.`Id`
FROM `OpenIddictAuthorizations` AS `o`
LEFT JOIN (
    SELECT `o0`.`Id`, `o0`.`AuthorizationId`
    FROM `OpenIddictTokens` AS `o0`
    WHERE @__ef_filter__p_0 OR NOT (`o0`.`IsDeleted`)
) AS `t` ON `o`.`Id` = `t`.`AuthorizationId`
WHERE ((@__ef_filter__p_0 OR NOT (`o`.`IsDeleted`)) AND (`o`.`CreationDate` < @__date_0)) AND (((`o`.`Status` <> 'valid') OR `o`.`Status` IS NULL) OR ((`o`.`Type` = 'ad-hoc') AND `t`.`Id` IS NULL))
2024-11-13 23:06:58 [INF] [Microsoft.EntityFrameworkCore.Database.Command] [13556] [53] - Executed DbCommand (1ms) [Parameters=[], CommandType='"Text"', CommandTimeout='30']
DELETE `o`
FROM `OpenIddictTokens` AS `o`
WHERE FALSE
2024-11-13 23:06:58 [INF] [Microsoft.EntityFrameworkCore.Database.Command] [13556] [53] - Executed DbCommand (0ms) [Parameters=[], CommandType='"Text"', CommandTimeout='30']
DELETE `o`
FROM `OpenIddictAuthorizations` AS `o`
WHERE FALSE
2024-11-13 23:06:58 [INF] [Volo.Abp.OpenIddict.Tokens.TokenCleanupBackgroundWorker] [13556] [53] - Lock is released for TokenCleanupBackgroundWorker
