2024-10-28 18:51:06 [INF] [Microsoft.EntityFrameworkCore.Database.Command] [13556] [61] - Executed DbCommand (12ms) [Parameters=[@__ef_filter__p_0='?' (DbType = Boolean), @__Subtract_0='?' (DbType = DateTime)], CommandType='"Text"', CommandTimeout='30']
DELETE `a`
FROM `AbpSessions` AS `a`
WHERE (@__ef_filter__p_0 OR (`a`.`TenantId` IS NULL)) AND (`a`.`LastAccessed` IS NULL OR (`a`.`LastAccessed` < @__Subtract_0))
2024-10-28 18:51:06 [INF] [Volo.Abp.OpenIddict.Tokens.TokenCleanupBackgroundWorker] [13556] [61] - Lock is acquired for TokenCleanupBackgroundWorker
2024-10-28 18:51:06 [INF] [Volo.Abp.OpenIddict.Tokens.TokenCleanupService] [13556] [61] - Start cleanup.
2024-10-28 18:51:06 [INF] [Volo.Abp.OpenIddict.Tokens.TokenCleanupService] [13556] [61] - Start cleanup tokens.
2024-10-28 18:51:06 [INF] [Microsoft.EntityFrameworkCore.Database.Command] [13556] [61] - Executed DbCommand (3ms) [Parameters=[@__ef_filter__p_0='?' (DbType = Boolean), @__date_0='?' (DbType = DateTime)], CommandType='"Text"', CommandTimeout='30']
DELETE `o`
FROM `OpenIddictTokens` AS `o`
LEFT JOIN (
    SELECT `o0`.`Id`, `o0`.`Status`
    FROM `OpenIddictAuthorizations` AS `o0`
    WHERE @__ef_filter__p_0 OR NOT (`o0`.`IsDeleted`)
) AS `t` ON `o`.`AuthorizationId` = `t`.`Id`
WHERE ((@__ef_filter__p_0 OR NOT (`o`.`IsDeleted`)) AND (`o`.`CreationDate` < @__date_0)) AND (((`o`.`Status` NOT IN ('inactive', 'valid') OR (`o`.`Status` IS NULL)) OR (`t`.`Id` IS NOT NULL AND ((`t`.`Status` <> 'valid') OR `t`.`Status` IS NULL))) OR (`o`.`ExpirationDate` < UTC_TIMESTAMP()))
2024-10-28 18:51:06 [INF] [Volo.Abp.OpenIddict.Tokens.TokenCleanupService] [13556] [61] - Start cleanup authorizations.
2024-10-28 18:51:06 [INF] [Microsoft.EntityFrameworkCore.Database.Command] [13556] [101] - Executed DbCommand (1ms) [Parameters=[@__ef_filter__p_0='?' (DbType = Boolean), @__date_0='?' (DbType = DateTime)], CommandType='"Text"', CommandTimeout='30']
SELECT `o`.`Id`
FROM `OpenIddictAuthorizations` AS `o`
LEFT JOIN (
    SELECT `o0`.`Id`, `o0`.`AuthorizationId`
    FROM `OpenIddictTokens` AS `o0`
    WHERE @__ef_filter__p_0 OR NOT (`o0`.`IsDeleted`)
) AS `t` ON `o`.`Id` = `t`.`AuthorizationId`
WHERE ((@__ef_filter__p_0 OR NOT (`o`.`IsDeleted`)) AND (`o`.`CreationDate` < @__date_0)) AND (((`o`.`Status` <> 'valid') OR `o`.`Status` IS NULL) OR ((`o`.`Type` = 'ad-hoc') AND `t`.`Id` IS NULL))
2024-10-28 18:51:06 [INF] [Microsoft.EntityFrameworkCore.Database.Command] [13556] [101] - Executed DbCommand (0ms) [Parameters=[], CommandType='"Text"', CommandTimeout='30']
DELETE `o`
FROM `OpenIddictTokens` AS `o`
WHERE FALSE
2024-10-28 18:51:06 [INF] [Microsoft.EntityFrameworkCore.Database.Command] [13556] [101] - Executed DbCommand (0ms) [Parameters=[], CommandType='"Text"', CommandTimeout='30']
DELETE `o`
FROM `OpenIddictAuthorizations` AS `o`
WHERE FALSE
2024-10-28 18:51:06 [INF] [Volo.Abp.OpenIddict.Tokens.TokenCleanupBackgroundWorker] [13556] [101] - Lock is released for TokenCleanupBackgroundWorker
2024-10-28 19:20:34 [INF] [Microsoft.AspNetCore.Hosting.Diagnostics] [13556] [4] - Request starting HTTP/1.1 GET http://127.0.0.1:30015/api/abp/application-configuration?_t=1730114434503 - null 0
2024-10-28 19:20:38 [INF] [Microsoft.AspNetCore.Authentication.JwtBearer.JwtBearerHandler] [13556] [44] - Failed to validate the token.
Microsoft.IdentityModel.Tokens.SecurityTokenExpiredException: IDX10223: Lifetime validation failed. The token is expired. ValidTo (UTC): '2024/10/25 下午8:24:43', Current time (UTC): '2024/10/28 上午11:20:38'.
   at Microsoft.IdentityModel.Tokens.ValidatorUtilities.ValidateLifetime(Nullable`1 notBefore, Nullable`1 expires, SecurityToken securityToken, TokenValidationParameters validationParameters)
   at Microsoft.IdentityModel.Tokens.Validators.ValidateLifetime(Nullable`1 notBefore, Nullable`1 expires, SecurityToken securityToken, TokenValidationParameters validationParameters)
   at Microsoft.IdentityModel.JsonWebTokens.JsonWebTokenHandler.ValidateTokenPayloadAsync(JsonWebToken jsonWebToken, TokenValidationParameters validationParameters, BaseConfiguration configuration)
   at Microsoft.IdentityModel.JsonWebTokens.JsonWebTokenHandler.ValidateJWSAsync(JsonWebToken jsonWebToken, TokenValidationParameters validationParameters, BaseConfiguration configuration)
2024-10-28 19:20:38 [INF] [Microsoft.AspNetCore.Authentication.JwtBearer.JwtBearerHandler] [13556] [44] - Bearer was not authenticated. Failure message: IDX10223: Lifetime validation failed. The token is expired. ValidTo (UTC): '2024/10/25 下午8:24:43', Current time (UTC): '2024/10/28 上午11:20:38'.
2024-10-28 19:20:38 [INF] [Microsoft.AspNetCore.Authentication.JwtBearer.JwtBearerHandler] [13556] [44] - Bearer was not authenticated. Failure message: IDX10223: Lifetime validation failed. The token is expired. ValidTo (UTC): '2024/10/25 下午8:24:43', Current time (UTC): '2024/10/28 上午11:20:38'.
2024-10-28 19:20:38 [INF] [Microsoft.AspNetCore.Routing.EndpointMiddleware] [13556] [44] - Executing endpoint 'Volo.Abp.AspNetCore.Mvc.ApplicationConfigurations.AbpApplicationConfigurationController.GetAsync (Volo.Abp.AspNetCore.Mvc)'
2024-10-28 19:20:38 [INF] [Microsoft.AspNetCore.Mvc.Infrastructure.ControllerActionInvoker] [13556] [44] - Route matched with {area = "abp", action = "Get", controller = "AbpApplicationConfiguration"}. Executing controller action with signature System.Threading.Tasks.Task`1[Volo.Abp.AspNetCore.Mvc.ApplicationConfigurations.ApplicationConfigurationDto] GetAsync(Volo.Abp.AspNetCore.Mvc.ApplicationConfigurations.ApplicationConfigurationRequestOptions) on controller Volo.Abp.AspNetCore.Mvc.ApplicationConfigurations.AbpApplicationConfigurationController (Volo.Abp.AspNetCore.Mvc).
2024-10-28 19:20:38 [INF] [Microsoft.AspNetCore.Mvc.Infrastructure.ControllerActionInvoker] [13556] [44] - Executing action method Volo.Abp.AspNetCore.Mvc.ApplicationConfigurations.AbpApplicationConfigurationController.GetAsync (Volo.Abp.AspNetCore.Mvc) - Validation state: "Valid"
2024-10-28 19:20:38 [WRN] [Microsoft.AspNetCore.Http.ResponseCookies] [13556] [44] - The cookie 'XSRF-TOKEN' has set 'SameSite=None' and must also set 'Secure'.
2024-10-28 19:20:38 [INF] [Microsoft.EntityFrameworkCore.Database.Command] [13556] [36] - Executed DbCommand (4ms) [Parameters=[], CommandType='"Text"', CommandTimeout='30']
SELECT `a`.`Id`, `a`.`CreationTime`, `a`.`CreatorId`, `a`.`CultureName`, `a`.`DisplayName`, `a`.`Enable`, `a`.`LastModificationTime`, `a`.`LastModifierId`, `a`.`TwoLetterISOLanguageName`, `a`.`UiCultureName`
FROM `AbpLocalizationLanguages` AS `a`
WHERE `a`.`Enable`
2024-10-28 19:20:38 [INF] [Microsoft.EntityFrameworkCore.Database.Command] [13556] [36] - Executed DbCommand (2ms) [Parameters=[], CommandType='"Text"', CommandTimeout='30']
SELECT `a`.`Id`, `a`.`CreationTime`, `a`.`CreatorId`, `a`.`DefaultCultureName`, `a`.`Description`, `a`.`DisplayName`, `a`.`Enable`, `a`.`LastModificationTime`, `a`.`LastModifierId`, `a`.`Name`
FROM `AbpLocalizationResources` AS `a`
2024-10-28 19:20:38 [INF] [Microsoft.EntityFrameworkCore.Database.Command] [13556] [36] - Executed DbCommand (1ms) [Parameters=[], CommandType='"Text"', CommandTimeout='30']
SELECT `a`.`Id`, `a`.`CreationTime`, `a`.`CreatorId`, `a`.`CultureName`, `a`.`DisplayName`, `a`.`Enable`, `a`.`LastModificationTime`, `a`.`LastModifierId`, `a`.`TwoLetterISOLanguageName`, `a`.`UiCultureName`
FROM `AbpLocalizationLanguages` AS `a`
WHERE `a`.`Enable`
2024-10-28 19:20:38 [INF] [Microsoft.EntityFrameworkCore.Database.Command] [13556] [103] - Executed DbCommand (2ms) [Parameters=[], CommandType='"Text"', CommandTimeout='30']
SELECT `a`.`Id`, `a`.`CultureName`, `a`.`Key`, `a`.`ResourceName`, `a`.`Value`
FROM `AbpLocalizationTexts` AS `a`
2024-10-28 19:20:38 [INF] [Microsoft.AspNetCore.Mvc.Infrastructure.ControllerActionInvoker] [13556] [36] - Executed action method Volo.Abp.AspNetCore.Mvc.ApplicationConfigurations.AbpApplicationConfigurationController.GetAsync (Volo.Abp.AspNetCore.Mvc), returned result Microsoft.AspNetCore.Mvc.ObjectResult in 493.3882ms.
2024-10-28 19:20:38 [INF] [Microsoft.AspNetCore.Mvc.Infrastructure.ObjectResultExecutor] [13556] [36] - Executing ObjectResult, writing value of type 'Volo.Abp.AspNetCore.Mvc.ApplicationConfigurations.ApplicationConfigurationDto'.
2024-10-28 19:20:38 [INF] [Microsoft.AspNetCore.Mvc.Infrastructure.ControllerActionInvoker] [13556] [36] - Executed action Volo.Abp.AspNetCore.Mvc.ApplicationConfigurations.AbpApplicationConfigurationController.GetAsync (Volo.Abp.AspNetCore.Mvc) in 646.128ms
2024-10-28 19:20:38 [INF] [Microsoft.AspNetCore.Routing.EndpointMiddleware] [13556] [36] - Executed endpoint 'Volo.Abp.AspNetCore.Mvc.ApplicationConfigurations.AbpApplicationConfigurationController.GetAsync (Volo.Abp.AspNetCore.Mvc)'
2024-10-28 19:20:38 [INF] [Microsoft.AspNetCore.Hosting.Diagnostics] [13556] [36] - Request finished HTTP/1.1 GET http://127.0.0.1:30015/api/abp/application-configuration?_t=1730114434503 - 200 null application/json; charset=utf-8 4182.1237ms
2024-10-28 19:20:41 [INF] [Microsoft.AspNetCore.Hosting.Diagnostics] [13556] [44] - Request starting HTTP/1.1 GET http://127.0.0.1:30015/api/abp/application-configuration?_t=1730114440043 - null 0
2024-10-28 19:20:41 [INF] [Microsoft.AspNetCore.Routing.EndpointMiddleware] [13556] [44] - Executing endpoint 'Volo.Abp.AspNetCore.Mvc.ApplicationConfigurations.AbpApplicationConfigurationController.GetAsync (Volo.Abp.AspNetCore.Mvc)'
2024-10-28 19:20:41 [INF] [Microsoft.AspNetCore.Mvc.Infrastructure.ControllerActionInvoker] [13556] [44] - Route matched with {area = "abp", action = "Get", controller = "AbpApplicationConfiguration"}. Executing controller action with signature System.Threading.Tasks.Task`1[Volo.Abp.AspNetCore.Mvc.ApplicationConfigurations.ApplicationConfigurationDto] GetAsync(Volo.Abp.AspNetCore.Mvc.ApplicationConfigurations.ApplicationConfigurationRequestOptions) on controller Volo.Abp.AspNetCore.Mvc.ApplicationConfigurations.AbpApplicationConfigurationController (Volo.Abp.AspNetCore.Mvc).
2024-10-28 19:20:41 [INF] [Microsoft.AspNetCore.Mvc.Infrastructure.ControllerActionInvoker] [13556] [44] - Executing action method Volo.Abp.AspNetCore.Mvc.ApplicationConfigurations.AbpApplicationConfigurationController.GetAsync (Volo.Abp.AspNetCore.Mvc) - Validation state: "Valid"
2024-10-28 19:20:41 [WRN] [Microsoft.AspNetCore.Http.ResponseCookies] [13556] [44] - The cookie 'XSRF-TOKEN' has set 'SameSite=None' and must also set 'Secure'.
2024-10-28 19:20:41 [INF] [Microsoft.EntityFrameworkCore.Database.Command] [13556] [36] - Executed DbCommand (1ms) [Parameters=[], CommandType='"Text"', CommandTimeout='30']
SELECT `a`.`Id`, `a`.`CreationTime`, `a`.`CreatorId`, `a`.`CultureName`, `a`.`DisplayName`, `a`.`Enable`, `a`.`LastModificationTime`, `a`.`LastModifierId`, `a`.`TwoLetterISOLanguageName`, `a`.`UiCultureName`
FROM `AbpLocalizationLanguages` AS `a`
WHERE `a`.`Enable`
2024-10-28 19:20:41 [INF] [Microsoft.AspNetCore.Mvc.Infrastructure.ControllerActionInvoker] [13556] [44] - Executed action method Volo.Abp.AspNetCore.Mvc.ApplicationConfigurations.AbpApplicationConfigurationController.GetAsync (Volo.Abp.AspNetCore.Mvc), returned result Microsoft.AspNetCore.Mvc.ObjectResult in 283.0777ms.
2024-10-28 19:20:41 [INF] [Microsoft.AspNetCore.Mvc.Infrastructure.ObjectResultExecutor] [13556] [44] - Executing ObjectResult, writing value of type 'Volo.Abp.AspNetCore.Mvc.ApplicationConfigurations.ApplicationConfigurationDto'.
2024-10-28 19:20:41 [INF] [Microsoft.AspNetCore.Mvc.Infrastructure.ControllerActionInvoker] [13556] [44] - Executed action Volo.Abp.AspNetCore.Mvc.ApplicationConfigurations.AbpApplicationConfigurationController.GetAsync (Volo.Abp.AspNetCore.Mvc) in 334.3396ms
2024-10-28 19:20:41 [INF] [Microsoft.AspNetCore.Routing.EndpointMiddleware] [13556] [44] - Executed endpoint 'Volo.Abp.AspNetCore.Mvc.ApplicationConfigurations.AbpApplicationConfigurationController.GetAsync (Volo.Abp.AspNetCore.Mvc)'
2024-10-28 19:20:41 [INF] [Microsoft.AspNetCore.Hosting.Diagnostics] [13556] [44] - Request finished HTTP/1.1 GET http://127.0.0.1:30015/api/abp/application-configuration?_t=1730114440043 - 200 null application/json; charset=utf-8 388.5388ms
2024-10-28 19:20:44 [INF] [Microsoft.AspNetCore.Hosting.Diagnostics] [13556] [44] - Request starting HTTP/1.1 GET http://127.0.0.1:30015/api/abp/api-definition?_t=1730114444893 - null 0
2024-10-28 19:20:45 [INF] [Microsoft.AspNetCore.Routing.EndpointMiddleware] [13556] [44] - Executing endpoint 'Volo.Abp.AspNetCore.Mvc.ApiExploring.AbpApiDefinitionController.Get (Volo.Abp.AspNetCore.Mvc)'
2024-10-28 19:20:45 [INF] [Microsoft.AspNetCore.Mvc.Infrastructure.ControllerActionInvoker] [13556] [44] - Route matched with {area = "abp", action = "Get", controller = "AbpApiDefinition"}. Executing controller action with signature Volo.Abp.Http.Modeling.ApplicationApiDescriptionModel Get(Volo.Abp.Http.Modeling.ApplicationApiDescriptionModelRequestDto) on controller Volo.Abp.AspNetCore.Mvc.ApiExploring.AbpApiDefinitionController (Volo.Abp.AspNetCore.Mvc).
2024-10-28 19:20:45 [INF] [Microsoft.AspNetCore.Mvc.Infrastructure.ControllerActionInvoker] [13556] [44] - Executing action method Volo.Abp.AspNetCore.Mvc.ApiExploring.AbpApiDefinitionController.Get (Volo.Abp.AspNetCore.Mvc) - Validation state: "Valid"
2024-10-28 19:20:45 [WRN] [Volo.Abp.AspNetCore.Mvc.AspNetCoreApiDescriptionModelProvider] [13556] [44] - Controller 'Account' contains more than one action with name 'RegisterAsyncByInput' for module 'account'. Ignored: System.Threading.Tasks.Task RegisterAsync(ZQH.Abp.Account.PhoneRegisterDto)
2024-10-28 19:20:45 [INF] [Microsoft.AspNetCore.Mvc.Infrastructure.ControllerActionInvoker] [13556] [44] - Executed action method Volo.Abp.AspNetCore.Mvc.ApiExploring.AbpApiDefinitionController.Get (Volo.Abp.AspNetCore.Mvc), returned result Microsoft.AspNetCore.Mvc.ObjectResult in 716.6998ms.
2024-10-28 19:20:45 [INF] [Microsoft.AspNetCore.Mvc.Infrastructure.ObjectResultExecutor] [13556] [44] - Executing ObjectResult, writing value of type 'Volo.Abp.Http.Modeling.ApplicationApiDescriptionModel'.
2024-10-28 19:20:45 [INF] [Microsoft.AspNetCore.Mvc.Infrastructure.ControllerActionInvoker] [13556] [44] - Executed action Volo.Abp.AspNetCore.Mvc.ApiExploring.AbpApiDefinitionController.Get (Volo.Abp.AspNetCore.Mvc) in 741.2836ms
2024-10-28 19:20:45 [INF] [Microsoft.AspNetCore.Routing.EndpointMiddleware] [13556] [44] - Executed endpoint 'Volo.Abp.AspNetCore.Mvc.ApiExploring.AbpApiDefinitionController.Get (Volo.Abp.AspNetCore.Mvc)'
2024-10-28 19:20:45 [INF] [Microsoft.AspNetCore.Hosting.Diagnostics] [13556] [44] - Request finished HTTP/1.1 GET http://127.0.0.1:30015/api/abp/api-definition?_t=1730114444893 - 200 null application/json; charset=utf-8 780.6179ms
2024-10-28 19:58:38 [INF] [Microsoft.AspNetCore.Hosting.Diagnostics] [13556] [89] - Request starting HTTP/1.1 GET http://127.0.0.1:30015/api/abp/application-configuration?_t=1730116718655 - null 0
2024-10-28 19:58:38 [INF] [Microsoft.AspNetCore.Routing.EndpointMiddleware] [13556] [89] - Executing endpoint 'Volo.Abp.AspNetCore.Mvc.ApplicationConfigurations.AbpApplicationConfigurationController.GetAsync (Volo.Abp.AspNetCore.Mvc)'
2024-10-28 19:58:38 [INF] [Microsoft.AspNetCore.Mvc.Infrastructure.ControllerActionInvoker] [13556] [89] - Route matched with {area = "abp", action = "Get", controller = "AbpApplicationConfiguration"}. Executing controller action with signature System.Threading.Tasks.Task`1[Volo.Abp.AspNetCore.Mvc.ApplicationConfigurations.ApplicationConfigurationDto] GetAsync(Volo.Abp.AspNetCore.Mvc.ApplicationConfigurations.ApplicationConfigurationRequestOptions) on controller Volo.Abp.AspNetCore.Mvc.ApplicationConfigurations.AbpApplicationConfigurationController (Volo.Abp.AspNetCore.Mvc).
2024-10-28 19:58:38 [INF] [Microsoft.AspNetCore.Mvc.Infrastructure.ControllerActionInvoker] [13556] [89] - Executing action method Volo.Abp.AspNetCore.Mvc.ApplicationConfigurations.AbpApplicationConfigurationController.GetAsync (Volo.Abp.AspNetCore.Mvc) - Validation state: "Valid"
2024-10-28 19:58:38 [WRN] [Microsoft.AspNetCore.Http.ResponseCookies] [13556] [89] - The cookie 'XSRF-TOKEN' has set 'SameSite=None' and must also set 'Secure'.
2024-10-28 19:58:38 [INF] [Microsoft.EntityFrameworkCore.Database.Command] [13556] [109] - Executed DbCommand (1ms) [Parameters=[], CommandType='"Text"', CommandTimeout='30']
SELECT `a`.`Id`, `a`.`CreationTime`, `a`.`CreatorId`, `a`.`CultureName`, `a`.`DisplayName`, `a`.`Enable`, `a`.`LastModificationTime`, `a`.`LastModifierId`, `a`.`TwoLetterISOLanguageName`, `a`.`UiCultureName`
FROM `AbpLocalizationLanguages` AS `a`
WHERE `a`.`Enable`
2024-10-28 19:58:38 [INF] [Microsoft.EntityFrameworkCore.Database.Command] [13556] [109] - Executed DbCommand (0ms) [Parameters=[], CommandType='"Text"', CommandTimeout='30']
SELECT `a`.`Id`, `a`.`CreationTime`, `a`.`CreatorId`, `a`.`DefaultCultureName`, `a`.`Description`, `a`.`DisplayName`, `a`.`Enable`, `a`.`LastModificationTime`, `a`.`LastModifierId`, `a`.`Name`
FROM `AbpLocalizationResources` AS `a`
2024-10-28 19:58:38 [INF] [Microsoft.EntityFrameworkCore.Database.Command] [13556] [109] - Executed DbCommand (0ms) [Parameters=[], CommandType='"Text"', CommandTimeout='30']
SELECT `a`.`Id`, `a`.`CreationTime`, `a`.`CreatorId`, `a`.`CultureName`, `a`.`DisplayName`, `a`.`Enable`, `a`.`LastModificationTime`, `a`.`LastModifierId`, `a`.`TwoLetterISOLanguageName`, `a`.`UiCultureName`
FROM `AbpLocalizationLanguages` AS `a`
WHERE `a`.`Enable`
2024-10-28 19:58:38 [INF] [Microsoft.EntityFrameworkCore.Database.Command] [13556] [109] - Executed DbCommand (0ms) [Parameters=[], CommandType='"Text"', CommandTimeout='30']
SELECT `a`.`Id`, `a`.`CultureName`, `a`.`Key`, `a`.`ResourceName`, `a`.`Value`
FROM `AbpLocalizationTexts` AS `a`
2024-10-28 19:58:38 [INF] [Microsoft.AspNetCore.Mvc.Infrastructure.ControllerActionInvoker] [13556] [89] - Executed action method Volo.Abp.AspNetCore.Mvc.ApplicationConfigurations.AbpApplicationConfigurationController.GetAsync (Volo.Abp.AspNetCore.Mvc), returned result Microsoft.AspNetCore.Mvc.ObjectResult in 101.917ms.
2024-10-28 19:58:38 [INF] [Microsoft.AspNetCore.Mvc.Infrastructure.ObjectResultExecutor] [13556] [89] - Executing ObjectResult, writing value of type 'Volo.Abp.AspNetCore.Mvc.ApplicationConfigurations.ApplicationConfigurationDto'.
2024-10-28 19:58:38 [INF] [Microsoft.AspNetCore.Mvc.Infrastructure.ControllerActionInvoker] [13556] [89] - Executed action Volo.Abp.AspNetCore.Mvc.ApplicationConfigurations.AbpApplicationConfigurationController.GetAsync (Volo.Abp.AspNetCore.Mvc) in 137.8302ms
2024-10-28 19:58:38 [INF] [Microsoft.AspNetCore.Routing.EndpointMiddleware] [13556] [89] - Executed endpoint 'Volo.Abp.AspNetCore.Mvc.ApplicationConfigurations.AbpApplicationConfigurationController.GetAsync (Volo.Abp.AspNetCore.Mvc)'
2024-10-28 19:58:38 [INF] [Microsoft.AspNetCore.Hosting.Diagnostics] [13556] [89] - Request finished HTTP/1.1 GET http://127.0.0.1:30015/api/abp/application-configuration?_t=1730116718655 - 200 null application/json; charset=utf-8 153.0071ms
2024-10-28 19:58:42 [INF] [Microsoft.AspNetCore.Hosting.Diagnostics] [13556] [77] - Request starting HTTP/1.1 GET http://127.0.0.1:30015/api/abp/api-definition?_t=1730116722697 - null 0
2024-10-28 19:58:42 [INF] [Microsoft.AspNetCore.Routing.EndpointMiddleware] [13556] [77] - Executing endpoint 'Volo.Abp.AspNetCore.Mvc.ApiExploring.AbpApiDefinitionController.Get (Volo.Abp.AspNetCore.Mvc)'
2024-10-28 19:58:42 [INF] [Microsoft.AspNetCore.Mvc.Infrastructure.ControllerActionInvoker] [13556] [77] - Route matched with {area = "abp", action = "Get", controller = "AbpApiDefinition"}. Executing controller action with signature Volo.Abp.Http.Modeling.ApplicationApiDescriptionModel Get(Volo.Abp.Http.Modeling.ApplicationApiDescriptionModelRequestDto) on controller Volo.Abp.AspNetCore.Mvc.ApiExploring.AbpApiDefinitionController (Volo.Abp.AspNetCore.Mvc).
2024-10-28 19:58:42 [INF] [Microsoft.AspNetCore.Mvc.Infrastructure.ControllerActionInvoker] [13556] [77] - Executing action method Volo.Abp.AspNetCore.Mvc.ApiExploring.AbpApiDefinitionController.Get (Volo.Abp.AspNetCore.Mvc) - Validation state: "Valid"
2024-10-28 19:58:42 [WRN] [Volo.Abp.AspNetCore.Mvc.AspNetCoreApiDescriptionModelProvider] [13556] [77] - Controller 'Account' contains more than one action with name 'RegisterAsyncByInput' for module 'account'. Ignored: System.Threading.Tasks.Task RegisterAsync(ZQH.Abp.Account.PhoneRegisterDto)
2024-10-28 19:58:42 [INF] [Microsoft.AspNetCore.Mvc.Infrastructure.ControllerActionInvoker] [13556] [77] - Executed action method Volo.Abp.AspNetCore.Mvc.ApiExploring.AbpApiDefinitionController.Get (Volo.Abp.AspNetCore.Mvc), returned result Microsoft.AspNetCore.Mvc.ObjectResult in 149.1532ms.
2024-10-28 19:58:42 [INF] [Microsoft.AspNetCore.Mvc.Infrastructure.ObjectResultExecutor] [13556] [77] - Executing ObjectResult, writing value of type 'Volo.Abp.Http.Modeling.ApplicationApiDescriptionModel'.
2024-10-28 19:58:42 [INF] [Microsoft.AspNetCore.Mvc.Infrastructure.ControllerActionInvoker] [13556] [77] - Executed action Volo.Abp.AspNetCore.Mvc.ApiExploring.AbpApiDefinitionController.Get (Volo.Abp.AspNetCore.Mvc) in 156.7106ms
2024-10-28 19:58:42 [INF] [Microsoft.AspNetCore.Routing.EndpointMiddleware] [13556] [77] - Executed endpoint 'Volo.Abp.AspNetCore.Mvc.ApiExploring.AbpApiDefinitionController.Get (Volo.Abp.AspNetCore.Mvc)'
2024-10-28 19:58:42 [INF] [Microsoft.AspNetCore.Hosting.Diagnostics] [13556] [77] - Request finished HTTP/1.1 GET http://127.0.0.1:30015/api/abp/api-definition?_t=1730116722697 - 200 null application/json; charset=utf-8 167.0404ms
2024-10-28 20:12:54 [INF] [Microsoft.EntityFrameworkCore.Database.Command] [13556] [113] - Executed DbCommand (14ms) [Parameters=[@__ef_filter__p_0='?' (DbType = Boolean), @__Subtract_0='?' (DbType = DateTime)], CommandType='"Text"', CommandTimeout='30']
DELETE `a`
FROM `AbpSessions` AS `a`
WHERE (@__ef_filter__p_0 OR (`a`.`TenantId` IS NULL)) AND (`a`.`LastAccessed` IS NULL OR (`a`.`LastAccessed` < @__Subtract_0))
2024-10-28 20:12:54 [INF] [Volo.Abp.OpenIddict.Tokens.TokenCleanupBackgroundWorker] [13556] [113] - Lock is acquired for TokenCleanupBackgroundWorker
2024-10-28 20:12:54 [INF] [Volo.Abp.OpenIddict.Tokens.TokenCleanupService] [13556] [113] - Start cleanup.
2024-10-28 20:12:54 [INF] [Volo.Abp.OpenIddict.Tokens.TokenCleanupService] [13556] [113] - Start cleanup tokens.
2024-10-28 20:12:54 [INF] [Microsoft.EntityFrameworkCore.Database.Command] [13556] [3] - Executed DbCommand (2ms) [Parameters=[@__ef_filter__p_0='?' (DbType = Boolean), @__date_0='?' (DbType = DateTime)], CommandType='"Text"', CommandTimeout='30']
DELETE `o`
FROM `OpenIddictTokens` AS `o`
LEFT JOIN (
    SELECT `o0`.`Id`, `o0`.`Status`
    FROM `OpenIddictAuthorizations` AS `o0`
    WHERE @__ef_filter__p_0 OR NOT (`o0`.`IsDeleted`)
) AS `t` ON `o`.`AuthorizationId` = `t`.`Id`
WHERE ((@__ef_filter__p_0 OR NOT (`o`.`IsDeleted`)) AND (`o`.`CreationDate` < @__date_0)) AND (((`o`.`Status` NOT IN ('inactive', 'valid') OR (`o`.`Status` IS NULL)) OR (`t`.`Id` IS NOT NULL AND ((`t`.`Status` <> 'valid') OR `t`.`Status` IS NULL))) OR (`o`.`ExpirationDate` < UTC_TIMESTAMP()))
2024-10-28 20:12:54 [INF] [Volo.Abp.OpenIddict.Tokens.TokenCleanupService] [13556] [3] - Start cleanup authorizations.
2024-10-28 20:12:54 [INF] [Microsoft.EntityFrameworkCore.Database.Command] [13556] [71] - Executed DbCommand (1ms) [Parameters=[@__ef_filter__p_0='?' (DbType = Boolean), @__date_0='?' (DbType = DateTime)], CommandType='"Text"', CommandTimeout='30']
SELECT `o`.`Id`
FROM `OpenIddictAuthorizations` AS `o`
LEFT JOIN (
    SELECT `o0`.`Id`, `o0`.`AuthorizationId`
    FROM `OpenIddictTokens` AS `o0`
    WHERE @__ef_filter__p_0 OR NOT (`o0`.`IsDeleted`)
) AS `t` ON `o`.`Id` = `t`.`AuthorizationId`
WHERE ((@__ef_filter__p_0 OR NOT (`o`.`IsDeleted`)) AND (`o`.`CreationDate` < @__date_0)) AND (((`o`.`Status` <> 'valid') OR `o`.`Status` IS NULL) OR ((`o`.`Type` = 'ad-hoc') AND `t`.`Id` IS NULL))
2024-10-28 20:12:54 [INF] [Microsoft.EntityFrameworkCore.Database.Command] [13556] [71] - Executed DbCommand (0ms) [Parameters=[], CommandType='"Text"', CommandTimeout='30']
DELETE `o`
FROM `OpenIddictTokens` AS `o`
WHERE FALSE
2024-10-28 20:12:54 [INF] [Microsoft.EntityFrameworkCore.Database.Command] [13556] [71] - Executed DbCommand (0ms) [Parameters=[], CommandType='"Text"', CommandTimeout='30']
DELETE `o`
FROM `OpenIddictAuthorizations` AS `o`
WHERE FALSE
2024-10-28 20:12:54 [INF] [Volo.Abp.OpenIddict.Tokens.TokenCleanupBackgroundWorker] [13556] [71] - Lock is released for TokenCleanupBackgroundWorker
2024-10-28 20:58:39 [INF] [Microsoft.AspNetCore.Hosting.Diagnostics] [13556] [36] - Request starting HTTP/1.1 GET http://127.0.0.1:30015/api/abp/application-configuration?_t=1730120319788 - null 0
2024-10-28 20:58:39 [INF] [Microsoft.AspNetCore.Routing.EndpointMiddleware] [13556] [36] - Executing endpoint 'Volo.Abp.AspNetCore.Mvc.ApplicationConfigurations.AbpApplicationConfigurationController.GetAsync (Volo.Abp.AspNetCore.Mvc)'
2024-10-28 20:58:39 [INF] [Microsoft.AspNetCore.Mvc.Infrastructure.ControllerActionInvoker] [13556] [36] - Route matched with {area = "abp", action = "Get", controller = "AbpApplicationConfiguration"}. Executing controller action with signature System.Threading.Tasks.Task`1[Volo.Abp.AspNetCore.Mvc.ApplicationConfigurations.ApplicationConfigurationDto] GetAsync(Volo.Abp.AspNetCore.Mvc.ApplicationConfigurations.ApplicationConfigurationRequestOptions) on controller Volo.Abp.AspNetCore.Mvc.ApplicationConfigurations.AbpApplicationConfigurationController (Volo.Abp.AspNetCore.Mvc).
2024-10-28 20:58:39 [INF] [Microsoft.AspNetCore.Mvc.Infrastructure.ControllerActionInvoker] [13556] [36] - Executing action method Volo.Abp.AspNetCore.Mvc.ApplicationConfigurations.AbpApplicationConfigurationController.GetAsync (Volo.Abp.AspNetCore.Mvc) - Validation state: "Valid"
2024-10-28 20:58:39 [WRN] [Microsoft.AspNetCore.Http.ResponseCookies] [13556] [36] - The cookie 'XSRF-TOKEN' has set 'SameSite=None' and must also set 'Secure'.
2024-10-28 20:58:39 [INF] [Microsoft.EntityFrameworkCore.Database.Command] [13556] [103] - Executed DbCommand (1ms) [Parameters=[], CommandType='"Text"', CommandTimeout='30']
SELECT `a`.`Id`, `a`.`CreationTime`, `a`.`CreatorId`, `a`.`CultureName`, `a`.`DisplayName`, `a`.`Enable`, `a`.`LastModificationTime`, `a`.`LastModifierId`, `a`.`TwoLetterISOLanguageName`, `a`.`UiCultureName`
FROM `AbpLocalizationLanguages` AS `a`
WHERE `a`.`Enable`
2024-10-28 20:58:39 [INF] [Microsoft.EntityFrameworkCore.Database.Command] [13556] [103] - Executed DbCommand (1ms) [Parameters=[], CommandType='"Text"', CommandTimeout='30']
SELECT `a`.`Id`, `a`.`CreationTime`, `a`.`CreatorId`, `a`.`DefaultCultureName`, `a`.`Description`, `a`.`DisplayName`, `a`.`Enable`, `a`.`LastModificationTime`, `a`.`LastModifierId`, `a`.`Name`
FROM `AbpLocalizationResources` AS `a`
2024-10-28 20:58:39 [INF] [Microsoft.EntityFrameworkCore.Database.Command] [13556] [54] - Executed DbCommand (0ms) [Parameters=[], CommandType='"Text"', CommandTimeout='30']
SELECT `a`.`Id`, `a`.`CreationTime`, `a`.`CreatorId`, `a`.`CultureName`, `a`.`DisplayName`, `a`.`Enable`, `a`.`LastModificationTime`, `a`.`LastModifierId`, `a`.`TwoLetterISOLanguageName`, `a`.`UiCultureName`
FROM `AbpLocalizationLanguages` AS `a`
WHERE `a`.`Enable`
2024-10-28 20:58:39 [INF] [Microsoft.EntityFrameworkCore.Database.Command] [13556] [103] - Executed DbCommand (1ms) [Parameters=[], CommandType='"Text"', CommandTimeout='30']
SELECT `a`.`Id`, `a`.`CultureName`, `a`.`Key`, `a`.`ResourceName`, `a`.`Value`
FROM `AbpLocalizationTexts` AS `a`
2024-10-28 20:58:39 [INF] [Microsoft.AspNetCore.Mvc.Infrastructure.ControllerActionInvoker] [13556] [103] - Executed action method Volo.Abp.AspNetCore.Mvc.ApplicationConfigurations.AbpApplicationConfigurationController.GetAsync (Volo.Abp.AspNetCore.Mvc), returned result Microsoft.AspNetCore.Mvc.ObjectResult in 107.2935ms.
2024-10-28 20:58:40 [INF] [Microsoft.AspNetCore.Mvc.Infrastructure.ObjectResultExecutor] [13556] [103] - Executing ObjectResult, writing value of type 'Volo.Abp.AspNetCore.Mvc.ApplicationConfigurations.ApplicationConfigurationDto'.
2024-10-28 20:58:40 [INF] [Microsoft.AspNetCore.Mvc.Infrastructure.ControllerActionInvoker] [13556] [103] - Executed action Volo.Abp.AspNetCore.Mvc.ApplicationConfigurations.AbpApplicationConfigurationController.GetAsync (Volo.Abp.AspNetCore.Mvc) in 161.4005ms
2024-10-28 20:58:40 [INF] [Microsoft.AspNetCore.Routing.EndpointMiddleware] [13556] [103] - Executed endpoint 'Volo.Abp.AspNetCore.Mvc.ApplicationConfigurations.AbpApplicationConfigurationController.GetAsync (Volo.Abp.AspNetCore.Mvc)'
2024-10-28 20:58:40 [INF] [Microsoft.AspNetCore.Hosting.Diagnostics] [13556] [103] - Request finished HTTP/1.1 GET http://127.0.0.1:30015/api/abp/application-configuration?_t=1730120319788 - 200 null application/json; charset=utf-8 191.5724ms
2024-10-28 20:58:44 [INF] [Microsoft.AspNetCore.Hosting.Diagnostics] [13556] [103] - Request starting HTTP/1.1 GET http://127.0.0.1:30015/api/abp/api-definition?_t=1730120324235 - null 0
2024-10-28 20:58:44 [INF] [Microsoft.AspNetCore.Routing.EndpointMiddleware] [13556] [103] - Executing endpoint 'Volo.Abp.AspNetCore.Mvc.ApiExploring.AbpApiDefinitionController.Get (Volo.Abp.AspNetCore.Mvc)'
2024-10-28 20:58:44 [INF] [Microsoft.AspNetCore.Mvc.Infrastructure.ControllerActionInvoker] [13556] [103] - Route matched with {area = "abp", action = "Get", controller = "AbpApiDefinition"}. Executing controller action with signature Volo.Abp.Http.Modeling.ApplicationApiDescriptionModel Get(Volo.Abp.Http.Modeling.ApplicationApiDescriptionModelRequestDto) on controller Volo.Abp.AspNetCore.Mvc.ApiExploring.AbpApiDefinitionController (Volo.Abp.AspNetCore.Mvc).
2024-10-28 20:58:44 [INF] [Microsoft.AspNetCore.Mvc.Infrastructure.ControllerActionInvoker] [13556] [103] - Executing action method Volo.Abp.AspNetCore.Mvc.ApiExploring.AbpApiDefinitionController.Get (Volo.Abp.AspNetCore.Mvc) - Validation state: "Valid"
2024-10-28 20:58:44 [WRN] [Volo.Abp.AspNetCore.Mvc.AspNetCoreApiDescriptionModelProvider] [13556] [103] - Controller 'Account' contains more than one action with name 'RegisterAsyncByInput' for module 'account'. Ignored: System.Threading.Tasks.Task RegisterAsync(ZQH.Abp.Account.PhoneRegisterDto)
2024-10-28 20:58:44 [INF] [Microsoft.AspNetCore.Mvc.Infrastructure.ControllerActionInvoker] [13556] [103] - Executed action method Volo.Abp.AspNetCore.Mvc.ApiExploring.AbpApiDefinitionController.Get (Volo.Abp.AspNetCore.Mvc), returned result Microsoft.AspNetCore.Mvc.ObjectResult in 152.6226ms.
2024-10-28 20:58:44 [INF] [Microsoft.AspNetCore.Mvc.Infrastructure.ObjectResultExecutor] [13556] [103] - Executing ObjectResult, writing value of type 'Volo.Abp.Http.Modeling.ApplicationApiDescriptionModel'.
2024-10-28 20:58:44 [INF] [Microsoft.AspNetCore.Mvc.Infrastructure.ControllerActionInvoker] [13556] [103] - Executed action Volo.Abp.AspNetCore.Mvc.ApiExploring.AbpApiDefinitionController.Get (Volo.Abp.AspNetCore.Mvc) in 160.0242ms
2024-10-28 20:58:44 [INF] [Microsoft.AspNetCore.Routing.EndpointMiddleware] [13556] [103] - Executed endpoint 'Volo.Abp.AspNetCore.Mvc.ApiExploring.AbpApiDefinitionController.Get (Volo.Abp.AspNetCore.Mvc)'
2024-10-28 20:58:44 [INF] [Microsoft.AspNetCore.Hosting.Diagnostics] [13556] [103] - Request finished HTTP/1.1 GET http://127.0.0.1:30015/api/abp/api-definition?_t=1730120324235 - 200 null application/json; charset=utf-8 174.3066ms
2024-10-28 21:00:11 [INF] [Microsoft.AspNetCore.Hosting.Diagnostics] [13556] [103] - Request starting HTTP/1.1 GET http://127.0.0.1:30015/api/abp/application-configuration?_t=1730120411709 - null 0
2024-10-28 21:00:11 [INF] [Microsoft.AspNetCore.Routing.EndpointMiddleware] [13556] [103] - Executing endpoint 'Volo.Abp.AspNetCore.Mvc.ApplicationConfigurations.AbpApplicationConfigurationController.GetAsync (Volo.Abp.AspNetCore.Mvc)'
2024-10-28 21:00:11 [INF] [Microsoft.AspNetCore.Mvc.Infrastructure.ControllerActionInvoker] [13556] [103] - Route matched with {area = "abp", action = "Get", controller = "AbpApplicationConfiguration"}. Executing controller action with signature System.Threading.Tasks.Task`1[Volo.Abp.AspNetCore.Mvc.ApplicationConfigurations.ApplicationConfigurationDto] GetAsync(Volo.Abp.AspNetCore.Mvc.ApplicationConfigurations.ApplicationConfigurationRequestOptions) on controller Volo.Abp.AspNetCore.Mvc.ApplicationConfigurations.AbpApplicationConfigurationController (Volo.Abp.AspNetCore.Mvc).
2024-10-28 21:00:11 [INF] [Microsoft.AspNetCore.Mvc.Infrastructure.ControllerActionInvoker] [13556] [103] - Executing action method Volo.Abp.AspNetCore.Mvc.ApplicationConfigurations.AbpApplicationConfigurationController.GetAsync (Volo.Abp.AspNetCore.Mvc) - Validation state: "Valid"
2024-10-28 21:00:11 [WRN] [Microsoft.AspNetCore.Http.ResponseCookies] [13556] [103] - The cookie 'XSRF-TOKEN' has set 'SameSite=None' and must also set 'Secure'.
2024-10-28 21:00:11 [INF] [Microsoft.EntityFrameworkCore.Database.Command] [13556] [69] - Executed DbCommand (0ms) [Parameters=[], CommandType='"Text"', CommandTimeout='30']
SELECT `a`.`Id`, `a`.`CreationTime`, `a`.`CreatorId`, `a`.`CultureName`, `a`.`DisplayName`, `a`.`Enable`, `a`.`LastModificationTime`, `a`.`LastModifierId`, `a`.`TwoLetterISOLanguageName`, `a`.`UiCultureName`
FROM `AbpLocalizationLanguages` AS `a`
WHERE `a`.`Enable`
2024-10-28 21:00:11 [INF] [Microsoft.AspNetCore.Mvc.Infrastructure.ControllerActionInvoker] [13556] [24] - Executed action method Volo.Abp.AspNetCore.Mvc.ApplicationConfigurations.AbpApplicationConfigurationController.GetAsync (Volo.Abp.AspNetCore.Mvc), returned result Microsoft.AspNetCore.Mvc.ObjectResult in 72.2469ms.
2024-10-28 21:00:11 [INF] [Microsoft.AspNetCore.Mvc.Infrastructure.ObjectResultExecutor] [13556] [24] - Executing ObjectResult, writing value of type 'Volo.Abp.AspNetCore.Mvc.ApplicationConfigurations.ApplicationConfigurationDto'.
2024-10-28 21:00:11 [INF] [Microsoft.AspNetCore.Mvc.Infrastructure.ControllerActionInvoker] [13556] [24] - Executed action Volo.Abp.AspNetCore.Mvc.ApplicationConfigurations.AbpApplicationConfigurationController.GetAsync (Volo.Abp.AspNetCore.Mvc) in 88.5407ms
2024-10-28 21:00:11 [INF] [Microsoft.AspNetCore.Routing.EndpointMiddleware] [13556] [24] - Executed endpoint 'Volo.Abp.AspNetCore.Mvc.ApplicationConfigurations.AbpApplicationConfigurationController.GetAsync (Volo.Abp.AspNetCore.Mvc)'
2024-10-28 21:00:11 [INF] [Microsoft.AspNetCore.Hosting.Diagnostics] [13556] [24] - Request finished HTTP/1.1 GET http://127.0.0.1:30015/api/abp/application-configuration?_t=1730120411709 - 200 null application/json; charset=utf-8 103.7905ms
2024-10-28 21:00:14 [INF] [Microsoft.AspNetCore.Hosting.Diagnostics] [13556] [24] - Request starting HTTP/1.1 GET http://127.0.0.1:30015/api/abp/api-definition?_t=1730120413949 - null 0
2024-10-28 21:00:14 [INF] [Microsoft.AspNetCore.Routing.EndpointMiddleware] [13556] [24] - Executing endpoint 'Volo.Abp.AspNetCore.Mvc.ApiExploring.AbpApiDefinitionController.Get (Volo.Abp.AspNetCore.Mvc)'
2024-10-28 21:00:14 [INF] [Microsoft.AspNetCore.Mvc.Infrastructure.ControllerActionInvoker] [13556] [24] - Route matched with {area = "abp", action = "Get", controller = "AbpApiDefinition"}. Executing controller action with signature Volo.Abp.Http.Modeling.ApplicationApiDescriptionModel Get(Volo.Abp.Http.Modeling.ApplicationApiDescriptionModelRequestDto) on controller Volo.Abp.AspNetCore.Mvc.ApiExploring.AbpApiDefinitionController (Volo.Abp.AspNetCore.Mvc).
2024-10-28 21:00:14 [INF] [Microsoft.AspNetCore.Mvc.Infrastructure.ControllerActionInvoker] [13556] [24] - Executing action method Volo.Abp.AspNetCore.Mvc.ApiExploring.AbpApiDefinitionController.Get (Volo.Abp.AspNetCore.Mvc) - Validation state: "Valid"
2024-10-28 21:00:14 [WRN] [Volo.Abp.AspNetCore.Mvc.AspNetCoreApiDescriptionModelProvider] [13556] [24] - Controller 'Account' contains more than one action with name 'RegisterAsyncByInput' for module 'account'. Ignored: System.Threading.Tasks.Task RegisterAsync(ZQH.Abp.Account.PhoneRegisterDto)
2024-10-28 21:00:14 [INF] [Microsoft.AspNetCore.Mvc.Infrastructure.ControllerActionInvoker] [13556] [24] - Executed action method Volo.Abp.AspNetCore.Mvc.ApiExploring.AbpApiDefinitionController.Get (Volo.Abp.AspNetCore.Mvc), returned result Microsoft.AspNetCore.Mvc.ObjectResult in 142.4428ms.
2024-10-28 21:00:14 [INF] [Microsoft.AspNetCore.Mvc.Infrastructure.ObjectResultExecutor] [13556] [24] - Executing ObjectResult, writing value of type 'Volo.Abp.Http.Modeling.ApplicationApiDescriptionModel'.
2024-10-28 21:00:14 [INF] [Microsoft.AspNetCore.Mvc.Infrastructure.ControllerActionInvoker] [13556] [24] - Executed action Volo.Abp.AspNetCore.Mvc.ApiExploring.AbpApiDefinitionController.Get (Volo.Abp.AspNetCore.Mvc) in 148.5617ms
2024-10-28 21:00:14 [INF] [Microsoft.AspNetCore.Routing.EndpointMiddleware] [13556] [24] - Executed endpoint 'Volo.Abp.AspNetCore.Mvc.ApiExploring.AbpApiDefinitionController.Get (Volo.Abp.AspNetCore.Mvc)'
2024-10-28 21:00:14 [INF] [Microsoft.AspNetCore.Hosting.Diagnostics] [13556] [24] - Request finished HTTP/1.1 GET http://127.0.0.1:30015/api/abp/api-definition?_t=1730120413949 - 200 null application/json; charset=utf-8 159.7442ms
2024-10-28 21:13:32 [WRN] [DotNetCore.CAP.Internal.ConsumerRegister] [13556] [54] - RabbitMQ consumer cancelled. --> amq.ctag-baztRQJQ1wrESZ6JUme4vw
2024-10-28 21:13:34 [WRN] [DotNetCore.CAP.Internal.ConsumerRegister] [13556] [54] - RabbitMQ consumer shutdown. --> Unexpected Exception: Unable to read data from the transport connection: 远程主机强迫关闭了一个现有的连接。.
2024-10-28 21:13:49 [INF] [Microsoft.AspNetCore.Hosting.Diagnostics] [13556] [54] - Request starting HTTP/1.1 GET http://127.0.0.1:30015/api/abp/application-configuration?_t=1730121229235 - null 0
2024-10-28 21:13:49 [INF] [Microsoft.AspNetCore.Routing.EndpointMiddleware] [13556] [54] - Executing endpoint 'Volo.Abp.AspNetCore.Mvc.ApplicationConfigurations.AbpApplicationConfigurationController.GetAsync (Volo.Abp.AspNetCore.Mvc)'
2024-10-28 21:13:49 [INF] [Microsoft.AspNetCore.Mvc.Infrastructure.ControllerActionInvoker] [13556] [54] - Route matched with {area = "abp", action = "Get", controller = "AbpApplicationConfiguration"}. Executing controller action with signature System.Threading.Tasks.Task`1[Volo.Abp.AspNetCore.Mvc.ApplicationConfigurations.ApplicationConfigurationDto] GetAsync(Volo.Abp.AspNetCore.Mvc.ApplicationConfigurations.ApplicationConfigurationRequestOptions) on controller Volo.Abp.AspNetCore.Mvc.ApplicationConfigurations.AbpApplicationConfigurationController (Volo.Abp.AspNetCore.Mvc).
2024-10-28 21:13:49 [INF] [Microsoft.AspNetCore.Mvc.Infrastructure.ControllerActionInvoker] [13556] [54] - Executing action method Volo.Abp.AspNetCore.Mvc.ApplicationConfigurations.AbpApplicationConfigurationController.GetAsync (Volo.Abp.AspNetCore.Mvc) - Validation state: "Valid"
2024-10-28 21:13:49 [WRN] [Microsoft.AspNetCore.Http.ResponseCookies] [13556] [54] - The cookie 'XSRF-TOKEN' has set 'SameSite=None' and must also set 'Secure'.
2024-10-28 21:13:49 [INF] [Microsoft.EntityFrameworkCore.Database.Command] [13556] [64] - Executed DbCommand (1ms) [Parameters=[], CommandType='"Text"', CommandTimeout='30']
SELECT `a`.`Id`, `a`.`CreationTime`, `a`.`CreatorId`, `a`.`CultureName`, `a`.`DisplayName`, `a`.`Enable`, `a`.`LastModificationTime`, `a`.`LastModifierId`, `a`.`TwoLetterISOLanguageName`, `a`.`UiCultureName`
FROM `AbpLocalizationLanguages` AS `a`
WHERE `a`.`Enable`
2024-10-28 21:13:49 [INF] [Microsoft.AspNetCore.Mvc.Infrastructure.ControllerActionInvoker] [13556] [64] - Executed action method Volo.Abp.AspNetCore.Mvc.ApplicationConfigurations.AbpApplicationConfigurationController.GetAsync (Volo.Abp.AspNetCore.Mvc), returned result Microsoft.AspNetCore.Mvc.ObjectResult in 142.8817ms.
2024-10-28 21:13:49 [INF] [Microsoft.AspNetCore.Mvc.Infrastructure.ObjectResultExecutor] [13556] [64] - Executing ObjectResult, writing value of type 'Volo.Abp.AspNetCore.Mvc.ApplicationConfigurations.ApplicationConfigurationDto'.
2024-10-28 21:13:49 [INF] [Microsoft.AspNetCore.Mvc.Infrastructure.ControllerActionInvoker] [13556] [64] - Executed action Volo.Abp.AspNetCore.Mvc.ApplicationConfigurations.AbpApplicationConfigurationController.GetAsync (Volo.Abp.AspNetCore.Mvc) in 159.8993ms
2024-10-28 21:13:49 [INF] [Microsoft.AspNetCore.Routing.EndpointMiddleware] [13556] [64] - Executed endpoint 'Volo.Abp.AspNetCore.Mvc.ApplicationConfigurations.AbpApplicationConfigurationController.GetAsync (Volo.Abp.AspNetCore.Mvc)'
2024-10-28 21:13:49 [INF] [Microsoft.AspNetCore.Hosting.Diagnostics] [13556] [64] - Request finished HTTP/1.1 GET http://127.0.0.1:30015/api/abp/application-configuration?_t=1730121229235 - 200 null application/json; charset=utf-8 177.6482ms
2024-10-28 21:13:51 [INF] [Microsoft.AspNetCore.Hosting.Diagnostics] [13556] [54] - Request starting HTTP/1.1 GET http://127.0.0.1:30015/api/abp/api-definition?_t=1730121231712 - null 0
2024-10-28 21:13:51 [INF] [Microsoft.AspNetCore.Routing.EndpointMiddleware] [13556] [54] - Executing endpoint 'Volo.Abp.AspNetCore.Mvc.ApiExploring.AbpApiDefinitionController.Get (Volo.Abp.AspNetCore.Mvc)'
2024-10-28 21:13:51 [INF] [Microsoft.AspNetCore.Mvc.Infrastructure.ControllerActionInvoker] [13556] [54] - Route matched with {area = "abp", action = "Get", controller = "AbpApiDefinition"}. Executing controller action with signature Volo.Abp.Http.Modeling.ApplicationApiDescriptionModel Get(Volo.Abp.Http.Modeling.ApplicationApiDescriptionModelRequestDto) on controller Volo.Abp.AspNetCore.Mvc.ApiExploring.AbpApiDefinitionController (Volo.Abp.AspNetCore.Mvc).
2024-10-28 21:13:51 [INF] [Microsoft.AspNetCore.Mvc.Infrastructure.ControllerActionInvoker] [13556] [54] - Executing action method Volo.Abp.AspNetCore.Mvc.ApiExploring.AbpApiDefinitionController.Get (Volo.Abp.AspNetCore.Mvc) - Validation state: "Valid"
2024-10-28 21:13:51 [WRN] [Volo.Abp.AspNetCore.Mvc.AspNetCoreApiDescriptionModelProvider] [13556] [54] - Controller 'Account' contains more than one action with name 'RegisterAsyncByInput' for module 'account'. Ignored: System.Threading.Tasks.Task RegisterAsync(ZQH.Abp.Account.PhoneRegisterDto)
2024-10-28 21:13:51 [INF] [Microsoft.AspNetCore.Mvc.Infrastructure.ControllerActionInvoker] [13556] [54] - Executed action method Volo.Abp.AspNetCore.Mvc.ApiExploring.AbpApiDefinitionController.Get (Volo.Abp.AspNetCore.Mvc), returned result Microsoft.AspNetCore.Mvc.ObjectResult in 176.6533ms.
2024-10-28 21:13:51 [INF] [Microsoft.AspNetCore.Mvc.Infrastructure.ObjectResultExecutor] [13556] [54] - Executing ObjectResult, writing value of type 'Volo.Abp.Http.Modeling.ApplicationApiDescriptionModel'.
2024-10-28 21:13:51 [INF] [Microsoft.AspNetCore.Mvc.Infrastructure.ControllerActionInvoker] [13556] [54] - Executed action Volo.Abp.AspNetCore.Mvc.ApiExploring.AbpApiDefinitionController.Get (Volo.Abp.AspNetCore.Mvc) in 182.9956ms
2024-10-28 21:13:51 [INF] [Microsoft.AspNetCore.Routing.EndpointMiddleware] [13556] [54] - Executed endpoint 'Volo.Abp.AspNetCore.Mvc.ApiExploring.AbpApiDefinitionController.Get (Volo.Abp.AspNetCore.Mvc)'
2024-10-28 21:13:51 [INF] [Microsoft.AspNetCore.Hosting.Diagnostics] [13556] [54] - Request finished HTTP/1.1 GET http://127.0.0.1:30015/api/abp/api-definition?_t=1730121231712 - 200 null application/json; charset=utf-8 193.1766ms
2024-10-28 21:25:12 [INF] [Microsoft.EntityFrameworkCore.Database.Command] [13556] [76] - Executed DbCommand (1ms) [Parameters=[@__ef_filter__p_0='?' (DbType = Boolean), @__Subtract_0='?' (DbType = DateTime)], CommandType='"Text"', CommandTimeout='30']
DELETE `a`
FROM `AbpSessions` AS `a`
WHERE (@__ef_filter__p_0 OR (`a`.`TenantId` IS NULL)) AND (`a`.`LastAccessed` IS NULL OR (`a`.`LastAccessed` < @__Subtract_0))
2024-10-28 21:25:12 [INF] [Volo.Abp.OpenIddict.Tokens.TokenCleanupBackgroundWorker] [13556] [46] - Lock is acquired for TokenCleanupBackgroundWorker
2024-10-28 21:25:12 [INF] [Volo.Abp.OpenIddict.Tokens.TokenCleanupService] [13556] [46] - Start cleanup.
2024-10-28 21:25:12 [INF] [Volo.Abp.OpenIddict.Tokens.TokenCleanupService] [13556] [46] - Start cleanup tokens.
2024-10-28 21:25:12 [INF] [Microsoft.EntityFrameworkCore.Database.Command] [13556] [46] - Executed DbCommand (2ms) [Parameters=[@__ef_filter__p_0='?' (DbType = Boolean), @__date_0='?' (DbType = DateTime)], CommandType='"Text"', CommandTimeout='30']
DELETE `o`
FROM `OpenIddictTokens` AS `o`
LEFT JOIN (
    SELECT `o0`.`Id`, `o0`.`Status`
    FROM `OpenIddictAuthorizations` AS `o0`
    WHERE @__ef_filter__p_0 OR NOT (`o0`.`IsDeleted`)
) AS `t` ON `o`.`AuthorizationId` = `t`.`Id`
WHERE ((@__ef_filter__p_0 OR NOT (`o`.`IsDeleted`)) AND (`o`.`CreationDate` < @__date_0)) AND (((`o`.`Status` NOT IN ('inactive', 'valid') OR (`o`.`Status` IS NULL)) OR (`t`.`Id` IS NOT NULL AND ((`t`.`Status` <> 'valid') OR `t`.`Status` IS NULL))) OR (`o`.`ExpirationDate` < UTC_TIMESTAMP()))
2024-10-28 21:25:12 [INF] [Volo.Abp.OpenIddict.Tokens.TokenCleanupService] [13556] [46] - Start cleanup authorizations.
2024-10-28 21:25:12 [INF] [Microsoft.EntityFrameworkCore.Database.Command] [13556] [46] - Executed DbCommand (1ms) [Parameters=[@__ef_filter__p_0='?' (DbType = Boolean), @__date_0='?' (DbType = DateTime)], CommandType='"Text"', CommandTimeout='30']
SELECT `o`.`Id`
FROM `OpenIddictAuthorizations` AS `o`
LEFT JOIN (
    SELECT `o0`.`Id`, `o0`.`AuthorizationId`
    FROM `OpenIddictTokens` AS `o0`
    WHERE @__ef_filter__p_0 OR NOT (`o0`.`IsDeleted`)
) AS `t` ON `o`.`Id` = `t`.`AuthorizationId`
WHERE ((@__ef_filter__p_0 OR NOT (`o`.`IsDeleted`)) AND (`o`.`CreationDate` < @__date_0)) AND (((`o`.`Status` <> 'valid') OR `o`.`Status` IS NULL) OR ((`o`.`Type` = 'ad-hoc') AND `t`.`Id` IS NULL))
2024-10-28 21:25:12 [INF] [Microsoft.EntityFrameworkCore.Database.Command] [13556] [46] - Executed DbCommand (0ms) [Parameters=[], CommandType='"Text"', CommandTimeout='30']
DELETE `o`
FROM `OpenIddictTokens` AS `o`
WHERE FALSE
2024-10-28 21:25:12 [INF] [Microsoft.EntityFrameworkCore.Database.Command] [13556] [46] - Executed DbCommand (0ms) [Parameters=[], CommandType='"Text"', CommandTimeout='30']
DELETE `o`
FROM `OpenIddictAuthorizations` AS `o`
WHERE FALSE
2024-10-28 21:25:12 [INF] [Volo.Abp.OpenIddict.Tokens.TokenCleanupBackgroundWorker] [13556] [46] - Lock is released for TokenCleanupBackgroundWorker
2024-10-28 23:13:32 [WRN] [DotNetCore.CAP.Internal.ConsumerRegister] [13556] [32] - RabbitMQ consumer cancelled. --> amq.ctag-baztRQJQ1wrESZ6JUme4vw
2024-10-28 23:13:34 [WRN] [DotNetCore.CAP.Internal.ConsumerRegister] [13556] [32] - RabbitMQ consumer shutdown. --> Unexpected Exception: Unable to read data from the transport connection: 远程主机强迫关闭了一个现有的连接。.
2024-10-28 23:13:39 [INF] [Microsoft.AspNetCore.Hosting.Diagnostics] [13556] [97] - Request starting HTTP/1.1 GET http://127.0.0.1:30015/api/abp/application-configuration?_t=1730128419317 - null 0
2024-10-28 23:13:39 [INF] [Microsoft.AspNetCore.Routing.EndpointMiddleware] [13556] [97] - Executing endpoint 'Volo.Abp.AspNetCore.Mvc.ApplicationConfigurations.AbpApplicationConfigurationController.GetAsync (Volo.Abp.AspNetCore.Mvc)'
2024-10-28 23:13:39 [INF] [Microsoft.AspNetCore.Mvc.Infrastructure.ControllerActionInvoker] [13556] [97] - Route matched with {area = "abp", action = "Get", controller = "AbpApplicationConfiguration"}. Executing controller action with signature System.Threading.Tasks.Task`1[Volo.Abp.AspNetCore.Mvc.ApplicationConfigurations.ApplicationConfigurationDto] GetAsync(Volo.Abp.AspNetCore.Mvc.ApplicationConfigurations.ApplicationConfigurationRequestOptions) on controller Volo.Abp.AspNetCore.Mvc.ApplicationConfigurations.AbpApplicationConfigurationController (Volo.Abp.AspNetCore.Mvc).
2024-10-28 23:13:39 [INF] [Microsoft.AspNetCore.Mvc.Infrastructure.ControllerActionInvoker] [13556] [97] - Executing action method Volo.Abp.AspNetCore.Mvc.ApplicationConfigurations.AbpApplicationConfigurationController.GetAsync (Volo.Abp.AspNetCore.Mvc) - Validation state: "Valid"
2024-10-28 23:13:39 [WRN] [Microsoft.AspNetCore.Http.ResponseCookies] [13556] [97] - The cookie 'XSRF-TOKEN' has set 'SameSite=None' and must also set 'Secure'.
2024-10-28 23:13:40 [INF] [Microsoft.EntityFrameworkCore.Database.Command] [13556] [90] - Executed DbCommand (2ms) [Parameters=[], CommandType='"Text"', CommandTimeout='30']
SELECT `a`.`Id`, `a`.`CreationTime`, `a`.`CreatorId`, `a`.`CultureName`, `a`.`DisplayName`, `a`.`Enable`, `a`.`LastModificationTime`, `a`.`LastModifierId`, `a`.`TwoLetterISOLanguageName`, `a`.`UiCultureName`
FROM `AbpLocalizationLanguages` AS `a`
WHERE `a`.`Enable`
2024-10-28 23:13:40 [INF] [Microsoft.EntityFrameworkCore.Database.Command] [13556] [86] - Executed DbCommand (2ms) [Parameters=[], CommandType='"Text"', CommandTimeout='30']
SELECT `a`.`Id`, `a`.`CreationTime`, `a`.`CreatorId`, `a`.`DefaultCultureName`, `a`.`Description`, `a`.`DisplayName`, `a`.`Enable`, `a`.`LastModificationTime`, `a`.`LastModifierId`, `a`.`Name`
FROM `AbpLocalizationResources` AS `a`
2024-10-28 23:13:40 [INF] [Microsoft.EntityFrameworkCore.Database.Command] [13556] [86] - Executed DbCommand (1ms) [Parameters=[], CommandType='"Text"', CommandTimeout='30']
SELECT `a`.`Id`, `a`.`CreationTime`, `a`.`CreatorId`, `a`.`CultureName`, `a`.`DisplayName`, `a`.`Enable`, `a`.`LastModificationTime`, `a`.`LastModifierId`, `a`.`TwoLetterISOLanguageName`, `a`.`UiCultureName`
FROM `AbpLocalizationLanguages` AS `a`
WHERE `a`.`Enable`
2024-10-28 23:13:40 [INF] [Microsoft.EntityFrameworkCore.Database.Command] [13556] [97] - Executed DbCommand (2ms) [Parameters=[], CommandType='"Text"', CommandTimeout='30']
SELECT `a`.`Id`, `a`.`CultureName`, `a`.`Key`, `a`.`ResourceName`, `a`.`Value`
FROM `AbpLocalizationTexts` AS `a`
2024-10-28 23:13:40 [INF] [Microsoft.AspNetCore.Mvc.Infrastructure.ControllerActionInvoker] [13556] [55] - Executed action method Volo.Abp.AspNetCore.Mvc.ApplicationConfigurations.AbpApplicationConfigurationController.GetAsync (Volo.Abp.AspNetCore.Mvc), returned result Microsoft.AspNetCore.Mvc.ObjectResult in 606.3925ms.
2024-10-28 23:13:40 [INF] [Microsoft.AspNetCore.Mvc.Infrastructure.ObjectResultExecutor] [13556] [55] - Executing ObjectResult, writing value of type 'Volo.Abp.AspNetCore.Mvc.ApplicationConfigurations.ApplicationConfigurationDto'.
2024-10-28 23:13:40 [INF] [Microsoft.AspNetCore.Mvc.Infrastructure.ControllerActionInvoker] [13556] [55] - Executed action Volo.Abp.AspNetCore.Mvc.ApplicationConfigurations.AbpApplicationConfigurationController.GetAsync (Volo.Abp.AspNetCore.Mvc) in 930.3725ms
2024-10-28 23:13:40 [INF] [Microsoft.AspNetCore.Routing.EndpointMiddleware] [13556] [55] - Executed endpoint 'Volo.Abp.AspNetCore.Mvc.ApplicationConfigurations.AbpApplicationConfigurationController.GetAsync (Volo.Abp.AspNetCore.Mvc)'
2024-10-28 23:13:40 [INF] [Microsoft.AspNetCore.Hosting.Diagnostics] [13556] [55] - Request finished HTTP/1.1 GET http://127.0.0.1:30015/api/abp/application-configuration?_t=1730128419317 - 200 null application/json; charset=utf-8 1023.4784ms
2024-10-28 23:13:47 [INF] [Microsoft.AspNetCore.Hosting.Diagnostics] [13556] [90] - Request starting HTTP/1.1 GET http://127.0.0.1:30015/api/abp/api-definition?_t=1730128427593 - null 0
2024-10-28 23:13:47 [INF] [Microsoft.AspNetCore.Routing.EndpointMiddleware] [13556] [90] - Executing endpoint 'Volo.Abp.AspNetCore.Mvc.ApiExploring.AbpApiDefinitionController.Get (Volo.Abp.AspNetCore.Mvc)'
2024-10-28 23:13:47 [INF] [Microsoft.AspNetCore.Mvc.Infrastructure.ControllerActionInvoker] [13556] [90] - Route matched with {area = "abp", action = "Get", controller = "AbpApiDefinition"}. Executing controller action with signature Volo.Abp.Http.Modeling.ApplicationApiDescriptionModel Get(Volo.Abp.Http.Modeling.ApplicationApiDescriptionModelRequestDto) on controller Volo.Abp.AspNetCore.Mvc.ApiExploring.AbpApiDefinitionController (Volo.Abp.AspNetCore.Mvc).
2024-10-28 23:13:47 [INF] [Microsoft.AspNetCore.Mvc.Infrastructure.ControllerActionInvoker] [13556] [90] - Executing action method Volo.Abp.AspNetCore.Mvc.ApiExploring.AbpApiDefinitionController.Get (Volo.Abp.AspNetCore.Mvc) - Validation state: "Valid"
2024-10-28 23:13:47 [WRN] [Volo.Abp.AspNetCore.Mvc.AspNetCoreApiDescriptionModelProvider] [13556] [90] - Controller 'Account' contains more than one action with name 'RegisterAsyncByInput' for module 'account'. Ignored: System.Threading.Tasks.Task RegisterAsync(ZQH.Abp.Account.PhoneRegisterDto)
2024-10-28 23:13:47 [INF] [Microsoft.AspNetCore.Mvc.Infrastructure.ControllerActionInvoker] [13556] [90] - Executed action method Volo.Abp.AspNetCore.Mvc.ApiExploring.AbpApiDefinitionController.Get (Volo.Abp.AspNetCore.Mvc), returned result Microsoft.AspNetCore.Mvc.ObjectResult in 159.2092ms.
2024-10-28 23:13:47 [INF] [Microsoft.AspNetCore.Mvc.Infrastructure.ObjectResultExecutor] [13556] [90] - Executing ObjectResult, writing value of type 'Volo.Abp.Http.Modeling.ApplicationApiDescriptionModel'.
2024-10-28 23:13:47 [INF] [Microsoft.AspNetCore.Mvc.Infrastructure.ControllerActionInvoker] [13556] [90] - Executed action Volo.Abp.AspNetCore.Mvc.ApiExploring.AbpApiDefinitionController.Get (Volo.Abp.AspNetCore.Mvc) in 167.155ms
2024-10-28 23:13:47 [INF] [Microsoft.AspNetCore.Routing.EndpointMiddleware] [13556] [90] - Executed endpoint 'Volo.Abp.AspNetCore.Mvc.ApiExploring.AbpApiDefinitionController.Get (Volo.Abp.AspNetCore.Mvc)'
2024-10-28 23:13:47 [INF] [Microsoft.AspNetCore.Hosting.Diagnostics] [13556] [90] - Request finished HTTP/1.1 GET http://127.0.0.1:30015/api/abp/api-definition?_t=1730128427593 - 200 null application/json; charset=utf-8 176.8809ms
2024-10-28 23:25:07 [INF] [Microsoft.EntityFrameworkCore.Database.Command] [13556] [111] - Executed DbCommand (1ms) [Parameters=[@__ef_filter__p_0='?' (DbType = Boolean), @__Subtract_0='?' (DbType = DateTime)], CommandType='"Text"', CommandTimeout='30']
DELETE `a`
FROM `AbpSessions` AS `a`
WHERE (@__ef_filter__p_0 OR (`a`.`TenantId` IS NULL)) AND (`a`.`LastAccessed` IS NULL OR (`a`.`LastAccessed` < @__Subtract_0))
2024-10-28 23:25:07 [INF] [Volo.Abp.OpenIddict.Tokens.TokenCleanupBackgroundWorker] [13556] [83] - Lock is acquired for TokenCleanupBackgroundWorker
2024-10-28 23:25:07 [INF] [Volo.Abp.OpenIddict.Tokens.TokenCleanupService] [13556] [83] - Start cleanup.
2024-10-28 23:25:07 [INF] [Volo.Abp.OpenIddict.Tokens.TokenCleanupService] [13556] [83] - Start cleanup tokens.
2024-10-28 23:25:07 [INF] [Microsoft.EntityFrameworkCore.Database.Command] [13556] [83] - Executed DbCommand (1ms) [Parameters=[@__ef_filter__p_0='?' (DbType = Boolean), @__date_0='?' (DbType = DateTime)], CommandType='"Text"', CommandTimeout='30']
DELETE `o`
FROM `OpenIddictTokens` AS `o`
LEFT JOIN (
    SELECT `o0`.`Id`, `o0`.`Status`
    FROM `OpenIddictAuthorizations` AS `o0`
    WHERE @__ef_filter__p_0 OR NOT (`o0`.`IsDeleted`)
) AS `t` ON `o`.`AuthorizationId` = `t`.`Id`
WHERE ((@__ef_filter__p_0 OR NOT (`o`.`IsDeleted`)) AND (`o`.`CreationDate` < @__date_0)) AND (((`o`.`Status` NOT IN ('inactive', 'valid') OR (`o`.`Status` IS NULL)) OR (`t`.`Id` IS NOT NULL AND ((`t`.`Status` <> 'valid') OR `t`.`Status` IS NULL))) OR (`o`.`ExpirationDate` < UTC_TIMESTAMP()))
2024-10-28 23:25:07 [INF] [Volo.Abp.OpenIddict.Tokens.TokenCleanupService] [13556] [83] - Start cleanup authorizations.
2024-10-28 23:25:07 [INF] [Microsoft.EntityFrameworkCore.Database.Command] [13556] [72] - Executed DbCommand (1ms) [Parameters=[@__ef_filter__p_0='?' (DbType = Boolean), @__date_0='?' (DbType = DateTime)], CommandType='"Text"', CommandTimeout='30']
SELECT `o`.`Id`
FROM `OpenIddictAuthorizations` AS `o`
LEFT JOIN (
    SELECT `o0`.`Id`, `o0`.`AuthorizationId`
    FROM `OpenIddictTokens` AS `o0`
    WHERE @__ef_filter__p_0 OR NOT (`o0`.`IsDeleted`)
) AS `t` ON `o`.`Id` = `t`.`AuthorizationId`
WHERE ((@__ef_filter__p_0 OR NOT (`o`.`IsDeleted`)) AND (`o`.`CreationDate` < @__date_0)) AND (((`o`.`Status` <> 'valid') OR `o`.`Status` IS NULL) OR ((`o`.`Type` = 'ad-hoc') AND `t`.`Id` IS NULL))
2024-10-28 23:25:07 [INF] [Microsoft.EntityFrameworkCore.Database.Command] [13556] [72] - Executed DbCommand (0ms) [Parameters=[], CommandType='"Text"', CommandTimeout='30']
DELETE `o`
FROM `OpenIddictTokens` AS `o`
WHERE FALSE
2024-10-28 23:25:07 [INF] [Microsoft.EntityFrameworkCore.Database.Command] [13556] [72] - Executed DbCommand (0ms) [Parameters=[], CommandType='"Text"', CommandTimeout='30']
DELETE `o`
FROM `OpenIddictAuthorizations` AS `o`
WHERE FALSE
2024-10-28 23:25:07 [INF] [Volo.Abp.OpenIddict.Tokens.TokenCleanupBackgroundWorker] [13556] [72] - Lock is released for TokenCleanupBackgroundWorker
