2024-11-07 04:59:11 [WRN] [DotNetCore.CAP.Internal.ConsumerRegister] [13556] [64] - RabbitMQ consumer cancelled. --> amq.ctag-mGEtn2mrc_2tIIKaAuZKOQ
2024-11-07 04:59:11 [WRN] [DotNetCore.CAP.Internal.ConsumerRegister] [13556] [64] - RabbitMQ consumer shutdown. --> Unexpected Exception: Unable to read data from the transport connection: 远程主机强迫关闭了一个现有的连接。.
2024-11-07 12:11:15 [INF] [Microsoft.EntityFrameworkCore.Database.Command] [13556] [67] - Executed DbCommand (4ms) [Parameters=[@__ef_filter__p_0='?' (DbType = Boolean), @__Subtract_0='?' (DbType = DateTime)], CommandType='"Text"', CommandTimeout='30']
DELETE `a`
FROM `AbpSessions` AS `a`
WHERE (@__ef_filter__p_0 OR (`a`.`TenantId` IS NULL)) AND (`a`.`LastAccessed` IS NULL OR (`a`.`LastAccessed` < @__Subtract_0))
2024-11-07 12:11:21 [INF] [Volo.Abp.OpenIddict.Tokens.TokenCleanupBackgroundWorker] [13556] [73] - Lock is acquired for TokenCleanupBackgroundWorker
2024-11-07 12:11:21 [INF] [Volo.Abp.OpenIddict.Tokens.TokenCleanupService] [13556] [73] - Start cleanup.
2024-11-07 12:11:21 [INF] [Volo.Abp.OpenIddict.Tokens.TokenCleanupService] [13556] [73] - Start cleanup tokens.
2024-11-07 12:11:21 [INF] [Microsoft.EntityFrameworkCore.Database.Command] [13556] [73] - Executed DbCommand (1ms) [Parameters=[@__ef_filter__p_0='?' (DbType = Boolean), @__date_0='?' (DbType = DateTime)], CommandType='"Text"', CommandTimeout='30']
DELETE `o`
FROM `OpenIddictTokens` AS `o`
LEFT JOIN (
    SELECT `o0`.`Id`, `o0`.`Status`
    FROM `OpenIddictAuthorizations` AS `o0`
    WHERE @__ef_filter__p_0 OR NOT (`o0`.`IsDeleted`)
) AS `t` ON `o`.`AuthorizationId` = `t`.`Id`
WHERE ((@__ef_filter__p_0 OR NOT (`o`.`IsDeleted`)) AND (`o`.`CreationDate` < @__date_0)) AND (((`o`.`Status` NOT IN ('inactive', 'valid') OR (`o`.`Status` IS NULL)) OR (`t`.`Id` IS NOT NULL AND ((`t`.`Status` <> 'valid') OR `t`.`Status` IS NULL))) OR (`o`.`ExpirationDate` < UTC_TIMESTAMP()))
2024-11-07 12:11:21 [INF] [Volo.Abp.OpenIddict.Tokens.TokenCleanupService] [13556] [73] - Start cleanup authorizations.
2024-11-07 12:11:21 [INF] [Microsoft.EntityFrameworkCore.Database.Command] [13556] [67] - Executed DbCommand (1ms) [Parameters=[@__ef_filter__p_0='?' (DbType = Boolean), @__date_0='?' (DbType = DateTime)], CommandType='"Text"', CommandTimeout='30']
SELECT `o`.`Id`
FROM `OpenIddictAuthorizations` AS `o`
LEFT JOIN (
    SELECT `o0`.`Id`, `o0`.`AuthorizationId`
    FROM `OpenIddictTokens` AS `o0`
    WHERE @__ef_filter__p_0 OR NOT (`o0`.`IsDeleted`)
) AS `t` ON `o`.`Id` = `t`.`AuthorizationId`
WHERE ((@__ef_filter__p_0 OR NOT (`o`.`IsDeleted`)) AND (`o`.`CreationDate` < @__date_0)) AND (((`o`.`Status` <> 'valid') OR `o`.`Status` IS NULL) OR ((`o`.`Type` = 'ad-hoc') AND `t`.`Id` IS NULL))
2024-11-07 12:11:21 [INF] [Microsoft.EntityFrameworkCore.Database.Command] [13556] [67] - Executed DbCommand (0ms) [Parameters=[], CommandType='"Text"', CommandTimeout='30']
DELETE `o`
FROM `OpenIddictTokens` AS `o`
WHERE FALSE
2024-11-07 12:11:21 [INF] [Microsoft.EntityFrameworkCore.Database.Command] [13556] [67] - Executed DbCommand (0ms) [Parameters=[], CommandType='"Text"', CommandTimeout='30']
DELETE `o`
FROM `OpenIddictAuthorizations` AS `o`
WHERE FALSE
2024-11-07 12:11:21 [INF] [Volo.Abp.OpenIddict.Tokens.TokenCleanupBackgroundWorker] [13556] [67] - Lock is released for TokenCleanupBackgroundWorker
2024-11-07 14:49:14 [WRN] [DotNetCore.CAP.Internal.ConsumerRegister] [13556] [71] - RabbitMQ consumer cancelled. --> amq.ctag-mGEtn2mrc_2tIIKaAuZKOQ
2024-11-07 14:49:15 [WRN] [DotNetCore.CAP.Internal.ConsumerRegister] [13556] [71] - RabbitMQ consumer shutdown. --> Unexpected Exception: Unable to read data from the transport connection: 远程主机强迫关闭了一个现有的连接。.
2024-11-07 15:19:46 [INF] [Microsoft.EntityFrameworkCore.Database.Command] [13556] [83] - Executed DbCommand (1ms) [Parameters=[@__ef_filter__p_0='?' (DbType = Boolean), @__Subtract_0='?' (DbType = DateTime)], CommandType='"Text"', CommandTimeout='30']
DELETE `a`
FROM `AbpSessions` AS `a`
WHERE (@__ef_filter__p_0 OR (`a`.`TenantId` IS NULL)) AND (`a`.`LastAccessed` IS NULL OR (`a`.`LastAccessed` < @__Subtract_0))
2024-11-07 15:19:52 [INF] [Volo.Abp.OpenIddict.Tokens.TokenCleanupBackgroundWorker] [13556] [52] - Lock is acquired for TokenCleanupBackgroundWorker
2024-11-07 15:19:52 [INF] [Volo.Abp.OpenIddict.Tokens.TokenCleanupService] [13556] [52] - Start cleanup.
2024-11-07 15:19:52 [INF] [Volo.Abp.OpenIddict.Tokens.TokenCleanupService] [13556] [52] - Start cleanup tokens.
2024-11-07 15:19:52 [INF] [Microsoft.EntityFrameworkCore.Database.Command] [13556] [52] - Executed DbCommand (1ms) [Parameters=[@__ef_filter__p_0='?' (DbType = Boolean), @__date_0='?' (DbType = DateTime)], CommandType='"Text"', CommandTimeout='30']
DELETE `o`
FROM `OpenIddictTokens` AS `o`
LEFT JOIN (
    SELECT `o0`.`Id`, `o0`.`Status`
    FROM `OpenIddictAuthorizations` AS `o0`
    WHERE @__ef_filter__p_0 OR NOT (`o0`.`IsDeleted`)
) AS `t` ON `o`.`AuthorizationId` = `t`.`Id`
WHERE ((@__ef_filter__p_0 OR NOT (`o`.`IsDeleted`)) AND (`o`.`CreationDate` < @__date_0)) AND (((`o`.`Status` NOT IN ('inactive', 'valid') OR (`o`.`Status` IS NULL)) OR (`t`.`Id` IS NOT NULL AND ((`t`.`Status` <> 'valid') OR `t`.`Status` IS NULL))) OR (`o`.`ExpirationDate` < UTC_TIMESTAMP()))
2024-11-07 15:19:52 [INF] [Volo.Abp.OpenIddict.Tokens.TokenCleanupService] [13556] [52] - Start cleanup authorizations.
2024-11-07 15:19:52 [INF] [Microsoft.EntityFrameworkCore.Database.Command] [13556] [52] - Executed DbCommand (1ms) [Parameters=[@__ef_filter__p_0='?' (DbType = Boolean), @__date_0='?' (DbType = DateTime)], CommandType='"Text"', CommandTimeout='30']
SELECT `o`.`Id`
FROM `OpenIddictAuthorizations` AS `o`
LEFT JOIN (
    SELECT `o0`.`Id`, `o0`.`AuthorizationId`
    FROM `OpenIddictTokens` AS `o0`
    WHERE @__ef_filter__p_0 OR NOT (`o0`.`IsDeleted`)
) AS `t` ON `o`.`Id` = `t`.`AuthorizationId`
WHERE ((@__ef_filter__p_0 OR NOT (`o`.`IsDeleted`)) AND (`o`.`CreationDate` < @__date_0)) AND (((`o`.`Status` <> 'valid') OR `o`.`Status` IS NULL) OR ((`o`.`Type` = 'ad-hoc') AND `t`.`Id` IS NULL))
2024-11-07 15:19:52 [INF] [Microsoft.EntityFrameworkCore.Database.Command] [13556] [52] - Executed DbCommand (0ms) [Parameters=[], CommandType='"Text"', CommandTimeout='30']
DELETE `o`
FROM `OpenIddictTokens` AS `o`
WHERE FALSE
2024-11-07 15:19:52 [INF] [Microsoft.EntityFrameworkCore.Database.Command] [13556] [52] - Executed DbCommand (0ms) [Parameters=[], CommandType='"Text"', CommandTimeout='30']
DELETE `o`
FROM `OpenIddictAuthorizations` AS `o`
WHERE FALSE
2024-11-07 15:19:52 [INF] [Volo.Abp.OpenIddict.Tokens.TokenCleanupBackgroundWorker] [13556] [52] - Lock is released for TokenCleanupBackgroundWorker
2024-11-07 16:19:46 [INF] [Microsoft.EntityFrameworkCore.Database.Command] [13556] [58] - Executed DbCommand (1ms) [Parameters=[@__ef_filter__p_0='?' (DbType = Boolean), @__Subtract_0='?' (DbType = DateTime)], CommandType='"Text"', CommandTimeout='30']
DELETE `a`
FROM `AbpSessions` AS `a`
WHERE (@__ef_filter__p_0 OR (`a`.`TenantId` IS NULL)) AND (`a`.`LastAccessed` IS NULL OR (`a`.`LastAccessed` < @__Subtract_0))
2024-11-07 16:19:52 [INF] [Volo.Abp.OpenIddict.Tokens.TokenCleanupBackgroundWorker] [13556] [58] - Lock is acquired for TokenCleanupBackgroundWorker
2024-11-07 16:19:52 [INF] [Volo.Abp.OpenIddict.Tokens.TokenCleanupService] [13556] [58] - Start cleanup.
2024-11-07 16:19:52 [INF] [Volo.Abp.OpenIddict.Tokens.TokenCleanupService] [13556] [58] - Start cleanup tokens.
2024-11-07 16:19:52 [INF] [Microsoft.EntityFrameworkCore.Database.Command] [13556] [49] - Executed DbCommand (2ms) [Parameters=[@__ef_filter__p_0='?' (DbType = Boolean), @__date_0='?' (DbType = DateTime)], CommandType='"Text"', CommandTimeout='30']
DELETE `o`
FROM `OpenIddictTokens` AS `o`
LEFT JOIN (
    SELECT `o0`.`Id`, `o0`.`Status`
    FROM `OpenIddictAuthorizations` AS `o0`
    WHERE @__ef_filter__p_0 OR NOT (`o0`.`IsDeleted`)
) AS `t` ON `o`.`AuthorizationId` = `t`.`Id`
WHERE ((@__ef_filter__p_0 OR NOT (`o`.`IsDeleted`)) AND (`o`.`CreationDate` < @__date_0)) AND (((`o`.`Status` NOT IN ('inactive', 'valid') OR (`o`.`Status` IS NULL)) OR (`t`.`Id` IS NOT NULL AND ((`t`.`Status` <> 'valid') OR `t`.`Status` IS NULL))) OR (`o`.`ExpirationDate` < UTC_TIMESTAMP()))
2024-11-07 16:19:52 [INF] [Volo.Abp.OpenIddict.Tokens.TokenCleanupService] [13556] [49] - Start cleanup authorizations.
2024-11-07 16:19:52 [INF] [Microsoft.EntityFrameworkCore.Database.Command] [13556] [33] - Executed DbCommand (1ms) [Parameters=[@__ef_filter__p_0='?' (DbType = Boolean), @__date_0='?' (DbType = DateTime)], CommandType='"Text"', CommandTimeout='30']
SELECT `o`.`Id`
FROM `OpenIddictAuthorizations` AS `o`
LEFT JOIN (
    SELECT `o0`.`Id`, `o0`.`AuthorizationId`
    FROM `OpenIddictTokens` AS `o0`
    WHERE @__ef_filter__p_0 OR NOT (`o0`.`IsDeleted`)
) AS `t` ON `o`.`Id` = `t`.`AuthorizationId`
WHERE ((@__ef_filter__p_0 OR NOT (`o`.`IsDeleted`)) AND (`o`.`CreationDate` < @__date_0)) AND (((`o`.`Status` <> 'valid') OR `o`.`Status` IS NULL) OR ((`o`.`Type` = 'ad-hoc') AND `t`.`Id` IS NULL))
2024-11-07 16:19:52 [INF] [Microsoft.EntityFrameworkCore.Database.Command] [13556] [33] - Executed DbCommand (0ms) [Parameters=[], CommandType='"Text"', CommandTimeout='30']
DELETE `o`
FROM `OpenIddictTokens` AS `o`
WHERE FALSE
2024-11-07 16:19:52 [INF] [Microsoft.EntityFrameworkCore.Database.Command] [13556] [33] - Executed DbCommand (0ms) [Parameters=[], CommandType='"Text"', CommandTimeout='30']
DELETE `o`
FROM `OpenIddictAuthorizations` AS `o`
WHERE FALSE
2024-11-07 16:19:52 [INF] [Volo.Abp.OpenIddict.Tokens.TokenCleanupBackgroundWorker] [13556] [33] - Lock is released for TokenCleanupBackgroundWorker
2024-11-07 17:19:46 [INF] [Microsoft.EntityFrameworkCore.Database.Command] [13556] [120] - Executed DbCommand (1ms) [Parameters=[@__ef_filter__p_0='?' (DbType = Boolean), @__Subtract_0='?' (DbType = DateTime)], CommandType='"Text"', CommandTimeout='30']
DELETE `a`
FROM `AbpSessions` AS `a`
WHERE (@__ef_filter__p_0 OR (`a`.`TenantId` IS NULL)) AND (`a`.`LastAccessed` IS NULL OR (`a`.`LastAccessed` < @__Subtract_0))
2024-11-07 17:19:52 [INF] [Volo.Abp.OpenIddict.Tokens.TokenCleanupBackgroundWorker] [13556] [120] - Lock is acquired for TokenCleanupBackgroundWorker
2024-11-07 17:19:52 [INF] [Volo.Abp.OpenIddict.Tokens.TokenCleanupService] [13556] [120] - Start cleanup.
2024-11-07 17:19:52 [INF] [Volo.Abp.OpenIddict.Tokens.TokenCleanupService] [13556] [120] - Start cleanup tokens.
2024-11-07 17:19:52 [INF] [Microsoft.EntityFrameworkCore.Database.Command] [13556] [120] - Executed DbCommand (1ms) [Parameters=[@__ef_filter__p_0='?' (DbType = Boolean), @__date_0='?' (DbType = DateTime)], CommandType='"Text"', CommandTimeout='30']
DELETE `o`
FROM `OpenIddictTokens` AS `o`
LEFT JOIN (
    SELECT `o0`.`Id`, `o0`.`Status`
    FROM `OpenIddictAuthorizations` AS `o0`
    WHERE @__ef_filter__p_0 OR NOT (`o0`.`IsDeleted`)
) AS `t` ON `o`.`AuthorizationId` = `t`.`Id`
WHERE ((@__ef_filter__p_0 OR NOT (`o`.`IsDeleted`)) AND (`o`.`CreationDate` < @__date_0)) AND (((`o`.`Status` NOT IN ('inactive', 'valid') OR (`o`.`Status` IS NULL)) OR (`t`.`Id` IS NOT NULL AND ((`t`.`Status` <> 'valid') OR `t`.`Status` IS NULL))) OR (`o`.`ExpirationDate` < UTC_TIMESTAMP()))
2024-11-07 17:19:52 [INF] [Volo.Abp.OpenIddict.Tokens.TokenCleanupService] [13556] [120] - Start cleanup authorizations.
2024-11-07 17:19:52 [INF] [Microsoft.EntityFrameworkCore.Database.Command] [13556] [122] - Executed DbCommand (1ms) [Parameters=[@__ef_filter__p_0='?' (DbType = Boolean), @__date_0='?' (DbType = DateTime)], CommandType='"Text"', CommandTimeout='30']
SELECT `o`.`Id`
FROM `OpenIddictAuthorizations` AS `o`
LEFT JOIN (
    SELECT `o0`.`Id`, `o0`.`AuthorizationId`
    FROM `OpenIddictTokens` AS `o0`
    WHERE @__ef_filter__p_0 OR NOT (`o0`.`IsDeleted`)
) AS `t` ON `o`.`Id` = `t`.`AuthorizationId`
WHERE ((@__ef_filter__p_0 OR NOT (`o`.`IsDeleted`)) AND (`o`.`CreationDate` < @__date_0)) AND (((`o`.`Status` <> 'valid') OR `o`.`Status` IS NULL) OR ((`o`.`Type` = 'ad-hoc') AND `t`.`Id` IS NULL))
2024-11-07 17:19:52 [INF] [Microsoft.EntityFrameworkCore.Database.Command] [13556] [122] - Executed DbCommand (0ms) [Parameters=[], CommandType='"Text"', CommandTimeout='30']
DELETE `o`
FROM `OpenIddictTokens` AS `o`
WHERE FALSE
2024-11-07 17:19:52 [INF] [Microsoft.EntityFrameworkCore.Database.Command] [13556] [122] - Executed DbCommand (0ms) [Parameters=[], CommandType='"Text"', CommandTimeout='30']
DELETE `o`
FROM `OpenIddictAuthorizations` AS `o`
WHERE FALSE
2024-11-07 17:19:52 [INF] [Volo.Abp.OpenIddict.Tokens.TokenCleanupBackgroundWorker] [13556] [122] - Lock is released for TokenCleanupBackgroundWorker
2024-11-07 18:13:32 [WRN] [DotNetCore.CAP.Internal.ConsumerRegister] [13556] [75] - RabbitMQ consumer cancelled. --> amq.ctag-mGEtn2mrc_2tIIKaAuZKOQ
2024-11-07 18:13:38 [WRN] [DotNetCore.CAP.Internal.ConsumerRegister] [13556] [75] - RabbitMQ consumer shutdown. --> Unexpected Exception: Unable to read data from the transport connection: 远程主机强迫关闭了一个现有的连接。.
2024-11-07 19:08:01 [INF] [Microsoft.EntityFrameworkCore.Database.Command] [13556] [43] - Executed DbCommand (1ms) [Parameters=[@__ef_filter__p_0='?' (DbType = Boolean), @__Subtract_0='?' (DbType = DateTime)], CommandType='"Text"', CommandTimeout='30']
DELETE `a`
FROM `AbpSessions` AS `a`
WHERE (@__ef_filter__p_0 OR (`a`.`TenantId` IS NULL)) AND (`a`.`LastAccessed` IS NULL OR (`a`.`LastAccessed` < @__Subtract_0))
2024-11-07 19:08:07 [INF] [Volo.Abp.OpenIddict.Tokens.TokenCleanupBackgroundWorker] [13556] [82] - Lock is acquired for TokenCleanupBackgroundWorker
2024-11-07 19:08:07 [INF] [Volo.Abp.OpenIddict.Tokens.TokenCleanupService] [13556] [82] - Start cleanup.
2024-11-07 19:08:07 [INF] [Volo.Abp.OpenIddict.Tokens.TokenCleanupService] [13556] [82] - Start cleanup tokens.
2024-11-07 19:08:07 [INF] [Microsoft.EntityFrameworkCore.Database.Command] [13556] [82] - Executed DbCommand (2ms) [Parameters=[@__ef_filter__p_0='?' (DbType = Boolean), @__date_0='?' (DbType = DateTime)], CommandType='"Text"', CommandTimeout='30']
DELETE `o`
FROM `OpenIddictTokens` AS `o`
LEFT JOIN (
    SELECT `o0`.`Id`, `o0`.`Status`
    FROM `OpenIddictAuthorizations` AS `o0`
    WHERE @__ef_filter__p_0 OR NOT (`o0`.`IsDeleted`)
) AS `t` ON `o`.`AuthorizationId` = `t`.`Id`
WHERE ((@__ef_filter__p_0 OR NOT (`o`.`IsDeleted`)) AND (`o`.`CreationDate` < @__date_0)) AND (((`o`.`Status` NOT IN ('inactive', 'valid') OR (`o`.`Status` IS NULL)) OR (`t`.`Id` IS NOT NULL AND ((`t`.`Status` <> 'valid') OR `t`.`Status` IS NULL))) OR (`o`.`ExpirationDate` < UTC_TIMESTAMP()))
2024-11-07 19:08:07 [INF] [Volo.Abp.OpenIddict.Tokens.TokenCleanupService] [13556] [82] - Start cleanup authorizations.
2024-11-07 19:08:07 [INF] [Microsoft.EntityFrameworkCore.Database.Command] [13556] [82] - Executed DbCommand (1ms) [Parameters=[@__ef_filter__p_0='?' (DbType = Boolean), @__date_0='?' (DbType = DateTime)], CommandType='"Text"', CommandTimeout='30']
SELECT `o`.`Id`
FROM `OpenIddictAuthorizations` AS `o`
LEFT JOIN (
    SELECT `o0`.`Id`, `o0`.`AuthorizationId`
    FROM `OpenIddictTokens` AS `o0`
    WHERE @__ef_filter__p_0 OR NOT (`o0`.`IsDeleted`)
) AS `t` ON `o`.`Id` = `t`.`AuthorizationId`
WHERE ((@__ef_filter__p_0 OR NOT (`o`.`IsDeleted`)) AND (`o`.`CreationDate` < @__date_0)) AND (((`o`.`Status` <> 'valid') OR `o`.`Status` IS NULL) OR ((`o`.`Type` = 'ad-hoc') AND `t`.`Id` IS NULL))
2024-11-07 19:08:07 [INF] [Microsoft.EntityFrameworkCore.Database.Command] [13556] [82] - Executed DbCommand (1ms) [Parameters=[], CommandType='"Text"', CommandTimeout='30']
DELETE `o`
FROM `OpenIddictTokens` AS `o`
WHERE FALSE
2024-11-07 19:08:07 [INF] [Microsoft.EntityFrameworkCore.Database.Command] [13556] [82] - Executed DbCommand (1ms) [Parameters=[], CommandType='"Text"', CommandTimeout='30']
DELETE `o`
FROM `OpenIddictAuthorizations` AS `o`
WHERE FALSE
2024-11-07 19:08:07 [INF] [Volo.Abp.OpenIddict.Tokens.TokenCleanupBackgroundWorker] [13556] [82] - Lock is released for TokenCleanupBackgroundWorker
2024-11-07 21:01:19 [INF] [Microsoft.EntityFrameworkCore.Database.Command] [13556] [119] - Executed DbCommand (1ms) [Parameters=[@__ef_filter__p_0='?' (DbType = Boolean), @__Subtract_0='?' (DbType = DateTime)], CommandType='"Text"', CommandTimeout='30']
DELETE `a`
FROM `AbpSessions` AS `a`
WHERE (@__ef_filter__p_0 OR (`a`.`TenantId` IS NULL)) AND (`a`.`LastAccessed` IS NULL OR (`a`.`LastAccessed` < @__Subtract_0))
2024-11-07 21:01:25 [INF] [Volo.Abp.OpenIddict.Tokens.TokenCleanupBackgroundWorker] [13556] [117] - Lock is acquired for TokenCleanupBackgroundWorker
2024-11-07 21:01:25 [INF] [Volo.Abp.OpenIddict.Tokens.TokenCleanupService] [13556] [117] - Start cleanup.
2024-11-07 21:01:25 [INF] [Volo.Abp.OpenIddict.Tokens.TokenCleanupService] [13556] [117] - Start cleanup tokens.
2024-11-07 21:01:25 [INF] [Microsoft.EntityFrameworkCore.Database.Command] [13556] [117] - Executed DbCommand (2ms) [Parameters=[@__ef_filter__p_0='?' (DbType = Boolean), @__date_0='?' (DbType = DateTime)], CommandType='"Text"', CommandTimeout='30']
DELETE `o`
FROM `OpenIddictTokens` AS `o`
LEFT JOIN (
    SELECT `o0`.`Id`, `o0`.`Status`
    FROM `OpenIddictAuthorizations` AS `o0`
    WHERE @__ef_filter__p_0 OR NOT (`o0`.`IsDeleted`)
) AS `t` ON `o`.`AuthorizationId` = `t`.`Id`
WHERE ((@__ef_filter__p_0 OR NOT (`o`.`IsDeleted`)) AND (`o`.`CreationDate` < @__date_0)) AND (((`o`.`Status` NOT IN ('inactive', 'valid') OR (`o`.`Status` IS NULL)) OR (`t`.`Id` IS NOT NULL AND ((`t`.`Status` <> 'valid') OR `t`.`Status` IS NULL))) OR (`o`.`ExpirationDate` < UTC_TIMESTAMP()))
2024-11-07 21:01:25 [INF] [Volo.Abp.OpenIddict.Tokens.TokenCleanupService] [13556] [117] - Start cleanup authorizations.
2024-11-07 21:01:25 [INF] [Microsoft.EntityFrameworkCore.Database.Command] [13556] [120] - Executed DbCommand (0ms) [Parameters=[@__ef_filter__p_0='?' (DbType = Boolean), @__date_0='?' (DbType = DateTime)], CommandType='"Text"', CommandTimeout='30']
SELECT `o`.`Id`
FROM `OpenIddictAuthorizations` AS `o`
LEFT JOIN (
    SELECT `o0`.`Id`, `o0`.`AuthorizationId`
    FROM `OpenIddictTokens` AS `o0`
    WHERE @__ef_filter__p_0 OR NOT (`o0`.`IsDeleted`)
) AS `t` ON `o`.`Id` = `t`.`AuthorizationId`
WHERE ((@__ef_filter__p_0 OR NOT (`o`.`IsDeleted`)) AND (`o`.`CreationDate` < @__date_0)) AND (((`o`.`Status` <> 'valid') OR `o`.`Status` IS NULL) OR ((`o`.`Type` = 'ad-hoc') AND `t`.`Id` IS NULL))
2024-11-07 21:01:25 [INF] [Microsoft.EntityFrameworkCore.Database.Command] [13556] [120] - Executed DbCommand (0ms) [Parameters=[], CommandType='"Text"', CommandTimeout='30']
DELETE `o`
FROM `OpenIddictTokens` AS `o`
WHERE FALSE
2024-11-07 21:01:25 [INF] [Microsoft.EntityFrameworkCore.Database.Command] [13556] [120] - Executed DbCommand (0ms) [Parameters=[], CommandType='"Text"', CommandTimeout='30']
DELETE `o`
FROM `OpenIddictAuthorizations` AS `o`
WHERE FALSE
2024-11-07 21:01:25 [INF] [Volo.Abp.OpenIddict.Tokens.TokenCleanupBackgroundWorker] [13556] [120] - Lock is released for TokenCleanupBackgroundWorker
2024-11-07 22:01:19 [INF] [Microsoft.EntityFrameworkCore.Database.Command] [13556] [108] - Executed DbCommand (1ms) [Parameters=[@__ef_filter__p_0='?' (DbType = Boolean), @__Subtract_0='?' (DbType = DateTime)], CommandType='"Text"', CommandTimeout='30']
DELETE `a`
FROM `AbpSessions` AS `a`
WHERE (@__ef_filter__p_0 OR (`a`.`TenantId` IS NULL)) AND (`a`.`LastAccessed` IS NULL OR (`a`.`LastAccessed` < @__Subtract_0))
2024-11-07 22:01:25 [INF] [Volo.Abp.OpenIddict.Tokens.TokenCleanupBackgroundWorker] [13556] [108] - Lock is acquired for TokenCleanupBackgroundWorker
2024-11-07 22:01:25 [INF] [Volo.Abp.OpenIddict.Tokens.TokenCleanupService] [13556] [108] - Start cleanup.
2024-11-07 22:01:25 [INF] [Volo.Abp.OpenIddict.Tokens.TokenCleanupService] [13556] [108] - Start cleanup tokens.
2024-11-07 22:01:25 [INF] [Microsoft.EntityFrameworkCore.Database.Command] [13556] [108] - Executed DbCommand (3ms) [Parameters=[@__ef_filter__p_0='?' (DbType = Boolean), @__date_0='?' (DbType = DateTime)], CommandType='"Text"', CommandTimeout='30']
DELETE `o`
FROM `OpenIddictTokens` AS `o`
LEFT JOIN (
    SELECT `o0`.`Id`, `o0`.`Status`
    FROM `OpenIddictAuthorizations` AS `o0`
    WHERE @__ef_filter__p_0 OR NOT (`o0`.`IsDeleted`)
) AS `t` ON `o`.`AuthorizationId` = `t`.`Id`
WHERE ((@__ef_filter__p_0 OR NOT (`o`.`IsDeleted`)) AND (`o`.`CreationDate` < @__date_0)) AND (((`o`.`Status` NOT IN ('inactive', 'valid') OR (`o`.`Status` IS NULL)) OR (`t`.`Id` IS NOT NULL AND ((`t`.`Status` <> 'valid') OR `t`.`Status` IS NULL))) OR (`o`.`ExpirationDate` < UTC_TIMESTAMP()))
2024-11-07 22:01:25 [INF] [Volo.Abp.OpenIddict.Tokens.TokenCleanupService] [13556] [108] - Start cleanup authorizations.
2024-11-07 22:01:25 [INF] [Microsoft.EntityFrameworkCore.Database.Command] [13556] [108] - Executed DbCommand (0ms) [Parameters=[@__ef_filter__p_0='?' (DbType = Boolean), @__date_0='?' (DbType = DateTime)], CommandType='"Text"', CommandTimeout='30']
SELECT `o`.`Id`
FROM `OpenIddictAuthorizations` AS `o`
LEFT JOIN (
    SELECT `o0`.`Id`, `o0`.`AuthorizationId`
    FROM `OpenIddictTokens` AS `o0`
    WHERE @__ef_filter__p_0 OR NOT (`o0`.`IsDeleted`)
) AS `t` ON `o`.`Id` = `t`.`AuthorizationId`
WHERE ((@__ef_filter__p_0 OR NOT (`o`.`IsDeleted`)) AND (`o`.`CreationDate` < @__date_0)) AND (((`o`.`Status` <> 'valid') OR `o`.`Status` IS NULL) OR ((`o`.`Type` = 'ad-hoc') AND `t`.`Id` IS NULL))
2024-11-07 22:01:25 [INF] [Microsoft.EntityFrameworkCore.Database.Command] [13556] [108] - Executed DbCommand (0ms) [Parameters=[], CommandType='"Text"', CommandTimeout='30']
DELETE `o`
FROM `OpenIddictTokens` AS `o`
WHERE FALSE
2024-11-07 22:01:25 [INF] [Microsoft.EntityFrameworkCore.Database.Command] [13556] [108] - Executed DbCommand (0ms) [Parameters=[], CommandType='"Text"', CommandTimeout='30']
DELETE `o`
FROM `OpenIddictAuthorizations` AS `o`
WHERE FALSE
2024-11-07 22:01:25 [INF] [Volo.Abp.OpenIddict.Tokens.TokenCleanupBackgroundWorker] [13556] [109] - Lock is released for TokenCleanupBackgroundWorker
2024-11-07 23:16:32 [INF] [Microsoft.EntityFrameworkCore.Database.Command] [13556] [89] - Executed DbCommand (1ms) [Parameters=[@__ef_filter__p_0='?' (DbType = Boolean), @__Subtract_0='?' (DbType = DateTime)], CommandType='"Text"', CommandTimeout='30']
DELETE `a`
FROM `AbpSessions` AS `a`
WHERE (@__ef_filter__p_0 OR (`a`.`TenantId` IS NULL)) AND (`a`.`LastAccessed` IS NULL OR (`a`.`LastAccessed` < @__Subtract_0))
2024-11-07 23:16:38 [INF] [Volo.Abp.OpenIddict.Tokens.TokenCleanupBackgroundWorker] [13556] [110] - Lock is acquired for TokenCleanupBackgroundWorker
2024-11-07 23:16:38 [INF] [Volo.Abp.OpenIddict.Tokens.TokenCleanupService] [13556] [110] - Start cleanup.
2024-11-07 23:16:38 [INF] [Volo.Abp.OpenIddict.Tokens.TokenCleanupService] [13556] [110] - Start cleanup tokens.
2024-11-07 23:16:38 [INF] [Microsoft.EntityFrameworkCore.Database.Command] [13556] [110] - Executed DbCommand (2ms) [Parameters=[@__ef_filter__p_0='?' (DbType = Boolean), @__date_0='?' (DbType = DateTime)], CommandType='"Text"', CommandTimeout='30']
DELETE `o`
FROM `OpenIddictTokens` AS `o`
LEFT JOIN (
    SELECT `o0`.`Id`, `o0`.`Status`
    FROM `OpenIddictAuthorizations` AS `o0`
    WHERE @__ef_filter__p_0 OR NOT (`o0`.`IsDeleted`)
) AS `t` ON `o`.`AuthorizationId` = `t`.`Id`
WHERE ((@__ef_filter__p_0 OR NOT (`o`.`IsDeleted`)) AND (`o`.`CreationDate` < @__date_0)) AND (((`o`.`Status` NOT IN ('inactive', 'valid') OR (`o`.`Status` IS NULL)) OR (`t`.`Id` IS NOT NULL AND ((`t`.`Status` <> 'valid') OR `t`.`Status` IS NULL))) OR (`o`.`ExpirationDate` < UTC_TIMESTAMP()))
2024-11-07 23:16:38 [INF] [Volo.Abp.OpenIddict.Tokens.TokenCleanupService] [13556] [110] - Start cleanup authorizations.
2024-11-07 23:16:38 [INF] [Microsoft.EntityFrameworkCore.Database.Command] [13556] [89] - Executed DbCommand (1ms) [Parameters=[@__ef_filter__p_0='?' (DbType = Boolean), @__date_0='?' (DbType = DateTime)], CommandType='"Text"', CommandTimeout='30']
SELECT `o`.`Id`
FROM `OpenIddictAuthorizations` AS `o`
LEFT JOIN (
    SELECT `o0`.`Id`, `o0`.`AuthorizationId`
    FROM `OpenIddictTokens` AS `o0`
    WHERE @__ef_filter__p_0 OR NOT (`o0`.`IsDeleted`)
) AS `t` ON `o`.`Id` = `t`.`AuthorizationId`
WHERE ((@__ef_filter__p_0 OR NOT (`o`.`IsDeleted`)) AND (`o`.`CreationDate` < @__date_0)) AND (((`o`.`Status` <> 'valid') OR `o`.`Status` IS NULL) OR ((`o`.`Type` = 'ad-hoc') AND `t`.`Id` IS NULL))
2024-11-07 23:16:38 [INF] [Microsoft.EntityFrameworkCore.Database.Command] [13556] [89] - Executed DbCommand (1ms) [Parameters=[], CommandType='"Text"', CommandTimeout='30']
DELETE `o`
FROM `OpenIddictTokens` AS `o`
WHERE FALSE
2024-11-07 23:16:38 [INF] [Microsoft.EntityFrameworkCore.Database.Command] [13556] [89] - Executed DbCommand (0ms) [Parameters=[], CommandType='"Text"', CommandTimeout='30']
DELETE `o`
FROM `OpenIddictAuthorizations` AS `o`
WHERE FALSE
2024-11-07 23:16:38 [INF] [Volo.Abp.OpenIddict.Tokens.TokenCleanupBackgroundWorker] [13556] [89] - Lock is released for TokenCleanupBackgroundWorker
