2024-11-01 15:20:38 [INF] [Microsoft.EntityFrameworkCore.Database.Command] [13556] [35] - Executed DbCommand (31ms) [Parameters=[@__ef_filter__p_0='?' (DbType = Boolean), @__Subtract_0='?' (DbType = DateTime)], CommandType='"Text"', CommandTimeout='30']
DELETE `a`
FROM `AbpSessions` AS `a`
WHERE (@__ef_filter__p_0 OR (`a`.`TenantId` IS NULL)) AND (`a`.`LastAccessed` IS NULL OR (`a`.`LastAccessed` < @__Subtract_0))
2024-11-01 15:20:43 [INF] [Volo.Abp.OpenIddict.Tokens.TokenCleanupBackgroundWorker] [13556] [35] - Lock is acquired for TokenCleanupBackgroundWorker
2024-11-01 15:20:43 [INF] [Volo.Abp.OpenIddict.Tokens.TokenCleanupService] [13556] [35] - Start cleanup.
2024-11-01 15:20:43 [INF] [Volo.Abp.OpenIddict.Tokens.TokenCleanupService] [13556] [35] - Start cleanup tokens.
2024-11-01 15:20:43 [INF] [Microsoft.EntityFrameworkCore.Database.Command] [13556] [35] - Executed DbCommand (8ms) [Parameters=[@__ef_filter__p_0='?' (DbType = Boolean), @__date_0='?' (DbType = DateTime)], CommandType='"Text"', CommandTimeout='30']
DELETE `o`
FROM `OpenIddictTokens` AS `o`
LEFT JOIN (
    SELECT `o0`.`Id`, `o0`.`Status`
    FROM `OpenIddictAuthorizations` AS `o0`
    WHERE @__ef_filter__p_0 OR NOT (`o0`.`IsDeleted`)
) AS `t` ON `o`.`AuthorizationId` = `t`.`Id`
WHERE ((@__ef_filter__p_0 OR NOT (`o`.`IsDeleted`)) AND (`o`.`CreationDate` < @__date_0)) AND (((`o`.`Status` NOT IN ('inactive', 'valid') OR (`o`.`Status` IS NULL)) OR (`t`.`Id` IS NOT NULL AND ((`t`.`Status` <> 'valid') OR `t`.`Status` IS NULL))) OR (`o`.`ExpirationDate` < UTC_TIMESTAMP()))
2024-11-01 15:20:43 [INF] [Volo.Abp.OpenIddict.Tokens.TokenCleanupService] [13556] [35] - Start cleanup authorizations.
2024-11-01 15:20:43 [INF] [Microsoft.EntityFrameworkCore.Database.Command] [13556] [102] - Executed DbCommand (3ms) [Parameters=[@__ef_filter__p_0='?' (DbType = Boolean), @__date_0='?' (DbType = DateTime)], CommandType='"Text"', CommandTimeout='30']
SELECT `o`.`Id`
FROM `OpenIddictAuthorizations` AS `o`
LEFT JOIN (
    SELECT `o0`.`Id`, `o0`.`AuthorizationId`
    FROM `OpenIddictTokens` AS `o0`
    WHERE @__ef_filter__p_0 OR NOT (`o0`.`IsDeleted`)
) AS `t` ON `o`.`Id` = `t`.`AuthorizationId`
WHERE ((@__ef_filter__p_0 OR NOT (`o`.`IsDeleted`)) AND (`o`.`CreationDate` < @__date_0)) AND (((`o`.`Status` <> 'valid') OR `o`.`Status` IS NULL) OR ((`o`.`Type` = 'ad-hoc') AND `t`.`Id` IS NULL))
2024-11-01 15:20:43 [INF] [Microsoft.EntityFrameworkCore.Database.Command] [13556] [102] - Executed DbCommand (1ms) [Parameters=[], CommandType='"Text"', CommandTimeout='30']
DELETE `o`
FROM `OpenIddictTokens` AS `o`
WHERE FALSE
2024-11-01 15:20:43 [INF] [Microsoft.EntityFrameworkCore.Database.Command] [13556] [102] - Executed DbCommand (1ms) [Parameters=[], CommandType='"Text"', CommandTimeout='30']
DELETE `o`
FROM `OpenIddictAuthorizations` AS `o`
WHERE FALSE
2024-11-01 15:20:43 [INF] [Volo.Abp.OpenIddict.Tokens.TokenCleanupBackgroundWorker] [13556] [102] - Lock is released for TokenCleanupBackgroundWorker
2024-11-01 15:33:55 [WRN] [Microsoft.AspNetCore.Server.Kestrel] [13556] [23] - As of ""2024-11-01T07:33:55.1469571+00:00"", the heartbeat has been running for ""00:00:03.9647030"" which is longer than ""00:00:01"". This could be caused by thread pool starvation.
2024-11-01 16:20:38 [INF] [Microsoft.EntityFrameworkCore.Database.Command] [13556] [94] - Executed DbCommand (3ms) [Parameters=[@__ef_filter__p_0='?' (DbType = Boolean), @__Subtract_0='?' (DbType = DateTime)], CommandType='"Text"', CommandTimeout='30']
DELETE `a`
FROM `AbpSessions` AS `a`
WHERE (@__ef_filter__p_0 OR (`a`.`TenantId` IS NULL)) AND (`a`.`LastAccessed` IS NULL OR (`a`.`LastAccessed` < @__Subtract_0))
2024-11-01 16:20:43 [INF] [Volo.Abp.OpenIddict.Tokens.TokenCleanupBackgroundWorker] [13556] [58] - Lock is acquired for TokenCleanupBackgroundWorker
2024-11-01 16:20:43 [INF] [Volo.Abp.OpenIddict.Tokens.TokenCleanupService] [13556] [58] - Start cleanup.
2024-11-01 16:20:43 [INF] [Volo.Abp.OpenIddict.Tokens.TokenCleanupService] [13556] [58] - Start cleanup tokens.
2024-11-01 16:20:43 [INF] [Microsoft.EntityFrameworkCore.Database.Command] [13556] [94] - Executed DbCommand (2ms) [Parameters=[@__ef_filter__p_0='?' (DbType = Boolean), @__date_0='?' (DbType = DateTime)], CommandType='"Text"', CommandTimeout='30']
DELETE `o`
FROM `OpenIddictTokens` AS `o`
LEFT JOIN (
    SELECT `o0`.`Id`, `o0`.`Status`
    FROM `OpenIddictAuthorizations` AS `o0`
    WHERE @__ef_filter__p_0 OR NOT (`o0`.`IsDeleted`)
) AS `t` ON `o`.`AuthorizationId` = `t`.`Id`
WHERE ((@__ef_filter__p_0 OR NOT (`o`.`IsDeleted`)) AND (`o`.`CreationDate` < @__date_0)) AND (((`o`.`Status` NOT IN ('inactive', 'valid') OR (`o`.`Status` IS NULL)) OR (`t`.`Id` IS NOT NULL AND ((`t`.`Status` <> 'valid') OR `t`.`Status` IS NULL))) OR (`o`.`ExpirationDate` < UTC_TIMESTAMP()))
2024-11-01 16:20:43 [INF] [Volo.Abp.OpenIddict.Tokens.TokenCleanupService] [13556] [94] - Start cleanup authorizations.
2024-11-01 16:20:43 [INF] [Microsoft.EntityFrameworkCore.Database.Command] [13556] [94] - Executed DbCommand (0ms) [Parameters=[@__ef_filter__p_0='?' (DbType = Boolean), @__date_0='?' (DbType = DateTime)], CommandType='"Text"', CommandTimeout='30']
SELECT `o`.`Id`
FROM `OpenIddictAuthorizations` AS `o`
LEFT JOIN (
    SELECT `o0`.`Id`, `o0`.`AuthorizationId`
    FROM `OpenIddictTokens` AS `o0`
    WHERE @__ef_filter__p_0 OR NOT (`o0`.`IsDeleted`)
) AS `t` ON `o`.`Id` = `t`.`AuthorizationId`
WHERE ((@__ef_filter__p_0 OR NOT (`o`.`IsDeleted`)) AND (`o`.`CreationDate` < @__date_0)) AND (((`o`.`Status` <> 'valid') OR `o`.`Status` IS NULL) OR ((`o`.`Type` = 'ad-hoc') AND `t`.`Id` IS NULL))
2024-11-01 16:20:43 [INF] [Microsoft.EntityFrameworkCore.Database.Command] [13556] [94] - Executed DbCommand (0ms) [Parameters=[], CommandType='"Text"', CommandTimeout='30']
DELETE `o`
FROM `OpenIddictTokens` AS `o`
WHERE FALSE
2024-11-01 16:20:43 [INF] [Microsoft.EntityFrameworkCore.Database.Command] [13556] [94] - Executed DbCommand (0ms) [Parameters=[], CommandType='"Text"', CommandTimeout='30']
DELETE `o`
FROM `OpenIddictAuthorizations` AS `o`
WHERE FALSE
2024-11-01 16:20:43 [INF] [Volo.Abp.OpenIddict.Tokens.TokenCleanupBackgroundWorker] [13556] [108] - Lock is released for TokenCleanupBackgroundWorker
2024-11-01 16:54:14 [WRN] [DotNetCore.CAP.Internal.ConsumerRegister] [13556] [70] - RabbitMQ consumer cancelled. --> amq.ctag-VokG_kehCQQ7i1CyxmFzvQ
2024-11-01 16:54:24 [WRN] [DotNetCore.CAP.Internal.ConsumerRegister] [13556] [70] - RabbitMQ consumer shutdown. --> Unexpected Exception: Unable to read data from the transport connection: 远程主机强迫关闭了一个现有的连接。.
2024-11-01 21:50:51 [WRN] [DotNetCore.CAP.Internal.ConsumerRegister] [13556] [24] - RabbitMQ consumer cancelled. --> amq.ctag-VokG_kehCQQ7i1CyxmFzvQ
2024-11-01 21:50:52 [WRN] [DotNetCore.CAP.Internal.ConsumerRegister] [13556] [24] - RabbitMQ consumer shutdown. --> Unexpected Exception: Unable to read data from the transport connection: 远程主机强迫关闭了一个现有的连接。.
