2024-10-17 00:32:49 [WRN] [ZQH.Abp.AuditLogging.Elasticsearch.IndexInitializer] [36476] [9] - Failed to initialize index and audit log may not be retrieved.
2024-10-17 00:32:49 [WRN] [ZQH.Abp.AuditLogging.Elasticsearch.IndexInitializer] [36476] [9] - Elasticsearch.Net.ElasticsearchClientException: The client is unable to verify that the server is Elasticsearch due to an unsuccessful product check call. Some functionality may not be compatible if the server is running an unsupported product. Call: Status code unknown from: GET /
 ---> Elasticsearch.Net.PipelineException: The client is unable to verify that the server is Elasticsearch due to an unsuccessful product check call. Some functionality may not be compatible if the server is running an unsupported product.
 ---> System.Net.Http.HttpRequestException: 由于目标计算机积极拒绝，无法连接。 (127.0.0.1:9200)
 ---> System.Net.Sockets.SocketException (10061): 由于目标计算机积极拒绝，无法连接。
   at System.Net.Sockets.Socket.AwaitableSocketAsyncEventArgs.ThrowException(SocketError error, CancellationToken cancellationToken)
   at System.Net.Sockets.Socket.AwaitableSocketAsyncEventArgs.System.Threading.Tasks.Sources.IValueTaskSource.GetResult(Int16 token)
   at System.Net.Sockets.Socket.<ConnectAsync>g__WaitForConnectWithCancellation|285_0(AwaitableSocketAsyncEventArgs saea, ValueTask connectTask, CancellationToken cancellationToken)
   at System.Net.Http.HttpConnectionPool.ConnectToTcpHostAsync(String host, Int32 port, HttpRequestMessage initialRequest, Boolean async, CancellationToken cancellationToken)
   --- End of inner exception stack trace ---
   at System.Net.Http.HttpConnectionPool.ConnectToTcpHostAsync(String host, Int32 port, HttpRequestMessage initialRequest, Boolean async, CancellationToken cancellationToken)
   at System.Net.Http.HttpConnectionPool.ConnectAsync(HttpRequestMessage request, Boolean async, CancellationToken cancellationToken)
   at System.Net.Http.HttpConnectionPool.CreateHttp11ConnectionAsync(HttpRequestMessage request, Boolean async, CancellationToken cancellationToken)
   at System.Net.Http.HttpConnectionPool.AddHttp11ConnectionAsync(QueueItem queueItem)
   at System.Threading.Tasks.TaskCompletionSourceWithCancellation`1.WaitWithCancellationAsync(CancellationToken cancellationToken)
   at System.Net.Http.HttpConnectionPool.SendWithVersionDetectionAndRetryAsync(HttpRequestMessage request, Boolean async, Boolean doRequestAuth, CancellationToken cancellationToken)
   at System.Net.Http.DiagnosticsHandler.SendAsyncCore(HttpRequestMessage request, Boolean async, CancellationToken cancellationToken)
   at System.Net.Http.RedirectHandler.SendAsync(HttpRequestMessage request, Boolean async, CancellationToken cancellationToken)
   at System.Net.Http.HttpClient.<SendAsync>g__Core|83_0(HttpRequestMessage request, HttpCompletionOption completionOption, CancellationTokenSource cts, Boolean disposeCts, CancellationTokenSource pendingRequestsCts, CancellationToken originalCancellationToken)
   at Elasticsearch.Net.HttpConnection.RequestAsync[TResponse](RequestData requestData, CancellationToken cancellationToken)
   --- End of inner exception stack trace ---
   at Elasticsearch.Net.RequestPipeline.ThrowIfTransientProductCheckFailure()
   at Elasticsearch.Net.RequestPipeline.PingAsync(Node node, CancellationToken cancellationToken)
   at Elasticsearch.Net.Transport`1.PingAsync(IRequestPipeline pipeline, Node node, CancellationToken cancellationToken)
   at Elasticsearch.Net.Transport`1.RequestAsync[TResponse](HttpMethod method, String path, CancellationToken cancellationToken, PostData data, IRequestParameters requestParameters)
   --- End of inner exception stack trace ---
2024-10-17 00:32:53 [WRN] [ZQH.Abp.AuditLogging.Elasticsearch.IndexInitializer] [36476] [9] - Failed to initialize index and security log may not be retrieved.
2024-10-17 00:32:53 [WRN] [ZQH.Abp.AuditLogging.Elasticsearch.IndexInitializer] [36476] [9] - Elasticsearch.Net.ElasticsearchClientException: The client is unable to verify that the server is Elasticsearch due to an unsuccessful product check call. Some functionality may not be compatible if the server is running an unsupported product. Call: Status code unknown from: GET /
 ---> Elasticsearch.Net.PipelineException: The client is unable to verify that the server is Elasticsearch due to an unsuccessful product check call. Some functionality may not be compatible if the server is running an unsupported product.
 ---> System.Net.Http.HttpRequestException: 由于目标计算机积极拒绝，无法连接。 (127.0.0.1:9200)
 ---> System.Net.Sockets.SocketException (10061): 由于目标计算机积极拒绝，无法连接。
   at System.Net.Sockets.Socket.AwaitableSocketAsyncEventArgs.ThrowException(SocketError error, CancellationToken cancellationToken)
   at System.Net.Sockets.Socket.AwaitableSocketAsyncEventArgs.System.Threading.Tasks.Sources.IValueTaskSource.GetResult(Int16 token)
   at System.Net.Sockets.Socket.<ConnectAsync>g__WaitForConnectWithCancellation|285_0(AwaitableSocketAsyncEventArgs saea, ValueTask connectTask, CancellationToken cancellationToken)
   at System.Net.Http.HttpConnectionPool.ConnectToTcpHostAsync(String host, Int32 port, HttpRequestMessage initialRequest, Boolean async, CancellationToken cancellationToken)
   --- End of inner exception stack trace ---
   at System.Net.Http.HttpConnectionPool.ConnectToTcpHostAsync(String host, Int32 port, HttpRequestMessage initialRequest, Boolean async, CancellationToken cancellationToken)
   at System.Net.Http.HttpConnectionPool.ConnectAsync(HttpRequestMessage request, Boolean async, CancellationToken cancellationToken)
   at System.Net.Http.HttpConnectionPool.CreateHttp11ConnectionAsync(HttpRequestMessage request, Boolean async, CancellationToken cancellationToken)
   at System.Net.Http.HttpConnectionPool.AddHttp11ConnectionAsync(QueueItem queueItem)
   at System.Threading.Tasks.TaskCompletionSourceWithCancellation`1.WaitWithCancellationAsync(CancellationToken cancellationToken)
   at System.Net.Http.HttpConnectionPool.SendWithVersionDetectionAndRetryAsync(HttpRequestMessage request, Boolean async, Boolean doRequestAuth, CancellationToken cancellationToken)
   at System.Net.Http.DiagnosticsHandler.SendAsyncCore(HttpRequestMessage request, Boolean async, CancellationToken cancellationToken)
   at System.Net.Http.RedirectHandler.SendAsync(HttpRequestMessage request, Boolean async, CancellationToken cancellationToken)
   at System.Net.Http.HttpClient.<SendAsync>g__Core|83_0(HttpRequestMessage request, HttpCompletionOption completionOption, CancellationTokenSource cts, Boolean disposeCts, CancellationTokenSource pendingRequestsCts, CancellationToken originalCancellationToken)
   at Elasticsearch.Net.HttpConnection.RequestAsync[TResponse](RequestData requestData, CancellationToken cancellationToken)
   --- End of inner exception stack trace ---
   at Elasticsearch.Net.RequestPipeline.ThrowIfTransientProductCheckFailure()
   at Elasticsearch.Net.RequestPipeline.PingAsync(Node node, CancellationToken cancellationToken)
   at Elasticsearch.Net.Transport`1.PingAsync(IRequestPipeline pipeline, Node node, CancellationToken cancellationToken)
   at Elasticsearch.Net.Transport`1.RequestAsync[TResponse](HttpMethod method, String path, CancellationToken cancellationToken, PostData data, IRequestParameters requestParameters)
   --- End of inner exception stack trace ---
2024-10-17 00:47:00 [WRN] [Microsoft.AspNetCore.Http.ResponseCookies] [36476] [61] - The cookie 'XSRF-TOKEN' has set 'SameSite=None' and must also set 'Secure'.
2024-10-17 00:47:01 [WRN] [Microsoft.AspNetCore.Http.ResponseCookies] [36476] [54] - The cookie 'XSRF-TOKEN' has set 'SameSite=None' and must also set 'Secure'.
2024-10-17 00:47:08 [WRN] [Volo.Abp.Caching.DistributedCache] [36476] [62] - The operation was canceled.
System.OperationCanceledException: The operation was canceled.
   at System.Threading.CancellationToken.ThrowOperationCanceledException()
   at System.Threading.CancellationToken.ThrowIfCancellationRequested()
   at Microsoft.Extensions.Caching.StackExchangeRedis.RedisCache.GetAsync(String key, CancellationToken token)
   at Volo.Abp.Caching.DistributedCache`2.GetAsync(TCacheKey key, Nullable`1 hideErrors, Boolean considerUow, CancellationToken token)
2024-10-17 00:47:08 [WRN] [Volo.Abp.Caching.DistributedCache] [36476] [60] - The operation was canceled.
System.OperationCanceledException: The operation was canceled.
   at System.Threading.CancellationToken.ThrowOperationCanceledException()
   at System.Threading.CancellationToken.ThrowIfCancellationRequested()
   at Microsoft.Extensions.Caching.StackExchangeRedis.RedisCache.GetAsync(String key, CancellationToken token)
   at Volo.Abp.Caching.DistributedCache`2.GetAsync(TCacheKey key, Nullable`1 hideErrors, Boolean considerUow, CancellationToken token)
2024-10-17 00:47:08 [ERR] [Microsoft.EntityFrameworkCore.Database.Connection] [36476] [62] - An error occurred using the connection to database 'Platform-V8.2' on server '127.0.0.1'.
2024-10-17 00:47:10 [ERR] [Microsoft.EntityFrameworkCore.Database.Connection] [36476] [60] - An error occurred using the connection to database 'Platform-V8.2' on server '127.0.0.1'.
2024-10-17 00:47:10 [ERR] [Volo.Abp.AspNetCore.Mvc.ExceptionHandling.AbpExceptionFilter] [36476] [62] - ---------- RemoteServiceErrorInfo ----------
{
  "code": null,
  "message": "对不起，在处理您的请求期间产生了一个服务器内部错误！！",
  "details": null,
  "data": {},
  "validationErrors": null
}

2024-10-17 00:47:10 [ERR] [Volo.Abp.AspNetCore.Mvc.ExceptionHandling.AbpExceptionFilter] [36476] [60] - ---------- RemoteServiceErrorInfo ----------
{
  "code": null,
  "message": "对不起，在处理您的请求期间产生了一个服务器内部错误！！",
  "details": null,
  "data": {},
  "validationErrors": null
}

2024-10-17 00:47:10 [ERR] [Volo.Abp.AspNetCore.Mvc.ExceptionHandling.AbpExceptionFilter] [36476] [62] - The operation was canceled.
System.OperationCanceledException: The operation was canceled.
   at System.Threading.CancellationToken.ThrowOperationCanceledException()
   at System.Threading.CancellationToken.ThrowIfCancellationRequested()
   at MySqlConnector.MySqlConnection.OpenAsync(Nullable`1 ioBehavior, CancellationToken cancellationToken) in /_/src/MySqlConnector/MySqlConnection.cs:line 390
   at Microsoft.EntityFrameworkCore.Storage.RelationalConnection.OpenInternalAsync(Boolean errorsExpected, CancellationToken cancellationToken)
   at Microsoft.EntityFrameworkCore.Storage.RelationalConnection.OpenInternalAsync(Boolean errorsExpected, CancellationToken cancellationToken)
   at Microsoft.EntityFrameworkCore.Storage.RelationalConnection.OpenAsync(CancellationToken cancellationToken, Boolean errorsExpected)
   at Pomelo.EntityFrameworkCore.MySql.Storage.Internal.MySqlRelationalConnection.OpenAsync(CancellationToken cancellationToken, Boolean errorsExpected)
   at Microsoft.EntityFrameworkCore.Storage.RelationalCommand.ExecuteReaderAsync(RelationalCommandParameterObject parameterObject, CancellationToken cancellationToken)
   at Microsoft.EntityFrameworkCore.Query.Internal.SplitQueryingEnumerable`1.AsyncEnumerator.InitializeReaderAsync(AsyncEnumerator enumerator, CancellationToken cancellationToken)
   at Pomelo.EntityFrameworkCore.MySql.Storage.Internal.MySqlExecutionStrategy.ExecuteAsync[TState,TResult](TState state, Func`4 operation, Func`4 verifySucceeded, CancellationToken cancellationToken)
   at Microsoft.EntityFrameworkCore.Query.Internal.SplitQueryingEnumerable`1.AsyncEnumerator.MoveNextAsync()
   at Microsoft.EntityFrameworkCore.EntityFrameworkQueryableExtensions.ToListAsync[TSource](IQueryable`1 source, CancellationToken cancellationToken)
   at Microsoft.EntityFrameworkCore.EntityFrameworkQueryableExtensions.ToListAsync[TSource](IQueryable`1 source, CancellationToken cancellationToken)
   at Volo.Abp.FeatureManagement.EntityFrameworkCore.EfCoreFeatureValueRepository.GetListAsync(String providerName, String providerKey, CancellationToken cancellationToken)
   at Castle.DynamicProxy.AsyncInterceptorBase.ProceedAsynchronous[TResult](IInvocation invocation, IInvocationProceedInfo proceedInfo)
   at Volo.Abp.Castle.DynamicProxy.CastleAbpMethodInvocationAdapterWithReturnValue`1.ProceedAsync()
   at Volo.Abp.Uow.UnitOfWorkInterceptor.InterceptAsync(IAbpMethodInvocation invocation)
   at Volo.Abp.Castle.DynamicProxy.CastleAsyncAbpInterceptorAdapter`1.InterceptAsync[TResult](IInvocation invocation, IInvocationProceedInfo proceedInfo, Func`3 proceed)
   at Volo.Abp.FeatureManagement.FeatureManagementStore.SetCacheItemsAsync(String providerName, String providerKey, String currentName, FeatureValueCacheItem currentCacheItem)
   at Volo.Abp.FeatureManagement.FeatureManagementStore.GetCacheItemAsync(String name, String providerName, String providerKey)
   at Volo.Abp.FeatureManagement.FeatureManagementStore.GetOrNullAsync(String name, String providerName, String providerKey)
   at Castle.DynamicProxy.AsyncInterceptorBase.ProceedAsynchronous[TResult](IInvocation invocation, IInvocationProceedInfo proceedInfo)
   at Volo.Abp.Castle.DynamicProxy.CastleAbpMethodInvocationAdapterWithReturnValue`1.ProceedAsync()
   at Volo.Abp.Uow.UnitOfWorkInterceptor.InterceptAsync(IAbpMethodInvocation invocation)
   at Volo.Abp.Castle.DynamicProxy.CastleAsyncAbpInterceptorAdapter`1.InterceptAsync[TResult](IInvocation invocation, IInvocationProceedInfo proceedInfo, Func`3 proceed)
   at Volo.Abp.Features.TenantFeatureValueProvider.GetOrNullAsync(FeatureDefinition feature)
   at Volo.Abp.Features.FeatureChecker.GetOrNullValueFromProvidersAsync(IEnumerable`1 providers, FeatureDefinition feature)
   at Volo.Abp.Features.FeatureChecker.GetOrNullAsync(String name)
   at Volo.Abp.AspNetCore.Mvc.ApplicationConfigurations.AbpApplicationConfigurationAppService.GetFeaturesConfigAsync()
   at Volo.Abp.AspNetCore.Mvc.ApplicationConfigurations.AbpApplicationConfigurationAppService.GetAsync(ApplicationConfigurationRequestOptions options)
   at Castle.DynamicProxy.AsyncInterceptorBase.ProceedAsynchronous[TResult](IInvocation invocation, IInvocationProceedInfo proceedInfo)
   at Volo.Abp.Castle.DynamicProxy.CastleAbpMethodInvocationAdapterWithReturnValue`1.ProceedAsync()
   at Volo.Abp.GlobalFeatures.GlobalFeatureInterceptor.InterceptAsync(IAbpMethodInvocation invocation)
   at Volo.Abp.Castle.DynamicProxy.CastleAsyncAbpInterceptorAdapter`1.InterceptAsync[TResult](IInvocation invocation, IInvocationProceedInfo proceedInfo, Func`3 proceed)
   at Castle.DynamicProxy.AsyncInterceptorBase.ProceedAsynchronous[TResult](IInvocation invocation, IInvocationProceedInfo proceedInfo)
   at Volo.Abp.Castle.DynamicProxy.CastleAbpMethodInvocationAdapterWithReturnValue`1.ProceedAsync()
   at Volo.Abp.Validation.ValidationInterceptor.InterceptAsync(IAbpMethodInvocation invocation)
   at Volo.Abp.Castle.DynamicProxy.CastleAsyncAbpInterceptorAdapter`1.InterceptAsync[TResult](IInvocation invocation, IInvocationProceedInfo proceedInfo, Func`3 proceed)
   at Castle.DynamicProxy.AsyncInterceptorBase.ProceedAsynchronous[TResult](IInvocation invocation, IInvocationProceedInfo proceedInfo)
   at Volo.Abp.Castle.DynamicProxy.CastleAbpMethodInvocationAdapterWithReturnValue`1.ProceedAsync()
   at Volo.Abp.Auditing.AuditingInterceptor.ProceedByLoggingAsync(IAbpMethodInvocation invocation, AbpAuditingOptions options, IAuditingHelper auditingHelper, IAuditLogScope auditLogScope)
   at Volo.Abp.Auditing.AuditingInterceptor.InterceptAsync(IAbpMethodInvocation invocation)
   at Volo.Abp.Castle.DynamicProxy.CastleAsyncAbpInterceptorAdapter`1.InterceptAsync[TResult](IInvocation invocation, IInvocationProceedInfo proceedInfo, Func`3 proceed)
   at Castle.DynamicProxy.AsyncInterceptorBase.ProceedAsynchronous[TResult](IInvocation invocation, IInvocationProceedInfo proceedInfo)
   at Volo.Abp.Castle.DynamicProxy.CastleAbpMethodInvocationAdapterWithReturnValue`1.ProceedAsync()
   at Volo.Abp.Uow.UnitOfWorkInterceptor.InterceptAsync(IAbpMethodInvocation invocation)
   at Volo.Abp.Castle.DynamicProxy.CastleAsyncAbpInterceptorAdapter`1.InterceptAsync[TResult](IInvocation invocation, IInvocationProceedInfo proceedInfo, Func`3 proceed)
   at Volo.Abp.AspNetCore.Mvc.ApplicationConfigurations.AbpApplicationConfigurationController.GetAsync(ApplicationConfigurationRequestOptions options)
   at lambda_method2063(Closure, Object)
   at Microsoft.AspNetCore.Mvc.Infrastructure.ActionMethodExecutor.AwaitableObjectResultExecutor.Execute(ActionContext actionContext, IActionResultTypeMapper mapper, ObjectMethodExecutor executor, Object controller, Object[] arguments)
   at Microsoft.AspNetCore.Mvc.Infrastructure.ControllerActionInvoker.<InvokeActionMethodAsync>g__Logged|12_1(ControllerActionInvoker invoker)
   at Microsoft.AspNetCore.Mvc.Infrastructure.ControllerActionInvoker.<InvokeNextActionFilterAsync>g__Awaited|10_0(ControllerActionInvoker invoker, Task lastTask, State next, Scope scope, Object state, Boolean isCompleted)
   at Microsoft.AspNetCore.Mvc.Infrastructure.ControllerActionInvoker.Rethrow(ActionExecutedContextSealed context)
   at Microsoft.AspNetCore.Mvc.Infrastructure.ControllerActionInvoker.Next(State& next, Scope& scope, Object& state, Boolean& isCompleted)
   at Microsoft.AspNetCore.Mvc.Infrastructure.ControllerActionInvoker.<InvokeInnerFilterAsync>g__Awaited|13_0(ControllerActionInvoker invoker, Task lastTask, State next, Scope scope, Object state, Boolean isCompleted)
   at Microsoft.AspNetCore.Mvc.Infrastructure.ResourceInvoker.<InvokeNextExceptionFilterAsync>g__Awaited|26_0(ResourceInvoker invoker, Task lastTask, State next, Scope scope, Object state, Boolean isCompleted)
2024-10-17 00:47:10 [ERR] [Volo.Abp.AspNetCore.Mvc.ExceptionHandling.AbpExceptionFilter] [36476] [60] - The operation was canceled.
System.OperationCanceledException: The operation was canceled.
   at System.Threading.CancellationToken.ThrowOperationCanceledException()
   at System.Threading.CancellationToken.ThrowIfCancellationRequested()
   at MySqlConnector.MySqlConnection.OpenAsync(Nullable`1 ioBehavior, CancellationToken cancellationToken) in /_/src/MySqlConnector/MySqlConnection.cs:line 390
   at Microsoft.EntityFrameworkCore.Storage.RelationalConnection.OpenInternalAsync(Boolean errorsExpected, CancellationToken cancellationToken)
   at Microsoft.EntityFrameworkCore.Storage.RelationalConnection.OpenInternalAsync(Boolean errorsExpected, CancellationToken cancellationToken)
   at Microsoft.EntityFrameworkCore.Storage.RelationalConnection.OpenAsync(CancellationToken cancellationToken, Boolean errorsExpected)
   at Pomelo.EntityFrameworkCore.MySql.Storage.Internal.MySqlRelationalConnection.OpenAsync(CancellationToken cancellationToken, Boolean errorsExpected)
   at Microsoft.EntityFrameworkCore.Storage.RelationalCommand.ExecuteReaderAsync(RelationalCommandParameterObject parameterObject, CancellationToken cancellationToken)
   at Microsoft.EntityFrameworkCore.Query.Internal.SplitQueryingEnumerable`1.AsyncEnumerator.InitializeReaderAsync(AsyncEnumerator enumerator, CancellationToken cancellationToken)
   at Pomelo.EntityFrameworkCore.MySql.Storage.Internal.MySqlExecutionStrategy.ExecuteAsync[TState,TResult](TState state, Func`4 operation, Func`4 verifySucceeded, CancellationToken cancellationToken)
   at Microsoft.EntityFrameworkCore.Query.Internal.SplitQueryingEnumerable`1.AsyncEnumerator.MoveNextAsync()
   at Microsoft.EntityFrameworkCore.EntityFrameworkQueryableExtensions.ToListAsync[TSource](IQueryable`1 source, CancellationToken cancellationToken)
   at Microsoft.EntityFrameworkCore.EntityFrameworkQueryableExtensions.ToListAsync[TSource](IQueryable`1 source, CancellationToken cancellationToken)
   at Volo.Abp.FeatureManagement.EntityFrameworkCore.EfCoreFeatureValueRepository.GetListAsync(String providerName, String providerKey, CancellationToken cancellationToken)
   at Castle.DynamicProxy.AsyncInterceptorBase.ProceedAsynchronous[TResult](IInvocation invocation, IInvocationProceedInfo proceedInfo)
   at Volo.Abp.Castle.DynamicProxy.CastleAbpMethodInvocationAdapterWithReturnValue`1.ProceedAsync()
   at Volo.Abp.Uow.UnitOfWorkInterceptor.InterceptAsync(IAbpMethodInvocation invocation)
   at Volo.Abp.Castle.DynamicProxy.CastleAsyncAbpInterceptorAdapter`1.InterceptAsync[TResult](IInvocation invocation, IInvocationProceedInfo proceedInfo, Func`3 proceed)
   at Volo.Abp.FeatureManagement.FeatureManagementStore.SetCacheItemsAsync(String providerName, String providerKey, String currentName, FeatureValueCacheItem currentCacheItem)
   at Volo.Abp.FeatureManagement.FeatureManagementStore.GetCacheItemAsync(String name, String providerName, String providerKey)
   at Volo.Abp.FeatureManagement.FeatureManagementStore.GetOrNullAsync(String name, String providerName, String providerKey)
   at Castle.DynamicProxy.AsyncInterceptorBase.ProceedAsynchronous[TResult](IInvocation invocation, IInvocationProceedInfo proceedInfo)
   at Volo.Abp.Castle.DynamicProxy.CastleAbpMethodInvocationAdapterWithReturnValue`1.ProceedAsync()
   at Volo.Abp.Uow.UnitOfWorkInterceptor.InterceptAsync(IAbpMethodInvocation invocation)
   at Volo.Abp.Castle.DynamicProxy.CastleAsyncAbpInterceptorAdapter`1.InterceptAsync[TResult](IInvocation invocation, IInvocationProceedInfo proceedInfo, Func`3 proceed)
   at Volo.Abp.Features.TenantFeatureValueProvider.GetOrNullAsync(FeatureDefinition feature)
   at Volo.Abp.Features.FeatureChecker.GetOrNullValueFromProvidersAsync(IEnumerable`1 providers, FeatureDefinition feature)
   at Volo.Abp.Features.FeatureChecker.GetOrNullAsync(String name)
   at Volo.Abp.AspNetCore.Mvc.ApplicationConfigurations.AbpApplicationConfigurationAppService.GetFeaturesConfigAsync()
   at Volo.Abp.AspNetCore.Mvc.ApplicationConfigurations.AbpApplicationConfigurationAppService.GetAsync(ApplicationConfigurationRequestOptions options)
   at Castle.DynamicProxy.AsyncInterceptorBase.ProceedAsynchronous[TResult](IInvocation invocation, IInvocationProceedInfo proceedInfo)
   at Volo.Abp.Castle.DynamicProxy.CastleAbpMethodInvocationAdapterWithReturnValue`1.ProceedAsync()
   at Volo.Abp.GlobalFeatures.GlobalFeatureInterceptor.InterceptAsync(IAbpMethodInvocation invocation)
   at Volo.Abp.Castle.DynamicProxy.CastleAsyncAbpInterceptorAdapter`1.InterceptAsync[TResult](IInvocation invocation, IInvocationProceedInfo proceedInfo, Func`3 proceed)
   at Castle.DynamicProxy.AsyncInterceptorBase.ProceedAsynchronous[TResult](IInvocation invocation, IInvocationProceedInfo proceedInfo)
   at Volo.Abp.Castle.DynamicProxy.CastleAbpMethodInvocationAdapterWithReturnValue`1.ProceedAsync()
   at Volo.Abp.Validation.ValidationInterceptor.InterceptAsync(IAbpMethodInvocation invocation)
   at Volo.Abp.Castle.DynamicProxy.CastleAsyncAbpInterceptorAdapter`1.InterceptAsync[TResult](IInvocation invocation, IInvocationProceedInfo proceedInfo, Func`3 proceed)
   at Castle.DynamicProxy.AsyncInterceptorBase.ProceedAsynchronous[TResult](IInvocation invocation, IInvocationProceedInfo proceedInfo)
   at Volo.Abp.Castle.DynamicProxy.CastleAbpMethodInvocationAdapterWithReturnValue`1.ProceedAsync()
   at Volo.Abp.Auditing.AuditingInterceptor.ProceedByLoggingAsync(IAbpMethodInvocation invocation, AbpAuditingOptions options, IAuditingHelper auditingHelper, IAuditLogScope auditLogScope)
   at Volo.Abp.Auditing.AuditingInterceptor.InterceptAsync(IAbpMethodInvocation invocation)
   at Volo.Abp.Castle.DynamicProxy.CastleAsyncAbpInterceptorAdapter`1.InterceptAsync[TResult](IInvocation invocation, IInvocationProceedInfo proceedInfo, Func`3 proceed)
   at Castle.DynamicProxy.AsyncInterceptorBase.ProceedAsynchronous[TResult](IInvocation invocation, IInvocationProceedInfo proceedInfo)
   at Volo.Abp.Castle.DynamicProxy.CastleAbpMethodInvocationAdapterWithReturnValue`1.ProceedAsync()
   at Volo.Abp.Uow.UnitOfWorkInterceptor.InterceptAsync(IAbpMethodInvocation invocation)
   at Volo.Abp.Castle.DynamicProxy.CastleAsyncAbpInterceptorAdapter`1.InterceptAsync[TResult](IInvocation invocation, IInvocationProceedInfo proceedInfo, Func`3 proceed)
   at Volo.Abp.AspNetCore.Mvc.ApplicationConfigurations.AbpApplicationConfigurationController.GetAsync(ApplicationConfigurationRequestOptions options)
   at lambda_method2063(Closure, Object)
   at Microsoft.AspNetCore.Mvc.Infrastructure.ActionMethodExecutor.AwaitableObjectResultExecutor.Execute(ActionContext actionContext, IActionResultTypeMapper mapper, ObjectMethodExecutor executor, Object controller, Object[] arguments)
   at Microsoft.AspNetCore.Mvc.Infrastructure.ControllerActionInvoker.<InvokeActionMethodAsync>g__Logged|12_1(ControllerActionInvoker invoker)
   at Microsoft.AspNetCore.Mvc.Infrastructure.ControllerActionInvoker.<InvokeNextActionFilterAsync>g__Awaited|10_0(ControllerActionInvoker invoker, Task lastTask, State next, Scope scope, Object state, Boolean isCompleted)
   at Microsoft.AspNetCore.Mvc.Infrastructure.ControllerActionInvoker.Rethrow(ActionExecutedContextSealed context)
   at Microsoft.AspNetCore.Mvc.Infrastructure.ControllerActionInvoker.Next(State& next, Scope& scope, Object& state, Boolean& isCompleted)
   at Microsoft.AspNetCore.Mvc.Infrastructure.ControllerActionInvoker.<InvokeInnerFilterAsync>g__Awaited|13_0(ControllerActionInvoker invoker, Task lastTask, State next, Scope scope, Object state, Boolean isCompleted)
   at Microsoft.AspNetCore.Mvc.Infrastructure.ResourceInvoker.<InvokeNextExceptionFilterAsync>g__Awaited|26_0(ResourceInvoker invoker, Task lastTask, State next, Scope scope, Object state, Boolean isCompleted)
2024-10-17 00:54:22 [WRN] [Microsoft.AspNetCore.Http.ResponseCookies] [36476] [70] - The cookie 'XSRF-TOKEN' has set 'SameSite=None' and must also set 'Secure'.
2024-10-17 00:54:29 [WRN] [Volo.Abp.AspNetCore.Mvc.AspNetCoreApiDescriptionModelProvider] [36476] [77] - Controller 'Account' contains more than one action with name 'RegisterAsyncByInput' for module 'account'. Ignored: System.Threading.Tasks.Task RegisterAsync(ZQH.Abp.Account.PhoneRegisterDto)
2024-10-17 00:55:00 [WRN] [Microsoft.AspNetCore.Http.ResponseCookies] [36476] [70] - The cookie 'XSRF-TOKEN' has set 'SameSite=None' and must also set 'Secure'.
2024-10-17 00:56:35 [WRN] [Microsoft.AspNetCore.Http.ResponseCookies] [36476] [70] - The cookie 'XSRF-TOKEN' has set 'SameSite=None' and must also set 'Secure'.
2024-10-17 00:56:38 [WRN] [Volo.Abp.AspNetCore.Mvc.AspNetCoreApiDescriptionModelProvider] [36476] [69] - Controller 'Account' contains more than one action with name 'RegisterAsyncByInput' for module 'account'. Ignored: System.Threading.Tasks.Task RegisterAsync(ZQH.Abp.Account.PhoneRegisterDto)
2024-10-17 01:16:13 [WRN] [Microsoft.AspNetCore.Http.ResponseCookies] [36476] [47] - The cookie 'XSRF-TOKEN' has set 'SameSite=None' and must also set 'Secure'.
2024-10-17 01:16:16 [WRN] [Volo.Abp.AspNetCore.Mvc.AspNetCoreApiDescriptionModelProvider] [36476] [40] - Controller 'Account' contains more than one action with name 'RegisterAsyncByInput' for module 'account'. Ignored: System.Threading.Tasks.Task RegisterAsync(ZQH.Abp.Account.PhoneRegisterDto)
2024-10-17 01:16:58 [WRN] [Microsoft.AspNetCore.Http.ResponseCookies] [36476] [35] - The cookie 'XSRF-TOKEN' has set 'SameSite=None' and must also set 'Secure'.
2024-10-17 01:17:35 [WRN] [Microsoft.AspNetCore.Http.ResponseCookies] [36476] [42] - The cookie 'XSRF-TOKEN' has set 'SameSite=None' and must also set 'Secure'.
2024-10-17 01:17:37 [WRN] [Volo.Abp.AspNetCore.Mvc.AspNetCoreApiDescriptionModelProvider] [36476] [42] - Controller 'Account' contains more than one action with name 'RegisterAsyncByInput' for module 'account'. Ignored: System.Threading.Tasks.Task RegisterAsync(ZQH.Abp.Account.PhoneRegisterDto)
2024-10-17 01:17:49 [WRN] [Microsoft.AspNetCore.Http.ResponseCookies] [36476] [24] - The cookie 'XSRF-TOKEN' has set 'SameSite=None' and must also set 'Secure'.
2024-10-17 01:17:52 [WRN] [Volo.Abp.AspNetCore.Mvc.AspNetCoreApiDescriptionModelProvider] [36476] [25] - Controller 'Account' contains more than one action with name 'RegisterAsyncByInput' for module 'account'. Ignored: System.Threading.Tasks.Task RegisterAsync(ZQH.Abp.Account.PhoneRegisterDto)
2024-10-17 01:19:41 [WRN] [Microsoft.AspNetCore.Http.ResponseCookies] [36476] [25] - The cookie 'XSRF-TOKEN' has set 'SameSite=None' and must also set 'Secure'.
2024-10-17 01:19:44 [WRN] [Volo.Abp.AspNetCore.Mvc.AspNetCoreApiDescriptionModelProvider] [36476] [27] - Controller 'Account' contains more than one action with name 'RegisterAsyncByInput' for module 'account'. Ignored: System.Threading.Tasks.Task RegisterAsync(ZQH.Abp.Account.PhoneRegisterDto)
2024-10-17 02:19:45 [WRN] [Microsoft.AspNetCore.Http.ResponseCookies] [36476] [41] - The cookie 'XSRF-TOKEN' has set 'SameSite=None' and must also set 'Secure'.
2024-10-17 02:19:49 [WRN] [Volo.Abp.AspNetCore.Mvc.AspNetCoreApiDescriptionModelProvider] [36476] [41] - Controller 'Account' contains more than one action with name 'RegisterAsyncByInput' for module 'account'. Ignored: System.Threading.Tasks.Task RegisterAsync(ZQH.Abp.Account.PhoneRegisterDto)
2024-10-17 03:01:15 [WRN] [DotNetCore.CAP.Internal.ConsumerRegister] [36476] [41] - RabbitMQ consumer cancelled. --> amq.ctag-tIeMCV9L5CGnTmOMG4RoXA
2024-10-17 03:01:15 [WRN] [DotNetCore.CAP.Internal.ConsumerRegister] [36476] [41] - RabbitMQ consumer shutdown. --> Unexpected Exception: Unable to read data from the transport connection: 远程主机强迫关闭了一个现有的连接。.
2024-10-17 03:01:32 [WRN] [Microsoft.AspNetCore.Http.ResponseCookies] [36476] [100] - The cookie 'XSRF-TOKEN' has set 'SameSite=None' and must also set 'Secure'.
2024-10-17 03:01:36 [WRN] [Volo.Abp.AspNetCore.Mvc.AspNetCoreApiDescriptionModelProvider] [36476] [100] - Controller 'Account' contains more than one action with name 'RegisterAsyncByInput' for module 'account'. Ignored: System.Threading.Tasks.Task RegisterAsync(ZQH.Abp.Account.PhoneRegisterDto)
2024-10-17 07:28:01 [WRN] [Microsoft.AspNetCore.Http.ResponseCookies] [36476] [58] - The cookie 'XSRF-TOKEN' has set 'SameSite=None' and must also set 'Secure'.
2024-10-17 07:28:04 [WRN] [Volo.Abp.AspNetCore.Mvc.AspNetCoreApiDescriptionModelProvider] [36476] [28] - Controller 'Account' contains more than one action with name 'RegisterAsyncByInput' for module 'account'. Ignored: System.Threading.Tasks.Task RegisterAsync(ZQH.Abp.Account.PhoneRegisterDto)
2024-10-17 08:22:21 [WRN] [Microsoft.AspNetCore.Http.ResponseCookies] [36476] [39] - The cookie 'XSRF-TOKEN' has set 'SameSite=None' and must also set 'Secure'.
2024-10-17 08:22:25 [WRN] [Volo.Abp.AspNetCore.Mvc.AspNetCoreApiDescriptionModelProvider] [36476] [89] - Controller 'Account' contains more than one action with name 'RegisterAsyncByInput' for module 'account'. Ignored: System.Threading.Tasks.Task RegisterAsync(ZQH.Abp.Account.PhoneRegisterDto)
2024-10-17 08:22:36 [WRN] [Microsoft.AspNetCore.Http.ResponseCookies] [36476] [89] - The cookie 'XSRF-TOKEN' has set 'SameSite=None' and must also set 'Secure'.
2024-10-17 08:26:26 [WRN] [Microsoft.AspNetCore.Http.ResponseCookies] [36476] [40] - The cookie 'XSRF-TOKEN' has set 'SameSite=None' and must also set 'Secure'.
2024-10-17 08:26:29 [WRN] [Volo.Abp.AspNetCore.Mvc.AspNetCoreApiDescriptionModelProvider] [36476] [40] - Controller 'Account' contains more than one action with name 'RegisterAsyncByInput' for module 'account'. Ignored: System.Threading.Tasks.Task RegisterAsync(ZQH.Abp.Account.PhoneRegisterDto)
2024-10-17 08:28:23 [WRN] [Microsoft.AspNetCore.Http.ResponseCookies] [36476] [75] - The cookie 'XSRF-TOKEN' has set 'SameSite=None' and must also set 'Secure'.
2024-10-17 08:28:33 [WRN] [Microsoft.AspNetCore.Http.ResponseCookies] [36476] [75] - The cookie 'XSRF-TOKEN' has set 'SameSite=None' and must also set 'Secure'.
2024-10-17 08:28:35 [WRN] [Volo.Abp.AspNetCore.Mvc.AspNetCoreApiDescriptionModelProvider] [36476] [64] - Controller 'Account' contains more than one action with name 'RegisterAsyncByInput' for module 'account'. Ignored: System.Threading.Tasks.Task RegisterAsync(ZQH.Abp.Account.PhoneRegisterDto)
2024-10-17 08:28:58 [WRN] [Microsoft.AspNetCore.Http.ResponseCookies] [36476] [78] - The cookie 'XSRF-TOKEN' has set 'SameSite=None' and must also set 'Secure'.
2024-10-17 08:29:00 [WRN] [Volo.Abp.AspNetCore.Mvc.AspNetCoreApiDescriptionModelProvider] [36476] [81] - Controller 'Account' contains more than one action with name 'RegisterAsyncByInput' for module 'account'. Ignored: System.Threading.Tasks.Task RegisterAsync(ZQH.Abp.Account.PhoneRegisterDto)
2024-10-17 08:58:26 [WRN] [Volo.Abp.AspNetCore.Mvc.ExceptionHandling.AbpExceptionFilter] [36476] [105] - ---------- RemoteServiceErrorInfo ----------
{
  "code": "Volo.Authorization:010001",
  "message": "授权失败！提供的策略尚未授予。",
  "details": null,
  "data": {},
  "validationErrors": null
}

2024-10-17 08:58:26 [WRN] [Volo.Abp.AspNetCore.Mvc.ExceptionHandling.AbpExceptionFilter] [36476] [105] - Exception of type 'Volo.Abp.Authorization.AbpAuthorizationException' was thrown.
Volo.Abp.Authorization.AbpAuthorizationException: Exception of type 'Volo.Abp.Authorization.AbpAuthorizationException' was thrown.
   at Microsoft.AspNetCore.Authorization.AbpAuthorizationServiceExtensions.CheckAsync(IAuthorizationService authorizationService, AuthorizationPolicy policy)
   at Volo.Abp.Authorization.MethodInvocationAuthorizationService.CheckAsync(MethodInvocationAuthorizationContext context)
   at Volo.Abp.Authorization.AuthorizationInterceptor.AuthorizeAsync(IAbpMethodInvocation invocation)
   at Volo.Abp.Authorization.AuthorizationInterceptor.InterceptAsync(IAbpMethodInvocation invocation)
   at Volo.Abp.Castle.DynamicProxy.CastleAsyncAbpInterceptorAdapter`1.InterceptAsync(IInvocation invocation, IInvocationProceedInfo proceedInfo, Func`3 proceed)
   at Castle.DynamicProxy.AsyncInterceptorBase.ProceedAsynchronous(IInvocation invocation, IInvocationProceedInfo proceedInfo)
   at Volo.Abp.Castle.DynamicProxy.CastleAbpMethodInvocationAdapter.ProceedAsync()
   at Volo.Abp.Auditing.AuditingInterceptor.ProceedByLoggingAsync(IAbpMethodInvocation invocation, AbpAuditingOptions options, IAuditingHelper auditingHelper, IAuditLogScope auditLogScope)
   at Volo.Abp.Auditing.AuditingInterceptor.InterceptAsync(IAbpMethodInvocation invocation)
   at Volo.Abp.Castle.DynamicProxy.CastleAsyncAbpInterceptorAdapter`1.InterceptAsync(IInvocation invocation, IInvocationProceedInfo proceedInfo, Func`3 proceed)
   at Castle.DynamicProxy.AsyncInterceptorBase.ProceedAsynchronous(IInvocation invocation, IInvocationProceedInfo proceedInfo)
   at Volo.Abp.Castle.DynamicProxy.CastleAbpMethodInvocationAdapter.ProceedAsync()
   at Volo.Abp.Uow.UnitOfWorkInterceptor.InterceptAsync(IAbpMethodInvocation invocation)
   at Volo.Abp.Castle.DynamicProxy.CastleAsyncAbpInterceptorAdapter`1.InterceptAsync(IInvocation invocation, IInvocationProceedInfo proceedInfo, Func`3 proceed)
   at Microsoft.AspNetCore.Mvc.Infrastructure.ActionMethodExecutor.TaskResultExecutor.Execute(ActionContext actionContext, IActionResultTypeMapper mapper, ObjectMethodExecutor executor, Object controller, Object[] arguments)
   at Microsoft.AspNetCore.Mvc.Infrastructure.ControllerActionInvoker.<InvokeActionMethodAsync>g__Logged|12_1(ControllerActionInvoker invoker)
   at Microsoft.AspNetCore.Mvc.Infrastructure.ControllerActionInvoker.<InvokeNextActionFilterAsync>g__Awaited|10_0(ControllerActionInvoker invoker, Task lastTask, State next, Scope scope, Object state, Boolean isCompleted)
   at Microsoft.AspNetCore.Mvc.Infrastructure.ControllerActionInvoker.Rethrow(ActionExecutedContextSealed context)
   at Microsoft.AspNetCore.Mvc.Infrastructure.ControllerActionInvoker.Next(State& next, Scope& scope, Object& state, Boolean& isCompleted)
   at Microsoft.AspNetCore.Mvc.Infrastructure.ControllerActionInvoker.InvokeInnerFilterAsync()
--- End of stack trace from previous location ---
   at Microsoft.AspNetCore.Mvc.Infrastructure.ResourceInvoker.<InvokeNextExceptionFilterAsync>g__Awaited|26_0(ResourceInvoker invoker, Task lastTask, State next, Scope scope, Object state, Boolean isCompleted)
2024-10-17 08:58:26 [WRN] [Volo.Abp.AspNetCore.Mvc.ExceptionHandling.AbpExceptionFilter] [36476] [105] - Code:Volo.Authorization:010001
2024-10-17 08:58:30 [WRN] [Microsoft.AspNetCore.Http.ResponseCookies] [36476] [105] - The cookie 'XSRF-TOKEN' has set 'SameSite=None' and must also set 'Secure'.
2024-10-17 08:58:35 [WRN] [Microsoft.AspNetCore.Http.ResponseCookies] [36476] [100] - The cookie 'XSRF-TOKEN' has set 'SameSite=None' and must also set 'Secure'.
2024-10-17 08:58:38 [WRN] [Volo.Abp.AspNetCore.Mvc.AspNetCoreApiDescriptionModelProvider] [36476] [105] - Controller 'Account' contains more than one action with name 'RegisterAsyncByInput' for module 'account'. Ignored: System.Threading.Tasks.Task RegisterAsync(ZQH.Abp.Account.PhoneRegisterDto)
2024-10-17 08:58:44 [WRN] [Microsoft.AspNetCore.Http.ResponseCookies] [36476] [111] - The cookie 'XSRF-TOKEN' has set 'SameSite=None' and must also set 'Secure'.
2024-10-17 08:58:47 [WRN] [Volo.Abp.AspNetCore.Mvc.AspNetCoreApiDescriptionModelProvider] [36476] [6] - Controller 'Account' contains more than one action with name 'RegisterAsyncByInput' for module 'account'. Ignored: System.Threading.Tasks.Task RegisterAsync(ZQH.Abp.Account.PhoneRegisterDto)
2024-10-17 08:59:28 [WRN] [Microsoft.AspNetCore.Http.ResponseCookies] [36476] [55] - The cookie 'XSRF-TOKEN' has set 'SameSite=None' and must also set 'Secure'.
2024-10-17 09:01:12 [WRN] [Microsoft.AspNetCore.Http.ResponseCookies] [36476] [110] - The cookie 'XSRF-TOKEN' has set 'SameSite=None' and must also set 'Secure'.
2024-10-17 09:01:14 [WRN] [Volo.Abp.AspNetCore.Mvc.AspNetCoreApiDescriptionModelProvider] [36476] [110] - Controller 'Account' contains more than one action with name 'RegisterAsyncByInput' for module 'account'. Ignored: System.Threading.Tasks.Task RegisterAsync(ZQH.Abp.Account.PhoneRegisterDto)
2024-10-17 10:01:52 [WRN] [Microsoft.AspNetCore.Http.ResponseCookies] [36476] [46] - The cookie 'XSRF-TOKEN' has set 'SameSite=None' and must also set 'Secure'.
2024-10-17 10:02:00 [WRN] [Volo.Abp.AspNetCore.Mvc.AspNetCoreApiDescriptionModelProvider] [36476] [58] - Controller 'Account' contains more than one action with name 'RegisterAsyncByInput' for module 'account'. Ignored: System.Threading.Tasks.Task RegisterAsync(ZQH.Abp.Account.PhoneRegisterDto)
2024-10-17 10:04:54 [WRN] [Microsoft.AspNetCore.Http.ResponseCookies] [36476] [68] - The cookie 'XSRF-TOKEN' has set 'SameSite=None' and must also set 'Secure'.
2024-10-17 10:04:56 [WRN] [Volo.Abp.AspNetCore.Mvc.AspNetCoreApiDescriptionModelProvider] [36476] [26] - Controller 'Account' contains more than one action with name 'RegisterAsyncByInput' for module 'account'. Ignored: System.Threading.Tasks.Task RegisterAsync(ZQH.Abp.Account.PhoneRegisterDto)
2024-10-17 10:05:05 [WRN] [Microsoft.AspNetCore.Http.ResponseCookies] [36476] [26] - The cookie 'XSRF-TOKEN' has set 'SameSite=None' and must also set 'Secure'.
2024-10-17 10:08:00 [WRN] [Microsoft.AspNetCore.Http.ResponseCookies] [36476] [50] - The cookie 'XSRF-TOKEN' has set 'SameSite=None' and must also set 'Secure'.
2024-10-17 10:08:03 [WRN] [Volo.Abp.AspNetCore.Mvc.AspNetCoreApiDescriptionModelProvider] [36476] [76] - Controller 'Account' contains more than one action with name 'RegisterAsyncByInput' for module 'account'. Ignored: System.Threading.Tasks.Task RegisterAsync(ZQH.Abp.Account.PhoneRegisterDto)
2024-10-17 10:29:07 [WRN] [Microsoft.AspNetCore.Http.ResponseCookies] [36476] [65] - The cookie 'XSRF-TOKEN' has set 'SameSite=None' and must also set 'Secure'.
2024-10-17 10:29:10 [WRN] [Volo.Abp.AspNetCore.Mvc.AspNetCoreApiDescriptionModelProvider] [36476] [33] - Controller 'Account' contains more than one action with name 'RegisterAsyncByInput' for module 'account'. Ignored: System.Threading.Tasks.Task RegisterAsync(ZQH.Abp.Account.PhoneRegisterDto)
2024-10-17 10:52:00 [WRN] [Microsoft.AspNetCore.Http.ResponseCookies] [36476] [71] - The cookie 'XSRF-TOKEN' has set 'SameSite=None' and must also set 'Secure'.
2024-10-17 10:52:03 [WRN] [Volo.Abp.AspNetCore.Mvc.AspNetCoreApiDescriptionModelProvider] [36476] [113] - Controller 'Account' contains more than one action with name 'RegisterAsyncByInput' for module 'account'. Ignored: System.Threading.Tasks.Task RegisterAsync(ZQH.Abp.Account.PhoneRegisterDto)
2024-10-17 10:53:02 [WRN] [Microsoft.AspNetCore.Http.ResponseCookies] [36476] [71] - The cookie 'XSRF-TOKEN' has set 'SameSite=None' and must also set 'Secure'.
2024-10-17 10:53:05 [WRN] [Volo.Abp.AspNetCore.Mvc.AspNetCoreApiDescriptionModelProvider] [36476] [101] - Controller 'Account' contains more than one action with name 'RegisterAsyncByInput' for module 'account'. Ignored: System.Threading.Tasks.Task RegisterAsync(ZQH.Abp.Account.PhoneRegisterDto)
2024-10-17 10:53:06 [WRN] [Microsoft.AspNetCore.Http.ResponseCookies] [36476] [101] - The cookie 'XSRF-TOKEN' has set 'SameSite=None' and must also set 'Secure'.
2024-10-17 11:01:55 [WRN] [Microsoft.AspNetCore.Http.ResponseCookies] [36476] [44] - The cookie 'XSRF-TOKEN' has set 'SameSite=None' and must also set 'Secure'.
2024-10-17 11:01:57 [WRN] [Volo.Abp.AspNetCore.Mvc.AspNetCoreApiDescriptionModelProvider] [36476] [81] - Controller 'Account' contains more than one action with name 'RegisterAsyncByInput' for module 'account'. Ignored: System.Threading.Tasks.Task RegisterAsync(ZQH.Abp.Account.PhoneRegisterDto)
2024-10-17 11:02:04 [WRN] [Microsoft.AspNetCore.Http.ResponseCookies] [36476] [44] - The cookie 'XSRF-TOKEN' has set 'SameSite=None' and must also set 'Secure'.
2024-10-17 11:07:35 [WRN] [Microsoft.AspNetCore.Http.ResponseCookies] [36476] [11] - The cookie 'XSRF-TOKEN' has set 'SameSite=None' and must also set 'Secure'.
2024-10-17 11:07:37 [WRN] [Volo.Abp.AspNetCore.Mvc.AspNetCoreApiDescriptionModelProvider] [36476] [86] - Controller 'Account' contains more than one action with name 'RegisterAsyncByInput' for module 'account'. Ignored: System.Threading.Tasks.Task RegisterAsync(ZQH.Abp.Account.PhoneRegisterDto)
2024-10-17 11:07:45 [WRN] [Microsoft.AspNetCore.Http.ResponseCookies] [36476] [96] - The cookie 'XSRF-TOKEN' has set 'SameSite=None' and must also set 'Secure'.
2024-10-17 11:08:01 [WRN] [Microsoft.AspNetCore.Http.ResponseCookies] [36476] [11] - The cookie 'XSRF-TOKEN' has set 'SameSite=None' and must also set 'Secure'.
2024-10-17 11:08:03 [WRN] [Volo.Abp.AspNetCore.Mvc.AspNetCoreApiDescriptionModelProvider] [36476] [28] - Controller 'Account' contains more than one action with name 'RegisterAsyncByInput' for module 'account'. Ignored: System.Threading.Tasks.Task RegisterAsync(ZQH.Abp.Account.PhoneRegisterDto)
2024-10-17 11:08:10 [WRN] [Microsoft.AspNetCore.Http.ResponseCookies] [36476] [11] - The cookie 'XSRF-TOKEN' has set 'SameSite=None' and must also set 'Secure'.
2024-10-17 11:08:19 [WRN] [Microsoft.AspNetCore.Http.ResponseCookies] [36476] [11] - The cookie 'XSRF-TOKEN' has set 'SameSite=None' and must also set 'Secure'.
2024-10-17 11:08:22 [WRN] [Volo.Abp.AspNetCore.Mvc.AspNetCoreApiDescriptionModelProvider] [36476] [45] - Controller 'Account' contains more than one action with name 'RegisterAsyncByInput' for module 'account'. Ignored: System.Threading.Tasks.Task RegisterAsync(ZQH.Abp.Account.PhoneRegisterDto)
2024-10-17 11:08:28 [WRN] [Microsoft.AspNetCore.Http.ResponseCookies] [36476] [114] - The cookie 'XSRF-TOKEN' has set 'SameSite=None' and must also set 'Secure'.
2024-10-17 11:08:57 [WRN] [Microsoft.AspNetCore.Http.ResponseCookies] [36476] [11] - The cookie 'XSRF-TOKEN' has set 'SameSite=None' and must also set 'Secure'.
2024-10-17 11:08:59 [WRN] [Volo.Abp.AspNetCore.Mvc.AspNetCoreApiDescriptionModelProvider] [36476] [11] - Controller 'Account' contains more than one action with name 'RegisterAsyncByInput' for module 'account'. Ignored: System.Threading.Tasks.Task RegisterAsync(ZQH.Abp.Account.PhoneRegisterDto)
2024-10-17 11:09:12 [WRN] [Microsoft.AspNetCore.Http.ResponseCookies] [36476] [10] - The cookie 'XSRF-TOKEN' has set 'SameSite=None' and must also set 'Secure'.
2024-10-17 11:38:02 [WRN] [Microsoft.AspNetCore.Http.ResponseCookies] [36476] [71] - The cookie 'XSRF-TOKEN' has set 'SameSite=None' and must also set 'Secure'.
2024-10-17 11:38:04 [WRN] [Volo.Abp.AspNetCore.Mvc.AspNetCoreApiDescriptionModelProvider] [36476] [32] - Controller 'Account' contains more than one action with name 'RegisterAsyncByInput' for module 'account'. Ignored: System.Threading.Tasks.Task RegisterAsync(ZQH.Abp.Account.PhoneRegisterDto)
2024-10-17 12:19:11 [WRN] [Microsoft.AspNetCore.Http.ResponseCookies] [36476] [52] - The cookie 'XSRF-TOKEN' has set 'SameSite=None' and must also set 'Secure'.
2024-10-17 12:19:17 [WRN] [Volo.Abp.AspNetCore.Mvc.AspNetCoreApiDescriptionModelProvider] [36476] [52] - Controller 'Account' contains more than one action with name 'RegisterAsyncByInput' for module 'account'. Ignored: System.Threading.Tasks.Task RegisterAsync(ZQH.Abp.Account.PhoneRegisterDto)
2024-10-17 12:19:25 [WRN] [Microsoft.AspNetCore.Http.ResponseCookies] [36476] [33] - The cookie 'XSRF-TOKEN' has set 'SameSite=None' and must also set 'Secure'.
2024-10-17 12:19:51 [WRN] [Microsoft.AspNetCore.Http.ResponseCookies] [36476] [33] - The cookie 'XSRF-TOKEN' has set 'SameSite=None' and must also set 'Secure'.
2024-10-17 12:19:53 [WRN] [Volo.Abp.AspNetCore.Mvc.AspNetCoreApiDescriptionModelProvider] [36476] [33] - Controller 'Account' contains more than one action with name 'RegisterAsyncByInput' for module 'account'. Ignored: System.Threading.Tasks.Task RegisterAsync(ZQH.Abp.Account.PhoneRegisterDto)
2024-10-17 12:27:24 [WRN] [Microsoft.AspNetCore.Http.ResponseCookies] [36476] [96] - The cookie 'XSRF-TOKEN' has set 'SameSite=None' and must also set 'Secure'.
2024-10-17 12:27:28 [WRN] [Volo.Abp.AspNetCore.Mvc.AspNetCoreApiDescriptionModelProvider] [36476] [114] - Controller 'Account' contains more than one action with name 'RegisterAsyncByInput' for module 'account'. Ignored: System.Threading.Tasks.Task RegisterAsync(ZQH.Abp.Account.PhoneRegisterDto)
2024-10-17 13:03:17 [WRN] [Microsoft.AspNetCore.Http.ResponseCookies] [36476] [11] - The cookie 'XSRF-TOKEN' has set 'SameSite=None' and must also set 'Secure'.
2024-10-17 13:03:21 [WRN] [Volo.Abp.AspNetCore.Mvc.AspNetCoreApiDescriptionModelProvider] [36476] [11] - Controller 'Account' contains more than one action with name 'RegisterAsyncByInput' for module 'account'. Ignored: System.Threading.Tasks.Task RegisterAsync(ZQH.Abp.Account.PhoneRegisterDto)
2024-10-17 13:03:39 [WRN] [Microsoft.AspNetCore.Http.ResponseCookies] [36476] [98] - The cookie 'XSRF-TOKEN' has set 'SameSite=None' and must also set 'Secure'.
2024-10-17 13:03:42 [WRN] [Volo.Abp.AspNetCore.Mvc.AspNetCoreApiDescriptionModelProvider] [36476] [45] - Controller 'Account' contains more than one action with name 'RegisterAsyncByInput' for module 'account'. Ignored: System.Threading.Tasks.Task RegisterAsync(ZQH.Abp.Account.PhoneRegisterDto)
2024-10-17 13:08:57 [WRN] [Microsoft.AspNetCore.Http.ResponseCookies] [36476] [61] - The cookie 'XSRF-TOKEN' has set 'SameSite=None' and must also set 'Secure'.
2024-10-17 13:08:59 [WRN] [Volo.Abp.AspNetCore.Mvc.AspNetCoreApiDescriptionModelProvider] [36476] [92] - Controller 'Account' contains more than one action with name 'RegisterAsyncByInput' for module 'account'. Ignored: System.Threading.Tasks.Task RegisterAsync(ZQH.Abp.Account.PhoneRegisterDto)
2024-10-17 13:09:12 [WRN] [Microsoft.AspNetCore.Http.ResponseCookies] [36476] [56] - The cookie 'XSRF-TOKEN' has set 'SameSite=None' and must also set 'Secure'.
2024-10-17 13:09:14 [WRN] [Volo.Abp.AspNetCore.Mvc.AspNetCoreApiDescriptionModelProvider] [36476] [86] - Controller 'Account' contains more than one action with name 'RegisterAsyncByInput' for module 'account'. Ignored: System.Threading.Tasks.Task RegisterAsync(ZQH.Abp.Account.PhoneRegisterDto)
2024-10-17 13:09:22 [WRN] [Microsoft.AspNetCore.Http.ResponseCookies] [36476] [92] - The cookie 'XSRF-TOKEN' has set 'SameSite=None' and must also set 'Secure'.
2024-10-17 13:09:50 [WRN] [Microsoft.AspNetCore.Http.ResponseCookies] [36476] [101] - The cookie 'XSRF-TOKEN' has set 'SameSite=None' and must also set 'Secure'.
2024-10-17 13:09:52 [WRN] [Volo.Abp.AspNetCore.Mvc.AspNetCoreApiDescriptionModelProvider] [36476] [102] - Controller 'Account' contains more than one action with name 'RegisterAsyncByInput' for module 'account'. Ignored: System.Threading.Tasks.Task RegisterAsync(ZQH.Abp.Account.PhoneRegisterDto)
2024-10-17 13:09:54 [WRN] [Microsoft.AspNetCore.Http.ResponseCookies] [36476] [94] - The cookie 'XSRF-TOKEN' has set 'SameSite=None' and must also set 'Secure'.
2024-10-17 13:16:56 [WRN] [Microsoft.AspNetCore.Http.ResponseCookies] [36476] [94] - The cookie 'XSRF-TOKEN' has set 'SameSite=None' and must also set 'Secure'.
2024-10-17 13:17:02 [WRN] [Volo.Abp.AspNetCore.Mvc.AspNetCoreApiDescriptionModelProvider] [36476] [58] - Controller 'Account' contains more than one action with name 'RegisterAsyncByInput' for module 'account'. Ignored: System.Threading.Tasks.Task RegisterAsync(ZQH.Abp.Account.PhoneRegisterDto)
2024-10-17 13:17:22 [WRN] [Microsoft.AspNetCore.Http.ResponseCookies] [36476] [100] - The cookie 'XSRF-TOKEN' has set 'SameSite=None' and must also set 'Secure'.
2024-10-17 13:17:24 [WRN] [Volo.Abp.AspNetCore.Mvc.AspNetCoreApiDescriptionModelProvider] [36476] [61] - Controller 'Account' contains more than one action with name 'RegisterAsyncByInput' for module 'account'. Ignored: System.Threading.Tasks.Task RegisterAsync(ZQH.Abp.Account.PhoneRegisterDto)
2024-10-17 13:24:43 [WRN] [Microsoft.AspNetCore.Http.ResponseCookies] [36476] [102] - The cookie 'XSRF-TOKEN' has set 'SameSite=None' and must also set 'Secure'.
2024-10-17 13:24:45 [WRN] [Volo.Abp.AspNetCore.Mvc.AspNetCoreApiDescriptionModelProvider] [36476] [92] - Controller 'Account' contains more than one action with name 'RegisterAsyncByInput' for module 'account'. Ignored: System.Threading.Tasks.Task RegisterAsync(ZQH.Abp.Account.PhoneRegisterDto)
2024-10-17 13:24:47 [WRN] [Microsoft.AspNetCore.Http.ResponseCookies] [36476] [58] - The cookie 'XSRF-TOKEN' has set 'SameSite=None' and must also set 'Secure'.
2024-10-17 13:46:02 [WRN] [Microsoft.AspNetCore.Http.ResponseCookies] [36476] [99] - The cookie 'XSRF-TOKEN' has set 'SameSite=None' and must also set 'Secure'.
2024-10-17 13:46:06 [WRN] [Volo.Abp.AspNetCore.Mvc.AspNetCoreApiDescriptionModelProvider] [36476] [41] - Controller 'Account' contains more than one action with name 'RegisterAsyncByInput' for module 'account'. Ignored: System.Threading.Tasks.Task RegisterAsync(ZQH.Abp.Account.PhoneRegisterDto)
2024-10-17 13:47:27 [WRN] [Microsoft.AspNetCore.Http.ResponseCookies] [36476] [87] - The cookie 'XSRF-TOKEN' has set 'SameSite=None' and must also set 'Secure'.
2024-10-17 13:47:29 [WRN] [Volo.Abp.AspNetCore.Mvc.AspNetCoreApiDescriptionModelProvider] [36476] [62] - Controller 'Account' contains more than one action with name 'RegisterAsyncByInput' for module 'account'. Ignored: System.Threading.Tasks.Task RegisterAsync(ZQH.Abp.Account.PhoneRegisterDto)
2024-10-17 13:47:56 [WRN] [Microsoft.AspNetCore.Http.ResponseCookies] [36476] [54] - The cookie 'XSRF-TOKEN' has set 'SameSite=None' and must also set 'Secure'.
2024-10-17 13:47:59 [WRN] [Volo.Abp.AspNetCore.Mvc.AspNetCoreApiDescriptionModelProvider] [36476] [62] - Controller 'Account' contains more than one action with name 'RegisterAsyncByInput' for module 'account'. Ignored: System.Threading.Tasks.Task RegisterAsync(ZQH.Abp.Account.PhoneRegisterDto)
2024-10-17 13:48:00 [WRN] [Microsoft.AspNetCore.Http.ResponseCookies] [36476] [60] - The cookie 'XSRF-TOKEN' has set 'SameSite=None' and must also set 'Secure'.
2024-10-17 14:12:29 [WRN] [Microsoft.AspNetCore.Http.ResponseCookies] [36476] [104] - The cookie 'XSRF-TOKEN' has set 'SameSite=None' and must also set 'Secure'.
2024-10-17 14:12:38 [WRN] [Volo.Abp.AspNetCore.Mvc.AspNetCoreApiDescriptionModelProvider] [36476] [48] - Controller 'Account' contains more than one action with name 'RegisterAsyncByInput' for module 'account'. Ignored: System.Threading.Tasks.Task RegisterAsync(ZQH.Abp.Account.PhoneRegisterDto)
2024-10-17 14:13:01 [WRN] [Microsoft.AspNetCore.Http.ResponseCookies] [36476] [48] - The cookie 'XSRF-TOKEN' has set 'SameSite=None' and must also set 'Secure'.
2024-10-17 14:13:04 [WRN] [Volo.Abp.AspNetCore.Mvc.AspNetCoreApiDescriptionModelProvider] [36476] [9] - Controller 'Account' contains more than one action with name 'RegisterAsyncByInput' for module 'account'. Ignored: System.Threading.Tasks.Task RegisterAsync(ZQH.Abp.Account.PhoneRegisterDto)
2024-10-17 14:13:13 [WRN] [Microsoft.AspNetCore.Http.ResponseCookies] [36476] [9] - The cookie 'XSRF-TOKEN' has set 'SameSite=None' and must also set 'Secure'.
2024-10-17 14:13:31 [WRN] [Microsoft.AspNetCore.Http.ResponseCookies] [36476] [35] - The cookie 'XSRF-TOKEN' has set 'SameSite=None' and must also set 'Secure'.
2024-10-17 14:13:34 [WRN] [Volo.Abp.AspNetCore.Mvc.AspNetCoreApiDescriptionModelProvider] [36476] [107] - Controller 'Account' contains more than one action with name 'RegisterAsyncByInput' for module 'account'. Ignored: System.Threading.Tasks.Task RegisterAsync(ZQH.Abp.Account.PhoneRegisterDto)
2024-10-17 14:13:35 [WRN] [Microsoft.AspNetCore.Http.ResponseCookies] [36476] [50] - The cookie 'XSRF-TOKEN' has set 'SameSite=None' and must also set 'Secure'.
2024-10-17 14:19:44 [WRN] [Microsoft.AspNetCore.Http.ResponseCookies] [36476] [48] - The cookie 'XSRF-TOKEN' has set 'SameSite=None' and must also set 'Secure'.
2024-10-17 14:19:48 [WRN] [Volo.Abp.AspNetCore.Mvc.AspNetCoreApiDescriptionModelProvider] [36476] [11] - Controller 'Account' contains more than one action with name 'RegisterAsyncByInput' for module 'account'. Ignored: System.Threading.Tasks.Task RegisterAsync(ZQH.Abp.Account.PhoneRegisterDto)
2024-10-17 14:22:10 [WRN] [Microsoft.AspNetCore.Http.ResponseCookies] [36476] [11] - The cookie 'XSRF-TOKEN' has set 'SameSite=None' and must also set 'Secure'.
2024-10-17 14:22:12 [WRN] [Volo.Abp.AspNetCore.Mvc.AspNetCoreApiDescriptionModelProvider] [36476] [43] - Controller 'Account' contains more than one action with name 'RegisterAsyncByInput' for module 'account'. Ignored: System.Threading.Tasks.Task RegisterAsync(ZQH.Abp.Account.PhoneRegisterDto)
2024-10-17 15:04:15 [WRN] [DotNetCore.CAP.Internal.ConsumerRegister] [36476] [41] - RabbitMQ consumer cancelled. --> amq.ctag-tIeMCV9L5CGnTmOMG4RoXA
2024-10-17 15:04:15 [WRN] [DotNetCore.CAP.Internal.ConsumerRegister] [36476] [41] - RabbitMQ consumer shutdown. --> Unexpected Exception: Unable to read data from the transport connection: 远程主机强迫关闭了一个现有的连接。.
2024-10-17 15:04:23 [WRN] [Microsoft.AspNetCore.Http.ResponseCookies] [36476] [63] - The cookie 'XSRF-TOKEN' has set 'SameSite=None' and must also set 'Secure'.
2024-10-17 15:04:27 [WRN] [Volo.Abp.AspNetCore.Mvc.AspNetCoreApiDescriptionModelProvider] [36476] [63] - Controller 'Account' contains more than one action with name 'RegisterAsyncByInput' for module 'account'. Ignored: System.Threading.Tasks.Task RegisterAsync(ZQH.Abp.Account.PhoneRegisterDto)
2024-10-17 16:04:22 [WRN] [Microsoft.AspNetCore.Http.ResponseCookies] [36476] [63] - The cookie 'XSRF-TOKEN' has set 'SameSite=None' and must also set 'Secure'.
2024-10-17 16:04:27 [WRN] [Volo.Abp.AspNetCore.Mvc.AspNetCoreApiDescriptionModelProvider] [36476] [100] - Controller 'Account' contains more than one action with name 'RegisterAsyncByInput' for module 'account'. Ignored: System.Threading.Tasks.Task RegisterAsync(ZQH.Abp.Account.PhoneRegisterDto)
2024-10-17 21:37:57 [WRN] [DotNetCore.CAP.Internal.ConsumerRegister] [36476] [67] - RabbitMQ consumer cancelled. --> amq.ctag-tIeMCV9L5CGnTmOMG4RoXA
2024-10-17 21:38:03 [WRN] [DotNetCore.CAP.Internal.ConsumerRegister] [36476] [67] - RabbitMQ consumer shutdown. --> Unexpected Exception: Unable to read data from the transport connection: 远程主机强迫关闭了一个现有的连接。.
2024-10-17 23:38:30 [WRN] [Microsoft.AspNetCore.Http.ResponseCookies] [36476] [71] - The cookie 'XSRF-TOKEN' has set 'SameSite=None' and must also set 'Secure'.
2024-10-17 23:38:33 [WRN] [Volo.Abp.AspNetCore.Mvc.AspNetCoreApiDescriptionModelProvider] [36476] [78] - Controller 'Account' contains more than one action with name 'RegisterAsyncByInput' for module 'account'. Ignored: System.Threading.Tasks.Task RegisterAsync(ZQH.Abp.Account.PhoneRegisterDto)
2024-10-17 23:38:54 [WRN] [Microsoft.AspNetCore.Http.ResponseCookies] [36476] [26] - The cookie 'XSRF-TOKEN' has set 'SameSite=None' and must also set 'Secure'.
2024-10-17 23:39:53 [WRN] [Microsoft.AspNetCore.Http.ResponseCookies] [36476] [52] - The cookie 'XSRF-TOKEN' has set 'SameSite=None' and must also set 'Secure'.
2024-10-17 23:39:56 [WRN] [Volo.Abp.AspNetCore.Mvc.AspNetCoreApiDescriptionModelProvider] [36476] [25] - Controller 'Account' contains more than one action with name 'RegisterAsyncByInput' for module 'account'. Ignored: System.Threading.Tasks.Task RegisterAsync(ZQH.Abp.Account.PhoneRegisterDto)
