2024-10-25 20:42:25 [WRN] [DotNetCore.CAP.Internal.ConsumerRegister] [13556] [112] - RabbitMQ consumer cancelled. --> amq.ctag-FihDlip4BeALHaKoaXE5qw
2024-10-26 01:20:37 [WRN] [DotNetCore.CAP.Internal.ConsumerRegister] [13556] [112] - RabbitMQ consumer shutdown. --> Unexpected Exception: Unable to read data from the transport connection: 远程主机强迫关闭了一个现有的连接。.
2024-10-26 02:04:40 [WRN] [Microsoft.AspNetCore.Http.ResponseCookies] [13556] [89] - The cookie 'XSRF-TOKEN' has set 'SameSite=None' and must also set 'Secure'.
2024-10-26 02:04:48 [WRN] [Volo.Abp.AspNetCore.Mvc.AspNetCoreApiDescriptionModelProvider] [13556] [112] - Controller 'Account' contains more than one action with name 'RegisterAsyncByInput' for module 'account'. Ignored: System.Threading.Tasks.Task RegisterAsync(ZQH.Abp.Account.PhoneRegisterDto)
2024-10-26 03:22:32 [WRN] [Microsoft.AspNetCore.Http.ResponseCookies] [13556] [49] - The cookie 'XSRF-TOKEN' has set 'SameSite=None' and must also set 'Secure'.
2024-10-26 03:22:40 [WRN] [Volo.Abp.AspNetCore.Mvc.AspNetCoreApiDescriptionModelProvider] [13556] [49] - Controller 'Account' contains more than one action with name 'RegisterAsyncByInput' for module 'account'. Ignored: System.Threading.Tasks.Task RegisterAsync(ZQH.Abp.Account.PhoneRegisterDto)
2024-10-26 03:22:51 [WRN] [Microsoft.AspNetCore.Http.ResponseCookies] [13556] [92] - The cookie 'XSRF-TOKEN' has set 'SameSite=None' and must also set 'Secure'.
2024-10-26 03:24:32 [WRN] [Microsoft.AspNetCore.Http.ResponseCookies] [13556] [58] - The cookie 'XSRF-TOKEN' has set 'SameSite=None' and must also set 'Secure'.
2024-10-26 03:24:34 [WRN] [Volo.Abp.AspNetCore.Mvc.AspNetCoreApiDescriptionModelProvider] [13556] [61] - Controller 'Account' contains more than one action with name 'RegisterAsyncByInput' for module 'account'. Ignored: System.Threading.Tasks.Task RegisterAsync(ZQH.Abp.Account.PhoneRegisterDto)
2024-10-26 03:24:44 [WRN] [Microsoft.AspNetCore.Http.ResponseCookies] [13556] [42] - The cookie 'XSRF-TOKEN' has set 'SameSite=None' and must also set 'Secure'.
2024-10-26 06:06:04 [WRN] [DotNetCore.CAP.Internal.ConsumerRegister] [13556] [50] - RabbitMQ consumer cancelled. --> amq.ctag-FihDlip4BeALHaKoaXE5qw
2024-10-26 09:47:48 [WRN] [DotNetCore.CAP.Internal.ConsumerRegister] [13556] [50] - RabbitMQ consumer shutdown. --> Unexpected Exception: Unable to read data from the transport connection: 远程主机强迫关闭了一个现有的连接。.
2024-10-26 09:47:49 [WRN] [DotNetCore.CAP.Processor.MessageNeedToRetryProcessor] [13556] [49] - Get messages from storage failed. Retrying...
MySqlConnector.MySqlException (0x80004005): Connect Timeout expired.
 ---> MySqlConnector.MySqlException (0x80004005): The Command Timeout expired before the operation completed.
   at MySqlConnector.Protocol.Serialization.SocketByteHandler.DoReadBytesAsync(Memory`1 buffer) in /_/src/MySqlConnector/Protocol/Serialization/SocketByteHandler.cs:line 76
   at MySqlConnector.Protocol.Serialization.BufferedByteReader.ReadBytesAsync(IByteHandler byteHandler, ArraySegment`1 buffer, Int32 totalBytesToRead, IOBehavior ioBehavior) in /_/src/MySqlConnector/Protocol/Serialization/BufferedByteReader.cs:line 34
   at MySqlConnector.Protocol.Serialization.ProtocolUtility.ReadPayloadAsync(BufferedByteReader bufferedByteReader, IByteHandler byteHandler, Func`1 getNextSequenceNumber, ArraySegmentHolder`1 previousPayloads, ProtocolErrorBehavior protocolErrorBehavior, IOBehavior ioBehavior) in /_/src/MySqlConnector/Protocol/Serialization/ProtocolUtility.cs:line 421
   at MySqlConnector.Core.ServerSession.ReceiveReplyAsync(IOBehavior ioBehavior, CancellationToken cancellationToken) in /_/src/MySqlConnector/Core/ServerSession.cs:line 882
   at MySqlConnector.Core.ServerSession.ConnectAsync(ConnectionSettings cs, MySqlConnection connection, Int64 startingTimestamp, ILoadBalancer loadBalancer, Activity activity, IOBehavior ioBehavior, CancellationToken cancellationToken) in /_/src/MySqlConnector/Core/ServerSession.cs:line 548
   at MySqlConnector.Core.ConnectionPool.ConnectSessionAsync(MySqlConnection connection, Action`4 logMessage, Int64 startingTimestamp, Activity activity, IOBehavior ioBehavior, CancellationToken cancellationToken) in /_/src/MySqlConnector/Core/ConnectionPool.cs:line 428
   at MySqlConnector.Core.ConnectionPool.ConnectSessionAsync(MySqlConnection connection, Action`4 logMessage, Int64 startingTimestamp, Activity activity, IOBehavior ioBehavior, CancellationToken cancellationToken) in /_/src/MySqlConnector/Core/ConnectionPool.cs:line 433
   at MySqlConnector.Core.ConnectionPool.GetSessionAsync(MySqlConnection connection, Int64 startingTimestamp, Int32 timeoutMilliseconds, Activity activity, IOBehavior ioBehavior, CancellationToken cancellationToken) in /_/src/MySqlConnector/Core/ConnectionPool.cs:line 111
   at MySqlConnector.Core.ConnectionPool.GetSessionAsync(MySqlConnection connection, Int64 startingTimestamp, Int32 timeoutMilliseconds, Activity activity, IOBehavior ioBehavior, CancellationToken cancellationToken) in /_/src/MySqlConnector/Core/ConnectionPool.cs:line 42
   at MySqlConnector.MySqlConnection.CreateSessionAsync(ConnectionPool pool, Int64 startingTimestamp, Activity activity, Nullable`1 ioBehavior, CancellationToken cancellationToken) in /_/src/MySqlConnector/MySqlConnection.cs:line 919
   at MySqlConnector.MySqlConnection.CreateSessionAsync(ConnectionPool pool, Int64 startingTimestamp, Activity activity, Nullable`1 ioBehavior, CancellationToken cancellationToken) in /_/src/MySqlConnector/MySqlConnection.cs:line 951
   at MySqlConnector.MySqlConnection.OpenAsync(Nullable`1 ioBehavior, CancellationToken cancellationToken) in /_/src/MySqlConnector/MySqlConnection.cs:line 419
   at DotNetCore.CAP.MySql.DbConnectionExtensions.ExecuteReaderAsync[T](DbConnection connection, String sql, Func`2 readerFunc, DbTransaction transaction, Object[] sqlParams)
   at DotNetCore.CAP.MySql.MySqlDataStorage.GetMessagesOfNeedRetryAsync(String tableName, TimeSpan lookbackSeconds)
   at DotNetCore.CAP.MySql.MySqlDataStorage.GetMessagesOfNeedRetryAsync(String tableName, TimeSpan lookbackSeconds)
   at DotNetCore.CAP.Processor.MessageNeedToRetryProcessor.GetSafelyAsync[T](Func`2 getMessagesAsync, TimeSpan lookbackSeconds)
2024-10-26 09:47:51 [WRN] [DotNetCore.CAP.Processor.TransportCheckProcessor] [13556] [35] - Transport connection is unhealthy, reconnection...
