2024-10-22 00:09:11 [WRN] [DotNetCore.CAP.Internal.ConsumerRegister] [55480] [106] - RabbitMQ consumer cancelled. --> amq.ctag-5yJvGggA6Zw5K-I2yaq9aA
2024-10-22 00:09:12 [WRN] [DotNetCore.CAP.Internal.ConsumerRegister] [55480] [106] - RabbitMQ consumer shutdown. --> Unexpected Exception: Unable to read data from the transport connection: 远程主机强迫关闭了一个现有的连接。.
2024-10-22 00:09:13 [WRN] [DotNetCore.CAP.Internal.ConsumerRegister] [55480] [254] - RabbitMQ consumer cancelled. --> amq.ctag-I8dn0QDf6gX4pmkcNTFDZQ
2024-10-22 00:09:13 [WRN] [DotNetCore.CAP.Internal.ConsumerRegister] [55480] [254] - RabbitMQ consumer shutdown. --> Unexpected Exception: Unable to read data from the transport connection: 远程主机强迫关闭了一个现有的连接。.
2024-10-22 00:09:20 [INF] [DotNetCore.CAP.Internal.ConsumerRegister] [55480] [47] - RabbitMQ consumer registered. --> amq.ctag-5yJvGggA6Zw5K-I2yaq9aA
2024-10-22 00:09:20 [INF] [DotNetCore.CAP.Internal.ConsumerRegister] [55480] [170] - RabbitMQ consumer registered. --> amq.ctag-I8dn0QDf6gX4pmkcNTFDZQ
2024-10-22 01:01:05 [ERR] [Microsoft.EntityFrameworkCore.Database.Command] [55480] [182] - Failed executing DbCommand (5ms) [Parameters=[@__maxExpirationDate_0='?' (DbType = DateTime)], CommandType='"Text"', CommandTimeout='30']
DELETE `i`
FROM `IdentityServerPersistedGrants` AS `i`
WHERE `i`.`Expiration` IS NOT NULL AND (`i`.`Expiration` < @__maxExpirationDate_0)
2024-10-22 01:01:06 [ERR] [Volo.Abp.IdentityServer.Tokens.TokenCleanupBackgroundWorker] [55480] [182] - Table 'authserver-v8.2.identityserverpersistedgrants' doesn't exist
MySqlConnector.MySqlException (0x80004005): Table 'authserver-v8.2.identityserverpersistedgrants' doesn't exist
   at MySqlConnector.Core.ServerSession.ReceiveReplyAsync(IOBehavior ioBehavior, CancellationToken cancellationToken) in /_/src/MySqlConnector/Core/ServerSession.cs:line 894
   at MySqlConnector.Core.ResultSet.ReadResultSetHeaderAsync(IOBehavior ioBehavior) in /_/src/MySqlConnector/Core/ResultSet.cs:line 37
   at MySqlConnector.MySqlDataReader.ActivateResultSet(CancellationToken cancellationToken) in /_/src/MySqlConnector/MySqlDataReader.cs:line 130
   at MySqlConnector.MySqlDataReader.InitAsync(CommandListPosition commandListPosition, ICommandPayloadCreator payloadCreator, IDictionary`2 cachedProcedures, IMySqlCommand command, CommandBehavior behavior, Activity activity, IOBehavior ioBehavior, CancellationToken cancellationToken) in /_/src/MySqlConnector/MySqlDataReader.cs:line 483
   at MySqlConnector.Core.CommandExecutor.ExecuteReaderAsync(CommandListPosition commandListPosition, ICommandPayloadCreator payloadCreator, CommandBehavior behavior, Activity activity, IOBehavior ioBehavior, CancellationToken cancellationToken) in /_/src/MySqlConnector/Core/CommandExecutor.cs:line 56
   at MySqlConnector.MySqlCommand.ExecuteNonQueryAsync(IOBehavior ioBehavior, CancellationToken cancellationToken) in /_/src/MySqlConnector/MySqlCommand.cs:line 309
   at Microsoft.EntityFrameworkCore.Storage.RelationalCommand.ExecuteNonQueryAsync(RelationalCommandParameterObject parameterObject, CancellationToken cancellationToken)
   at Microsoft.EntityFrameworkCore.Storage.RelationalCommand.ExecuteNonQueryAsync(RelationalCommandParameterObject parameterObject, CancellationToken cancellationToken)
   at Microsoft.EntityFrameworkCore.Storage.RelationalCommand.ExecuteNonQueryAsync(RelationalCommandParameterObject parameterObject, CancellationToken cancellationToken)
   at Pomelo.EntityFrameworkCore.MySql.Storage.Internal.MySqlExecutionStrategy.ExecuteAsync[TState,TResult](TState state, Func`4 operation, Func`4 verifySucceeded, CancellationToken cancellationToken)
   at Volo.Abp.Domain.Repositories.EntityFrameworkCore.EfCoreRepository`2.DeleteDirectAsync(Expression`1 predicate, CancellationToken cancellationToken)
   at Volo.Abp.IdentityServer.Grants.PersistentGrantRepository.DeleteExpirationAsync(DateTime maxExpirationDate, CancellationToken cancellationToken)
   at Castle.DynamicProxy.AsyncInterceptorBase.ProceedAsynchronous(IInvocation invocation, IInvocationProceedInfo proceedInfo)
   at Volo.Abp.Castle.DynamicProxy.CastleAbpMethodInvocationAdapter.ProceedAsync()
   at Volo.Abp.Uow.UnitOfWorkInterceptor.InterceptAsync(IAbpMethodInvocation invocation)
   at Volo.Abp.Castle.DynamicProxy.CastleAsyncAbpInterceptorAdapter`1.InterceptAsync(IInvocation invocation, IInvocationProceedInfo proceedInfo, Func`3 proceed)
   at Volo.Abp.IdentityServer.Tokens.TokenCleanupService.RemoveGrantsAsync()
   at Castle.DynamicProxy.AsyncInterceptorBase.ProceedAsynchronous(IInvocation invocation, IInvocationProceedInfo proceedInfo)
   at Volo.Abp.Castle.DynamicProxy.CastleAbpMethodInvocationAdapter.ProceedAsync()
   at Volo.Abp.Uow.UnitOfWorkInterceptor.InterceptAsync(IAbpMethodInvocation invocation)
   at Volo.Abp.Castle.DynamicProxy.CastleAsyncAbpInterceptorAdapter`1.InterceptAsync(IInvocation invocation, IInvocationProceedInfo proceedInfo, Func`3 proceed)
   at Volo.Abp.IdentityServer.Tokens.TokenCleanupService.CleanAsync()
   at Castle.DynamicProxy.AsyncInterceptorBase.ProceedAsynchronous(IInvocation invocation, IInvocationProceedInfo proceedInfo)
   at Volo.Abp.Castle.DynamicProxy.CastleAbpMethodInvocationAdapter.ProceedAsync()
   at Volo.Abp.Uow.UnitOfWorkInterceptor.InterceptAsync(IAbpMethodInvocation invocation)
   at Volo.Abp.Castle.DynamicProxy.CastleAsyncAbpInterceptorAdapter`1.InterceptAsync(IInvocation invocation, IInvocationProceedInfo proceedInfo, Func`3 proceed)
   at Volo.Abp.IdentityServer.Tokens.TokenCleanupBackgroundWorker.DoWorkAsync(PeriodicBackgroundWorkerContext workerContext)
   at Volo.Abp.BackgroundWorkers.AsyncPeriodicBackgroundWorkerBase.DoWorkAsync(CancellationToken cancellationToken)
2024-10-22 01:01:06 [ERR] [Volo.Abp.IdentityServer.Tokens.TokenCleanupBackgroundWorker] [55480] [182] - ---------- Exception Data ----------
Server Error Code = 1146
SqlState = 42S02

2024-10-22 02:01:06 [ERR] [Microsoft.EntityFrameworkCore.Database.Command] [55480] [36] - Failed executing DbCommand (1ms) [Parameters=[@__maxExpirationDate_0='?' (DbType = DateTime)], CommandType='"Text"', CommandTimeout='30']
DELETE `i`
FROM `IdentityServerPersistedGrants` AS `i`
WHERE `i`.`Expiration` IS NOT NULL AND (`i`.`Expiration` < @__maxExpirationDate_0)
2024-10-22 02:01:06 [ERR] [Volo.Abp.IdentityServer.Tokens.TokenCleanupBackgroundWorker] [55480] [36] - Table 'authserver-v8.2.identityserverpersistedgrants' doesn't exist
MySqlConnector.MySqlException (0x80004005): Table 'authserver-v8.2.identityserverpersistedgrants' doesn't exist
   at MySqlConnector.Core.ServerSession.ReceiveReplyAsync(IOBehavior ioBehavior, CancellationToken cancellationToken) in /_/src/MySqlConnector/Core/ServerSession.cs:line 894
   at MySqlConnector.Core.ResultSet.ReadResultSetHeaderAsync(IOBehavior ioBehavior) in /_/src/MySqlConnector/Core/ResultSet.cs:line 37
   at MySqlConnector.MySqlDataReader.ActivateResultSet(CancellationToken cancellationToken) in /_/src/MySqlConnector/MySqlDataReader.cs:line 130
   at MySqlConnector.MySqlDataReader.InitAsync(CommandListPosition commandListPosition, ICommandPayloadCreator payloadCreator, IDictionary`2 cachedProcedures, IMySqlCommand command, CommandBehavior behavior, Activity activity, IOBehavior ioBehavior, CancellationToken cancellationToken) in /_/src/MySqlConnector/MySqlDataReader.cs:line 483
   at MySqlConnector.Core.CommandExecutor.ExecuteReaderAsync(CommandListPosition commandListPosition, ICommandPayloadCreator payloadCreator, CommandBehavior behavior, Activity activity, IOBehavior ioBehavior, CancellationToken cancellationToken) in /_/src/MySqlConnector/Core/CommandExecutor.cs:line 56
   at MySqlConnector.MySqlCommand.ExecuteNonQueryAsync(IOBehavior ioBehavior, CancellationToken cancellationToken) in /_/src/MySqlConnector/MySqlCommand.cs:line 309
   at Microsoft.EntityFrameworkCore.Storage.RelationalCommand.ExecuteNonQueryAsync(RelationalCommandParameterObject parameterObject, CancellationToken cancellationToken)
   at Microsoft.EntityFrameworkCore.Storage.RelationalCommand.ExecuteNonQueryAsync(RelationalCommandParameterObject parameterObject, CancellationToken cancellationToken)
   at Microsoft.EntityFrameworkCore.Storage.RelationalCommand.ExecuteNonQueryAsync(RelationalCommandParameterObject parameterObject, CancellationToken cancellationToken)
   at Pomelo.EntityFrameworkCore.MySql.Storage.Internal.MySqlExecutionStrategy.ExecuteAsync[TState,TResult](TState state, Func`4 operation, Func`4 verifySucceeded, CancellationToken cancellationToken)
   at Volo.Abp.Domain.Repositories.EntityFrameworkCore.EfCoreRepository`2.DeleteDirectAsync(Expression`1 predicate, CancellationToken cancellationToken)
   at Volo.Abp.IdentityServer.Grants.PersistentGrantRepository.DeleteExpirationAsync(DateTime maxExpirationDate, CancellationToken cancellationToken)
   at Castle.DynamicProxy.AsyncInterceptorBase.ProceedAsynchronous(IInvocation invocation, IInvocationProceedInfo proceedInfo)
   at Volo.Abp.Castle.DynamicProxy.CastleAbpMethodInvocationAdapter.ProceedAsync()
   at Volo.Abp.Uow.UnitOfWorkInterceptor.InterceptAsync(IAbpMethodInvocation invocation)
   at Volo.Abp.Castle.DynamicProxy.CastleAsyncAbpInterceptorAdapter`1.InterceptAsync(IInvocation invocation, IInvocationProceedInfo proceedInfo, Func`3 proceed)
   at Volo.Abp.IdentityServer.Tokens.TokenCleanupService.RemoveGrantsAsync()
   at Castle.DynamicProxy.AsyncInterceptorBase.ProceedAsynchronous(IInvocation invocation, IInvocationProceedInfo proceedInfo)
   at Volo.Abp.Castle.DynamicProxy.CastleAbpMethodInvocationAdapter.ProceedAsync()
   at Volo.Abp.Uow.UnitOfWorkInterceptor.InterceptAsync(IAbpMethodInvocation invocation)
   at Volo.Abp.Castle.DynamicProxy.CastleAsyncAbpInterceptorAdapter`1.InterceptAsync(IInvocation invocation, IInvocationProceedInfo proceedInfo, Func`3 proceed)
   at Volo.Abp.IdentityServer.Tokens.TokenCleanupService.CleanAsync()
   at Castle.DynamicProxy.AsyncInterceptorBase.ProceedAsynchronous(IInvocation invocation, IInvocationProceedInfo proceedInfo)
   at Volo.Abp.Castle.DynamicProxy.CastleAbpMethodInvocationAdapter.ProceedAsync()
   at Volo.Abp.Uow.UnitOfWorkInterceptor.InterceptAsync(IAbpMethodInvocation invocation)
   at Volo.Abp.Castle.DynamicProxy.CastleAsyncAbpInterceptorAdapter`1.InterceptAsync(IInvocation invocation, IInvocationProceedInfo proceedInfo, Func`3 proceed)
   at Volo.Abp.IdentityServer.Tokens.TokenCleanupBackgroundWorker.DoWorkAsync(PeriodicBackgroundWorkerContext workerContext)
   at Volo.Abp.BackgroundWorkers.AsyncPeriodicBackgroundWorkerBase.DoWorkAsync(CancellationToken cancellationToken)
2024-10-22 02:01:06 [ERR] [Volo.Abp.IdentityServer.Tokens.TokenCleanupBackgroundWorker] [55480] [36] - ---------- Exception Data ----------
Server Error Code = 1146
SqlState = 42S02

2024-10-22 03:01:06 [ERR] [Microsoft.EntityFrameworkCore.Database.Command] [55480] [89] - Failed executing DbCommand (2ms) [Parameters=[@__maxExpirationDate_0='?' (DbType = DateTime)], CommandType='"Text"', CommandTimeout='30']
DELETE `i`
FROM `IdentityServerPersistedGrants` AS `i`
WHERE `i`.`Expiration` IS NOT NULL AND (`i`.`Expiration` < @__maxExpirationDate_0)
2024-10-22 03:01:06 [ERR] [Volo.Abp.IdentityServer.Tokens.TokenCleanupBackgroundWorker] [55480] [89] - Table 'authserver-v8.2.identityserverpersistedgrants' doesn't exist
MySqlConnector.MySqlException (0x80004005): Table 'authserver-v8.2.identityserverpersistedgrants' doesn't exist
   at MySqlConnector.Core.ServerSession.ReceiveReplyAsync(IOBehavior ioBehavior, CancellationToken cancellationToken) in /_/src/MySqlConnector/Core/ServerSession.cs:line 894
   at MySqlConnector.Core.ResultSet.ReadResultSetHeaderAsync(IOBehavior ioBehavior) in /_/src/MySqlConnector/Core/ResultSet.cs:line 37
   at MySqlConnector.MySqlDataReader.ActivateResultSet(CancellationToken cancellationToken) in /_/src/MySqlConnector/MySqlDataReader.cs:line 130
   at MySqlConnector.MySqlDataReader.InitAsync(CommandListPosition commandListPosition, ICommandPayloadCreator payloadCreator, IDictionary`2 cachedProcedures, IMySqlCommand command, CommandBehavior behavior, Activity activity, IOBehavior ioBehavior, CancellationToken cancellationToken) in /_/src/MySqlConnector/MySqlDataReader.cs:line 483
   at MySqlConnector.Core.CommandExecutor.ExecuteReaderAsync(CommandListPosition commandListPosition, ICommandPayloadCreator payloadCreator, CommandBehavior behavior, Activity activity, IOBehavior ioBehavior, CancellationToken cancellationToken) in /_/src/MySqlConnector/Core/CommandExecutor.cs:line 56
   at MySqlConnector.MySqlCommand.ExecuteNonQueryAsync(IOBehavior ioBehavior, CancellationToken cancellationToken) in /_/src/MySqlConnector/MySqlCommand.cs:line 309
   at Microsoft.EntityFrameworkCore.Storage.RelationalCommand.ExecuteNonQueryAsync(RelationalCommandParameterObject parameterObject, CancellationToken cancellationToken)
   at Microsoft.EntityFrameworkCore.Storage.RelationalCommand.ExecuteNonQueryAsync(RelationalCommandParameterObject parameterObject, CancellationToken cancellationToken)
   at Microsoft.EntityFrameworkCore.Storage.RelationalCommand.ExecuteNonQueryAsync(RelationalCommandParameterObject parameterObject, CancellationToken cancellationToken)
   at Pomelo.EntityFrameworkCore.MySql.Storage.Internal.MySqlExecutionStrategy.ExecuteAsync[TState,TResult](TState state, Func`4 operation, Func`4 verifySucceeded, CancellationToken cancellationToken)
   at Volo.Abp.Domain.Repositories.EntityFrameworkCore.EfCoreRepository`2.DeleteDirectAsync(Expression`1 predicate, CancellationToken cancellationToken)
   at Volo.Abp.IdentityServer.Grants.PersistentGrantRepository.DeleteExpirationAsync(DateTime maxExpirationDate, CancellationToken cancellationToken)
   at Castle.DynamicProxy.AsyncInterceptorBase.ProceedAsynchronous(IInvocation invocation, IInvocationProceedInfo proceedInfo)
   at Volo.Abp.Castle.DynamicProxy.CastleAbpMethodInvocationAdapter.ProceedAsync()
   at Volo.Abp.Uow.UnitOfWorkInterceptor.InterceptAsync(IAbpMethodInvocation invocation)
   at Volo.Abp.Castle.DynamicProxy.CastleAsyncAbpInterceptorAdapter`1.InterceptAsync(IInvocation invocation, IInvocationProceedInfo proceedInfo, Func`3 proceed)
   at Volo.Abp.IdentityServer.Tokens.TokenCleanupService.RemoveGrantsAsync()
   at Castle.DynamicProxy.AsyncInterceptorBase.ProceedAsynchronous(IInvocation invocation, IInvocationProceedInfo proceedInfo)
   at Volo.Abp.Castle.DynamicProxy.CastleAbpMethodInvocationAdapter.ProceedAsync()
   at Volo.Abp.Uow.UnitOfWorkInterceptor.InterceptAsync(IAbpMethodInvocation invocation)
   at Volo.Abp.Castle.DynamicProxy.CastleAsyncAbpInterceptorAdapter`1.InterceptAsync(IInvocation invocation, IInvocationProceedInfo proceedInfo, Func`3 proceed)
   at Volo.Abp.IdentityServer.Tokens.TokenCleanupService.CleanAsync()
   at Castle.DynamicProxy.AsyncInterceptorBase.ProceedAsynchronous(IInvocation invocation, IInvocationProceedInfo proceedInfo)
   at Volo.Abp.Castle.DynamicProxy.CastleAbpMethodInvocationAdapter.ProceedAsync()
   at Volo.Abp.Uow.UnitOfWorkInterceptor.InterceptAsync(IAbpMethodInvocation invocation)
   at Volo.Abp.Castle.DynamicProxy.CastleAsyncAbpInterceptorAdapter`1.InterceptAsync(IInvocation invocation, IInvocationProceedInfo proceedInfo, Func`3 proceed)
   at Volo.Abp.IdentityServer.Tokens.TokenCleanupBackgroundWorker.DoWorkAsync(PeriodicBackgroundWorkerContext workerContext)
   at Volo.Abp.BackgroundWorkers.AsyncPeriodicBackgroundWorkerBase.DoWorkAsync(CancellationToken cancellationToken)
2024-10-22 03:01:06 [ERR] [Volo.Abp.IdentityServer.Tokens.TokenCleanupBackgroundWorker] [55480] [89] - ---------- Exception Data ----------
Server Error Code = 1146
SqlState = 42S02

2024-10-22 04:01:06 [ERR] [Microsoft.EntityFrameworkCore.Database.Command] [55480] [177] - Failed executing DbCommand (4ms) [Parameters=[@__maxExpirationDate_0='?' (DbType = DateTime)], CommandType='"Text"', CommandTimeout='30']
DELETE `i`
FROM `IdentityServerPersistedGrants` AS `i`
WHERE `i`.`Expiration` IS NOT NULL AND (`i`.`Expiration` < @__maxExpirationDate_0)
2024-10-22 04:01:06 [ERR] [Volo.Abp.IdentityServer.Tokens.TokenCleanupBackgroundWorker] [55480] [177] - Table 'authserver-v8.2.identityserverpersistedgrants' doesn't exist
MySqlConnector.MySqlException (0x80004005): Table 'authserver-v8.2.identityserverpersistedgrants' doesn't exist
   at MySqlConnector.Core.ServerSession.ReceiveReplyAsync(IOBehavior ioBehavior, CancellationToken cancellationToken) in /_/src/MySqlConnector/Core/ServerSession.cs:line 894
   at MySqlConnector.Core.ResultSet.ReadResultSetHeaderAsync(IOBehavior ioBehavior) in /_/src/MySqlConnector/Core/ResultSet.cs:line 37
   at MySqlConnector.MySqlDataReader.ActivateResultSet(CancellationToken cancellationToken) in /_/src/MySqlConnector/MySqlDataReader.cs:line 130
   at MySqlConnector.MySqlDataReader.InitAsync(CommandListPosition commandListPosition, ICommandPayloadCreator payloadCreator, IDictionary`2 cachedProcedures, IMySqlCommand command, CommandBehavior behavior, Activity activity, IOBehavior ioBehavior, CancellationToken cancellationToken) in /_/src/MySqlConnector/MySqlDataReader.cs:line 483
   at MySqlConnector.Core.CommandExecutor.ExecuteReaderAsync(CommandListPosition commandListPosition, ICommandPayloadCreator payloadCreator, CommandBehavior behavior, Activity activity, IOBehavior ioBehavior, CancellationToken cancellationToken) in /_/src/MySqlConnector/Core/CommandExecutor.cs:line 56
   at MySqlConnector.MySqlCommand.ExecuteNonQueryAsync(IOBehavior ioBehavior, CancellationToken cancellationToken) in /_/src/MySqlConnector/MySqlCommand.cs:line 309
   at Microsoft.EntityFrameworkCore.Storage.RelationalCommand.ExecuteNonQueryAsync(RelationalCommandParameterObject parameterObject, CancellationToken cancellationToken)
   at Microsoft.EntityFrameworkCore.Storage.RelationalCommand.ExecuteNonQueryAsync(RelationalCommandParameterObject parameterObject, CancellationToken cancellationToken)
   at Microsoft.EntityFrameworkCore.Storage.RelationalCommand.ExecuteNonQueryAsync(RelationalCommandParameterObject parameterObject, CancellationToken cancellationToken)
   at Pomelo.EntityFrameworkCore.MySql.Storage.Internal.MySqlExecutionStrategy.ExecuteAsync[TState,TResult](TState state, Func`4 operation, Func`4 verifySucceeded, CancellationToken cancellationToken)
   at Volo.Abp.Domain.Repositories.EntityFrameworkCore.EfCoreRepository`2.DeleteDirectAsync(Expression`1 predicate, CancellationToken cancellationToken)
   at Volo.Abp.IdentityServer.Grants.PersistentGrantRepository.DeleteExpirationAsync(DateTime maxExpirationDate, CancellationToken cancellationToken)
   at Castle.DynamicProxy.AsyncInterceptorBase.ProceedAsynchronous(IInvocation invocation, IInvocationProceedInfo proceedInfo)
   at Volo.Abp.Castle.DynamicProxy.CastleAbpMethodInvocationAdapter.ProceedAsync()
   at Volo.Abp.Uow.UnitOfWorkInterceptor.InterceptAsync(IAbpMethodInvocation invocation)
   at Volo.Abp.Castle.DynamicProxy.CastleAsyncAbpInterceptorAdapter`1.InterceptAsync(IInvocation invocation, IInvocationProceedInfo proceedInfo, Func`3 proceed)
   at Volo.Abp.IdentityServer.Tokens.TokenCleanupService.RemoveGrantsAsync()
   at Castle.DynamicProxy.AsyncInterceptorBase.ProceedAsynchronous(IInvocation invocation, IInvocationProceedInfo proceedInfo)
   at Volo.Abp.Castle.DynamicProxy.CastleAbpMethodInvocationAdapter.ProceedAsync()
   at Volo.Abp.Uow.UnitOfWorkInterceptor.InterceptAsync(IAbpMethodInvocation invocation)
   at Volo.Abp.Castle.DynamicProxy.CastleAsyncAbpInterceptorAdapter`1.InterceptAsync(IInvocation invocation, IInvocationProceedInfo proceedInfo, Func`3 proceed)
   at Volo.Abp.IdentityServer.Tokens.TokenCleanupService.CleanAsync()
   at Castle.DynamicProxy.AsyncInterceptorBase.ProceedAsynchronous(IInvocation invocation, IInvocationProceedInfo proceedInfo)
   at Volo.Abp.Castle.DynamicProxy.CastleAbpMethodInvocationAdapter.ProceedAsync()
   at Volo.Abp.Uow.UnitOfWorkInterceptor.InterceptAsync(IAbpMethodInvocation invocation)
   at Volo.Abp.Castle.DynamicProxy.CastleAsyncAbpInterceptorAdapter`1.InterceptAsync(IInvocation invocation, IInvocationProceedInfo proceedInfo, Func`3 proceed)
   at Volo.Abp.IdentityServer.Tokens.TokenCleanupBackgroundWorker.DoWorkAsync(PeriodicBackgroundWorkerContext workerContext)
   at Volo.Abp.BackgroundWorkers.AsyncPeriodicBackgroundWorkerBase.DoWorkAsync(CancellationToken cancellationToken)
2024-10-22 04:01:06 [ERR] [Volo.Abp.IdentityServer.Tokens.TokenCleanupBackgroundWorker] [55480] [177] - ---------- Exception Data ----------
Server Error Code = 1146
SqlState = 42S02

2024-10-22 05:01:06 [ERR] [Microsoft.EntityFrameworkCore.Database.Command] [55480] [259] - Failed executing DbCommand (4ms) [Parameters=[@__maxExpirationDate_0='?' (DbType = DateTime)], CommandType='"Text"', CommandTimeout='30']
DELETE `i`
FROM `IdentityServerPersistedGrants` AS `i`
WHERE `i`.`Expiration` IS NOT NULL AND (`i`.`Expiration` < @__maxExpirationDate_0)
2024-10-22 05:01:06 [ERR] [Volo.Abp.IdentityServer.Tokens.TokenCleanupBackgroundWorker] [55480] [259] - Table 'authserver-v8.2.identityserverpersistedgrants' doesn't exist
MySqlConnector.MySqlException (0x80004005): Table 'authserver-v8.2.identityserverpersistedgrants' doesn't exist
   at MySqlConnector.Core.ServerSession.ReceiveReplyAsync(IOBehavior ioBehavior, CancellationToken cancellationToken) in /_/src/MySqlConnector/Core/ServerSession.cs:line 894
   at MySqlConnector.Core.ResultSet.ReadResultSetHeaderAsync(IOBehavior ioBehavior) in /_/src/MySqlConnector/Core/ResultSet.cs:line 37
   at MySqlConnector.MySqlDataReader.ActivateResultSet(CancellationToken cancellationToken) in /_/src/MySqlConnector/MySqlDataReader.cs:line 130
   at MySqlConnector.MySqlDataReader.InitAsync(CommandListPosition commandListPosition, ICommandPayloadCreator payloadCreator, IDictionary`2 cachedProcedures, IMySqlCommand command, CommandBehavior behavior, Activity activity, IOBehavior ioBehavior, CancellationToken cancellationToken) in /_/src/MySqlConnector/MySqlDataReader.cs:line 483
   at MySqlConnector.Core.CommandExecutor.ExecuteReaderAsync(CommandListPosition commandListPosition, ICommandPayloadCreator payloadCreator, CommandBehavior behavior, Activity activity, IOBehavior ioBehavior, CancellationToken cancellationToken) in /_/src/MySqlConnector/Core/CommandExecutor.cs:line 56
   at MySqlConnector.MySqlCommand.ExecuteNonQueryAsync(IOBehavior ioBehavior, CancellationToken cancellationToken) in /_/src/MySqlConnector/MySqlCommand.cs:line 309
   at Microsoft.EntityFrameworkCore.Storage.RelationalCommand.ExecuteNonQueryAsync(RelationalCommandParameterObject parameterObject, CancellationToken cancellationToken)
   at Microsoft.EntityFrameworkCore.Storage.RelationalCommand.ExecuteNonQueryAsync(RelationalCommandParameterObject parameterObject, CancellationToken cancellationToken)
   at Microsoft.EntityFrameworkCore.Storage.RelationalCommand.ExecuteNonQueryAsync(RelationalCommandParameterObject parameterObject, CancellationToken cancellationToken)
   at Pomelo.EntityFrameworkCore.MySql.Storage.Internal.MySqlExecutionStrategy.ExecuteAsync[TState,TResult](TState state, Func`4 operation, Func`4 verifySucceeded, CancellationToken cancellationToken)
   at Volo.Abp.Domain.Repositories.EntityFrameworkCore.EfCoreRepository`2.DeleteDirectAsync(Expression`1 predicate, CancellationToken cancellationToken)
   at Volo.Abp.IdentityServer.Grants.PersistentGrantRepository.DeleteExpirationAsync(DateTime maxExpirationDate, CancellationToken cancellationToken)
   at Castle.DynamicProxy.AsyncInterceptorBase.ProceedAsynchronous(IInvocation invocation, IInvocationProceedInfo proceedInfo)
   at Volo.Abp.Castle.DynamicProxy.CastleAbpMethodInvocationAdapter.ProceedAsync()
   at Volo.Abp.Uow.UnitOfWorkInterceptor.InterceptAsync(IAbpMethodInvocation invocation)
   at Volo.Abp.Castle.DynamicProxy.CastleAsyncAbpInterceptorAdapter`1.InterceptAsync(IInvocation invocation, IInvocationProceedInfo proceedInfo, Func`3 proceed)
   at Volo.Abp.IdentityServer.Tokens.TokenCleanupService.RemoveGrantsAsync()
   at Castle.DynamicProxy.AsyncInterceptorBase.ProceedAsynchronous(IInvocation invocation, IInvocationProceedInfo proceedInfo)
   at Volo.Abp.Castle.DynamicProxy.CastleAbpMethodInvocationAdapter.ProceedAsync()
   at Volo.Abp.Uow.UnitOfWorkInterceptor.InterceptAsync(IAbpMethodInvocation invocation)
   at Volo.Abp.Castle.DynamicProxy.CastleAsyncAbpInterceptorAdapter`1.InterceptAsync(IInvocation invocation, IInvocationProceedInfo proceedInfo, Func`3 proceed)
   at Volo.Abp.IdentityServer.Tokens.TokenCleanupService.CleanAsync()
   at Castle.DynamicProxy.AsyncInterceptorBase.ProceedAsynchronous(IInvocation invocation, IInvocationProceedInfo proceedInfo)
   at Volo.Abp.Castle.DynamicProxy.CastleAbpMethodInvocationAdapter.ProceedAsync()
   at Volo.Abp.Uow.UnitOfWorkInterceptor.InterceptAsync(IAbpMethodInvocation invocation)
   at Volo.Abp.Castle.DynamicProxy.CastleAsyncAbpInterceptorAdapter`1.InterceptAsync(IInvocation invocation, IInvocationProceedInfo proceedInfo, Func`3 proceed)
   at Volo.Abp.IdentityServer.Tokens.TokenCleanupBackgroundWorker.DoWorkAsync(PeriodicBackgroundWorkerContext workerContext)
   at Volo.Abp.BackgroundWorkers.AsyncPeriodicBackgroundWorkerBase.DoWorkAsync(CancellationToken cancellationToken)
2024-10-22 05:01:06 [ERR] [Volo.Abp.IdentityServer.Tokens.TokenCleanupBackgroundWorker] [55480] [259] - ---------- Exception Data ----------
Server Error Code = 1146
SqlState = 42S02

2024-10-22 06:01:06 [ERR] [Microsoft.EntityFrameworkCore.Database.Command] [55480] [225] - Failed executing DbCommand (2ms) [Parameters=[@__maxExpirationDate_0='?' (DbType = DateTime)], CommandType='"Text"', CommandTimeout='30']
DELETE `i`
FROM `IdentityServerPersistedGrants` AS `i`
WHERE `i`.`Expiration` IS NOT NULL AND (`i`.`Expiration` < @__maxExpirationDate_0)
2024-10-22 06:01:06 [ERR] [Volo.Abp.IdentityServer.Tokens.TokenCleanupBackgroundWorker] [55480] [225] - Table 'authserver-v8.2.identityserverpersistedgrants' doesn't exist
MySqlConnector.MySqlException (0x80004005): Table 'authserver-v8.2.identityserverpersistedgrants' doesn't exist
   at MySqlConnector.Core.ServerSession.ReceiveReplyAsync(IOBehavior ioBehavior, CancellationToken cancellationToken) in /_/src/MySqlConnector/Core/ServerSession.cs:line 894
   at MySqlConnector.Core.ResultSet.ReadResultSetHeaderAsync(IOBehavior ioBehavior) in /_/src/MySqlConnector/Core/ResultSet.cs:line 37
   at MySqlConnector.MySqlDataReader.ActivateResultSet(CancellationToken cancellationToken) in /_/src/MySqlConnector/MySqlDataReader.cs:line 130
   at MySqlConnector.MySqlDataReader.InitAsync(CommandListPosition commandListPosition, ICommandPayloadCreator payloadCreator, IDictionary`2 cachedProcedures, IMySqlCommand command, CommandBehavior behavior, Activity activity, IOBehavior ioBehavior, CancellationToken cancellationToken) in /_/src/MySqlConnector/MySqlDataReader.cs:line 483
   at MySqlConnector.Core.CommandExecutor.ExecuteReaderAsync(CommandListPosition commandListPosition, ICommandPayloadCreator payloadCreator, CommandBehavior behavior, Activity activity, IOBehavior ioBehavior, CancellationToken cancellationToken) in /_/src/MySqlConnector/Core/CommandExecutor.cs:line 56
   at MySqlConnector.MySqlCommand.ExecuteNonQueryAsync(IOBehavior ioBehavior, CancellationToken cancellationToken) in /_/src/MySqlConnector/MySqlCommand.cs:line 309
   at Microsoft.EntityFrameworkCore.Storage.RelationalCommand.ExecuteNonQueryAsync(RelationalCommandParameterObject parameterObject, CancellationToken cancellationToken)
   at Microsoft.EntityFrameworkCore.Storage.RelationalCommand.ExecuteNonQueryAsync(RelationalCommandParameterObject parameterObject, CancellationToken cancellationToken)
   at Microsoft.EntityFrameworkCore.Storage.RelationalCommand.ExecuteNonQueryAsync(RelationalCommandParameterObject parameterObject, CancellationToken cancellationToken)
   at Pomelo.EntityFrameworkCore.MySql.Storage.Internal.MySqlExecutionStrategy.ExecuteAsync[TState,TResult](TState state, Func`4 operation, Func`4 verifySucceeded, CancellationToken cancellationToken)
   at Volo.Abp.Domain.Repositories.EntityFrameworkCore.EfCoreRepository`2.DeleteDirectAsync(Expression`1 predicate, CancellationToken cancellationToken)
   at Volo.Abp.IdentityServer.Grants.PersistentGrantRepository.DeleteExpirationAsync(DateTime maxExpirationDate, CancellationToken cancellationToken)
   at Castle.DynamicProxy.AsyncInterceptorBase.ProceedAsynchronous(IInvocation invocation, IInvocationProceedInfo proceedInfo)
   at Volo.Abp.Castle.DynamicProxy.CastleAbpMethodInvocationAdapter.ProceedAsync()
   at Volo.Abp.Uow.UnitOfWorkInterceptor.InterceptAsync(IAbpMethodInvocation invocation)
   at Volo.Abp.Castle.DynamicProxy.CastleAsyncAbpInterceptorAdapter`1.InterceptAsync(IInvocation invocation, IInvocationProceedInfo proceedInfo, Func`3 proceed)
   at Volo.Abp.IdentityServer.Tokens.TokenCleanupService.RemoveGrantsAsync()
   at Castle.DynamicProxy.AsyncInterceptorBase.ProceedAsynchronous(IInvocation invocation, IInvocationProceedInfo proceedInfo)
   at Volo.Abp.Castle.DynamicProxy.CastleAbpMethodInvocationAdapter.ProceedAsync()
   at Volo.Abp.Uow.UnitOfWorkInterceptor.InterceptAsync(IAbpMethodInvocation invocation)
   at Volo.Abp.Castle.DynamicProxy.CastleAsyncAbpInterceptorAdapter`1.InterceptAsync(IInvocation invocation, IInvocationProceedInfo proceedInfo, Func`3 proceed)
   at Volo.Abp.IdentityServer.Tokens.TokenCleanupService.CleanAsync()
   at Castle.DynamicProxy.AsyncInterceptorBase.ProceedAsynchronous(IInvocation invocation, IInvocationProceedInfo proceedInfo)
   at Volo.Abp.Castle.DynamicProxy.CastleAbpMethodInvocationAdapter.ProceedAsync()
   at Volo.Abp.Uow.UnitOfWorkInterceptor.InterceptAsync(IAbpMethodInvocation invocation)
   at Volo.Abp.Castle.DynamicProxy.CastleAsyncAbpInterceptorAdapter`1.InterceptAsync(IInvocation invocation, IInvocationProceedInfo proceedInfo, Func`3 proceed)
   at Volo.Abp.IdentityServer.Tokens.TokenCleanupBackgroundWorker.DoWorkAsync(PeriodicBackgroundWorkerContext workerContext)
   at Volo.Abp.BackgroundWorkers.AsyncPeriodicBackgroundWorkerBase.DoWorkAsync(CancellationToken cancellationToken)
2024-10-22 06:01:06 [ERR] [Volo.Abp.IdentityServer.Tokens.TokenCleanupBackgroundWorker] [55480] [225] - ---------- Exception Data ----------
Server Error Code = 1146
SqlState = 42S02

2024-10-22 06:06:41 [INF] [Volo.Abp.AbpApplicationBase] [18964] [1] - Loaded ABP modules:
2024-10-22 06:06:41 [INF] [Volo.Abp.AbpApplicationBase] [18964] [1] - - ZQH.MicroService.BackendAdmin.BackendAdminHttpApiHostModule
2024-10-22 06:06:41 [INF] [Volo.Abp.AbpApplicationBase] [18964] [1] -   - ZQH.Abp.EventBus.CAP.AbpCAPEventBusModule
2024-10-22 06:06:41 [INF] [Volo.Abp.AbpApplicationBase] [18964] [1] -     - Volo.Abp.EventBus.AbpEventBusModule
2024-10-22 06:06:41 [INF] [Volo.Abp.AbpApplicationBase] [18964] [1] -       - Volo.Abp.EventBus.Abstractions.AbpEventBusAbstractionsModule
2024-10-22 06:06:41 [INF] [Volo.Abp.AbpApplicationBase] [18964] [1] -         - Volo.Abp.ObjectExtending.AbpObjectExtendingModule
2024-10-22 06:06:41 [INF] [Volo.Abp.AbpApplicationBase] [18964] [1] -           - Volo.Abp.Localization.AbpLocalizationAbstractionsModule
2024-10-22 06:06:41 [INF] [Volo.Abp.AbpApplicationBase] [18964] [1] -           - Volo.Abp.Validation.AbpValidationAbstractionsModule
2024-10-22 06:06:41 [INF] [Volo.Abp.AbpApplicationBase] [18964] [1] -       - Volo.Abp.MultiTenancy.AbpMultiTenancyModule
2024-10-22 06:06:41 [INF] [Volo.Abp.AbpApplicationBase] [18964] [1] -         - Volo.Abp.Data.AbpDataModule
2024-10-22 06:06:41 [INF] [Volo.Abp.AbpApplicationBase] [18964] [1] -           - Volo.Abp.Uow.AbpUnitOfWorkModule
2024-10-22 06:06:41 [INF] [Volo.Abp.AbpApplicationBase] [18964] [1] -         - Volo.Abp.Security.AbpSecurityModule
2024-10-22 06:06:41 [INF] [Volo.Abp.AbpApplicationBase] [18964] [1] -         - Volo.Abp.Settings.AbpSettingsModule
2024-10-22 06:06:41 [INF] [Volo.Abp.AbpApplicationBase] [18964] [1] -         - Volo.Abp.MultiTenancy.AbpMultiTenancyAbstractionsModule
2024-10-22 06:06:41 [INF] [Volo.Abp.AbpApplicationBase] [18964] [1] -           - Volo.Abp.VirtualFileSystem.AbpVirtualFileSystemModule
2024-10-22 06:06:41 [INF] [Volo.Abp.AbpApplicationBase] [18964] [1] -           - Volo.Abp.Localization.AbpLocalizationModule
2024-10-22 06:06:41 [INF] [Volo.Abp.AbpApplicationBase] [18964] [1] -             - Volo.Abp.Threading.AbpThreadingModule
2024-10-22 06:06:41 [INF] [Volo.Abp.AbpApplicationBase] [18964] [1] -       - Volo.Abp.Json.AbpJsonModule
2024-10-22 06:06:41 [INF] [Volo.Abp.AbpApplicationBase] [18964] [1] -         - Volo.Abp.Json.SystemTextJson.AbpJsonSystemTextJsonModule
2024-10-22 06:06:41 [INF] [Volo.Abp.AbpApplicationBase] [18964] [1] -           - Volo.Abp.Json.AbpJsonAbstractionsModule
2024-10-22 06:06:41 [INF] [Volo.Abp.AbpApplicationBase] [18964] [1] -           - Volo.Abp.Timing.AbpTimingModule
2024-10-22 06:06:41 [INF] [Volo.Abp.AbpApplicationBase] [18964] [1] -       - Volo.Abp.Guids.AbpGuidsModule
2024-10-22 06:06:41 [INF] [Volo.Abp.AbpApplicationBase] [18964] [1] -       - Volo.Abp.BackgroundWorkers.AbpBackgroundWorkersModule
2024-10-22 06:06:41 [INF] [Volo.Abp.AbpApplicationBase] [18964] [1] -       - Volo.Abp.DistributedLocking.AbpDistributedLockingAbstractionsModule
2024-10-22 06:06:41 [INF] [Volo.Abp.AbpApplicationBase] [18964] [1] -   - ZQH.Abp.Serilog.Enrichers.Application.AbpSerilogEnrichersApplicationModule
2024-10-22 06:06:41 [INF] [Volo.Abp.AbpApplicationBase] [18964] [1] -   - ZQH.Abp.Serilog.Enrichers.UniqueId.AbpSerilogEnrichersUniqueIdModule
2024-10-22 06:06:41 [INF] [Volo.Abp.AbpApplicationBase] [18964] [1] -     - ZQH.Abp.IdGenerator.AbpIdGeneratorModule
2024-10-22 06:06:41 [INF] [Volo.Abp.AbpApplicationBase] [18964] [1] -   - Volo.Abp.AspNetCore.Serilog.AbpAspNetCoreSerilogModule
2024-10-22 06:06:41 [INF] [Volo.Abp.AbpApplicationBase] [18964] [1] -     - Volo.Abp.AspNetCore.AbpAspNetCoreModule
2024-10-22 06:06:41 [INF] [Volo.Abp.AbpApplicationBase] [18964] [1] -       - Volo.Abp.Auditing.AbpAuditingModule
2024-10-22 06:06:41 [INF] [Volo.Abp.AbpApplicationBase] [18964] [1] -         - Volo.Abp.Auditing.AbpAuditingContractsModule
2024-10-22 06:06:41 [INF] [Volo.Abp.AbpApplicationBase] [18964] [1] -       - Volo.Abp.Http.AbpHttpModule
2024-10-22 06:06:41 [INF] [Volo.Abp.AbpApplicationBase] [18964] [1] -         - Volo.Abp.Http.AbpHttpAbstractionsModule
2024-10-22 06:06:41 [INF] [Volo.Abp.AbpApplicationBase] [18964] [1] -         - Volo.Abp.Minify.AbpMinifyModule
2024-10-22 06:06:41 [INF] [Volo.Abp.AbpApplicationBase] [18964] [1] -       - Volo.Abp.Authorization.AbpAuthorizationModule
2024-10-22 06:06:41 [INF] [Volo.Abp.AbpApplicationBase] [18964] [1] -         - Volo.Abp.Authorization.AbpAuthorizationAbstractionsModule
2024-10-22 06:06:41 [INF] [Volo.Abp.AbpApplicationBase] [18964] [1] -       - Volo.Abp.Validation.AbpValidationModule
2024-10-22 06:06:41 [INF] [Volo.Abp.AbpApplicationBase] [18964] [1] -       - Volo.Abp.ExceptionHandling.AbpExceptionHandlingModule
2024-10-22 06:06:41 [INF] [Volo.Abp.AbpApplicationBase] [18964] [1] -       - Volo.Abp.AspNetCore.AbpAspNetCoreAbstractionsModule
2024-10-22 06:06:41 [INF] [Volo.Abp.AbpApplicationBase] [18964] [1] -   - ZQH.Abp.Logging.Serilog.Elasticsearch.AbpLoggingSerilogElasticsearchModule
2024-10-22 06:06:41 [INF] [Volo.Abp.AbpApplicationBase] [18964] [1] -     - ZQH.Abp.Logging.AbpLoggingModule
2024-10-22 06:06:41 [INF] [Volo.Abp.AbpApplicationBase] [18964] [1] -     - ZQH.Abp.Elasticsearch.AbpElasticsearchModule
2024-10-22 06:06:41 [INF] [Volo.Abp.AbpApplicationBase] [18964] [1] -     - Volo.Abp.AutoMapper.AbpAutoMapperModule
2024-10-22 06:06:41 [INF] [Volo.Abp.AbpApplicationBase] [18964] [1] -       - Volo.Abp.ObjectMapping.AbpObjectMappingModule
2024-10-22 06:06:41 [INF] [Volo.Abp.AbpApplicationBase] [18964] [1] -   - ZQH.Abp.AuditLogging.Elasticsearch.AbpAuditLoggingElasticsearchModule
2024-10-22 06:06:41 [INF] [Volo.Abp.AbpApplicationBase] [18964] [1] -     - ZQH.Abp.AuditLogging.AbpAuditLoggingModule
2024-10-22 06:06:41 [INF] [Volo.Abp.AbpApplicationBase] [18964] [1] -   - Volo.Abp.AspNetCore.Mvc.UI.MultiTenancy.AbpAspNetCoreMvcUiMultiTenancyModule
2024-10-22 06:06:41 [INF] [Volo.Abp.AbpApplicationBase] [18964] [1] -     - Volo.Abp.AspNetCore.Mvc.UI.Theme.Shared.AbpAspNetCoreMvcUiThemeSharedModule
2024-10-22 06:06:41 [INF] [Volo.Abp.AbpApplicationBase] [18964] [1] -       - Volo.Abp.AspNetCore.Mvc.UI.Bootstrap.AbpAspNetCoreMvcUiBootstrapModule
2024-10-22 06:06:41 [INF] [Volo.Abp.AbpApplicationBase] [18964] [1] -         - Volo.Abp.AspNetCore.Mvc.UI.AbpAspNetCoreMvcUiModule
2024-10-22 06:06:41 [INF] [Volo.Abp.AbpApplicationBase] [18964] [1] -           - Volo.Abp.AspNetCore.Mvc.AbpAspNetCoreMvcModule
2024-10-22 06:06:41 [INF] [Volo.Abp.AbpApplicationBase] [18964] [1] -             - Volo.Abp.ApiVersioning.AbpApiVersioningAbstractionsModule
2024-10-22 06:06:41 [INF] [Volo.Abp.AbpApplicationBase] [18964] [1] -             - Volo.Abp.AspNetCore.Mvc.AbpAspNetCoreMvcContractsModule
2024-10-22 06:06:41 [INF] [Volo.Abp.AbpApplicationBase] [18964] [1] -               - Volo.Abp.Application.AbpDddApplicationContractsModule
2024-10-22 06:06:41 [INF] [Volo.Abp.AbpApplicationBase] [18964] [1] -             - Volo.Abp.UI.Navigation.AbpUiNavigationModule
2024-10-22 06:06:41 [INF] [Volo.Abp.AbpApplicationBase] [18964] [1] -               - Volo.Abp.UI.AbpUiModule
2024-10-22 06:06:41 [INF] [Volo.Abp.AbpApplicationBase] [18964] [1] -             - Volo.Abp.GlobalFeatures.AbpGlobalFeaturesModule
2024-10-22 06:06:41 [INF] [Volo.Abp.AbpApplicationBase] [18964] [1] -             - Volo.Abp.Application.AbpDddApplicationModule
2024-10-22 06:06:41 [INF] [Volo.Abp.AbpApplicationBase] [18964] [1] -               - Volo.Abp.Domain.AbpDddDomainModule
2024-10-22 06:06:41 [INF] [Volo.Abp.AbpApplicationBase] [18964] [1] -                 - Volo.Abp.Specifications.AbpSpecificationsModule
2024-10-22 06:06:41 [INF] [Volo.Abp.AbpApplicationBase] [18964] [1] -                 - Volo.Abp.Caching.AbpCachingModule
2024-10-22 06:06:41 [INF] [Volo.Abp.AbpApplicationBase] [18964] [1] -                   - Volo.Abp.Serialization.AbpSerializationModule
2024-10-22 06:06:41 [INF] [Volo.Abp.AbpApplicationBase] [18964] [1] -                 - Volo.Abp.Domain.AbpDddDomainSharedModule
2024-10-22 06:06:41 [INF] [Volo.Abp.AbpApplicationBase] [18964] [1] -               - Volo.Abp.Features.AbpFeaturesModule
2024-10-22 06:06:41 [INF] [Volo.Abp.AbpApplicationBase] [18964] [1] -       - Volo.Abp.AspNetCore.Mvc.UI.Packages.AbpAspNetCoreMvcUiPackagesModule
2024-10-22 06:06:41 [INF] [Volo.Abp.AbpApplicationBase] [18964] [1] -         - Volo.Abp.AspNetCore.Mvc.UI.Bundling.AbpAspNetCoreMvcUiBundlingAbstractionsModule
2024-10-22 06:06:41 [INF] [Volo.Abp.AbpApplicationBase] [18964] [1] -       - Volo.Abp.AspNetCore.Mvc.UI.Widgets.AbpAspNetCoreMvcUiWidgetsModule
2024-10-22 06:06:41 [INF] [Volo.Abp.AbpApplicationBase] [18964] [1] -         - Volo.Abp.AspNetCore.Mvc.UI.Bundling.AbpAspNetCoreMvcUiBundlingModule
2024-10-22 06:06:41 [INF] [Volo.Abp.AbpApplicationBase] [18964] [1] -     - Volo.Abp.AspNetCore.MultiTenancy.AbpAspNetCoreMultiTenancyModule
2024-10-22 06:06:41 [INF] [Volo.Abp.AbpApplicationBase] [18964] [1] -   - ZQH.Abp.AspNetCore.Mvc.Localization.AbpAspNetCoreMvcLocalizationModule
2024-10-22 06:06:41 [INF] [Volo.Abp.AbpApplicationBase] [18964] [1] -   - ZQH.Abp.Aliyun.SettingManagement.AbpAliyunSettingManagementModule
2024-10-22 06:06:41 [INF] [Volo.Abp.AbpApplicationBase] [18964] [1] -     - ZQH.Abp.Aliyun.AbpAliyunModule
2024-10-22 06:06:41 [INF] [Volo.Abp.AbpApplicationBase] [18964] [1] -       - ZQH.Abp.Features.LimitValidation.AbpFeaturesLimitValidationModule
2024-10-22 06:06:41 [INF] [Volo.Abp.AbpApplicationBase] [18964] [1] -     - ZQH.Abp.Sms.Aliyun.AbpAliyunSmsModule
2024-10-22 06:06:41 [INF] [Volo.Abp.AbpApplicationBase] [18964] [1] -       - Volo.Abp.Sms.AbpSmsModule
2024-10-22 06:06:41 [INF] [Volo.Abp.AbpApplicationBase] [18964] [1] -   - ZQH.Abp.Tencent.SettingManagement.AbpTencentCloudSettingManagementModule
2024-10-22 06:06:41 [INF] [Volo.Abp.AbpApplicationBase] [18964] [1] -     - ZQH.Abp.Tencent.AbpTencentCloudModule
2024-10-22 06:06:41 [INF] [Volo.Abp.AbpApplicationBase] [18964] [1] -     - ZQH.Abp.Tencent.QQ.AbpTencentQQModule
2024-10-22 06:06:41 [INF] [Volo.Abp.AbpApplicationBase] [18964] [1] -     - ZQH.Abp.SettingManagement.AbpSettingManagementApplicationContractsModule
2024-10-22 06:06:41 [INF] [Volo.Abp.AbpApplicationBase] [18964] [1] -       - Volo.Abp.SettingManagement.AbpSettingManagementDomainSharedModule
2024-10-22 06:06:41 [INF] [Volo.Abp.AbpApplicationBase] [18964] [1] -     - Volo.Abp.SettingManagement.AbpSettingManagementDomainModule
2024-10-22 06:06:41 [INF] [Volo.Abp.AbpApplicationBase] [18964] [1] -   - ZQH.Abp.WxPusher.SettingManagement.AbpWxPusherSettingManagementModule
2024-10-22 06:06:41 [INF] [Volo.Abp.AbpApplicationBase] [18964] [1] -     - ZQH.Abp.WxPusher.AbpWxPusherModule
2024-10-22 06:06:41 [INF] [Volo.Abp.AbpApplicationBase] [18964] [1] -   - ZQH.Abp.OssManagement.SettingManagement.AbpOssManagementSettingManagementModule
2024-10-22 06:06:41 [INF] [Volo.Abp.AbpApplicationBase] [18964] [1] -     - ZQH.Abp.OssManagement.AbpOssManagementApplicationContractsModule
2024-10-22 06:06:41 [INF] [Volo.Abp.AbpApplicationBase] [18964] [1] -       - ZQH.Abp.OssManagement.AbpOssManagementDomainSharedModule
2024-10-22 06:06:41 [INF] [Volo.Abp.AbpApplicationBase] [18964] [1] -   - ZQH.Abp.SettingManagement.AbpSettingManagementApplicationModule
2024-10-22 06:06:41 [INF] [Volo.Abp.AbpApplicationBase] [18964] [1] -     - Volo.Abp.SettingManagement.AbpSettingManagementApplicationContractsModule
2024-10-22 06:06:41 [INF] [Volo.Abp.AbpApplicationBase] [18964] [1] -   - ZQH.Abp.SettingManagement.AbpSettingManagementHttpApiModule
2024-10-22 06:06:41 [INF] [Volo.Abp.AbpApplicationBase] [18964] [1] -   - ZQH.Abp.PermissionManagement.AbpPermissionManagementApplicationModule
2024-10-22 06:06:41 [INF] [Volo.Abp.AbpApplicationBase] [18964] [1] -     - ZQH.Abp.PermissionManagement.AbpPermissionManagementApplicationContractsModule
2024-10-22 06:06:41 [INF] [Volo.Abp.AbpApplicationBase] [18964] [1] -       - Volo.Abp.PermissionManagement.AbpPermissionManagementApplicationContractsModule
2024-10-22 06:06:41 [INF] [Volo.Abp.AbpApplicationBase] [18964] [1] -         - Volo.Abp.PermissionManagement.AbpPermissionManagementDomainSharedModule
2024-10-22 06:06:41 [INF] [Volo.Abp.AbpApplicationBase] [18964] [1] -     - Volo.Abp.PermissionManagement.AbpPermissionManagementApplicationModule
2024-10-22 06:06:41 [INF] [Volo.Abp.AbpApplicationBase] [18964] [1] -       - Volo.Abp.PermissionManagement.AbpPermissionManagementDomainModule
2024-10-22 06:06:41 [INF] [Volo.Abp.AbpApplicationBase] [18964] [1] -   - ZQH.Abp.PermissionManagement.HttpApi.AbpPermissionManagementHttpApiModule
2024-10-22 06:06:41 [INF] [Volo.Abp.AbpApplicationBase] [18964] [1] -     - Volo.Abp.PermissionManagement.HttpApi.AbpPermissionManagementHttpApiModule
2024-10-22 06:06:41 [INF] [Volo.Abp.AbpApplicationBase] [18964] [1] -   - ZQH.Abp.DataProtectionManagement.AbpDataProtectionManagementApplicationModule
2024-10-22 06:06:41 [INF] [Volo.Abp.AbpApplicationBase] [18964] [1] -     - ZQH.Abp.DataProtectionManagement.AbpDataProtectionManagementApplicationContractsModule
2024-10-22 06:06:41 [INF] [Volo.Abp.AbpApplicationBase] [18964] [1] -       - ZQH.Abp.DataProtectionManagement.AbpDataProtectionManagementDomainSharedModule
2024-10-22 06:06:41 [INF] [Volo.Abp.AbpApplicationBase] [18964] [1] -     - ZQH.Abp.DataProtectionManagement.AbpDataProtectionManagementDomainModule
2024-10-22 06:06:41 [INF] [Volo.Abp.AbpApplicationBase] [18964] [1] -       - ZQH.Abp.DataProtection.AbpDataProtectionModule
2024-10-22 06:06:41 [INF] [Volo.Abp.AbpApplicationBase] [18964] [1] -         - ZQH.Abp.DataProtection.AbpDataProtectionAbstractionsModule
2024-10-22 06:06:41 [INF] [Volo.Abp.AbpApplicationBase] [18964] [1] -   - ZQH.Abp.DataProtectionManagement.AbpDataProtectionManagementHttpApiModule
2024-10-22 06:06:41 [INF] [Volo.Abp.AbpApplicationBase] [18964] [1] -   - ZQH.Abp.FeatureManagement.AbpFeatureManagementApplicationModule
2024-10-22 06:06:41 [INF] [Volo.Abp.AbpApplicationBase] [18964] [1] -     - ZQH.Abp.FeatureManagement.AbpFeatureManagementApplicationContractsModule
2024-10-22 06:06:41 [INF] [Volo.Abp.AbpApplicationBase] [18964] [1] -       - Volo.Abp.FeatureManagement.AbpFeatureManagementApplicationContractsModule
2024-10-22 06:06:41 [INF] [Volo.Abp.AbpApplicationBase] [18964] [1] -         - Volo.Abp.FeatureManagement.AbpFeatureManagementDomainSharedModule
2024-10-22 06:06:41 [INF] [Volo.Abp.AbpApplicationBase] [18964] [1] -     - Volo.Abp.FeatureManagement.AbpFeatureManagementApplicationModule
2024-10-22 06:06:41 [INF] [Volo.Abp.AbpApplicationBase] [18964] [1] -       - Volo.Abp.FeatureManagement.AbpFeatureManagementDomainModule
2024-10-22 06:06:41 [INF] [Volo.Abp.AbpApplicationBase] [18964] [1] -   - ZQH.Abp.FeatureManagement.HttpApi.AbpFeatureManagementHttpApiModule
2024-10-22 06:06:41 [INF] [Volo.Abp.AbpApplicationBase] [18964] [1] -     - Volo.Abp.FeatureManagement.AbpFeatureManagementHttpApiModule
2024-10-22 06:06:41 [INF] [Volo.Abp.AbpApplicationBase] [18964] [1] -   - ZQH.Abp.FeatureManagement.AbpFeatureManagementClientModule
2024-10-22 06:06:41 [INF] [Volo.Abp.AbpApplicationBase] [18964] [1] -     - ZQH.Abp.Features.Client.AbpFeaturesClientModule
2024-10-22 06:06:41 [INF] [Volo.Abp.AbpApplicationBase] [18964] [1] -   - ZQH.Abp.Auditing.AbpAuditingApplicationModule
2024-10-22 06:06:41 [INF] [Volo.Abp.AbpApplicationBase] [18964] [1] -     - ZQH.Abp.Auditing.AbpAuditingApplicationContractsModule
2024-10-22 06:06:41 [INF] [Volo.Abp.AbpApplicationBase] [18964] [1] -       - Volo.Abp.AuditLogging.AbpAuditLoggingDomainSharedModule
2024-10-22 06:06:41 [INF] [Volo.Abp.AbpApplicationBase] [18964] [1] -   - ZQH.Abp.Auditing.AbpAuditingHttpApiModule
2024-10-22 06:06:41 [INF] [Volo.Abp.AbpApplicationBase] [18964] [1] -   - ZQH.Abp.Saas.AbpSaasApplicationModule
2024-10-22 06:06:41 [INF] [Volo.Abp.AbpApplicationBase] [18964] [1] -     - ZQH.Abp.Saas.AbpSaasDomainModule
2024-10-22 06:06:41 [INF] [Volo.Abp.AbpApplicationBase] [18964] [1] -       - ZQH.Abp.Saas.AbpSaasDomainSharedModule
2024-10-22 06:06:41 [INF] [Volo.Abp.AbpApplicationBase] [18964] [1] -       - ZQH.Abp.MultiTenancy.Editions.AbpMultiTenancyEditionsModule
2024-10-22 06:06:41 [INF] [Volo.Abp.AbpApplicationBase] [18964] [1] -     - ZQH.Abp.Saas.AbpSaasApplicationContractsModule
2024-10-22 06:06:41 [INF] [Volo.Abp.AbpApplicationBase] [18964] [1] -   - ZQH.Abp.Saas.AbpSaasHttpApiModule
2024-10-22 06:06:41 [INF] [Volo.Abp.AbpApplicationBase] [18964] [1] -   - ZQH.Abp.TextTemplating.AbpTextTemplatingApplicationModule
2024-10-22 06:06:41 [INF] [Volo.Abp.AbpApplicationBase] [18964] [1] -     - ZQH.Abp.TextTemplating.AbpTextTemplatingDomainModule
2024-10-22 06:06:41 [INF] [Volo.Abp.AbpApplicationBase] [18964] [1] -       - ZQH.Abp.TextTemplating.AbpTextTemplatingDomainSharedModule
2024-10-22 06:06:41 [INF] [Volo.Abp.AbpApplicationBase] [18964] [1] -       - Volo.Abp.TextTemplating.AbpTextTemplatingCoreModule
2024-10-22 06:06:41 [INF] [Volo.Abp.AbpApplicationBase] [18964] [1] -     - ZQH.Abp.TextTemplating.AbpTextTemplatingApplicationContractsModule
2024-10-22 06:06:41 [INF] [Volo.Abp.AbpApplicationBase] [18964] [1] -   - ZQH.Abp.TextTemplating.AbpTextTemplatingHttpApiModule
2024-10-22 06:06:41 [INF] [Volo.Abp.AbpApplicationBase] [18964] [1] -   - ZQH.Abp.CachingManagement.AbpCachingManagementApplicationModule
2024-10-22 06:06:41 [INF] [Volo.Abp.AbpApplicationBase] [18964] [1] -     - ZQH.Abp.CachingManagement.AbpCachingManagementApplicationContractsModule
2024-10-22 06:06:41 [INF] [Volo.Abp.AbpApplicationBase] [18964] [1] -   - ZQH.Abp.CachingManagement.AbpCachingManagementHttpApiModule
2024-10-22 06:06:41 [INF] [Volo.Abp.AbpApplicationBase] [18964] [1] -   - ZQH.Abp.CachingManagement.StackExchangeRedis.AbpCachingManagementStackExchangeRedisModule
2024-10-22 06:06:41 [INF] [Volo.Abp.AbpApplicationBase] [18964] [1] -     - ZQH.Abp.CachingManagement.AbpCachingManagementDomainModule
2024-10-22 06:06:41 [INF] [Volo.Abp.AbpApplicationBase] [18964] [1] -     - Volo.Abp.Caching.StackExchangeRedis.AbpCachingStackExchangeRedisModule
2024-10-22 06:06:41 [INF] [Volo.Abp.AbpApplicationBase] [18964] [1] -   - Volo.Abp.EntityFrameworkCore.MySQL.AbpEntityFrameworkCoreMySQLModule
2024-10-22 06:06:41 [INF] [Volo.Abp.AbpApplicationBase] [18964] [1] -     - Volo.Abp.EntityFrameworkCore.AbpEntityFrameworkCoreModule
2024-10-22 06:06:41 [INF] [Volo.Abp.AbpApplicationBase] [18964] [1] -   - ZQH.Abp.Identity.EntityFrameworkCore.AbpIdentityEntityFrameworkCoreModule
2024-10-22 06:06:41 [INF] [Volo.Abp.AbpApplicationBase] [18964] [1] -     - ZQH.Abp.Identity.AbpIdentityDomainModule
2024-10-22 06:06:41 [INF] [Volo.Abp.AbpApplicationBase] [18964] [1] -       - ZQH.Abp.Identity.AbpIdentityDomainSharedModule
2024-10-22 06:06:41 [INF] [Volo.Abp.AbpApplicationBase] [18964] [1] -         - Volo.Abp.Identity.AbpIdentityDomainSharedModule
2024-10-22 06:06:41 [INF] [Volo.Abp.AbpApplicationBase] [18964] [1] -           - Volo.Abp.Users.AbpUsersDomainSharedModule
2024-10-22 06:06:41 [INF] [Volo.Abp.AbpApplicationBase] [18964] [1] -       - Volo.Abp.Identity.AbpIdentityDomainModule
2024-10-22 06:06:41 [INF] [Volo.Abp.AbpApplicationBase] [18964] [1] -         - Volo.Abp.Users.AbpUsersDomainModule
2024-10-22 06:06:41 [INF] [Volo.Abp.AbpApplicationBase] [18964] [1] -           - Volo.Abp.Users.AbpUsersAbstractionModule
2024-10-22 06:06:41 [INF] [Volo.Abp.AbpApplicationBase] [18964] [1] -     - Volo.Abp.Identity.EntityFrameworkCore.AbpIdentityEntityFrameworkCoreModule
2024-10-22 06:06:41 [INF] [Volo.Abp.AbpApplicationBase] [18964] [1] -       - Volo.Abp.Users.EntityFrameworkCore.AbpUsersEntityFrameworkCoreModule
2024-10-22 06:06:41 [INF] [Volo.Abp.AbpApplicationBase] [18964] [1] -   - Volo.Abp.IdentityServer.EntityFrameworkCore.AbpIdentityServerEntityFrameworkCoreModule
2024-10-22 06:06:41 [INF] [Volo.Abp.AbpApplicationBase] [18964] [1] -     - Volo.Abp.IdentityServer.AbpIdentityServerDomainModule
2024-10-22 06:06:41 [INF] [Volo.Abp.AbpApplicationBase] [18964] [1] -       - Volo.Abp.IdentityServer.AbpIdentityServerDomainSharedModule
2024-10-22 06:06:41 [INF] [Volo.Abp.AbpApplicationBase] [18964] [1] -   - ZQH.Abp.PermissionManagement.OrganizationUnits.AbpPermissionManagementDomainOrganizationUnitsModule
2024-10-22 06:06:41 [INF] [Volo.Abp.AbpApplicationBase] [18964] [1] -     - ZQH.Abp.Authorization.OrganizationUnits.AbpAuthorizationOrganizationUnitsModule
2024-10-22 06:06:41 [INF] [Volo.Abp.AbpApplicationBase] [18964] [1] -   - ZQH.Abp.Saas.EntityFrameworkCore.AbpSaasEntityFrameworkCoreModule
2024-10-22 06:06:41 [INF] [Volo.Abp.AbpApplicationBase] [18964] [1] -   - Volo.Abp.SettingManagement.EntityFrameworkCore.AbpSettingManagementEntityFrameworkCoreModule
2024-10-22 06:06:41 [INF] [Volo.Abp.AbpApplicationBase] [18964] [1] -   - Volo.Abp.PermissionManagement.Identity.AbpPermissionManagementDomainIdentityModule
2024-10-22 06:06:41 [INF] [Volo.Abp.AbpApplicationBase] [18964] [1] -   - Volo.Abp.PermissionManagement.IdentityServer.AbpPermissionManagementDomainIdentityServerModule
2024-10-22 06:06:41 [INF] [Volo.Abp.AbpApplicationBase] [18964] [1] -   - Volo.Abp.PermissionManagement.EntityFrameworkCore.AbpPermissionManagementEntityFrameworkCoreModule
2024-10-22 06:06:41 [INF] [Volo.Abp.AbpApplicationBase] [18964] [1] -   - Volo.Abp.FeatureManagement.EntityFrameworkCore.AbpFeatureManagementEntityFrameworkCoreModule
2024-10-22 06:06:41 [INF] [Volo.Abp.AbpApplicationBase] [18964] [1] -   - ZQH.Abp.LocalizationManagement.EntityFrameworkCore.AbpLocalizationManagementEntityFrameworkCoreModule
2024-10-22 06:06:41 [INF] [Volo.Abp.AbpApplicationBase] [18964] [1] -     - ZQH.Abp.LocalizationManagement.AbpLocalizationManagementDomainModule
2024-10-22 06:06:41 [INF] [Volo.Abp.AbpApplicationBase] [18964] [1] -       - ZQH.Abp.Localization.Persistence.AbpLocalizationPersistenceModule
2024-10-22 06:06:41 [INF] [Volo.Abp.AbpApplicationBase] [18964] [1] -       - ZQH.Abp.LocalizationManagement.AbpLocalizationManagementDomainSharedModule
2024-10-22 06:06:41 [INF] [Volo.Abp.AbpApplicationBase] [18964] [1] -   - ZQH.Abp.TextTemplating.EntityFrameworkCore.AbpTextTemplatingEntityFrameworkCoreModule
2024-10-22 06:06:41 [INF] [Volo.Abp.AbpApplicationBase] [18964] [1] -   - ZQH.Abp.TextTemplating.Scriban.AbpTextTemplatingScribanModule
2024-10-22 06:06:41 [INF] [Volo.Abp.AbpApplicationBase] [18964] [1] -   - ZQH.Abp.Identity.Session.AspNetCore.AbpIdentitySessionAspNetCoreModule
2024-10-22 06:06:41 [INF] [Volo.Abp.AbpApplicationBase] [18964] [1] -     - ZQH.Abp.Identity.Session.AbpIdentitySessionModule
2024-10-22 06:06:41 [INF] [Volo.Abp.AbpApplicationBase] [18964] [1] -   - ZQH.MicroService.BackendAdmin.EntityFrameworkCore.BackendAdminMigrationsEntityFrameworkCoreModule
2024-10-22 06:06:41 [INF] [Volo.Abp.AbpApplicationBase] [18964] [1] -     - ZQH.Abp.DataProtectionManagement.EntityFrameworkCore.AbpDataProtectionManagementEntityFrameworkCoreModule
2024-10-22 06:06:41 [INF] [Volo.Abp.AbpApplicationBase] [18964] [1] -       - ZQH.Abp.DataProtection.EntityFrameworkCore.AbpDataProtectionEntityFrameworkCoreModule
2024-10-22 06:06:41 [INF] [Volo.Abp.AbpApplicationBase] [18964] [1] -     - ZQH.Abp.Data.DbMigrator.AbpDataDbMigratorModule
2024-10-22 06:06:41 [INF] [Volo.Abp.AbpApplicationBase] [18964] [1] -   - Volo.Abp.AspNetCore.Authentication.JwtBearer.AbpAspNetCoreAuthenticationJwtBearerModule
2024-10-22 06:06:41 [INF] [Volo.Abp.AbpApplicationBase] [18964] [1] -   - ZQH.Abp.ExceptionHandling.Emailing.AbpEmailingExceptionHandlingModule
2024-10-22 06:06:41 [INF] [Volo.Abp.AbpApplicationBase] [18964] [1] -     - ZQH.Abp.ExceptionHandling.AbpExceptionHandlingModule
2024-10-22 06:06:41 [INF] [Volo.Abp.AbpApplicationBase] [18964] [1] -     - Volo.Abp.Emailing.AbpEmailingModule
2024-10-22 06:06:41 [INF] [Volo.Abp.AbpApplicationBase] [18964] [1] -       - Volo.Abp.BackgroundJobs.AbpBackgroundJobsAbstractionsModule
2024-10-22 06:06:41 [INF] [Volo.Abp.AbpApplicationBase] [18964] [1] -       - Volo.Abp.TextTemplating.AbpTextTemplatingModule
2024-10-22 06:06:41 [INF] [Volo.Abp.AbpApplicationBase] [18964] [1] -         - Volo.Abp.TextTemplating.Scriban.AbpTextTemplatingScribanModule
2024-10-22 06:06:41 [INF] [Volo.Abp.AbpApplicationBase] [18964] [1] -   - Volo.Abp.Http.Client.AbpHttpClientModule
2024-10-22 06:06:41 [INF] [Volo.Abp.AbpApplicationBase] [18964] [1] -     - Volo.Abp.Castle.AbpCastleCoreModule
2024-10-22 06:06:41 [INF] [Volo.Abp.AbpApplicationBase] [18964] [1] -     - Volo.Abp.RemoteServices.AbpRemoteServicesModule
2024-10-22 06:06:41 [INF] [Volo.Abp.AbpApplicationBase] [18964] [1] -   - ZQH.Abp.Localization.CultureMap.AbpLocalizationCultureMapModule
2024-10-22 06:06:41 [INF] [Volo.Abp.AbpApplicationBase] [18964] [1] -   - ZQH.Abp.AspNetCore.Mvc.Wrapper.AbpAspNetCoreMvcWrapperModule
2024-10-22 06:06:41 [INF] [Volo.Abp.AbpApplicationBase] [18964] [1] -     - ZQH.Abp.Wrapper.AbpWrapperModule
2024-10-22 06:06:41 [INF] [Volo.Abp.AbpApplicationBase] [18964] [1] -     - ZQH.Abp.AspNetCore.Wrapper.AbpAspNetCoreWrapperModule
2024-10-22 06:06:41 [INF] [Volo.Abp.AbpApplicationBase] [18964] [1] -   - ZQH.Abp.AspNetCore.HttpOverrides.AbpAspNetCoreHttpOverridesModule
2024-10-22 06:06:41 [INF] [Volo.Abp.AbpApplicationBase] [18964] [1] -   - ZQH.Abp.Claims.Mapping.AbpClaimsMappingModule
2024-10-22 06:06:41 [INF] [Volo.Abp.AbpApplicationBase] [18964] [1] -   - Volo.Abp.Autofac.AbpAutofacModule
2024-10-22 06:06:43 [INF] [Volo.Abp.AspNetCore.Mvc.Conventions.AbpServiceConvention] [18964] [6] - Removing the controller ZQH.MicroService.BackendAdmin.Controllers.SettingMergeController, ZQH.MicroService.BackendAdmin.HttpApi.Host, Version=1.0.0.0, Culture=neutral, PublicKeyToken=null from the application model since it replaces the controller(s): ZQH.Abp.SettingManagement.SettingController, ZQH.Abp.SettingManagement.HttpApi, Version=8.2.1.0, Culture=neutral, PublicKeyToken=null
2024-10-22 06:06:43 [INF] [Volo.Abp.AspNetCore.Mvc.Conventions.AbpServiceConvention] [18964] [6] - Removing the controller ZQH.MicroService.BackendAdmin.Controllers.UserSettingMergeController, ZQH.MicroService.BackendAdmin.HttpApi.Host, Version=1.0.0.0, Culture=neutral, PublicKeyToken=null from the application model since it replaces the controller(s): ZQH.Abp.SettingManagement.UserSettingController, ZQH.Abp.SettingManagement.HttpApi, Version=8.2.1.0, Culture=neutral, PublicKeyToken=null
2024-10-22 06:06:43 [INF] [Volo.Abp.Modularity.ModuleManager] [18964] [6] - Initialized all ABP modules.
2024-10-22 06:06:44 [INF] [DotNetCore.CAP.Processor.Dispatcher] [18964] [27] - Starting default Dispatcher
2024-10-22 06:06:44 [WRN] [ZQH.Abp.EventBus.CAP.AbpCAPConsumerServiceSelector] [18964] [27] - We detected that you have duplicate subscribers (abp.multi_tenancy.tenant.connection_string.updated) in same group (BackendAdmin.v1), this will cause diversity behavior.
2024-10-22 06:06:44 [INF] [DotNetCore.CAP.Processor.CapProcessingServer] [18964] [27] - Starting the processing server.
2024-10-22 06:06:44 [INF] [DotNetCore.CAP.Internal.ConsumerRegister] [18964] [26] - RabbitMQ consumer registered. --> amq.ctag-V6TCHxDKXVY2cWaIwTA6Wg
2024-10-22 06:06:44 [INF] [DotNetCore.CAP.Internal.ConsumerRegister] [18964] [25] - RabbitMQ consumer registered. --> amq.ctag-FzzCRzoGLSb0gCqbX358cQ
2024-10-22 06:06:45 [INF] [DotNetCore.CAP.Internal.Bootstrapper] [18964] [27] - ### CAP started!
2024-10-22 06:06:48 [WRN] [ZQH.Abp.AuditLogging.Elasticsearch.IndexInitializer] [18964] [34] - Failed to initialize index and audit log may not be retrieved.
2024-10-22 06:06:48 [WRN] [ZQH.Abp.AuditLogging.Elasticsearch.IndexInitializer] [18964] [34] - Elasticsearch.Net.ElasticsearchClientException: The client is unable to verify that the server is Elasticsearch due to an unsuccessful product check call. Some functionality may not be compatible if the server is running an unsupported product. Call: Status code unknown from: GET /
 ---> Elasticsearch.Net.PipelineException: The client is unable to verify that the server is Elasticsearch due to an unsuccessful product check call. Some functionality may not be compatible if the server is running an unsupported product.
 ---> System.Net.Http.HttpRequestException: 由于目标计算机积极拒绝，无法连接。 (127.0.0.1:9200)
 ---> System.Net.Sockets.SocketException (10061): 由于目标计算机积极拒绝，无法连接。
   at System.Net.Sockets.Socket.AwaitableSocketAsyncEventArgs.ThrowException(SocketError error, CancellationToken cancellationToken)
   at System.Net.Sockets.Socket.AwaitableSocketAsyncEventArgs.System.Threading.Tasks.Sources.IValueTaskSource.GetResult(Int16 token)
   at System.Net.Sockets.Socket.<ConnectAsync>g__WaitForConnectWithCancellation|285_0(AwaitableSocketAsyncEventArgs saea, ValueTask connectTask, CancellationToken cancellationToken)
   at System.Net.Http.HttpConnectionPool.ConnectToTcpHostAsync(String host, Int32 port, HttpRequestMessage initialRequest, Boolean async, CancellationToken cancellationToken)
   --- End of inner exception stack trace ---
   at System.Net.Http.HttpConnectionPool.ConnectToTcpHostAsync(String host, Int32 port, HttpRequestMessage initialRequest, Boolean async, CancellationToken cancellationToken)
   at System.Net.Http.HttpConnectionPool.ConnectAsync(HttpRequestMessage request, Boolean async, CancellationToken cancellationToken)
   at System.Net.Http.HttpConnectionPool.CreateHttp11ConnectionAsync(HttpRequestMessage request, Boolean async, CancellationToken cancellationToken)
   at System.Net.Http.HttpConnectionPool.AddHttp11ConnectionAsync(QueueItem queueItem)
   at System.Threading.Tasks.TaskCompletionSourceWithCancellation`1.WaitWithCancellationAsync(CancellationToken cancellationToken)
   at System.Net.Http.HttpConnectionPool.SendWithVersionDetectionAndRetryAsync(HttpRequestMessage request, Boolean async, Boolean doRequestAuth, CancellationToken cancellationToken)
   at System.Net.Http.DiagnosticsHandler.SendAsyncCore(HttpRequestMessage request, Boolean async, CancellationToken cancellationToken)
   at System.Net.Http.RedirectHandler.SendAsync(HttpRequestMessage request, Boolean async, CancellationToken cancellationToken)
   at System.Net.Http.HttpClient.<SendAsync>g__Core|83_0(HttpRequestMessage request, HttpCompletionOption completionOption, CancellationTokenSource cts, Boolean disposeCts, CancellationTokenSource pendingRequestsCts, CancellationToken originalCancellationToken)
   at Elasticsearch.Net.HttpConnection.RequestAsync[TResponse](RequestData requestData, CancellationToken cancellationToken)
   --- End of inner exception stack trace ---
   at Elasticsearch.Net.RequestPipeline.ThrowIfTransientProductCheckFailure()
   at Elasticsearch.Net.RequestPipeline.PingAsync(Node node, CancellationToken cancellationToken)
   at Elasticsearch.Net.Transport`1.PingAsync(IRequestPipeline pipeline, Node node, CancellationToken cancellationToken)
   at Elasticsearch.Net.Transport`1.RequestAsync[TResponse](HttpMethod method, String path, CancellationToken cancellationToken, PostData data, IRequestParameters requestParameters)
   --- End of inner exception stack trace ---
2024-10-22 06:06:52 [WRN] [ZQH.Abp.AuditLogging.Elasticsearch.IndexInitializer] [18964] [6] - Failed to initialize index and security log may not be retrieved.
2024-10-22 06:06:52 [WRN] [ZQH.Abp.AuditLogging.Elasticsearch.IndexInitializer] [18964] [6] - Elasticsearch.Net.ElasticsearchClientException: The client is unable to verify that the server is Elasticsearch due to an unsuccessful product check call. Some functionality may not be compatible if the server is running an unsupported product. Call: Status code unknown from: GET /
 ---> Elasticsearch.Net.PipelineException: The client is unable to verify that the server is Elasticsearch due to an unsuccessful product check call. Some functionality may not be compatible if the server is running an unsupported product.
 ---> System.Net.Http.HttpRequestException: 由于目标计算机积极拒绝，无法连接。 (127.0.0.1:9200)
 ---> System.Net.Sockets.SocketException (10061): 由于目标计算机积极拒绝，无法连接。
   at System.Net.Sockets.Socket.AwaitableSocketAsyncEventArgs.ThrowException(SocketError error, CancellationToken cancellationToken)
   at System.Net.Sockets.Socket.AwaitableSocketAsyncEventArgs.System.Threading.Tasks.Sources.IValueTaskSource.GetResult(Int16 token)
   at System.Net.Sockets.Socket.<ConnectAsync>g__WaitForConnectWithCancellation|285_0(AwaitableSocketAsyncEventArgs saea, ValueTask connectTask, CancellationToken cancellationToken)
   at System.Net.Http.HttpConnectionPool.ConnectToTcpHostAsync(String host, Int32 port, HttpRequestMessage initialRequest, Boolean async, CancellationToken cancellationToken)
   --- End of inner exception stack trace ---
   at System.Net.Http.HttpConnectionPool.ConnectToTcpHostAsync(String host, Int32 port, HttpRequestMessage initialRequest, Boolean async, CancellationToken cancellationToken)
   at System.Net.Http.HttpConnectionPool.ConnectAsync(HttpRequestMessage request, Boolean async, CancellationToken cancellationToken)
   at System.Net.Http.HttpConnectionPool.CreateHttp11ConnectionAsync(HttpRequestMessage request, Boolean async, CancellationToken cancellationToken)
   at System.Net.Http.HttpConnectionPool.AddHttp11ConnectionAsync(QueueItem queueItem)
   at System.Threading.Tasks.TaskCompletionSourceWithCancellation`1.WaitWithCancellationAsync(CancellationToken cancellationToken)
   at System.Net.Http.HttpConnectionPool.SendWithVersionDetectionAndRetryAsync(HttpRequestMessage request, Boolean async, Boolean doRequestAuth, CancellationToken cancellationToken)
   at System.Net.Http.DiagnosticsHandler.SendAsyncCore(HttpRequestMessage request, Boolean async, CancellationToken cancellationToken)
   at System.Net.Http.RedirectHandler.SendAsync(HttpRequestMessage request, Boolean async, CancellationToken cancellationToken)
   at System.Net.Http.HttpClient.<SendAsync>g__Core|83_0(HttpRequestMessage request, HttpCompletionOption completionOption, CancellationTokenSource cts, Boolean disposeCts, CancellationTokenSource pendingRequestsCts, CancellationToken originalCancellationToken)
   at Elasticsearch.Net.HttpConnection.RequestAsync[TResponse](RequestData requestData, CancellationToken cancellationToken)
   --- End of inner exception stack trace ---
   at Elasticsearch.Net.RequestPipeline.ThrowIfTransientProductCheckFailure()
   at Elasticsearch.Net.RequestPipeline.PingAsync(Node node, CancellationToken cancellationToken)
   at Elasticsearch.Net.Transport`1.PingAsync(IRequestPipeline pipeline, Node node, CancellationToken cancellationToken)
   at Elasticsearch.Net.Transport`1.RequestAsync[TResponse](HttpMethod method, String path, CancellationToken cancellationToken, PostData data, IRequestParameters requestParameters)
   --- End of inner exception stack trace ---
2024-10-22 07:06:44 [ERR] [Microsoft.EntityFrameworkCore.Database.Command] [18964] [39] - Failed executing DbCommand (12ms) [Parameters=[@__maxExpirationDate_0='?' (DbType = DateTime)], CommandType='"Text"', CommandTimeout='30']
DELETE `i`
FROM `IdentityServerPersistedGrants` AS `i`
WHERE `i`.`Expiration` IS NOT NULL AND (`i`.`Expiration` < @__maxExpirationDate_0)
2024-10-22 07:06:44 [ERR] [Volo.Abp.IdentityServer.Tokens.TokenCleanupBackgroundWorker] [18964] [39] - Table 'authserver-v8.2.identityserverpersistedgrants' doesn't exist
MySqlConnector.MySqlException (0x80004005): Table 'authserver-v8.2.identityserverpersistedgrants' doesn't exist
   at MySqlConnector.Core.ServerSession.ReceiveReplyAsync(IOBehavior ioBehavior, CancellationToken cancellationToken) in /_/src/MySqlConnector/Core/ServerSession.cs:line 894
   at MySqlConnector.Core.ResultSet.ReadResultSetHeaderAsync(IOBehavior ioBehavior) in /_/src/MySqlConnector/Core/ResultSet.cs:line 37
   at MySqlConnector.MySqlDataReader.ActivateResultSet(CancellationToken cancellationToken) in /_/src/MySqlConnector/MySqlDataReader.cs:line 130
   at MySqlConnector.MySqlDataReader.InitAsync(CommandListPosition commandListPosition, ICommandPayloadCreator payloadCreator, IDictionary`2 cachedProcedures, IMySqlCommand command, CommandBehavior behavior, Activity activity, IOBehavior ioBehavior, CancellationToken cancellationToken) in /_/src/MySqlConnector/MySqlDataReader.cs:line 483
   at MySqlConnector.Core.CommandExecutor.ExecuteReaderAsync(CommandListPosition commandListPosition, ICommandPayloadCreator payloadCreator, CommandBehavior behavior, Activity activity, IOBehavior ioBehavior, CancellationToken cancellationToken) in /_/src/MySqlConnector/Core/CommandExecutor.cs:line 56
   at MySqlConnector.MySqlCommand.ExecuteNonQueryAsync(IOBehavior ioBehavior, CancellationToken cancellationToken) in /_/src/MySqlConnector/MySqlCommand.cs:line 309
   at Microsoft.EntityFrameworkCore.Storage.RelationalCommand.ExecuteNonQueryAsync(RelationalCommandParameterObject parameterObject, CancellationToken cancellationToken)
   at Microsoft.EntityFrameworkCore.Storage.RelationalCommand.ExecuteNonQueryAsync(RelationalCommandParameterObject parameterObject, CancellationToken cancellationToken)
   at Microsoft.EntityFrameworkCore.Storage.RelationalCommand.ExecuteNonQueryAsync(RelationalCommandParameterObject parameterObject, CancellationToken cancellationToken)
   at Pomelo.EntityFrameworkCore.MySql.Storage.Internal.MySqlExecutionStrategy.ExecuteAsync[TState,TResult](TState state, Func`4 operation, Func`4 verifySucceeded, CancellationToken cancellationToken)
   at Volo.Abp.Domain.Repositories.EntityFrameworkCore.EfCoreRepository`2.DeleteDirectAsync(Expression`1 predicate, CancellationToken cancellationToken)
   at Volo.Abp.IdentityServer.Grants.PersistentGrantRepository.DeleteExpirationAsync(DateTime maxExpirationDate, CancellationToken cancellationToken)
   at Castle.DynamicProxy.AsyncInterceptorBase.ProceedAsynchronous(IInvocation invocation, IInvocationProceedInfo proceedInfo)
   at Volo.Abp.Castle.DynamicProxy.CastleAbpMethodInvocationAdapter.ProceedAsync()
   at Volo.Abp.Uow.UnitOfWorkInterceptor.InterceptAsync(IAbpMethodInvocation invocation)
   at Volo.Abp.Castle.DynamicProxy.CastleAsyncAbpInterceptorAdapter`1.InterceptAsync(IInvocation invocation, IInvocationProceedInfo proceedInfo, Func`3 proceed)
   at Volo.Abp.IdentityServer.Tokens.TokenCleanupService.RemoveGrantsAsync()
   at Castle.DynamicProxy.AsyncInterceptorBase.ProceedAsynchronous(IInvocation invocation, IInvocationProceedInfo proceedInfo)
   at Volo.Abp.Castle.DynamicProxy.CastleAbpMethodInvocationAdapter.ProceedAsync()
   at Volo.Abp.Uow.UnitOfWorkInterceptor.InterceptAsync(IAbpMethodInvocation invocation)
   at Volo.Abp.Castle.DynamicProxy.CastleAsyncAbpInterceptorAdapter`1.InterceptAsync(IInvocation invocation, IInvocationProceedInfo proceedInfo, Func`3 proceed)
   at Volo.Abp.IdentityServer.Tokens.TokenCleanupService.CleanAsync()
   at Castle.DynamicProxy.AsyncInterceptorBase.ProceedAsynchronous(IInvocation invocation, IInvocationProceedInfo proceedInfo)
   at Volo.Abp.Castle.DynamicProxy.CastleAbpMethodInvocationAdapter.ProceedAsync()
   at Volo.Abp.Uow.UnitOfWorkInterceptor.InterceptAsync(IAbpMethodInvocation invocation)
   at Volo.Abp.Castle.DynamicProxy.CastleAsyncAbpInterceptorAdapter`1.InterceptAsync(IInvocation invocation, IInvocationProceedInfo proceedInfo, Func`3 proceed)
   at Volo.Abp.IdentityServer.Tokens.TokenCleanupBackgroundWorker.DoWorkAsync(PeriodicBackgroundWorkerContext workerContext)
   at Volo.Abp.BackgroundWorkers.AsyncPeriodicBackgroundWorkerBase.DoWorkAsync(CancellationToken cancellationToken)
2024-10-22 07:06:44 [ERR] [Volo.Abp.IdentityServer.Tokens.TokenCleanupBackgroundWorker] [18964] [39] - ---------- Exception Data ----------
Server Error Code = 1146
SqlState = 42S02

2024-10-22 08:09:10 [ERR] [Microsoft.EntityFrameworkCore.Database.Command] [18964] [10] - Failed executing DbCommand (9ms) [Parameters=[@__maxExpirationDate_0='?' (DbType = DateTime)], CommandType='"Text"', CommandTimeout='30']
DELETE `i`
FROM `IdentityServerPersistedGrants` AS `i`
WHERE `i`.`Expiration` IS NOT NULL AND (`i`.`Expiration` < @__maxExpirationDate_0)
2024-10-22 08:09:10 [ERR] [Volo.Abp.IdentityServer.Tokens.TokenCleanupBackgroundWorker] [18964] [10] - Table 'authserver-v8.2.identityserverpersistedgrants' doesn't exist
MySqlConnector.MySqlException (0x80004005): Table 'authserver-v8.2.identityserverpersistedgrants' doesn't exist
   at MySqlConnector.Core.ServerSession.ReceiveReplyAsync(IOBehavior ioBehavior, CancellationToken cancellationToken) in /_/src/MySqlConnector/Core/ServerSession.cs:line 894
   at MySqlConnector.Core.ResultSet.ReadResultSetHeaderAsync(IOBehavior ioBehavior) in /_/src/MySqlConnector/Core/ResultSet.cs:line 37
   at MySqlConnector.MySqlDataReader.ActivateResultSet(CancellationToken cancellationToken) in /_/src/MySqlConnector/MySqlDataReader.cs:line 130
   at MySqlConnector.MySqlDataReader.InitAsync(CommandListPosition commandListPosition, ICommandPayloadCreator payloadCreator, IDictionary`2 cachedProcedures, IMySqlCommand command, CommandBehavior behavior, Activity activity, IOBehavior ioBehavior, CancellationToken cancellationToken) in /_/src/MySqlConnector/MySqlDataReader.cs:line 483
   at MySqlConnector.Core.CommandExecutor.ExecuteReaderAsync(CommandListPosition commandListPosition, ICommandPayloadCreator payloadCreator, CommandBehavior behavior, Activity activity, IOBehavior ioBehavior, CancellationToken cancellationToken) in /_/src/MySqlConnector/Core/CommandExecutor.cs:line 56
   at MySqlConnector.MySqlCommand.ExecuteNonQueryAsync(IOBehavior ioBehavior, CancellationToken cancellationToken) in /_/src/MySqlConnector/MySqlCommand.cs:line 309
   at Microsoft.EntityFrameworkCore.Storage.RelationalCommand.ExecuteNonQueryAsync(RelationalCommandParameterObject parameterObject, CancellationToken cancellationToken)
   at Microsoft.EntityFrameworkCore.Storage.RelationalCommand.ExecuteNonQueryAsync(RelationalCommandParameterObject parameterObject, CancellationToken cancellationToken)
   at Microsoft.EntityFrameworkCore.Storage.RelationalCommand.ExecuteNonQueryAsync(RelationalCommandParameterObject parameterObject, CancellationToken cancellationToken)
   at Pomelo.EntityFrameworkCore.MySql.Storage.Internal.MySqlExecutionStrategy.ExecuteAsync[TState,TResult](TState state, Func`4 operation, Func`4 verifySucceeded, CancellationToken cancellationToken)
   at Volo.Abp.Domain.Repositories.EntityFrameworkCore.EfCoreRepository`2.DeleteDirectAsync(Expression`1 predicate, CancellationToken cancellationToken)
   at Volo.Abp.IdentityServer.Grants.PersistentGrantRepository.DeleteExpirationAsync(DateTime maxExpirationDate, CancellationToken cancellationToken)
   at Castle.DynamicProxy.AsyncInterceptorBase.ProceedAsynchronous(IInvocation invocation, IInvocationProceedInfo proceedInfo)
   at Volo.Abp.Castle.DynamicProxy.CastleAbpMethodInvocationAdapter.ProceedAsync()
   at Volo.Abp.Uow.UnitOfWorkInterceptor.InterceptAsync(IAbpMethodInvocation invocation)
   at Volo.Abp.Castle.DynamicProxy.CastleAsyncAbpInterceptorAdapter`1.InterceptAsync(IInvocation invocation, IInvocationProceedInfo proceedInfo, Func`3 proceed)
   at Volo.Abp.IdentityServer.Tokens.TokenCleanupService.RemoveGrantsAsync()
   at Castle.DynamicProxy.AsyncInterceptorBase.ProceedAsynchronous(IInvocation invocation, IInvocationProceedInfo proceedInfo)
   at Volo.Abp.Castle.DynamicProxy.CastleAbpMethodInvocationAdapter.ProceedAsync()
   at Volo.Abp.Uow.UnitOfWorkInterceptor.InterceptAsync(IAbpMethodInvocation invocation)
   at Volo.Abp.Castle.DynamicProxy.CastleAsyncAbpInterceptorAdapter`1.InterceptAsync(IInvocation invocation, IInvocationProceedInfo proceedInfo, Func`3 proceed)
   at Volo.Abp.IdentityServer.Tokens.TokenCleanupService.CleanAsync()
   at Castle.DynamicProxy.AsyncInterceptorBase.ProceedAsynchronous(IInvocation invocation, IInvocationProceedInfo proceedInfo)
   at Volo.Abp.Castle.DynamicProxy.CastleAbpMethodInvocationAdapter.ProceedAsync()
   at Volo.Abp.Uow.UnitOfWorkInterceptor.InterceptAsync(IAbpMethodInvocation invocation)
   at Volo.Abp.Castle.DynamicProxy.CastleAsyncAbpInterceptorAdapter`1.InterceptAsync(IInvocation invocation, IInvocationProceedInfo proceedInfo, Func`3 proceed)
   at Volo.Abp.IdentityServer.Tokens.TokenCleanupBackgroundWorker.DoWorkAsync(PeriodicBackgroundWorkerContext workerContext)
   at Volo.Abp.BackgroundWorkers.AsyncPeriodicBackgroundWorkerBase.DoWorkAsync(CancellationToken cancellationToken)
2024-10-22 08:09:10 [ERR] [Volo.Abp.IdentityServer.Tokens.TokenCleanupBackgroundWorker] [18964] [10] - ---------- Exception Data ----------
Server Error Code = 1146
SqlState = 42S02

2024-10-22 11:19:26 [ERR] [Microsoft.EntityFrameworkCore.Database.Command] [18964] [28] - Failed executing DbCommand (6ms) [Parameters=[@__maxExpirationDate_0='?' (DbType = DateTime)], CommandType='"Text"', CommandTimeout='30']
DELETE `i`
FROM `IdentityServerPersistedGrants` AS `i`
WHERE `i`.`Expiration` IS NOT NULL AND (`i`.`Expiration` < @__maxExpirationDate_0)
2024-10-22 11:19:26 [ERR] [Volo.Abp.IdentityServer.Tokens.TokenCleanupBackgroundWorker] [18964] [28] - Table 'authserver-v8.2.identityserverpersistedgrants' doesn't exist
MySqlConnector.MySqlException (0x80004005): Table 'authserver-v8.2.identityserverpersistedgrants' doesn't exist
   at MySqlConnector.Core.ServerSession.ReceiveReplyAsync(IOBehavior ioBehavior, CancellationToken cancellationToken) in /_/src/MySqlConnector/Core/ServerSession.cs:line 894
   at MySqlConnector.Core.ResultSet.ReadResultSetHeaderAsync(IOBehavior ioBehavior) in /_/src/MySqlConnector/Core/ResultSet.cs:line 37
   at MySqlConnector.MySqlDataReader.ActivateResultSet(CancellationToken cancellationToken) in /_/src/MySqlConnector/MySqlDataReader.cs:line 130
   at MySqlConnector.MySqlDataReader.InitAsync(CommandListPosition commandListPosition, ICommandPayloadCreator payloadCreator, IDictionary`2 cachedProcedures, IMySqlCommand command, CommandBehavior behavior, Activity activity, IOBehavior ioBehavior, CancellationToken cancellationToken) in /_/src/MySqlConnector/MySqlDataReader.cs:line 483
   at MySqlConnector.Core.CommandExecutor.ExecuteReaderAsync(CommandListPosition commandListPosition, ICommandPayloadCreator payloadCreator, CommandBehavior behavior, Activity activity, IOBehavior ioBehavior, CancellationToken cancellationToken) in /_/src/MySqlConnector/Core/CommandExecutor.cs:line 56
   at MySqlConnector.MySqlCommand.ExecuteNonQueryAsync(IOBehavior ioBehavior, CancellationToken cancellationToken) in /_/src/MySqlConnector/MySqlCommand.cs:line 309
   at Microsoft.EntityFrameworkCore.Storage.RelationalCommand.ExecuteNonQueryAsync(RelationalCommandParameterObject parameterObject, CancellationToken cancellationToken)
   at Microsoft.EntityFrameworkCore.Storage.RelationalCommand.ExecuteNonQueryAsync(RelationalCommandParameterObject parameterObject, CancellationToken cancellationToken)
   at Microsoft.EntityFrameworkCore.Storage.RelationalCommand.ExecuteNonQueryAsync(RelationalCommandParameterObject parameterObject, CancellationToken cancellationToken)
   at Pomelo.EntityFrameworkCore.MySql.Storage.Internal.MySqlExecutionStrategy.ExecuteAsync[TState,TResult](TState state, Func`4 operation, Func`4 verifySucceeded, CancellationToken cancellationToken)
   at Volo.Abp.Domain.Repositories.EntityFrameworkCore.EfCoreRepository`2.DeleteDirectAsync(Expression`1 predicate, CancellationToken cancellationToken)
   at Volo.Abp.IdentityServer.Grants.PersistentGrantRepository.DeleteExpirationAsync(DateTime maxExpirationDate, CancellationToken cancellationToken)
   at Castle.DynamicProxy.AsyncInterceptorBase.ProceedAsynchronous(IInvocation invocation, IInvocationProceedInfo proceedInfo)
   at Volo.Abp.Castle.DynamicProxy.CastleAbpMethodInvocationAdapter.ProceedAsync()
   at Volo.Abp.Uow.UnitOfWorkInterceptor.InterceptAsync(IAbpMethodInvocation invocation)
   at Volo.Abp.Castle.DynamicProxy.CastleAsyncAbpInterceptorAdapter`1.InterceptAsync(IInvocation invocation, IInvocationProceedInfo proceedInfo, Func`3 proceed)
   at Volo.Abp.IdentityServer.Tokens.TokenCleanupService.RemoveGrantsAsync()
   at Castle.DynamicProxy.AsyncInterceptorBase.ProceedAsynchronous(IInvocation invocation, IInvocationProceedInfo proceedInfo)
   at Volo.Abp.Castle.DynamicProxy.CastleAbpMethodInvocationAdapter.ProceedAsync()
   at Volo.Abp.Uow.UnitOfWorkInterceptor.InterceptAsync(IAbpMethodInvocation invocation)
   at Volo.Abp.Castle.DynamicProxy.CastleAsyncAbpInterceptorAdapter`1.InterceptAsync(IInvocation invocation, IInvocationProceedInfo proceedInfo, Func`3 proceed)
   at Volo.Abp.IdentityServer.Tokens.TokenCleanupService.CleanAsync()
   at Castle.DynamicProxy.AsyncInterceptorBase.ProceedAsynchronous(IInvocation invocation, IInvocationProceedInfo proceedInfo)
   at Volo.Abp.Castle.DynamicProxy.CastleAbpMethodInvocationAdapter.ProceedAsync()
   at Volo.Abp.Uow.UnitOfWorkInterceptor.InterceptAsync(IAbpMethodInvocation invocation)
   at Volo.Abp.Castle.DynamicProxy.CastleAsyncAbpInterceptorAdapter`1.InterceptAsync(IInvocation invocation, IInvocationProceedInfo proceedInfo, Func`3 proceed)
   at Volo.Abp.IdentityServer.Tokens.TokenCleanupBackgroundWorker.DoWorkAsync(PeriodicBackgroundWorkerContext workerContext)
   at Volo.Abp.BackgroundWorkers.AsyncPeriodicBackgroundWorkerBase.DoWorkAsync(CancellationToken cancellationToken)
2024-10-22 11:19:26 [ERR] [Volo.Abp.IdentityServer.Tokens.TokenCleanupBackgroundWorker] [18964] [28] - ---------- Exception Data ----------
Server Error Code = 1146
SqlState = 42S02

2024-10-22 12:19:26 [ERR] [Microsoft.EntityFrameworkCore.Database.Command] [18964] [119] - Failed executing DbCommand (5ms) [Parameters=[@__maxExpirationDate_0='?' (DbType = DateTime)], CommandType='"Text"', CommandTimeout='30']
DELETE `i`
FROM `IdentityServerPersistedGrants` AS `i`
WHERE `i`.`Expiration` IS NOT NULL AND (`i`.`Expiration` < @__maxExpirationDate_0)
2024-10-22 12:19:26 [ERR] [Volo.Abp.IdentityServer.Tokens.TokenCleanupBackgroundWorker] [18964] [119] - Table 'authserver-v8.2.identityserverpersistedgrants' doesn't exist
MySqlConnector.MySqlException (0x80004005): Table 'authserver-v8.2.identityserverpersistedgrants' doesn't exist
   at MySqlConnector.Core.ServerSession.ReceiveReplyAsync(IOBehavior ioBehavior, CancellationToken cancellationToken) in /_/src/MySqlConnector/Core/ServerSession.cs:line 894
   at MySqlConnector.Core.ResultSet.ReadResultSetHeaderAsync(IOBehavior ioBehavior) in /_/src/MySqlConnector/Core/ResultSet.cs:line 37
   at MySqlConnector.MySqlDataReader.ActivateResultSet(CancellationToken cancellationToken) in /_/src/MySqlConnector/MySqlDataReader.cs:line 130
   at MySqlConnector.MySqlDataReader.InitAsync(CommandListPosition commandListPosition, ICommandPayloadCreator payloadCreator, IDictionary`2 cachedProcedures, IMySqlCommand command, CommandBehavior behavior, Activity activity, IOBehavior ioBehavior, CancellationToken cancellationToken) in /_/src/MySqlConnector/MySqlDataReader.cs:line 483
   at MySqlConnector.Core.CommandExecutor.ExecuteReaderAsync(CommandListPosition commandListPosition, ICommandPayloadCreator payloadCreator, CommandBehavior behavior, Activity activity, IOBehavior ioBehavior, CancellationToken cancellationToken) in /_/src/MySqlConnector/Core/CommandExecutor.cs:line 56
   at MySqlConnector.MySqlCommand.ExecuteNonQueryAsync(IOBehavior ioBehavior, CancellationToken cancellationToken) in /_/src/MySqlConnector/MySqlCommand.cs:line 309
   at Microsoft.EntityFrameworkCore.Storage.RelationalCommand.ExecuteNonQueryAsync(RelationalCommandParameterObject parameterObject, CancellationToken cancellationToken)
   at Microsoft.EntityFrameworkCore.Storage.RelationalCommand.ExecuteNonQueryAsync(RelationalCommandParameterObject parameterObject, CancellationToken cancellationToken)
   at Microsoft.EntityFrameworkCore.Storage.RelationalCommand.ExecuteNonQueryAsync(RelationalCommandParameterObject parameterObject, CancellationToken cancellationToken)
   at Pomelo.EntityFrameworkCore.MySql.Storage.Internal.MySqlExecutionStrategy.ExecuteAsync[TState,TResult](TState state, Func`4 operation, Func`4 verifySucceeded, CancellationToken cancellationToken)
   at Volo.Abp.Domain.Repositories.EntityFrameworkCore.EfCoreRepository`2.DeleteDirectAsync(Expression`1 predicate, CancellationToken cancellationToken)
   at Volo.Abp.IdentityServer.Grants.PersistentGrantRepository.DeleteExpirationAsync(DateTime maxExpirationDate, CancellationToken cancellationToken)
   at Castle.DynamicProxy.AsyncInterceptorBase.ProceedAsynchronous(IInvocation invocation, IInvocationProceedInfo proceedInfo)
   at Volo.Abp.Castle.DynamicProxy.CastleAbpMethodInvocationAdapter.ProceedAsync()
   at Volo.Abp.Uow.UnitOfWorkInterceptor.InterceptAsync(IAbpMethodInvocation invocation)
   at Volo.Abp.Castle.DynamicProxy.CastleAsyncAbpInterceptorAdapter`1.InterceptAsync(IInvocation invocation, IInvocationProceedInfo proceedInfo, Func`3 proceed)
   at Volo.Abp.IdentityServer.Tokens.TokenCleanupService.RemoveGrantsAsync()
   at Castle.DynamicProxy.AsyncInterceptorBase.ProceedAsynchronous(IInvocation invocation, IInvocationProceedInfo proceedInfo)
   at Volo.Abp.Castle.DynamicProxy.CastleAbpMethodInvocationAdapter.ProceedAsync()
   at Volo.Abp.Uow.UnitOfWorkInterceptor.InterceptAsync(IAbpMethodInvocation invocation)
   at Volo.Abp.Castle.DynamicProxy.CastleAsyncAbpInterceptorAdapter`1.InterceptAsync(IInvocation invocation, IInvocationProceedInfo proceedInfo, Func`3 proceed)
   at Volo.Abp.IdentityServer.Tokens.TokenCleanupService.CleanAsync()
   at Castle.DynamicProxy.AsyncInterceptorBase.ProceedAsynchronous(IInvocation invocation, IInvocationProceedInfo proceedInfo)
   at Volo.Abp.Castle.DynamicProxy.CastleAbpMethodInvocationAdapter.ProceedAsync()
   at Volo.Abp.Uow.UnitOfWorkInterceptor.InterceptAsync(IAbpMethodInvocation invocation)
   at Volo.Abp.Castle.DynamicProxy.CastleAsyncAbpInterceptorAdapter`1.InterceptAsync(IInvocation invocation, IInvocationProceedInfo proceedInfo, Func`3 proceed)
   at Volo.Abp.IdentityServer.Tokens.TokenCleanupBackgroundWorker.DoWorkAsync(PeriodicBackgroundWorkerContext workerContext)
   at Volo.Abp.BackgroundWorkers.AsyncPeriodicBackgroundWorkerBase.DoWorkAsync(CancellationToken cancellationToken)
2024-10-22 12:19:26 [ERR] [Volo.Abp.IdentityServer.Tokens.TokenCleanupBackgroundWorker] [18964] [119] - ---------- Exception Data ----------
Server Error Code = 1146
SqlState = 42S02

2024-10-22 13:19:26 [ERR] [Microsoft.EntityFrameworkCore.Database.Command] [18964] [25] - Failed executing DbCommand (3ms) [Parameters=[@__maxExpirationDate_0='?' (DbType = DateTime)], CommandType='"Text"', CommandTimeout='30']
DELETE `i`
FROM `IdentityServerPersistedGrants` AS `i`
WHERE `i`.`Expiration` IS NOT NULL AND (`i`.`Expiration` < @__maxExpirationDate_0)
2024-10-22 13:19:27 [ERR] [Volo.Abp.IdentityServer.Tokens.TokenCleanupBackgroundWorker] [18964] [25] - Table 'authserver-v8.2.identityserverpersistedgrants' doesn't exist
MySqlConnector.MySqlException (0x80004005): Table 'authserver-v8.2.identityserverpersistedgrants' doesn't exist
   at MySqlConnector.Core.ServerSession.ReceiveReplyAsync(IOBehavior ioBehavior, CancellationToken cancellationToken) in /_/src/MySqlConnector/Core/ServerSession.cs:line 894
   at MySqlConnector.Core.ResultSet.ReadResultSetHeaderAsync(IOBehavior ioBehavior) in /_/src/MySqlConnector/Core/ResultSet.cs:line 37
   at MySqlConnector.MySqlDataReader.ActivateResultSet(CancellationToken cancellationToken) in /_/src/MySqlConnector/MySqlDataReader.cs:line 130
   at MySqlConnector.MySqlDataReader.InitAsync(CommandListPosition commandListPosition, ICommandPayloadCreator payloadCreator, IDictionary`2 cachedProcedures, IMySqlCommand command, CommandBehavior behavior, Activity activity, IOBehavior ioBehavior, CancellationToken cancellationToken) in /_/src/MySqlConnector/MySqlDataReader.cs:line 483
   at MySqlConnector.Core.CommandExecutor.ExecuteReaderAsync(CommandListPosition commandListPosition, ICommandPayloadCreator payloadCreator, CommandBehavior behavior, Activity activity, IOBehavior ioBehavior, CancellationToken cancellationToken) in /_/src/MySqlConnector/Core/CommandExecutor.cs:line 56
   at MySqlConnector.MySqlCommand.ExecuteNonQueryAsync(IOBehavior ioBehavior, CancellationToken cancellationToken) in /_/src/MySqlConnector/MySqlCommand.cs:line 309
   at Microsoft.EntityFrameworkCore.Storage.RelationalCommand.ExecuteNonQueryAsync(RelationalCommandParameterObject parameterObject, CancellationToken cancellationToken)
   at Microsoft.EntityFrameworkCore.Storage.RelationalCommand.ExecuteNonQueryAsync(RelationalCommandParameterObject parameterObject, CancellationToken cancellationToken)
   at Microsoft.EntityFrameworkCore.Storage.RelationalCommand.ExecuteNonQueryAsync(RelationalCommandParameterObject parameterObject, CancellationToken cancellationToken)
   at Pomelo.EntityFrameworkCore.MySql.Storage.Internal.MySqlExecutionStrategy.ExecuteAsync[TState,TResult](TState state, Func`4 operation, Func`4 verifySucceeded, CancellationToken cancellationToken)
   at Volo.Abp.Domain.Repositories.EntityFrameworkCore.EfCoreRepository`2.DeleteDirectAsync(Expression`1 predicate, CancellationToken cancellationToken)
   at Volo.Abp.IdentityServer.Grants.PersistentGrantRepository.DeleteExpirationAsync(DateTime maxExpirationDate, CancellationToken cancellationToken)
   at Castle.DynamicProxy.AsyncInterceptorBase.ProceedAsynchronous(IInvocation invocation, IInvocationProceedInfo proceedInfo)
   at Volo.Abp.Castle.DynamicProxy.CastleAbpMethodInvocationAdapter.ProceedAsync()
   at Volo.Abp.Uow.UnitOfWorkInterceptor.InterceptAsync(IAbpMethodInvocation invocation)
   at Volo.Abp.Castle.DynamicProxy.CastleAsyncAbpInterceptorAdapter`1.InterceptAsync(IInvocation invocation, IInvocationProceedInfo proceedInfo, Func`3 proceed)
   at Volo.Abp.IdentityServer.Tokens.TokenCleanupService.RemoveGrantsAsync()
   at Castle.DynamicProxy.AsyncInterceptorBase.ProceedAsynchronous(IInvocation invocation, IInvocationProceedInfo proceedInfo)
   at Volo.Abp.Castle.DynamicProxy.CastleAbpMethodInvocationAdapter.ProceedAsync()
   at Volo.Abp.Uow.UnitOfWorkInterceptor.InterceptAsync(IAbpMethodInvocation invocation)
   at Volo.Abp.Castle.DynamicProxy.CastleAsyncAbpInterceptorAdapter`1.InterceptAsync(IInvocation invocation, IInvocationProceedInfo proceedInfo, Func`3 proceed)
   at Volo.Abp.IdentityServer.Tokens.TokenCleanupService.CleanAsync()
   at Castle.DynamicProxy.AsyncInterceptorBase.ProceedAsynchronous(IInvocation invocation, IInvocationProceedInfo proceedInfo)
   at Volo.Abp.Castle.DynamicProxy.CastleAbpMethodInvocationAdapter.ProceedAsync()
   at Volo.Abp.Uow.UnitOfWorkInterceptor.InterceptAsync(IAbpMethodInvocation invocation)
   at Volo.Abp.Castle.DynamicProxy.CastleAsyncAbpInterceptorAdapter`1.InterceptAsync(IInvocation invocation, IInvocationProceedInfo proceedInfo, Func`3 proceed)
   at Volo.Abp.IdentityServer.Tokens.TokenCleanupBackgroundWorker.DoWorkAsync(PeriodicBackgroundWorkerContext workerContext)
   at Volo.Abp.BackgroundWorkers.AsyncPeriodicBackgroundWorkerBase.DoWorkAsync(CancellationToken cancellationToken)
2024-10-22 13:19:27 [ERR] [Volo.Abp.IdentityServer.Tokens.TokenCleanupBackgroundWorker] [18964] [25] - ---------- Exception Data ----------
Server Error Code = 1146
SqlState = 42S02

2024-10-22 13:58:06 [WRN] [DotNetCore.CAP.Internal.ConsumerRegister] [18964] [49] - RabbitMQ consumer cancelled. --> amq.ctag-V6TCHxDKXVY2cWaIwTA6Wg
2024-10-22 18:37:07 [INF] [DotNetCore.CAP.Internal.ConsumerRegister] [18964] [4] - RabbitMQ consumer registered. --> amq.ctag-V6TCHxDKXVY2cWaIwTA6Wg
2024-10-22 18:37:07 [INF] [DotNetCore.CAP.Internal.ConsumerRegister] [18964] [55] - RabbitMQ consumer registered. --> amq.ctag-FzzCRzoGLSb0gCqbX358cQ
2024-10-22 18:37:07 [WRN] [DotNetCore.CAP.Internal.ConsumerRegister] [18964] [49] - RabbitMQ consumer shutdown. --> Unexpected Exception: Unable to read data from the transport connection: 远程主机强迫关闭了一个现有的连接。.
2024-10-22 18:37:08 [WRN] [DotNetCore.CAP.Processor.TransportCheckProcessor] [18964] [71] - Transport connection is unhealthy, reconnection...
2024-10-22 18:37:08 [WRN] [DotNetCore.CAP.Internal.ConsumerRegister] [18964] [55] - RabbitMQ consumer cancelled. --> amq.ctag-FzzCRzoGLSb0gCqbX358cQ
2024-10-22 18:37:08 [WRN] [DotNetCore.CAP.Internal.ConsumerRegister] [18964] [4] - RabbitMQ consumer cancelled. --> 
2024-10-22 18:37:08 [WRN] [DotNetCore.CAP.Internal.ConsumerRegister] [18964] [55] - RabbitMQ consumer shutdown. --> Unexpected Exception: Unable to read data from the transport connection: 远程主机强迫关闭了一个现有的连接。.
2024-10-22 18:37:08 [WRN] [DotNetCore.CAP.Internal.ConsumerRegister] [18964] [4] - RabbitMQ consumer shutdown. --> Goodbye
2024-10-22 18:37:09 [WRN] [DotNetCore.CAP.Internal.ConsumerRegister] [18964] [4] - RabbitMQ consumer cancelled. --> amq.ctag-V6TCHxDKXVY2cWaIwTA6Wg
2024-10-22 18:37:10 [INF] [DotNetCore.CAP.Internal.ConsumerRegister] [18964] [58] - RabbitMQ consumer registered. --> amq.ctag-NZMGaFm-NMR8-t9v-2ccwg
2024-10-22 18:37:10 [INF] [DotNetCore.CAP.Internal.ConsumerRegister] [18964] [49] - RabbitMQ consumer registered. --> amq.ctag-11W8-yyqNi5kodtRhTRzJg
2024-10-22 18:37:10 [WRN] [DotNetCore.CAP.Internal.ConsumerRegister] [18964] [4] - RabbitMQ consumer shutdown. --> Goodbye
