2024-10-18 00:00:36 [ERR] [Microsoft.EntityFrameworkCore.Database.Command] [55480] [181] - Failed executing DbCommand (8ms) [Parameters=[@__maxExpirationDate_0='?' (DbType = DateTime)], CommandType='"Text"', CommandTimeout='30']
DELETE `i`
FROM `IdentityServerPersistedGrants` AS `i`
WHERE `i`.`Expiration` IS NOT NULL AND (`i`.`Expiration` < @__maxExpirationDate_0)
2024-10-18 00:00:36 [ERR] [Volo.Abp.IdentityServer.Tokens.TokenCleanupBackgroundWorker] [55480] [181] - Table 'authserver-v8.2.identityserverpersistedgrants' doesn't exist
MySqlConnector.MySqlException (0x80004005): Table 'authserver-v8.2.identityserverpersistedgrants' doesn't exist
   at MySqlConnector.Core.ServerSession.ReceiveReplyAsync(IOBehavior ioBehavior, CancellationToken cancellationToken) in /_/src/MySqlConnector/Core/ServerSession.cs:line 894
   at MySqlConnector.Core.ResultSet.ReadResultSetHeaderAsync(IOBehavior ioBehavior) in /_/src/MySqlConnector/Core/ResultSet.cs:line 37
   at MySqlConnector.MySqlDataReader.ActivateResultSet(CancellationToken cancellationToken) in /_/src/MySqlConnector/MySqlDataReader.cs:line 130
   at MySqlConnector.MySqlDataReader.InitAsync(CommandListPosition commandListPosition, ICommandPayloadCreator payloadCreator, IDictionary`2 cachedProcedures, IMySqlCommand command, CommandBehavior behavior, Activity activity, IOBehavior ioBehavior, CancellationToken cancellationToken) in /_/src/MySqlConnector/MySqlDataReader.cs:line 483
   at MySqlConnector.Core.CommandExecutor.ExecuteReaderAsync(CommandListPosition commandListPosition, ICommandPayloadCreator payloadCreator, CommandBehavior behavior, Activity activity, IOBehavior ioBehavior, CancellationToken cancellationToken) in /_/src/MySqlConnector/Core/CommandExecutor.cs:line 56
   at MySqlConnector.MySqlCommand.ExecuteNonQueryAsync(IOBehavior ioBehavior, CancellationToken cancellationToken) in /_/src/MySqlConnector/MySqlCommand.cs:line 309
   at Microsoft.EntityFrameworkCore.Storage.RelationalCommand.ExecuteNonQueryAsync(RelationalCommandParameterObject parameterObject, CancellationToken cancellationToken)
   at Microsoft.EntityFrameworkCore.Storage.RelationalCommand.ExecuteNonQueryAsync(RelationalCommandParameterObject parameterObject, CancellationToken cancellationToken)
   at Microsoft.EntityFrameworkCore.Storage.RelationalCommand.ExecuteNonQueryAsync(RelationalCommandParameterObject parameterObject, CancellationToken cancellationToken)
   at Pomelo.EntityFrameworkCore.MySql.Storage.Internal.MySqlExecutionStrategy.ExecuteAsync[TState,TResult](TState state, Func`4 operation, Func`4 verifySucceeded, CancellationToken cancellationToken)
   at Volo.Abp.Domain.Repositories.EntityFrameworkCore.EfCoreRepository`2.DeleteDirectAsync(Expression`1 predicate, CancellationToken cancellationToken)
   at Volo.Abp.IdentityServer.Grants.PersistentGrantRepository.DeleteExpirationAsync(DateTime maxExpirationDate, CancellationToken cancellationToken)
   at Castle.DynamicProxy.AsyncInterceptorBase.ProceedAsynchronous(IInvocation invocation, IInvocationProceedInfo proceedInfo)
   at Volo.Abp.Castle.DynamicProxy.CastleAbpMethodInvocationAdapter.ProceedAsync()
   at Volo.Abp.Uow.UnitOfWorkInterceptor.InterceptAsync(IAbpMethodInvocation invocation)
   at Volo.Abp.Castle.DynamicProxy.CastleAsyncAbpInterceptorAdapter`1.InterceptAsync(IInvocation invocation, IInvocationProceedInfo proceedInfo, Func`3 proceed)
   at Volo.Abp.IdentityServer.Tokens.TokenCleanupService.RemoveGrantsAsync()
   at Castle.DynamicProxy.AsyncInterceptorBase.ProceedAsynchronous(IInvocation invocation, IInvocationProceedInfo proceedInfo)
   at Volo.Abp.Castle.DynamicProxy.CastleAbpMethodInvocationAdapter.ProceedAsync()
   at Volo.Abp.Uow.UnitOfWorkInterceptor.InterceptAsync(IAbpMethodInvocation invocation)
   at Volo.Abp.Castle.DynamicProxy.CastleAsyncAbpInterceptorAdapter`1.InterceptAsync(IInvocation invocation, IInvocationProceedInfo proceedInfo, Func`3 proceed)
   at Volo.Abp.IdentityServer.Tokens.TokenCleanupService.CleanAsync()
   at Castle.DynamicProxy.AsyncInterceptorBase.ProceedAsynchronous(IInvocation invocation, IInvocationProceedInfo proceedInfo)
   at Volo.Abp.Castle.DynamicProxy.CastleAbpMethodInvocationAdapter.ProceedAsync()
   at Volo.Abp.Uow.UnitOfWorkInterceptor.InterceptAsync(IAbpMethodInvocation invocation)
   at Volo.Abp.Castle.DynamicProxy.CastleAsyncAbpInterceptorAdapter`1.InterceptAsync(IInvocation invocation, IInvocationProceedInfo proceedInfo, Func`3 proceed)
   at Volo.Abp.IdentityServer.Tokens.TokenCleanupBackgroundWorker.DoWorkAsync(PeriodicBackgroundWorkerContext workerContext)
   at Volo.Abp.BackgroundWorkers.AsyncPeriodicBackgroundWorkerBase.DoWorkAsync(CancellationToken cancellationToken)
2024-10-18 00:00:36 [ERR] [Volo.Abp.IdentityServer.Tokens.TokenCleanupBackgroundWorker] [55480] [181] - ---------- Exception Data ----------
Server Error Code = 1146
SqlState = 42S02

2024-10-18 00:04:23 [INF] [DotNetCore.CAP.Internal.SubscribeExecutor] [55480] [84] - Executing subscriber method 'IdentitySessionCacheItemSynchronizer.HandleEventAsync' on group 'BackendAdmin.v1'
2024-10-18 00:04:23 [WRN] [Microsoft.AspNetCore.Http.ResponseCookies] [55480] [47] - The cookie 'XSRF-TOKEN' has set 'SameSite=None' and must also set 'Secure'.
2024-10-18 00:04:23 [INF] [DotNetCore.CAP.RabbitMQ.RabbitMQTransport] [55480] [204] - CAP message 'ZQH.Abp.Identity.IdentitySessionEto.Updated' published, internal id '4000999920976465969'
2024-10-18 00:04:23 [INF] [DotNetCore.CAP.Internal.SubscribeExecutor] [55480] [60] - Executed subscriber method 'IdentitySessionCacheItemSynchronizer.HandleEventAsync' on group 'BackendAdmin.v1' with instance 'zqhT16' in 215.5651ms
2024-10-18 00:04:24 [INF] [DotNetCore.CAP.Internal.SubscribeExecutor] [55480] [181] - Executing subscriber method 'IdentitySessionCacheItemSynchronizer.HandleEventAsync' on group 'BackendAdmin.v1'
2024-10-18 00:04:24 [INF] [DotNetCore.CAP.RabbitMQ.RabbitMQTransport] [55480] [84] - CAP message 'ZQH.Abp.Identity.IdentitySessionEto.Updated' published, internal id '4000999920976465971'
2024-10-18 00:04:24 [INF] [DotNetCore.CAP.Internal.SubscribeExecutor] [55480] [205] - Executed subscriber method 'IdentitySessionCacheItemSynchronizer.HandleEventAsync' on group 'BackendAdmin.v1' with instance 'zqhT16' in 75.0976ms
2024-10-18 00:04:35 [WRN] [Microsoft.AspNetCore.Http.ResponseCookies] [55480] [205] - The cookie 'XSRF-TOKEN' has set 'SameSite=None' and must also set 'Secure'.
2024-10-18 00:04:40 [WRN] [Volo.Abp.AspNetCore.Mvc.AspNetCoreApiDescriptionModelProvider] [55480] [211] - Controller 'TextTemplateContent' contains more than one action with name 'GetAsyncByInput' for module 'text-templating'. Ignored: System.Threading.Tasks.Task`1[ZQH.Abp.TextTemplating.TextTemplateContentDto] GetAsync(ZQH.Abp.TextTemplating.TextTemplateContentGetInput)
2024-10-18 00:04:41 [WRN] [Microsoft.AspNetCore.Http.ResponseCookies] [55480] [211] - The cookie 'XSRF-TOKEN' has set 'SameSite=None' and must also set 'Secure'.
2024-10-18 00:36:51 [INF] [DotNetCore.CAP.Internal.SubscribeExecutor] [55480] [189] - Executing subscriber method 'IdentitySessionCacheItemSynchronizer.HandleEventAsync' on group 'BackendAdmin.v1'
2024-10-18 00:36:51 [INF] [DotNetCore.CAP.RabbitMQ.RabbitMQTransport] [55480] [189] - CAP message 'ZQH.Abp.Identity.IdentitySessionEto.Updated' published, internal id '4000999920976465973'
2024-10-18 00:36:51 [INF] [DotNetCore.CAP.Internal.SubscribeExecutor] [55480] [187] - Executed subscriber method 'IdentitySessionCacheItemSynchronizer.HandleEventAsync' on group 'BackendAdmin.v1' with instance 'zqhT16' in 102.1714ms
2024-10-18 00:36:51 [INF] [DotNetCore.CAP.Internal.SubscribeExecutor] [55480] [187] - Executing subscriber method 'IdentitySessionCacheItemSynchronizer.HandleEventAsync' on group 'BackendAdmin.v1'
2024-10-18 00:36:51 [INF] [DotNetCore.CAP.RabbitMQ.RabbitMQTransport] [55480] [189] - CAP message 'ZQH.Abp.Identity.IdentitySessionEto.Updated' published, internal id '4000999920976465975'
2024-10-18 00:36:51 [INF] [DotNetCore.CAP.Internal.SubscribeExecutor] [55480] [189] - Executed subscriber method 'IdentitySessionCacheItemSynchronizer.HandleEventAsync' on group 'BackendAdmin.v1' with instance 'zqhT16' in 64.0533ms
2024-10-18 00:57:10 [INF] [DotNetCore.CAP.Internal.SubscribeExecutor] [55480] [261] - Executing subscriber method 'IdentitySessionCacheItemSynchronizer.HandleEventAsync' on group 'BackendAdmin.v1'
2024-10-18 00:57:10 [INF] [DotNetCore.CAP.RabbitMQ.RabbitMQTransport] [55480] [155] - CAP message 'ZQH.Abp.Identity.IdentitySessionEto.Updated' published, internal id '4000999920976465977'
2024-10-18 00:57:10 [INF] [DotNetCore.CAP.Internal.SubscribeExecutor] [55480] [158] - Executed subscriber method 'IdentitySessionCacheItemSynchronizer.HandleEventAsync' on group 'BackendAdmin.v1' with instance 'zqhT16' in 49.2384ms
2024-10-18 00:57:10 [INF] [DotNetCore.CAP.Internal.SubscribeExecutor] [55480] [246] - Executing subscriber method 'IdentitySessionCacheItemSynchronizer.HandleEventAsync' on group 'BackendAdmin.v1'
2024-10-18 00:57:10 [INF] [DotNetCore.CAP.RabbitMQ.RabbitMQTransport] [55480] [155] - CAP message 'ZQH.Abp.Identity.IdentitySessionEto.Updated' published, internal id '4000999920976465979'
2024-10-18 00:57:10 [INF] [DotNetCore.CAP.Internal.SubscribeExecutor] [55480] [36] - Executed subscriber method 'IdentitySessionCacheItemSynchronizer.HandleEventAsync' on group 'BackendAdmin.v1' with instance 'zqhT16' in 39.5739ms
2024-10-18 01:00:37 [ERR] [Microsoft.EntityFrameworkCore.Database.Command] [55480] [157] - Failed executing DbCommand (5ms) [Parameters=[@__maxExpirationDate_0='?' (DbType = DateTime)], CommandType='"Text"', CommandTimeout='30']
DELETE `i`
FROM `IdentityServerPersistedGrants` AS `i`
WHERE `i`.`Expiration` IS NOT NULL AND (`i`.`Expiration` < @__maxExpirationDate_0)
2024-10-18 01:00:37 [ERR] [Volo.Abp.IdentityServer.Tokens.TokenCleanupBackgroundWorker] [55480] [157] - Table 'authserver-v8.2.identityserverpersistedgrants' doesn't exist
MySqlConnector.MySqlException (0x80004005): Table 'authserver-v8.2.identityserverpersistedgrants' doesn't exist
   at MySqlConnector.Core.ServerSession.ReceiveReplyAsync(IOBehavior ioBehavior, CancellationToken cancellationToken) in /_/src/MySqlConnector/Core/ServerSession.cs:line 894
   at MySqlConnector.Core.ResultSet.ReadResultSetHeaderAsync(IOBehavior ioBehavior) in /_/src/MySqlConnector/Core/ResultSet.cs:line 37
   at MySqlConnector.MySqlDataReader.ActivateResultSet(CancellationToken cancellationToken) in /_/src/MySqlConnector/MySqlDataReader.cs:line 130
   at MySqlConnector.MySqlDataReader.InitAsync(CommandListPosition commandListPosition, ICommandPayloadCreator payloadCreator, IDictionary`2 cachedProcedures, IMySqlCommand command, CommandBehavior behavior, Activity activity, IOBehavior ioBehavior, CancellationToken cancellationToken) in /_/src/MySqlConnector/MySqlDataReader.cs:line 483
   at MySqlConnector.Core.CommandExecutor.ExecuteReaderAsync(CommandListPosition commandListPosition, ICommandPayloadCreator payloadCreator, CommandBehavior behavior, Activity activity, IOBehavior ioBehavior, CancellationToken cancellationToken) in /_/src/MySqlConnector/Core/CommandExecutor.cs:line 56
   at MySqlConnector.MySqlCommand.ExecuteNonQueryAsync(IOBehavior ioBehavior, CancellationToken cancellationToken) in /_/src/MySqlConnector/MySqlCommand.cs:line 309
   at Microsoft.EntityFrameworkCore.Storage.RelationalCommand.ExecuteNonQueryAsync(RelationalCommandParameterObject parameterObject, CancellationToken cancellationToken)
   at Microsoft.EntityFrameworkCore.Storage.RelationalCommand.ExecuteNonQueryAsync(RelationalCommandParameterObject parameterObject, CancellationToken cancellationToken)
   at Microsoft.EntityFrameworkCore.Storage.RelationalCommand.ExecuteNonQueryAsync(RelationalCommandParameterObject parameterObject, CancellationToken cancellationToken)
   at Pomelo.EntityFrameworkCore.MySql.Storage.Internal.MySqlExecutionStrategy.ExecuteAsync[TState,TResult](TState state, Func`4 operation, Func`4 verifySucceeded, CancellationToken cancellationToken)
   at Volo.Abp.Domain.Repositories.EntityFrameworkCore.EfCoreRepository`2.DeleteDirectAsync(Expression`1 predicate, CancellationToken cancellationToken)
   at Volo.Abp.IdentityServer.Grants.PersistentGrantRepository.DeleteExpirationAsync(DateTime maxExpirationDate, CancellationToken cancellationToken)
   at Castle.DynamicProxy.AsyncInterceptorBase.ProceedAsynchronous(IInvocation invocation, IInvocationProceedInfo proceedInfo)
   at Volo.Abp.Castle.DynamicProxy.CastleAbpMethodInvocationAdapter.ProceedAsync()
   at Volo.Abp.Uow.UnitOfWorkInterceptor.InterceptAsync(IAbpMethodInvocation invocation)
   at Volo.Abp.Castle.DynamicProxy.CastleAsyncAbpInterceptorAdapter`1.InterceptAsync(IInvocation invocation, IInvocationProceedInfo proceedInfo, Func`3 proceed)
   at Volo.Abp.IdentityServer.Tokens.TokenCleanupService.RemoveGrantsAsync()
   at Castle.DynamicProxy.AsyncInterceptorBase.ProceedAsynchronous(IInvocation invocation, IInvocationProceedInfo proceedInfo)
   at Volo.Abp.Castle.DynamicProxy.CastleAbpMethodInvocationAdapter.ProceedAsync()
   at Volo.Abp.Uow.UnitOfWorkInterceptor.InterceptAsync(IAbpMethodInvocation invocation)
   at Volo.Abp.Castle.DynamicProxy.CastleAsyncAbpInterceptorAdapter`1.InterceptAsync(IInvocation invocation, IInvocationProceedInfo proceedInfo, Func`3 proceed)
   at Volo.Abp.IdentityServer.Tokens.TokenCleanupService.CleanAsync()
   at Castle.DynamicProxy.AsyncInterceptorBase.ProceedAsynchronous(IInvocation invocation, IInvocationProceedInfo proceedInfo)
   at Volo.Abp.Castle.DynamicProxy.CastleAbpMethodInvocationAdapter.ProceedAsync()
   at Volo.Abp.Uow.UnitOfWorkInterceptor.InterceptAsync(IAbpMethodInvocation invocation)
   at Volo.Abp.Castle.DynamicProxy.CastleAsyncAbpInterceptorAdapter`1.InterceptAsync(IInvocation invocation, IInvocationProceedInfo proceedInfo, Func`3 proceed)
   at Volo.Abp.IdentityServer.Tokens.TokenCleanupBackgroundWorker.DoWorkAsync(PeriodicBackgroundWorkerContext workerContext)
   at Volo.Abp.BackgroundWorkers.AsyncPeriodicBackgroundWorkerBase.DoWorkAsync(CancellationToken cancellationToken)
2024-10-18 01:00:37 [ERR] [Volo.Abp.IdentityServer.Tokens.TokenCleanupBackgroundWorker] [55480] [157] - ---------- Exception Data ----------
Server Error Code = 1146
SqlState = 42S02

2024-10-18 02:00:38 [ERR] [Microsoft.EntityFrameworkCore.Database.Command] [55480] [191] - Failed executing DbCommand (16ms) [Parameters=[@__maxExpirationDate_0='?' (DbType = DateTime)], CommandType='"Text"', CommandTimeout='30']
DELETE `i`
FROM `IdentityServerPersistedGrants` AS `i`
WHERE `i`.`Expiration` IS NOT NULL AND (`i`.`Expiration` < @__maxExpirationDate_0)
2024-10-18 02:00:38 [ERR] [Volo.Abp.IdentityServer.Tokens.TokenCleanupBackgroundWorker] [55480] [191] - Table 'authserver-v8.2.identityserverpersistedgrants' doesn't exist
MySqlConnector.MySqlException (0x80004005): Table 'authserver-v8.2.identityserverpersistedgrants' doesn't exist
   at MySqlConnector.Core.ServerSession.ReceiveReplyAsync(IOBehavior ioBehavior, CancellationToken cancellationToken) in /_/src/MySqlConnector/Core/ServerSession.cs:line 894
   at MySqlConnector.Core.ResultSet.ReadResultSetHeaderAsync(IOBehavior ioBehavior) in /_/src/MySqlConnector/Core/ResultSet.cs:line 37
   at MySqlConnector.MySqlDataReader.ActivateResultSet(CancellationToken cancellationToken) in /_/src/MySqlConnector/MySqlDataReader.cs:line 130
   at MySqlConnector.MySqlDataReader.InitAsync(CommandListPosition commandListPosition, ICommandPayloadCreator payloadCreator, IDictionary`2 cachedProcedures, IMySqlCommand command, CommandBehavior behavior, Activity activity, IOBehavior ioBehavior, CancellationToken cancellationToken) in /_/src/MySqlConnector/MySqlDataReader.cs:line 483
   at MySqlConnector.Core.CommandExecutor.ExecuteReaderAsync(CommandListPosition commandListPosition, ICommandPayloadCreator payloadCreator, CommandBehavior behavior, Activity activity, IOBehavior ioBehavior, CancellationToken cancellationToken) in /_/src/MySqlConnector/Core/CommandExecutor.cs:line 56
   at MySqlConnector.MySqlCommand.ExecuteNonQueryAsync(IOBehavior ioBehavior, CancellationToken cancellationToken) in /_/src/MySqlConnector/MySqlCommand.cs:line 309
   at Microsoft.EntityFrameworkCore.Storage.RelationalCommand.ExecuteNonQueryAsync(RelationalCommandParameterObject parameterObject, CancellationToken cancellationToken)
   at Microsoft.EntityFrameworkCore.Storage.RelationalCommand.ExecuteNonQueryAsync(RelationalCommandParameterObject parameterObject, CancellationToken cancellationToken)
   at Microsoft.EntityFrameworkCore.Storage.RelationalCommand.ExecuteNonQueryAsync(RelationalCommandParameterObject parameterObject, CancellationToken cancellationToken)
   at Pomelo.EntityFrameworkCore.MySql.Storage.Internal.MySqlExecutionStrategy.ExecuteAsync[TState,TResult](TState state, Func`4 operation, Func`4 verifySucceeded, CancellationToken cancellationToken)
   at Volo.Abp.Domain.Repositories.EntityFrameworkCore.EfCoreRepository`2.DeleteDirectAsync(Expression`1 predicate, CancellationToken cancellationToken)
   at Volo.Abp.IdentityServer.Grants.PersistentGrantRepository.DeleteExpirationAsync(DateTime maxExpirationDate, CancellationToken cancellationToken)
   at Castle.DynamicProxy.AsyncInterceptorBase.ProceedAsynchronous(IInvocation invocation, IInvocationProceedInfo proceedInfo)
   at Volo.Abp.Castle.DynamicProxy.CastleAbpMethodInvocationAdapter.ProceedAsync()
   at Volo.Abp.Uow.UnitOfWorkInterceptor.InterceptAsync(IAbpMethodInvocation invocation)
   at Volo.Abp.Castle.DynamicProxy.CastleAsyncAbpInterceptorAdapter`1.InterceptAsync(IInvocation invocation, IInvocationProceedInfo proceedInfo, Func`3 proceed)
   at Volo.Abp.IdentityServer.Tokens.TokenCleanupService.RemoveGrantsAsync()
   at Castle.DynamicProxy.AsyncInterceptorBase.ProceedAsynchronous(IInvocation invocation, IInvocationProceedInfo proceedInfo)
   at Volo.Abp.Castle.DynamicProxy.CastleAbpMethodInvocationAdapter.ProceedAsync()
   at Volo.Abp.Uow.UnitOfWorkInterceptor.InterceptAsync(IAbpMethodInvocation invocation)
   at Volo.Abp.Castle.DynamicProxy.CastleAsyncAbpInterceptorAdapter`1.InterceptAsync(IInvocation invocation, IInvocationProceedInfo proceedInfo, Func`3 proceed)
   at Volo.Abp.IdentityServer.Tokens.TokenCleanupService.CleanAsync()
   at Castle.DynamicProxy.AsyncInterceptorBase.ProceedAsynchronous(IInvocation invocation, IInvocationProceedInfo proceedInfo)
   at Volo.Abp.Castle.DynamicProxy.CastleAbpMethodInvocationAdapter.ProceedAsync()
   at Volo.Abp.Uow.UnitOfWorkInterceptor.InterceptAsync(IAbpMethodInvocation invocation)
   at Volo.Abp.Castle.DynamicProxy.CastleAsyncAbpInterceptorAdapter`1.InterceptAsync(IInvocation invocation, IInvocationProceedInfo proceedInfo, Func`3 proceed)
   at Volo.Abp.IdentityServer.Tokens.TokenCleanupBackgroundWorker.DoWorkAsync(PeriodicBackgroundWorkerContext workerContext)
   at Volo.Abp.BackgroundWorkers.AsyncPeriodicBackgroundWorkerBase.DoWorkAsync(CancellationToken cancellationToken)
2024-10-18 02:00:38 [ERR] [Volo.Abp.IdentityServer.Tokens.TokenCleanupBackgroundWorker] [55480] [191] - ---------- Exception Data ----------
Server Error Code = 1146
SqlState = 42S02

2024-10-18 02:35:47 [WRN] [Microsoft.AspNetCore.Http.ResponseCookies] [55480] [96] - The cookie 'XSRF-TOKEN' has set 'SameSite=None' and must also set 'Secure'.
2024-10-18 02:35:47 [INF] [DotNetCore.CAP.Internal.SubscribeExecutor] [55480] [94] - Executing subscriber method 'IdentitySessionCacheItemSynchronizer.HandleEventAsync' on group 'BackendAdmin.v1'
2024-10-18 02:35:47 [INF] [DotNetCore.CAP.RabbitMQ.RabbitMQTransport] [55480] [239] - CAP message 'ZQH.Abp.Identity.IdentitySessionEto.Updated' published, internal id '4000999920976465981'
2024-10-18 02:35:47 [INF] [DotNetCore.CAP.Internal.SubscribeExecutor] [55480] [232] - Executed subscriber method 'IdentitySessionCacheItemSynchronizer.HandleEventAsync' on group 'BackendAdmin.v1' with instance 'zqhT16' in 35.3766ms
2024-10-18 02:35:50 [WRN] [Volo.Abp.AspNetCore.Mvc.AspNetCoreApiDescriptionModelProvider] [55480] [232] - Controller 'TextTemplateContent' contains more than one action with name 'GetAsyncByInput' for module 'text-templating'. Ignored: System.Threading.Tasks.Task`1[ZQH.Abp.TextTemplating.TextTemplateContentDto] GetAsync(ZQH.Abp.TextTemplating.TextTemplateContentGetInput)
2024-10-18 02:35:56 [INF] [DotNetCore.CAP.Internal.SubscribeExecutor] [55480] [194] - Executing subscriber method 'IdentitySessionCacheItemSynchronizer.HandleEventAsync' on group 'BackendAdmin.v1'
2024-10-18 02:35:56 [INF] [DotNetCore.CAP.Internal.SubscribeExecutor] [55480] [194] - Executed subscriber method 'IdentitySessionCacheItemSynchronizer.HandleEventAsync' on group 'BackendAdmin.v1' with instance 'zqhT16' in 5.0646ms
2024-10-18 02:35:56 [WRN] [Microsoft.AspNetCore.Http.ResponseCookies] [55480] [87] - The cookie 'XSRF-TOKEN' has set 'SameSite=None' and must also set 'Secure'.
2024-10-18 02:36:36 [WRN] [Microsoft.AspNetCore.Http.ResponseCookies] [55480] [187] - The cookie 'XSRF-TOKEN' has set 'SameSite=None' and must also set 'Secure'.
2024-10-18 02:36:40 [WRN] [Volo.Abp.AspNetCore.Mvc.AspNetCoreApiDescriptionModelProvider] [55480] [35] - Controller 'TextTemplateContent' contains more than one action with name 'GetAsyncByInput' for module 'text-templating'. Ignored: System.Threading.Tasks.Task`1[ZQH.Abp.TextTemplating.TextTemplateContentDto] GetAsync(ZQH.Abp.TextTemplating.TextTemplateContentGetInput)
2024-10-18 02:50:19 [INF] [DotNetCore.CAP.Internal.SubscribeExecutor] [55480] [92] - Executing subscriber method 'IdentitySessionCacheItemSynchronizer.HandleEventAsync' on group 'BackendAdmin.v1'
2024-10-18 02:50:19 [INF] [DotNetCore.CAP.RabbitMQ.RabbitMQTransport] [55480] [203] - CAP message 'ZQH.Abp.Identity.IdentitySessionEto.Updated' published, internal id '4000999920976465984'
2024-10-18 02:50:19 [INF] [DotNetCore.CAP.Internal.SubscribeExecutor] [55480] [182] - Executed subscriber method 'IdentitySessionCacheItemSynchronizer.HandleEventAsync' on group 'BackendAdmin.v1' with instance 'zqhT16' in 46.7174ms
2024-10-18 02:50:19 [INF] [DotNetCore.CAP.Internal.SubscribeExecutor] [55480] [211] - Executing subscriber method 'IdentitySessionCacheItemSynchronizer.HandleEventAsync' on group 'BackendAdmin.v1'
2024-10-18 02:50:19 [INF] [DotNetCore.CAP.RabbitMQ.RabbitMQTransport] [55480] [182] - CAP message 'ZQH.Abp.Identity.IdentitySessionEto.Updated' published, internal id '4000999920976465986'
2024-10-18 02:50:19 [INF] [DotNetCore.CAP.Internal.SubscribeExecutor] [55480] [182] - Executed subscriber method 'IdentitySessionCacheItemSynchronizer.HandleEventAsync' on group 'BackendAdmin.v1' with instance 'zqhT16' in 24.678ms
2024-10-18 03:00:38 [ERR] [Microsoft.EntityFrameworkCore.Database.Command] [55480] [28] - Failed executing DbCommand (12ms) [Parameters=[@__maxExpirationDate_0='?' (DbType = DateTime)], CommandType='"Text"', CommandTimeout='30']
DELETE `i`
FROM `IdentityServerPersistedGrants` AS `i`
WHERE `i`.`Expiration` IS NOT NULL AND (`i`.`Expiration` < @__maxExpirationDate_0)
2024-10-18 03:00:38 [ERR] [Volo.Abp.IdentityServer.Tokens.TokenCleanupBackgroundWorker] [55480] [28] - Table 'authserver-v8.2.identityserverpersistedgrants' doesn't exist
MySqlConnector.MySqlException (0x80004005): Table 'authserver-v8.2.identityserverpersistedgrants' doesn't exist
   at MySqlConnector.Core.ServerSession.ReceiveReplyAsync(IOBehavior ioBehavior, CancellationToken cancellationToken) in /_/src/MySqlConnector/Core/ServerSession.cs:line 894
   at MySqlConnector.Core.ResultSet.ReadResultSetHeaderAsync(IOBehavior ioBehavior) in /_/src/MySqlConnector/Core/ResultSet.cs:line 37
   at MySqlConnector.MySqlDataReader.ActivateResultSet(CancellationToken cancellationToken) in /_/src/MySqlConnector/MySqlDataReader.cs:line 130
   at MySqlConnector.MySqlDataReader.InitAsync(CommandListPosition commandListPosition, ICommandPayloadCreator payloadCreator, IDictionary`2 cachedProcedures, IMySqlCommand command, CommandBehavior behavior, Activity activity, IOBehavior ioBehavior, CancellationToken cancellationToken) in /_/src/MySqlConnector/MySqlDataReader.cs:line 483
   at MySqlConnector.Core.CommandExecutor.ExecuteReaderAsync(CommandListPosition commandListPosition, ICommandPayloadCreator payloadCreator, CommandBehavior behavior, Activity activity, IOBehavior ioBehavior, CancellationToken cancellationToken) in /_/src/MySqlConnector/Core/CommandExecutor.cs:line 56
   at MySqlConnector.MySqlCommand.ExecuteNonQueryAsync(IOBehavior ioBehavior, CancellationToken cancellationToken) in /_/src/MySqlConnector/MySqlCommand.cs:line 309
   at Microsoft.EntityFrameworkCore.Storage.RelationalCommand.ExecuteNonQueryAsync(RelationalCommandParameterObject parameterObject, CancellationToken cancellationToken)
   at Microsoft.EntityFrameworkCore.Storage.RelationalCommand.ExecuteNonQueryAsync(RelationalCommandParameterObject parameterObject, CancellationToken cancellationToken)
   at Microsoft.EntityFrameworkCore.Storage.RelationalCommand.ExecuteNonQueryAsync(RelationalCommandParameterObject parameterObject, CancellationToken cancellationToken)
   at Pomelo.EntityFrameworkCore.MySql.Storage.Internal.MySqlExecutionStrategy.ExecuteAsync[TState,TResult](TState state, Func`4 operation, Func`4 verifySucceeded, CancellationToken cancellationToken)
   at Volo.Abp.Domain.Repositories.EntityFrameworkCore.EfCoreRepository`2.DeleteDirectAsync(Expression`1 predicate, CancellationToken cancellationToken)
   at Volo.Abp.IdentityServer.Grants.PersistentGrantRepository.DeleteExpirationAsync(DateTime maxExpirationDate, CancellationToken cancellationToken)
   at Castle.DynamicProxy.AsyncInterceptorBase.ProceedAsynchronous(IInvocation invocation, IInvocationProceedInfo proceedInfo)
   at Volo.Abp.Castle.DynamicProxy.CastleAbpMethodInvocationAdapter.ProceedAsync()
   at Volo.Abp.Uow.UnitOfWorkInterceptor.InterceptAsync(IAbpMethodInvocation invocation)
   at Volo.Abp.Castle.DynamicProxy.CastleAsyncAbpInterceptorAdapter`1.InterceptAsync(IInvocation invocation, IInvocationProceedInfo proceedInfo, Func`3 proceed)
   at Volo.Abp.IdentityServer.Tokens.TokenCleanupService.RemoveGrantsAsync()
   at Castle.DynamicProxy.AsyncInterceptorBase.ProceedAsynchronous(IInvocation invocation, IInvocationProceedInfo proceedInfo)
   at Volo.Abp.Castle.DynamicProxy.CastleAbpMethodInvocationAdapter.ProceedAsync()
   at Volo.Abp.Uow.UnitOfWorkInterceptor.InterceptAsync(IAbpMethodInvocation invocation)
   at Volo.Abp.Castle.DynamicProxy.CastleAsyncAbpInterceptorAdapter`1.InterceptAsync(IInvocation invocation, IInvocationProceedInfo proceedInfo, Func`3 proceed)
   at Volo.Abp.IdentityServer.Tokens.TokenCleanupService.CleanAsync()
   at Castle.DynamicProxy.AsyncInterceptorBase.ProceedAsynchronous(IInvocation invocation, IInvocationProceedInfo proceedInfo)
   at Volo.Abp.Castle.DynamicProxy.CastleAbpMethodInvocationAdapter.ProceedAsync()
   at Volo.Abp.Uow.UnitOfWorkInterceptor.InterceptAsync(IAbpMethodInvocation invocation)
   at Volo.Abp.Castle.DynamicProxy.CastleAsyncAbpInterceptorAdapter`1.InterceptAsync(IInvocation invocation, IInvocationProceedInfo proceedInfo, Func`3 proceed)
   at Volo.Abp.IdentityServer.Tokens.TokenCleanupBackgroundWorker.DoWorkAsync(PeriodicBackgroundWorkerContext workerContext)
   at Volo.Abp.BackgroundWorkers.AsyncPeriodicBackgroundWorkerBase.DoWorkAsync(CancellationToken cancellationToken)
2024-10-18 03:00:38 [ERR] [Volo.Abp.IdentityServer.Tokens.TokenCleanupBackgroundWorker] [55480] [28] - ---------- Exception Data ----------
Server Error Code = 1146
SqlState = 42S02

2024-10-18 03:26:24 [INF] [DotNetCore.CAP.Internal.SubscribeExecutor] [55480] [208] - Executing subscriber method 'IdentitySessionCacheItemSynchronizer.HandleEventAsync' on group 'BackendAdmin.v1'
2024-10-18 03:26:24 [WRN] [Microsoft.AspNetCore.Http.ResponseCookies] [55480] [89] - The cookie 'XSRF-TOKEN' has set 'SameSite=None' and must also set 'Secure'.
2024-10-18 03:26:24 [INF] [DotNetCore.CAP.RabbitMQ.RabbitMQTransport] [55480] [190] - CAP message 'ZQH.Abp.Identity.IdentitySessionEto.Updated' published, internal id '4000999920976465988'
2024-10-18 03:26:24 [INF] [DotNetCore.CAP.Internal.SubscribeExecutor] [55480] [89] - Executed subscriber method 'IdentitySessionCacheItemSynchronizer.HandleEventAsync' on group 'BackendAdmin.v1' with instance 'zqhT16' in 41.6611ms
2024-10-18 03:26:24 [INF] [DotNetCore.CAP.Internal.SubscribeExecutor] [55480] [81] - Executing subscriber method 'IdentitySessionCacheItemSynchronizer.HandleEventAsync' on group 'BackendAdmin.v1'
2024-10-18 03:26:24 [INF] [DotNetCore.CAP.RabbitMQ.RabbitMQTransport] [55480] [213] - CAP message 'ZQH.Abp.Identity.IdentitySessionEto.Updated' published, internal id '4000999920976465990'
2024-10-18 03:26:24 [INF] [DotNetCore.CAP.Internal.SubscribeExecutor] [55480] [28] - Executed subscriber method 'IdentitySessionCacheItemSynchronizer.HandleEventAsync' on group 'BackendAdmin.v1' with instance 'zqhT16' in 40.4297ms
2024-10-18 03:26:26 [WRN] [Volo.Abp.AspNetCore.Mvc.AspNetCoreApiDescriptionModelProvider] [55480] [81] - Controller 'TextTemplateContent' contains more than one action with name 'GetAsyncByInput' for module 'text-templating'. Ignored: System.Threading.Tasks.Task`1[ZQH.Abp.TextTemplating.TextTemplateContentDto] GetAsync(ZQH.Abp.TextTemplating.TextTemplateContentGetInput)
2024-10-18 03:38:02 [INF] [DotNetCore.CAP.Internal.SubscribeExecutor] [55480] [161] - Executing subscriber method 'IdentitySessionCacheItemSynchronizer.HandleEventAsync' on group 'BackendAdmin.v1'
2024-10-18 03:38:03 [INF] [DotNetCore.CAP.RabbitMQ.RabbitMQTransport] [55480] [166] - CAP message 'ZQH.Abp.Identity.IdentitySessionEto.Updated' published, internal id '4000999920976465992'
2024-10-18 03:38:03 [INF] [DotNetCore.CAP.Internal.SubscribeExecutor] [55480] [189] - Executed subscriber method 'IdentitySessionCacheItemSynchronizer.HandleEventAsync' on group 'BackendAdmin.v1' with instance 'zqhT16' in 76.2239ms
2024-10-18 03:38:03 [WRN] [Microsoft.AspNetCore.Http.ResponseCookies] [55480] [166] - The cookie 'XSRF-TOKEN' has set 'SameSite=None' and must also set 'Secure'.
2024-10-18 03:38:05 [WRN] [Volo.Abp.AspNetCore.Mvc.AspNetCoreApiDescriptionModelProvider] [55480] [87] - Controller 'TextTemplateContent' contains more than one action with name 'GetAsyncByInput' for module 'text-templating'. Ignored: System.Threading.Tasks.Task`1[ZQH.Abp.TextTemplating.TextTemplateContentDto] GetAsync(ZQH.Abp.TextTemplating.TextTemplateContentGetInput)
2024-10-18 03:38:11 [INF] [DotNetCore.CAP.Internal.SubscribeExecutor] [55480] [88] - Executing subscriber method 'IdentitySessionCacheItemSynchronizer.HandleEventAsync' on group 'BackendAdmin.v1'
2024-10-18 03:38:11 [INF] [DotNetCore.CAP.Internal.SubscribeExecutor] [55480] [185] - Executed subscriber method 'IdentitySessionCacheItemSynchronizer.HandleEventAsync' on group 'BackendAdmin.v1' with instance 'zqhT16' in 4.8478ms
2024-10-18 03:38:16 [WRN] [Microsoft.AspNetCore.Http.ResponseCookies] [55480] [166] - The cookie 'XSRF-TOKEN' has set 'SameSite=None' and must also set 'Secure'.
2024-10-18 03:38:19 [WRN] [Volo.Abp.AspNetCore.Mvc.AspNetCoreApiDescriptionModelProvider] [55480] [88] - Controller 'TextTemplateContent' contains more than one action with name 'GetAsyncByInput' for module 'text-templating'. Ignored: System.Threading.Tasks.Task`1[ZQH.Abp.TextTemplating.TextTemplateContentDto] GetAsync(ZQH.Abp.TextTemplating.TextTemplateContentGetInput)
2024-10-18 03:38:27 [INF] [DotNetCore.CAP.Internal.SubscribeExecutor] [55480] [166] - Executing subscriber method 'IdentitySessionCacheItemSynchronizer.HandleEventAsync' on group 'BackendAdmin.v1'
2024-10-18 03:38:27 [INF] [DotNetCore.CAP.Internal.SubscribeExecutor] [55480] [196] - Executed subscriber method 'IdentitySessionCacheItemSynchronizer.HandleEventAsync' on group 'BackendAdmin.v1' with instance 'zqhT16' in 4.5225ms
2024-10-18 03:38:27 [WRN] [Microsoft.AspNetCore.Http.ResponseCookies] [55480] [166] - The cookie 'XSRF-TOKEN' has set 'SameSite=None' and must also set 'Secure'.
2024-10-18 03:39:07 [WRN] [Microsoft.AspNetCore.Http.ResponseCookies] [55480] [191] - The cookie 'XSRF-TOKEN' has set 'SameSite=None' and must also set 'Secure'.
2024-10-18 03:39:11 [WRN] [Volo.Abp.AspNetCore.Mvc.AspNetCoreApiDescriptionModelProvider] [55480] [166] - Controller 'TextTemplateContent' contains more than one action with name 'GetAsyncByInput' for module 'text-templating'. Ignored: System.Threading.Tasks.Task`1[ZQH.Abp.TextTemplating.TextTemplateContentDto] GetAsync(ZQH.Abp.TextTemplating.TextTemplateContentGetInput)
2024-10-18 04:00:38 [ERR] [Microsoft.EntityFrameworkCore.Database.Command] [55480] [218] - Failed executing DbCommand (4ms) [Parameters=[@__maxExpirationDate_0='?' (DbType = DateTime)], CommandType='"Text"', CommandTimeout='30']
DELETE `i`
FROM `IdentityServerPersistedGrants` AS `i`
WHERE `i`.`Expiration` IS NOT NULL AND (`i`.`Expiration` < @__maxExpirationDate_0)
2024-10-18 04:00:38 [ERR] [Volo.Abp.IdentityServer.Tokens.TokenCleanupBackgroundWorker] [55480] [218] - Table 'authserver-v8.2.identityserverpersistedgrants' doesn't exist
MySqlConnector.MySqlException (0x80004005): Table 'authserver-v8.2.identityserverpersistedgrants' doesn't exist
   at MySqlConnector.Core.ServerSession.ReceiveReplyAsync(IOBehavior ioBehavior, CancellationToken cancellationToken) in /_/src/MySqlConnector/Core/ServerSession.cs:line 894
   at MySqlConnector.Core.ResultSet.ReadResultSetHeaderAsync(IOBehavior ioBehavior) in /_/src/MySqlConnector/Core/ResultSet.cs:line 37
   at MySqlConnector.MySqlDataReader.ActivateResultSet(CancellationToken cancellationToken) in /_/src/MySqlConnector/MySqlDataReader.cs:line 130
   at MySqlConnector.MySqlDataReader.InitAsync(CommandListPosition commandListPosition, ICommandPayloadCreator payloadCreator, IDictionary`2 cachedProcedures, IMySqlCommand command, CommandBehavior behavior, Activity activity, IOBehavior ioBehavior, CancellationToken cancellationToken) in /_/src/MySqlConnector/MySqlDataReader.cs:line 483
   at MySqlConnector.Core.CommandExecutor.ExecuteReaderAsync(CommandListPosition commandListPosition, ICommandPayloadCreator payloadCreator, CommandBehavior behavior, Activity activity, IOBehavior ioBehavior, CancellationToken cancellationToken) in /_/src/MySqlConnector/Core/CommandExecutor.cs:line 56
   at MySqlConnector.MySqlCommand.ExecuteNonQueryAsync(IOBehavior ioBehavior, CancellationToken cancellationToken) in /_/src/MySqlConnector/MySqlCommand.cs:line 309
   at Microsoft.EntityFrameworkCore.Storage.RelationalCommand.ExecuteNonQueryAsync(RelationalCommandParameterObject parameterObject, CancellationToken cancellationToken)
   at Microsoft.EntityFrameworkCore.Storage.RelationalCommand.ExecuteNonQueryAsync(RelationalCommandParameterObject parameterObject, CancellationToken cancellationToken)
   at Microsoft.EntityFrameworkCore.Storage.RelationalCommand.ExecuteNonQueryAsync(RelationalCommandParameterObject parameterObject, CancellationToken cancellationToken)
   at Pomelo.EntityFrameworkCore.MySql.Storage.Internal.MySqlExecutionStrategy.ExecuteAsync[TState,TResult](TState state, Func`4 operation, Func`4 verifySucceeded, CancellationToken cancellationToken)
   at Volo.Abp.Domain.Repositories.EntityFrameworkCore.EfCoreRepository`2.DeleteDirectAsync(Expression`1 predicate, CancellationToken cancellationToken)
   at Volo.Abp.IdentityServer.Grants.PersistentGrantRepository.DeleteExpirationAsync(DateTime maxExpirationDate, CancellationToken cancellationToken)
   at Castle.DynamicProxy.AsyncInterceptorBase.ProceedAsynchronous(IInvocation invocation, IInvocationProceedInfo proceedInfo)
   at Volo.Abp.Castle.DynamicProxy.CastleAbpMethodInvocationAdapter.ProceedAsync()
   at Volo.Abp.Uow.UnitOfWorkInterceptor.InterceptAsync(IAbpMethodInvocation invocation)
   at Volo.Abp.Castle.DynamicProxy.CastleAsyncAbpInterceptorAdapter`1.InterceptAsync(IInvocation invocation, IInvocationProceedInfo proceedInfo, Func`3 proceed)
   at Volo.Abp.IdentityServer.Tokens.TokenCleanupService.RemoveGrantsAsync()
   at Castle.DynamicProxy.AsyncInterceptorBase.ProceedAsynchronous(IInvocation invocation, IInvocationProceedInfo proceedInfo)
   at Volo.Abp.Castle.DynamicProxy.CastleAbpMethodInvocationAdapter.ProceedAsync()
   at Volo.Abp.Uow.UnitOfWorkInterceptor.InterceptAsync(IAbpMethodInvocation invocation)
   at Volo.Abp.Castle.DynamicProxy.CastleAsyncAbpInterceptorAdapter`1.InterceptAsync(IInvocation invocation, IInvocationProceedInfo proceedInfo, Func`3 proceed)
   at Volo.Abp.IdentityServer.Tokens.TokenCleanupService.CleanAsync()
   at Castle.DynamicProxy.AsyncInterceptorBase.ProceedAsynchronous(IInvocation invocation, IInvocationProceedInfo proceedInfo)
   at Volo.Abp.Castle.DynamicProxy.CastleAbpMethodInvocationAdapter.ProceedAsync()
   at Volo.Abp.Uow.UnitOfWorkInterceptor.InterceptAsync(IAbpMethodInvocation invocation)
   at Volo.Abp.Castle.DynamicProxy.CastleAsyncAbpInterceptorAdapter`1.InterceptAsync(IInvocation invocation, IInvocationProceedInfo proceedInfo, Func`3 proceed)
   at Volo.Abp.IdentityServer.Tokens.TokenCleanupBackgroundWorker.DoWorkAsync(PeriodicBackgroundWorkerContext workerContext)
   at Volo.Abp.BackgroundWorkers.AsyncPeriodicBackgroundWorkerBase.DoWorkAsync(CancellationToken cancellationToken)
2024-10-18 04:00:38 [ERR] [Volo.Abp.IdentityServer.Tokens.TokenCleanupBackgroundWorker] [55480] [218] - ---------- Exception Data ----------
Server Error Code = 1146
SqlState = 42S02

2024-10-18 04:27:03 [INF] [DotNetCore.CAP.Internal.SubscribeExecutor] [55480] [216] - Executing subscriber method 'IdentitySessionCacheItemSynchronizer.HandleEventAsync' on group 'BackendAdmin.v1'
2024-10-18 04:27:03 [INF] [DotNetCore.CAP.RabbitMQ.RabbitMQTransport] [55480] [216] - CAP message 'ZQH.Abp.Identity.IdentitySessionEto.Updated' published, internal id '4000999920976465996'
2024-10-18 04:27:04 [INF] [DotNetCore.CAP.Internal.SubscribeExecutor] [55480] [135] - Executed subscriber method 'IdentitySessionCacheItemSynchronizer.HandleEventAsync' on group 'BackendAdmin.v1' with instance 'zqhT16' in 50.5653ms
2024-10-18 04:27:04 [INF] [DotNetCore.CAP.Internal.SubscribeExecutor] [55480] [135] - Executing subscriber method 'IdentitySessionCacheItemSynchronizer.HandleEventAsync' on group 'BackendAdmin.v1'
2024-10-18 04:27:04 [INF] [DotNetCore.CAP.RabbitMQ.RabbitMQTransport] [55480] [135] - CAP message 'ZQH.Abp.Identity.IdentitySessionEto.Updated' published, internal id '4000999920976465998'
2024-10-18 04:27:04 [INF] [DotNetCore.CAP.Internal.SubscribeExecutor] [55480] [70] - Executed subscriber method 'IdentitySessionCacheItemSynchronizer.HandleEventAsync' on group 'BackendAdmin.v1' with instance 'zqhT16' in 33.105ms
2024-10-18 04:42:50 [WRN] [Microsoft.AspNetCore.Http.ResponseCookies] [55480] [229] - The cookie 'XSRF-TOKEN' has set 'SameSite=None' and must also set 'Secure'.
2024-10-18 04:42:53 [WRN] [Volo.Abp.AspNetCore.Mvc.AspNetCoreApiDescriptionModelProvider] [55480] [99] - Controller 'TextTemplateContent' contains more than one action with name 'GetAsyncByInput' for module 'text-templating'. Ignored: System.Threading.Tasks.Task`1[ZQH.Abp.TextTemplating.TextTemplateContentDto] GetAsync(ZQH.Abp.TextTemplating.TextTemplateContentGetInput)
2024-10-18 04:42:54 [WRN] [Microsoft.AspNetCore.Http.ResponseCookies] [55480] [7] - The cookie 'XSRF-TOKEN' has set 'SameSite=None' and must also set 'Secure'.
2024-10-18 04:50:55 [WRN] [Microsoft.AspNetCore.Http.ResponseCookies] [55480] [195] - The cookie 'XSRF-TOKEN' has set 'SameSite=None' and must also set 'Secure'.
2024-10-18 04:50:58 [WRN] [Volo.Abp.AspNetCore.Mvc.AspNetCoreApiDescriptionModelProvider] [55480] [65] - Controller 'TextTemplateContent' contains more than one action with name 'GetAsyncByInput' for module 'text-templating'. Ignored: System.Threading.Tasks.Task`1[ZQH.Abp.TextTemplating.TextTemplateContentDto] GetAsync(ZQH.Abp.TextTemplating.TextTemplateContentGetInput)
2024-10-18 05:00:38 [ERR] [Microsoft.EntityFrameworkCore.Database.Command] [55480] [200] - Failed executing DbCommand (15ms) [Parameters=[@__maxExpirationDate_0='?' (DbType = DateTime)], CommandType='"Text"', CommandTimeout='30']
DELETE `i`
FROM `IdentityServerPersistedGrants` AS `i`
WHERE `i`.`Expiration` IS NOT NULL AND (`i`.`Expiration` < @__maxExpirationDate_0)
2024-10-18 05:00:38 [ERR] [Volo.Abp.IdentityServer.Tokens.TokenCleanupBackgroundWorker] [55480] [200] - Table 'authserver-v8.2.identityserverpersistedgrants' doesn't exist
MySqlConnector.MySqlException (0x80004005): Table 'authserver-v8.2.identityserverpersistedgrants' doesn't exist
   at MySqlConnector.Core.ServerSession.ReceiveReplyAsync(IOBehavior ioBehavior, CancellationToken cancellationToken) in /_/src/MySqlConnector/Core/ServerSession.cs:line 894
   at MySqlConnector.Core.ResultSet.ReadResultSetHeaderAsync(IOBehavior ioBehavior) in /_/src/MySqlConnector/Core/ResultSet.cs:line 37
   at MySqlConnector.MySqlDataReader.ActivateResultSet(CancellationToken cancellationToken) in /_/src/MySqlConnector/MySqlDataReader.cs:line 130
   at MySqlConnector.MySqlDataReader.InitAsync(CommandListPosition commandListPosition, ICommandPayloadCreator payloadCreator, IDictionary`2 cachedProcedures, IMySqlCommand command, CommandBehavior behavior, Activity activity, IOBehavior ioBehavior, CancellationToken cancellationToken) in /_/src/MySqlConnector/MySqlDataReader.cs:line 483
   at MySqlConnector.Core.CommandExecutor.ExecuteReaderAsync(CommandListPosition commandListPosition, ICommandPayloadCreator payloadCreator, CommandBehavior behavior, Activity activity, IOBehavior ioBehavior, CancellationToken cancellationToken) in /_/src/MySqlConnector/Core/CommandExecutor.cs:line 56
   at MySqlConnector.MySqlCommand.ExecuteNonQueryAsync(IOBehavior ioBehavior, CancellationToken cancellationToken) in /_/src/MySqlConnector/MySqlCommand.cs:line 309
   at Microsoft.EntityFrameworkCore.Storage.RelationalCommand.ExecuteNonQueryAsync(RelationalCommandParameterObject parameterObject, CancellationToken cancellationToken)
   at Microsoft.EntityFrameworkCore.Storage.RelationalCommand.ExecuteNonQueryAsync(RelationalCommandParameterObject parameterObject, CancellationToken cancellationToken)
   at Microsoft.EntityFrameworkCore.Storage.RelationalCommand.ExecuteNonQueryAsync(RelationalCommandParameterObject parameterObject, CancellationToken cancellationToken)
   at Pomelo.EntityFrameworkCore.MySql.Storage.Internal.MySqlExecutionStrategy.ExecuteAsync[TState,TResult](TState state, Func`4 operation, Func`4 verifySucceeded, CancellationToken cancellationToken)
   at Volo.Abp.Domain.Repositories.EntityFrameworkCore.EfCoreRepository`2.DeleteDirectAsync(Expression`1 predicate, CancellationToken cancellationToken)
   at Volo.Abp.IdentityServer.Grants.PersistentGrantRepository.DeleteExpirationAsync(DateTime maxExpirationDate, CancellationToken cancellationToken)
   at Castle.DynamicProxy.AsyncInterceptorBase.ProceedAsynchronous(IInvocation invocation, IInvocationProceedInfo proceedInfo)
   at Volo.Abp.Castle.DynamicProxy.CastleAbpMethodInvocationAdapter.ProceedAsync()
   at Volo.Abp.Uow.UnitOfWorkInterceptor.InterceptAsync(IAbpMethodInvocation invocation)
   at Volo.Abp.Castle.DynamicProxy.CastleAsyncAbpInterceptorAdapter`1.InterceptAsync(IInvocation invocation, IInvocationProceedInfo proceedInfo, Func`3 proceed)
   at Volo.Abp.IdentityServer.Tokens.TokenCleanupService.RemoveGrantsAsync()
   at Castle.DynamicProxy.AsyncInterceptorBase.ProceedAsynchronous(IInvocation invocation, IInvocationProceedInfo proceedInfo)
   at Volo.Abp.Castle.DynamicProxy.CastleAbpMethodInvocationAdapter.ProceedAsync()
   at Volo.Abp.Uow.UnitOfWorkInterceptor.InterceptAsync(IAbpMethodInvocation invocation)
   at Volo.Abp.Castle.DynamicProxy.CastleAsyncAbpInterceptorAdapter`1.InterceptAsync(IInvocation invocation, IInvocationProceedInfo proceedInfo, Func`3 proceed)
   at Volo.Abp.IdentityServer.Tokens.TokenCleanupService.CleanAsync()
   at Castle.DynamicProxy.AsyncInterceptorBase.ProceedAsynchronous(IInvocation invocation, IInvocationProceedInfo proceedInfo)
   at Volo.Abp.Castle.DynamicProxy.CastleAbpMethodInvocationAdapter.ProceedAsync()
   at Volo.Abp.Uow.UnitOfWorkInterceptor.InterceptAsync(IAbpMethodInvocation invocation)
   at Volo.Abp.Castle.DynamicProxy.CastleAsyncAbpInterceptorAdapter`1.InterceptAsync(IInvocation invocation, IInvocationProceedInfo proceedInfo, Func`3 proceed)
   at Volo.Abp.IdentityServer.Tokens.TokenCleanupBackgroundWorker.DoWorkAsync(PeriodicBackgroundWorkerContext workerContext)
   at Volo.Abp.BackgroundWorkers.AsyncPeriodicBackgroundWorkerBase.DoWorkAsync(CancellationToken cancellationToken)
2024-10-18 05:00:38 [ERR] [Volo.Abp.IdentityServer.Tokens.TokenCleanupBackgroundWorker] [55480] [200] - ---------- Exception Data ----------
Server Error Code = 1146
SqlState = 42S02

2024-10-18 05:30:32 [WRN] [Microsoft.AspNetCore.Http.ResponseCookies] [55480] [205] - The cookie 'XSRF-TOKEN' has set 'SameSite=None' and must also set 'Secure'.
2024-10-18 05:30:35 [WRN] [Volo.Abp.AspNetCore.Mvc.AspNetCoreApiDescriptionModelProvider] [55480] [181] - Controller 'TextTemplateContent' contains more than one action with name 'GetAsyncByInput' for module 'text-templating'. Ignored: System.Threading.Tasks.Task`1[ZQH.Abp.TextTemplating.TextTemplateContentDto] GetAsync(ZQH.Abp.TextTemplating.TextTemplateContentGetInput)
2024-10-18 05:30:45 [INF] [DotNetCore.CAP.Internal.SubscribeExecutor] [55480] [186] - Executing subscriber method 'IdentitySessionCacheItemSynchronizer.HandleEventAsync' on group 'BackendAdmin.v1'
2024-10-18 05:30:45 [INF] [DotNetCore.CAP.Internal.SubscribeExecutor] [55480] [181] - Executed subscriber method 'IdentitySessionCacheItemSynchronizer.HandleEventAsync' on group 'BackendAdmin.v1' with instance 'zqhT16' in 3.3776ms
2024-10-18 05:30:45 [WRN] [Microsoft.AspNetCore.Http.ResponseCookies] [55480] [181] - The cookie 'XSRF-TOKEN' has set 'SameSite=None' and must also set 'Secure'.
2024-10-18 05:31:02 [WRN] [Microsoft.AspNetCore.Http.ResponseCookies] [55480] [191] - The cookie 'XSRF-TOKEN' has set 'SameSite=None' and must also set 'Secure'.
2024-10-18 05:31:05 [WRN] [Volo.Abp.AspNetCore.Mvc.AspNetCoreApiDescriptionModelProvider] [55480] [181] - Controller 'TextTemplateContent' contains more than one action with name 'GetAsyncByInput' for module 'text-templating'. Ignored: System.Threading.Tasks.Task`1[ZQH.Abp.TextTemplating.TextTemplateContentDto] GetAsync(ZQH.Abp.TextTemplating.TextTemplateContentGetInput)
2024-10-18 05:50:28 [INF] [DotNetCore.CAP.Internal.SubscribeExecutor] [55480] [239] - Executing subscriber method 'IdentitySessionCacheItemSynchronizer.HandleEventAsync' on group 'BackendAdmin.v1'
2024-10-18 05:50:31 [INF] [DotNetCore.CAP.RabbitMQ.RabbitMQTransport] [55480] [81] - CAP message 'ZQH.Abp.Identity.IdentitySessionEto.Updated' published, internal id '4000999920976466001'
2024-10-18 05:50:31 [INF] [DotNetCore.CAP.Internal.SubscribeExecutor] [55480] [200] - Executed subscriber method 'IdentitySessionCacheItemSynchronizer.HandleEventAsync' on group 'BackendAdmin.v1' with instance 'zqhT16' in 1820.8189ms
2024-10-18 05:50:34 [INF] [DotNetCore.CAP.Internal.SubscribeExecutor] [55480] [96] - Executing subscriber method 'IdentitySessionCacheItemSynchronizer.HandleEventAsync' on group 'BackendAdmin.v1'
2024-10-18 05:50:36 [INF] [DotNetCore.CAP.RabbitMQ.RabbitMQTransport] [55480] [200] - CAP message 'ZQH.Abp.Identity.IdentitySessionEto.Updated' published, internal id '4000999920976466003'
2024-10-18 05:50:36 [INF] [DotNetCore.CAP.Internal.SubscribeExecutor] [55480] [239] - Executed subscriber method 'IdentitySessionCacheItemSynchronizer.HandleEventAsync' on group 'BackendAdmin.v1' with instance 'zqhT16' in 1249.6331ms
2024-10-18 06:00:38 [ERR] [Microsoft.EntityFrameworkCore.Database.Command] [55480] [4] - Failed executing DbCommand (11ms) [Parameters=[@__maxExpirationDate_0='?' (DbType = DateTime)], CommandType='"Text"', CommandTimeout='30']
DELETE `i`
FROM `IdentityServerPersistedGrants` AS `i`
WHERE `i`.`Expiration` IS NOT NULL AND (`i`.`Expiration` < @__maxExpirationDate_0)
2024-10-18 06:00:38 [ERR] [Volo.Abp.IdentityServer.Tokens.TokenCleanupBackgroundWorker] [55480] [4] - Table 'authserver-v8.2.identityserverpersistedgrants' doesn't exist
MySqlConnector.MySqlException (0x80004005): Table 'authserver-v8.2.identityserverpersistedgrants' doesn't exist
   at MySqlConnector.Core.ServerSession.ReceiveReplyAsync(IOBehavior ioBehavior, CancellationToken cancellationToken) in /_/src/MySqlConnector/Core/ServerSession.cs:line 894
   at MySqlConnector.Core.ResultSet.ReadResultSetHeaderAsync(IOBehavior ioBehavior) in /_/src/MySqlConnector/Core/ResultSet.cs:line 37
   at MySqlConnector.MySqlDataReader.ActivateResultSet(CancellationToken cancellationToken) in /_/src/MySqlConnector/MySqlDataReader.cs:line 130
   at MySqlConnector.MySqlDataReader.InitAsync(CommandListPosition commandListPosition, ICommandPayloadCreator payloadCreator, IDictionary`2 cachedProcedures, IMySqlCommand command, CommandBehavior behavior, Activity activity, IOBehavior ioBehavior, CancellationToken cancellationToken) in /_/src/MySqlConnector/MySqlDataReader.cs:line 483
   at MySqlConnector.Core.CommandExecutor.ExecuteReaderAsync(CommandListPosition commandListPosition, ICommandPayloadCreator payloadCreator, CommandBehavior behavior, Activity activity, IOBehavior ioBehavior, CancellationToken cancellationToken) in /_/src/MySqlConnector/Core/CommandExecutor.cs:line 56
   at MySqlConnector.MySqlCommand.ExecuteNonQueryAsync(IOBehavior ioBehavior, CancellationToken cancellationToken) in /_/src/MySqlConnector/MySqlCommand.cs:line 309
   at Microsoft.EntityFrameworkCore.Storage.RelationalCommand.ExecuteNonQueryAsync(RelationalCommandParameterObject parameterObject, CancellationToken cancellationToken)
   at Microsoft.EntityFrameworkCore.Storage.RelationalCommand.ExecuteNonQueryAsync(RelationalCommandParameterObject parameterObject, CancellationToken cancellationToken)
   at Microsoft.EntityFrameworkCore.Storage.RelationalCommand.ExecuteNonQueryAsync(RelationalCommandParameterObject parameterObject, CancellationToken cancellationToken)
   at Pomelo.EntityFrameworkCore.MySql.Storage.Internal.MySqlExecutionStrategy.ExecuteAsync[TState,TResult](TState state, Func`4 operation, Func`4 verifySucceeded, CancellationToken cancellationToken)
   at Volo.Abp.Domain.Repositories.EntityFrameworkCore.EfCoreRepository`2.DeleteDirectAsync(Expression`1 predicate, CancellationToken cancellationToken)
   at Volo.Abp.IdentityServer.Grants.PersistentGrantRepository.DeleteExpirationAsync(DateTime maxExpirationDate, CancellationToken cancellationToken)
   at Castle.DynamicProxy.AsyncInterceptorBase.ProceedAsynchronous(IInvocation invocation, IInvocationProceedInfo proceedInfo)
   at Volo.Abp.Castle.DynamicProxy.CastleAbpMethodInvocationAdapter.ProceedAsync()
   at Volo.Abp.Uow.UnitOfWorkInterceptor.InterceptAsync(IAbpMethodInvocation invocation)
   at Volo.Abp.Castle.DynamicProxy.CastleAsyncAbpInterceptorAdapter`1.InterceptAsync(IInvocation invocation, IInvocationProceedInfo proceedInfo, Func`3 proceed)
   at Volo.Abp.IdentityServer.Tokens.TokenCleanupService.RemoveGrantsAsync()
   at Castle.DynamicProxy.AsyncInterceptorBase.ProceedAsynchronous(IInvocation invocation, IInvocationProceedInfo proceedInfo)
   at Volo.Abp.Castle.DynamicProxy.CastleAbpMethodInvocationAdapter.ProceedAsync()
   at Volo.Abp.Uow.UnitOfWorkInterceptor.InterceptAsync(IAbpMethodInvocation invocation)
   at Volo.Abp.Castle.DynamicProxy.CastleAsyncAbpInterceptorAdapter`1.InterceptAsync(IInvocation invocation, IInvocationProceedInfo proceedInfo, Func`3 proceed)
   at Volo.Abp.IdentityServer.Tokens.TokenCleanupService.CleanAsync()
   at Castle.DynamicProxy.AsyncInterceptorBase.ProceedAsynchronous(IInvocation invocation, IInvocationProceedInfo proceedInfo)
   at Volo.Abp.Castle.DynamicProxy.CastleAbpMethodInvocationAdapter.ProceedAsync()
   at Volo.Abp.Uow.UnitOfWorkInterceptor.InterceptAsync(IAbpMethodInvocation invocation)
   at Volo.Abp.Castle.DynamicProxy.CastleAsyncAbpInterceptorAdapter`1.InterceptAsync(IInvocation invocation, IInvocationProceedInfo proceedInfo, Func`3 proceed)
   at Volo.Abp.IdentityServer.Tokens.TokenCleanupBackgroundWorker.DoWorkAsync(PeriodicBackgroundWorkerContext workerContext)
   at Volo.Abp.BackgroundWorkers.AsyncPeriodicBackgroundWorkerBase.DoWorkAsync(CancellationToken cancellationToken)
2024-10-18 06:00:38 [ERR] [Volo.Abp.IdentityServer.Tokens.TokenCleanupBackgroundWorker] [55480] [4] - ---------- Exception Data ----------
Server Error Code = 1146
SqlState = 42S02

2024-10-18 14:45:29 [WRN] [DotNetCore.CAP.Internal.ConsumerRegister] [55480] [99] - RabbitMQ consumer cancelled. --> amq.ctag-GW0LXiEdaEwRXa8VEqL-4A
2024-10-18 14:45:32 [WRN] [DotNetCore.CAP.Internal.ConsumerRegister] [55480] [99] - RabbitMQ consumer shutdown. --> Unexpected Exception: Unable to read data from the transport connection: .
2024-10-18 14:45:32 [WRN] [DotNetCore.CAP.Processor.TransportCheckProcessor] [55480] [231] - Transport connection is unhealthy, reconnection...
2024-10-18 14:45:32 [WRN] [DotNetCore.CAP.Internal.ConsumerRegister] [55480] [99] - RabbitMQ consumer cancelled. --> amq.ctag-2bjtLFcRUaarns8ApkhtxA
2024-10-18 14:45:32 [WRN] [DotNetCore.CAP.Internal.ConsumerRegister] [55480] [99] - RabbitMQ consumer shutdown. --> Unexpected Exception: Unable to read data from the transport connection: .
2024-10-18 14:45:32 [INF] [DotNetCore.CAP.Internal.ConsumerRegister] [55480] [229] - RabbitMQ consumer registered. --> amq.ctag-5yJvGggA6Zw5K-I2yaq9aA
2024-10-18 14:45:32 [INF] [DotNetCore.CAP.Internal.ConsumerRegister] [55480] [231] - RabbitMQ consumer registered. --> amq.ctag-I8dn0QDf6gX4pmkcNTFDZQ
2024-10-18 16:07:32 [WRN] [Microsoft.AspNetCore.Http.ResponseCookies] [55480] [229] - The cookie 'XSRF-TOKEN' has set 'SameSite=None' and must also set 'Secure'.
2024-10-18 16:07:32 [WRN] [Microsoft.AspNetCore.Http.ResponseCookies] [55480] [99] - The cookie 'XSRF-TOKEN' has set 'SameSite=None' and must also set 'Secure'.
2024-10-18 16:07:36 [WRN] [Volo.Abp.AspNetCore.Mvc.AspNetCoreApiDescriptionModelProvider] [55480] [231] - Controller 'TextTemplateContent' contains more than one action with name 'GetAsyncByInput' for module 'text-templating'. Ignored: System.Threading.Tasks.Task`1[ZQH.Abp.TextTemplating.TextTemplateContentDto] GetAsync(ZQH.Abp.TextTemplating.TextTemplateContentGetInput)
2024-10-18 16:10:23 [ERR] [Microsoft.EntityFrameworkCore.Database.Command] [55480] [230] - Failed executing DbCommand (3ms) [Parameters=[@__maxExpirationDate_0='?' (DbType = DateTime)], CommandType='"Text"', CommandTimeout='30']
DELETE `i`
FROM `IdentityServerPersistedGrants` AS `i`
WHERE `i`.`Expiration` IS NOT NULL AND (`i`.`Expiration` < @__maxExpirationDate_0)
2024-10-18 16:10:23 [ERR] [Volo.Abp.IdentityServer.Tokens.TokenCleanupBackgroundWorker] [55480] [230] - Table 'authserver-v8.2.identityserverpersistedgrants' doesn't exist
MySqlConnector.MySqlException (0x80004005): Table 'authserver-v8.2.identityserverpersistedgrants' doesn't exist
   at MySqlConnector.Core.ServerSession.ReceiveReplyAsync(IOBehavior ioBehavior, CancellationToken cancellationToken) in /_/src/MySqlConnector/Core/ServerSession.cs:line 894
   at MySqlConnector.Core.ResultSet.ReadResultSetHeaderAsync(IOBehavior ioBehavior) in /_/src/MySqlConnector/Core/ResultSet.cs:line 37
   at MySqlConnector.MySqlDataReader.ActivateResultSet(CancellationToken cancellationToken) in /_/src/MySqlConnector/MySqlDataReader.cs:line 130
   at MySqlConnector.MySqlDataReader.InitAsync(CommandListPosition commandListPosition, ICommandPayloadCreator payloadCreator, IDictionary`2 cachedProcedures, IMySqlCommand command, CommandBehavior behavior, Activity activity, IOBehavior ioBehavior, CancellationToken cancellationToken) in /_/src/MySqlConnector/MySqlDataReader.cs:line 483
   at MySqlConnector.Core.CommandExecutor.ExecuteReaderAsync(CommandListPosition commandListPosition, ICommandPayloadCreator payloadCreator, CommandBehavior behavior, Activity activity, IOBehavior ioBehavior, CancellationToken cancellationToken) in /_/src/MySqlConnector/Core/CommandExecutor.cs:line 56
   at MySqlConnector.MySqlCommand.ExecuteNonQueryAsync(IOBehavior ioBehavior, CancellationToken cancellationToken) in /_/src/MySqlConnector/MySqlCommand.cs:line 309
   at Microsoft.EntityFrameworkCore.Storage.RelationalCommand.ExecuteNonQueryAsync(RelationalCommandParameterObject parameterObject, CancellationToken cancellationToken)
   at Microsoft.EntityFrameworkCore.Storage.RelationalCommand.ExecuteNonQueryAsync(RelationalCommandParameterObject parameterObject, CancellationToken cancellationToken)
   at Microsoft.EntityFrameworkCore.Storage.RelationalCommand.ExecuteNonQueryAsync(RelationalCommandParameterObject parameterObject, CancellationToken cancellationToken)
   at Pomelo.EntityFrameworkCore.MySql.Storage.Internal.MySqlExecutionStrategy.ExecuteAsync[TState,TResult](TState state, Func`4 operation, Func`4 verifySucceeded, CancellationToken cancellationToken)
   at Volo.Abp.Domain.Repositories.EntityFrameworkCore.EfCoreRepository`2.DeleteDirectAsync(Expression`1 predicate, CancellationToken cancellationToken)
   at Volo.Abp.IdentityServer.Grants.PersistentGrantRepository.DeleteExpirationAsync(DateTime maxExpirationDate, CancellationToken cancellationToken)
   at Castle.DynamicProxy.AsyncInterceptorBase.ProceedAsynchronous(IInvocation invocation, IInvocationProceedInfo proceedInfo)
   at Volo.Abp.Castle.DynamicProxy.CastleAbpMethodInvocationAdapter.ProceedAsync()
   at Volo.Abp.Uow.UnitOfWorkInterceptor.InterceptAsync(IAbpMethodInvocation invocation)
   at Volo.Abp.Castle.DynamicProxy.CastleAsyncAbpInterceptorAdapter`1.InterceptAsync(IInvocation invocation, IInvocationProceedInfo proceedInfo, Func`3 proceed)
   at Volo.Abp.IdentityServer.Tokens.TokenCleanupService.RemoveGrantsAsync()
   at Castle.DynamicProxy.AsyncInterceptorBase.ProceedAsynchronous(IInvocation invocation, IInvocationProceedInfo proceedInfo)
   at Volo.Abp.Castle.DynamicProxy.CastleAbpMethodInvocationAdapter.ProceedAsync()
   at Volo.Abp.Uow.UnitOfWorkInterceptor.InterceptAsync(IAbpMethodInvocation invocation)
   at Volo.Abp.Castle.DynamicProxy.CastleAsyncAbpInterceptorAdapter`1.InterceptAsync(IInvocation invocation, IInvocationProceedInfo proceedInfo, Func`3 proceed)
   at Volo.Abp.IdentityServer.Tokens.TokenCleanupService.CleanAsync()
   at Castle.DynamicProxy.AsyncInterceptorBase.ProceedAsynchronous(IInvocation invocation, IInvocationProceedInfo proceedInfo)
   at Volo.Abp.Castle.DynamicProxy.CastleAbpMethodInvocationAdapter.ProceedAsync()
   at Volo.Abp.Uow.UnitOfWorkInterceptor.InterceptAsync(IAbpMethodInvocation invocation)
   at Volo.Abp.Castle.DynamicProxy.CastleAsyncAbpInterceptorAdapter`1.InterceptAsync(IInvocation invocation, IInvocationProceedInfo proceedInfo, Func`3 proceed)
   at Volo.Abp.IdentityServer.Tokens.TokenCleanupBackgroundWorker.DoWorkAsync(PeriodicBackgroundWorkerContext workerContext)
   at Volo.Abp.BackgroundWorkers.AsyncPeriodicBackgroundWorkerBase.DoWorkAsync(CancellationToken cancellationToken)
2024-10-18 16:10:23 [ERR] [Volo.Abp.IdentityServer.Tokens.TokenCleanupBackgroundWorker] [55480] [230] - ---------- Exception Data ----------
Server Error Code = 1146
SqlState = 42S02

