2024-10-19 01:37:26 [WRN] [Microsoft.AspNetCore.Http.ResponseCookies] [55480] [218] - The cookie 'XSRF-TOKEN' has set 'SameSite=None' and must also set 'Secure'.
2024-10-19 01:37:38 [WRN] [Volo.Abp.AspNetCore.Mvc.AspNetCoreApiDescriptionModelProvider] [55480] [168] - Controller 'TextTemplateContent' contains more than one action with name 'GetAsyncByInput' for module 'text-templating'. Ignored: System.Threading.Tasks.Task`1[ZQH.Abp.TextTemplating.TextTemplateContentDto] GetAsync(ZQH.Abp.TextTemplating.TextTemplateContentGetInput)
2024-10-19 01:42:49 [ERR] [Microsoft.EntityFrameworkCore.Database.Command] [55480] [261] - Failed executing DbCommand (21ms) [Parameters=[@__maxExpirationDate_0='?' (DbType = DateTime)], CommandType='"Text"', CommandTimeout='30']
DELETE `i`
FROM `IdentityServerPersistedGrants` AS `i`
WHERE `i`.`Expiration` IS NOT NULL AND (`i`.`Expiration` < @__maxExpirationDate_0)
2024-10-19 01:42:49 [ERR] [Volo.Abp.IdentityServer.Tokens.TokenCleanupBackgroundWorker] [55480] [261] - Table 'authserver-v8.2.identityserverpersistedgrants' doesn't exist
MySqlConnector.MySqlException (0x80004005): Table 'authserver-v8.2.identityserverpersistedgrants' doesn't exist
   at MySqlConnector.Core.ServerSession.ReceiveReplyAsync(IOBehavior ioBehavior, CancellationToken cancellationToken) in /_/src/MySqlConnector/Core/ServerSession.cs:line 894
   at MySqlConnector.Core.ResultSet.ReadResultSetHeaderAsync(IOBehavior ioBehavior) in /_/src/MySqlConnector/Core/ResultSet.cs:line 37
   at MySqlConnector.MySqlDataReader.ActivateResultSet(CancellationToken cancellationToken) in /_/src/MySqlConnector/MySqlDataReader.cs:line 130
   at MySqlConnector.MySqlDataReader.InitAsync(CommandListPosition commandListPosition, ICommandPayloadCreator payloadCreator, IDictionary`2 cachedProcedures, IMySqlCommand command, CommandBehavior behavior, Activity activity, IOBehavior ioBehavior, CancellationToken cancellationToken) in /_/src/MySqlConnector/MySqlDataReader.cs:line 483
   at MySqlConnector.Core.CommandExecutor.ExecuteReaderAsync(CommandListPosition commandListPosition, ICommandPayloadCreator payloadCreator, CommandBehavior behavior, Activity activity, IOBehavior ioBehavior, CancellationToken cancellationToken) in /_/src/MySqlConnector/Core/CommandExecutor.cs:line 56
   at MySqlConnector.MySqlCommand.ExecuteNonQueryAsync(IOBehavior ioBehavior, CancellationToken cancellationToken) in /_/src/MySqlConnector/MySqlCommand.cs:line 309
   at Microsoft.EntityFrameworkCore.Storage.RelationalCommand.ExecuteNonQueryAsync(RelationalCommandParameterObject parameterObject, CancellationToken cancellationToken)
   at Microsoft.EntityFrameworkCore.Storage.RelationalCommand.ExecuteNonQueryAsync(RelationalCommandParameterObject parameterObject, CancellationToken cancellationToken)
   at Microsoft.EntityFrameworkCore.Storage.RelationalCommand.ExecuteNonQueryAsync(RelationalCommandParameterObject parameterObject, CancellationToken cancellationToken)
   at Pomelo.EntityFrameworkCore.MySql.Storage.Internal.MySqlExecutionStrategy.ExecuteAsync[TState,TResult](TState state, Func`4 operation, Func`4 verifySucceeded, CancellationToken cancellationToken)
   at Volo.Abp.Domain.Repositories.EntityFrameworkCore.EfCoreRepository`2.DeleteDirectAsync(Expression`1 predicate, CancellationToken cancellationToken)
   at Volo.Abp.IdentityServer.Grants.PersistentGrantRepository.DeleteExpirationAsync(DateTime maxExpirationDate, CancellationToken cancellationToken)
   at Castle.DynamicProxy.AsyncInterceptorBase.ProceedAsynchronous(IInvocation invocation, IInvocationProceedInfo proceedInfo)
   at Volo.Abp.Castle.DynamicProxy.CastleAbpMethodInvocationAdapter.ProceedAsync()
   at Volo.Abp.Uow.UnitOfWorkInterceptor.InterceptAsync(IAbpMethodInvocation invocation)
   at Volo.Abp.Castle.DynamicProxy.CastleAsyncAbpInterceptorAdapter`1.InterceptAsync(IInvocation invocation, IInvocationProceedInfo proceedInfo, Func`3 proceed)
   at Volo.Abp.IdentityServer.Tokens.TokenCleanupService.RemoveGrantsAsync()
   at Castle.DynamicProxy.AsyncInterceptorBase.ProceedAsynchronous(IInvocation invocation, IInvocationProceedInfo proceedInfo)
   at Volo.Abp.Castle.DynamicProxy.CastleAbpMethodInvocationAdapter.ProceedAsync()
   at Volo.Abp.Uow.UnitOfWorkInterceptor.InterceptAsync(IAbpMethodInvocation invocation)
   at Volo.Abp.Castle.DynamicProxy.CastleAsyncAbpInterceptorAdapter`1.InterceptAsync(IInvocation invocation, IInvocationProceedInfo proceedInfo, Func`3 proceed)
   at Volo.Abp.IdentityServer.Tokens.TokenCleanupService.CleanAsync()
   at Castle.DynamicProxy.AsyncInterceptorBase.ProceedAsynchronous(IInvocation invocation, IInvocationProceedInfo proceedInfo)
   at Volo.Abp.Castle.DynamicProxy.CastleAbpMethodInvocationAdapter.ProceedAsync()
   at Volo.Abp.Uow.UnitOfWorkInterceptor.InterceptAsync(IAbpMethodInvocation invocation)
   at Volo.Abp.Castle.DynamicProxy.CastleAsyncAbpInterceptorAdapter`1.InterceptAsync(IInvocation invocation, IInvocationProceedInfo proceedInfo, Func`3 proceed)
   at Volo.Abp.IdentityServer.Tokens.TokenCleanupBackgroundWorker.DoWorkAsync(PeriodicBackgroundWorkerContext workerContext)
   at Volo.Abp.BackgroundWorkers.AsyncPeriodicBackgroundWorkerBase.DoWorkAsync(CancellationToken cancellationToken)
2024-10-19 01:42:49 [ERR] [Volo.Abp.IdentityServer.Tokens.TokenCleanupBackgroundWorker] [55480] [261] - ---------- Exception Data ----------
Server Error Code = 1146
SqlState = 42S02

2024-10-19 02:42:49 [ERR] [Microsoft.EntityFrameworkCore.Database.Command] [55480] [55] - Failed executing DbCommand (4ms) [Parameters=[@__maxExpirationDate_0='?' (DbType = DateTime)], CommandType='"Text"', CommandTimeout='30']
DELETE `i`
FROM `IdentityServerPersistedGrants` AS `i`
WHERE `i`.`Expiration` IS NOT NULL AND (`i`.`Expiration` < @__maxExpirationDate_0)
2024-10-19 02:42:49 [ERR] [Volo.Abp.IdentityServer.Tokens.TokenCleanupBackgroundWorker] [55480] [55] - Table 'authserver-v8.2.identityserverpersistedgrants' doesn't exist
MySqlConnector.MySqlException (0x80004005): Table 'authserver-v8.2.identityserverpersistedgrants' doesn't exist
   at MySqlConnector.Core.ServerSession.ReceiveReplyAsync(IOBehavior ioBehavior, CancellationToken cancellationToken) in /_/src/MySqlConnector/Core/ServerSession.cs:line 894
   at MySqlConnector.Core.ResultSet.ReadResultSetHeaderAsync(IOBehavior ioBehavior) in /_/src/MySqlConnector/Core/ResultSet.cs:line 37
   at MySqlConnector.MySqlDataReader.ActivateResultSet(CancellationToken cancellationToken) in /_/src/MySqlConnector/MySqlDataReader.cs:line 130
   at MySqlConnector.MySqlDataReader.InitAsync(CommandListPosition commandListPosition, ICommandPayloadCreator payloadCreator, IDictionary`2 cachedProcedures, IMySqlCommand command, CommandBehavior behavior, Activity activity, IOBehavior ioBehavior, CancellationToken cancellationToken) in /_/src/MySqlConnector/MySqlDataReader.cs:line 483
   at MySqlConnector.Core.CommandExecutor.ExecuteReaderAsync(CommandListPosition commandListPosition, ICommandPayloadCreator payloadCreator, CommandBehavior behavior, Activity activity, IOBehavior ioBehavior, CancellationToken cancellationToken) in /_/src/MySqlConnector/Core/CommandExecutor.cs:line 56
   at MySqlConnector.MySqlCommand.ExecuteNonQueryAsync(IOBehavior ioBehavior, CancellationToken cancellationToken) in /_/src/MySqlConnector/MySqlCommand.cs:line 309
   at Microsoft.EntityFrameworkCore.Storage.RelationalCommand.ExecuteNonQueryAsync(RelationalCommandParameterObject parameterObject, CancellationToken cancellationToken)
   at Microsoft.EntityFrameworkCore.Storage.RelationalCommand.ExecuteNonQueryAsync(RelationalCommandParameterObject parameterObject, CancellationToken cancellationToken)
   at Microsoft.EntityFrameworkCore.Storage.RelationalCommand.ExecuteNonQueryAsync(RelationalCommandParameterObject parameterObject, CancellationToken cancellationToken)
   at Pomelo.EntityFrameworkCore.MySql.Storage.Internal.MySqlExecutionStrategy.ExecuteAsync[TState,TResult](TState state, Func`4 operation, Func`4 verifySucceeded, CancellationToken cancellationToken)
   at Volo.Abp.Domain.Repositories.EntityFrameworkCore.EfCoreRepository`2.DeleteDirectAsync(Expression`1 predicate, CancellationToken cancellationToken)
   at Volo.Abp.IdentityServer.Grants.PersistentGrantRepository.DeleteExpirationAsync(DateTime maxExpirationDate, CancellationToken cancellationToken)
   at Castle.DynamicProxy.AsyncInterceptorBase.ProceedAsynchronous(IInvocation invocation, IInvocationProceedInfo proceedInfo)
   at Volo.Abp.Castle.DynamicProxy.CastleAbpMethodInvocationAdapter.ProceedAsync()
   at Volo.Abp.Uow.UnitOfWorkInterceptor.InterceptAsync(IAbpMethodInvocation invocation)
   at Volo.Abp.Castle.DynamicProxy.CastleAsyncAbpInterceptorAdapter`1.InterceptAsync(IInvocation invocation, IInvocationProceedInfo proceedInfo, Func`3 proceed)
   at Volo.Abp.IdentityServer.Tokens.TokenCleanupService.RemoveGrantsAsync()
   at Castle.DynamicProxy.AsyncInterceptorBase.ProceedAsynchronous(IInvocation invocation, IInvocationProceedInfo proceedInfo)
   at Volo.Abp.Castle.DynamicProxy.CastleAbpMethodInvocationAdapter.ProceedAsync()
   at Volo.Abp.Uow.UnitOfWorkInterceptor.InterceptAsync(IAbpMethodInvocation invocation)
   at Volo.Abp.Castle.DynamicProxy.CastleAsyncAbpInterceptorAdapter`1.InterceptAsync(IInvocation invocation, IInvocationProceedInfo proceedInfo, Func`3 proceed)
   at Volo.Abp.IdentityServer.Tokens.TokenCleanupService.CleanAsync()
   at Castle.DynamicProxy.AsyncInterceptorBase.ProceedAsynchronous(IInvocation invocation, IInvocationProceedInfo proceedInfo)
   at Volo.Abp.Castle.DynamicProxy.CastleAbpMethodInvocationAdapter.ProceedAsync()
   at Volo.Abp.Uow.UnitOfWorkInterceptor.InterceptAsync(IAbpMethodInvocation invocation)
   at Volo.Abp.Castle.DynamicProxy.CastleAsyncAbpInterceptorAdapter`1.InterceptAsync(IInvocation invocation, IInvocationProceedInfo proceedInfo, Func`3 proceed)
   at Volo.Abp.IdentityServer.Tokens.TokenCleanupBackgroundWorker.DoWorkAsync(PeriodicBackgroundWorkerContext workerContext)
   at Volo.Abp.BackgroundWorkers.AsyncPeriodicBackgroundWorkerBase.DoWorkAsync(CancellationToken cancellationToken)
2024-10-19 02:42:49 [ERR] [Volo.Abp.IdentityServer.Tokens.TokenCleanupBackgroundWorker] [55480] [55] - ---------- Exception Data ----------
Server Error Code = 1146
SqlState = 42S02

2024-10-19 03:42:49 [ERR] [Microsoft.EntityFrameworkCore.Database.Command] [55480] [211] - Failed executing DbCommand (14ms) [Parameters=[@__maxExpirationDate_0='?' (DbType = DateTime)], CommandType='"Text"', CommandTimeout='30']
DELETE `i`
FROM `IdentityServerPersistedGrants` AS `i`
WHERE `i`.`Expiration` IS NOT NULL AND (`i`.`Expiration` < @__maxExpirationDate_0)
2024-10-19 03:42:49 [ERR] [Volo.Abp.IdentityServer.Tokens.TokenCleanupBackgroundWorker] [55480] [211] - Table 'authserver-v8.2.identityserverpersistedgrants' doesn't exist
MySqlConnector.MySqlException (0x80004005): Table 'authserver-v8.2.identityserverpersistedgrants' doesn't exist
   at MySqlConnector.Core.ServerSession.ReceiveReplyAsync(IOBehavior ioBehavior, CancellationToken cancellationToken) in /_/src/MySqlConnector/Core/ServerSession.cs:line 894
   at MySqlConnector.Core.ResultSet.ReadResultSetHeaderAsync(IOBehavior ioBehavior) in /_/src/MySqlConnector/Core/ResultSet.cs:line 37
   at MySqlConnector.MySqlDataReader.ActivateResultSet(CancellationToken cancellationToken) in /_/src/MySqlConnector/MySqlDataReader.cs:line 130
   at MySqlConnector.MySqlDataReader.InitAsync(CommandListPosition commandListPosition, ICommandPayloadCreator payloadCreator, IDictionary`2 cachedProcedures, IMySqlCommand command, CommandBehavior behavior, Activity activity, IOBehavior ioBehavior, CancellationToken cancellationToken) in /_/src/MySqlConnector/MySqlDataReader.cs:line 483
   at MySqlConnector.Core.CommandExecutor.ExecuteReaderAsync(CommandListPosition commandListPosition, ICommandPayloadCreator payloadCreator, CommandBehavior behavior, Activity activity, IOBehavior ioBehavior, CancellationToken cancellationToken) in /_/src/MySqlConnector/Core/CommandExecutor.cs:line 56
   at MySqlConnector.MySqlCommand.ExecuteNonQueryAsync(IOBehavior ioBehavior, CancellationToken cancellationToken) in /_/src/MySqlConnector/MySqlCommand.cs:line 309
   at Microsoft.EntityFrameworkCore.Storage.RelationalCommand.ExecuteNonQueryAsync(RelationalCommandParameterObject parameterObject, CancellationToken cancellationToken)
   at Microsoft.EntityFrameworkCore.Storage.RelationalCommand.ExecuteNonQueryAsync(RelationalCommandParameterObject parameterObject, CancellationToken cancellationToken)
   at Microsoft.EntityFrameworkCore.Storage.RelationalCommand.ExecuteNonQueryAsync(RelationalCommandParameterObject parameterObject, CancellationToken cancellationToken)
   at Pomelo.EntityFrameworkCore.MySql.Storage.Internal.MySqlExecutionStrategy.ExecuteAsync[TState,TResult](TState state, Func`4 operation, Func`4 verifySucceeded, CancellationToken cancellationToken)
   at Volo.Abp.Domain.Repositories.EntityFrameworkCore.EfCoreRepository`2.DeleteDirectAsync(Expression`1 predicate, CancellationToken cancellationToken)
   at Volo.Abp.IdentityServer.Grants.PersistentGrantRepository.DeleteExpirationAsync(DateTime maxExpirationDate, CancellationToken cancellationToken)
   at Castle.DynamicProxy.AsyncInterceptorBase.ProceedAsynchronous(IInvocation invocation, IInvocationProceedInfo proceedInfo)
   at Volo.Abp.Castle.DynamicProxy.CastleAbpMethodInvocationAdapter.ProceedAsync()
   at Volo.Abp.Uow.UnitOfWorkInterceptor.InterceptAsync(IAbpMethodInvocation invocation)
   at Volo.Abp.Castle.DynamicProxy.CastleAsyncAbpInterceptorAdapter`1.InterceptAsync(IInvocation invocation, IInvocationProceedInfo proceedInfo, Func`3 proceed)
   at Volo.Abp.IdentityServer.Tokens.TokenCleanupService.RemoveGrantsAsync()
   at Castle.DynamicProxy.AsyncInterceptorBase.ProceedAsynchronous(IInvocation invocation, IInvocationProceedInfo proceedInfo)
   at Volo.Abp.Castle.DynamicProxy.CastleAbpMethodInvocationAdapter.ProceedAsync()
   at Volo.Abp.Uow.UnitOfWorkInterceptor.InterceptAsync(IAbpMethodInvocation invocation)
   at Volo.Abp.Castle.DynamicProxy.CastleAsyncAbpInterceptorAdapter`1.InterceptAsync(IInvocation invocation, IInvocationProceedInfo proceedInfo, Func`3 proceed)
   at Volo.Abp.IdentityServer.Tokens.TokenCleanupService.CleanAsync()
   at Castle.DynamicProxy.AsyncInterceptorBase.ProceedAsynchronous(IInvocation invocation, IInvocationProceedInfo proceedInfo)
   at Volo.Abp.Castle.DynamicProxy.CastleAbpMethodInvocationAdapter.ProceedAsync()
   at Volo.Abp.Uow.UnitOfWorkInterceptor.InterceptAsync(IAbpMethodInvocation invocation)
   at Volo.Abp.Castle.DynamicProxy.CastleAsyncAbpInterceptorAdapter`1.InterceptAsync(IInvocation invocation, IInvocationProceedInfo proceedInfo, Func`3 proceed)
   at Volo.Abp.IdentityServer.Tokens.TokenCleanupBackgroundWorker.DoWorkAsync(PeriodicBackgroundWorkerContext workerContext)
   at Volo.Abp.BackgroundWorkers.AsyncPeriodicBackgroundWorkerBase.DoWorkAsync(CancellationToken cancellationToken)
2024-10-19 03:42:49 [ERR] [Volo.Abp.IdentityServer.Tokens.TokenCleanupBackgroundWorker] [55480] [211] - ---------- Exception Data ----------
Server Error Code = 1146
SqlState = 42S02

2024-10-19 04:42:49 [ERR] [Microsoft.EntityFrameworkCore.Database.Command] [55480] [91] - Failed executing DbCommand (18ms) [Parameters=[@__maxExpirationDate_0='?' (DbType = DateTime)], CommandType='"Text"', CommandTimeout='30']
DELETE `i`
FROM `IdentityServerPersistedGrants` AS `i`
WHERE `i`.`Expiration` IS NOT NULL AND (`i`.`Expiration` < @__maxExpirationDate_0)
2024-10-19 04:42:49 [ERR] [Volo.Abp.IdentityServer.Tokens.TokenCleanupBackgroundWorker] [55480] [91] - Table 'authserver-v8.2.identityserverpersistedgrants' doesn't exist
MySqlConnector.MySqlException (0x80004005): Table 'authserver-v8.2.identityserverpersistedgrants' doesn't exist
   at MySqlConnector.Core.ServerSession.ReceiveReplyAsync(IOBehavior ioBehavior, CancellationToken cancellationToken) in /_/src/MySqlConnector/Core/ServerSession.cs:line 894
   at MySqlConnector.Core.ResultSet.ReadResultSetHeaderAsync(IOBehavior ioBehavior) in /_/src/MySqlConnector/Core/ResultSet.cs:line 37
   at MySqlConnector.MySqlDataReader.ActivateResultSet(CancellationToken cancellationToken) in /_/src/MySqlConnector/MySqlDataReader.cs:line 130
   at MySqlConnector.MySqlDataReader.InitAsync(CommandListPosition commandListPosition, ICommandPayloadCreator payloadCreator, IDictionary`2 cachedProcedures, IMySqlCommand command, CommandBehavior behavior, Activity activity, IOBehavior ioBehavior, CancellationToken cancellationToken) in /_/src/MySqlConnector/MySqlDataReader.cs:line 483
   at MySqlConnector.Core.CommandExecutor.ExecuteReaderAsync(CommandListPosition commandListPosition, ICommandPayloadCreator payloadCreator, CommandBehavior behavior, Activity activity, IOBehavior ioBehavior, CancellationToken cancellationToken) in /_/src/MySqlConnector/Core/CommandExecutor.cs:line 56
   at MySqlConnector.MySqlCommand.ExecuteNonQueryAsync(IOBehavior ioBehavior, CancellationToken cancellationToken) in /_/src/MySqlConnector/MySqlCommand.cs:line 309
   at Microsoft.EntityFrameworkCore.Storage.RelationalCommand.ExecuteNonQueryAsync(RelationalCommandParameterObject parameterObject, CancellationToken cancellationToken)
   at Microsoft.EntityFrameworkCore.Storage.RelationalCommand.ExecuteNonQueryAsync(RelationalCommandParameterObject parameterObject, CancellationToken cancellationToken)
   at Microsoft.EntityFrameworkCore.Storage.RelationalCommand.ExecuteNonQueryAsync(RelationalCommandParameterObject parameterObject, CancellationToken cancellationToken)
   at Pomelo.EntityFrameworkCore.MySql.Storage.Internal.MySqlExecutionStrategy.ExecuteAsync[TState,TResult](TState state, Func`4 operation, Func`4 verifySucceeded, CancellationToken cancellationToken)
   at Volo.Abp.Domain.Repositories.EntityFrameworkCore.EfCoreRepository`2.DeleteDirectAsync(Expression`1 predicate, CancellationToken cancellationToken)
   at Volo.Abp.IdentityServer.Grants.PersistentGrantRepository.DeleteExpirationAsync(DateTime maxExpirationDate, CancellationToken cancellationToken)
   at Castle.DynamicProxy.AsyncInterceptorBase.ProceedAsynchronous(IInvocation invocation, IInvocationProceedInfo proceedInfo)
   at Volo.Abp.Castle.DynamicProxy.CastleAbpMethodInvocationAdapter.ProceedAsync()
   at Volo.Abp.Uow.UnitOfWorkInterceptor.InterceptAsync(IAbpMethodInvocation invocation)
   at Volo.Abp.Castle.DynamicProxy.CastleAsyncAbpInterceptorAdapter`1.InterceptAsync(IInvocation invocation, IInvocationProceedInfo proceedInfo, Func`3 proceed)
   at Volo.Abp.IdentityServer.Tokens.TokenCleanupService.RemoveGrantsAsync()
   at Castle.DynamicProxy.AsyncInterceptorBase.ProceedAsynchronous(IInvocation invocation, IInvocationProceedInfo proceedInfo)
   at Volo.Abp.Castle.DynamicProxy.CastleAbpMethodInvocationAdapter.ProceedAsync()
   at Volo.Abp.Uow.UnitOfWorkInterceptor.InterceptAsync(IAbpMethodInvocation invocation)
   at Volo.Abp.Castle.DynamicProxy.CastleAsyncAbpInterceptorAdapter`1.InterceptAsync(IInvocation invocation, IInvocationProceedInfo proceedInfo, Func`3 proceed)
   at Volo.Abp.IdentityServer.Tokens.TokenCleanupService.CleanAsync()
   at Castle.DynamicProxy.AsyncInterceptorBase.ProceedAsynchronous(IInvocation invocation, IInvocationProceedInfo proceedInfo)
   at Volo.Abp.Castle.DynamicProxy.CastleAbpMethodInvocationAdapter.ProceedAsync()
   at Volo.Abp.Uow.UnitOfWorkInterceptor.InterceptAsync(IAbpMethodInvocation invocation)
   at Volo.Abp.Castle.DynamicProxy.CastleAsyncAbpInterceptorAdapter`1.InterceptAsync(IInvocation invocation, IInvocationProceedInfo proceedInfo, Func`3 proceed)
   at Volo.Abp.IdentityServer.Tokens.TokenCleanupBackgroundWorker.DoWorkAsync(PeriodicBackgroundWorkerContext workerContext)
   at Volo.Abp.BackgroundWorkers.AsyncPeriodicBackgroundWorkerBase.DoWorkAsync(CancellationToken cancellationToken)
2024-10-19 04:42:49 [ERR] [Volo.Abp.IdentityServer.Tokens.TokenCleanupBackgroundWorker] [55480] [91] - ---------- Exception Data ----------
Server Error Code = 1146
SqlState = 42S02

2024-10-19 05:42:49 [ERR] [Microsoft.EntityFrameworkCore.Database.Command] [55480] [99] - Failed executing DbCommand (17ms) [Parameters=[@__maxExpirationDate_0='?' (DbType = DateTime)], CommandType='"Text"', CommandTimeout='30']
DELETE `i`
FROM `IdentityServerPersistedGrants` AS `i`
WHERE `i`.`Expiration` IS NOT NULL AND (`i`.`Expiration` < @__maxExpirationDate_0)
2024-10-19 05:42:49 [ERR] [Volo.Abp.IdentityServer.Tokens.TokenCleanupBackgroundWorker] [55480] [99] - Table 'authserver-v8.2.identityserverpersistedgrants' doesn't exist
MySqlConnector.MySqlException (0x80004005): Table 'authserver-v8.2.identityserverpersistedgrants' doesn't exist
   at MySqlConnector.Core.ServerSession.ReceiveReplyAsync(IOBehavior ioBehavior, CancellationToken cancellationToken) in /_/src/MySqlConnector/Core/ServerSession.cs:line 894
   at MySqlConnector.Core.ResultSet.ReadResultSetHeaderAsync(IOBehavior ioBehavior) in /_/src/MySqlConnector/Core/ResultSet.cs:line 37
   at MySqlConnector.MySqlDataReader.ActivateResultSet(CancellationToken cancellationToken) in /_/src/MySqlConnector/MySqlDataReader.cs:line 130
   at MySqlConnector.MySqlDataReader.InitAsync(CommandListPosition commandListPosition, ICommandPayloadCreator payloadCreator, IDictionary`2 cachedProcedures, IMySqlCommand command, CommandBehavior behavior, Activity activity, IOBehavior ioBehavior, CancellationToken cancellationToken) in /_/src/MySqlConnector/MySqlDataReader.cs:line 483
   at MySqlConnector.Core.CommandExecutor.ExecuteReaderAsync(CommandListPosition commandListPosition, ICommandPayloadCreator payloadCreator, CommandBehavior behavior, Activity activity, IOBehavior ioBehavior, CancellationToken cancellationToken) in /_/src/MySqlConnector/Core/CommandExecutor.cs:line 56
   at MySqlConnector.MySqlCommand.ExecuteNonQueryAsync(IOBehavior ioBehavior, CancellationToken cancellationToken) in /_/src/MySqlConnector/MySqlCommand.cs:line 309
   at Microsoft.EntityFrameworkCore.Storage.RelationalCommand.ExecuteNonQueryAsync(RelationalCommandParameterObject parameterObject, CancellationToken cancellationToken)
   at Microsoft.EntityFrameworkCore.Storage.RelationalCommand.ExecuteNonQueryAsync(RelationalCommandParameterObject parameterObject, CancellationToken cancellationToken)
   at Microsoft.EntityFrameworkCore.Storage.RelationalCommand.ExecuteNonQueryAsync(RelationalCommandParameterObject parameterObject, CancellationToken cancellationToken)
   at Pomelo.EntityFrameworkCore.MySql.Storage.Internal.MySqlExecutionStrategy.ExecuteAsync[TState,TResult](TState state, Func`4 operation, Func`4 verifySucceeded, CancellationToken cancellationToken)
   at Volo.Abp.Domain.Repositories.EntityFrameworkCore.EfCoreRepository`2.DeleteDirectAsync(Expression`1 predicate, CancellationToken cancellationToken)
   at Volo.Abp.IdentityServer.Grants.PersistentGrantRepository.DeleteExpirationAsync(DateTime maxExpirationDate, CancellationToken cancellationToken)
   at Castle.DynamicProxy.AsyncInterceptorBase.ProceedAsynchronous(IInvocation invocation, IInvocationProceedInfo proceedInfo)
   at Volo.Abp.Castle.DynamicProxy.CastleAbpMethodInvocationAdapter.ProceedAsync()
   at Volo.Abp.Uow.UnitOfWorkInterceptor.InterceptAsync(IAbpMethodInvocation invocation)
   at Volo.Abp.Castle.DynamicProxy.CastleAsyncAbpInterceptorAdapter`1.InterceptAsync(IInvocation invocation, IInvocationProceedInfo proceedInfo, Func`3 proceed)
   at Volo.Abp.IdentityServer.Tokens.TokenCleanupService.RemoveGrantsAsync()
   at Castle.DynamicProxy.AsyncInterceptorBase.ProceedAsynchronous(IInvocation invocation, IInvocationProceedInfo proceedInfo)
   at Volo.Abp.Castle.DynamicProxy.CastleAbpMethodInvocationAdapter.ProceedAsync()
   at Volo.Abp.Uow.UnitOfWorkInterceptor.InterceptAsync(IAbpMethodInvocation invocation)
   at Volo.Abp.Castle.DynamicProxy.CastleAsyncAbpInterceptorAdapter`1.InterceptAsync(IInvocation invocation, IInvocationProceedInfo proceedInfo, Func`3 proceed)
   at Volo.Abp.IdentityServer.Tokens.TokenCleanupService.CleanAsync()
   at Castle.DynamicProxy.AsyncInterceptorBase.ProceedAsynchronous(IInvocation invocation, IInvocationProceedInfo proceedInfo)
   at Volo.Abp.Castle.DynamicProxy.CastleAbpMethodInvocationAdapter.ProceedAsync()
   at Volo.Abp.Uow.UnitOfWorkInterceptor.InterceptAsync(IAbpMethodInvocation invocation)
   at Volo.Abp.Castle.DynamicProxy.CastleAsyncAbpInterceptorAdapter`1.InterceptAsync(IInvocation invocation, IInvocationProceedInfo proceedInfo, Func`3 proceed)
   at Volo.Abp.IdentityServer.Tokens.TokenCleanupBackgroundWorker.DoWorkAsync(PeriodicBackgroundWorkerContext workerContext)
   at Volo.Abp.BackgroundWorkers.AsyncPeriodicBackgroundWorkerBase.DoWorkAsync(CancellationToken cancellationToken)
2024-10-19 05:42:49 [ERR] [Volo.Abp.IdentityServer.Tokens.TokenCleanupBackgroundWorker] [55480] [99] - ---------- Exception Data ----------
Server Error Code = 1146
SqlState = 42S02

2024-10-19 06:24:39 [WRN] [Microsoft.AspNetCore.Http.ResponseCookies] [55480] [263] - The cookie 'XSRF-TOKEN' has set 'SameSite=None' and must also set 'Secure'.
2024-10-19 06:24:45 [WRN] [Volo.Abp.AspNetCore.Mvc.AspNetCoreApiDescriptionModelProvider] [55480] [254] - Controller 'TextTemplateContent' contains more than one action with name 'GetAsyncByInput' for module 'text-templating'. Ignored: System.Threading.Tasks.Task`1[ZQH.Abp.TextTemplating.TextTemplateContentDto] GetAsync(ZQH.Abp.TextTemplating.TextTemplateContentGetInput)
2024-10-19 06:24:53 [INF] [DotNetCore.CAP.Internal.SubscribeExecutor] [55480] [263] - Executing subscriber method 'IdentitySessionCacheItemSynchronizer.HandleEventAsync' on group 'BackendAdmin.v1'
2024-10-19 06:24:53 [INF] [DotNetCore.CAP.Internal.SubscribeExecutor] [55480] [253] - Executed subscriber method 'IdentitySessionCacheItemSynchronizer.HandleEventAsync' on group 'BackendAdmin.v1' with instance 'zqhT16' in 41.5516ms
2024-10-19 06:24:55 [WRN] [Microsoft.AspNetCore.Http.ResponseCookies] [55480] [254] - The cookie 'XSRF-TOKEN' has set 'SameSite=None' and must also set 'Secure'.
2024-10-19 06:26:17 [WRN] [Microsoft.AspNetCore.Http.ResponseCookies] [55480] [255] - The cookie 'XSRF-TOKEN' has set 'SameSite=None' and must also set 'Secure'.
2024-10-19 06:26:28 [WRN] [Microsoft.AspNetCore.Http.ResponseCookies] [55480] [247] - The cookie 'XSRF-TOKEN' has set 'SameSite=None' and must also set 'Secure'.
2024-10-19 06:26:33 [WRN] [Volo.Abp.AspNetCore.Mvc.AspNetCoreApiDescriptionModelProvider] [55480] [256] - Controller 'TextTemplateContent' contains more than one action with name 'GetAsyncByInput' for module 'text-templating'. Ignored: System.Threading.Tasks.Task`1[ZQH.Abp.TextTemplating.TextTemplateContentDto] GetAsync(ZQH.Abp.TextTemplating.TextTemplateContentGetInput)
2024-10-19 06:26:47 [INF] [DotNetCore.CAP.Internal.SubscribeExecutor] [55480] [256] - Executing subscriber method 'IdentitySessionCacheItemSynchronizer.HandleEventAsync' on group 'BackendAdmin.v1'
2024-10-19 06:26:47 [INF] [DotNetCore.CAP.Internal.SubscribeExecutor] [55480] [232] - Executed subscriber method 'IdentitySessionCacheItemSynchronizer.HandleEventAsync' on group 'BackendAdmin.v1' with instance 'zqhT16' in 57.5625ms
2024-10-19 06:26:48 [WRN] [Microsoft.AspNetCore.Http.ResponseCookies] [55480] [232] - The cookie 'XSRF-TOKEN' has set 'SameSite=None' and must also set 'Secure'.
2024-10-19 06:26:51 [WRN] [Microsoft.AspNetCore.Http.ResponseCookies] [55480] [232] - The cookie 'XSRF-TOKEN' has set 'SameSite=None' and must also set 'Secure'.
2024-10-19 06:42:49 [ERR] [Microsoft.EntityFrameworkCore.Database.Command] [55480] [173] - Failed executing DbCommand (11ms) [Parameters=[@__maxExpirationDate_0='?' (DbType = DateTime)], CommandType='"Text"', CommandTimeout='30']
DELETE `i`
FROM `IdentityServerPersistedGrants` AS `i`
WHERE `i`.`Expiration` IS NOT NULL AND (`i`.`Expiration` < @__maxExpirationDate_0)
2024-10-19 06:42:50 [ERR] [Volo.Abp.IdentityServer.Tokens.TokenCleanupBackgroundWorker] [55480] [173] - Table 'authserver-v8.2.identityserverpersistedgrants' doesn't exist
MySqlConnector.MySqlException (0x80004005): Table 'authserver-v8.2.identityserverpersistedgrants' doesn't exist
   at MySqlConnector.Core.ServerSession.ReceiveReplyAsync(IOBehavior ioBehavior, CancellationToken cancellationToken) in /_/src/MySqlConnector/Core/ServerSession.cs:line 894
   at MySqlConnector.Core.ResultSet.ReadResultSetHeaderAsync(IOBehavior ioBehavior) in /_/src/MySqlConnector/Core/ResultSet.cs:line 37
   at MySqlConnector.MySqlDataReader.ActivateResultSet(CancellationToken cancellationToken) in /_/src/MySqlConnector/MySqlDataReader.cs:line 130
   at MySqlConnector.MySqlDataReader.InitAsync(CommandListPosition commandListPosition, ICommandPayloadCreator payloadCreator, IDictionary`2 cachedProcedures, IMySqlCommand command, CommandBehavior behavior, Activity activity, IOBehavior ioBehavior, CancellationToken cancellationToken) in /_/src/MySqlConnector/MySqlDataReader.cs:line 483
   at MySqlConnector.Core.CommandExecutor.ExecuteReaderAsync(CommandListPosition commandListPosition, ICommandPayloadCreator payloadCreator, CommandBehavior behavior, Activity activity, IOBehavior ioBehavior, CancellationToken cancellationToken) in /_/src/MySqlConnector/Core/CommandExecutor.cs:line 56
   at MySqlConnector.MySqlCommand.ExecuteNonQueryAsync(IOBehavior ioBehavior, CancellationToken cancellationToken) in /_/src/MySqlConnector/MySqlCommand.cs:line 309
   at Microsoft.EntityFrameworkCore.Storage.RelationalCommand.ExecuteNonQueryAsync(RelationalCommandParameterObject parameterObject, CancellationToken cancellationToken)
   at Microsoft.EntityFrameworkCore.Storage.RelationalCommand.ExecuteNonQueryAsync(RelationalCommandParameterObject parameterObject, CancellationToken cancellationToken)
   at Microsoft.EntityFrameworkCore.Storage.RelationalCommand.ExecuteNonQueryAsync(RelationalCommandParameterObject parameterObject, CancellationToken cancellationToken)
   at Pomelo.EntityFrameworkCore.MySql.Storage.Internal.MySqlExecutionStrategy.ExecuteAsync[TState,TResult](TState state, Func`4 operation, Func`4 verifySucceeded, CancellationToken cancellationToken)
   at Volo.Abp.Domain.Repositories.EntityFrameworkCore.EfCoreRepository`2.DeleteDirectAsync(Expression`1 predicate, CancellationToken cancellationToken)
   at Volo.Abp.IdentityServer.Grants.PersistentGrantRepository.DeleteExpirationAsync(DateTime maxExpirationDate, CancellationToken cancellationToken)
   at Castle.DynamicProxy.AsyncInterceptorBase.ProceedAsynchronous(IInvocation invocation, IInvocationProceedInfo proceedInfo)
   at Volo.Abp.Castle.DynamicProxy.CastleAbpMethodInvocationAdapter.ProceedAsync()
   at Volo.Abp.Uow.UnitOfWorkInterceptor.InterceptAsync(IAbpMethodInvocation invocation)
   at Volo.Abp.Castle.DynamicProxy.CastleAsyncAbpInterceptorAdapter`1.InterceptAsync(IInvocation invocation, IInvocationProceedInfo proceedInfo, Func`3 proceed)
   at Volo.Abp.IdentityServer.Tokens.TokenCleanupService.RemoveGrantsAsync()
   at Castle.DynamicProxy.AsyncInterceptorBase.ProceedAsynchronous(IInvocation invocation, IInvocationProceedInfo proceedInfo)
   at Volo.Abp.Castle.DynamicProxy.CastleAbpMethodInvocationAdapter.ProceedAsync()
   at Volo.Abp.Uow.UnitOfWorkInterceptor.InterceptAsync(IAbpMethodInvocation invocation)
   at Volo.Abp.Castle.DynamicProxy.CastleAsyncAbpInterceptorAdapter`1.InterceptAsync(IInvocation invocation, IInvocationProceedInfo proceedInfo, Func`3 proceed)
   at Volo.Abp.IdentityServer.Tokens.TokenCleanupService.CleanAsync()
   at Castle.DynamicProxy.AsyncInterceptorBase.ProceedAsynchronous(IInvocation invocation, IInvocationProceedInfo proceedInfo)
   at Volo.Abp.Castle.DynamicProxy.CastleAbpMethodInvocationAdapter.ProceedAsync()
   at Volo.Abp.Uow.UnitOfWorkInterceptor.InterceptAsync(IAbpMethodInvocation invocation)
   at Volo.Abp.Castle.DynamicProxy.CastleAsyncAbpInterceptorAdapter`1.InterceptAsync(IInvocation invocation, IInvocationProceedInfo proceedInfo, Func`3 proceed)
   at Volo.Abp.IdentityServer.Tokens.TokenCleanupBackgroundWorker.DoWorkAsync(PeriodicBackgroundWorkerContext workerContext)
   at Volo.Abp.BackgroundWorkers.AsyncPeriodicBackgroundWorkerBase.DoWorkAsync(CancellationToken cancellationToken)
2024-10-19 06:42:50 [ERR] [Volo.Abp.IdentityServer.Tokens.TokenCleanupBackgroundWorker] [55480] [173] - ---------- Exception Data ----------
Server Error Code = 1146
SqlState = 42S02

2024-10-19 07:42:50 [ERR] [Microsoft.EntityFrameworkCore.Database.Command] [55480] [167] - Failed executing DbCommand (9ms) [Parameters=[@__maxExpirationDate_0='?' (DbType = DateTime)], CommandType='"Text"', CommandTimeout='30']
DELETE `i`
FROM `IdentityServerPersistedGrants` AS `i`
WHERE `i`.`Expiration` IS NOT NULL AND (`i`.`Expiration` < @__maxExpirationDate_0)
2024-10-19 07:42:50 [ERR] [Volo.Abp.IdentityServer.Tokens.TokenCleanupBackgroundWorker] [55480] [167] - Table 'authserver-v8.2.identityserverpersistedgrants' doesn't exist
MySqlConnector.MySqlException (0x80004005): Table 'authserver-v8.2.identityserverpersistedgrants' doesn't exist
   at MySqlConnector.Core.ServerSession.ReceiveReplyAsync(IOBehavior ioBehavior, CancellationToken cancellationToken) in /_/src/MySqlConnector/Core/ServerSession.cs:line 894
   at MySqlConnector.Core.ResultSet.ReadResultSetHeaderAsync(IOBehavior ioBehavior) in /_/src/MySqlConnector/Core/ResultSet.cs:line 37
   at MySqlConnector.MySqlDataReader.ActivateResultSet(CancellationToken cancellationToken) in /_/src/MySqlConnector/MySqlDataReader.cs:line 130
   at MySqlConnector.MySqlDataReader.InitAsync(CommandListPosition commandListPosition, ICommandPayloadCreator payloadCreator, IDictionary`2 cachedProcedures, IMySqlCommand command, CommandBehavior behavior, Activity activity, IOBehavior ioBehavior, CancellationToken cancellationToken) in /_/src/MySqlConnector/MySqlDataReader.cs:line 483
   at MySqlConnector.Core.CommandExecutor.ExecuteReaderAsync(CommandListPosition commandListPosition, ICommandPayloadCreator payloadCreator, CommandBehavior behavior, Activity activity, IOBehavior ioBehavior, CancellationToken cancellationToken) in /_/src/MySqlConnector/Core/CommandExecutor.cs:line 56
   at MySqlConnector.MySqlCommand.ExecuteNonQueryAsync(IOBehavior ioBehavior, CancellationToken cancellationToken) in /_/src/MySqlConnector/MySqlCommand.cs:line 309
   at Microsoft.EntityFrameworkCore.Storage.RelationalCommand.ExecuteNonQueryAsync(RelationalCommandParameterObject parameterObject, CancellationToken cancellationToken)
   at Microsoft.EntityFrameworkCore.Storage.RelationalCommand.ExecuteNonQueryAsync(RelationalCommandParameterObject parameterObject, CancellationToken cancellationToken)
   at Microsoft.EntityFrameworkCore.Storage.RelationalCommand.ExecuteNonQueryAsync(RelationalCommandParameterObject parameterObject, CancellationToken cancellationToken)
   at Pomelo.EntityFrameworkCore.MySql.Storage.Internal.MySqlExecutionStrategy.ExecuteAsync[TState,TResult](TState state, Func`4 operation, Func`4 verifySucceeded, CancellationToken cancellationToken)
   at Volo.Abp.Domain.Repositories.EntityFrameworkCore.EfCoreRepository`2.DeleteDirectAsync(Expression`1 predicate, CancellationToken cancellationToken)
   at Volo.Abp.IdentityServer.Grants.PersistentGrantRepository.DeleteExpirationAsync(DateTime maxExpirationDate, CancellationToken cancellationToken)
   at Castle.DynamicProxy.AsyncInterceptorBase.ProceedAsynchronous(IInvocation invocation, IInvocationProceedInfo proceedInfo)
   at Volo.Abp.Castle.DynamicProxy.CastleAbpMethodInvocationAdapter.ProceedAsync()
   at Volo.Abp.Uow.UnitOfWorkInterceptor.InterceptAsync(IAbpMethodInvocation invocation)
   at Volo.Abp.Castle.DynamicProxy.CastleAsyncAbpInterceptorAdapter`1.InterceptAsync(IInvocation invocation, IInvocationProceedInfo proceedInfo, Func`3 proceed)
   at Volo.Abp.IdentityServer.Tokens.TokenCleanupService.RemoveGrantsAsync()
   at Castle.DynamicProxy.AsyncInterceptorBase.ProceedAsynchronous(IInvocation invocation, IInvocationProceedInfo proceedInfo)
   at Volo.Abp.Castle.DynamicProxy.CastleAbpMethodInvocationAdapter.ProceedAsync()
   at Volo.Abp.Uow.UnitOfWorkInterceptor.InterceptAsync(IAbpMethodInvocation invocation)
   at Volo.Abp.Castle.DynamicProxy.CastleAsyncAbpInterceptorAdapter`1.InterceptAsync(IInvocation invocation, IInvocationProceedInfo proceedInfo, Func`3 proceed)
   at Volo.Abp.IdentityServer.Tokens.TokenCleanupService.CleanAsync()
   at Castle.DynamicProxy.AsyncInterceptorBase.ProceedAsynchronous(IInvocation invocation, IInvocationProceedInfo proceedInfo)
   at Volo.Abp.Castle.DynamicProxy.CastleAbpMethodInvocationAdapter.ProceedAsync()
   at Volo.Abp.Uow.UnitOfWorkInterceptor.InterceptAsync(IAbpMethodInvocation invocation)
   at Volo.Abp.Castle.DynamicProxy.CastleAsyncAbpInterceptorAdapter`1.InterceptAsync(IInvocation invocation, IInvocationProceedInfo proceedInfo, Func`3 proceed)
   at Volo.Abp.IdentityServer.Tokens.TokenCleanupBackgroundWorker.DoWorkAsync(PeriodicBackgroundWorkerContext workerContext)
   at Volo.Abp.BackgroundWorkers.AsyncPeriodicBackgroundWorkerBase.DoWorkAsync(CancellationToken cancellationToken)
2024-10-19 07:42:50 [ERR] [Volo.Abp.IdentityServer.Tokens.TokenCleanupBackgroundWorker] [55480] [167] - ---------- Exception Data ----------
Server Error Code = 1146
SqlState = 42S02

2024-10-19 08:42:50 [ERR] [Microsoft.EntityFrameworkCore.Database.Command] [55480] [136] - Failed executing DbCommand (6ms) [Parameters=[@__maxExpirationDate_0='?' (DbType = DateTime)], CommandType='"Text"', CommandTimeout='30']
DELETE `i`
FROM `IdentityServerPersistedGrants` AS `i`
WHERE `i`.`Expiration` IS NOT NULL AND (`i`.`Expiration` < @__maxExpirationDate_0)
2024-10-19 08:42:50 [ERR] [Volo.Abp.IdentityServer.Tokens.TokenCleanupBackgroundWorker] [55480] [136] - Table 'authserver-v8.2.identityserverpersistedgrants' doesn't exist
MySqlConnector.MySqlException (0x80004005): Table 'authserver-v8.2.identityserverpersistedgrants' doesn't exist
   at MySqlConnector.Core.ServerSession.ReceiveReplyAsync(IOBehavior ioBehavior, CancellationToken cancellationToken) in /_/src/MySqlConnector/Core/ServerSession.cs:line 894
   at MySqlConnector.Core.ResultSet.ReadResultSetHeaderAsync(IOBehavior ioBehavior) in /_/src/MySqlConnector/Core/ResultSet.cs:line 37
   at MySqlConnector.MySqlDataReader.ActivateResultSet(CancellationToken cancellationToken) in /_/src/MySqlConnector/MySqlDataReader.cs:line 130
   at MySqlConnector.MySqlDataReader.InitAsync(CommandListPosition commandListPosition, ICommandPayloadCreator payloadCreator, IDictionary`2 cachedProcedures, IMySqlCommand command, CommandBehavior behavior, Activity activity, IOBehavior ioBehavior, CancellationToken cancellationToken) in /_/src/MySqlConnector/MySqlDataReader.cs:line 483
   at MySqlConnector.Core.CommandExecutor.ExecuteReaderAsync(CommandListPosition commandListPosition, ICommandPayloadCreator payloadCreator, CommandBehavior behavior, Activity activity, IOBehavior ioBehavior, CancellationToken cancellationToken) in /_/src/MySqlConnector/Core/CommandExecutor.cs:line 56
   at MySqlConnector.MySqlCommand.ExecuteNonQueryAsync(IOBehavior ioBehavior, CancellationToken cancellationToken) in /_/src/MySqlConnector/MySqlCommand.cs:line 309
   at Microsoft.EntityFrameworkCore.Storage.RelationalCommand.ExecuteNonQueryAsync(RelationalCommandParameterObject parameterObject, CancellationToken cancellationToken)
   at Microsoft.EntityFrameworkCore.Storage.RelationalCommand.ExecuteNonQueryAsync(RelationalCommandParameterObject parameterObject, CancellationToken cancellationToken)
   at Microsoft.EntityFrameworkCore.Storage.RelationalCommand.ExecuteNonQueryAsync(RelationalCommandParameterObject parameterObject, CancellationToken cancellationToken)
   at Pomelo.EntityFrameworkCore.MySql.Storage.Internal.MySqlExecutionStrategy.ExecuteAsync[TState,TResult](TState state, Func`4 operation, Func`4 verifySucceeded, CancellationToken cancellationToken)
   at Volo.Abp.Domain.Repositories.EntityFrameworkCore.EfCoreRepository`2.DeleteDirectAsync(Expression`1 predicate, CancellationToken cancellationToken)
   at Volo.Abp.IdentityServer.Grants.PersistentGrantRepository.DeleteExpirationAsync(DateTime maxExpirationDate, CancellationToken cancellationToken)
   at Castle.DynamicProxy.AsyncInterceptorBase.ProceedAsynchronous(IInvocation invocation, IInvocationProceedInfo proceedInfo)
   at Volo.Abp.Castle.DynamicProxy.CastleAbpMethodInvocationAdapter.ProceedAsync()
   at Volo.Abp.Uow.UnitOfWorkInterceptor.InterceptAsync(IAbpMethodInvocation invocation)
   at Volo.Abp.Castle.DynamicProxy.CastleAsyncAbpInterceptorAdapter`1.InterceptAsync(IInvocation invocation, IInvocationProceedInfo proceedInfo, Func`3 proceed)
   at Volo.Abp.IdentityServer.Tokens.TokenCleanupService.RemoveGrantsAsync()
   at Castle.DynamicProxy.AsyncInterceptorBase.ProceedAsynchronous(IInvocation invocation, IInvocationProceedInfo proceedInfo)
   at Volo.Abp.Castle.DynamicProxy.CastleAbpMethodInvocationAdapter.ProceedAsync()
   at Volo.Abp.Uow.UnitOfWorkInterceptor.InterceptAsync(IAbpMethodInvocation invocation)
   at Volo.Abp.Castle.DynamicProxy.CastleAsyncAbpInterceptorAdapter`1.InterceptAsync(IInvocation invocation, IInvocationProceedInfo proceedInfo, Func`3 proceed)
   at Volo.Abp.IdentityServer.Tokens.TokenCleanupService.CleanAsync()
   at Castle.DynamicProxy.AsyncInterceptorBase.ProceedAsynchronous(IInvocation invocation, IInvocationProceedInfo proceedInfo)
   at Volo.Abp.Castle.DynamicProxy.CastleAbpMethodInvocationAdapter.ProceedAsync()
   at Volo.Abp.Uow.UnitOfWorkInterceptor.InterceptAsync(IAbpMethodInvocation invocation)
   at Volo.Abp.Castle.DynamicProxy.CastleAsyncAbpInterceptorAdapter`1.InterceptAsync(IInvocation invocation, IInvocationProceedInfo proceedInfo, Func`3 proceed)
   at Volo.Abp.IdentityServer.Tokens.TokenCleanupBackgroundWorker.DoWorkAsync(PeriodicBackgroundWorkerContext workerContext)
   at Volo.Abp.BackgroundWorkers.AsyncPeriodicBackgroundWorkerBase.DoWorkAsync(CancellationToken cancellationToken)
2024-10-19 08:42:50 [ERR] [Volo.Abp.IdentityServer.Tokens.TokenCleanupBackgroundWorker] [55480] [136] - ---------- Exception Data ----------
Server Error Code = 1146
SqlState = 42S02

2024-10-19 09:29:26 [INF] [DotNetCore.CAP.Internal.SubscribeExecutor] [55480] [152] - Executing subscriber method 'IdentitySessionCacheItemSynchronizer.HandleEventAsync' on group 'BackendAdmin.v1'
2024-10-19 09:29:26 [INF] [DotNetCore.CAP.Internal.SubscribeExecutor] [55480] [151] - Executed subscriber method 'IdentitySessionCacheItemSynchronizer.HandleEventAsync' on group 'BackendAdmin.v1' with instance 'zqhT16' in 155.7593ms
2024-10-19 09:29:26 [WRN] [DotNetCore.CAP.Internal.MessageSender] [55480] [54] - The 1th retrying send a message failed. message id: 4000999920976466007 
2024-10-19 09:29:26 [INF] [DotNetCore.CAP.RabbitMQ.RabbitMQTransport] [55480] [54] - CAP message 'ZQH.Abp.Identity.IdentitySessionEto.Updated' published, internal id '4000999920976466007'
2024-10-19 09:42:50 [ERR] [Microsoft.EntityFrameworkCore.Database.Command] [55480] [151] - Failed executing DbCommand (16ms) [Parameters=[@__maxExpirationDate_0='?' (DbType = DateTime)], CommandType='"Text"', CommandTimeout='30']
DELETE `i`
FROM `IdentityServerPersistedGrants` AS `i`
WHERE `i`.`Expiration` IS NOT NULL AND (`i`.`Expiration` < @__maxExpirationDate_0)
2024-10-19 09:42:50 [ERR] [Volo.Abp.IdentityServer.Tokens.TokenCleanupBackgroundWorker] [55480] [151] - Table 'authserver-v8.2.identityserverpersistedgrants' doesn't exist
MySqlConnector.MySqlException (0x80004005): Table 'authserver-v8.2.identityserverpersistedgrants' doesn't exist
   at MySqlConnector.Core.ServerSession.ReceiveReplyAsync(IOBehavior ioBehavior, CancellationToken cancellationToken) in /_/src/MySqlConnector/Core/ServerSession.cs:line 894
   at MySqlConnector.Core.ResultSet.ReadResultSetHeaderAsync(IOBehavior ioBehavior) in /_/src/MySqlConnector/Core/ResultSet.cs:line 37
   at MySqlConnector.MySqlDataReader.ActivateResultSet(CancellationToken cancellationToken) in /_/src/MySqlConnector/MySqlDataReader.cs:line 130
   at MySqlConnector.MySqlDataReader.InitAsync(CommandListPosition commandListPosition, ICommandPayloadCreator payloadCreator, IDictionary`2 cachedProcedures, IMySqlCommand command, CommandBehavior behavior, Activity activity, IOBehavior ioBehavior, CancellationToken cancellationToken) in /_/src/MySqlConnector/MySqlDataReader.cs:line 483
   at MySqlConnector.Core.CommandExecutor.ExecuteReaderAsync(CommandListPosition commandListPosition, ICommandPayloadCreator payloadCreator, CommandBehavior behavior, Activity activity, IOBehavior ioBehavior, CancellationToken cancellationToken) in /_/src/MySqlConnector/Core/CommandExecutor.cs:line 56
   at MySqlConnector.MySqlCommand.ExecuteNonQueryAsync(IOBehavior ioBehavior, CancellationToken cancellationToken) in /_/src/MySqlConnector/MySqlCommand.cs:line 309
   at Microsoft.EntityFrameworkCore.Storage.RelationalCommand.ExecuteNonQueryAsync(RelationalCommandParameterObject parameterObject, CancellationToken cancellationToken)
   at Microsoft.EntityFrameworkCore.Storage.RelationalCommand.ExecuteNonQueryAsync(RelationalCommandParameterObject parameterObject, CancellationToken cancellationToken)
   at Microsoft.EntityFrameworkCore.Storage.RelationalCommand.ExecuteNonQueryAsync(RelationalCommandParameterObject parameterObject, CancellationToken cancellationToken)
   at Pomelo.EntityFrameworkCore.MySql.Storage.Internal.MySqlExecutionStrategy.ExecuteAsync[TState,TResult](TState state, Func`4 operation, Func`4 verifySucceeded, CancellationToken cancellationToken)
   at Volo.Abp.Domain.Repositories.EntityFrameworkCore.EfCoreRepository`2.DeleteDirectAsync(Expression`1 predicate, CancellationToken cancellationToken)
   at Volo.Abp.IdentityServer.Grants.PersistentGrantRepository.DeleteExpirationAsync(DateTime maxExpirationDate, CancellationToken cancellationToken)
   at Castle.DynamicProxy.AsyncInterceptorBase.ProceedAsynchronous(IInvocation invocation, IInvocationProceedInfo proceedInfo)
   at Volo.Abp.Castle.DynamicProxy.CastleAbpMethodInvocationAdapter.ProceedAsync()
   at Volo.Abp.Uow.UnitOfWorkInterceptor.InterceptAsync(IAbpMethodInvocation invocation)
   at Volo.Abp.Castle.DynamicProxy.CastleAsyncAbpInterceptorAdapter`1.InterceptAsync(IInvocation invocation, IInvocationProceedInfo proceedInfo, Func`3 proceed)
   at Volo.Abp.IdentityServer.Tokens.TokenCleanupService.RemoveGrantsAsync()
   at Castle.DynamicProxy.AsyncInterceptorBase.ProceedAsynchronous(IInvocation invocation, IInvocationProceedInfo proceedInfo)
   at Volo.Abp.Castle.DynamicProxy.CastleAbpMethodInvocationAdapter.ProceedAsync()
   at Volo.Abp.Uow.UnitOfWorkInterceptor.InterceptAsync(IAbpMethodInvocation invocation)
   at Volo.Abp.Castle.DynamicProxy.CastleAsyncAbpInterceptorAdapter`1.InterceptAsync(IInvocation invocation, IInvocationProceedInfo proceedInfo, Func`3 proceed)
   at Volo.Abp.IdentityServer.Tokens.TokenCleanupService.CleanAsync()
   at Castle.DynamicProxy.AsyncInterceptorBase.ProceedAsynchronous(IInvocation invocation, IInvocationProceedInfo proceedInfo)
   at Volo.Abp.Castle.DynamicProxy.CastleAbpMethodInvocationAdapter.ProceedAsync()
   at Volo.Abp.Uow.UnitOfWorkInterceptor.InterceptAsync(IAbpMethodInvocation invocation)
   at Volo.Abp.Castle.DynamicProxy.CastleAsyncAbpInterceptorAdapter`1.InterceptAsync(IInvocation invocation, IInvocationProceedInfo proceedInfo, Func`3 proceed)
   at Volo.Abp.IdentityServer.Tokens.TokenCleanupBackgroundWorker.DoWorkAsync(PeriodicBackgroundWorkerContext workerContext)
   at Volo.Abp.BackgroundWorkers.AsyncPeriodicBackgroundWorkerBase.DoWorkAsync(CancellationToken cancellationToken)
2024-10-19 09:42:50 [ERR] [Volo.Abp.IdentityServer.Tokens.TokenCleanupBackgroundWorker] [55480] [151] - ---------- Exception Data ----------
Server Error Code = 1146
SqlState = 42S02

2024-10-19 10:42:50 [ERR] [Microsoft.EntityFrameworkCore.Database.Command] [55480] [36] - Failed executing DbCommand (3ms) [Parameters=[@__maxExpirationDate_0='?' (DbType = DateTime)], CommandType='"Text"', CommandTimeout='30']
DELETE `i`
FROM `IdentityServerPersistedGrants` AS `i`
WHERE `i`.`Expiration` IS NOT NULL AND (`i`.`Expiration` < @__maxExpirationDate_0)
2024-10-19 10:42:50 [ERR] [Volo.Abp.IdentityServer.Tokens.TokenCleanupBackgroundWorker] [55480] [36] - Table 'authserver-v8.2.identityserverpersistedgrants' doesn't exist
MySqlConnector.MySqlException (0x80004005): Table 'authserver-v8.2.identityserverpersistedgrants' doesn't exist
   at MySqlConnector.Core.ServerSession.ReceiveReplyAsync(IOBehavior ioBehavior, CancellationToken cancellationToken) in /_/src/MySqlConnector/Core/ServerSession.cs:line 894
   at MySqlConnector.Core.ResultSet.ReadResultSetHeaderAsync(IOBehavior ioBehavior) in /_/src/MySqlConnector/Core/ResultSet.cs:line 37
   at MySqlConnector.MySqlDataReader.ActivateResultSet(CancellationToken cancellationToken) in /_/src/MySqlConnector/MySqlDataReader.cs:line 130
   at MySqlConnector.MySqlDataReader.InitAsync(CommandListPosition commandListPosition, ICommandPayloadCreator payloadCreator, IDictionary`2 cachedProcedures, IMySqlCommand command, CommandBehavior behavior, Activity activity, IOBehavior ioBehavior, CancellationToken cancellationToken) in /_/src/MySqlConnector/MySqlDataReader.cs:line 483
   at MySqlConnector.Core.CommandExecutor.ExecuteReaderAsync(CommandListPosition commandListPosition, ICommandPayloadCreator payloadCreator, CommandBehavior behavior, Activity activity, IOBehavior ioBehavior, CancellationToken cancellationToken) in /_/src/MySqlConnector/Core/CommandExecutor.cs:line 56
   at MySqlConnector.MySqlCommand.ExecuteNonQueryAsync(IOBehavior ioBehavior, CancellationToken cancellationToken) in /_/src/MySqlConnector/MySqlCommand.cs:line 309
   at Microsoft.EntityFrameworkCore.Storage.RelationalCommand.ExecuteNonQueryAsync(RelationalCommandParameterObject parameterObject, CancellationToken cancellationToken)
   at Microsoft.EntityFrameworkCore.Storage.RelationalCommand.ExecuteNonQueryAsync(RelationalCommandParameterObject parameterObject, CancellationToken cancellationToken)
   at Microsoft.EntityFrameworkCore.Storage.RelationalCommand.ExecuteNonQueryAsync(RelationalCommandParameterObject parameterObject, CancellationToken cancellationToken)
   at Pomelo.EntityFrameworkCore.MySql.Storage.Internal.MySqlExecutionStrategy.ExecuteAsync[TState,TResult](TState state, Func`4 operation, Func`4 verifySucceeded, CancellationToken cancellationToken)
   at Volo.Abp.Domain.Repositories.EntityFrameworkCore.EfCoreRepository`2.DeleteDirectAsync(Expression`1 predicate, CancellationToken cancellationToken)
   at Volo.Abp.IdentityServer.Grants.PersistentGrantRepository.DeleteExpirationAsync(DateTime maxExpirationDate, CancellationToken cancellationToken)
   at Castle.DynamicProxy.AsyncInterceptorBase.ProceedAsynchronous(IInvocation invocation, IInvocationProceedInfo proceedInfo)
   at Volo.Abp.Castle.DynamicProxy.CastleAbpMethodInvocationAdapter.ProceedAsync()
   at Volo.Abp.Uow.UnitOfWorkInterceptor.InterceptAsync(IAbpMethodInvocation invocation)
   at Volo.Abp.Castle.DynamicProxy.CastleAsyncAbpInterceptorAdapter`1.InterceptAsync(IInvocation invocation, IInvocationProceedInfo proceedInfo, Func`3 proceed)
   at Volo.Abp.IdentityServer.Tokens.TokenCleanupService.RemoveGrantsAsync()
   at Castle.DynamicProxy.AsyncInterceptorBase.ProceedAsynchronous(IInvocation invocation, IInvocationProceedInfo proceedInfo)
   at Volo.Abp.Castle.DynamicProxy.CastleAbpMethodInvocationAdapter.ProceedAsync()
   at Volo.Abp.Uow.UnitOfWorkInterceptor.InterceptAsync(IAbpMethodInvocation invocation)
   at Volo.Abp.Castle.DynamicProxy.CastleAsyncAbpInterceptorAdapter`1.InterceptAsync(IInvocation invocation, IInvocationProceedInfo proceedInfo, Func`3 proceed)
   at Volo.Abp.IdentityServer.Tokens.TokenCleanupService.CleanAsync()
   at Castle.DynamicProxy.AsyncInterceptorBase.ProceedAsynchronous(IInvocation invocation, IInvocationProceedInfo proceedInfo)
   at Volo.Abp.Castle.DynamicProxy.CastleAbpMethodInvocationAdapter.ProceedAsync()
   at Volo.Abp.Uow.UnitOfWorkInterceptor.InterceptAsync(IAbpMethodInvocation invocation)
   at Volo.Abp.Castle.DynamicProxy.CastleAsyncAbpInterceptorAdapter`1.InterceptAsync(IInvocation invocation, IInvocationProceedInfo proceedInfo, Func`3 proceed)
   at Volo.Abp.IdentityServer.Tokens.TokenCleanupBackgroundWorker.DoWorkAsync(PeriodicBackgroundWorkerContext workerContext)
   at Volo.Abp.BackgroundWorkers.AsyncPeriodicBackgroundWorkerBase.DoWorkAsync(CancellationToken cancellationToken)
2024-10-19 10:42:50 [ERR] [Volo.Abp.IdentityServer.Tokens.TokenCleanupBackgroundWorker] [55480] [36] - ---------- Exception Data ----------
Server Error Code = 1146
SqlState = 42S02

2024-10-19 11:42:51 [ERR] [Microsoft.EntityFrameworkCore.Database.Command] [55480] [214] - Failed executing DbCommand (13ms) [Parameters=[@__maxExpirationDate_0='?' (DbType = DateTime)], CommandType='"Text"', CommandTimeout='30']
DELETE `i`
FROM `IdentityServerPersistedGrants` AS `i`
WHERE `i`.`Expiration` IS NOT NULL AND (`i`.`Expiration` < @__maxExpirationDate_0)
2024-10-19 11:42:51 [ERR] [Volo.Abp.IdentityServer.Tokens.TokenCleanupBackgroundWorker] [55480] [214] - Table 'authserver-v8.2.identityserverpersistedgrants' doesn't exist
MySqlConnector.MySqlException (0x80004005): Table 'authserver-v8.2.identityserverpersistedgrants' doesn't exist
   at MySqlConnector.Core.ServerSession.ReceiveReplyAsync(IOBehavior ioBehavior, CancellationToken cancellationToken) in /_/src/MySqlConnector/Core/ServerSession.cs:line 894
   at MySqlConnector.Core.ResultSet.ReadResultSetHeaderAsync(IOBehavior ioBehavior) in /_/src/MySqlConnector/Core/ResultSet.cs:line 37
   at MySqlConnector.MySqlDataReader.ActivateResultSet(CancellationToken cancellationToken) in /_/src/MySqlConnector/MySqlDataReader.cs:line 130
   at MySqlConnector.MySqlDataReader.InitAsync(CommandListPosition commandListPosition, ICommandPayloadCreator payloadCreator, IDictionary`2 cachedProcedures, IMySqlCommand command, CommandBehavior behavior, Activity activity, IOBehavior ioBehavior, CancellationToken cancellationToken) in /_/src/MySqlConnector/MySqlDataReader.cs:line 483
   at MySqlConnector.Core.CommandExecutor.ExecuteReaderAsync(CommandListPosition commandListPosition, ICommandPayloadCreator payloadCreator, CommandBehavior behavior, Activity activity, IOBehavior ioBehavior, CancellationToken cancellationToken) in /_/src/MySqlConnector/Core/CommandExecutor.cs:line 56
   at MySqlConnector.MySqlCommand.ExecuteNonQueryAsync(IOBehavior ioBehavior, CancellationToken cancellationToken) in /_/src/MySqlConnector/MySqlCommand.cs:line 309
   at Microsoft.EntityFrameworkCore.Storage.RelationalCommand.ExecuteNonQueryAsync(RelationalCommandParameterObject parameterObject, CancellationToken cancellationToken)
   at Microsoft.EntityFrameworkCore.Storage.RelationalCommand.ExecuteNonQueryAsync(RelationalCommandParameterObject parameterObject, CancellationToken cancellationToken)
   at Microsoft.EntityFrameworkCore.Storage.RelationalCommand.ExecuteNonQueryAsync(RelationalCommandParameterObject parameterObject, CancellationToken cancellationToken)
   at Pomelo.EntityFrameworkCore.MySql.Storage.Internal.MySqlExecutionStrategy.ExecuteAsync[TState,TResult](TState state, Func`4 operation, Func`4 verifySucceeded, CancellationToken cancellationToken)
   at Volo.Abp.Domain.Repositories.EntityFrameworkCore.EfCoreRepository`2.DeleteDirectAsync(Expression`1 predicate, CancellationToken cancellationToken)
   at Volo.Abp.IdentityServer.Grants.PersistentGrantRepository.DeleteExpirationAsync(DateTime maxExpirationDate, CancellationToken cancellationToken)
   at Castle.DynamicProxy.AsyncInterceptorBase.ProceedAsynchronous(IInvocation invocation, IInvocationProceedInfo proceedInfo)
   at Volo.Abp.Castle.DynamicProxy.CastleAbpMethodInvocationAdapter.ProceedAsync()
   at Volo.Abp.Uow.UnitOfWorkInterceptor.InterceptAsync(IAbpMethodInvocation invocation)
   at Volo.Abp.Castle.DynamicProxy.CastleAsyncAbpInterceptorAdapter`1.InterceptAsync(IInvocation invocation, IInvocationProceedInfo proceedInfo, Func`3 proceed)
   at Volo.Abp.IdentityServer.Tokens.TokenCleanupService.RemoveGrantsAsync()
   at Castle.DynamicProxy.AsyncInterceptorBase.ProceedAsynchronous(IInvocation invocation, IInvocationProceedInfo proceedInfo)
   at Volo.Abp.Castle.DynamicProxy.CastleAbpMethodInvocationAdapter.ProceedAsync()
   at Volo.Abp.Uow.UnitOfWorkInterceptor.InterceptAsync(IAbpMethodInvocation invocation)
   at Volo.Abp.Castle.DynamicProxy.CastleAsyncAbpInterceptorAdapter`1.InterceptAsync(IInvocation invocation, IInvocationProceedInfo proceedInfo, Func`3 proceed)
   at Volo.Abp.IdentityServer.Tokens.TokenCleanupService.CleanAsync()
   at Castle.DynamicProxy.AsyncInterceptorBase.ProceedAsynchronous(IInvocation invocation, IInvocationProceedInfo proceedInfo)
   at Volo.Abp.Castle.DynamicProxy.CastleAbpMethodInvocationAdapter.ProceedAsync()
   at Volo.Abp.Uow.UnitOfWorkInterceptor.InterceptAsync(IAbpMethodInvocation invocation)
   at Volo.Abp.Castle.DynamicProxy.CastleAsyncAbpInterceptorAdapter`1.InterceptAsync(IInvocation invocation, IInvocationProceedInfo proceedInfo, Func`3 proceed)
   at Volo.Abp.IdentityServer.Tokens.TokenCleanupBackgroundWorker.DoWorkAsync(PeriodicBackgroundWorkerContext workerContext)
   at Volo.Abp.BackgroundWorkers.AsyncPeriodicBackgroundWorkerBase.DoWorkAsync(CancellationToken cancellationToken)
2024-10-19 11:42:51 [ERR] [Volo.Abp.IdentityServer.Tokens.TokenCleanupBackgroundWorker] [55480] [214] - ---------- Exception Data ----------
Server Error Code = 1146
SqlState = 42S02

2024-10-19 12:42:51 [ERR] [Microsoft.EntityFrameworkCore.Database.Command] [55480] [253] - Failed executing DbCommand (5ms) [Parameters=[@__maxExpirationDate_0='?' (DbType = DateTime)], CommandType='"Text"', CommandTimeout='30']
DELETE `i`
FROM `IdentityServerPersistedGrants` AS `i`
WHERE `i`.`Expiration` IS NOT NULL AND (`i`.`Expiration` < @__maxExpirationDate_0)
2024-10-19 12:42:51 [ERR] [Volo.Abp.IdentityServer.Tokens.TokenCleanupBackgroundWorker] [55480] [253] - Table 'authserver-v8.2.identityserverpersistedgrants' doesn't exist
MySqlConnector.MySqlException (0x80004005): Table 'authserver-v8.2.identityserverpersistedgrants' doesn't exist
   at MySqlConnector.Core.ServerSession.ReceiveReplyAsync(IOBehavior ioBehavior, CancellationToken cancellationToken) in /_/src/MySqlConnector/Core/ServerSession.cs:line 894
   at MySqlConnector.Core.ResultSet.ReadResultSetHeaderAsync(IOBehavior ioBehavior) in /_/src/MySqlConnector/Core/ResultSet.cs:line 37
   at MySqlConnector.MySqlDataReader.ActivateResultSet(CancellationToken cancellationToken) in /_/src/MySqlConnector/MySqlDataReader.cs:line 130
   at MySqlConnector.MySqlDataReader.InitAsync(CommandListPosition commandListPosition, ICommandPayloadCreator payloadCreator, IDictionary`2 cachedProcedures, IMySqlCommand command, CommandBehavior behavior, Activity activity, IOBehavior ioBehavior, CancellationToken cancellationToken) in /_/src/MySqlConnector/MySqlDataReader.cs:line 483
   at MySqlConnector.Core.CommandExecutor.ExecuteReaderAsync(CommandListPosition commandListPosition, ICommandPayloadCreator payloadCreator, CommandBehavior behavior, Activity activity, IOBehavior ioBehavior, CancellationToken cancellationToken) in /_/src/MySqlConnector/Core/CommandExecutor.cs:line 56
   at MySqlConnector.MySqlCommand.ExecuteNonQueryAsync(IOBehavior ioBehavior, CancellationToken cancellationToken) in /_/src/MySqlConnector/MySqlCommand.cs:line 309
   at Microsoft.EntityFrameworkCore.Storage.RelationalCommand.ExecuteNonQueryAsync(RelationalCommandParameterObject parameterObject, CancellationToken cancellationToken)
   at Microsoft.EntityFrameworkCore.Storage.RelationalCommand.ExecuteNonQueryAsync(RelationalCommandParameterObject parameterObject, CancellationToken cancellationToken)
   at Microsoft.EntityFrameworkCore.Storage.RelationalCommand.ExecuteNonQueryAsync(RelationalCommandParameterObject parameterObject, CancellationToken cancellationToken)
   at Pomelo.EntityFrameworkCore.MySql.Storage.Internal.MySqlExecutionStrategy.ExecuteAsync[TState,TResult](TState state, Func`4 operation, Func`4 verifySucceeded, CancellationToken cancellationToken)
   at Volo.Abp.Domain.Repositories.EntityFrameworkCore.EfCoreRepository`2.DeleteDirectAsync(Expression`1 predicate, CancellationToken cancellationToken)
   at Volo.Abp.IdentityServer.Grants.PersistentGrantRepository.DeleteExpirationAsync(DateTime maxExpirationDate, CancellationToken cancellationToken)
   at Castle.DynamicProxy.AsyncInterceptorBase.ProceedAsynchronous(IInvocation invocation, IInvocationProceedInfo proceedInfo)
   at Volo.Abp.Castle.DynamicProxy.CastleAbpMethodInvocationAdapter.ProceedAsync()
   at Volo.Abp.Uow.UnitOfWorkInterceptor.InterceptAsync(IAbpMethodInvocation invocation)
   at Volo.Abp.Castle.DynamicProxy.CastleAsyncAbpInterceptorAdapter`1.InterceptAsync(IInvocation invocation, IInvocationProceedInfo proceedInfo, Func`3 proceed)
   at Volo.Abp.IdentityServer.Tokens.TokenCleanupService.RemoveGrantsAsync()
   at Castle.DynamicProxy.AsyncInterceptorBase.ProceedAsynchronous(IInvocation invocation, IInvocationProceedInfo proceedInfo)
   at Volo.Abp.Castle.DynamicProxy.CastleAbpMethodInvocationAdapter.ProceedAsync()
   at Volo.Abp.Uow.UnitOfWorkInterceptor.InterceptAsync(IAbpMethodInvocation invocation)
   at Volo.Abp.Castle.DynamicProxy.CastleAsyncAbpInterceptorAdapter`1.InterceptAsync(IInvocation invocation, IInvocationProceedInfo proceedInfo, Func`3 proceed)
   at Volo.Abp.IdentityServer.Tokens.TokenCleanupService.CleanAsync()
   at Castle.DynamicProxy.AsyncInterceptorBase.ProceedAsynchronous(IInvocation invocation, IInvocationProceedInfo proceedInfo)
   at Volo.Abp.Castle.DynamicProxy.CastleAbpMethodInvocationAdapter.ProceedAsync()
   at Volo.Abp.Uow.UnitOfWorkInterceptor.InterceptAsync(IAbpMethodInvocation invocation)
   at Volo.Abp.Castle.DynamicProxy.CastleAsyncAbpInterceptorAdapter`1.InterceptAsync(IInvocation invocation, IInvocationProceedInfo proceedInfo, Func`3 proceed)
   at Volo.Abp.IdentityServer.Tokens.TokenCleanupBackgroundWorker.DoWorkAsync(PeriodicBackgroundWorkerContext workerContext)
   at Volo.Abp.BackgroundWorkers.AsyncPeriodicBackgroundWorkerBase.DoWorkAsync(CancellationToken cancellationToken)
2024-10-19 12:42:51 [ERR] [Volo.Abp.IdentityServer.Tokens.TokenCleanupBackgroundWorker] [55480] [253] - ---------- Exception Data ----------
Server Error Code = 1146
SqlState = 42S02

2024-10-19 13:42:51 [ERR] [Microsoft.EntityFrameworkCore.Database.Command] [55480] [136] - Failed executing DbCommand (18ms) [Parameters=[@__maxExpirationDate_0='?' (DbType = DateTime)], CommandType='"Text"', CommandTimeout='30']
DELETE `i`
FROM `IdentityServerPersistedGrants` AS `i`
WHERE `i`.`Expiration` IS NOT NULL AND (`i`.`Expiration` < @__maxExpirationDate_0)
2024-10-19 13:42:51 [ERR] [Volo.Abp.IdentityServer.Tokens.TokenCleanupBackgroundWorker] [55480] [136] - Table 'authserver-v8.2.identityserverpersistedgrants' doesn't exist
MySqlConnector.MySqlException (0x80004005): Table 'authserver-v8.2.identityserverpersistedgrants' doesn't exist
   at MySqlConnector.Core.ServerSession.ReceiveReplyAsync(IOBehavior ioBehavior, CancellationToken cancellationToken) in /_/src/MySqlConnector/Core/ServerSession.cs:line 894
   at MySqlConnector.Core.ResultSet.ReadResultSetHeaderAsync(IOBehavior ioBehavior) in /_/src/MySqlConnector/Core/ResultSet.cs:line 37
   at MySqlConnector.MySqlDataReader.ActivateResultSet(CancellationToken cancellationToken) in /_/src/MySqlConnector/MySqlDataReader.cs:line 130
   at MySqlConnector.MySqlDataReader.InitAsync(CommandListPosition commandListPosition, ICommandPayloadCreator payloadCreator, IDictionary`2 cachedProcedures, IMySqlCommand command, CommandBehavior behavior, Activity activity, IOBehavior ioBehavior, CancellationToken cancellationToken) in /_/src/MySqlConnector/MySqlDataReader.cs:line 483
   at MySqlConnector.Core.CommandExecutor.ExecuteReaderAsync(CommandListPosition commandListPosition, ICommandPayloadCreator payloadCreator, CommandBehavior behavior, Activity activity, IOBehavior ioBehavior, CancellationToken cancellationToken) in /_/src/MySqlConnector/Core/CommandExecutor.cs:line 56
   at MySqlConnector.MySqlCommand.ExecuteNonQueryAsync(IOBehavior ioBehavior, CancellationToken cancellationToken) in /_/src/MySqlConnector/MySqlCommand.cs:line 309
   at Microsoft.EntityFrameworkCore.Storage.RelationalCommand.ExecuteNonQueryAsync(RelationalCommandParameterObject parameterObject, CancellationToken cancellationToken)
   at Microsoft.EntityFrameworkCore.Storage.RelationalCommand.ExecuteNonQueryAsync(RelationalCommandParameterObject parameterObject, CancellationToken cancellationToken)
   at Microsoft.EntityFrameworkCore.Storage.RelationalCommand.ExecuteNonQueryAsync(RelationalCommandParameterObject parameterObject, CancellationToken cancellationToken)
   at Pomelo.EntityFrameworkCore.MySql.Storage.Internal.MySqlExecutionStrategy.ExecuteAsync[TState,TResult](TState state, Func`4 operation, Func`4 verifySucceeded, CancellationToken cancellationToken)
   at Volo.Abp.Domain.Repositories.EntityFrameworkCore.EfCoreRepository`2.DeleteDirectAsync(Expression`1 predicate, CancellationToken cancellationToken)
   at Volo.Abp.IdentityServer.Grants.PersistentGrantRepository.DeleteExpirationAsync(DateTime maxExpirationDate, CancellationToken cancellationToken)
   at Castle.DynamicProxy.AsyncInterceptorBase.ProceedAsynchronous(IInvocation invocation, IInvocationProceedInfo proceedInfo)
   at Volo.Abp.Castle.DynamicProxy.CastleAbpMethodInvocationAdapter.ProceedAsync()
   at Volo.Abp.Uow.UnitOfWorkInterceptor.InterceptAsync(IAbpMethodInvocation invocation)
   at Volo.Abp.Castle.DynamicProxy.CastleAsyncAbpInterceptorAdapter`1.InterceptAsync(IInvocation invocation, IInvocationProceedInfo proceedInfo, Func`3 proceed)
   at Volo.Abp.IdentityServer.Tokens.TokenCleanupService.RemoveGrantsAsync()
   at Castle.DynamicProxy.AsyncInterceptorBase.ProceedAsynchronous(IInvocation invocation, IInvocationProceedInfo proceedInfo)
   at Volo.Abp.Castle.DynamicProxy.CastleAbpMethodInvocationAdapter.ProceedAsync()
   at Volo.Abp.Uow.UnitOfWorkInterceptor.InterceptAsync(IAbpMethodInvocation invocation)
   at Volo.Abp.Castle.DynamicProxy.CastleAsyncAbpInterceptorAdapter`1.InterceptAsync(IInvocation invocation, IInvocationProceedInfo proceedInfo, Func`3 proceed)
   at Volo.Abp.IdentityServer.Tokens.TokenCleanupService.CleanAsync()
   at Castle.DynamicProxy.AsyncInterceptorBase.ProceedAsynchronous(IInvocation invocation, IInvocationProceedInfo proceedInfo)
   at Volo.Abp.Castle.DynamicProxy.CastleAbpMethodInvocationAdapter.ProceedAsync()
   at Volo.Abp.Uow.UnitOfWorkInterceptor.InterceptAsync(IAbpMethodInvocation invocation)
   at Volo.Abp.Castle.DynamicProxy.CastleAsyncAbpInterceptorAdapter`1.InterceptAsync(IInvocation invocation, IInvocationProceedInfo proceedInfo, Func`3 proceed)
   at Volo.Abp.IdentityServer.Tokens.TokenCleanupBackgroundWorker.DoWorkAsync(PeriodicBackgroundWorkerContext workerContext)
   at Volo.Abp.BackgroundWorkers.AsyncPeriodicBackgroundWorkerBase.DoWorkAsync(CancellationToken cancellationToken)
2024-10-19 13:42:51 [ERR] [Volo.Abp.IdentityServer.Tokens.TokenCleanupBackgroundWorker] [55480] [136] - ---------- Exception Data ----------
Server Error Code = 1146
SqlState = 42S02

