2023-04-19 19:19:33 [WRN] [Microsoft.EntityFrameworkCore.Model.Validation] [6688] [1] - The 'bool' property 'Enable' on entity type 'Language' is configured with a database-generated default. This default will always be used for inserts when the property has the value 'false', since this is the CLR default for the 'bool' type. Consider using the nullable 'bool?' type instead, so that the default will only be used for inserts when the property value is 'null'.
2023-04-19 19:19:33 [WRN] [Microsoft.EntityFrameworkCore.Model.Validation] [6688] [1] - The 'bool' property 'Enable' on entity type 'Resource' is configured with a database-generated default. This default will always be used for inserts when the property has the value 'false', since this is the CLR default for the 'bool' type. Consider using the nullable 'bool?' type instead, so that the default will only be used for inserts when the property value is 'null'.
2023-04-19 19:19:36 [WRN] [ZQH.Abp.AuditLogging.Elasticsearch.IndexInitializer] [6688] [25] - Failed to initialize index and audit log may not be retrieved.
2023-04-19 19:19:36 [WRN] [ZQH.Abp.AuditLogging.Elasticsearch.IndexInitializer] [6688] [25] - Elasticsearch.Net.ElasticsearchClientException: The client is unable to verify that the server is Elasticsearch due to an unsuccessful product check call. Some functionality may not be compatible if the server is running an unsupported product. Call: Status code unknown from: GET /
 ---> Elasticsearch.Net.PipelineException: The client is unable to verify that the server is Elasticsearch due to an unsuccessful product check call. Some functionality may not be compatible if the server is running an unsupported product.
 ---> System.Net.Http.HttpRequestException: 由于目标计算机积极拒绝，无法连接。 (127.0.0.1:9200)
 ---> System.Net.Sockets.SocketException (10061): 由于目标计算机积极拒绝，无法连接。
   at System.Net.Sockets.Socket.AwaitableSocketAsyncEventArgs.ThrowException(SocketError error, CancellationToken cancellationToken)
   at System.Net.Sockets.Socket.AwaitableSocketAsyncEventArgs.System.Threading.Tasks.Sources.IValueTaskSource.GetResult(Int16 token)
   at System.Net.Sockets.Socket.<ConnectAsync>g__WaitForConnectWithCancellation|281_0(AwaitableSocketAsyncEventArgs saea, ValueTask connectTask, CancellationToken cancellationToken)
   at System.Net.Http.HttpConnectionPool.ConnectToTcpHostAsync(String host, Int32 port, HttpRequestMessage initialRequest, Boolean async, CancellationToken cancellationToken)
   --- End of inner exception stack trace ---
   at System.Net.Http.HttpConnectionPool.ConnectToTcpHostAsync(String host, Int32 port, HttpRequestMessage initialRequest, Boolean async, CancellationToken cancellationToken)
   at System.Net.Http.HttpConnectionPool.ConnectAsync(HttpRequestMessage request, Boolean async, CancellationToken cancellationToken)
   at System.Net.Http.HttpConnectionPool.CreateHttp11ConnectionAsync(HttpRequestMessage request, Boolean async, CancellationToken cancellationToken)
   at System.Net.Http.HttpConnectionPool.AddHttp11ConnectionAsync(QueueItem queueItem)
   at System.Threading.Tasks.TaskCompletionSourceWithCancellation`1.WaitWithCancellationAsync(CancellationToken cancellationToken)
   at System.Net.Http.HttpConnectionPool.HttpConnectionWaiter`1.WaitForConnectionAsync(Boolean async, CancellationToken requestCancellationToken)
   at System.Net.Http.HttpConnectionPool.SendWithVersionDetectionAndRetryAsync(HttpRequestMessage request, Boolean async, Boolean doRequestAuth, CancellationToken cancellationToken)
   at System.Net.Http.RedirectHandler.SendAsync(HttpRequestMessage request, Boolean async, CancellationToken cancellationToken)
   at System.Net.Http.HttpClient.<SendAsync>g__Core|83_0(HttpRequestMessage request, HttpCompletionOption completionOption, CancellationTokenSource cts, Boolean disposeCts, CancellationTokenSource pendingRequestsCts, CancellationToken originalCancellationToken)
   at Elasticsearch.Net.HttpConnection.RequestAsync[TResponse](RequestData requestData, CancellationToken cancellationToken)
   --- End of inner exception stack trace ---
   at Elasticsearch.Net.RequestPipeline.ThrowIfTransientProductCheckFailure()
   at Elasticsearch.Net.RequestPipeline.PingAsync(Node node, CancellationToken cancellationToken)
   at Elasticsearch.Net.Transport`1.PingAsync(IRequestPipeline pipeline, Node node, CancellationToken cancellationToken)
   at Elasticsearch.Net.Transport`1.RequestAsync[TResponse](HttpMethod method, String path, CancellationToken cancellationToken, PostData data, IRequestParameters requestParameters)
   --- End of inner exception stack trace ---
2023-04-19 19:19:40 [WRN] [ZQH.Abp.AuditLogging.Elasticsearch.IndexInitializer] [6688] [26] - Failed to initialize index and security log may not be retrieved.
2023-04-19 19:19:40 [WRN] [ZQH.Abp.AuditLogging.Elasticsearch.IndexInitializer] [6688] [26] - Elasticsearch.Net.ElasticsearchClientException: The client is unable to verify that the server is Elasticsearch due to an unsuccessful product check call. Some functionality may not be compatible if the server is running an unsupported product. Call: Status code unknown from: GET /
 ---> Elasticsearch.Net.PipelineException: The client is unable to verify that the server is Elasticsearch due to an unsuccessful product check call. Some functionality may not be compatible if the server is running an unsupported product.
 ---> System.Net.Http.HttpRequestException: 由于目标计算机积极拒绝，无法连接。 (127.0.0.1:9200)
 ---> System.Net.Sockets.SocketException (10061): 由于目标计算机积极拒绝，无法连接。
   at System.Net.Sockets.Socket.AwaitableSocketAsyncEventArgs.ThrowException(SocketError error, CancellationToken cancellationToken)
   at System.Net.Sockets.Socket.AwaitableSocketAsyncEventArgs.System.Threading.Tasks.Sources.IValueTaskSource.GetResult(Int16 token)
   at System.Net.Sockets.Socket.<ConnectAsync>g__WaitForConnectWithCancellation|281_0(AwaitableSocketAsyncEventArgs saea, ValueTask connectTask, CancellationToken cancellationToken)
   at System.Net.Http.HttpConnectionPool.ConnectToTcpHostAsync(String host, Int32 port, HttpRequestMessage initialRequest, Boolean async, CancellationToken cancellationToken)
   --- End of inner exception stack trace ---
   at System.Net.Http.HttpConnectionPool.ConnectToTcpHostAsync(String host, Int32 port, HttpRequestMessage initialRequest, Boolean async, CancellationToken cancellationToken)
   at System.Net.Http.HttpConnectionPool.ConnectAsync(HttpRequestMessage request, Boolean async, CancellationToken cancellationToken)
   at System.Net.Http.HttpConnectionPool.CreateHttp11ConnectionAsync(HttpRequestMessage request, Boolean async, CancellationToken cancellationToken)
   at System.Net.Http.HttpConnectionPool.AddHttp11ConnectionAsync(QueueItem queueItem)
   at System.Threading.Tasks.TaskCompletionSourceWithCancellation`1.WaitWithCancellationAsync(CancellationToken cancellationToken)
   at System.Net.Http.HttpConnectionPool.HttpConnectionWaiter`1.WaitForConnectionAsync(Boolean async, CancellationToken requestCancellationToken)
   at System.Net.Http.HttpConnectionPool.SendWithVersionDetectionAndRetryAsync(HttpRequestMessage request, Boolean async, Boolean doRequestAuth, CancellationToken cancellationToken)
   at System.Net.Http.RedirectHandler.SendAsync(HttpRequestMessage request, Boolean async, CancellationToken cancellationToken)
   at System.Net.Http.HttpClient.<SendAsync>g__Core|83_0(HttpRequestMessage request, HttpCompletionOption completionOption, CancellationTokenSource cts, Boolean disposeCts, CancellationTokenSource pendingRequestsCts, CancellationToken originalCancellationToken)
   at Elasticsearch.Net.HttpConnection.RequestAsync[TResponse](RequestData requestData, CancellationToken cancellationToken)
   --- End of inner exception stack trace ---
   at Elasticsearch.Net.RequestPipeline.ThrowIfTransientProductCheckFailure()
   at Elasticsearch.Net.RequestPipeline.PingAsync(Node node, CancellationToken cancellationToken)
   at Elasticsearch.Net.Transport`1.PingAsync(IRequestPipeline pipeline, Node node, CancellationToken cancellationToken)
   at Elasticsearch.Net.Transport`1.RequestAsync[TResponse](HttpMethod method, String path, CancellationToken cancellationToken, PostData data, IRequestParameters requestParameters)
   --- End of inner exception stack trace ---
2023-04-19 19:23:33 [WRN] [Microsoft.EntityFrameworkCore.Model.Validation] [10896] [1] - The 'bool' property 'Enable' on entity type 'Language' is configured with a database-generated default. This default will always be used for inserts when the property has the value 'false', since this is the CLR default for the 'bool' type. Consider using the nullable 'bool?' type instead, so that the default will only be used for inserts when the property value is 'null'.
2023-04-19 19:23:33 [WRN] [Microsoft.EntityFrameworkCore.Model.Validation] [10896] [1] - The 'bool' property 'Enable' on entity type 'Resource' is configured with a database-generated default. This default will always be used for inserts when the property has the value 'false', since this is the CLR default for the 'bool' type. Consider using the nullable 'bool?' type instead, so that the default will only be used for inserts when the property value is 'null'.
2023-04-19 19:23:37 [WRN] [ZQH.Abp.AuditLogging.Elasticsearch.IndexInitializer] [10896] [4] - Failed to initialize index and audit log may not be retrieved.
2023-04-19 19:23:37 [WRN] [ZQH.Abp.AuditLogging.Elasticsearch.IndexInitializer] [10896] [4] - Elasticsearch.Net.ElasticsearchClientException: The client is unable to verify that the server is Elasticsearch due to an unsuccessful product check call. Some functionality may not be compatible if the server is running an unsupported product. Call: Status code unknown from: GET /
 ---> Elasticsearch.Net.PipelineException: The client is unable to verify that the server is Elasticsearch due to an unsuccessful product check call. Some functionality may not be compatible if the server is running an unsupported product.
 ---> System.Net.Http.HttpRequestException: 由于目标计算机积极拒绝，无法连接。 (127.0.0.1:9200)
 ---> System.Net.Sockets.SocketException (10061): 由于目标计算机积极拒绝，无法连接。
   at System.Net.Sockets.Socket.AwaitableSocketAsyncEventArgs.ThrowException(SocketError error, CancellationToken cancellationToken)
   at System.Net.Sockets.Socket.AwaitableSocketAsyncEventArgs.System.Threading.Tasks.Sources.IValueTaskSource.GetResult(Int16 token)
   at System.Net.Sockets.Socket.<ConnectAsync>g__WaitForConnectWithCancellation|281_0(AwaitableSocketAsyncEventArgs saea, ValueTask connectTask, CancellationToken cancellationToken)
   at System.Net.Http.HttpConnectionPool.ConnectToTcpHostAsync(String host, Int32 port, HttpRequestMessage initialRequest, Boolean async, CancellationToken cancellationToken)
   --- End of inner exception stack trace ---
   at System.Net.Http.HttpConnectionPool.ConnectToTcpHostAsync(String host, Int32 port, HttpRequestMessage initialRequest, Boolean async, CancellationToken cancellationToken)
   at System.Net.Http.HttpConnectionPool.ConnectAsync(HttpRequestMessage request, Boolean async, CancellationToken cancellationToken)
   at System.Net.Http.HttpConnectionPool.CreateHttp11ConnectionAsync(HttpRequestMessage request, Boolean async, CancellationToken cancellationToken)
   at System.Net.Http.HttpConnectionPool.AddHttp11ConnectionAsync(QueueItem queueItem)
   at System.Threading.Tasks.TaskCompletionSourceWithCancellation`1.WaitWithCancellationAsync(CancellationToken cancellationToken)
   at System.Net.Http.HttpConnectionPool.HttpConnectionWaiter`1.WaitForConnectionAsync(Boolean async, CancellationToken requestCancellationToken)
   at System.Net.Http.HttpConnectionPool.SendWithVersionDetectionAndRetryAsync(HttpRequestMessage request, Boolean async, Boolean doRequestAuth, CancellationToken cancellationToken)
   at System.Net.Http.RedirectHandler.SendAsync(HttpRequestMessage request, Boolean async, CancellationToken cancellationToken)
   at System.Net.Http.HttpClient.<SendAsync>g__Core|83_0(HttpRequestMessage request, HttpCompletionOption completionOption, CancellationTokenSource cts, Boolean disposeCts, CancellationTokenSource pendingRequestsCts, CancellationToken originalCancellationToken)
   at Elasticsearch.Net.HttpConnection.RequestAsync[TResponse](RequestData requestData, CancellationToken cancellationToken)
   --- End of inner exception stack trace ---
   at Elasticsearch.Net.RequestPipeline.ThrowIfTransientProductCheckFailure()
   at Elasticsearch.Net.RequestPipeline.PingAsync(Node node, CancellationToken cancellationToken)
   at Elasticsearch.Net.Transport`1.PingAsync(IRequestPipeline pipeline, Node node, CancellationToken cancellationToken)
   at Elasticsearch.Net.Transport`1.RequestAsync[TResponse](HttpMethod method, String path, CancellationToken cancellationToken, PostData data, IRequestParameters requestParameters)
   --- End of inner exception stack trace ---
2023-04-19 19:23:41 [WRN] [ZQH.Abp.AuditLogging.Elasticsearch.IndexInitializer] [10896] [10] - Failed to initialize index and security log may not be retrieved.
2023-04-19 19:23:41 [WRN] [ZQH.Abp.AuditLogging.Elasticsearch.IndexInitializer] [10896] [10] - Elasticsearch.Net.ElasticsearchClientException: The client is unable to verify that the server is Elasticsearch due to an unsuccessful product check call. Some functionality may not be compatible if the server is running an unsupported product. Call: Status code unknown from: GET /
 ---> Elasticsearch.Net.PipelineException: The client is unable to verify that the server is Elasticsearch due to an unsuccessful product check call. Some functionality may not be compatible if the server is running an unsupported product.
 ---> System.Net.Http.HttpRequestException: 由于目标计算机积极拒绝，无法连接。 (127.0.0.1:9200)
 ---> System.Net.Sockets.SocketException (10061): 由于目标计算机积极拒绝，无法连接。
   at System.Net.Sockets.Socket.AwaitableSocketAsyncEventArgs.ThrowException(SocketError error, CancellationToken cancellationToken)
   at System.Net.Sockets.Socket.AwaitableSocketAsyncEventArgs.System.Threading.Tasks.Sources.IValueTaskSource.GetResult(Int16 token)
   at System.Net.Sockets.Socket.<ConnectAsync>g__WaitForConnectWithCancellation|281_0(AwaitableSocketAsyncEventArgs saea, ValueTask connectTask, CancellationToken cancellationToken)
   at System.Net.Http.HttpConnectionPool.ConnectToTcpHostAsync(String host, Int32 port, HttpRequestMessage initialRequest, Boolean async, CancellationToken cancellationToken)
   --- End of inner exception stack trace ---
   at System.Net.Http.HttpConnectionPool.ConnectToTcpHostAsync(String host, Int32 port, HttpRequestMessage initialRequest, Boolean async, CancellationToken cancellationToken)
   at System.Net.Http.HttpConnectionPool.ConnectAsync(HttpRequestMessage request, Boolean async, CancellationToken cancellationToken)
   at System.Net.Http.HttpConnectionPool.CreateHttp11ConnectionAsync(HttpRequestMessage request, Boolean async, CancellationToken cancellationToken)
   at System.Net.Http.HttpConnectionPool.AddHttp11ConnectionAsync(QueueItem queueItem)
   at System.Threading.Tasks.TaskCompletionSourceWithCancellation`1.WaitWithCancellationAsync(CancellationToken cancellationToken)
   at System.Net.Http.HttpConnectionPool.HttpConnectionWaiter`1.WaitForConnectionAsync(Boolean async, CancellationToken requestCancellationToken)
   at System.Net.Http.HttpConnectionPool.SendWithVersionDetectionAndRetryAsync(HttpRequestMessage request, Boolean async, Boolean doRequestAuth, CancellationToken cancellationToken)
   at System.Net.Http.RedirectHandler.SendAsync(HttpRequestMessage request, Boolean async, CancellationToken cancellationToken)
   at System.Net.Http.HttpClient.<SendAsync>g__Core|83_0(HttpRequestMessage request, HttpCompletionOption completionOption, CancellationTokenSource cts, Boolean disposeCts, CancellationTokenSource pendingRequestsCts, CancellationToken originalCancellationToken)
   at Elasticsearch.Net.HttpConnection.RequestAsync[TResponse](RequestData requestData, CancellationToken cancellationToken)
   --- End of inner exception stack trace ---
   at Elasticsearch.Net.RequestPipeline.ThrowIfTransientProductCheckFailure()
   at Elasticsearch.Net.RequestPipeline.PingAsync(Node node, CancellationToken cancellationToken)
   at Elasticsearch.Net.Transport`1.PingAsync(IRequestPipeline pipeline, Node node, CancellationToken cancellationToken)
   at Elasticsearch.Net.Transport`1.RequestAsync[TResponse](HttpMethod method, String path, CancellationToken cancellationToken, PostData data, IRequestParameters requestParameters)
   --- End of inner exception stack trace ---
2023-04-19 19:24:41 [WRN] [Microsoft.EntityFrameworkCore.Model.Validation] [27532] [1] - The 'bool' property 'Enable' on entity type 'Language' is configured with a database-generated default. This default will always be used for inserts when the property has the value 'false', since this is the CLR default for the 'bool' type. Consider using the nullable 'bool?' type instead, so that the default will only be used for inserts when the property value is 'null'.
2023-04-19 19:24:41 [WRN] [Microsoft.EntityFrameworkCore.Model.Validation] [27532] [1] - The 'bool' property 'Enable' on entity type 'Resource' is configured with a database-generated default. This default will always be used for inserts when the property has the value 'false', since this is the CLR default for the 'bool' type. Consider using the nullable 'bool?' type instead, so that the default will only be used for inserts when the property value is 'null'.
2023-04-19 19:24:45 [WRN] [ZQH.Abp.AuditLogging.Elasticsearch.IndexInitializer] [27532] [22] - Failed to initialize index and audit log may not be retrieved.
2023-04-19 19:24:45 [WRN] [ZQH.Abp.AuditLogging.Elasticsearch.IndexInitializer] [27532] [22] - Elasticsearch.Net.ElasticsearchClientException: The client is unable to verify that the server is Elasticsearch due to an unsuccessful product check call. Some functionality may not be compatible if the server is running an unsupported product. Call: Status code unknown from: GET /
 ---> Elasticsearch.Net.PipelineException: The client is unable to verify that the server is Elasticsearch due to an unsuccessful product check call. Some functionality may not be compatible if the server is running an unsupported product.
 ---> System.Net.Http.HttpRequestException: 由于目标计算机积极拒绝，无法连接。 (127.0.0.1:9200)
 ---> System.Net.Sockets.SocketException (10061): 由于目标计算机积极拒绝，无法连接。
   at System.Net.Sockets.Socket.AwaitableSocketAsyncEventArgs.ThrowException(SocketError error, CancellationToken cancellationToken)
   at System.Net.Sockets.Socket.AwaitableSocketAsyncEventArgs.System.Threading.Tasks.Sources.IValueTaskSource.GetResult(Int16 token)
   at System.Net.Sockets.Socket.<ConnectAsync>g__WaitForConnectWithCancellation|281_0(AwaitableSocketAsyncEventArgs saea, ValueTask connectTask, CancellationToken cancellationToken)
   at System.Net.Http.HttpConnectionPool.ConnectToTcpHostAsync(String host, Int32 port, HttpRequestMessage initialRequest, Boolean async, CancellationToken cancellationToken)
   --- End of inner exception stack trace ---
   at System.Net.Http.HttpConnectionPool.ConnectToTcpHostAsync(String host, Int32 port, HttpRequestMessage initialRequest, Boolean async, CancellationToken cancellationToken)
   at System.Net.Http.HttpConnectionPool.ConnectAsync(HttpRequestMessage request, Boolean async, CancellationToken cancellationToken)
   at System.Net.Http.HttpConnectionPool.CreateHttp11ConnectionAsync(HttpRequestMessage request, Boolean async, CancellationToken cancellationToken)
   at System.Net.Http.HttpConnectionPool.AddHttp11ConnectionAsync(QueueItem queueItem)
   at System.Threading.Tasks.TaskCompletionSourceWithCancellation`1.WaitWithCancellationAsync(CancellationToken cancellationToken)
   at System.Net.Http.HttpConnectionPool.HttpConnectionWaiter`1.WaitForConnectionAsync(Boolean async, CancellationToken requestCancellationToken)
   at System.Net.Http.HttpConnectionPool.SendWithVersionDetectionAndRetryAsync(HttpRequestMessage request, Boolean async, Boolean doRequestAuth, CancellationToken cancellationToken)
   at System.Net.Http.RedirectHandler.SendAsync(HttpRequestMessage request, Boolean async, CancellationToken cancellationToken)
   at System.Net.Http.HttpClient.<SendAsync>g__Core|83_0(HttpRequestMessage request, HttpCompletionOption completionOption, CancellationTokenSource cts, Boolean disposeCts, CancellationTokenSource pendingRequestsCts, CancellationToken originalCancellationToken)
   at Elasticsearch.Net.HttpConnection.RequestAsync[TResponse](RequestData requestData, CancellationToken cancellationToken)
   --- End of inner exception stack trace ---
   at Elasticsearch.Net.RequestPipeline.ThrowIfTransientProductCheckFailure()
   at Elasticsearch.Net.RequestPipeline.PingAsync(Node node, CancellationToken cancellationToken)
   at Elasticsearch.Net.Transport`1.PingAsync(IRequestPipeline pipeline, Node node, CancellationToken cancellationToken)
   at Elasticsearch.Net.Transport`1.RequestAsync[TResponse](HttpMethod method, String path, CancellationToken cancellationToken, PostData data, IRequestParameters requestParameters)
   --- End of inner exception stack trace ---
2023-04-19 19:24:49 [WRN] [ZQH.Abp.AuditLogging.Elasticsearch.IndexInitializer] [27532] [23] - Failed to initialize index and security log may not be retrieved.
2023-04-19 19:24:49 [WRN] [ZQH.Abp.AuditLogging.Elasticsearch.IndexInitializer] [27532] [23] - Elasticsearch.Net.ElasticsearchClientException: The client is unable to verify that the server is Elasticsearch due to an unsuccessful product check call. Some functionality may not be compatible if the server is running an unsupported product. Call: Status code unknown from: GET /
 ---> Elasticsearch.Net.PipelineException: The client is unable to verify that the server is Elasticsearch due to an unsuccessful product check call. Some functionality may not be compatible if the server is running an unsupported product.
 ---> System.Net.Http.HttpRequestException: 由于目标计算机积极拒绝，无法连接。 (127.0.0.1:9200)
 ---> System.Net.Sockets.SocketException (10061): 由于目标计算机积极拒绝，无法连接。
   at System.Net.Sockets.Socket.AwaitableSocketAsyncEventArgs.ThrowException(SocketError error, CancellationToken cancellationToken)
   at System.Net.Sockets.Socket.AwaitableSocketAsyncEventArgs.System.Threading.Tasks.Sources.IValueTaskSource.GetResult(Int16 token)
   at System.Net.Sockets.Socket.<ConnectAsync>g__WaitForConnectWithCancellation|281_0(AwaitableSocketAsyncEventArgs saea, ValueTask connectTask, CancellationToken cancellationToken)
   at System.Net.Http.HttpConnectionPool.ConnectToTcpHostAsync(String host, Int32 port, HttpRequestMessage initialRequest, Boolean async, CancellationToken cancellationToken)
   --- End of inner exception stack trace ---
   at System.Net.Http.HttpConnectionPool.ConnectToTcpHostAsync(String host, Int32 port, HttpRequestMessage initialRequest, Boolean async, CancellationToken cancellationToken)
   at System.Net.Http.HttpConnectionPool.ConnectAsync(HttpRequestMessage request, Boolean async, CancellationToken cancellationToken)
   at System.Net.Http.HttpConnectionPool.CreateHttp11ConnectionAsync(HttpRequestMessage request, Boolean async, CancellationToken cancellationToken)
   at System.Net.Http.HttpConnectionPool.AddHttp11ConnectionAsync(QueueItem queueItem)
   at System.Threading.Tasks.TaskCompletionSourceWithCancellation`1.WaitWithCancellationAsync(CancellationToken cancellationToken)
   at System.Net.Http.HttpConnectionPool.HttpConnectionWaiter`1.WaitForConnectionAsync(Boolean async, CancellationToken requestCancellationToken)
   at System.Net.Http.HttpConnectionPool.SendWithVersionDetectionAndRetryAsync(HttpRequestMessage request, Boolean async, Boolean doRequestAuth, CancellationToken cancellationToken)
   at System.Net.Http.RedirectHandler.SendAsync(HttpRequestMessage request, Boolean async, CancellationToken cancellationToken)
   at System.Net.Http.HttpClient.<SendAsync>g__Core|83_0(HttpRequestMessage request, HttpCompletionOption completionOption, CancellationTokenSource cts, Boolean disposeCts, CancellationTokenSource pendingRequestsCts, CancellationToken originalCancellationToken)
   at Elasticsearch.Net.HttpConnection.RequestAsync[TResponse](RequestData requestData, CancellationToken cancellationToken)
   --- End of inner exception stack trace ---
   at Elasticsearch.Net.RequestPipeline.ThrowIfTransientProductCheckFailure()
   at Elasticsearch.Net.RequestPipeline.PingAsync(Node node, CancellationToken cancellationToken)
   at Elasticsearch.Net.Transport`1.PingAsync(IRequestPipeline pipeline, Node node, CancellationToken cancellationToken)
   at Elasticsearch.Net.Transport`1.RequestAsync[TResponse](HttpMethod method, String path, CancellationToken cancellationToken, PostData data, IRequestParameters requestParameters)
   --- End of inner exception stack trace ---
2023-04-19 23:39:16 [WRN] [Microsoft.EntityFrameworkCore.Model.Validation] [29400] [1] - The 'bool' property 'Enable' on entity type 'Language' is configured with a database-generated default. This default will always be used for inserts when the property has the value 'false', since this is the CLR default for the 'bool' type. Consider using the nullable 'bool?' type instead, so that the default will only be used for inserts when the property value is 'null'.
2023-04-19 23:39:16 [WRN] [Microsoft.EntityFrameworkCore.Model.Validation] [29400] [1] - The 'bool' property 'Enable' on entity type 'Resource' is configured with a database-generated default. This default will always be used for inserts when the property has the value 'false', since this is the CLR default for the 'bool' type. Consider using the nullable 'bool?' type instead, so that the default will only be used for inserts when the property value is 'null'.
2023-04-19 23:39:20 [WRN] [ZQH.Abp.AuditLogging.Elasticsearch.IndexInitializer] [29400] [7] - Failed to initialize index and audit log may not be retrieved.
2023-04-19 23:39:20 [WRN] [ZQH.Abp.AuditLogging.Elasticsearch.IndexInitializer] [29400] [7] - Elasticsearch.Net.ElasticsearchClientException: The client is unable to verify that the server is Elasticsearch due to an unsuccessful product check call. Some functionality may not be compatible if the server is running an unsupported product. Call: Status code unknown from: GET /
 ---> Elasticsearch.Net.PipelineException: The client is unable to verify that the server is Elasticsearch due to an unsuccessful product check call. Some functionality may not be compatible if the server is running an unsupported product.
 ---> System.Net.Http.HttpRequestException: 由于目标计算机积极拒绝，无法连接。 (127.0.0.1:9200)
 ---> System.Net.Sockets.SocketException (10061): 由于目标计算机积极拒绝，无法连接。
   at System.Net.Sockets.Socket.AwaitableSocketAsyncEventArgs.ThrowException(SocketError error, CancellationToken cancellationToken)
   at System.Net.Sockets.Socket.AwaitableSocketAsyncEventArgs.System.Threading.Tasks.Sources.IValueTaskSource.GetResult(Int16 token)
   at System.Net.Sockets.Socket.<ConnectAsync>g__WaitForConnectWithCancellation|281_0(AwaitableSocketAsyncEventArgs saea, ValueTask connectTask, CancellationToken cancellationToken)
   at System.Net.Http.HttpConnectionPool.ConnectToTcpHostAsync(String host, Int32 port, HttpRequestMessage initialRequest, Boolean async, CancellationToken cancellationToken)
   --- End of inner exception stack trace ---
   at System.Net.Http.HttpConnectionPool.ConnectToTcpHostAsync(String host, Int32 port, HttpRequestMessage initialRequest, Boolean async, CancellationToken cancellationToken)
   at System.Net.Http.HttpConnectionPool.ConnectAsync(HttpRequestMessage request, Boolean async, CancellationToken cancellationToken)
   at System.Net.Http.HttpConnectionPool.CreateHttp11ConnectionAsync(HttpRequestMessage request, Boolean async, CancellationToken cancellationToken)
   at System.Net.Http.HttpConnectionPool.AddHttp11ConnectionAsync(QueueItem queueItem)
   at System.Threading.Tasks.TaskCompletionSourceWithCancellation`1.WaitWithCancellationAsync(CancellationToken cancellationToken)
   at System.Net.Http.HttpConnectionPool.HttpConnectionWaiter`1.WaitForConnectionAsync(Boolean async, CancellationToken requestCancellationToken)
   at System.Net.Http.HttpConnectionPool.SendWithVersionDetectionAndRetryAsync(HttpRequestMessage request, Boolean async, Boolean doRequestAuth, CancellationToken cancellationToken)
   at System.Net.Http.RedirectHandler.SendAsync(HttpRequestMessage request, Boolean async, CancellationToken cancellationToken)
   at System.Net.Http.HttpClient.<SendAsync>g__Core|83_0(HttpRequestMessage request, HttpCompletionOption completionOption, CancellationTokenSource cts, Boolean disposeCts, CancellationTokenSource pendingRequestsCts, CancellationToken originalCancellationToken)
   at Elasticsearch.Net.HttpConnection.RequestAsync[TResponse](RequestData requestData, CancellationToken cancellationToken)
   --- End of inner exception stack trace ---
   at Elasticsearch.Net.RequestPipeline.ThrowIfTransientProductCheckFailure()
   at Elasticsearch.Net.RequestPipeline.PingAsync(Node node, CancellationToken cancellationToken)
   at Elasticsearch.Net.Transport`1.PingAsync(IRequestPipeline pipeline, Node node, CancellationToken cancellationToken)
   at Elasticsearch.Net.Transport`1.RequestAsync[TResponse](HttpMethod method, String path, CancellationToken cancellationToken, PostData data, IRequestParameters requestParameters)
   --- End of inner exception stack trace ---
2023-04-19 23:39:24 [WRN] [ZQH.Abp.AuditLogging.Elasticsearch.IndexInitializer] [29400] [7] - Failed to initialize index and security log may not be retrieved.
2023-04-19 23:39:24 [WRN] [ZQH.Abp.AuditLogging.Elasticsearch.IndexInitializer] [29400] [7] - Elasticsearch.Net.ElasticsearchClientException: The client is unable to verify that the server is Elasticsearch due to an unsuccessful product check call. Some functionality may not be compatible if the server is running an unsupported product. Call: Status code unknown from: GET /
 ---> Elasticsearch.Net.PipelineException: The client is unable to verify that the server is Elasticsearch due to an unsuccessful product check call. Some functionality may not be compatible if the server is running an unsupported product.
 ---> System.Net.Http.HttpRequestException: 由于目标计算机积极拒绝，无法连接。 (127.0.0.1:9200)
 ---> System.Net.Sockets.SocketException (10061): 由于目标计算机积极拒绝，无法连接。
   at System.Net.Sockets.Socket.AwaitableSocketAsyncEventArgs.ThrowException(SocketError error, CancellationToken cancellationToken)
   at System.Net.Sockets.Socket.AwaitableSocketAsyncEventArgs.System.Threading.Tasks.Sources.IValueTaskSource.GetResult(Int16 token)
   at System.Net.Sockets.Socket.<ConnectAsync>g__WaitForConnectWithCancellation|281_0(AwaitableSocketAsyncEventArgs saea, ValueTask connectTask, CancellationToken cancellationToken)
   at System.Net.Http.HttpConnectionPool.ConnectToTcpHostAsync(String host, Int32 port, HttpRequestMessage initialRequest, Boolean async, CancellationToken cancellationToken)
   --- End of inner exception stack trace ---
   at System.Net.Http.HttpConnectionPool.ConnectToTcpHostAsync(String host, Int32 port, HttpRequestMessage initialRequest, Boolean async, CancellationToken cancellationToken)
   at System.Net.Http.HttpConnectionPool.ConnectAsync(HttpRequestMessage request, Boolean async, CancellationToken cancellationToken)
   at System.Net.Http.HttpConnectionPool.CreateHttp11ConnectionAsync(HttpRequestMessage request, Boolean async, CancellationToken cancellationToken)
   at System.Net.Http.HttpConnectionPool.AddHttp11ConnectionAsync(QueueItem queueItem)
   at System.Threading.Tasks.TaskCompletionSourceWithCancellation`1.WaitWithCancellationAsync(CancellationToken cancellationToken)
   at System.Net.Http.HttpConnectionPool.HttpConnectionWaiter`1.WaitForConnectionAsync(Boolean async, CancellationToken requestCancellationToken)
   at System.Net.Http.HttpConnectionPool.SendWithVersionDetectionAndRetryAsync(HttpRequestMessage request, Boolean async, Boolean doRequestAuth, CancellationToken cancellationToken)
   at System.Net.Http.RedirectHandler.SendAsync(HttpRequestMessage request, Boolean async, CancellationToken cancellationToken)
   at System.Net.Http.HttpClient.<SendAsync>g__Core|83_0(HttpRequestMessage request, HttpCompletionOption completionOption, CancellationTokenSource cts, Boolean disposeCts, CancellationTokenSource pendingRequestsCts, CancellationToken originalCancellationToken)
   at Elasticsearch.Net.HttpConnection.RequestAsync[TResponse](RequestData requestData, CancellationToken cancellationToken)
   --- End of inner exception stack trace ---
   at Elasticsearch.Net.RequestPipeline.ThrowIfTransientProductCheckFailure()
   at Elasticsearch.Net.RequestPipeline.PingAsync(Node node, CancellationToken cancellationToken)
   at Elasticsearch.Net.Transport`1.PingAsync(IRequestPipeline pipeline, Node node, CancellationToken cancellationToken)
   at Elasticsearch.Net.Transport`1.RequestAsync[TResponse](HttpMethod method, String path, CancellationToken cancellationToken, PostData data, IRequestParameters requestParameters)
   --- End of inner exception stack trace ---
2023-04-19 23:40:37 [WRN] [Microsoft.AspNetCore.Http.ResponseCookies] [29400] [30] - The cookie 'XSRF-TOKEN' has set 'SameSite=None' and must also set 'Secure'.
2023-04-19 23:40:58 [WRN] [Microsoft.AspNetCore.Http.ResponseCookies] [29400] [36] - The cookie 'XSRF-TOKEN' has set 'SameSite=None' and must also set 'Secure'.
