2023-04-21 00:28:08 [WRN] [Microsoft.EntityFrameworkCore.Model.Validation] [2404] [1] - The 'bool' property 'Enable' on entity type 'Language' is configured with a database-generated default. This default will always be used for inserts when the property has the value 'false', since this is the CLR default for the 'bool' type. Consider using the nullable 'bool?' type instead, so that the default will only be used for inserts when the property value is 'null'.
2023-04-21 00:28:08 [WRN] [Microsoft.EntityFrameworkCore.Model.Validation] [2404] [1] - The 'bool' property 'Enable' on entity type 'Resource' is configured with a database-generated default. This default will always be used for inserts when the property has the value 'false', since this is the CLR default for the 'bool' type. Consider using the nullable 'bool?' type instead, so that the default will only be used for inserts when the property value is 'null'.
2023-04-21 00:28:11 [WRN] [ZQH.Abp.AuditLogging.Elasticsearch.IndexInitializer] [2404] [24] - Failed to initialize index and audit log may not be retrieved.
2023-04-21 00:28:12 [WRN] [ZQH.Abp.AuditLogging.Elasticsearch.IndexInitializer] [2404] [24] - Elasticsearch.Net.ElasticsearchClientException: The client is unable to verify that the server is Elasticsearch due to an unsuccessful product check call. Some functionality may not be compatible if the server is running an unsupported product. Call: Status code unknown from: GET /
 ---> Elasticsearch.Net.PipelineException: The client is unable to verify that the server is Elasticsearch due to an unsuccessful product check call. Some functionality may not be compatible if the server is running an unsupported product.
 ---> System.Net.Http.HttpRequestException: 由于目标计算机积极拒绝，无法连接。 (127.0.0.1:9200)
 ---> System.Net.Sockets.SocketException (10061): 由于目标计算机积极拒绝，无法连接。
   at System.Net.Sockets.Socket.AwaitableSocketAsyncEventArgs.ThrowException(SocketError error, CancellationToken cancellationToken)
   at System.Net.Sockets.Socket.AwaitableSocketAsyncEventArgs.System.Threading.Tasks.Sources.IValueTaskSource.GetResult(Int16 token)
   at System.Net.Sockets.Socket.<ConnectAsync>g__WaitForConnectWithCancellation|281_0(AwaitableSocketAsyncEventArgs saea, ValueTask connectTask, CancellationToken cancellationToken)
   at System.Net.Http.HttpConnectionPool.ConnectToTcpHostAsync(String host, Int32 port, HttpRequestMessage initialRequest, Boolean async, CancellationToken cancellationToken)
   --- End of inner exception stack trace ---
   at System.Net.Http.HttpConnectionPool.ConnectToTcpHostAsync(String host, Int32 port, HttpRequestMessage initialRequest, Boolean async, CancellationToken cancellationToken)
   at System.Net.Http.HttpConnectionPool.ConnectAsync(HttpRequestMessage request, Boolean async, CancellationToken cancellationToken)
   at System.Net.Http.HttpConnectionPool.CreateHttp11ConnectionAsync(HttpRequestMessage request, Boolean async, CancellationToken cancellationToken)
   at System.Net.Http.HttpConnectionPool.AddHttp11ConnectionAsync(QueueItem queueItem)
   at System.Threading.Tasks.TaskCompletionSourceWithCancellation`1.WaitWithCancellationAsync(CancellationToken cancellationToken)
   at System.Net.Http.HttpConnectionPool.HttpConnectionWaiter`1.WaitForConnectionAsync(Boolean async, CancellationToken requestCancellationToken)
   at System.Net.Http.HttpConnectionPool.SendWithVersionDetectionAndRetryAsync(HttpRequestMessage request, Boolean async, Boolean doRequestAuth, CancellationToken cancellationToken)
   at System.Net.Http.RedirectHandler.SendAsync(HttpRequestMessage request, Boolean async, CancellationToken cancellationToken)
   at System.Net.Http.HttpClient.<SendAsync>g__Core|83_0(HttpRequestMessage request, HttpCompletionOption completionOption, CancellationTokenSource cts, Boolean disposeCts, CancellationTokenSource pendingRequestsCts, CancellationToken originalCancellationToken)
   at Elasticsearch.Net.HttpConnection.RequestAsync[TResponse](RequestData requestData, CancellationToken cancellationToken)
   --- End of inner exception stack trace ---
   at Elasticsearch.Net.RequestPipeline.ThrowIfTransientProductCheckFailure()
   at Elasticsearch.Net.RequestPipeline.PingAsync(Node node, CancellationToken cancellationToken)
   at Elasticsearch.Net.Transport`1.PingAsync(IRequestPipeline pipeline, Node node, CancellationToken cancellationToken)
   at Elasticsearch.Net.Transport`1.RequestAsync[TResponse](HttpMethod method, String path, CancellationToken cancellationToken, PostData data, IRequestParameters requestParameters)
   --- End of inner exception stack trace ---
2023-04-21 00:28:16 [WRN] [ZQH.Abp.AuditLogging.Elasticsearch.IndexInitializer] [2404] [22] - Failed to initialize index and security log may not be retrieved.
2023-04-21 00:28:16 [WRN] [ZQH.Abp.AuditLogging.Elasticsearch.IndexInitializer] [2404] [22] - Elasticsearch.Net.ElasticsearchClientException: The client is unable to verify that the server is Elasticsearch due to an unsuccessful product check call. Some functionality may not be compatible if the server is running an unsupported product. Call: Status code unknown from: GET /
 ---> Elasticsearch.Net.PipelineException: The client is unable to verify that the server is Elasticsearch due to an unsuccessful product check call. Some functionality may not be compatible if the server is running an unsupported product.
 ---> System.Net.Http.HttpRequestException: 由于目标计算机积极拒绝，无法连接。 (127.0.0.1:9200)
 ---> System.Net.Sockets.SocketException (10061): 由于目标计算机积极拒绝，无法连接。
   at System.Net.Sockets.Socket.AwaitableSocketAsyncEventArgs.ThrowException(SocketError error, CancellationToken cancellationToken)
   at System.Net.Sockets.Socket.AwaitableSocketAsyncEventArgs.System.Threading.Tasks.Sources.IValueTaskSource.GetResult(Int16 token)
   at System.Net.Sockets.Socket.<ConnectAsync>g__WaitForConnectWithCancellation|281_0(AwaitableSocketAsyncEventArgs saea, ValueTask connectTask, CancellationToken cancellationToken)
   at System.Net.Http.HttpConnectionPool.ConnectToTcpHostAsync(String host, Int32 port, HttpRequestMessage initialRequest, Boolean async, CancellationToken cancellationToken)
   --- End of inner exception stack trace ---
   at System.Net.Http.HttpConnectionPool.ConnectToTcpHostAsync(String host, Int32 port, HttpRequestMessage initialRequest, Boolean async, CancellationToken cancellationToken)
   at System.Net.Http.HttpConnectionPool.ConnectAsync(HttpRequestMessage request, Boolean async, CancellationToken cancellationToken)
   at System.Net.Http.HttpConnectionPool.CreateHttp11ConnectionAsync(HttpRequestMessage request, Boolean async, CancellationToken cancellationToken)
   at System.Net.Http.HttpConnectionPool.AddHttp11ConnectionAsync(QueueItem queueItem)
   at System.Threading.Tasks.TaskCompletionSourceWithCancellation`1.WaitWithCancellationAsync(CancellationToken cancellationToken)
   at System.Net.Http.HttpConnectionPool.HttpConnectionWaiter`1.WaitForConnectionAsync(Boolean async, CancellationToken requestCancellationToken)
   at System.Net.Http.HttpConnectionPool.SendWithVersionDetectionAndRetryAsync(HttpRequestMessage request, Boolean async, Boolean doRequestAuth, CancellationToken cancellationToken)
   at System.Net.Http.RedirectHandler.SendAsync(HttpRequestMessage request, Boolean async, CancellationToken cancellationToken)
   at System.Net.Http.HttpClient.<SendAsync>g__Core|83_0(HttpRequestMessage request, HttpCompletionOption completionOption, CancellationTokenSource cts, Boolean disposeCts, CancellationTokenSource pendingRequestsCts, CancellationToken originalCancellationToken)
   at Elasticsearch.Net.HttpConnection.RequestAsync[TResponse](RequestData requestData, CancellationToken cancellationToken)
   --- End of inner exception stack trace ---
   at Elasticsearch.Net.RequestPipeline.ThrowIfTransientProductCheckFailure()
   at Elasticsearch.Net.RequestPipeline.PingAsync(Node node, CancellationToken cancellationToken)
   at Elasticsearch.Net.Transport`1.PingAsync(IRequestPipeline pipeline, Node node, CancellationToken cancellationToken)
   at Elasticsearch.Net.Transport`1.RequestAsync[TResponse](HttpMethod method, String path, CancellationToken cancellationToken, PostData data, IRequestParameters requestParameters)
   --- End of inner exception stack trace ---
2023-04-21 00:41:18 [WRN] [Microsoft.AspNetCore.Http.ResponseCookies] [2404] [39] - The cookie 'XSRF-TOKEN' has set 'SameSite=None' and must also set 'Secure'.
2023-04-21 00:43:37 [WRN] [Volo.Abp.AspNetCore.Mvc.ExceptionHandling.AbpExceptionFilter] [2404] [50] - ---------- RemoteServiceErrorInfo ----------
{
  "code": "Volo.Authorization:010001",
  "message": "授权失败! 提供的策略尚未授予.",
  "details": null,
  "data": {},
  "validationErrors": null
}

2023-04-21 00:43:37 [WRN] [Volo.Abp.AspNetCore.Mvc.ExceptionHandling.AbpExceptionFilter] [2404] [50] - Exception of type 'Volo.Abp.Authorization.AbpAuthorizationException' was thrown.
Volo.Abp.Authorization.AbpAuthorizationException: Exception of type 'Volo.Abp.Authorization.AbpAuthorizationException' was thrown.
   at Microsoft.AspNetCore.Authorization.AbpAuthorizationServiceExtensions.CheckAsync(IAuthorizationService authorizationService, AuthorizationPolicy policy)
   at Volo.Abp.Authorization.MethodInvocationAuthorizationService.CheckAsync(MethodInvocationAuthorizationContext context)
   at Volo.Abp.Authorization.AuthorizationInterceptor.AuthorizeAsync(IAbpMethodInvocation invocation)
   at Volo.Abp.Authorization.AuthorizationInterceptor.InterceptAsync(IAbpMethodInvocation invocation)
   at Volo.Abp.Castle.DynamicProxy.CastleAsyncAbpInterceptorAdapter`1.InterceptAsync[TResult](IInvocation invocation, IInvocationProceedInfo proceedInfo, Func`3 proceed)
   at Castle.DynamicProxy.AsyncInterceptorBase.ProceedAsynchronous[TResult](IInvocation invocation, IInvocationProceedInfo proceedInfo)
   at Volo.Abp.Castle.DynamicProxy.CastleAbpMethodInvocationAdapterWithReturnValue`1.ProceedAsync()
   at Volo.Abp.Auditing.AuditingInterceptor.ProceedByLoggingAsync(IAbpMethodInvocation invocation, AbpAuditingOptions options, IAuditingHelper auditingHelper, IAuditLogScope auditLogScope)
   at Volo.Abp.Auditing.AuditingInterceptor.InterceptAsync(IAbpMethodInvocation invocation)
   at Volo.Abp.Castle.DynamicProxy.CastleAsyncAbpInterceptorAdapter`1.InterceptAsync[TResult](IInvocation invocation, IInvocationProceedInfo proceedInfo, Func`3 proceed)
   at Castle.DynamicProxy.AsyncInterceptorBase.ProceedAsynchronous[TResult](IInvocation invocation, IInvocationProceedInfo proceedInfo)
   at Volo.Abp.Castle.DynamicProxy.CastleAbpMethodInvocationAdapterWithReturnValue`1.ProceedAsync()
   at Volo.Abp.Uow.UnitOfWorkInterceptor.InterceptAsync(IAbpMethodInvocation invocation)
   at Volo.Abp.Castle.DynamicProxy.CastleAsyncAbpInterceptorAdapter`1.InterceptAsync[TResult](IInvocation invocation, IInvocationProceedInfo proceedInfo, Func`3 proceed)
   at lambda_method2054(Closure, Object)
   at Microsoft.AspNetCore.Mvc.Infrastructure.ActionMethodExecutor.AwaitableObjectResultExecutor.Execute(ActionContext actionContext, IActionResultTypeMapper mapper, ObjectMethodExecutor executor, Object controller, Object[] arguments)
   at Microsoft.AspNetCore.Mvc.Infrastructure.ControllerActionInvoker.<InvokeActionMethodAsync>g__Awaited|12_0(ControllerActionInvoker invoker, ValueTask`1 actionResultValueTask)
   at Microsoft.AspNetCore.Mvc.Infrastructure.ControllerActionInvoker.<InvokeNextActionFilterAsync>g__Awaited|10_0(ControllerActionInvoker invoker, Task lastTask, State next, Scope scope, Object state, Boolean isCompleted)
   at Microsoft.AspNetCore.Mvc.Infrastructure.ControllerActionInvoker.Rethrow(ActionExecutedContextSealed context)
   at Microsoft.AspNetCore.Mvc.Infrastructure.ControllerActionInvoker.Next(State& next, Scope& scope, Object& state, Boolean& isCompleted)
   at Microsoft.AspNetCore.Mvc.Infrastructure.ControllerActionInvoker.InvokeInnerFilterAsync()
--- End of stack trace from previous location ---
   at Microsoft.AspNetCore.Mvc.Infrastructure.ResourceInvoker.<InvokeNextExceptionFilterAsync>g__Awaited|26_0(ResourceInvoker invoker, Task lastTask, State next, Scope scope, Object state, Boolean isCompleted)
2023-04-21 00:43:37 [WRN] [Volo.Abp.AspNetCore.Mvc.ExceptionHandling.AbpExceptionFilter] [2404] [50] - Code:Volo.Authorization:010001
2023-04-21 00:43:42 [WRN] [Volo.Abp.AspNetCore.Mvc.ExceptionHandling.AbpExceptionFilter] [2404] [42] - ---------- RemoteServiceErrorInfo ----------
{
  "code": "Volo.Authorization:010001",
  "message": "授权失败! 提供的策略尚未授予.",
  "details": null,
  "data": {},
  "validationErrors": null
}

2023-04-21 00:43:42 [WRN] [Volo.Abp.AspNetCore.Mvc.ExceptionHandling.AbpExceptionFilter] [2404] [42] - Exception of type 'Volo.Abp.Authorization.AbpAuthorizationException' was thrown.
Volo.Abp.Authorization.AbpAuthorizationException: Exception of type 'Volo.Abp.Authorization.AbpAuthorizationException' was thrown.
   at Microsoft.AspNetCore.Authorization.AbpAuthorizationServiceExtensions.CheckAsync(IAuthorizationService authorizationService, AuthorizationPolicy policy)
   at Volo.Abp.Authorization.MethodInvocationAuthorizationService.CheckAsync(MethodInvocationAuthorizationContext context)
   at Volo.Abp.Authorization.AuthorizationInterceptor.AuthorizeAsync(IAbpMethodInvocation invocation)
   at Volo.Abp.Authorization.AuthorizationInterceptor.InterceptAsync(IAbpMethodInvocation invocation)
   at Volo.Abp.Castle.DynamicProxy.CastleAsyncAbpInterceptorAdapter`1.InterceptAsync[TResult](IInvocation invocation, IInvocationProceedInfo proceedInfo, Func`3 proceed)
   at Castle.DynamicProxy.AsyncInterceptorBase.ProceedAsynchronous[TResult](IInvocation invocation, IInvocationProceedInfo proceedInfo)
   at Volo.Abp.Castle.DynamicProxy.CastleAbpMethodInvocationAdapterWithReturnValue`1.ProceedAsync()
   at Volo.Abp.Auditing.AuditingInterceptor.ProceedByLoggingAsync(IAbpMethodInvocation invocation, AbpAuditingOptions options, IAuditingHelper auditingHelper, IAuditLogScope auditLogScope)
   at Volo.Abp.Auditing.AuditingInterceptor.InterceptAsync(IAbpMethodInvocation invocation)
   at Volo.Abp.Castle.DynamicProxy.CastleAsyncAbpInterceptorAdapter`1.InterceptAsync[TResult](IInvocation invocation, IInvocationProceedInfo proceedInfo, Func`3 proceed)
   at Castle.DynamicProxy.AsyncInterceptorBase.ProceedAsynchronous[TResult](IInvocation invocation, IInvocationProceedInfo proceedInfo)
   at Volo.Abp.Castle.DynamicProxy.CastleAbpMethodInvocationAdapterWithReturnValue`1.ProceedAsync()
   at Volo.Abp.Uow.UnitOfWorkInterceptor.InterceptAsync(IAbpMethodInvocation invocation)
   at Volo.Abp.Castle.DynamicProxy.CastleAsyncAbpInterceptorAdapter`1.InterceptAsync[TResult](IInvocation invocation, IInvocationProceedInfo proceedInfo, Func`3 proceed)
   at lambda_method2054(Closure, Object)
   at Microsoft.AspNetCore.Mvc.Infrastructure.ActionMethodExecutor.AwaitableObjectResultExecutor.Execute(ActionContext actionContext, IActionResultTypeMapper mapper, ObjectMethodExecutor executor, Object controller, Object[] arguments)
   at Microsoft.AspNetCore.Mvc.Infrastructure.ControllerActionInvoker.<InvokeActionMethodAsync>g__Awaited|12_0(ControllerActionInvoker invoker, ValueTask`1 actionResultValueTask)
   at Microsoft.AspNetCore.Mvc.Infrastructure.ControllerActionInvoker.<InvokeNextActionFilterAsync>g__Awaited|10_0(ControllerActionInvoker invoker, Task lastTask, State next, Scope scope, Object state, Boolean isCompleted)
   at Microsoft.AspNetCore.Mvc.Infrastructure.ControllerActionInvoker.Rethrow(ActionExecutedContextSealed context)
   at Microsoft.AspNetCore.Mvc.Infrastructure.ControllerActionInvoker.Next(State& next, Scope& scope, Object& state, Boolean& isCompleted)
   at Microsoft.AspNetCore.Mvc.Infrastructure.ControllerActionInvoker.InvokeInnerFilterAsync()
--- End of stack trace from previous location ---
   at Microsoft.AspNetCore.Mvc.Infrastructure.ResourceInvoker.<InvokeNextExceptionFilterAsync>g__Awaited|26_0(ResourceInvoker invoker, Task lastTask, State next, Scope scope, Object state, Boolean isCompleted)
2023-04-21 00:43:42 [WRN] [Volo.Abp.AspNetCore.Mvc.ExceptionHandling.AbpExceptionFilter] [2404] [42] - Code:Volo.Authorization:010001
2023-04-21 00:48:23 [WRN] [Volo.Abp.AspNetCore.Mvc.ExceptionHandling.AbpExceptionFilter] [2404] [48] - ---------- RemoteServiceErrorInfo ----------
{
  "code": "Volo.Authorization:010001",
  "message": "Authorization failed! Given policy has not granted.",
  "details": null,
  "data": {},
  "validationErrors": null
}

2023-04-21 00:48:23 [WRN] [Volo.Abp.AspNetCore.Mvc.ExceptionHandling.AbpExceptionFilter] [2404] [48] - Exception of type 'Volo.Abp.Authorization.AbpAuthorizationException' was thrown.
Volo.Abp.Authorization.AbpAuthorizationException: Exception of type 'Volo.Abp.Authorization.AbpAuthorizationException' was thrown.
   at Microsoft.AspNetCore.Authorization.AbpAuthorizationServiceExtensions.CheckAsync(IAuthorizationService authorizationService, AuthorizationPolicy policy)
   at Volo.Abp.Authorization.MethodInvocationAuthorizationService.CheckAsync(MethodInvocationAuthorizationContext context)
   at Volo.Abp.Authorization.AuthorizationInterceptor.AuthorizeAsync(IAbpMethodInvocation invocation)
   at Volo.Abp.Authorization.AuthorizationInterceptor.InterceptAsync(IAbpMethodInvocation invocation)
   at Volo.Abp.Castle.DynamicProxy.CastleAsyncAbpInterceptorAdapter`1.InterceptAsync[TResult](IInvocation invocation, IInvocationProceedInfo proceedInfo, Func`3 proceed)
   at Castle.DynamicProxy.AsyncInterceptorBase.ProceedAsynchronous[TResult](IInvocation invocation, IInvocationProceedInfo proceedInfo)
   at Volo.Abp.Castle.DynamicProxy.CastleAbpMethodInvocationAdapterWithReturnValue`1.ProceedAsync()
   at Volo.Abp.Auditing.AuditingInterceptor.ProceedByLoggingAsync(IAbpMethodInvocation invocation, AbpAuditingOptions options, IAuditingHelper auditingHelper, IAuditLogScope auditLogScope)
   at Volo.Abp.Auditing.AuditingInterceptor.InterceptAsync(IAbpMethodInvocation invocation)
   at Volo.Abp.Castle.DynamicProxy.CastleAsyncAbpInterceptorAdapter`1.InterceptAsync[TResult](IInvocation invocation, IInvocationProceedInfo proceedInfo, Func`3 proceed)
   at Castle.DynamicProxy.AsyncInterceptorBase.ProceedAsynchronous[TResult](IInvocation invocation, IInvocationProceedInfo proceedInfo)
   at Volo.Abp.Castle.DynamicProxy.CastleAbpMethodInvocationAdapterWithReturnValue`1.ProceedAsync()
   at Volo.Abp.Uow.UnitOfWorkInterceptor.InterceptAsync(IAbpMethodInvocation invocation)
   at Volo.Abp.Castle.DynamicProxy.CastleAsyncAbpInterceptorAdapter`1.InterceptAsync[TResult](IInvocation invocation, IInvocationProceedInfo proceedInfo, Func`3 proceed)
   at lambda_method2054(Closure, Object)
   at Microsoft.AspNetCore.Mvc.Infrastructure.ActionMethodExecutor.AwaitableObjectResultExecutor.Execute(ActionContext actionContext, IActionResultTypeMapper mapper, ObjectMethodExecutor executor, Object controller, Object[] arguments)
   at Microsoft.AspNetCore.Mvc.Infrastructure.ControllerActionInvoker.<InvokeActionMethodAsync>g__Awaited|12_0(ControllerActionInvoker invoker, ValueTask`1 actionResultValueTask)
   at Microsoft.AspNetCore.Mvc.Infrastructure.ControllerActionInvoker.<InvokeNextActionFilterAsync>g__Awaited|10_0(ControllerActionInvoker invoker, Task lastTask, State next, Scope scope, Object state, Boolean isCompleted)
   at Microsoft.AspNetCore.Mvc.Infrastructure.ControllerActionInvoker.Rethrow(ActionExecutedContextSealed context)
   at Microsoft.AspNetCore.Mvc.Infrastructure.ControllerActionInvoker.Next(State& next, Scope& scope, Object& state, Boolean& isCompleted)
   at Microsoft.AspNetCore.Mvc.Infrastructure.ControllerActionInvoker.InvokeInnerFilterAsync()
--- End of stack trace from previous location ---
   at Microsoft.AspNetCore.Mvc.Infrastructure.ResourceInvoker.<InvokeNextExceptionFilterAsync>g__Awaited|26_0(ResourceInvoker invoker, Task lastTask, State next, Scope scope, Object state, Boolean isCompleted)
2023-04-21 00:48:23 [WRN] [Volo.Abp.AspNetCore.Mvc.ExceptionHandling.AbpExceptionFilter] [2404] [48] - Code:Volo.Authorization:010001
2023-04-21 00:56:17 [WRN] [Microsoft.AspNetCore.Http.ResponseCookies] [2404] [35] - The cookie 'XSRF-TOKEN' has set 'SameSite=None' and must also set 'Secure'.
2023-04-21 00:56:19 [WRN] [Microsoft.AspNetCore.Http.ResponseCookies] [2404] [31] - The cookie 'XSRF-TOKEN' has set 'SameSite=None' and must also set 'Secure'.
2023-04-21 00:57:13 [WRN] [Microsoft.AspNetCore.Http.ResponseCookies] [2404] [31] - The cookie 'XSRF-TOKEN' has set 'SameSite=None' and must also set 'Secure'.
2023-04-21 01:00:03 [WRN] [Microsoft.AspNetCore.Http.ResponseCookies] [2404] [29] - The cookie 'XSRF-TOKEN' has set 'SameSite=None' and must also set 'Secure'.
2023-04-21 17:44:28 [WRN] [Microsoft.AspNetCore.Http.ResponseCookies] [2404] [54] - The cookie 'XSRF-TOKEN' has set 'SameSite=None' and must also set 'Secure'.
2023-04-21 18:13:23 [WRN] [Microsoft.AspNetCore.Http.ResponseCookies] [2404] [86] - The cookie 'XSRF-TOKEN' has set 'SameSite=None' and must also set 'Secure'.
2023-04-21 18:13:34 [WRN] [Microsoft.AspNetCore.Http.ResponseCookies] [2404] [93] - The cookie 'XSRF-TOKEN' has set 'SameSite=None' and must also set 'Secure'.
2023-04-21 18:16:09 [WRN] [Microsoft.AspNetCore.Http.ResponseCookies] [2404] [90] - The cookie 'XSRF-TOKEN' has set 'SameSite=None' and must also set 'Secure'.
2023-04-21 18:16:20 [WRN] [Microsoft.AspNetCore.Http.ResponseCookies] [2404] [87] - The cookie 'XSRF-TOKEN' has set 'SameSite=None' and must also set 'Secure'.
2023-04-21 18:16:32 [WRN] [Microsoft.AspNetCore.Http.ResponseCookies] [2404] [89] - The cookie 'XSRF-TOKEN' has set 'SameSite=None' and must also set 'Secure'.
2023-04-21 18:21:08 [WRN] [Microsoft.AspNetCore.Http.ResponseCookies] [2404] [88] - The cookie 'XSRF-TOKEN' has set 'SameSite=None' and must also set 'Secure'.
2023-04-21 18:21:08 [WRN] [Microsoft.AspNetCore.Http.ResponseCookies] [2404] [82] - The cookie 'XSRF-TOKEN' has set 'SameSite=None' and must also set 'Secure'.
2023-04-21 19:27:11 [WRN] [Microsoft.AspNetCore.Http.ResponseCookies] [2404] [49] - The cookie 'XSRF-TOKEN' has set 'SameSite=None' and must also set 'Secure'.
2023-04-21 19:27:11 [WRN] [Microsoft.AspNetCore.Http.ResponseCookies] [2404] [52] - The cookie 'XSRF-TOKEN' has set 'SameSite=None' and must also set 'Secure'.
2023-04-21 19:27:13 [WRN] [Microsoft.AspNetCore.Http.ResponseCookies] [2404] [53] - The cookie 'XSRF-TOKEN' has set 'SameSite=None' and must also set 'Secure'.
2023-04-21 20:13:20 [WRN] [Microsoft.AspNetCore.Http.ResponseCookies] [2404] [33] - The cookie 'XSRF-TOKEN' has set 'SameSite=None' and must also set 'Secure'.
2023-04-21 20:13:20 [WRN] [Microsoft.AspNetCore.Http.ResponseCookies] [2404] [33] - The cookie 'XSRF-TOKEN' has set 'SameSite=None' and must also set 'Secure'.
2023-04-21 20:32:17 [WRN] [Microsoft.AspNetCore.Http.ResponseCookies] [2404] [95] - The cookie 'XSRF-TOKEN' has set 'SameSite=None' and must also set 'Secure'.
2023-04-21 20:32:32 [WRN] [Microsoft.AspNetCore.Http.ResponseCookies] [2404] [44] - The cookie 'XSRF-TOKEN' has set 'SameSite=None' and must also set 'Secure'.
2023-04-21 20:33:08 [WRN] [Microsoft.AspNetCore.Http.ResponseCookies] [2404] [93] - The cookie 'XSRF-TOKEN' has set 'SameSite=None' and must also set 'Secure'.
2023-04-21 20:33:20 [WRN] [Microsoft.AspNetCore.Http.ResponseCookies] [2404] [93] - The cookie 'XSRF-TOKEN' has set 'SameSite=None' and must also set 'Secure'.
2023-04-21 20:37:50 [WRN] [Microsoft.AspNetCore.Http.ResponseCookies] [2404] [119] - The cookie 'XSRF-TOKEN' has set 'SameSite=None' and must also set 'Secure'.
2023-04-21 20:40:19 [WRN] [Microsoft.AspNetCore.Http.ResponseCookies] [2404] [132] - The cookie 'XSRF-TOKEN' has set 'SameSite=None' and must also set 'Secure'.
2023-04-21 21:19:55 [WRN] [Microsoft.AspNetCore.Http.ResponseCookies] [2404] [59] - The cookie 'XSRF-TOKEN' has set 'SameSite=None' and must also set 'Secure'.
2023-04-21 21:44:20 [WRN] [Microsoft.AspNetCore.Http.ResponseCookies] [2404] [52] - The cookie 'XSRF-TOKEN' has set 'SameSite=None' and must also set 'Secure'.
2023-04-21 21:44:20 [WRN] [Microsoft.AspNetCore.Http.ResponseCookies] [2404] [46] - The cookie 'XSRF-TOKEN' has set 'SameSite=None' and must also set 'Secure'.
2023-04-21 21:44:32 [WRN] [Microsoft.AspNetCore.Http.ResponseCookies] [2404] [100] - The cookie 'XSRF-TOKEN' has set 'SameSite=None' and must also set 'Secure'.
2023-04-21 23:55:44 [WRN] [Microsoft.AspNetCore.Http.ResponseCookies] [2404] [50] - The cookie 'XSRF-TOKEN' has set 'SameSite=None' and must also set 'Secure'.
2023-04-21 23:55:50 [WRN] [Microsoft.AspNetCore.Http.ResponseCookies] [2404] [98] - The cookie 'XSRF-TOKEN' has set 'SameSite=None' and must also set 'Secure'.
2023-04-21 23:56:32 [WRN] [Microsoft.AspNetCore.Http.ResponseCookies] [2404] [50] - The cookie 'XSRF-TOKEN' has set 'SameSite=None' and must also set 'Secure'.
2023-04-21 23:58:59 [WRN] [Microsoft.AspNetCore.Http.ResponseCookies] [2404] [42] - The cookie 'XSRF-TOKEN' has set 'SameSite=None' and must also set 'Secure'.
